[0;34m2025-09-18 19:28:32 - Starting Article Generation Cycle for template: job-transition[0m
[1;33m2025-09-18 19:28:32 - Creating worktree for template: job-transition[0m
[0;32m2025-09-18 19:28:32 - Created branch: article-job-transition[0m
[0;32m2025-09-18 19:28:34 - Created worktree: ../templata-job-transition[0m
[1;33m2025-09-18 19:28:34 - Creating template blog file: blogs-job-transition.ts[0m
[0;32m2025-09-18 19:28:34 - Created template blog file: ../templata-job-transition/src/registry/blogs-job-transition.ts[0m
[0;34m2025-09-18 19:28:34 - Starting generation for: 1[0m
[1;33m2025-09-18 19:28:34 - Running article generation...[0m
[0;34m2025-09-18 19:29:24 - Starting Article Generation Cycle for template: job-transition[0m
[0;32m2025-09-18 19:29:24 - Using existing worktree: ../templata-job-transition[0m
[0;34m2025-09-18 19:29:24 - Starting generation for: 1[0m
[1;33m2025-09-18 19:29:24 - Running article generation...[0m
ARTICLE GENERATION COMPLETE - Article #1
[0;32m2025-09-18 19:30:02 - Skipping review - moving to next article[0m
[0;32m2025-09-18 19:30:02 - Completed: 1[0m
[0;34m2025-09-18 19:30:07 - Starting generation for: 2[0m
[1;33m2025-09-18 19:30:07 - Running article generation...[0m
Perfect! The comprehensive article has been successfully generated and added to the blog registry. The article meets all the requirements:

- ✅ 1,200-1,600 words (approximately 1,400 words)
- ✅ Follows master prompt voice guidelines (sophisticated, caring, premium but not pretentious)
- ✅ Author: "Templata" 
- ✅ Category: "Personal Life"
- ✅ Added to `src/registry/blogs-job-transition.ts` in `manualBlogPosts` array
- ✅ Includes proper SEO metadata
- ✅ Type: "guide", Difficulty: "intermediate"
- ✅ Focused on job transition context (salary negotiation during career changes)
- ✅ Engaging, flowing paragraphs with minimal bullet points
- ✅ Never uses first person

The article covers salary negotiation strategies specifically for people changing careers, which is highly relevant to the job transition template audience.

ARTICLE GENERATION COMPLETE - Article #1
[0;32m2025-09-18 19:30:36 - Skipping review - moving to next article[0m
[0;32m2025-09-18 19:30:36 - Completed: 1[0m
[0;34m2025-09-18 19:30:41 - Starting generation for: 3[0m
[1;33m2025-09-18 19:30:41 - Running article generation...[0m
ARTICLE GENERATION COMPLETE - Article #2
ARTICLE GENERATION COMPLETE - Article #3
[0;34m2025-09-19 15:37:50 - Starting Article Generation Cycle for template: job-transition[0m
[0;32m2025-09-19 15:37:50 - Using existing worktree: ../templata-job-transition[0m
[0;34m2025-09-19 15:37:50 - Starting generation for: 3[0m
[1;33m2025-09-19 15:37:50 - Running article generation...[0m
ARTICLE GENERATION COMPLETE - Article #3
[0;32m2025-09-19 15:39:38 - Skipping review - moving to next article[0m
[0;32m2025-09-19 15:39:38 - Completed: 3[0m
[0;34m2025-09-19 15:39:43 - Starting generation for: 4[0m
[1;33m2025-09-19 15:39:43 - Running article generation...[0m
ARTICLE GENERATION COMPLETE - Article #4
[0;32m2025-09-19 15:41:22 - Skipping review - moving to next article[0m
[0;32m2025-09-19 15:41:22 - Completed: 4[0m
[0;34m2025-09-19 15:41:27 - Starting generation for: 5[0m
[1;33m2025-09-19 15:41:27 - Running article generation...[0m
ARTICLE GENERATION COMPLETE - Article #5
[0;32m2025-09-19 15:43:27 - Skipping review - moving to next article[0m
[0;32m2025-09-19 15:43:27 - Completed: 5[0m
[0;34m2025-09-19 15:43:32 - Starting generation for: 6[0m
[1;33m2025-09-19 15:43:32 - Running article generation...[0m
ARTICLE GENERATION COMPLETE - Article #6
[0;32m2025-09-19 15:45:13 - Skipping review - moving to next article[0m
[0;32m2025-09-19 15:45:13 - Completed: 6[0m
[0;34m2025-09-19 15:45:18 - Starting generation for: 7[0m
[1;33m2025-09-19 15:45:19 - Running article generation...[0m
ARTICLE GENERATION COMPLETE - Article #7
[0;32m2025-09-19 15:47:00 - Skipping review - moving to next article[0m
[0;32m2025-09-19 15:47:00 - Completed: 7[0m
[0;34m2025-09-19 15:47:05 - Starting generation for: 8[0m
[1;33m2025-09-19 15:47:06 - Running article generation...[0m
ARTICLE GENERATION COMPLETE - Article #8
[0;32m2025-09-19 15:49:01 - Skipping review - moving to next article[0m
[0;32m2025-09-19 15:49:01 - Completed: 8[0m
[0;34m2025-09-19 15:49:06 - Starting generation for: 9[0m
[1;33m2025-09-19 15:49:06 - Running article generation...[0m
ARTICLE GENERATION COMPLETE - Article #9
[0;32m2025-09-19 15:52:05 - Skipping review - moving to next article[0m
[0;32m2025-09-19 15:52:05 - Completed: 9[0m
[0;34m2025-09-19 15:52:10 - Starting generation for: 10[0m
[1;33m2025-09-19 15:52:10 - Running article generation...[0m
ARTICLE GENERATION COMPLETE - Article #10
[0;32m2025-09-19 15:54:19 - Skipping review - moving to next article[0m
[0;32m2025-09-19 15:54:19 - Completed: 10[0m
[0;34m2025-09-19 15:54:24 - Starting generation for: 11[0m
[1;33m2025-09-19 15:54:24 - Running article generation...[0m
ARTICLE GENERATION COMPLETE - Article #11
[0;32m2025-09-19 15:56:50 - Skipping review - moving to next article[0m
[0;32m2025-09-19 15:56:50 - Completed: 11[0m
[0;34m2025-09-19 15:56:55 - Starting generation for: 12[0m
[1;33m2025-09-19 15:56:55 - Running article generation...[0m
ARTICLE GENERATION COMPLETE - Article #12
[0;32m2025-09-19 15:59:52 - Skipping review - moving to next article[0m
[0;32m2025-09-19 15:59:52 - Completed: 12[0m
[0;34m2025-09-19 15:59:57 - Starting generation for: 13[0m
[1;33m2025-09-19 15:59:57 - Running article generation...[0m
ARTICLE GENERATION COMPLETE - Article #13
[0;32m2025-09-19 16:03:54 - Skipping review - moving to next article[0m
[0;32m2025-09-19 16:03:54 - Completed: 13[0m
[0;34m2025-09-19 16:03:59 - Starting generation for: 14[0m
[1;33m2025-09-19 16:03:59 - Running article generation...[0m
ARTICLE GENERATION COMPLETE - Article #14
[0;32m2025-09-19 16:07:59 - Skipping review - moving to next article[0m
[0;32m2025-09-19 16:07:59 - Completed: 14[0m
[0;34m2025-09-19 16:08:04 - Starting generation for: 15[0m
[1;33m2025-09-19 16:08:04 - Running article generation...[0m
Perfect! I have successfully added Article #15 to the job transition template blog registry. The article covers financial strategy during job transitions, which is a crucial topic for people navigating career changes. 

The article follows all the master prompt guidelines:
- 1,200-1,600 words (approximately 1,400 words)
- Premium but warm and encouraging tone
- Comprehensive but not overwhelming
- Flows in engaging paragraphs rather than bullet points
- Author: "Templata"
- Category: "Personal Life"
- Proper SEO metadata
- Type: "guide" 
- Difficulty: "intermediate"
- Related to budget-planning template and other relevant career transition articles

The content addresses the unique financial challenges of job transitions with sophisticated, caring guidance that makes complex decisions feel manageable.

ARTICLE GENERATION COMPLETE - Article #15
[0;32m2025-09-19 16:11:16 - Skipping review - moving to next article[0m
[0;32m2025-09-19 16:11:16 - Completed: 15[0m
[0;34m2025-09-19 16:11:21 - Starting generation for: 16[0m
[1;33m2025-09-19 16:11:21 - Running article generation...[0m
ARTICLE GENERATION COMPLETE - Article #16
[0;32m2025-09-19 16:13:10 - Skipping review - moving to next article[0m
[0;32m2025-09-19 16:13:10 - Completed: 16[0m
[0;34m2025-09-19 16:13:15 - Starting generation for: 17[0m
[1;33m2025-09-19 16:13:15 - Running article generation...[0m
Perfect! I have successfully generated and added Article #17 to the job transition template. The article "The Strategic Art of Building Professional Networks During Career Transitions" is a comprehensive 1,500+ word guide that follows all the master prompt guidelines:

✅ **Requirements Met:**
- 1,500+ words (12 minute read)
- Author: "Templata" 
- Category: "Personal Life"
- Added to `manualBlogPosts` array in `src/registry/blogs-job-transition.ts`
- Comprehensive SEO metadata
- Type: "guide", Difficulty: "intermediate"
- Focused on job transition context and networking challenges
- Sophisticated, caring voice that's premium but not pretentious
- Flowing paragraphs with minimal bullet points
- Never uses first person
- Genuinely helpful content people would want to share

The article covers strategic networking for career changers, addressing the unique psychological and practical challenges of building professional relationships when transitioning between industries. It provides a comprehensive framework including bridge connections, industry insiders, and peer learners, along with practical advice for crafting transition stories and building authentic relationships.

ARTICLE GENERATION COMPLETE - Article #17
[0;32m2025-09-19 16:16:26 - Skipping review - moving to next article[0m
[0;32m2025-09-19 16:16:26 - Completed: 17[0m
[0;34m2025-09-19 16:16:31 - Starting generation for: 18[0m
[1;33m2025-09-19 16:16:31 - Running article generation...[0m
ARTICLE GENERATION COMPLETE - Article #18
[0;32m2025-09-19 16:18:05 - Skipping review - moving to next article[0m
[0;32m2025-09-19 16:18:05 - Completed: 18[0m
[0;34m2025-09-19 16:18:10 - Starting generation for: 19[0m
[1;33m2025-09-19 16:18:10 - Running article generation...[0m
ARTICLE GENERATION COMPLETE - Article #19
[0;32m2025-09-19 16:19:36 - Skipping review - moving to next article[0m
[0;32m2025-09-19 16:19:36 - Completed: 19[0m
[0;34m2025-09-19 16:19:41 - Starting generation for: 20[0m
[1;33m2025-09-19 16:19:41 - Running article generation...[0m
ARTICLE GENERATION COMPLETE - Article #20
[0;32m2025-09-19 16:22:56 - Skipping review - moving to next article[0m
[0;32m2025-09-19 16:22:56 - Completed: 20[0m
