[0;34m2025-09-16 15:18:15 - Starting Article Generation Cycle for template: small-business[0m
[1;33m2025-09-16 15:18:15 - Creating worktree for template: small-business[0m
[0;32m2025-09-16 15:18:15 - Created branch: article-small-business[0m
[0;32m2025-09-16 15:18:17 - Created worktree: ../templata-small-business[0m
[0;34m2025-09-16 15:18:17 - Starting generation for: 1[0m
[1;33m2025-09-16 15:18:17 - Running article generation...[0m
ARTICLE GENERATION COMPLETE - Article #1
[0;32m2025-09-16 15:20:11 - Skipping review - moving to next article[0m
[0;32m2025-09-16 15:20:11 - Completed: 1[0m
[0;34m2025-09-16 15:20:16 - Starting generation for: 2[0m
[1;33m2025-09-16 15:20:16 - Running article generation...[0m
ARTICLE GENERATION COMPLETE - Article #2
[0;32m2025-09-16 15:22:51 - Skipping review - moving to next article[0m
[0;32m2025-09-16 15:22:51 - Completed: 2[0m
[0;34m2025-09-16 15:22:56 - Starting generation for: 3[0m
[1;33m2025-09-16 15:22:56 - Running article generation...[0m
ARTICLE GENERATION COMPLETE - Article #3
[0;32m2025-09-16 15:28:29 - Skipping review - moving to next article[0m
[0;32m2025-09-16 15:28:29 - Completed: 3[0m
[0;34m2025-09-16 15:28:34 - Starting generation for: 4[0m
[1;33m2025-09-16 15:28:34 - Running article generation...[0m
