[0;34m2025-09-18 12:34:11 - Starting Article Generation Cycle for template: downsizing-decisions[0m
[1;33m2025-09-18 12:34:11 - Creating worktree for template: downsizing-decisions[0m
[0;32m2025-09-18 12:34:11 - Created branch: article-downsizing-decisions[0m
[0;32m2025-09-18 12:34:13 - Created worktree: ../templata-downsizing-decisions[0m
[1;33m2025-09-18 12:34:13 - Creating template blog file: blogs-downsizing-decisions.ts[0m
[0;32m2025-09-18 12:34:13 - Created template blog file: ../templata-downsizing-decisions/src/registry/blogs-downsizing-decisions.ts[0m
[0;34m2025-09-18 12:34:13 - Starting generation for: 1[0m
[1;33m2025-09-18 12:34:13 - Running article generation...[0m
ARTICLE GENERATION COMPLETE - Article #1
[0;32m2025-09-18 12:35:50 - Skipping review - moving to next article[0m
[0;32m2025-09-18 12:35:50 - Completed: 1[0m
[0;34m2025-09-18 12:35:55 - Starting generation for: 2[0m
[1;33m2025-09-18 12:35:55 - Running article generation...[0m
ARTICLE GENERATION COMPLETE - Article #2
[0;32m2025-09-18 12:37:23 - Skipping review - moving to next article[0m
[0;32m2025-09-18 12:37:23 - Completed: 2[0m
[0;34m2025-09-18 12:37:29 - Starting generation for: 3[0m
[1;33m2025-09-18 12:37:29 - Running article generation...[0m
ARTICLE GENERATION COMPLETE - Article #3
[0;32m2025-09-18 12:39:21 - Skipping review - moving to next article[0m
[0;32m2025-09-18 12:39:21 - Completed: 3[0m
[0;34m2025-09-18 12:39:26 - Starting generation for: 4[0m
[1;33m2025-09-18 12:39:26 - Running article generation...[0m
ARTICLE GENERATION COMPLETE - Article #4
[0;32m2025-09-18 12:41:22 - Skipping review - moving to next article[0m
[0;32m2025-09-18 12:41:22 - Completed: 4[0m
[0;34m2025-09-18 12:41:27 - Starting generation for: 5[0m
[1;33m2025-09-18 12:41:27 - Running article generation...[0m
ARTICLE GENERATION COMPLETE - Article #5
[0;32m2025-09-18 12:43:34 - Skipping review - moving to next article[0m
[0;32m2025-09-18 12:43:34 - Completed: 5[0m
[0;34m2025-09-18 12:43:39 - Starting generation for: 6[0m
[1;33m2025-09-18 12:43:39 - Running article generation...[0m
ARTICLE GENERATION COMPLETE - Article #6
[0;32m2025-09-18 12:45:56 - Skipping review - moving to next article[0m
[0;32m2025-09-18 12:45:56 - Completed: 6[0m
[0;34m2025-09-18 12:46:01 - Starting generation for: 7[0m
[1;33m2025-09-18 12:46:01 - Running article generation...[0m
ARTICLE GENERATION COMPLETE - Article #7
[0;32m2025-09-18 12:48:25 - Skipping review - moving to next article[0m
[0;32m2025-09-18 12:48:25 - Completed: 7[0m
[0;34m2025-09-18 12:48:30 - Starting generation for: 8[0m
[1;33m2025-09-18 12:48:30 - Running article generation...[0m
ARTICLE GENERATION COMPLETE - Article #8
[0;32m2025-09-18 12:51:49 - Skipping review - moving to next article[0m
[0;32m2025-09-18 12:51:49 - Completed: 8[0m
[0;34m2025-09-18 12:51:54 - Starting generation for: 9[0m
[1;33m2025-09-18 12:51:54 - Running article generation...[0m
ARTICLE GENERATION COMPLETE - Article #9
[0;32m2025-09-18 12:56:31 - Skipping review - moving to next article[0m
[0;32m2025-09-18 12:56:31 - Completed: 9[0m
[0;34m2025-09-18 12:56:36 - Starting generation for: 10[0m
[1;33m2025-09-18 12:56:36 - Running article generation...[0m
ARTICLE GENERATION COMPLETE - Article #10
[0;32m2025-09-18 12:59:37 - Skipping review - moving to next article[0m
[0;32m2025-09-18 12:59:37 - Completed: 10[0m
[0;34m2025-09-18 12:59:42 - Starting generation for: 11[0m
[1;33m2025-09-18 12:59:42 - Running article generation...[0m
ARTICLE GENERATION COMPLETE - Article #11
[0;32m2025-09-18 13:01:37 - Skipping review - moving to next article[0m
[0;32m2025-09-18 13:01:37 - Completed: 11[0m
[0;34m2025-09-18 13:01:42 - Starting generation for: 12[0m
[1;33m2025-09-18 13:01:42 - Running article generation...[0m
ARTICLE GENERATION COMPLETE - Article #12
[0;32m2025-09-18 13:03:20 - Skipping review - moving to next article[0m
[0;32m2025-09-18 13:03:20 - Completed: 12[0m
[0;34m2025-09-18 13:03:25 - Starting generation for: 13[0m
[1;33m2025-09-18 13:03:25 - Running article generation...[0m
ARTICLE GENERATION COMPLETE - Article #13
[0;32m2025-09-18 13:04:56 - Skipping review - moving to next article[0m
[0;32m2025-09-18 13:04:56 - Completed: 13[0m
[0;34m2025-09-18 13:05:01 - Starting generation for: 14[0m
[1;33m2025-09-18 13:05:01 - Running article generation...[0m
ARTICLE GENERATION COMPLETE - Article #14
[0;32m2025-09-18 13:08:17 - Skipping review - moving to next article[0m
[0;32m2025-09-18 13:08:17 - Completed: 14[0m
[0;34m2025-09-18 13:08:23 - Starting generation for: 15[0m
[1;33m2025-09-18 13:08:23 - Running article generation...[0m
ARTICLE GENERATION COMPLETE - Article #15
[0;32m2025-09-18 13:11:19 - Skipping review - moving to next article[0m
[0;32m2025-09-18 13:11:19 - Completed: 15[0m
[0;34m2025-09-18 13:11:24 - Starting generation for: 16[0m
[1;33m2025-09-18 13:11:24 - Running article generation...[0m
ARTICLE GENERATION COMPLETE - Article #16
[0;32m2025-09-18 13:13:42 - Skipping review - moving to next article[0m
[0;32m2025-09-18 13:13:42 - Completed: 16[0m
[0;34m2025-09-18 13:13:47 - Starting generation for: 17[0m
[1;33m2025-09-18 13:13:47 - Running article generation...[0m
ARTICLE GENERATION COMPLETE - Article #17
[0;32m2025-09-18 13:18:32 - Skipping review - moving to next article[0m
[0;32m2025-09-18 13:18:32 - Completed: 17[0m
[0;34m2025-09-18 13:18:37 - Starting generation for: 18[0m
[1;33m2025-09-18 13:18:37 - Running article generation...[0m
ARTICLE GENERATION COMPLETE - Article #18
[0;32m2025-09-18 13:20:17 - Skipping review - moving to next article[0m
[0;32m2025-09-18 13:20:17 - Completed: 18[0m
[0;34m2025-09-18 13:20:22 - Starting generation for: 19[0m
[1;33m2025-09-18 13:20:22 - Running article generation...[0m
ARTICLE GENERATION COMPLETE - Article #19
[0;32m2025-09-18 13:23:40 - Skipping review - moving to next article[0m
[0;32m2025-09-18 13:23:40 - Completed: 19[0m
[0;34m2025-09-18 13:23:45 - Starting generation for: 20[0m
[1;33m2025-09-18 13:23:45 - Running article generation...[0m
ARTICLE GENERATION COMPLETE - Article #20
[0;32m2025-09-18 13:26:54 - Skipping review - moving to next article[0m
[0;32m2025-09-18 13:26:54 - Completed: 20[0m
[0;34m2025-09-19 13:31:24 - Starting Article Generation Cycle for template: downsizing-decisions[0m
[0;32m2025-09-19 13:31:24 - Using existing worktree: ../templata-downsizing-decisions[0m
