[0;34m2025-09-17 16:06:37 - Starting Article Generation Cycle for template: chronic-illness[0m
[0;32m2025-09-17 16:06:37 - Using existing worktree: ../templata-chronic-illness[0m
[1;33m2025-09-17 16:06:37 - Creating template blog file: blogs-chronic-illness.ts[0m
[0;32m2025-09-17 16:06:38 - Created template blog file: ../templata-chronic-illness/src/registry/blogs-chronic-illness.ts[0m
[0;34m2025-09-17 16:06:38 - Starting generation for: 1[0m
[1;33m2025-09-17 16:06:38 - Running article generation...[0m
API Error: Connection error.
[0;32m2025-09-17 18:08:42 - Skipping review - moving to next article[0m
[0;32m2025-09-17 18:08:42 - Completed: 1[0m
[0;34m2025-09-17 18:08:47 - Starting generation for: 2[0m
[1;33m2025-09-17 18:08:48 - Running article generation...[0m
[0;34m2025-09-17 18:51:06 - Starting Article Generation Cycle for template: chronic-illness[0m
[0;32m2025-09-17 18:51:06 - Using existing worktree: ../templata-chronic-illness[0m
[0;34m2025-09-17 18:51:06 - Starting generation for: 2[0m
[1;33m2025-09-17 18:51:06 - Running article generation...[0m
ARTICLE GENERATION COMPLETE - Article #2
[0;32m2025-09-17 18:52:08 - Skipping review - moving to next article[0m
[0;32m2025-09-17 18:52:08 - Completed: 2[0m
[0;34m2025-09-17 18:52:13 - Starting generation for: 3[0m
[1;33m2025-09-17 18:52:13 - Running article generation...[0m
ARTICLE GENERATION COMPLETE - Article #3
[0;32m2025-09-17 18:53:16 - Skipping review - moving to next article[0m
[0;32m2025-09-17 18:53:16 - Completed: 3[0m
[0;34m2025-09-17 18:53:21 - Starting generation for: 4[0m
[1;33m2025-09-17 18:53:21 - Running article generation...[0m
ARTICLE GENERATION COMPLETE - Article #4
[0;32m2025-09-17 18:54:44 - Skipping review - moving to next article[0m
[0;32m2025-09-17 18:54:44 - Completed: 4[0m
[0;34m2025-09-17 18:54:49 - Starting generation for: 5[0m
[1;33m2025-09-17 18:54:49 - Running article generation...[0m
ARTICLE GENERATION COMPLETE - Article #5
[0;32m2025-09-17 18:56:17 - Skipping review - moving to next article[0m
[0;32m2025-09-17 18:56:17 - Completed: 5[0m
[0;34m2025-09-17 18:56:23 - Starting generation for: 6[0m
[1;33m2025-09-17 18:56:23 - Running article generation...[0m
ARTICLE GENERATION COMPLETE - Article #6
[0;32m2025-09-17 18:57:42 - Skipping review - moving to next article[0m
[0;32m2025-09-17 18:57:42 - Completed: 6[0m
[0;34m2025-09-17 18:57:47 - Starting generation for: 7[0m
[1;33m2025-09-17 18:57:47 - Running article generation...[0m
ARTICLE GENERATION COMPLETE - Article #7
[0;32m2025-09-17 18:59:29 - Skipping review - moving to next article[0m
[0;32m2025-09-17 18:59:29 - Completed: 7[0m
[0;34m2025-09-17 18:59:34 - Starting generation for: 8[0m
[1;33m2025-09-17 18:59:34 - Running article generation...[0m
ARTICLE GENERATION COMPLETE - Article #8
[0;32m2025-09-17 19:01:08 - Skipping review - moving to next article[0m
[0;32m2025-09-17 19:01:08 - Completed: 8[0m
[0;34m2025-09-17 19:01:13 - Starting generation for: 9[0m
[1;33m2025-09-17 19:01:13 - Running article generation...[0m
ARTICLE GENERATION COMPLETE - Article #9
[0;32m2025-09-17 19:02:45 - Skipping review - moving to next article[0m
[0;32m2025-09-17 19:02:45 - Completed: 9[0m
[0;34m2025-09-17 19:02:50 - Starting generation for: 10[0m
[1;33m2025-09-17 19:02:50 - Running article generation...[0m
ARTICLE GENERATION COMPLETE - Article #10
[0;32m2025-09-17 19:04:27 - Skipping review - moving to next article[0m
[0;32m2025-09-17 19:04:27 - Completed: 10[0m
[0;34m2025-09-17 19:04:32 - Starting generation for: 11[0m
[1;33m2025-09-17 19:04:32 - Running article generation...[0m
ARTICLE GENERATION COMPLETE - Article #11
[0;32m2025-09-17 19:06:36 - Skipping review - moving to next article[0m
[0;32m2025-09-17 19:06:36 - Completed: 11[0m
[0;34m2025-09-17 19:06:41 - Starting generation for: 12[0m
[1;33m2025-09-17 19:06:41 - Running article generation...[0m
ARTICLE GENERATION COMPLETE - Article #12
[0;32m2025-09-17 19:10:41 - Skipping review - moving to next article[0m
[0;32m2025-09-17 19:10:41 - Completed: 12[0m
[0;34m2025-09-17 19:10:46 - Starting generation for: 13[0m
[1;33m2025-09-17 19:10:46 - Running article generation...[0m
ARTICLE GENERATION COMPLETE - Article #13
[0;32m2025-09-17 19:13:37 - Skipping review - moving to next article[0m
[0;32m2025-09-17 19:13:37 - Completed: 13[0m
[0;34m2025-09-17 19:13:42 - Starting generation for: 14[0m
[1;33m2025-09-17 19:13:43 - Running article generation...[0m
ARTICLE GENERATION COMPLETE - Article #14
[0;32m2025-09-17 19:15:30 - Skipping review - moving to next article[0m
[0;32m2025-09-17 19:15:30 - Completed: 14[0m
[0;34m2025-09-17 19:15:35 - Starting generation for: 15[0m
[1;33m2025-09-17 19:15:35 - Running article generation...[0m
ARTICLE GENERATION COMPLETE - Article #15
[0;32m2025-09-17 19:18:32 - Skipping review - moving to next article[0m
[0;32m2025-09-17 19:18:32 - Completed: 15[0m
[0;34m2025-09-17 19:18:37 - Starting generation for: 16[0m
[1;33m2025-09-17 19:18:37 - Running article generation...[0m
ARTICLE GENERATION COMPLETE - Article #16
[0;32m2025-09-17 19:21:42 - Skipping review - moving to next article[0m
[0;32m2025-09-17 19:21:42 - Completed: 16[0m
[0;34m2025-09-17 19:21:48 - Starting generation for: 17[0m
[1;33m2025-09-17 19:21:48 - Running article generation...[0m
ARTICLE GENERATION COMPLETE - Article #17
[0;32m2025-09-17 19:23:37 - Skipping review - moving to next article[0m
[0;32m2025-09-17 19:23:37 - Completed: 17[0m
[0;34m2025-09-17 19:23:42 - Starting generation for: 18[0m
[1;33m2025-09-17 19:23:42 - Running article generation...[0m
ARTICLE GENERATION COMPLETE - Article #18
[0;32m2025-09-17 19:25:16 - Skipping review - moving to next article[0m
[0;32m2025-09-17 19:25:16 - Completed: 18[0m
[0;34m2025-09-17 19:25:21 - Starting generation for: 19[0m
[1;33m2025-09-17 19:25:21 - Running article generation...[0m
ARTICLE GENERATION COMPLETE - Article #19
[0;32m2025-09-17 19:26:58 - Skipping review - moving to next article[0m
[0;32m2025-09-17 19:26:58 - Completed: 19[0m
[0;34m2025-09-17 19:27:03 - Starting generation for: 20[0m
[1;33m2025-09-17 19:27:03 - Running article generation...[0m
ARTICLE GENERATION COMPLETE - Article #20
[0;32m2025-09-17 19:29:01 - Skipping review - moving to next article[0m
[0;32m2025-09-17 19:29:01 - Completed: 20[0m
