[0;34m2025-09-18 19:28:32 - Starting Article Generation Cycle for template: internship-competition[0m
[1;33m2025-09-18 19:28:32 - Creating worktree for template: internship-competition[0m
[0;32m2025-09-18 19:28:32 - Created branch: article-internship-competition[0m
[0;32m2025-09-18 19:28:34 - Created worktree: ../templata-internship-competition[0m
[1;33m2025-09-18 19:28:34 - Creating template blog file: blogs-internship-competition.ts[0m
[0;32m2025-09-18 19:28:34 - Created template blog file: ../templata-internship-competition/src/registry/blogs-internship-competition.ts[0m
[0;34m2025-09-18 19:28:34 - Starting generation for: 1[0m
[1;33m2025-09-18 19:28:34 - Running article generation...[0m
[0;34m2025-09-18 19:29:24 - Starting Article Generation Cycle for template: internship-competition[0m
[0;32m2025-09-18 19:29:24 - Using existing worktree: ../templata-internship-competition[0m
[0;34m2025-09-18 19:29:24 - Starting generation for: 1[0m
[1;33m2025-09-18 19:29:24 - Running article generation...[0m
ARTICLE GENERATION COMPLETE - Article #1
[0;32m2025-09-18 19:30:06 - Skipping review - moving to next article[0m
[0;32m2025-09-18 19:30:06 - Completed: 1[0m
[0;34m2025-09-18 19:30:11 - Starting generation for: 2[0m
[1;33m2025-09-18 19:30:11 - Running article generation...[0m
ARTICLE GENERATION COMPLETE - Article #2
ARTICLE GENERATION COMPLETE - Article #1
[0;34m2025-09-19 15:37:50 - Starting Article Generation Cycle for template: internship-competition[0m
[0;32m2025-09-19 15:37:50 - Using existing worktree: ../templata-internship-competition[0m
[0;34m2025-09-19 15:37:50 - Starting generation for: 2[0m
[1;33m2025-09-19 15:37:50 - Running article generation...[0m
ARTICLE GENERATION COMPLETE - Article #2
[0;32m2025-09-19 15:39:32 - Skipping review - moving to next article[0m
[0;32m2025-09-19 15:39:32 - Completed: 2[0m
[0;34m2025-09-19 15:39:37 - Starting generation for: 3[0m
[1;33m2025-09-19 15:39:37 - Running article generation...[0m
ARTICLE GENERATION COMPLETE - Article #3
[0;32m2025-09-19 15:41:09 - Skipping review - moving to next article[0m
[0;32m2025-09-19 15:41:09 - Completed: 3[0m
[0;34m2025-09-19 15:41:14 - Starting generation for: 4[0m
[1;33m2025-09-19 15:41:14 - Running article generation...[0m
ARTICLE GENERATION COMPLETE - Article #4
[0;32m2025-09-19 15:42:43 - Skipping review - moving to next article[0m
[0;32m2025-09-19 15:42:43 - Completed: 4[0m
[0;34m2025-09-19 15:42:48 - Starting generation for: 5[0m
[1;33m2025-09-19 15:42:48 - Running article generation...[0m
ARTICLE GENERATION COMPLETE - Article #5
[0;32m2025-09-19 15:44:25 - Skipping review - moving to next article[0m
[0;32m2025-09-19 15:44:25 - Completed: 5[0m
[0;34m2025-09-19 15:44:30 - Starting generation for: 6[0m
[1;33m2025-09-19 15:44:30 - Running article generation...[0m
ARTICLE GENERATION COMPLETE - Article #6
[0;32m2025-09-19 15:46:03 - Skipping review - moving to next article[0m
[0;32m2025-09-19 15:46:03 - Completed: 6[0m
[0;34m2025-09-19 15:46:08 - Starting generation for: 7[0m
[1;33m2025-09-19 15:46:08 - Running article generation...[0m
ARTICLE GENERATION COMPLETE - Article #7
[0;32m2025-09-19 15:47:40 - Skipping review - moving to next article[0m
[0;32m2025-09-19 15:47:40 - Completed: 7[0m
[0;34m2025-09-19 15:47:45 - Starting generation for: 8[0m
[1;33m2025-09-19 15:47:45 - Running article generation...[0m
ARTICLE GENERATION COMPLETE - Article #8
[0;32m2025-09-19 15:49:19 - Skipping review - moving to next article[0m
[0;32m2025-09-19 15:49:19 - Completed: 8[0m
[0;34m2025-09-19 15:49:24 - Starting generation for: 9[0m
[1;33m2025-09-19 15:49:24 - Running article generation...[0m
ARTICLE GENERATION COMPLETE - Article #9
[0;32m2025-09-19 15:50:46 - Skipping review - moving to next article[0m
[0;32m2025-09-19 15:50:46 - Completed: 9[0m
[0;34m2025-09-19 15:50:51 - Starting generation for: 10[0m
[1;33m2025-09-19 15:50:51 - Running article generation...[0m
ARTICLE GENERATION COMPLETE - Article #10
[0;32m2025-09-19 15:53:07 - Skipping review - moving to next article[0m
[0;32m2025-09-19 15:53:07 - Completed: 10[0m
[0;34m2025-09-19 15:53:12 - Starting generation for: 11[0m
[1;33m2025-09-19 15:53:12 - Running article generation...[0m
Perfect! I have successfully generated and added Article #11 to the internship competition template. The article follows all the requirements:

- **1,400+ words** (comprehensive guide within the 1,200-1,600 word range)
- **Author: "Templata"**
- **Category: "Personal Life"**
- **Added to manualBlogPosts array** in the registry file
- **Proper SEO metadata** with title, description, and og image
- **Type: "guide"** and **difficulty: "intermediate"**
- **Relevant topic** for internship competition context: portfolio development
- **Strategic, sophisticated voice** following the master prompt guidelines
- **Flows in engaging paragraphs** rather than bullet points
- **Genuinely helpful content** about building impressive portfolio projects

The article addresses a real pain point for students competing for internships - moving beyond generic tutorial projects to create work that actually demonstrates business intelligence and technical sophistication.

ARTICLE GENERATION COMPLETE - Article #11
[0;32m2025-09-19 15:55:37 - Skipping review - moving to next article[0m
[0;32m2025-09-19 15:55:37 - Completed: 11[0m
[0;34m2025-09-19 15:55:42 - Starting generation for: 12[0m
[1;33m2025-09-19 15:55:42 - Running article generation...[0m
ARTICLE GENERATION COMPLETE - Article #12
[0;32m2025-09-19 15:58:04 - Skipping review - moving to next article[0m
[0;32m2025-09-19 15:58:04 - Completed: 12[0m
[0;34m2025-09-19 15:58:09 - Starting generation for: 13[0m
[1;33m2025-09-19 15:58:09 - Running article generation...[0m
ARTICLE GENERATION COMPLETE - Article #13
[0;32m2025-09-19 16:00:35 - Skipping review - moving to next article[0m
[0;32m2025-09-19 16:00:35 - Completed: 13[0m
[0;34m2025-09-19 16:00:40 - Starting generation for: 14[0m
[1;33m2025-09-19 16:00:40 - Running article generation...[0m
ARTICLE GENERATION COMPLETE - Article #14
[0;32m2025-09-19 16:02:08 - Skipping review - moving to next article[0m
[0;32m2025-09-19 16:02:08 - Completed: 14[0m
[0;34m2025-09-19 16:02:13 - Starting generation for: 15[0m
[1;33m2025-09-19 16:02:13 - Running article generation...[0m
ARTICLE GENERATION COMPLETE - Article #15
[0;32m2025-09-19 16:04:41 - Skipping review - moving to next article[0m
[0;32m2025-09-19 16:04:41 - Completed: 15[0m
[0;34m2025-09-19 16:04:46 - Starting generation for: 16[0m
[1;33m2025-09-19 16:04:46 - Running article generation...[0m
ARTICLE GENERATION COMPLETE - Article #16
[0;32m2025-09-19 16:06:17 - Skipping review - moving to next article[0m
[0;32m2025-09-19 16:06:17 - Completed: 16[0m
[0;34m2025-09-19 16:06:22 - Starting generation for: 17[0m
[1;33m2025-09-19 16:06:22 - Running article generation...[0m
ARTICLE GENERATION COMPLETE - Article #17
[0;32m2025-09-19 16:09:22 - Skipping review - moving to next article[0m
[0;32m2025-09-19 16:09:22 - Completed: 17[0m
[0;34m2025-09-19 16:09:28 - Starting generation for: 18[0m
[1;33m2025-09-19 16:09:28 - Running article generation...[0m
ARTICLE GENERATION COMPLETE - Article #18
[0;32m2025-09-19 16:10:59 - Skipping review - moving to next article[0m
[0;32m2025-09-19 16:10:59 - Completed: 18[0m
[0;34m2025-09-19 16:11:04 - Starting generation for: 19[0m
[1;33m2025-09-19 16:11:04 - Running article generation...[0m
ARTICLE GENERATION COMPLETE - Article #19
[0;32m2025-09-19 16:12:15 - Skipping review - moving to next article[0m
[0;32m2025-09-19 16:12:15 - Completed: 19[0m
[0;34m2025-09-19 16:12:20 - Starting generation for: 20[0m
[1;33m2025-09-19 16:12:20 - Running article generation...[0m
ARTICLE GENERATION COMPLETE - Article #20
[0;32m2025-09-19 16:13:39 - Skipping review - moving to next article[0m
[0;32m2025-09-19 16:13:39 - Completed: 20[0m
