[0;34m2025-09-18 19:28:32 - Starting Article Generation Cycle for template: job-loss-navigation[0m
[1;33m2025-09-18 19:28:32 - Creating worktree for template: job-loss-navigation[0m
[0;32m2025-09-18 19:28:32 - Created branch: article-job-loss-navigation[0m
[0;32m2025-09-18 19:28:34 - Created worktree: ../templata-job-loss-navigation[0m
[1;33m2025-09-18 19:28:34 - Creating template blog file: blogs-job-loss-navigation.ts[0m
[0;32m2025-09-18 19:28:34 - Created template blog file: ../templata-job-loss-navigation/src/registry/blogs-job-loss-navigation.ts[0m
[0;34m2025-09-18 19:28:34 - Starting generation for: 1[0m
[1;33m2025-09-18 19:28:34 - Running article generation...[0m
[0;34m2025-09-18 19:29:24 - Starting Article Generation Cycle for template: job-loss-navigation[0m
[0;32m2025-09-18 19:29:24 - Using existing worktree: ../templata-job-loss-navigation[0m
[0;34m2025-09-18 19:29:24 - Starting generation for: 1[0m
[1;33m2025-09-18 19:29:24 - Running article generation...[0m
ARTICLE GENERATION COMPLETE - Article #1
[0;32m2025-09-18 19:29:46 - Skipping review - moving to next article[0m
[0;32m2025-09-18 19:29:46 - Completed: 1[0m
[0;34m2025-09-18 19:29:51 - Starting generation for: 2[0m
[1;33m2025-09-18 19:29:51 - Running article generation...[0m
ARTICLE GENERATION COMPLETE - Article #2
ARTICLE GENERATION COMPLETE - Article #1
[0;34m2025-09-19 15:37:50 - Starting Article Generation Cycle for template: job-loss-navigation[0m
[0;32m2025-09-19 15:37:50 - Using existing worktree: ../templata-job-loss-navigation[0m
[0;34m2025-09-19 15:37:50 - Starting generation for: 2[0m
[1;33m2025-09-19 15:37:50 - Running article generation...[0m
ARTICLE GENERATION COMPLETE - Article #2
[0;32m2025-09-19 15:39:33 - Skipping review - moving to next article[0m
[0;32m2025-09-19 15:39:33 - Completed: 2[0m
[0;34m2025-09-19 15:39:38 - Starting generation for: 3[0m
[1;33m2025-09-19 15:39:38 - Running article generation...[0m
ARTICLE GENERATION COMPLETE - Article #3
[0;32m2025-09-19 15:41:18 - Skipping review - moving to next article[0m
[0;32m2025-09-19 15:41:18 - Completed: 3[0m
[0;34m2025-09-19 15:41:23 - Starting generation for: 4[0m
[1;33m2025-09-19 15:41:23 - Running article generation...[0m
ARTICLE GENERATION COMPLETE - Article #4
[0;32m2025-09-19 15:43:22 - Skipping review - moving to next article[0m
[0;32m2025-09-19 15:43:22 - Completed: 4[0m
[0;34m2025-09-19 15:43:27 - Starting generation for: 5[0m
[1;33m2025-09-19 15:43:27 - Running article generation...[0m
ARTICLE GENERATION COMPLETE - Article #5
[0;32m2025-09-19 15:45:24 - Skipping review - moving to next article[0m
[0;32m2025-09-19 15:45:24 - Completed: 5[0m
[0;34m2025-09-19 15:45:29 - Starting generation for: 6[0m
[1;33m2025-09-19 15:45:29 - Running article generation...[0m
ARTICLE GENERATION COMPLETE - Article #6
[0;32m2025-09-19 15:47:23 - Skipping review - moving to next article[0m
[0;32m2025-09-19 15:47:23 - Completed: 6[0m
[0;34m2025-09-19 15:47:29 - Starting generation for: 7[0m
[1;33m2025-09-19 15:47:29 - Running article generation...[0m
ARTICLE GENERATION COMPLETE - Article #7
[0;32m2025-09-19 15:49:25 - Skipping review - moving to next article[0m
[0;32m2025-09-19 15:49:25 - Completed: 7[0m
[0;34m2025-09-19 15:49:30 - Starting generation for: 8[0m
[1;33m2025-09-19 15:49:30 - Running article generation...[0m
ARTICLE GENERATION COMPLETE - Article #8
[0;32m2025-09-19 15:52:34 - Skipping review - moving to next article[0m
[0;32m2025-09-19 15:52:34 - Completed: 8[0m
[0;34m2025-09-19 15:52:39 - Starting generation for: 9[0m
[1;33m2025-09-19 15:52:39 - Running article generation...[0m
ARTICLE GENERATION COMPLETE - Article #9
[0;32m2025-09-19 15:55:30 - Skipping review - moving to next article[0m
[0;32m2025-09-19 15:55:30 - Completed: 9[0m
[0;34m2025-09-19 15:55:35 - Starting generation for: 10[0m
[1;33m2025-09-19 15:55:35 - Running article generation...[0m
ARTICLE GENERATION COMPLETE - Article #10
[0;32m2025-09-19 15:58:39 - Skipping review - moving to next article[0m
[0;32m2025-09-19 15:58:39 - Completed: 10[0m
[0;34m2025-09-19 15:58:44 - Starting generation for: 11[0m
[1;33m2025-09-19 15:58:44 - Running article generation...[0m
ARTICLE GENERATION COMPLETE - Article #11
[0;32m2025-09-19 16:01:22 - Skipping review - moving to next article[0m
[0;32m2025-09-19 16:01:22 - Completed: 11[0m
[0;34m2025-09-19 16:01:27 - Starting generation for: 12[0m
[1;33m2025-09-19 16:01:27 - Running article generation...[0m
Perfect! I've successfully generated and added Article #12 to the job loss navigation template. The article is a comprehensive 1,400+ word guide on "Negotiating Severance and Exit Terms: Your Complete Guide to Protecting Your Future" that follows all the master prompt guidelines:

- **Word count**: 1,400+ words (12-minute read)
- **Voice & character**: Sophisticated, caring, and genuinely helpful tone
- **Structure**: Flowing paragraphs with minimal bullet points
- **Author**: "Templata"
- **Category**: "Personal Life"
- **Content focus**: Directly addresses job loss navigation needs with practical, actionable advice
- **Type & difficulty**: Guide, intermediate level
- **SEO optimization**: Complete metadata with relevant keywords
- **Related content**: Proper connections to other relevant articles

The article covers critical aspects of severance negotiation that people facing job loss need to understand, including what's negotiable beyond just money, timing strategies, building compelling cases, managing emotional dynamics, protecting professional reputation, and creating win-win solutions.

ARTICLE GENERATION COMPLETE - Article #12
[0;32m2025-09-19 16:05:45 - Skipping review - moving to next article[0m
[0;32m2025-09-19 16:05:45 - Completed: 12[0m
[0;34m2025-09-19 16:05:50 - Starting generation for: 13[0m
[1;33m2025-09-19 16:05:50 - Running article generation...[0m
ARTICLE GENERATION COMPLETE - Article #13
[0;32m2025-09-19 16:07:44 - Skipping review - moving to next article[0m
[0;32m2025-09-19 16:07:44 - Completed: 13[0m
[0;34m2025-09-19 16:07:49 - Starting generation for: 14[0m
[1;33m2025-09-19 16:07:49 - Running article generation...[0m
ARTICLE GENERATION COMPLETE - Article #14
[0;32m2025-09-19 16:09:23 - Skipping review - moving to next article[0m
[0;32m2025-09-19 16:09:23 - Completed: 14[0m
[0;34m2025-09-19 16:09:28 - Starting generation for: 15[0m
[1;33m2025-09-19 16:09:28 - Running article generation...[0m
Perfect! I've successfully added Article #15 to the job loss navigation template. The article "Emergency Financial Planning for Unemployment: Making Every Dollar Count" is a comprehensive 1,400+ word guide that follows all the master prompt requirements:

- **Word count**: 1,400+ words (11 min read)
- **Voice**: Sophisticated, caring, and encouraging tone
- **Author**: "Templata" 
- **Category**: "Personal Life"
- **Type**: "guide"
- **Difficulty**: "intermediate"
- **Content**: Focused on practical financial strategies for unemployment
- **Structure**: Flowing paragraphs with minimal bullet points
- **SEO**: Complete metadata with title, description, and og image
- **Related content**: Properly linked to existing articles

The article covers essential financial planning topics for people navigating job loss, including emergency budgeting, unemployment benefits, expense reduction strategies, temporary income opportunities, healthcare considerations, and long-term financial protection.

ARTICLE GENERATION COMPLETE - Article #15
[0;32m2025-09-19 16:12:21 - Skipping review - moving to next article[0m
[0;32m2025-09-19 16:12:21 - Completed: 15[0m
[0;34m2025-09-19 16:12:26 - Starting generation for: 16[0m
[1;33m2025-09-19 16:12:26 - Running article generation...[0m
ARTICLE GENERATION COMPLETE - Article #16
[0;32m2025-09-19 16:14:06 - Skipping review - moving to next article[0m
[0;32m2025-09-19 16:14:06 - Completed: 16[0m
[0;34m2025-09-19 16:14:11 - Starting generation for: 17[0m
[1;33m2025-09-19 16:14:11 - Running article generation...[0m
ARTICLE GENERATION COMPLETE - Article #17
[0;32m2025-09-19 16:17:25 - Skipping review - moving to next article[0m
[0;32m2025-09-19 16:17:25 - Completed: 17[0m
[0;34m2025-09-19 16:17:30 - Starting generation for: 18[0m
[1;33m2025-09-19 16:17:30 - Running article generation...[0m
ARTICLE GENERATION COMPLETE - Article #18
[0;32m2025-09-19 16:19:54 - Skipping review - moving to next article[0m
[0;32m2025-09-19 16:19:54 - Completed: 18[0m
[0;34m2025-09-19 16:19:59 - Starting generation for: 19[0m
[1;33m2025-09-19 16:19:59 - Running article generation...[0m
Perfect! I have successfully created Article #19 for the job loss navigation template. The article "Managing Financial Stress During Unemployment: Mental Health Meets Money Management" has been added to the manualBlogPosts array in the registry file.

The article:
- Is 1,450 words (falls within the 1,200-1,600 word requirement)
- Follows the master prompt voice and character guidelines with a sophisticated, caring tone
- Is authored by "Templata" 
- Is categorized as "Personal Life"
- Has proper SEO metadata including title, description, and OG image
- Is classified as a "guide" with "intermediate" difficulty
- Focuses specifically on job loss navigation context and needs
- Addresses the crucial topic of managing financial stress and anxiety during unemployment
- Uses flowing, engaging paragraphs instead of bullet points as specified
- Never uses first person ("I", "my", "we")
- Maintains the sophisticated but accessible tone that makes complex topics feel manageable

The article covers the intersection of mental health and financial management during job loss, which is a critical topic that complements the existing articles in the registry.

ARTICLE GENERATION COMPLETE - Article #19
[0;32m2025-09-19 16:22:32 - Skipping review - moving to next article[0m
[0;32m2025-09-19 16:22:32 - Completed: 19[0m
[0;34m2025-09-19 16:22:37 - Starting generation for: 20[0m
[1;33m2025-09-19 16:22:37 - Running article generation...[0m
ARTICLE GENERATION COMPLETE - Article #20
[0;32m2025-09-19 16:24:22 - Skipping review - moving to next article[0m
[0;32m2025-09-19 16:24:22 - Completed: 20[0m
