[0;34m2025-09-17 22:37:13 - Starting Article Generation Cycle for template: music-learning[0m
[0;32m2025-09-17 22:37:13 - Using existing worktree: ../templata-music-learning[0m
[1;33m2025-09-17 22:37:13 - Creating template blog file: blogs-music-learning.ts[0m
[0;32m2025-09-17 22:37:13 - Created template blog file: ../templata-music-learning/src/registry/blogs-music-learning.ts[0m
[0;34m2025-09-17 22:37:13 - Starting generation for: 1[0m
[1;33m2025-09-17 22:37:13 - Running article generation...[0m
ARTICLE GENERATION COMPLETE - Article #1
[0;32m2025-09-17 22:38:29 - Skipping review - moving to next article[0m
[0;32m2025-09-17 22:38:29 - Completed: 1[0m
[0;34m2025-09-17 22:38:34 - Starting generation for: 2[0m
[1;33m2025-09-17 22:38:34 - Running article generation...[0m
ARTICLE GENERATION COMPLETE - Article #2
[0;32m2025-09-17 22:39:42 - Skipping review - moving to next article[0m
[0;32m2025-09-17 22:39:42 - Completed: 2[0m
[0;34m2025-09-17 22:39:47 - Starting generation for: 3[0m
[1;33m2025-09-17 22:39:47 - Running article generation...[0m
ARTICLE GENERATION COMPLETE - Article #3
[0;32m2025-09-17 22:41:21 - Skipping review - moving to next article[0m
[0;32m2025-09-17 22:41:21 - Completed: 3[0m
[0;34m2025-09-17 22:41:26 - Starting generation for: 4[0m
[1;33m2025-09-17 22:41:26 - Running article generation...[0m
ARTICLE GENERATION COMPLETE - Article #4
[0;32m2025-09-17 22:42:47 - Skipping review - moving to next article[0m
[0;32m2025-09-17 22:42:47 - Completed: 4[0m
[0;34m2025-09-17 22:42:52 - Starting generation for: 5[0m
[1;33m2025-09-17 22:42:52 - Running article generation...[0m
ARTICLE GENERATION COMPLETE - Article #5
[0;32m2025-09-17 22:44:19 - Skipping review - moving to next article[0m
[0;32m2025-09-17 22:44:19 - Completed: 5[0m
[0;34m2025-09-17 22:44:24 - Starting generation for: 6[0m
[1;33m2025-09-17 22:44:24 - Running article generation...[0m
ARTICLE GENERATION COMPLETE - Article #6
[0;32m2025-09-17 22:45:57 - Skipping review - moving to next article[0m
[0;32m2025-09-17 22:45:57 - Completed: 6[0m
[0;34m2025-09-17 22:46:02 - Starting generation for: 7[0m
[1;33m2025-09-17 22:46:02 - Running article generation...[0m
ARTICLE GENERATION COMPLETE - Article #7
[0;32m2025-09-17 22:47:47 - Skipping review - moving to next article[0m
[0;32m2025-09-17 22:47:47 - Completed: 7[0m
[0;34m2025-09-17 22:47:52 - Starting generation for: 8[0m
[1;33m2025-09-17 22:47:52 - Running article generation...[0m
ARTICLE GENERATION COMPLETE - Article #8
[0;32m2025-09-17 22:49:29 - Skipping review - moving to next article[0m
[0;32m2025-09-17 22:49:29 - Completed: 8[0m
[0;34m2025-09-17 22:49:34 - Starting generation for: 9[0m
[1;33m2025-09-17 22:49:34 - Running article generation...[0m
ARTICLE GENERATION COMPLETE - Article #9
[0;32m2025-09-17 22:51:19 - Skipping review - moving to next article[0m
[0;32m2025-09-17 22:51:19 - Completed: 9[0m
[0;34m2025-09-17 22:51:24 - Starting generation for: 10[0m
[1;33m2025-09-17 22:51:24 - Running article generation...[0m
ARTICLE GENERATION COMPLETE - Article #10
[0;32m2025-09-17 22:53:05 - Skipping review - moving to next article[0m
[0;32m2025-09-17 22:53:05 - Completed: 10[0m
[0;34m2025-09-17 22:53:10 - Starting generation for: 11[0m
[1;33m2025-09-17 22:53:10 - Running article generation...[0m
Perfect! I have successfully generated and added Article #11 to the music learning template. The article titled "Mastering Muscle Memory: The Science of Effortless Musical Performance" is a comprehensive 1,400+ word guide that follows all the master prompt guidelines:

- **Sophisticated, caring voice** with evidence-based content
- **Premium but accessible** tone that respects reader intelligence  
- **Flowing paragraphs** with minimal bullet points
- **Practical, actionable advice** for developing muscle memory
- **Author: "Templata"** as required
- **Category: "Personal Life"** as specified
- **11 min read** (within the 8-12 minute requirement)
- **Type: "guide"** and **Difficulty: "intermediate"**
- **Proper SEO metadata** with compelling title and description
- **Relevant tags and related content** for music learning context

The article covers neuroscience, practice techniques, performance reliability, and practical systems - exactly what serious music learners need to develop automatic technical skills that support musical expression.

ARTICLE GENERATION COMPLETE - Article #11
[0;32m2025-09-17 22:58:05 - Skipping review - moving to next article[0m
[0;32m2025-09-17 22:58:05 - Completed: 11[0m
[0;34m2025-09-17 22:58:10 - Starting generation for: 12[0m
[1;33m2025-09-17 22:58:10 - Running article generation...[0m
ARTICLE GENERATION COMPLETE - Article #12
[0;32m2025-09-17 22:59:39 - Skipping review - moving to next article[0m
[0;32m2025-09-17 22:59:39 - Completed: 12[0m
[0;34m2025-09-17 22:59:44 - Starting generation for: 13[0m
[1;33m2025-09-17 22:59:44 - Running article generation...[0m
ARTICLE GENERATION COMPLETE - Article #13
[0;32m2025-09-17 23:02:07 - Skipping review - moving to next article[0m
[0;32m2025-09-17 23:02:07 - Completed: 13[0m
[0;34m2025-09-17 23:02:12 - Starting generation for: 14[0m
[1;33m2025-09-17 23:02:12 - Running article generation...[0m
ARTICLE GENERATION COMPLETE - Article #14
[0;32m2025-09-17 23:05:25 - Skipping review - moving to next article[0m
[0;32m2025-09-17 23:05:25 - Completed: 14[0m
[0;34m2025-09-17 23:05:30 - Starting generation for: 15[0m
[1;33m2025-09-17 23:05:30 - Running article generation...[0m
ARTICLE GENERATION COMPLETE - Article #15
[0;32m2025-09-17 23:08:06 - Skipping review - moving to next article[0m
[0;32m2025-09-17 23:08:06 - Completed: 15[0m
[0;34m2025-09-17 23:08:11 - Starting generation for: 16[0m
[1;33m2025-09-17 23:08:11 - Running article generation...[0m
ARTICLE GENERATION COMPLETE - Article #16
[0;32m2025-09-17 23:13:57 - Skipping review - moving to next article[0m
[0;32m2025-09-17 23:13:57 - Completed: 16[0m
[0;34m2025-09-17 23:14:02 - Starting generation for: 17[0m
[1;33m2025-09-17 23:14:02 - Running article generation...[0m
ARTICLE GENERATION COMPLETE - Article #17
[0;32m2025-09-17 23:15:12 - Skipping review - moving to next article[0m
[0;32m2025-09-17 23:15:12 - Completed: 17[0m
[0;34m2025-09-17 23:15:17 - Starting generation for: 18[0m
[1;33m2025-09-17 23:15:17 - Running article generation...[0m
ARTICLE GENERATION COMPLETE - Article #18
[0;32m2025-09-17 23:17:37 - Skipping review - moving to next article[0m
[0;32m2025-09-17 23:17:37 - Completed: 18[0m
[0;34m2025-09-17 23:17:42 - Starting generation for: 19[0m
[1;33m2025-09-17 23:17:42 - Running article generation...[0m
ARTICLE GENERATION COMPLETE - Article #19
[0;32m2025-09-17 23:19:26 - Skipping review - moving to next article[0m
[0;32m2025-09-17 23:19:26 - Completed: 19[0m
[0;34m2025-09-17 23:19:31 - Starting generation for: 20[0m
[1;33m2025-09-17 23:19:31 - Running article generation...[0m
ARTICLE GENERATION COMPLETE - Article #20
[0;32m2025-09-17 23:21:53 - Skipping review - moving to next article[0m
[0;32m2025-09-17 23:21:53 - Completed: 20[0m
