[0;34m2025-09-19 16:42:00 - Starting Article Generation Cycle for template: relationship-therapy[0m
[1;33m2025-09-19 16:42:00 - Creating worktree for template: relationship-therapy[0m
[0;32m2025-09-19 16:42:00 - Created branch: article-relationship-therapy[0m
[0;32m2025-09-19 16:42:01 - Created worktree: ../templata-relationship-therapy[0m
[1;33m2025-09-19 16:42:01 - Creating template blog file: blogs-relationship-therapy.ts[0m
[0;32m2025-09-19 16:42:01 - Created template blog file: ../templata-relationship-therapy/src/registry/blogs-relationship-therapy.ts[0m
[0;34m2025-09-19 16:42:01 - Starting generation for: 1[0m
[1;33m2025-09-19 16:42:01 - Running article generation...[0m
ARTICLE GENERATION COMPLETE - Article #1
[0;32m2025-09-19 16:43:18 - Skipping review - moving to next article[0m
[0;32m2025-09-19 16:43:18 - Completed: 1[0m
[0;34m2025-09-19 16:43:23 - Starting generation for: 2[0m
[1;33m2025-09-19 16:43:23 - Running article generation...[0m
ARTICLE GENERATION COMPLETE - Article #2
[0;32m2025-09-19 16:44:35 - Skipping review - moving to next article[0m
[0;32m2025-09-19 16:44:35 - Completed: 2[0m
[0;34m2025-09-19 16:44:40 - Starting generation for: 3[0m
[1;33m2025-09-19 16:44:40 - Running article generation...[0m
ARTICLE GENERATION COMPLETE - Article #3
[0;32m2025-09-19 16:46:02 - Skipping review - moving to next article[0m
[0;32m2025-09-19 16:46:02 - Completed: 3[0m
[0;34m2025-09-19 16:46:07 - Starting generation for: 4[0m
[1;33m2025-09-19 16:46:07 - Running article generation...[0m
ARTICLE GENERATION COMPLETE - Article #4
[0;32m2025-09-19 16:47:37 - Skipping review - moving to next article[0m
[0;32m2025-09-19 16:47:37 - Completed: 4[0m
[0;34m2025-09-19 16:47:42 - Starting generation for: 5[0m
[1;33m2025-09-19 16:47:42 - Running article generation...[0m
ARTICLE GENERATION COMPLETE - Article #5
[0;32m2025-09-19 16:49:17 - Skipping review - moving to next article[0m
[0;32m2025-09-19 16:49:17 - Completed: 5[0m
[0;34m2025-09-19 16:49:22 - Starting generation for: 6[0m
[1;33m2025-09-19 16:49:22 - Running article generation...[0m
ARTICLE GENERATION COMPLETE - Article #6
[0;32m2025-09-19 16:51:00 - Skipping review - moving to next article[0m
[0;32m2025-09-19 16:51:00 - Completed: 6[0m
[0;34m2025-09-19 16:51:05 - Starting generation for: 7[0m
[1;33m2025-09-19 16:51:05 - Running article generation...[0m
ARTICLE GENERATION COMPLETE - Article #7
[0;32m2025-09-19 16:53:04 - Skipping review - moving to next article[0m
[0;32m2025-09-19 16:53:04 - Completed: 7[0m
[0;34m2025-09-19 16:53:09 - Starting generation for: 8[0m
[1;33m2025-09-19 16:53:09 - Running article generation...[0m
ARTICLE GENERATION COMPLETE - Article #8
[0;32m2025-09-19 16:55:01 - Skipping review - moving to next article[0m
[0;32m2025-09-19 16:55:01 - Completed: 8[0m
[0;34m2025-09-19 16:55:06 - Starting generation for: 9[0m
[1;33m2025-09-19 16:55:06 - Running article generation...[0m
ARTICLE GENERATION COMPLETE - Article #9
[0;32m2025-09-19 16:56:59 - Skipping review - moving to next article[0m
[0;32m2025-09-19 16:56:59 - Completed: 9[0m
[0;34m2025-09-19 16:57:04 - Starting generation for: 10[0m
[1;33m2025-09-19 16:57:04 - Running article generation...[0m
ARTICLE GENERATION COMPLETE - Article #10
[0;32m2025-09-19 16:58:30 - Skipping review - moving to next article[0m
[0;32m2025-09-19 16:58:30 - Completed: 10[0m
[0;34m2025-09-19 16:58:35 - Starting generation for: 11[0m
[1;33m2025-09-19 16:58:35 - Running article generation...[0m
ARTICLE GENERATION COMPLETE - Article #11
[0;32m2025-09-19 17:04:00 - Skipping review - moving to next article[0m
[0;32m2025-09-19 17:04:00 - Completed: 11[0m
[0;34m2025-09-19 17:04:05 - Starting generation for: 12[0m
[1;33m2025-09-19 17:04:05 - Running article generation...[0m
ARTICLE GENERATION COMPLETE - Article #12
[0;32m2025-09-19 17:08:02 - Skipping review - moving to next article[0m
[0;32m2025-09-19 17:08:02 - Completed: 12[0m
[0;34m2025-09-19 17:08:07 - Starting generation for: 13[0m
[1;33m2025-09-19 17:08:07 - Running article generation...[0m
ARTICLE GENERATION COMPLETE - Article #13
[0;32m2025-09-19 17:09:54 - Skipping review - moving to next article[0m
[0;32m2025-09-19 17:09:54 - Completed: 13[0m
[0;34m2025-09-19 17:09:59 - Starting generation for: 14[0m
[1;33m2025-09-19 17:09:59 - Running article generation...[0m
ARTICLE GENERATION COMPLETE - Article #14
[0;32m2025-09-19 17:12:40 - Skipping review - moving to next article[0m
[0;32m2025-09-19 17:12:40 - Completed: 14[0m
[0;34m2025-09-19 17:12:45 - Starting generation for: 15[0m
[1;33m2025-09-19 17:12:45 - Running article generation...[0m
ARTICLE GENERATION COMPLETE - Article #15
[0;32m2025-09-19 17:14:26 - Skipping review - moving to next article[0m
[0;32m2025-09-19 17:14:26 - Completed: 15[0m
[0;34m2025-09-19 17:14:31 - Starting generation for: 16[0m
[1;33m2025-09-19 17:14:31 - Running article generation...[0m
ARTICLE GENERATION COMPLETE - Article #16
[0;32m2025-09-19 17:17:42 - Skipping review - moving to next article[0m
[0;32m2025-09-19 17:17:42 - Completed: 16[0m
[0;34m2025-09-19 17:17:47 - Starting generation for: 17[0m
[1;33m2025-09-19 17:17:47 - Running article generation...[0m
ARTICLE GENERATION COMPLETE - Article #17
[0;32m2025-09-19 17:19:29 - Skipping review - moving to next article[0m
[0;32m2025-09-19 17:19:29 - Completed: 17[0m
[0;34m2025-09-19 17:19:34 - Starting generation for: 18[0m
[1;33m2025-09-19 17:19:34 - Running article generation...[0m
ARTICLE GENERATION COMPLETE - Article #18
[0;32m2025-09-19 17:22:35 - Skipping review - moving to next article[0m
[0;32m2025-09-19 17:22:35 - Completed: 18[0m
[0;34m2025-09-19 17:22:40 - Starting generation for: 19[0m
[1;33m2025-09-19 17:22:40 - Running article generation...[0m
ARTICLE GENERATION COMPLETE - Article #19
[0;32m2025-09-19 17:25:26 - Skipping review - moving to next article[0m
[0;32m2025-09-19 17:25:26 - Completed: 19[0m
[0;34m2025-09-19 17:25:31 - Starting generation for: 20[0m
[1;33m2025-09-19 17:25:31 - Running article generation...[0m
ARTICLE GENERATION COMPLETE - Article #20
[0;32m2025-09-19 17:28:29 - Skipping review - moving to next article[0m
[0;32m2025-09-19 17:28:29 - Completed: 20[0m
