[1;33m2025-09-16 13:47:08 - Creating worktree for template: home-buying[0m
[0;32m2025-09-16 13:47:08 - Created branch: article-home-buying[0m
[0;32m2025-09-16 13:47:09 - Created worktree: ../templata-home-buying[0m
[0;34m2025-09-16 13:47:09 - Starting generation for: homeowners insurance comprehensive guide[0m
[1;33m2025-09-16 13:47:09 - Running article generation...[0m
ARTICLE GENERATION COMPLETE - homeowners insurance comprehensive guide
[1;33m2025-09-16 13:48:42 - Running article review...[0m
[0;32m2025-09-16 14:04:20 - Using existing worktree: ../templata-home-buying[0m
[0;34m2025-09-16 14:04:20 - Starting generation for: property tax assessment appeals guide[0m
[1;33m2025-09-16 14:04:20 - Running article generation...[0m
[0;34m2025-09-16 14:04:34 - Starting Article Generation Cycle for template: home-buying[0m
[0;32m2025-09-16 14:04:34 - Using existing worktree: ../templata-home-buying[0m
[0;34m2025-09-16 14:04:34 - Starting generation for: property tax assessment appeals guide[0m
[1;33m2025-09-16 14:04:34 - Running article generation...[0m
[0;32m2025-09-16 14:13:09 - Using existing worktree: ../templata-home-buying[0m
[0;34m2025-09-16 14:13:09 - Starting generation for: property tax assessment appeals guide[0m
[1;33m2025-09-16 14:13:09 - Running article generation...[0m
[0;34m2025-09-16 14:13:28 - Starting Article Generation Cycle for template: home-buying[0m
[0;32m2025-09-16 14:13:28 - Using existing worktree: ../templata-home-buying[0m
[0;34m2025-09-16 14:13:28 - Starting generation for: property tax assessment appeals guide[0m
[1;33m2025-09-16 14:13:29 - Running article generation...[0m
ARTICLE GENERATION COMPLETE - property tax assessment appeals guide
[0;34m2025-09-16 14:19:41 - Starting Article Generation Cycle for template: home-buying[0m
[0;32m2025-09-16 14:19:41 - Using existing worktree: ../templata-home-buying[0m
[0;34m2025-09-16 14:19:41 - Starting generation for: property tax assessment appeals guide[0m
[1;33m2025-09-16 14:19:41 - Running article generation...[0m
I can see that both the homeowners insurance guide and the property tax assessment appeals guide have already been added to the registry. The property tax assessment appeals guide is exactly what was requested - a comprehensive 1,400+ word guide covering all the required elements. The article has already been created and added to the manualBlogPosts array.

Since the task asks me to generate ONE comprehensive article for the property tax assessment appeals guide, and this article already exists in the registry with the exact specifications requested (1,200-1,600 words, authoritative voice, proper structure, etc.), the article generation is already complete.

ARTICLE GENERATION COMPLETE - property tax assessment appeals guide
[1;33m2025-09-16 14:20:11 - Running article review...[0m
[0;34m2025-09-16 14:24:07 - Starting Article Generation Cycle for template: home-buying[0m
[0;32m2025-09-16 14:24:07 - Using existing worktree: ../templata-home-buying[0m
[0;34m2025-09-16 14:24:07 - Starting generation for: property tax assessment appeals guide[0m
[1;33m2025-09-16 14:24:07 - Running article generation...[0m
[0;32m2025-09-16 14:26:42 - Using existing worktree: ../templata-home-buying[0m
[0;34m2025-09-16 14:26:42 - Starting generation for: home warranty coverage analysis[0m
[1;33m2025-09-16 14:26:42 - Running article generation...[0m
ARTICLE GENERATION COMPLETE - home warranty coverage analysis
[0;32m2025-09-16 14:28:27 - Skipping review - moving to next article[0m
[0;32m2025-09-16 14:28:27 - Completed: home warranty coverage analysis[0m
[0;34m2025-09-16 14:28:36 - Starting Article Generation Cycle for template: home-buying[0m
[0;32m2025-09-16 14:28:36 - Using existing worktree: ../templata-home-buying[0m
[0;34m2025-09-16 14:28:36 - Starting generation for: closing day preparation procedures[0m
[1;33m2025-09-16 14:28:36 - Running article generation...[0m
ARTICLE GENERATION COMPLETE - closing day preparation procedures
[0;32m2025-09-16 14:30:28 - Skipping review - moving to next article[0m
[0;32m2025-09-16 14:30:28 - Completed: closing day preparation procedures[0m
[0;34m2025-09-16 14:30:33 - Starting generation for: real estate agent selection management[0m
[1;33m2025-09-16 14:30:33 - Running article generation...[0m
[0;32m2025-09-16 14:40:04 - Using existing worktree: ../templata-home-buying[0m
[0;34m2025-09-16 14:40:04 - Starting generation for: real estate agent selection management[0m
[1;33m2025-09-16 14:40:04 - Running article generation...[0m
[1;33m2025-09-16 14:44:32 - Creating worktree for template: home-buying[0m
[0;32m2025-09-16 14:44:33 - Created worktree: ../templata-home-buying[0m
[0;34m2025-09-16 14:44:33 - Starting generation for: real estate agent selection management[0m
[1;33m2025-09-16 14:44:33 - Running article generation...[0m
[1;33m2025-09-16 14:50:06 - Creating worktree for template: home-buying[0m
[0;32m2025-09-16 14:50:06 - Created worktree: ../templata-home-buying[0m
[0;34m2025-09-16 14:50:06 - Starting generation for: 1[0m
[1;33m2025-09-16 14:50:06 - Running article generation...[0m
[0;34m2025-09-16 14:52:27 - Starting Article Generation Cycle for template: home-buying[0m
[0;32m2025-09-16 14:52:27 - Using existing worktree: ../templata-home-buying[0m
[0;34m2025-09-16 14:52:27 - Starting generation for: 1[0m
[1;33m2025-09-16 14:52:27 - Running article generation...[0m
[0;32m2025-09-16 14:56:06 - Using existing worktree: ../templata-home-buying[0m
[0;34m2025-09-16 14:56:06 - Starting generation for: 1[0m
[1;33m2025-09-16 14:56:06 - Running article generation...[0m
ARTICLE GENERATION COMPLETE - Article #1
[0;32m2025-09-16 14:58:02 - Skipping review - moving to next article[0m
[0;32m2025-09-16 14:58:02 - Completed: 1[0m
[0;34m2025-09-16 14:58:15 - Starting Article Generation Cycle for template: home-buying[0m
[0;32m2025-09-16 14:58:15 - Using existing worktree: ../templata-home-buying[0m
[0;34m2025-09-16 14:58:15 - Starting generation for: 2[0m
[1;33m2025-09-16 14:58:15 - Running article generation...[0m
[1;33m2025-09-16 15:03:32 - Creating worktree for template: home-buying[0m
[0;32m2025-09-16 15:03:33 - Created worktree: ../templata-home-buying[0m
[0;34m2025-09-16 15:03:33 - Starting generation for: 1[0m
[1;33m2025-09-16 15:03:33 - Running article generation...[0m
[0;32m2025-09-16 15:11:31 - Using existing worktree: ../templata-home-buying[0m
[0;34m2025-09-16 15:11:31 - Starting generation for: 1[0m
[1;33m2025-09-16 15:11:31 - Running article generation...[0m
[0;34m2025-09-16 15:12:02 - Starting Article Generation Cycle for template: home-buying[0m
[0;32m2025-09-16 15:12:02 - Using existing worktree: ../templata-home-buying[0m
[0;34m2025-09-16 15:12:02 - Starting generation for: 1[0m
[1;33m2025-09-16 15:12:02 - Running article generation...[0m
ARTICLE GENERATION COMPLETE - Article #1
[0;32m2025-09-16 15:14:00 - Skipping review - moving to next article[0m
[0;32m2025-09-16 15:14:00 - Completed: 1[0m
[0;34m2025-09-16 15:16:06 - Starting Article Generation Cycle for template: home-buying[0m
[0;32m2025-09-16 15:16:06 - Using existing worktree: ../templata-home-buying[0m
[0;34m2025-09-16 15:16:06 - Starting generation for: 2[0m
[1;33m2025-09-16 15:16:06 - Running article generation...[0m
ARTICLE GENERATION COMPLETE - Article #2
[0;32m2025-09-16 15:17:47 - Skipping review - moving to next article[0m
[0;32m2025-09-16 15:17:47 - Completed: 2[0m
[0;34m2025-09-16 15:17:52 - Starting generation for: 3[0m
[1;33m2025-09-16 15:17:52 - Running article generation...[0m
ARTICLE GENERATION COMPLETE - Article #3
[0;32m2025-09-16 15:20:07 - Skipping review - moving to next article[0m
[0;32m2025-09-16 15:20:07 - Completed: 3[0m
[0;34m2025-09-16 15:20:12 - Starting generation for: 4[0m
[1;33m2025-09-16 15:20:12 - Running article generation...[0m
ARTICLE GENERATION COMPLETE - Article #4
[0;32m2025-09-16 15:22:26 - Skipping review - moving to next article[0m
[0;32m2025-09-16 15:22:26 - Completed: 4[0m
[0;34m2025-09-16 15:22:31 - Starting generation for: 5[0m
[1;33m2025-09-16 15:22:31 - Running article generation...[0m
ARTICLE GENERATION COMPLETE - Article #5
[0;32m2025-09-16 15:28:22 - Skipping review - moving to next article[0m
[0;32m2025-09-16 15:28:22 - Completed: 5[0m
[0;34m2025-09-16 15:28:27 - Starting generation for: 6[0m
[1;33m2025-09-16 15:28:27 - Running article generation...[0m
