[0;34m2025-09-17 22:37:13 - Starting Article Generation Cycle for template: sports-team[0m
[0;32m2025-09-17 22:37:13 - Using existing worktree: ../templata-sports-team[0m
[1;33m2025-09-17 22:37:13 - Creating template blog file: blogs-sports-team.ts[0m
[0;32m2025-09-17 22:37:13 - Created template blog file: ../templata-sports-team/src/registry/blogs-sports-team.ts[0m
[0;34m2025-09-17 22:37:13 - Starting generation for: 1[0m
[1;33m2025-09-17 22:37:13 - Running article generation...[0m
ARTICLE GENERATION COMPLETE - Article #1
[0;32m2025-09-17 22:38:26 - Skipping review - moving to next article[0m
[0;32m2025-09-17 22:38:26 - Completed: 1[0m
[0;34m2025-09-17 22:38:31 - Starting generation for: 2[0m
[1;33m2025-09-17 22:38:31 - Running article generation...[0m
ARTICLE GENERATION COMPLETE - Article #2
[0;32m2025-09-17 22:39:46 - Skipping review - moving to next article[0m
[0;32m2025-09-17 22:39:46 - Completed: 2[0m
[0;34m2025-09-17 22:39:51 - Starting generation for: 3[0m
[1;33m2025-09-17 22:39:51 - Running article generation...[0m
ARTICLE GENERATION COMPLETE - Article #3
[0;32m2025-09-17 22:41:10 - Skipping review - moving to next article[0m
[0;32m2025-09-17 22:41:10 - Completed: 3[0m
[0;34m2025-09-17 22:41:15 - Starting generation for: 4[0m
[1;33m2025-09-17 22:41:15 - Running article generation...[0m
ARTICLE GENERATION COMPLETE - Article #4
[0;32m2025-09-17 22:42:39 - Skipping review - moving to next article[0m
[0;32m2025-09-17 22:42:39 - Completed: 4[0m
[0;34m2025-09-17 22:42:44 - Starting generation for: 5[0m
[1;33m2025-09-17 22:42:45 - Running article generation...[0m
ARTICLE GENERATION COMPLETE - Article #5
[0;32m2025-09-17 22:44:17 - Skipping review - moving to next article[0m
[0;32m2025-09-17 22:44:17 - Completed: 5[0m
[0;34m2025-09-17 22:44:22 - Starting generation for: 6[0m
[1;33m2025-09-17 22:44:22 - Running article generation...[0m
ARTICLE GENERATION COMPLETE - Article #6
[0;32m2025-09-17 22:45:43 - Skipping review - moving to next article[0m
[0;32m2025-09-17 22:45:43 - Completed: 6[0m
[0;34m2025-09-17 22:45:48 - Starting generation for: 7[0m
[1;33m2025-09-17 22:45:48 - Running article generation...[0m
ARTICLE GENERATION COMPLETE - Article #7
[0;32m2025-09-17 22:47:15 - Skipping review - moving to next article[0m
[0;32m2025-09-17 22:47:15 - Completed: 7[0m
[0;34m2025-09-17 22:47:20 - Starting generation for: 8[0m
[1;33m2025-09-17 22:47:20 - Running article generation...[0m
ARTICLE GENERATION COMPLETE - Article #8
[0;32m2025-09-17 22:48:53 - Skipping review - moving to next article[0m
[0;32m2025-09-17 22:48:53 - Completed: 8[0m
[0;34m2025-09-17 22:48:58 - Starting generation for: 9[0m
[1;33m2025-09-17 22:48:58 - Running article generation...[0m
ARTICLE GENERATION COMPLETE - Article #9
[0;32m2025-09-17 22:50:45 - Skipping review - moving to next article[0m
[0;32m2025-09-17 22:50:45 - Completed: 9[0m
[0;34m2025-09-17 22:50:50 - Starting generation for: 10[0m
[1;33m2025-09-17 22:50:50 - Running article generation...[0m
ARTICLE GENERATION COMPLETE - Article #10
[0;32m2025-09-17 22:52:37 - Skipping review - moving to next article[0m
[0;32m2025-09-17 22:52:37 - Completed: 10[0m
[0;34m2025-09-17 22:52:42 - Starting generation for: 11[0m
[1;33m2025-09-17 22:52:42 - Running article generation...[0m
ARTICLE GENERATION COMPLETE - Article #11
[0;32m2025-09-17 22:55:54 - Skipping review - moving to next article[0m
[0;32m2025-09-17 22:55:54 - Completed: 11[0m
[0;34m2025-09-17 22:55:59 - Starting generation for: 12[0m
[1;33m2025-09-17 22:55:59 - Running article generation...[0m
ARTICLE GENERATION COMPLETE - Article #12
[0;32m2025-09-17 22:58:32 - Skipping review - moving to next article[0m
[0;32m2025-09-17 22:58:32 - Completed: 12[0m
[0;34m2025-09-17 22:58:37 - Starting generation for: 13[0m
[1;33m2025-09-17 22:58:37 - Running article generation...[0m
ARTICLE GENERATION COMPLETE - Article #13
[0;32m2025-09-17 23:00:13 - Skipping review - moving to next article[0m
[0;32m2025-09-17 23:00:13 - Completed: 13[0m
[0;34m2025-09-17 23:00:18 - Starting generation for: 14[0m
[1;33m2025-09-17 23:00:18 - Running article generation...[0m
ARTICLE GENERATION COMPLETE - Article #14
[0;32m2025-09-17 23:03:04 - Skipping review - moving to next article[0m
[0;32m2025-09-17 23:03:04 - Completed: 14[0m
[0;34m2025-09-17 23:03:09 - Starting generation for: 15[0m
[1;33m2025-09-17 23:03:09 - Running article generation...[0m
ARTICLE GENERATION COMPLETE - Article #15
[0;32m2025-09-17 23:04:33 - Skipping review - moving to next article[0m
[0;32m2025-09-17 23:04:33 - Completed: 15[0m
[0;34m2025-09-17 23:04:38 - Starting generation for: 16[0m
[1;33m2025-09-17 23:04:38 - Running article generation...[0m
ARTICLE GENERATION COMPLETE - Article #16
[0;32m2025-09-17 23:06:12 - Skipping review - moving to next article[0m
[0;32m2025-09-17 23:06:12 - Completed: 16[0m
[0;34m2025-09-17 23:06:17 - Starting generation for: 17[0m
[1;33m2025-09-17 23:06:17 - Running article generation...[0m
ARTICLE GENERATION COMPLETE - Article #17
[0;32m2025-09-17 23:09:00 - Skipping review - moving to next article[0m
[0;32m2025-09-17 23:09:00 - Completed: 17[0m
[0;34m2025-09-17 23:09:05 - Starting generation for: 18[0m
[1;33m2025-09-17 23:09:06 - Running article generation...[0m
ARTICLE GENERATION COMPLETE - Article #18
[0;32m2025-09-17 23:10:39 - Skipping review - moving to next article[0m
[0;32m2025-09-17 23:10:39 - Completed: 18[0m
[0;34m2025-09-17 23:10:44 - Starting generation for: 19[0m
[1;33m2025-09-17 23:10:44 - Running article generation...[0m
ARTICLE GENERATION COMPLETE - Article #19
[0;32m2025-09-17 23:12:29 - Skipping review - moving to next article[0m
[0;32m2025-09-17 23:12:29 - Completed: 19[0m
[0;34m2025-09-17 23:12:34 - Starting generation for: 20[0m
[1;33m2025-09-17 23:12:34 - Running article generation...[0m
ARTICLE GENERATION COMPLETE - Article #20
[0;32m2025-09-17 23:14:08 - Skipping review - moving to next article[0m
[0;32m2025-09-17 23:14:08 - Completed: 20[0m
