[0;34m2025-09-17 13:16:33 - Starting Article Generation Cycle for template: mindfulness-meditation[0m
[1;33m2025-09-17 13:16:33 - Creating worktree for template: mindfulness-meditation[0m
[0;32m2025-09-17 13:16:33 - Created branch: article-mindfulness-meditation[0m
[0;32m2025-09-17 13:16:33 - Created worktree: ../templata-mindfulness-meditation[0m
[1;33m2025-09-17 13:16:33 - Creating template blog file: blogs-mindfulness-meditation.ts[0m
[0;32m2025-09-17 13:16:33 - Created template blog file: ../templata-mindfulness-meditation/src/registry/blogs-mindfulness-meditation.ts[0m
[0;34m2025-09-17 13:16:33 - Starting generation for: 1[0m
[1;33m2025-09-17 13:16:33 - Running article generation...[0m
ARTICLE GENERATION COMPLETE - Article #1
[0;32m2025-09-17 13:17:54 - Skipping review - moving to next article[0m
[0;32m2025-09-17 13:17:54 - Completed: 1[0m
[0;34m2025-09-17 13:17:59 - Starting generation for: 2[0m
[1;33m2025-09-17 13:17:59 - Running article generation...[0m
ARTICLE GENERATION COMPLETE - Article #2
[0;32m2025-09-17 13:19:18 - Skipping review - moving to next article[0m
[0;32m2025-09-17 13:19:18 - Completed: 2[0m
[0;34m2025-09-17 13:19:23 - Starting generation for: 3[0m
[1;33m2025-09-17 13:19:23 - Running article generation...[0m
ARTICLE GENERATION COMPLETE - Article #3
[0;32m2025-09-17 13:20:48 - Skipping review - moving to next article[0m
[0;32m2025-09-17 13:20:48 - Completed: 3[0m
[0;34m2025-09-17 13:20:53 - Starting generation for: 4[0m
[1;33m2025-09-17 13:20:53 - Running article generation...[0m
ARTICLE GENERATION COMPLETE - Article #4
[0;32m2025-09-17 13:22:29 - Skipping review - moving to next article[0m
[0;32m2025-09-17 13:22:29 - Completed: 4[0m
[0;34m2025-09-17 13:22:34 - Starting generation for: 5[0m
[1;33m2025-09-17 13:22:34 - Running article generation...[0m
ARTICLE GENERATION COMPLETE - Article #5
[0;32m2025-09-17 13:24:17 - Skipping review - moving to next article[0m
[0;32m2025-09-17 13:24:17 - Completed: 5[0m
[0;34m2025-09-17 13:24:22 - Starting generation for: 6[0m
[1;33m2025-09-17 13:24:22 - Running article generation...[0m
ARTICLE GENERATION COMPLETE - Article #6
[0;32m2025-09-17 13:27:26 - Skipping review - moving to next article[0m
[0;32m2025-09-17 13:27:26 - Completed: 6[0m
[0;34m2025-09-17 13:27:31 - Starting generation for: 7[0m
[1;33m2025-09-17 13:27:31 - Running article generation...[0m
ARTICLE GENERATION COMPLETE - Article #7
[0;32m2025-09-17 13:30:40 - Skipping review - moving to next article[0m
[0;32m2025-09-17 13:30:40 - Completed: 7[0m
[0;34m2025-09-17 13:30:46 - Starting generation for: 8[0m
[1;33m2025-09-17 13:30:46 - Running article generation...[0m
ARTICLE GENERATION COMPLETE - Article #8
[0;32m2025-09-17 13:33:03 - Skipping review - moving to next article[0m
[0;32m2025-09-17 13:33:03 - Completed: 8[0m
[0;34m2025-09-17 13:33:08 - Starting generation for: 9[0m
[1;33m2025-09-17 13:33:08 - Running article generation...[0m
ARTICLE GENERATION COMPLETE - Article #9
[0;32m2025-09-17 13:35:07 - Skipping review - moving to next article[0m
[0;32m2025-09-17 13:35:07 - Completed: 9[0m
[0;34m2025-09-17 13:35:12 - Starting generation for: 10[0m
[1;33m2025-09-17 13:35:12 - Running article generation...[0m
ARTICLE GENERATION COMPLETE - Article #10
[0;32m2025-09-17 13:37:13 - Skipping review - moving to next article[0m
[0;32m2025-09-17 13:37:13 - Completed: 10[0m
[0;34m2025-09-17 13:37:18 - Starting generation for: 11[0m
[1;33m2025-09-17 13:37:18 - Running article generation...[0m
ARTICLE GENERATION COMPLETE - Article #11
[0;32m2025-09-17 13:40:26 - Skipping review - moving to next article[0m
[0;32m2025-09-17 13:40:26 - Completed: 11[0m
[0;34m2025-09-17 13:40:31 - Starting generation for: 12[0m
[1;33m2025-09-17 13:40:31 - Running article generation...[0m
ARTICLE GENERATION COMPLETE - Article #12
[0;32m2025-09-17 13:42:28 - Skipping review - moving to next article[0m
[0;32m2025-09-17 13:42:28 - Completed: 12[0m
[0;34m2025-09-17 13:42:33 - Starting generation for: 13[0m
[1;33m2025-09-17 13:42:33 - Running article generation...[0m
ARTICLE GENERATION COMPLETE - Article #13
[0;32m2025-09-17 13:44:28 - Skipping review - moving to next article[0m
[0;32m2025-09-17 13:44:28 - Completed: 13[0m
[0;34m2025-09-17 13:44:33 - Starting generation for: 14[0m
[1;33m2025-09-17 13:44:33 - Running article generation...[0m
ARTICLE GENERATION COMPLETE - Article #14
[0;32m2025-09-17 13:46:13 - Skipping review - moving to next article[0m
[0;32m2025-09-17 13:46:13 - Completed: 14[0m
[0;34m2025-09-17 13:46:18 - Starting generation for: 15[0m
[1;33m2025-09-17 13:46:19 - Running article generation...[0m
ARTICLE GENERATION COMPLETE - Article #15
[0;32m2025-09-17 13:48:12 - Skipping review - moving to next article[0m
[0;32m2025-09-17 13:48:12 - Completed: 15[0m
[0;34m2025-09-17 13:48:17 - Starting generation for: 16[0m
[1;33m2025-09-17 13:48:17 - Running article generation...[0m
ARTICLE GENERATION COMPLETE - Article #16
[0;32m2025-09-17 13:51:45 - Skipping review - moving to next article[0m
[0;32m2025-09-17 13:51:45 - Completed: 16[0m
[0;34m2025-09-17 13:51:50 - Starting generation for: 17[0m
[1;33m2025-09-17 13:51:50 - Running article generation...[0m
ARTICLE GENERATION COMPLETE - Article #17
[0;32m2025-09-17 13:54:28 - Skipping review - moving to next article[0m
[0;32m2025-09-17 13:54:28 - Completed: 17[0m
[0;34m2025-09-17 13:54:33 - Starting generation for: 18[0m
[1;33m2025-09-17 13:54:33 - Running article generation...[0m
ARTICLE GENERATION COMPLETE - Article #18
[0;32m2025-09-17 13:56:23 - Skipping review - moving to next article[0m
[0;32m2025-09-17 13:56:23 - Completed: 18[0m
[0;34m2025-09-17 13:56:28 - Starting generation for: 19[0m
[1;33m2025-09-17 13:56:28 - Running article generation...[0m
ARTICLE GENERATION COMPLETE - Article #19
[0;32m2025-09-17 13:58:45 - Skipping review - moving to next article[0m
[0;32m2025-09-17 13:58:45 - Completed: 19[0m
[0;34m2025-09-17 13:58:50 - Starting generation for: 20[0m
[1;33m2025-09-17 13:58:50 - Running article generation...[0m
ARTICLE GENERATION COMPLETE - Article #20
[0;32m2025-09-17 14:00:38 - Skipping review - moving to next article[0m
[0;32m2025-09-17 14:00:38 - Completed: 20[0m
[0;34m2025-09-17 19:43:23 - Starting Article Generation Cycle for template: mindfulness-meditation[0m
[0;32m2025-09-17 19:43:23 - Using existing worktree: ../templata-mindfulness-meditation[0m
