[0;34m2025-09-17 14:57:59 - Starting Article Generation Cycle for template: nonprofit-startup[0m
[0;32m2025-09-17 14:57:59 - Using existing worktree: ../templata-nonprofit-startup[0m
[1;33m2025-09-17 14:57:59 - Creating template blog file: blogs-nonprofit-startup.ts[0m
[0;32m2025-09-17 14:57:59 - Created template blog file: ../templata-nonprofit-startup/src/registry/blogs-nonprofit-startup.ts[0m
[0;34m2025-09-17 14:57:59 - Starting generation for: 1[0m
[1;33m2025-09-17 14:57:59 - Running article generation...[0m
ARTICLE GENERATION COMPLETE - Article #1
[0;32m2025-09-17 14:59:35 - Skipping review - moving to next article[0m
[0;32m2025-09-17 14:59:35 - Completed: 1[0m
[0;34m2025-09-17 14:59:40 - Starting generation for: 2[0m
[1;33m2025-09-17 14:59:40 - Running article generation...[0m
ARTICLE GENERATION COMPLETE - Article #2
[0;32m2025-09-17 15:01:21 - Skipping review - moving to next article[0m
[0;32m2025-09-17 15:01:21 - Completed: 2[0m
[0;34m2025-09-17 15:01:26 - Starting generation for: 3[0m
[1;33m2025-09-17 15:01:26 - Running article generation...[0m
ARTICLE GENERATION COMPLETE - Article #3
[0;32m2025-09-17 15:03:34 - Skipping review - moving to next article[0m
[0;32m2025-09-17 15:03:34 - Completed: 3[0m
[0;34m2025-09-17 15:03:39 - Starting generation for: 4[0m
[1;33m2025-09-17 15:03:39 - Running article generation...[0m
ARTICLE GENERATION COMPLETE - Article #4
[0;32m2025-09-17 15:05:32 - Skipping review - moving to next article[0m
[0;32m2025-09-17 15:05:32 - Completed: 4[0m
[0;34m2025-09-17 15:05:37 - Starting generation for: 5[0m
[1;33m2025-09-17 15:05:37 - Running article generation...[0m
ARTICLE GENERATION COMPLETE - Article #5
[0;32m2025-09-17 15:07:41 - Skipping review - moving to next article[0m
[0;32m2025-09-17 15:07:41 - Completed: 5[0m
[0;34m2025-09-17 15:07:46 - Starting generation for: 6[0m
[1;33m2025-09-17 15:07:46 - Running article generation...[0m
ARTICLE GENERATION COMPLETE - Article #6
[0;32m2025-09-17 15:09:36 - Skipping review - moving to next article[0m
[0;32m2025-09-17 15:09:36 - Completed: 6[0m
[0;34m2025-09-17 15:09:41 - Starting generation for: 7[0m
[1;33m2025-09-17 15:09:41 - Running article generation...[0m
ARTICLE GENERATION COMPLETE - Article #7
[0;32m2025-09-17 15:11:49 - Skipping review - moving to next article[0m
[0;32m2025-09-17 15:11:49 - Completed: 7[0m
[0;34m2025-09-17 15:11:54 - Starting generation for: 8[0m
[1;33m2025-09-17 15:11:54 - Running article generation...[0m
ARTICLE GENERATION COMPLETE - Article #8
[0;32m2025-09-17 15:14:03 - Skipping review - moving to next article[0m
[0;32m2025-09-17 15:14:03 - Completed: 8[0m
[0;34m2025-09-17 15:14:08 - Starting generation for: 9[0m
[1;33m2025-09-17 15:14:08 - Running article generation...[0m
ARTICLE GENERATION COMPLETE - Article #9
[0;32m2025-09-17 15:17:16 - Skipping review - moving to next article[0m
[0;32m2025-09-17 15:17:16 - Completed: 9[0m
[0;34m2025-09-17 15:17:21 - Starting generation for: 10[0m
[1;33m2025-09-17 15:17:21 - Running article generation...[0m
ARTICLE GENERATION COMPLETE - Article #10
[0;32m2025-09-17 15:19:23 - Skipping review - moving to next article[0m
[0;32m2025-09-17 15:19:23 - Completed: 10[0m
[0;34m2025-09-17 15:19:28 - Starting generation for: 11[0m
[1;33m2025-09-17 15:19:28 - Running article generation...[0m
ARTICLE GENERATION COMPLETE - Article #11
[0;32m2025-09-17 15:23:50 - Skipping review - moving to next article[0m
[0;32m2025-09-17 15:23:50 - Completed: 11[0m
[0;34m2025-09-17 15:23:55 - Starting generation for: 12[0m
[1;33m2025-09-17 15:23:55 - Running article generation...[0m
ARTICLE GENERATION COMPLETE - Article #12
[0;32m2025-09-17 15:25:53 - Skipping review - moving to next article[0m
[0;32m2025-09-17 15:25:53 - Completed: 12[0m
[0;34m2025-09-17 15:25:58 - Starting generation for: 13[0m
[1;33m2025-09-17 15:25:58 - Running article generation...[0m
ARTICLE GENERATION COMPLETE - Article #13
[0;32m2025-09-17 15:29:30 - Skipping review - moving to next article[0m
[0;32m2025-09-17 15:29:30 - Completed: 13[0m
[0;34m2025-09-17 15:29:35 - Starting generation for: 14[0m
[1;33m2025-09-17 15:29:35 - Running article generation...[0m
ARTICLE GENERATION COMPLETE - Article #14
[0;32m2025-09-17 15:33:09 - Skipping review - moving to next article[0m
[0;32m2025-09-17 15:33:09 - Completed: 14[0m
[0;34m2025-09-17 15:33:14 - Starting generation for: 15[0m
[1;33m2025-09-17 15:33:14 - Running article generation...[0m
ARTICLE GENERATION COMPLETE - Article #15
[0;32m2025-09-17 15:34:44 - Skipping review - moving to next article[0m
[0;32m2025-09-17 15:34:44 - Completed: 15[0m
[0;34m2025-09-17 15:34:49 - Starting generation for: 16[0m
[1;33m2025-09-17 15:34:50 - Running article generation...[0m
ARTICLE GENERATION COMPLETE - Article #16
[0;32m2025-09-17 15:37:49 - Skipping review - moving to next article[0m
[0;32m2025-09-17 15:37:49 - Completed: 16[0m
[0;34m2025-09-17 15:37:54 - Starting generation for: 17[0m
[1;33m2025-09-17 15:37:54 - Running article generation...[0m
ARTICLE GENERATION COMPLETE - Article #17
[0;32m2025-09-17 15:39:43 - Skipping review - moving to next article[0m
[0;32m2025-09-17 15:39:43 - Completed: 17[0m
[0;34m2025-09-17 15:39:48 - Starting generation for: 18[0m
[1;33m2025-09-17 15:39:48 - Running article generation...[0m
ARTICLE GENERATION COMPLETE - Article #18
[0;32m2025-09-17 15:43:41 - Skipping review - moving to next article[0m
[0;32m2025-09-17 15:43:41 - Completed: 18[0m
[0;34m2025-09-17 15:43:46 - Starting generation for: 19[0m
[1;33m2025-09-17 15:43:46 - Running article generation...[0m
ARTICLE GENERATION COMPLETE - Article #19
[0;32m2025-09-17 15:45:45 - Skipping review - moving to next article[0m
[0;32m2025-09-17 15:45:45 - Completed: 19[0m
[0;34m2025-09-17 15:45:50 - Starting generation for: 20[0m
[1;33m2025-09-17 15:45:50 - Running article generation...[0m
Perfect! I have successfully added Article #20 to the nonprofit startup template blog registry. The article "Measuring What Matters: Building a Nonprofit Impact Evaluation System That Actually Works" is a comprehensive 1,400+ word guide that:

- Follows the master prompt guidelines with a sophisticated, caring voice
- Addresses a crucial topic for nonprofit startups: impact measurement and evaluation
- Uses flowing, engaging paragraphs with minimal bullet points
- Maintains the "Templata" author and "Personal Life" category
- Includes proper SEO metadata and related content links
- Provides practical, actionable guidance for nonprofit founders
- Balances accessibility with depth appropriate for intermediate difficulty

The article covers essential topics including understanding the difference between outputs and outcomes, designing theories of change, choosing meaningful metrics, building effective data collection systems, communicating impact, and using evaluation for continuous improvement.

ARTICLE GENERATION COMPLETE - Article #20
[0;32m2025-09-17 15:49:04 - Skipping review - moving to next article[0m
[0;32m2025-09-17 15:49:04 - Completed: 20[0m
[0;34m2025-09-17 19:43:23 - Starting Article Generation Cycle for template: nonprofit-startup[0m
[0;32m2025-09-17 19:43:23 - Using existing worktree: ../templata-nonprofit-startup[0m
