[0;34m2025-09-17 21:38:17 - Starting Article Generation Cycle for template: youtube-channel[0m
[0;32m2025-09-17 21:38:17 - Using existing worktree: ../templata-youtube-channel[0m
[1;33m2025-09-17 21:38:17 - Creating template blog file: blogs-youtube-channel.ts[0m
[0;32m2025-09-17 21:38:17 - Created template blog file: ../templata-youtube-channel/src/registry/blogs-youtube-channel.ts[0m
[0;34m2025-09-17 21:38:17 - Starting generation for: 1[0m
[1;33m2025-09-17 21:38:17 - Running article generation...[0m
ARTICLE GENERATION COMPLETE - Article #1
[0;32m2025-09-17 21:39:35 - Skipping review - moving to next article[0m
[0;32m2025-09-17 21:39:35 - Completed: 1[0m
[0;34m2025-09-17 21:39:40 - Starting generation for: 2[0m
[1;33m2025-09-17 21:39:40 - Running article generation...[0m
ARTICLE GENERATION COMPLETE - Article #2
[0;32m2025-09-17 21:41:51 - Skipping review - moving to next article[0m
[0;32m2025-09-17 21:41:51 - Completed: 2[0m
[0;34m2025-09-17 21:41:56 - Starting generation for: 3[0m
[1;33m2025-09-17 21:41:56 - Running article generation...[0m
ARTICLE GENERATION COMPLETE - Article #3
[0;32m2025-09-17 21:43:15 - Skipping review - moving to next article[0m
[0;32m2025-09-17 21:43:15 - Completed: 3[0m
[0;34m2025-09-17 21:43:20 - Starting generation for: 4[0m
[1;33m2025-09-17 21:43:20 - Running article generation...[0m
ARTICLE GENERATION COMPLETE - Article #4
[0;32m2025-09-17 21:44:46 - Skipping review - moving to next article[0m
[0;32m2025-09-17 21:44:46 - Completed: 4[0m
[0;34m2025-09-17 21:44:52 - Starting generation for: 5[0m
[1;33m2025-09-17 21:44:52 - Running article generation...[0m
ARTICLE GENERATION COMPLETE - Article #5
[0;32m2025-09-17 21:46:09 - Skipping review - moving to next article[0m
[0;32m2025-09-17 21:46:09 - Completed: 5[0m
[0;34m2025-09-17 21:46:14 - Starting generation for: 6[0m
[1;33m2025-09-17 21:46:14 - Running article generation...[0m
ARTICLE GENERATION COMPLETE - Article #6
[0;32m2025-09-17 21:47:34 - Skipping review - moving to next article[0m
[0;32m2025-09-17 21:47:34 - Completed: 6[0m
[0;34m2025-09-17 21:47:39 - Starting generation for: 7[0m
[1;33m2025-09-17 21:47:39 - Running article generation...[0m
ARTICLE GENERATION COMPLETE - Article #7
[0;32m2025-09-17 21:49:23 - Skipping review - moving to next article[0m
[0;32m2025-09-17 21:49:23 - Completed: 7[0m
[0;34m2025-09-17 21:49:28 - Starting generation for: 8[0m
[1;33m2025-09-17 21:49:28 - Running article generation...[0m
ARTICLE GENERATION COMPLETE - Article #8
[0;32m2025-09-17 21:50:59 - Skipping review - moving to next article[0m
[0;32m2025-09-17 21:50:59 - Completed: 8[0m
[0;34m2025-09-17 21:51:04 - Starting generation for: 9[0m
[1;33m2025-09-17 21:51:04 - Running article generation...[0m
ARTICLE GENERATION COMPLETE - Article #9
[0;32m2025-09-17 21:52:41 - Skipping review - moving to next article[0m
[0;32m2025-09-17 21:52:41 - Completed: 9[0m
[0;34m2025-09-17 21:52:46 - Starting generation for: 10[0m
[1;33m2025-09-17 21:52:46 - Running article generation...[0m
ARTICLE GENERATION COMPLETE - Article #10
[0;32m2025-09-17 21:54:21 - Skipping review - moving to next article[0m
[0;32m2025-09-17 21:54:21 - Completed: 10[0m
[0;34m2025-09-17 21:54:26 - Starting generation for: 11[0m
[1;33m2025-09-17 21:54:26 - Running article generation...[0m
ARTICLE GENERATION COMPLETE - Article #11
[0;32m2025-09-17 21:58:13 - Skipping review - moving to next article[0m
[0;32m2025-09-17 21:58:13 - Completed: 11[0m
[0;34m2025-09-17 21:58:18 - Starting generation for: 12[0m
[1;33m2025-09-17 21:58:18 - Running article generation...[0m
ARTICLE GENERATION COMPLETE - Article #12
[0;32m2025-09-17 22:01:37 - Skipping review - moving to next article[0m
[0;32m2025-09-17 22:01:37 - Completed: 12[0m
[0;34m2025-09-17 22:01:42 - Starting generation for: 13[0m
[1;33m2025-09-17 22:01:42 - Running article generation...[0m
ARTICLE GENERATION COMPLETE - Article #13
[0;32m2025-09-17 22:03:12 - Skipping review - moving to next article[0m
[0;32m2025-09-17 22:03:12 - Completed: 13[0m
[0;34m2025-09-17 22:03:17 - Starting generation for: 14[0m
[1;33m2025-09-17 22:03:17 - Running article generation...[0m
ARTICLE GENERATION COMPLETE - Article #14
[0;32m2025-09-17 22:05:28 - Skipping review - moving to next article[0m
[0;32m2025-09-17 22:05:28 - Completed: 14[0m
[0;34m2025-09-17 22:05:33 - Starting generation for: 15[0m
[1;33m2025-09-17 22:05:33 - Running article generation...[0m
ARTICLE GENERATION COMPLETE - Article #15
[0;32m2025-09-17 22:06:59 - Skipping review - moving to next article[0m
[0;32m2025-09-17 22:06:59 - Completed: 15[0m
[0;34m2025-09-17 22:07:04 - Starting generation for: 16[0m
[1;33m2025-09-17 22:07:04 - Running article generation...[0m
ARTICLE GENERATION COMPLETE - Article #16
[0;32m2025-09-17 22:09:53 - Skipping review - moving to next article[0m
[0;32m2025-09-17 22:09:53 - Completed: 16[0m
[0;34m2025-09-17 22:09:58 - Starting generation for: 17[0m
[1;33m2025-09-17 22:09:58 - Running article generation...[0m
ARTICLE GENERATION COMPLETE - Article #17
[0;32m2025-09-17 22:11:37 - Skipping review - moving to next article[0m
[0;32m2025-09-17 22:11:37 - Completed: 17[0m
[0;34m2025-09-17 22:11:42 - Starting generation for: 18[0m
[1;33m2025-09-17 22:11:42 - Running article generation...[0m
ARTICLE GENERATION COMPLETE - Article #18
[0;32m2025-09-17 22:14:03 - Skipping review - moving to next article[0m
[0;32m2025-09-17 22:14:03 - Completed: 18[0m
[0;34m2025-09-17 22:14:09 - Starting generation for: 19[0m
[1;33m2025-09-17 22:14:09 - Running article generation...[0m
ARTICLE GENERATION COMPLETE - Article #19
[0;32m2025-09-17 22:15:27 - Skipping review - moving to next article[0m
[0;32m2025-09-17 22:15:27 - Completed: 19[0m
[0;34m2025-09-17 22:15:32 - Starting generation for: 20[0m
[1;33m2025-09-17 22:15:32 - Running article generation...[0m
ARTICLE GENERATION COMPLETE - Article #20
[0;32m2025-09-17 22:17:00 - Skipping review - moving to next article[0m
[0;32m2025-09-17 22:17:00 - Completed: 20[0m
