[0;34m2025-09-17 22:37:13 - Starting Article Generation Cycle for template: weight-loss[0m
[0;32m2025-09-17 22:37:13 - Using existing worktree: ../templata-weight-loss[0m
[1;33m2025-09-17 22:37:13 - Creating template blog file: blogs-weight-loss.ts[0m
[0;32m2025-09-17 22:37:13 - Created template blog file: ../templata-weight-loss/src/registry/blogs-weight-loss.ts[0m
[0;34m2025-09-17 22:37:13 - Starting generation for: 1[0m
[1;33m2025-09-17 22:37:13 - Running article generation...[0m
ARTICLE GENERATION COMPLETE - Article #1
[0;32m2025-09-17 22:38:26 - Skipping review - moving to next article[0m
[0;32m2025-09-17 22:38:26 - Completed: 1[0m
[0;34m2025-09-17 22:38:31 - Starting generation for: 2[0m
[1;33m2025-09-17 22:38:31 - Running article generation...[0m
ARTICLE GENERATION COMPLETE - Article #2
[0;32m2025-09-17 22:39:48 - Skipping review - moving to next article[0m
[0;32m2025-09-17 22:39:48 - Completed: 2[0m
[0;34m2025-09-17 22:39:53 - Starting generation for: 3[0m
[1;33m2025-09-17 22:39:53 - Running article generation...[0m
ARTICLE GENERATION COMPLETE - Article #3
[0;32m2025-09-17 22:41:16 - Skipping review - moving to next article[0m
[0;32m2025-09-17 22:41:16 - Completed: 3[0m
[0;34m2025-09-17 22:41:21 - Starting generation for: 4[0m
[1;33m2025-09-17 22:41:21 - Running article generation...[0m
ARTICLE GENERATION COMPLETE - Article #4
[0;32m2025-09-17 22:42:40 - Skipping review - moving to next article[0m
[0;32m2025-09-17 22:42:40 - Completed: 4[0m
[0;34m2025-09-17 22:42:45 - Starting generation for: 5[0m
[1;33m2025-09-17 22:42:45 - Running article generation...[0m
ARTICLE GENERATION COMPLETE - Article #5
[0;32m2025-09-17 22:44:31 - Skipping review - moving to next article[0m
[0;32m2025-09-17 22:44:31 - Completed: 5[0m
[0;34m2025-09-17 22:44:36 - Starting generation for: 6[0m
[1;33m2025-09-17 22:44:36 - Running article generation...[0m
ARTICLE GENERATION COMPLETE - Article #6
[0;32m2025-09-17 22:46:12 - Skipping review - moving to next article[0m
[0;32m2025-09-17 22:46:12 - Completed: 6[0m
[0;34m2025-09-17 22:46:17 - Starting generation for: 7[0m
[1;33m2025-09-17 22:46:17 - Running article generation...[0m
ARTICLE GENERATION COMPLETE - Article #7
[0;32m2025-09-17 22:48:15 - Skipping review - moving to next article[0m
[0;32m2025-09-17 22:48:15 - Completed: 7[0m
[0;34m2025-09-17 22:48:20 - Starting generation for: 8[0m
[1;33m2025-09-17 22:48:20 - Running article generation...[0m
ARTICLE GENERATION COMPLETE - Article #8
[0;32m2025-09-17 22:49:58 - Skipping review - moving to next article[0m
[0;32m2025-09-17 22:49:58 - Completed: 8[0m
[0;34m2025-09-17 22:50:03 - Starting generation for: 9[0m
[1;33m2025-09-17 22:50:03 - Running article generation...[0m
ARTICLE GENERATION COMPLETE - Article #9
[0;32m2025-09-17 22:51:39 - Skipping review - moving to next article[0m
[0;32m2025-09-17 22:51:39 - Completed: 9[0m
[0;34m2025-09-17 22:51:44 - Starting generation for: 10[0m
[1;33m2025-09-17 22:51:44 - Running article generation...[0m
ARTICLE GENERATION COMPLETE - Article #10
[0;32m2025-09-17 22:54:25 - Skipping review - moving to next article[0m
[0;32m2025-09-17 22:54:25 - Completed: 10[0m
[0;34m2025-09-17 22:54:30 - Starting generation for: 11[0m
[1;33m2025-09-17 22:54:30 - Running article generation...[0m
ARTICLE GENERATION COMPLETE - Article #11
[0;32m2025-09-17 22:57:10 - Skipping review - moving to next article[0m
[0;32m2025-09-17 22:57:10 - Completed: 11[0m
[0;34m2025-09-17 22:57:15 - Starting generation for: 12[0m
[1;33m2025-09-17 22:57:15 - Running article generation...[0m
ARTICLE GENERATION COMPLETE - Article #12
[0;32m2025-09-17 22:59:45 - Skipping review - moving to next article[0m
[0;32m2025-09-17 22:59:45 - Completed: 12[0m
[0;34m2025-09-17 22:59:50 - Starting generation for: 13[0m
[1;33m2025-09-17 22:59:50 - Running article generation...[0m
ARTICLE GENERATION COMPLETE - Article #13
[0;32m2025-09-17 23:02:22 - Skipping review - moving to next article[0m
[0;32m2025-09-17 23:02:22 - Completed: 13[0m
[0;34m2025-09-17 23:02:27 - Starting generation for: 14[0m
[1;33m2025-09-17 23:02:27 - Running article generation...[0m
ARTICLE GENERATION COMPLETE - Article #14
[0;32m2025-09-17 23:06:34 - Skipping review - moving to next article[0m
[0;32m2025-09-17 23:06:34 - Completed: 14[0m
[0;34m2025-09-17 23:06:39 - Starting generation for: 15[0m
[1;33m2025-09-17 23:06:39 - Running article generation...[0m
ARTICLE GENERATION COMPLETE - Article #15
[0;32m2025-09-17 23:08:12 - Skipping review - moving to next article[0m
[0;32m2025-09-17 23:08:12 - Completed: 15[0m
[0;34m2025-09-17 23:08:17 - Starting generation for: 16[0m
[1;33m2025-09-17 23:08:17 - Running article generation...[0m
Perfect! I've successfully added Article #16 to the weight loss blog registry. The article follows all the master prompt guidelines:

- **1,200-1,600 words** (approximately 1,400 words)
- **Sophisticated, caring voice** without being pretentious
- **Author: "Templata"**
- **Category: "Personal Life"**
- **No first person usage** ("I", "my", "we")
- **Minimal bullet points** - written in flowing, engaging paragraphs
- **Weight loss context** focused on portion control and mindful eating
- **Comprehensive but not overwhelming** approach
- **Evidence-based strategies** that feel practical and sustainable

The article covers:
- Understanding hunger and fullness signals
- Psychology of eating environment 
- Practical mindful eating techniques
- Strategic meal planning
- Building sustainable portion awareness
- Creating personalized strategies

It's structured as a beginner-friendly guide with proper SEO metadata and relevant tags for the weight loss template.

ARTICLE GENERATION COMPLETE - Article #16
[0;32m2025-09-17 23:10:44 - Skipping review - moving to next article[0m
[0;32m2025-09-17 23:10:44 - Completed: 16[0m
[0;34m2025-09-17 23:10:49 - Starting generation for: 17[0m
[1;33m2025-09-17 23:10:49 - Running article generation...[0m
ARTICLE GENERATION COMPLETE - Article #17
[0;32m2025-09-17 23:13:31 - Skipping review - moving to next article[0m
[0;32m2025-09-17 23:13:31 - Completed: 17[0m
[0;34m2025-09-17 23:13:36 - Starting generation for: 18[0m
[1;33m2025-09-17 23:13:36 - Running article generation...[0m
ARTICLE GENERATION COMPLETE - Article #18
[0;32m2025-09-17 23:19:23 - Skipping review - moving to next article[0m
[0;32m2025-09-17 23:19:23 - Completed: 18[0m
[0;34m2025-09-17 23:19:28 - Starting generation for: 19[0m
[1;33m2025-09-17 23:19:28 - Running article generation...[0m
ARTICLE GENERATION COMPLETE - Article #19
[0;32m2025-09-17 23:21:11 - Skipping review - moving to next article[0m
[0;32m2025-09-17 23:21:11 - Completed: 19[0m
[0;34m2025-09-17 23:21:16 - Starting generation for: 20[0m
[1;33m2025-09-17 23:21:16 - Running article generation...[0m
ARTICLE GENERATION COMPLETE - Article #20
[0;32m2025-09-17 23:23:46 - Skipping review - moving to next article[0m
[0;32m2025-09-17 23:23:46 - Completed: 20[0m
