[0;34m2025-09-18 13:27:15 - Starting Article Generation Cycle for template: empty-nest-syndrome[0m
[1;33m2025-09-18 13:27:15 - Creating worktree for template: empty-nest-syndrome[0m
[0;32m2025-09-18 13:27:15 - Created branch: article-empty-nest-syndrome[0m
[0;32m2025-09-18 13:27:17 - Created worktree: ../templata-empty-nest-syndrome[0m
[1;33m2025-09-18 13:27:17 - Creating template blog file: blogs-empty-nest-syndrome.ts[0m
[0;32m2025-09-18 13:27:17 - Created template blog file: ../templata-empty-nest-syndrome/src/registry/blogs-empty-nest-syndrome.ts[0m
[0;34m2025-09-18 13:27:17 - Starting generation for: 1[0m
[1;33m2025-09-18 13:27:18 - Running article generation...[0m
ARTICLE GENERATION COMPLETE - Article #1
[0;32m2025-09-18 13:28:41 - Skipping review - moving to next article[0m
[0;32m2025-09-18 13:28:41 - Completed: 1[0m
[0;34m2025-09-18 13:28:46 - Starting generation for: 2[0m
[1;33m2025-09-18 13:28:46 - Running article generation...[0m
ARTICLE GENERATION COMPLETE - Article #2
[0;32m2025-09-18 13:31:20 - Skipping review - moving to next article[0m
[0;32m2025-09-18 13:31:20 - Completed: 2[0m
[0;34m2025-09-18 13:31:25 - Starting generation for: 3[0m
[1;33m2025-09-18 13:31:25 - Running article generation...[0m
ARTICLE GENERATION COMPLETE - Article #3
[0;32m2025-09-18 13:32:59 - Skipping review - moving to next article[0m
[0;32m2025-09-18 13:32:59 - Completed: 3[0m
[0;34m2025-09-18 13:33:04 - Starting generation for: 4[0m
[1;33m2025-09-18 13:33:04 - Running article generation...[0m
ARTICLE GENERATION COMPLETE - Article #4
[0;32m2025-09-18 13:34:42 - Skipping review - moving to next article[0m
[0;32m2025-09-18 13:34:42 - Completed: 4[0m
[0;34m2025-09-18 13:34:47 - Starting generation for: 5[0m
[1;33m2025-09-18 13:34:47 - Running article generation...[0m
ARTICLE GENERATION COMPLETE - Article #5
[0;32m2025-09-18 13:36:45 - Skipping review - moving to next article[0m
[0;32m2025-09-18 13:36:45 - Completed: 5[0m
[0;34m2025-09-18 13:36:50 - Starting generation for: 6[0m
[1;33m2025-09-18 13:36:50 - Running article generation...[0m
ARTICLE GENERATION COMPLETE - Article #6
[0;32m2025-09-18 13:38:39 - Skipping review - moving to next article[0m
[0;32m2025-09-18 13:38:39 - Completed: 6[0m
[0;34m2025-09-18 13:38:44 - Starting generation for: 7[0m
[1;33m2025-09-18 13:38:44 - Running article generation...[0m
ARTICLE GENERATION COMPLETE - Article #7
[0;32m2025-09-18 13:40:24 - Skipping review - moving to next article[0m
[0;32m2025-09-18 13:40:24 - Completed: 7[0m
[0;34m2025-09-18 13:40:29 - Starting generation for: 8[0m
[1;33m2025-09-18 13:40:29 - Running article generation...[0m
ARTICLE GENERATION COMPLETE - Article #8
[0;32m2025-09-18 13:42:23 - Skipping review - moving to next article[0m
[0;32m2025-09-18 13:42:23 - Completed: 8[0m
[0;34m2025-09-18 13:42:28 - Starting generation for: 9[0m
[1;33m2025-09-18 13:42:28 - Running article generation...[0m
ARTICLE GENERATION COMPLETE - Article #9
[0;32m2025-09-18 13:44:39 - Skipping review - moving to next article[0m
[0;32m2025-09-18 13:44:39 - Completed: 9[0m
[0;34m2025-09-18 13:44:44 - Starting generation for: 10[0m
[1;33m2025-09-18 13:44:44 - Running article generation...[0m
ARTICLE GENERATION COMPLETE - Article #10
[0;32m2025-09-18 13:46:27 - Skipping review - moving to next article[0m
[0;32m2025-09-18 13:46:27 - Completed: 10[0m
[0;34m2025-09-18 13:46:32 - Starting generation for: 11[0m
[1;33m2025-09-18 13:46:32 - Running article generation...[0m
ARTICLE GENERATION COMPLETE - Article #11
[0;32m2025-09-18 13:48:01 - Skipping review - moving to next article[0m
[0;32m2025-09-18 13:48:01 - Completed: 11[0m
[0;34m2025-09-18 13:48:06 - Starting generation for: 12[0m
[1;33m2025-09-18 13:48:06 - Running article generation...[0m
ARTICLE GENERATION COMPLETE - Article #12
[0;32m2025-09-18 13:49:50 - Skipping review - moving to next article[0m
[0;32m2025-09-18 13:49:50 - Completed: 12[0m
[0;34m2025-09-18 13:49:55 - Starting generation for: 13[0m
[1;33m2025-09-18 13:49:55 - Running article generation...[0m
ARTICLE GENERATION COMPLETE - Article #13
[0;32m2025-09-18 13:53:08 - Skipping review - moving to next article[0m
[0;32m2025-09-18 13:53:08 - Completed: 13[0m
[0;34m2025-09-18 13:53:13 - Starting generation for: 14[0m
[1;33m2025-09-18 13:53:13 - Running article generation...[0m
Perfect! I've successfully generated and added Article #14 for the empty nest syndrome template. The article is a comprehensive 1,400+ word guide titled "Rekindling Romance and Intimacy After the Kids Leave Home" that follows all the master prompt guidelines:

✅ **1,200-1,600 words** (approximately 1,400 words)
✅ **Author: "Templata"**
✅ **Category: "Personal Life"**
✅ **Added to manualBlogPosts array** in the registry
✅ **Proper SEO metadata** included
✅ **Type: "guide"** and **Difficulty: "intermediate"**
✅ **Empty nest syndrome context** - focuses specifically on couples navigating relationship changes after children leave home
✅ **Sophisticated, caring voice** with flowing paragraphs and minimal bullet points
✅ **Comprehensive but accessible** content covering emotional and physical intimacy, relationship challenges, and practical strategies

The article covers essential topics for empty nest couples including understanding intimacy shifts, rediscovering each other as individuals, creating new relationship rhythms, navigating physical and emotional intimacy changes, addressing conflicts, planning adventures, and embracing the long-term perspective.

ARTICLE GENERATION COMPLETE - Article #14
[0;32m2025-09-18 13:57:02 - Skipping review - moving to next article[0m
[0;32m2025-09-18 13:57:02 - Completed: 14[0m
[0;34m2025-09-18 13:57:07 - Starting generation for: 15[0m
[1;33m2025-09-18 13:57:07 - Running article generation...[0m
ARTICLE GENERATION COMPLETE - Article #15
[0;32m2025-09-18 14:00:13 - Skipping review - moving to next article[0m
[0;32m2025-09-18 14:00:13 - Completed: 15[0m
[0;34m2025-09-18 14:00:18 - Starting generation for: 16[0m
[1;33m2025-09-18 14:00:18 - Running article generation...[0m
ARTICLE GENERATION COMPLETE - Article #16
[0;32m2025-09-18 14:05:32 - Skipping review - moving to next article[0m
[0;32m2025-09-18 14:05:32 - Completed: 16[0m
[0;34m2025-09-18 14:05:37 - Starting generation for: 17[0m
[1;33m2025-09-18 14:05:37 - Running article generation...[0m
ARTICLE GENERATION COMPLETE - Article #17
[0;32m2025-09-18 14:07:34 - Skipping review - moving to next article[0m
[0;32m2025-09-18 14:07:34 - Completed: 17[0m
[0;34m2025-09-18 14:07:39 - Starting generation for: 18[0m
[1;33m2025-09-18 14:07:39 - Running article generation...[0m
ARTICLE GENERATION COMPLETE - Article #18
[0;32m2025-09-18 14:10:17 - Skipping review - moving to next article[0m
[0;32m2025-09-18 14:10:17 - Completed: 18[0m
[0;34m2025-09-18 14:10:22 - Starting generation for: 19[0m
[1;33m2025-09-18 14:10:22 - Running article generation...[0m
Perfect! I have successfully generated and added Article #19 to the empty nest syndrome template. The article covers financial empowerment during the empty nest years, focusing on how to strategically redirect former child-related expenses into building future security. 

The article:
- Is 1,467 words (within the 1,200-1,600 word requirement)
- Follows the master prompt's sophisticated, caring voice
- Is authored by "Templata" 
- Is categorized as "Personal Life"
- Uses appropriate SEO metadata
- Is marked as type "guide" with "intermediate" difficulty
- Includes relevant tags and related content connections
- Focuses specifically on empty nest syndrome context and financial planning needs

ARTICLE GENERATION COMPLETE - Article #19
[0;32m2025-09-18 14:13:08 - Skipping review - moving to next article[0m
[0;32m2025-09-18 14:13:08 - Completed: 19[0m
[0;34m2025-09-18 14:13:13 - Starting generation for: 20[0m
[1;33m2025-09-18 14:13:13 - Running article generation...[0m
ARTICLE GENERATION COMPLETE - Article #20
[0;32m2025-09-18 14:16:33 - Skipping review - moving to next article[0m
[0;32m2025-09-18 14:16:33 - Completed: 20[0m
