[0;34m2025-09-18 10:37:36 - Starting Article Generation Cycle for template: bankruptcy-recovery[0m
[0;32m2025-09-18 10:37:36 - Using existing worktree: ../templata-bankruptcy-recovery[0m
[1;33m2025-09-18 10:37:36 - Creating template blog file: blogs-bankruptcy-recovery.ts[0m
[0;32m2025-09-18 10:37:36 - Created template blog file: ../templata-bankruptcy-recovery/src/registry/blogs-bankruptcy-recovery.ts[0m
[0;34m2025-09-18 10:37:36 - Starting generation for: 1[0m
[1;33m2025-09-18 10:37:36 - Running article generation...[0m
ARTICLE GENERATION COMPLETE - Article #1
[0;32m2025-09-18 10:38:58 - Skipping review - moving to next article[0m
[0;32m2025-09-18 10:38:58 - Completed: 1[0m
[0;34m2025-09-18 10:39:03 - Starting generation for: 2[0m
[1;33m2025-09-18 10:39:03 - Running article generation...[0m
ARTICLE GENERATION COMPLETE - Article #2
[0;32m2025-09-18 10:41:30 - Skipping review - moving to next article[0m
[0;32m2025-09-18 10:41:30 - Completed: 2[0m
[0;34m2025-09-18 10:41:35 - Starting generation for: 3[0m
[1;33m2025-09-18 10:41:35 - Running article generation...[0m
ARTICLE GENERATION COMPLETE - Article #3
[0;32m2025-09-18 10:43:30 - Skipping review - moving to next article[0m
[0;32m2025-09-18 10:43:30 - Completed: 3[0m
[0;34m2025-09-18 10:43:35 - Starting generation for: 4[0m
[1;33m2025-09-18 10:43:35 - Running article generation...[0m
ARTICLE GENERATION COMPLETE - Article #4
[0;32m2025-09-18 10:45:25 - Skipping review - moving to next article[0m
[0;32m2025-09-18 10:45:25 - Completed: 4[0m
[0;34m2025-09-18 10:45:30 - Starting generation for: 5[0m
[1;33m2025-09-18 10:45:30 - Running article generation...[0m
ARTICLE GENERATION COMPLETE - Article #5
[0;32m2025-09-18 10:47:21 - Skipping review - moving to next article[0m
[0;32m2025-09-18 10:47:21 - Completed: 5[0m
[0;34m2025-09-18 10:47:26 - Starting generation for: 6[0m
[1;33m2025-09-18 10:47:26 - Running article generation...[0m
ARTICLE GENERATION COMPLETE - Article #6
[0;32m2025-09-18 10:49:39 - Skipping review - moving to next article[0m
[0;32m2025-09-18 10:49:39 - Completed: 6[0m
[0;34m2025-09-18 10:49:44 - Starting generation for: 7[0m
[1;33m2025-09-18 10:49:44 - Running article generation...[0m
ARTICLE GENERATION COMPLETE - Article #7
[0;32m2025-09-18 10:51:55 - Skipping review - moving to next article[0m
[0;32m2025-09-18 10:51:55 - Completed: 7[0m
[0;34m2025-09-18 10:52:00 - Starting generation for: 8[0m
[1;33m2025-09-18 10:52:00 - Running article generation...[0m
ARTICLE GENERATION COMPLETE - Article #8
[0;32m2025-09-18 10:54:05 - Skipping review - moving to next article[0m
[0;32m2025-09-18 10:54:05 - Completed: 8[0m
[0;34m2025-09-18 10:54:10 - Starting generation for: 9[0m
[1;33m2025-09-18 10:54:10 - Running article generation...[0m
Perfect! I've successfully created and added Article #9 to the bankruptcy recovery template. The article is titled "From Bankruptcy to Building Wealth: Creating Long-Term Financial Security" and covers:

- **1,427 words** (11 min read) - within the required 1,200-1,600 word range
- Follows the master prompt guidelines with sophisticated, caring voice
- Author: "Templata" 
- Category: "Personal Life"
- Type: "guide", Difficulty: "intermediate"
- Comprehensive SEO metadata included
- Relevant tags focused on bankruptcy recovery and wealth building
- Related templates and posts linked appropriately

The article provides strategic guidance for transforming bankruptcy recovery into long-term wealth building, covering topics like:
- Redefining financial security after bankruptcy
- Strategic savings beyond emergency funds  
- Investment strategies built on recovery wisdom
- Building multiple income streams
- Long-term wealth protection strategies
- Turning recovery discipline into wealth habits

The content maintains the warm, encouraging tone while providing sophisticated financial advice that respects the reader's intelligence and experience.

ARTICLE GENERATION COMPLETE - Article #9
[0;32m2025-09-18 10:56:13 - Skipping review - moving to next article[0m
[0;32m2025-09-18 10:56:13 - Completed: 9[0m
[0;34m2025-09-18 10:56:18 - Starting generation for: 10[0m
[1;33m2025-09-18 10:56:18 - Running article generation...[0m
ARTICLE GENERATION COMPLETE - Article #10
[0;32m2025-09-18 12:01:57 - Skipping review - moving to next article[0m
[0;32m2025-09-18 12:01:57 - Completed: 10[0m
[0;34m2025-09-18 12:02:02 - Starting generation for: 11[0m
[1;33m2025-09-18 12:02:02 - Running article generation...[0m
ARTICLE GENERATION COMPLETE - Article #11
[0;32m2025-09-18 12:03:53 - Skipping review - moving to next article[0m
[0;32m2025-09-18 12:03:53 - Completed: 11[0m
[0;34m2025-09-18 12:03:58 - Starting generation for: 12[0m
[1;33m2025-09-18 12:03:58 - Running article generation...[0m
ARTICLE GENERATION COMPLETE - Article #12
[0;32m2025-09-18 12:05:25 - Skipping review - moving to next article[0m
[0;32m2025-09-18 12:05:25 - Completed: 12[0m
[0;34m2025-09-18 12:05:30 - Starting generation for: 13[0m
[1;33m2025-09-18 12:05:30 - Running article generation...[0m
Perfect! I have successfully created and added Article #13 to the bankruptcy recovery template. The article covers "Navigating Employment and Career Challenges After Bankruptcy" and follows all the requirements:

✅ **Word Count**: 1,400+ words (11 min read - within the 8-12 minute target)
✅ **Master Prompt Guidelines**: Sophisticated, caring voice with flowing paragraphs
✅ **Author**: "Templata" 
✅ **Category**: "Personal Life"
✅ **Added to Registry**: Successfully added to `manualBlogPosts` array in `src/registry/blogs-bankruptcy-recovery.ts`
✅ **SEO Metadata**: Complete with metaTitle, metaDescription, and ogImage
✅ **Article Details**: Type "guide", difficulty "intermediate"
✅ **Relevant Topic**: Focused on employment and career strategies during bankruptcy recovery
✅ **Proper Structure**: Well-organized with clear sections covering employment protections, job search strategies, workplace credibility, and long-term career planning

The article provides valuable, actionable guidance for people navigating employment challenges during bankruptcy recovery, covering legal protections, strategic approaches, and professional development opportunities.

ARTICLE GENERATION COMPLETE - Article #13
[0;32m2025-09-18 12:08:10 - Skipping review - moving to next article[0m
[0;32m2025-09-18 12:08:10 - Completed: 13[0m
[0;34m2025-09-18 12:08:15 - Starting generation for: 14[0m
[1;33m2025-09-18 12:08:15 - Running article generation...[0m
ARTICLE GENERATION COMPLETE - Article #14
[0;32m2025-09-18 12:09:54 - Skipping review - moving to next article[0m
[0;32m2025-09-18 12:09:54 - Completed: 14[0m
[0;34m2025-09-18 12:09:59 - Starting generation for: 15[0m
[1;33m2025-09-18 12:09:59 - Running article generation...[0m
ARTICLE GENERATION COMPLETE - Article #15
[0;32m2025-09-18 12:11:48 - Skipping review - moving to next article[0m
[0;32m2025-09-18 12:11:48 - Completed: 15[0m
[0;34m2025-09-18 12:11:53 - Starting generation for: 16[0m
[1;33m2025-09-18 12:11:53 - Running article generation...[0m
ARTICLE GENERATION COMPLETE - Article #16
[0;32m2025-09-18 12:15:10 - Skipping review - moving to next article[0m
[0;32m2025-09-18 12:15:10 - Completed: 16[0m
[0;34m2025-09-18 12:15:15 - Starting generation for: 17[0m
[1;33m2025-09-18 12:15:15 - Running article generation...[0m
ARTICLE GENERATION COMPLETE - Article #17
[0;32m2025-09-18 12:16:46 - Skipping review - moving to next article[0m
[0;32m2025-09-18 12:16:46 - Completed: 17[0m
[0;34m2025-09-18 12:16:51 - Starting generation for: 18[0m
[1;33m2025-09-18 12:16:51 - Running article generation...[0m
ARTICLE GENERATION COMPLETE - Article #18
[0;32m2025-09-18 12:18:29 - Skipping review - moving to next article[0m
[0;32m2025-09-18 12:18:29 - Completed: 18[0m
[0;34m2025-09-18 12:18:34 - Starting generation for: 19[0m
[1;33m2025-09-18 12:18:34 - Running article generation...[0m
ARTICLE GENERATION COMPLETE - Article #19
[0;32m2025-09-18 12:20:33 - Skipping review - moving to next article[0m
[0;32m2025-09-18 12:20:33 - Completed: 19[0m
[0;34m2025-09-18 12:20:38 - Starting generation for: 20[0m
[1;33m2025-09-18 12:20:38 - Running article generation...[0m
ARTICLE GENERATION COMPLETE - Article #20
[0;32m2025-09-18 12:22:08 - Skipping review - moving to next article[0m
[0;32m2025-09-18 12:22:08 - Completed: 20[0m
