[0;34m2025-09-18 19:28:32 - Starting Article Generation Cycle for template: mental-health-college[0m
[1;33m2025-09-18 19:28:32 - Creating worktree for template: mental-health-college[0m
[0;32m2025-09-18 19:28:32 - Created branch: article-mental-health-college[0m
[0;32m2025-09-18 19:28:34 - Created worktree: ../templata-mental-health-college[0m
[1;33m2025-09-18 19:28:34 - Creating template blog file: blogs-mental-health-college.ts[0m
[0;32m2025-09-18 19:28:34 - Created template blog file: ../templata-mental-health-college/src/registry/blogs-mental-health-college.ts[0m
[0;34m2025-09-18 19:28:34 - Starting generation for: 1[0m
[1;33m2025-09-18 19:28:34 - Running article generation...[0m
[0;34m2025-09-18 19:29:24 - Starting Article Generation Cycle for template: mental-health-college[0m
[0;32m2025-09-18 19:29:24 - Using existing worktree: ../templata-mental-health-college[0m
[0;34m2025-09-18 19:29:24 - Starting generation for: 1[0m
[1;33m2025-09-18 19:29:24 - Running article generation...[0m
ARTICLE GENERATION COMPLETE - Article #1
[0;32m2025-09-18 19:29:36 - Skipping review - moving to next article[0m
[0;32m2025-09-18 19:29:36 - Completed: 1[0m
[0;34m2025-09-18 19:29:41 - Starting generation for: 2[0m
[1;33m2025-09-18 19:29:41 - Running article generation...[0m
ARTICLE GENERATION COMPLETE - Article #1
Perfect! I can see that Article #2 has already been generated and added to the blog registry. The article "Building Resilience: How to Bounce Back from Mental Health Setbacks in College" is a comprehensive 1,400+ word piece that:

- Follows the master prompt guidelines with sophisticated, caring voice
- Is authored by "Templata" 
- Categorized as "Personal Life"
- Has proper SEO metadata
- Is marked as "article" type with "intermediate" difficulty
- Focuses specifically on mental health resilience in the college context
- Contains flowing, engaging paragraphs rather than bullet points
- Provides practical, evidence-based strategies
- Maintains the warm, encouraging tone while being genuinely helpful

The article covers crucial topics like reframing setbacks, building self-care toolkits, social support, cognitive flexibility, and crisis planning - all highly relevant for college students managing mental health challenges.

ARTICLE GENERATION COMPLETE - Article #2
[0;34m2025-09-19 15:37:51 - Starting Article Generation Cycle for template: mental-health-college[0m
[0;32m2025-09-19 15:37:51 - Using existing worktree: ../templata-mental-health-college[0m
[0;34m2025-09-19 15:37:51 - Starting generation for: 2[0m
[1;33m2025-09-19 15:37:51 - Running article generation...[0m
ARTICLE GENERATION COMPLETE - Article #2
[0;32m2025-09-19 15:39:09 - Skipping review - moving to next article[0m
[0;32m2025-09-19 15:39:09 - Completed: 2[0m
[0;34m2025-09-19 15:39:14 - Starting generation for: 3[0m
[1;33m2025-09-19 15:39:14 - Running article generation...[0m
ARTICLE GENERATION COMPLETE - Article #3
[0;32m2025-09-19 15:40:28 - Skipping review - moving to next article[0m
[0;32m2025-09-19 15:40:28 - Completed: 3[0m
[0;34m2025-09-19 15:40:33 - Starting generation for: 4[0m
[1;33m2025-09-19 15:40:33 - Running article generation...[0m
ARTICLE GENERATION COMPLETE - Article #4
[0;32m2025-09-19 15:41:51 - Skipping review - moving to next article[0m
[0;32m2025-09-19 15:41:51 - Completed: 4[0m
[0;34m2025-09-19 15:41:56 - Starting generation for: 5[0m
[1;33m2025-09-19 15:41:56 - Running article generation...[0m
ARTICLE GENERATION COMPLETE - Article #5
[0;32m2025-09-19 15:43:30 - Skipping review - moving to next article[0m
[0;32m2025-09-19 15:43:30 - Completed: 5[0m
[0;34m2025-09-19 15:43:35 - Starting generation for: 6[0m
[1;33m2025-09-19 15:43:35 - Running article generation...[0m
ARTICLE GENERATION COMPLETE - Article #6
[0;32m2025-09-19 15:44:54 - Skipping review - moving to next article[0m
[0;32m2025-09-19 15:44:54 - Completed: 6[0m
[0;34m2025-09-19 15:44:59 - Starting generation for: 7[0m
[1;33m2025-09-19 15:44:59 - Running article generation...[0m
ARTICLE GENERATION COMPLETE - Article #7
[0;32m2025-09-19 15:46:15 - Skipping review - moving to next article[0m
[0;32m2025-09-19 15:46:15 - Completed: 7[0m
[0;34m2025-09-19 15:46:20 - Starting generation for: 8[0m
[1;33m2025-09-19 15:46:20 - Running article generation...[0m
ARTICLE GENERATION COMPLETE - Article #8
[0;32m2025-09-19 15:47:27 - Skipping review - moving to next article[0m
[0;32m2025-09-19 15:47:27 - Completed: 8[0m
[0;34m2025-09-19 15:47:32 - Starting generation for: 9[0m
[1;33m2025-09-19 15:47:32 - Running article generation...[0m
ARTICLE GENERATION COMPLETE - Article #9
[0;32m2025-09-19 15:49:01 - Skipping review - moving to next article[0m
[0;32m2025-09-19 15:49:01 - Completed: 9[0m
[0;34m2025-09-19 15:49:06 - Starting generation for: 10[0m
[1;33m2025-09-19 15:49:06 - Running article generation...[0m
ARTICLE GENERATION COMPLETE - Article #10
[0;32m2025-09-19 15:50:26 - Skipping review - moving to next article[0m
[0;32m2025-09-19 15:50:26 - Completed: 10[0m
[0;34m2025-09-19 15:50:31 - Starting generation for: 11[0m
[1;33m2025-09-19 15:50:31 - Running article generation...[0m
ARTICLE GENERATION COMPLETE - Article #11
[0;32m2025-09-19 15:51:53 - Skipping review - moving to next article[0m
[0;32m2025-09-19 15:51:53 - Completed: 11[0m
[0;34m2025-09-19 15:51:58 - Starting generation for: 12[0m
[1;33m2025-09-19 15:51:58 - Running article generation...[0m
ARTICLE GENERATION COMPLETE - Article #12
[0;32m2025-09-19 15:53:26 - Skipping review - moving to next article[0m
[0;32m2025-09-19 15:53:26 - Completed: 12[0m
[0;34m2025-09-19 15:53:31 - Starting generation for: 13[0m
[1;33m2025-09-19 15:53:31 - Running article generation...[0m
ARTICLE GENERATION COMPLETE - Article #13
[0;32m2025-09-19 15:54:43 - Skipping review - moving to next article[0m
[0;32m2025-09-19 15:54:43 - Completed: 13[0m
[0;34m2025-09-19 15:54:48 - Starting generation for: 14[0m
[1;33m2025-09-19 15:54:48 - Running article generation...[0m
ARTICLE GENERATION COMPLETE - Article #14
[0;32m2025-09-19 15:57:05 - Skipping review - moving to next article[0m
[0;32m2025-09-19 15:57:05 - Completed: 14[0m
[0;34m2025-09-19 15:57:10 - Starting generation for: 15[0m
[1;33m2025-09-19 15:57:10 - Running article generation...[0m
ARTICLE GENERATION COMPLETE - Article #15
[0;32m2025-09-19 15:59:17 - Skipping review - moving to next article[0m
[0;32m2025-09-19 15:59:17 - Completed: 15[0m
[0;34m2025-09-19 15:59:22 - Starting generation for: 16[0m
[1;33m2025-09-19 15:59:22 - Running article generation...[0m
ARTICLE GENERATION COMPLETE - Article #16
[0;32m2025-09-19 16:00:57 - Skipping review - moving to next article[0m
[0;32m2025-09-19 16:00:57 - Completed: 16[0m
[0;34m2025-09-19 16:01:02 - Starting generation for: 17[0m
[1;33m2025-09-19 16:01:02 - Running article generation...[0m
ARTICLE GENERATION COMPLETE - Article #17
[0;32m2025-09-19 16:02:31 - Skipping review - moving to next article[0m
[0;32m2025-09-19 16:02:31 - Completed: 17[0m
[0;34m2025-09-19 16:02:36 - Starting generation for: 18[0m
[1;33m2025-09-19 16:02:36 - Running article generation...[0m
ARTICLE GENERATION COMPLETE - Article #18
[0;32m2025-09-19 16:03:51 - Skipping review - moving to next article[0m
[0;32m2025-09-19 16:03:51 - Completed: 18[0m
[0;34m2025-09-19 16:03:57 - Starting generation for: 19[0m
[1;33m2025-09-19 16:03:57 - Running article generation...[0m
ARTICLE GENERATION COMPLETE - Article #19
[0;32m2025-09-19 16:05:30 - Skipping review - moving to next article[0m
[0;32m2025-09-19 16:05:30 - Completed: 19[0m
[0;34m2025-09-19 16:05:35 - Starting generation for: 20[0m
[1;33m2025-09-19 16:05:35 - Running article generation...[0m
ARTICLE GENERATION COMPLETE - Article #20
[0;32m2025-09-19 16:07:41 - Skipping review - moving to next article[0m
[0;32m2025-09-19 16:07:41 - Completed: 20[0m
