[0;34m2025-09-17 16:06:37 - Starting Article Generation Cycle for template: hobby-photography[0m
[0;32m2025-09-17 16:06:37 - Using existing worktree: ../templata-hobby-photography[0m
[1;33m2025-09-17 16:06:37 - Creating template blog file: blogs-hobby-photography.ts[0m
[0;32m2025-09-17 16:06:38 - Created template blog file: ../templata-hobby-photography/src/registry/blogs-hobby-photography.ts[0m
[0;34m2025-09-17 16:06:38 - Starting generation for: 1[0m
[1;33m2025-09-17 16:06:38 - Running article generation...[0m
API Error: Connection error.
[0;32m2025-09-17 17:11:43 - Skipping review - moving to next article[0m
[0;32m2025-09-17 17:11:43 - Completed: 1[0m
[0;34m2025-09-17 17:22:10 - Starting generation for: 2[0m
[1;33m2025-09-17 17:22:10 - Running article generation...[0m
[0;34m2025-09-17 18:51:06 - Starting Article Generation Cycle for template: hobby-photography[0m
[0;32m2025-09-17 18:51:06 - Using existing worktree: ../templata-hobby-photography[0m
[0;34m2025-09-17 18:51:06 - Starting generation for: 2[0m
[1;33m2025-09-17 18:51:06 - Running article generation...[0m
ARTICLE GENERATION COMPLETE - Article #2
[0;32m2025-09-17 18:52:14 - Skipping review - moving to next article[0m
[0;32m2025-09-17 18:52:14 - Completed: 2[0m
[0;34m2025-09-17 18:52:19 - Starting generation for: 3[0m
[1;33m2025-09-17 18:52:19 - Running article generation...[0m
ARTICLE GENERATION COMPLETE - Article #3
[0;32m2025-09-17 18:53:40 - Skipping review - moving to next article[0m
[0;32m2025-09-17 18:53:40 - Completed: 3[0m
[0;34m2025-09-17 18:53:45 - Starting generation for: 4[0m
[1;33m2025-09-17 18:53:45 - Running article generation...[0m
ARTICLE GENERATION COMPLETE - Article #4
[0;32m2025-09-17 18:55:03 - Skipping review - moving to next article[0m
[0;32m2025-09-17 18:55:03 - Completed: 4[0m
[0;34m2025-09-17 18:55:08 - Starting generation for: 5[0m
[1;33m2025-09-17 18:55:08 - Running article generation...[0m
ARTICLE GENERATION COMPLETE - Article #5
[0;32m2025-09-17 18:56:30 - Skipping review - moving to next article[0m
[0;32m2025-09-17 18:56:30 - Completed: 5[0m
[0;34m2025-09-17 18:56:35 - Starting generation for: 6[0m
[1;33m2025-09-17 18:56:35 - Running article generation...[0m
ARTICLE GENERATION COMPLETE - Article #6
[0;32m2025-09-17 18:57:40 - Skipping review - moving to next article[0m
[0;32m2025-09-17 18:57:40 - Completed: 6[0m
[0;34m2025-09-17 18:57:45 - Starting generation for: 7[0m
[1;33m2025-09-17 18:57:45 - Running article generation...[0m
ARTICLE GENERATION COMPLETE - Article #7
[0;32m2025-09-17 18:58:54 - Skipping review - moving to next article[0m
[0;32m2025-09-17 18:58:54 - Completed: 7[0m
[0;34m2025-09-17 18:59:00 - Starting generation for: 8[0m
[1;33m2025-09-17 18:59:00 - Running article generation...[0m
ARTICLE GENERATION COMPLETE - Article #8
[0;32m2025-09-17 19:00:42 - Skipping review - moving to next article[0m
[0;32m2025-09-17 19:00:42 - Completed: 8[0m
[0;34m2025-09-17 19:00:47 - Starting generation for: 9[0m
[1;33m2025-09-17 19:00:47 - Running article generation...[0m
ARTICLE GENERATION COMPLETE - Article #9
[0;32m2025-09-17 19:02:07 - Skipping review - moving to next article[0m
[0;32m2025-09-17 19:02:07 - Completed: 9[0m
[0;34m2025-09-17 19:02:12 - Starting generation for: 10[0m
[1;33m2025-09-17 19:02:12 - Running article generation...[0m
ARTICLE GENERATION COMPLETE - Article #10
[0;32m2025-09-17 19:03:40 - Skipping review - moving to next article[0m
[0;32m2025-09-17 19:03:40 - Completed: 10[0m
[0;34m2025-09-17 19:03:45 - Starting generation for: 11[0m
[1;33m2025-09-17 19:03:45 - Running article generation...[0m
ARTICLE GENERATION COMPLETE - Article #11
[0;32m2025-09-17 19:05:10 - Skipping review - moving to next article[0m
[0;32m2025-09-17 19:05:10 - Completed: 11[0m
[0;34m2025-09-17 19:05:15 - Starting generation for: 12[0m
[1;33m2025-09-17 19:05:15 - Running article generation...[0m
ARTICLE GENERATION COMPLETE - Article #12
[0;32m2025-09-17 19:06:34 - Skipping review - moving to next article[0m
[0;32m2025-09-17 19:06:34 - Completed: 12[0m
[0;34m2025-09-17 19:06:39 - Starting generation for: 13[0m
[1;33m2025-09-17 19:06:39 - Running article generation...[0m
ARTICLE GENERATION COMPLETE - Article #13
[0;32m2025-09-17 19:08:09 - Skipping review - moving to next article[0m
[0;32m2025-09-17 19:08:09 - Completed: 13[0m
[0;34m2025-09-17 19:08:14 - Starting generation for: 14[0m
[1;33m2025-09-17 19:08:14 - Running article generation...[0m
ARTICLE GENERATION COMPLETE - Article #14
[0;32m2025-09-17 19:10:36 - Skipping review - moving to next article[0m
[0;32m2025-09-17 19:10:36 - Completed: 14[0m
[0;34m2025-09-17 19:10:41 - Starting generation for: 15[0m
[1;33m2025-09-17 19:10:41 - Running article generation...[0m
ARTICLE GENERATION COMPLETE - Article #15
[0;32m2025-09-17 19:12:09 - Skipping review - moving to next article[0m
[0;32m2025-09-17 19:12:09 - Completed: 15[0m
[0;34m2025-09-17 19:12:14 - Starting generation for: 16[0m
[1;33m2025-09-17 19:12:14 - Running article generation...[0m
ARTICLE GENERATION COMPLETE - Article #16
[0;32m2025-09-17 19:14:40 - Skipping review - moving to next article[0m
[0;32m2025-09-17 19:14:40 - Completed: 16[0m
[0;34m2025-09-17 19:14:45 - Starting generation for: 17[0m
[1;33m2025-09-17 19:14:45 - Running article generation...[0m
ARTICLE GENERATION COMPLETE - Article #17
[0;32m2025-09-17 19:16:57 - Skipping review - moving to next article[0m
[0;32m2025-09-17 19:16:57 - Completed: 17[0m
[0;34m2025-09-17 19:17:02 - Starting generation for: 18[0m
[1;33m2025-09-17 19:17:02 - Running article generation...[0m
ARTICLE GENERATION COMPLETE - Article #18
[0;32m2025-09-17 19:19:23 - Skipping review - moving to next article[0m
[0;32m2025-09-17 19:19:23 - Completed: 18[0m
[0;34m2025-09-17 19:19:28 - Starting generation for: 19[0m
[1;33m2025-09-17 19:19:28 - Running article generation...[0m
ARTICLE GENERATION COMPLETE - Article #19
[0;32m2025-09-17 19:20:56 - Skipping review - moving to next article[0m
[0;32m2025-09-17 19:20:56 - Completed: 19[0m
[0;34m2025-09-17 19:21:01 - Starting generation for: 20[0m
[1;33m2025-09-17 19:21:01 - Running article generation...[0m
ARTICLE GENERATION COMPLETE - Article #20
[0;32m2025-09-17 19:23:32 - Skipping review - moving to next article[0m
[0;32m2025-09-17 19:23:32 - Completed: 20[0m
