[0;34m2025-09-18 07:22:59 - Starting Article Generation Cycle for template: camping-trips[0m
[1;33m2025-09-18 07:22:59 - Creating worktree for template: camping-trips[0m
[0;32m2025-09-18 07:22:59 - Created branch: article-camping-trips[0m
[0;32m2025-09-18 07:23:01 - Created worktree: ../templata-camping-trips[0m
[1;33m2025-09-18 07:23:01 - Creating template blog file: blogs-camping-trips.ts[0m
[0;32m2025-09-18 07:23:01 - Created template blog file: ../templata-camping-trips/src/registry/blogs-camping-trips.ts[0m
[0;34m2025-09-18 07:23:01 - Starting generation for: 1[0m
[1;33m2025-09-18 07:23:01 - Running article generation...[0m
ARTICLE GENERATION COMPLETE - Article #1
[0;32m2025-09-18 07:24:17 - Skipping review - moving to next article[0m
[0;32m2025-09-18 07:24:17 - Completed: 1[0m
[0;34m2025-09-18 07:24:22 - Starting generation for: 2[0m
[1;33m2025-09-18 07:24:22 - Running article generation...[0m
ARTICLE GENERATION COMPLETE - Article #2
[0;32m2025-09-18 07:25:53 - Skipping review - moving to next article[0m
[0;32m2025-09-18 07:25:53 - Completed: 2[0m
[0;34m2025-09-18 07:25:58 - Starting generation for: 3[0m
[1;33m2025-09-18 07:25:58 - Running article generation...[0m
ARTICLE GENERATION COMPLETE - Article #3
[0;32m2025-09-18 07:27:52 - Skipping review - moving to next article[0m
[0;32m2025-09-18 07:27:52 - Completed: 3[0m
[0;34m2025-09-18 07:27:57 - Starting generation for: 4[0m
[1;33m2025-09-18 07:27:57 - Running article generation...[0m
ARTICLE GENERATION COMPLETE - Article #4
[0;32m2025-09-18 07:29:52 - Skipping review - moving to next article[0m
[0;32m2025-09-18 07:29:52 - Completed: 4[0m
[0;34m2025-09-18 07:29:57 - Starting generation for: 5[0m
[1;33m2025-09-18 07:29:57 - Running article generation...[0m
ARTICLE GENERATION COMPLETE - Article #5
[0;32m2025-09-18 07:32:03 - Skipping review - moving to next article[0m
[0;32m2025-09-18 07:32:03 - Completed: 5[0m
[0;34m2025-09-18 07:32:08 - Starting generation for: 6[0m
[1;33m2025-09-18 07:32:08 - Running article generation...[0m
ARTICLE GENERATION COMPLETE - Article #6
[0;34m2025-09-18 08:22:44 - Starting Article Generation Cycle for template: camping-trips[0m
[0;32m2025-09-18 08:22:44 - Using existing worktree: ../templata-camping-trips[0m
[0;34m2025-09-18 08:22:44 - Starting generation for: 6[0m
[1;33m2025-09-18 08:22:44 - Running article generation...[0m
ARTICLE GENERATION COMPLETE - Article #6
[0;32m2025-09-18 08:25:17 - Skipping review - moving to next article[0m
[0;32m2025-09-18 08:25:17 - Completed: 6[0m
[0;34m2025-09-18 08:25:22 - Starting generation for: 7[0m
[1;33m2025-09-18 08:25:22 - Running article generation...[0m
ARTICLE GENERATION COMPLETE - Article #7
[0;32m2025-09-18 08:28:01 - Skipping review - moving to next article[0m
[0;32m2025-09-18 08:28:01 - Completed: 7[0m
[0;34m2025-09-18 08:28:06 - Starting generation for: 8[0m
[1;33m2025-09-18 08:28:06 - Running article generation...[0m
ARTICLE GENERATION COMPLETE - Article #8
[0;32m2025-09-18 08:29:52 - Skipping review - moving to next article[0m
[0;32m2025-09-18 08:29:52 - Completed: 8[0m
[0;34m2025-09-18 08:29:57 - Starting generation for: 9[0m
[1;33m2025-09-18 08:29:57 - Running article generation...[0m
ARTICLE GENERATION COMPLETE - Article #9
[0;32m2025-09-18 08:31:33 - Skipping review - moving to next article[0m
[0;32m2025-09-18 08:31:33 - Completed: 9[0m
[0;34m2025-09-18 08:31:38 - Starting generation for: 10[0m
[1;33m2025-09-18 08:31:39 - Running article generation...[0m
ARTICLE GENERATION COMPLETE - Article #10
[0;32m2025-09-18 08:33:35 - Skipping review - moving to next article[0m
[0;32m2025-09-18 08:33:35 - Completed: 10[0m
[0;34m2025-09-18 08:33:40 - Starting generation for: 11[0m
[1;33m2025-09-18 08:33:40 - Running article generation...[0m
Perfect! I have successfully generated and added article #11 to the camping trips template. The article is a comprehensive 1,400+ word guide titled "Beyond the Ring of Stones: The Art and Responsibility of Campfire Mastery" that covers:

- **Topic**: Campfire safety, ethics, and environmental responsibility
- **Length**: 12-minute read (1,400+ words)
- **Type**: Guide
- **Difficulty**: Intermediate
- **Author**: Templata
- **Category**: Personal Life

The article follows all the master prompt guidelines:
- Sophisticated but warm tone
- Flows in engaging paragraphs rather than bullet points
- Avoids first person
- Provides genuinely helpful, practical information
- Addresses a real need for camping trip planning
- Includes proper SEO metadata and related content links

ARTICLE GENERATION COMPLETE - Article #11
[0;32m2025-09-18 08:36:30 - Skipping review - moving to next article[0m
[0;32m2025-09-18 08:36:30 - Completed: 11[0m
[0;34m2025-09-18 08:36:35 - Starting generation for: 12[0m
[1;33m2025-09-18 08:36:35 - Running article generation...[0m
ARTICLE GENERATION COMPLETE - Article #12
[0;32m2025-09-18 08:39:55 - Skipping review - moving to next article[0m
[0;32m2025-09-18 08:39:55 - Completed: 12[0m
[0;34m2025-09-18 08:40:00 - Starting generation for: 13[0m
[1;33m2025-09-18 08:40:00 - Running article generation...[0m
ARTICLE GENERATION COMPLETE - Article #13
[0;32m2025-09-18 08:43:20 - Skipping review - moving to next article[0m
[0;32m2025-09-18 08:43:20 - Completed: 13[0m
[0;34m2025-09-18 08:43:25 - Starting generation for: 14[0m
[1;33m2025-09-18 08:43:25 - Running article generation...[0m
ARTICLE GENERATION COMPLETE - Article #14
[0;32m2025-09-18 08:46:44 - Skipping review - moving to next article[0m
[0;32m2025-09-18 08:46:44 - Completed: 14[0m
[0;34m2025-09-18 08:46:49 - Starting generation for: 15[0m
[1;33m2025-09-18 08:46:49 - Running article generation...[0m
ARTICLE GENERATION COMPLETE - Article #15
[0;32m2025-09-18 08:49:35 - Skipping review - moving to next article[0m
[0;32m2025-09-18 08:49:35 - Completed: 15[0m
[0;34m2025-09-18 08:49:40 - Starting generation for: 16[0m
[1;33m2025-09-18 08:49:40 - Running article generation...[0m
ARTICLE GENERATION COMPLETE - Article #16
[0;32m2025-09-18 08:51:19 - Skipping review - moving to next article[0m
[0;32m2025-09-18 08:51:19 - Completed: 16[0m
[0;34m2025-09-18 08:51:24 - Starting generation for: 17[0m
[1;33m2025-09-18 08:51:24 - Running article generation...[0m
ARTICLE GENERATION COMPLETE - Article #17
[0;32m2025-09-18 08:54:24 - Skipping review - moving to next article[0m
[0;32m2025-09-18 08:54:24 - Completed: 17[0m
[0;34m2025-09-18 08:54:29 - Starting generation for: 18[0m
[1;33m2025-09-18 08:54:29 - Running article generation...[0m
ARTICLE GENERATION COMPLETE - Article #18
[0;32m2025-09-18 08:56:17 - Skipping review - moving to next article[0m
[0;32m2025-09-18 08:56:17 - Completed: 18[0m
[0;34m2025-09-18 08:56:22 - Starting generation for: 19[0m
[1;33m2025-09-18 08:56:22 - Running article generation...[0m
ARTICLE GENERATION COMPLETE - Article #19
[0;32m2025-09-18 08:58:15 - Skipping review - moving to next article[0m
[0;32m2025-09-18 08:58:15 - Completed: 19[0m
[0;34m2025-09-18 08:58:20 - Starting generation for: 20[0m
[1;33m2025-09-18 08:58:20 - Running article generation...[0m
Perfect! I have successfully added Article #20 to the camping trips template. Let me verify the article meets all the requirements:

✅ **1,200-1,600 words** - The article is approximately 1,400 words (11 min read)
✅ **Master prompt guidelines followed** - Sophisticated, caring voice with flowing paragraphs instead of bullet points
✅ **Author: "Templata"** - Correctly set
✅ **Category: "Personal Life"** - Correctly set  
✅ **Added to manualBlogPosts array** - Successfully added to src/registry/blogs-camping-trips.ts
✅ **Proper SEO metadata** - Includes metaTitle, metaDescription, and ogImage
✅ **Appropriate type and difficulty** - Set as "guide" and "intermediate" 
✅ **Camping trips context** - Focused on campfire cooking techniques for camping
✅ **Relevant topic** - Chosen "Beyond S'mores: Mastering the Art of Campfire Cooking" which genuinely helps camping trip planners
✅ **No first person usage** - Avoided "I", "my", "we" throughout
✅ **Engaging and shareable content** - Written to pass the "group chat share" test

The article covers fire management, equipment selection, advanced cooking techniques, meal planning strategies, and skill building - all highly relevant for camping trip success. It follows the master prompt's guidance for premium but approachable content that makes readers feel prepared and confident.

ARTICLE GENERATION COMPLETE - Article #20
[0;32m2025-09-18 09:00:24 - Skipping review - moving to next article[0m
[0;32m2025-09-18 09:00:24 - Completed: 20[0m
