[0;34m2025-09-18 12:34:11 - Starting Article Generation Cycle for template: empty-nest[0m
[1;33m2025-09-18 12:34:11 - Creating worktree for template: empty-nest[0m
[0;32m2025-09-18 12:34:11 - Created branch: article-empty-nest[0m
[0;32m2025-09-18 12:34:13 - Created worktree: ../templata-empty-nest[0m
[1;33m2025-09-18 12:34:13 - Creating template blog file: blogs-empty-nest.ts[0m
[0;32m2025-09-18 12:34:13 - Created template blog file: ../templata-empty-nest/src/registry/blogs-empty-nest.ts[0m
[0;34m2025-09-18 12:34:13 - Starting generation for: 1[0m
[1;33m2025-09-18 12:34:13 - Running article generation...[0m
ARTICLE GENERATION COMPLETE - Article #1
[0;32m2025-09-18 12:35:32 - Skipping review - moving to next article[0m
[0;32m2025-09-18 12:35:32 - Completed: 1[0m
[0;34m2025-09-18 12:35:37 - Starting generation for: 2[0m
[1;33m2025-09-18 12:35:37 - Running article generation...[0m
ARTICLE GENERATION COMPLETE - Article #2
[0;32m2025-09-18 12:36:59 - Skipping review - moving to next article[0m
[0;32m2025-09-18 12:36:59 - Completed: 2[0m
[0;34m2025-09-18 12:37:04 - Starting generation for: 3[0m
[1;33m2025-09-18 12:37:04 - Running article generation...[0m
ARTICLE GENERATION COMPLETE - Article #3
[0;32m2025-09-18 12:38:47 - Skipping review - moving to next article[0m
[0;32m2025-09-18 12:38:47 - Completed: 3[0m
[0;34m2025-09-18 12:38:52 - Starting generation for: 4[0m
[1;33m2025-09-18 12:38:52 - Running article generation...[0m
ARTICLE GENERATION COMPLETE - Article #4
[0;32m2025-09-18 12:40:34 - Skipping review - moving to next article[0m
[0;32m2025-09-18 12:40:34 - Completed: 4[0m
[0;34m2025-09-18 12:40:39 - Starting generation for: 5[0m
[1;33m2025-09-18 12:40:39 - Running article generation...[0m
ARTICLE GENERATION COMPLETE - Article #5
[0;32m2025-09-18 12:42:45 - Skipping review - moving to next article[0m
[0;32m2025-09-18 12:42:45 - Completed: 5[0m
[0;34m2025-09-18 12:42:50 - Starting generation for: 6[0m
[1;33m2025-09-18 12:42:50 - Running article generation...[0m
ARTICLE GENERATION COMPLETE - Article #6
[0;32m2025-09-18 12:44:38 - Skipping review - moving to next article[0m
[0;32m2025-09-18 12:44:38 - Completed: 6[0m
[0;34m2025-09-18 12:44:43 - Starting generation for: 7[0m
[1;33m2025-09-18 12:44:43 - Running article generation...[0m
ARTICLE GENERATION COMPLETE - Article #7
[0;32m2025-09-18 12:46:33 - Skipping review - moving to next article[0m
[0;32m2025-09-18 12:46:33 - Completed: 7[0m
[0;34m2025-09-18 12:46:38 - Starting generation for: 8[0m
[1;33m2025-09-18 12:46:38 - Running article generation...[0m
ARTICLE GENERATION COMPLETE - Article #8
[0;32m2025-09-18 12:48:46 - Skipping review - moving to next article[0m
[0;32m2025-09-18 12:48:46 - Completed: 8[0m
[0;34m2025-09-18 12:48:51 - Starting generation for: 9[0m
[1;33m2025-09-18 12:48:51 - Running article generation...[0m
ARTICLE GENERATION COMPLETE - Article #9
[0;32m2025-09-18 12:50:24 - Skipping review - moving to next article[0m
[0;32m2025-09-18 12:50:24 - Completed: 9[0m
[0;34m2025-09-18 12:50:29 - Starting generation for: 10[0m
[1;33m2025-09-18 12:50:29 - Running article generation...[0m
ARTICLE GENERATION COMPLETE - Article #10
[0;32m2025-09-18 12:51:58 - Skipping review - moving to next article[0m
[0;32m2025-09-18 12:51:58 - Completed: 10[0m
[0;34m2025-09-18 12:52:03 - Starting generation for: 11[0m
[1;33m2025-09-18 12:52:03 - Running article generation...[0m
ARTICLE GENERATION COMPLETE - Article #11
[0;32m2025-09-18 12:54:55 - Skipping review - moving to next article[0m
[0;32m2025-09-18 12:54:55 - Completed: 11[0m
[0;34m2025-09-18 12:55:00 - Starting generation for: 12[0m
[1;33m2025-09-18 12:55:00 - Running article generation...[0m
ARTICLE GENERATION COMPLETE - Article #12
[0;32m2025-09-18 12:57:37 - Skipping review - moving to next article[0m
[0;32m2025-09-18 12:57:37 - Completed: 12[0m
[0;34m2025-09-18 12:57:42 - Starting generation for: 13[0m
[1;33m2025-09-18 12:57:42 - Running article generation...[0m
ARTICLE GENERATION COMPLETE - Article #13
[0;32m2025-09-18 12:59:02 - Skipping review - moving to next article[0m
[0;32m2025-09-18 12:59:02 - Completed: 13[0m
[0;34m2025-09-18 12:59:07 - Starting generation for: 14[0m
[1;33m2025-09-18 12:59:07 - Running article generation...[0m
ARTICLE GENERATION COMPLETE - Article #14
[0;32m2025-09-18 13:01:25 - Skipping review - moving to next article[0m
[0;32m2025-09-18 13:01:25 - Completed: 14[0m
[0;34m2025-09-18 13:01:30 - Starting generation for: 15[0m
[1;33m2025-09-18 13:01:30 - Running article generation...[0m
ARTICLE GENERATION COMPLETE - Article #15
[0;32m2025-09-18 13:05:21 - Skipping review - moving to next article[0m
[0;32m2025-09-18 13:05:21 - Completed: 15[0m
[0;34m2025-09-18 13:05:26 - Starting generation for: 16[0m
[1;33m2025-09-18 13:05:26 - Running article generation...[0m
ARTICLE GENERATION COMPLETE - Article #16
[0;32m2025-09-18 13:09:33 - Skipping review - moving to next article[0m
[0;32m2025-09-18 13:09:33 - Completed: 16[0m
[0;34m2025-09-18 13:09:38 - Starting generation for: 17[0m
[1;33m2025-09-18 13:09:38 - Running article generation...[0m
ARTICLE GENERATION COMPLETE - Article #17
[0;32m2025-09-18 13:13:44 - Skipping review - moving to next article[0m
[0;32m2025-09-18 13:13:44 - Completed: 17[0m
[0;34m2025-09-18 13:13:49 - Starting generation for: 18[0m
[1;33m2025-09-18 13:13:49 - Running article generation...[0m
ARTICLE GENERATION COMPLETE - Article #18
[0;32m2025-09-18 13:15:50 - Skipping review - moving to next article[0m
[0;32m2025-09-18 13:15:50 - Completed: 18[0m
[0;34m2025-09-18 13:15:55 - Starting generation for: 19[0m
[1;33m2025-09-18 13:15:55 - Running article generation...[0m
ARTICLE GENERATION COMPLETE - Article #19
[0;32m2025-09-18 13:17:27 - Skipping review - moving to next article[0m
[0;32m2025-09-18 13:17:27 - Completed: 19[0m
[0;34m2025-09-18 13:17:32 - Starting generation for: 20[0m
[1;33m2025-09-18 13:17:32 - Running article generation...[0m
ARTICLE GENERATION COMPLETE - Article #20
[0;32m2025-09-18 13:20:14 - Skipping review - moving to next article[0m
[0;32m2025-09-18 13:20:14 - Completed: 20[0m
