[0;34m2025-09-18 12:34:11 - Starting Article Generation Cycle for template: college-to-career-transition[0m
[1;33m2025-09-18 12:34:11 - Creating worktree for template: college-to-career-transition[0m
[0;32m2025-09-18 12:34:11 - Created branch: article-college-to-career-transition[0m
[0;32m2025-09-18 12:34:13 - Created worktree: ../templata-college-to-career-transition[0m
[1;33m2025-09-18 12:34:13 - Creating template blog file: blogs-college-to-career-transition.ts[0m
[0;32m2025-09-18 12:34:13 - Created template blog file: ../templata-college-to-career-transition/src/registry/blogs-college-to-career-transition.ts[0m
[0;34m2025-09-18 12:34:13 - Starting generation for: 1[0m
[1;33m2025-09-18 12:34:13 - Running article generation...[0m
ARTICLE GENERATION COMPLETE - Article #1
[0;32m2025-09-18 12:35:31 - Skipping review - moving to next article[0m
[0;32m2025-09-18 12:35:31 - Completed: 1[0m
[0;34m2025-09-18 12:35:36 - Starting generation for: 2[0m
[1;33m2025-09-18 12:35:36 - Running article generation...[0m
ARTICLE GENERATION COMPLETE - Article #2
[0;32m2025-09-18 12:37:51 - Skipping review - moving to next article[0m
[0;32m2025-09-18 12:37:51 - Completed: 2[0m
[0;34m2025-09-18 12:37:56 - Starting generation for: 3[0m
[1;33m2025-09-18 12:37:56 - Running article generation...[0m
ARTICLE GENERATION COMPLETE - Article #3
[0;32m2025-09-18 12:39:35 - Skipping review - moving to next article[0m
[0;32m2025-09-18 12:39:35 - Completed: 3[0m
[0;34m2025-09-18 12:39:40 - Starting generation for: 4[0m
[1;33m2025-09-18 12:39:40 - Running article generation...[0m
ARTICLE GENERATION COMPLETE - Article #4
[0;32m2025-09-18 12:41:33 - Skipping review - moving to next article[0m
[0;32m2025-09-18 12:41:33 - Completed: 4[0m
[0;34m2025-09-18 12:41:38 - Starting generation for: 5[0m
[1;33m2025-09-18 12:41:38 - Running article generation...[0m
ARTICLE GENERATION COMPLETE - Article #5
[0;32m2025-09-18 12:43:59 - Skipping review - moving to next article[0m
[0;32m2025-09-18 12:43:59 - Completed: 5[0m
[0;34m2025-09-18 12:44:04 - Starting generation for: 6[0m
[1;33m2025-09-18 12:44:04 - Running article generation...[0m
ARTICLE GENERATION COMPLETE - Article #6
[0;32m2025-09-18 12:45:45 - Skipping review - moving to next article[0m
[0;32m2025-09-18 12:45:45 - Completed: 6[0m
[0;34m2025-09-18 12:45:50 - Starting generation for: 7[0m
[1;33m2025-09-18 12:45:50 - Running article generation...[0m
ARTICLE GENERATION COMPLETE - Article #7
[0;32m2025-09-18 12:47:44 - Skipping review - moving to next article[0m
[0;32m2025-09-18 12:47:44 - Completed: 7[0m
[0;34m2025-09-18 12:47:49 - Starting generation for: 8[0m
[1;33m2025-09-18 12:47:49 - Running article generation...[0m
ARTICLE GENERATION COMPLETE - Article #8
[0;32m2025-09-18 12:50:00 - Skipping review - moving to next article[0m
[0;32m2025-09-18 12:50:00 - Completed: 8[0m
[0;34m2025-09-18 12:50:05 - Starting generation for: 9[0m
[1;33m2025-09-18 12:50:05 - Running article generation...[0m
ARTICLE GENERATION COMPLETE - Article #9
[0;32m2025-09-18 12:51:49 - Skipping review - moving to next article[0m
[0;32m2025-09-18 12:51:49 - Completed: 9[0m
[0;34m2025-09-18 12:51:54 - Starting generation for: 10[0m
[1;33m2025-09-18 12:51:54 - Running article generation...[0m
ARTICLE GENERATION COMPLETE - Article #10
[0;32m2025-09-18 12:53:40 - Skipping review - moving to next article[0m
[0;32m2025-09-18 12:53:40 - Completed: 10[0m
[0;34m2025-09-18 12:53:45 - Starting generation for: 11[0m
[1;33m2025-09-18 12:53:45 - Running article generation...[0m
ARTICLE GENERATION COMPLETE - Article #11
[0;32m2025-09-18 12:56:32 - Skipping review - moving to next article[0m
[0;32m2025-09-18 12:56:32 - Completed: 11[0m
[0;34m2025-09-18 12:56:37 - Starting generation for: 12[0m
[1;33m2025-09-18 12:56:37 - Running article generation...[0m
ARTICLE GENERATION COMPLETE - Article #12
[0;32m2025-09-18 12:59:36 - Skipping review - moving to next article[0m
[0;32m2025-09-18 12:59:36 - Completed: 12[0m
[0;34m2025-09-18 12:59:41 - Starting generation for: 13[0m
[1;33m2025-09-18 12:59:41 - Running article generation...[0m
ARTICLE GENERATION COMPLETE - Article #13
[0;32m2025-09-18 13:04:02 - Skipping review - moving to next article[0m
[0;32m2025-09-18 13:04:02 - Completed: 13[0m
[0;34m2025-09-18 13:04:07 - Starting generation for: 14[0m
[1;33m2025-09-18 13:04:07 - Running article generation...[0m
ARTICLE GENERATION COMPLETE - Article #14
[0;32m2025-09-18 13:05:30 - Skipping review - moving to next article[0m
[0;32m2025-09-18 13:05:30 - Completed: 14[0m
[0;34m2025-09-18 13:05:35 - Starting generation for: 15[0m
[1;33m2025-09-18 13:05:35 - Running article generation...[0m
ARTICLE GENERATION COMPLETE - Article #15
[0;32m2025-09-18 13:08:35 - Skipping review - moving to next article[0m
[0;32m2025-09-18 13:08:35 - Completed: 15[0m
[0;34m2025-09-18 13:08:40 - Starting generation for: 16[0m
[1;33m2025-09-18 13:08:40 - Running article generation...[0m
Perfect! I have successfully generated and added Article #16 to the college to career transition template. The article is a comprehensive 1,400+ word guide on "Building Mental Resilience During Your Career Transition: A Psychological Guide" that:

✅ Follows the master prompt voice and character guidelines
✅ Is 1,200-1,600 words (12 minute read)
✅ Author: "Templata"
✅ Category: "Personal Life"
✅ Added to src/registry/blogs-college-to-career-transition.ts in manualBlogPosts array
✅ Includes proper SEO metadata
✅ Type: "guide", Difficulty: "intermediate"
✅ Focuses on college to career transition context and mental health needs
✅ Covers a relevant, important topic that helps people navigate the psychological challenges of career transition
✅ Uses sophisticated, caring voice with excellent readability
✅ Minimizes bullet points and uses flowing, engaging paragraphs

The article covers crucial but often overlooked aspects of career transition including the psychology of major life changes, recognizing stress signs, building resilience, daily management strategies, long-term career benefits, and when to seek professional support.

ARTICLE GENERATION COMPLETE - Article #16
[0;32m2025-09-18 13:12:38 - Skipping review - moving to next article[0m
[0;32m2025-09-18 13:12:38 - Completed: 16[0m
[0;34m2025-09-18 13:12:43 - Starting generation for: 17[0m
[1;33m2025-09-18 13:12:43 - Running article generation...[0m
ARTICLE GENERATION COMPLETE - Article #17
[0;32m2025-09-18 13:14:31 - Skipping review - moving to next article[0m
[0;32m2025-09-18 13:14:31 - Completed: 17[0m
[0;34m2025-09-18 13:14:36 - Starting generation for: 18[0m
[1;33m2025-09-18 13:14:36 - Running article generation...[0m
ARTICLE GENERATION COMPLETE - Article #18
[0;32m2025-09-18 13:16:29 - Skipping review - moving to next article[0m
[0;32m2025-09-18 13:16:29 - Completed: 18[0m
[0;34m2025-09-18 13:16:34 - Starting generation for: 19[0m
[1;33m2025-09-18 13:16:34 - Running article generation...[0m
ARTICLE GENERATION COMPLETE - Article #19
[0;32m2025-09-18 13:18:15 - Skipping review - moving to next article[0m
[0;32m2025-09-18 13:18:15 - Completed: 19[0m
[0;34m2025-09-18 13:18:20 - Starting generation for: 20[0m
[1;33m2025-09-18 13:18:20 - Running article generation...[0m
Perfect! I've successfully added Article #20 to the college to career transition template. The article is a comprehensive 1,400+ word guide on "Mastering the Art of Professional Communication: From Campus to Corporate Culture" that:

✅ **Follows master prompt guidelines**: 
- 1,400+ words (11-minute read)
- Sophisticated, caring voice without being pretentious
- Premium but accessible content
- Minimized bullet points, flowing paragraphs
- No first person usage

✅ **Meets all requirements**:
- Author: "Templata"
- Category: "Personal Life" 
- Added to manualBlogPosts array
- Proper SEO metadata with compelling title and description
- Type: "guide", Difficulty: "intermediate"
- College to career transition focused content
- Relevant, helpful topic for new graduates

✅ **Content quality**:
- Addresses real challenges new graduates face with workplace communication
- Provides practical, actionable strategies
- Covers multiple communication scenarios (email, meetings, difficult conversations)
- Balances confidence-building with realistic expectations
- Written in the engaging, supportive tone that makes complex topics feel manageable

The article comprehensively covers professional communication challenges that are highly relevant to college-to-career transition, helping readers navigate corporate culture, email etiquette, meeting participation, relationship building, and career advancement communication.

ARTICLE GENERATION COMPLETE - Article #20
[0;32m2025-09-18 13:21:15 - Skipping review - moving to next article[0m
[0;32m2025-09-18 13:21:15 - Completed: 20[0m
[0;34m2025-09-19 16:42:00 - Starting Article Generation Cycle for template: college-to-career-transition[0m
[0;32m2025-09-19 16:42:00 - Using existing worktree: ../templata-college-to-career-transition[0m
