[0;34m2025-09-17 16:06:37 - Starting Article Generation Cycle for template: public-speaking[0m
[0;32m2025-09-17 16:06:37 - Using existing worktree: ../templata-public-speaking[0m
[1;33m2025-09-17 16:06:37 - Creating template blog file: blogs-public-speaking.ts[0m
[0;32m2025-09-17 16:06:38 - Created template blog file: ../templata-public-speaking/src/registry/blogs-public-speaking.ts[0m
[0;34m2025-09-17 16:06:38 - Starting generation for: 1[0m
[1;33m2025-09-17 16:06:38 - Running article generation...[0m
API Error: Connection error.
[0;32m2025-09-17 18:08:38 - Skipping review - moving to next article[0m
[0;32m2025-09-17 18:08:38 - Completed: 1[0m
[0;34m2025-09-17 18:08:43 - Starting generation for: 2[0m
[1;33m2025-09-17 18:08:43 - Running article generation...[0m
[0;34m2025-09-17 18:51:06 - Starting Article Generation Cycle for template: public-speaking[0m
[0;32m2025-09-17 18:51:06 - Using existing worktree: ../templata-public-speaking[0m
[0;34m2025-09-17 18:51:06 - Starting generation for: 2[0m
[1;33m2025-09-17 18:51:06 - Running article generation...[0m
ARTICLE GENERATION COMPLETE - Article #2
[0;32m2025-09-17 18:52:16 - Skipping review - moving to next article[0m
[0;32m2025-09-17 18:52:16 - Completed: 2[0m
[0;34m2025-09-17 18:52:21 - Starting generation for: 3[0m
[1;33m2025-09-17 18:52:21 - Running article generation...[0m
ARTICLE GENERATION COMPLETE - Article #3
[0;32m2025-09-17 18:53:52 - Skipping review - moving to next article[0m
[0;32m2025-09-17 18:53:52 - Completed: 3[0m
[0;34m2025-09-17 18:53:57 - Starting generation for: 4[0m
[1;33m2025-09-17 18:53:57 - Running article generation...[0m
ARTICLE GENERATION COMPLETE - Article #4
[0;32m2025-09-17 18:55:35 - Skipping review - moving to next article[0m
[0;32m2025-09-17 18:55:35 - Completed: 4[0m
[0;34m2025-09-17 18:55:40 - Starting generation for: 5[0m
[1;33m2025-09-17 18:55:40 - Running article generation...[0m
ARTICLE GENERATION COMPLETE - Article #5
[0;32m2025-09-17 18:57:26 - Skipping review - moving to next article[0m
[0;32m2025-09-17 18:57:26 - Completed: 5[0m
[0;34m2025-09-17 18:57:31 - Starting generation for: 6[0m
[1;33m2025-09-17 18:57:31 - Running article generation...[0m
ARTICLE GENERATION COMPLETE - Article #6
[0;32m2025-09-17 18:59:16 - Skipping review - moving to next article[0m
[0;32m2025-09-17 18:59:16 - Completed: 6[0m
[0;34m2025-09-17 18:59:21 - Starting generation for: 7[0m
[1;33m2025-09-17 18:59:21 - Running article generation...[0m
ARTICLE GENERATION COMPLETE - Article #7
[0;32m2025-09-17 19:01:08 - Skipping review - moving to next article[0m
[0;32m2025-09-17 19:01:08 - Completed: 7[0m
[0;34m2025-09-17 19:01:13 - Starting generation for: 8[0m
[1;33m2025-09-17 19:01:13 - Running article generation...[0m
ARTICLE GENERATION COMPLETE - Article #8
[0;32m2025-09-17 19:03:20 - Skipping review - moving to next article[0m
[0;32m2025-09-17 19:03:20 - Completed: 8[0m
[0;34m2025-09-17 19:03:25 - Starting generation for: 9[0m
[1;33m2025-09-17 19:03:25 - Running article generation...[0m
ARTICLE GENERATION COMPLETE - Article #9
[0;32m2025-09-17 19:05:33 - Skipping review - moving to next article[0m
[0;32m2025-09-17 19:05:33 - Completed: 9[0m
[0;34m2025-09-17 19:05:38 - Starting generation for: 10[0m
[1;33m2025-09-17 19:05:38 - Running article generation...[0m
ARTICLE GENERATION COMPLETE - Article #10
[0;32m2025-09-17 19:07:17 - Skipping review - moving to next article[0m
[0;32m2025-09-17 19:07:17 - Completed: 10[0m
[0;34m2025-09-17 19:07:22 - Starting generation for: 11[0m
[1;33m2025-09-17 19:07:22 - Running article generation...[0m
ARTICLE GENERATION COMPLETE - Article #11
[0;32m2025-09-17 19:09:44 - Skipping review - moving to next article[0m
[0;32m2025-09-17 19:09:44 - Completed: 11[0m
[0;34m2025-09-17 19:09:49 - Starting generation for: 12[0m
[1;33m2025-09-17 19:09:49 - Running article generation...[0m
ARTICLE GENERATION COMPLETE - Article #12
[0;32m2025-09-17 19:12:30 - Skipping review - moving to next article[0m
[0;32m2025-09-17 19:12:30 - Completed: 12[0m
[0;34m2025-09-17 19:12:35 - Starting generation for: 13[0m
[1;33m2025-09-17 19:12:35 - Running article generation...[0m
ARTICLE GENERATION COMPLETE - Article #13
[0;32m2025-09-17 19:15:15 - Skipping review - moving to next article[0m
[0;32m2025-09-17 19:15:15 - Completed: 13[0m
[0;34m2025-09-17 19:15:21 - Starting generation for: 14[0m
[1;33m2025-09-17 19:15:21 - Running article generation...[0m
ARTICLE GENERATION COMPLETE - Article #14
[0;32m2025-09-17 19:18:57 - Skipping review - moving to next article[0m
[0;32m2025-09-17 19:18:57 - Completed: 14[0m
[0;34m2025-09-17 19:19:02 - Starting generation for: 15[0m
[1;33m2025-09-17 19:19:02 - Running article generation...[0m
ARTICLE GENERATION COMPLETE - Article #15
[0;32m2025-09-17 19:20:38 - Skipping review - moving to next article[0m
[0;32m2025-09-17 19:20:38 - Completed: 15[0m
[0;34m2025-09-17 19:20:43 - Starting generation for: 16[0m
[1;33m2025-09-17 19:20:43 - Running article generation...[0m
ARTICLE GENERATION COMPLETE - Article #16
[0;32m2025-09-17 19:23:32 - Skipping review - moving to next article[0m
[0;32m2025-09-17 19:23:32 - Completed: 16[0m
[0;34m2025-09-17 19:23:37 - Starting generation for: 17[0m
[1;33m2025-09-17 19:23:37 - Running article generation...[0m
ARTICLE GENERATION COMPLETE - Article #17
[0;32m2025-09-17 19:24:59 - Skipping review - moving to next article[0m
[0;32m2025-09-17 19:24:59 - Completed: 17[0m
[0;34m2025-09-17 19:25:04 - Starting generation for: 18[0m
[1;33m2025-09-17 19:25:05 - Running article generation...[0m
ARTICLE GENERATION COMPLETE - Article #18
[0;32m2025-09-17 19:26:55 - Skipping review - moving to next article[0m
[0;32m2025-09-17 19:26:55 - Completed: 18[0m
[0;34m2025-09-17 19:27:01 - Starting generation for: 19[0m
[1;33m2025-09-17 19:27:01 - Running article generation...[0m
ARTICLE GENERATION COMPLETE - Article #19
[0;32m2025-09-17 19:29:23 - Skipping review - moving to next article[0m
[0;32m2025-09-17 19:29:23 - Completed: 19[0m
[0;34m2025-09-17 19:29:28 - Starting generation for: 20[0m
[1;33m2025-09-17 19:29:28 - Running article generation...[0m
ARTICLE GENERATION COMPLETE - Article #20
[0;32m2025-09-17 19:31:50 - Skipping review - moving to next article[0m
[0;32m2025-09-17 19:31:50 - Completed: 20[0m
