[0;34m2025-09-16 15:17:57 - Starting Article Generation Cycle for template: baby-planning[0m
[1;33m2025-09-16 15:17:57 - Creating worktree for template: baby-planning[0m
[0;32m2025-09-16 15:17:57 - Created branch: article-baby-planning[0m
[0;32m2025-09-16 15:17:58 - Created worktree: ../templata-baby-planning[0m
[0;34m2025-09-16 15:17:58 - Starting generation for: 1[0m
[1;33m2025-09-16 15:17:58 - Running article generation...[0m
ARTICLE GENERATION COMPLETE - Article #1
[0;32m2025-09-16 15:20:13 - Skipping review - moving to next article[0m
[0;32m2025-09-16 15:20:13 - Completed: 1[0m
[0;34m2025-09-16 15:20:18 - Starting generation for: 2[0m
[1;33m2025-09-16 15:20:18 - Running article generation...[0m
ARTICLE GENERATION COMPLETE - Article #2
[0;32m2025-09-16 15:23:11 - Skipping review - moving to next article[0m
[0;32m2025-09-16 15:23:11 - Completed: 2[0m
[0;34m2025-09-16 15:23:16 - Starting generation for: 3[0m
[1;33m2025-09-16 15:23:16 - Running article generation...[0m
ARTICLE GENERATION COMPLETE - Article #3
[0;32m2025-09-16 15:28:28 - Skipping review - moving to next article[0m
[0;32m2025-09-16 15:28:28 - Completed: 3[0m
[0;34m2025-09-16 15:28:33 - Starting generation for: 4[0m
[1;33m2025-09-16 15:28:33 - Running article generation...[0m
