[0;34m2025-09-18 13:27:15 - Starting Article Generation Cycle for template: executive-leadership-transition[0m
[1;33m2025-09-18 13:27:15 - Creating worktree for template: executive-leadership-transition[0m
[0;32m2025-09-18 13:27:15 - Created branch: article-executive-leadership-transition[0m
[0;32m2025-09-18 13:27:17 - Created worktree: ../templata-executive-leadership-transition[0m
[1;33m2025-09-18 13:27:17 - Creating template blog file: blogs-executive-leadership-transition.ts[0m
[0;32m2025-09-18 13:27:17 - Created template blog file: ../templata-executive-leadership-transition/src/registry/blogs-executive-leadership-transition.ts[0m
[0;34m2025-09-18 13:27:17 - Starting generation for: 1[0m
[1;33m2025-09-18 13:27:18 - Running article generation...[0m
ARTICLE GENERATION COMPLETE - Article #1
[0;32m2025-09-18 13:28:33 - Skipping review - moving to next article[0m
[0;32m2025-09-18 13:28:33 - Completed: 1[0m
[0;34m2025-09-18 13:28:38 - Starting generation for: 2[0m
[1;33m2025-09-18 13:28:38 - Running article generation...[0m
ARTICLE GENERATION COMPLETE - Article #2
[0;32m2025-09-18 13:29:56 - Skipping review - moving to next article[0m
[0;32m2025-09-18 13:29:56 - Completed: 2[0m
[0;34m2025-09-18 13:30:01 - Starting generation for: 3[0m
[1;33m2025-09-18 13:30:01 - Running article generation...[0m
ARTICLE GENERATION COMPLETE - Article #3
[0;32m2025-09-18 13:31:30 - Skipping review - moving to next article[0m
[0;32m2025-09-18 13:31:30 - Completed: 3[0m
[0;34m2025-09-18 13:31:35 - Starting generation for: 4[0m
[1;33m2025-09-18 13:31:35 - Running article generation...[0m
ARTICLE GENERATION COMPLETE - Article #4
[0;32m2025-09-18 13:33:15 - Skipping review - moving to next article[0m
[0;32m2025-09-18 13:33:15 - Completed: 4[0m
[0;34m2025-09-18 13:33:20 - Starting generation for: 5[0m
[1;33m2025-09-18 13:33:20 - Running article generation...[0m
ARTICLE GENERATION COMPLETE - Article #5
[0;32m2025-09-18 13:35:00 - Skipping review - moving to next article[0m
[0;32m2025-09-18 13:35:00 - Completed: 5[0m
[0;34m2025-09-18 13:35:06 - Starting generation for: 6[0m
[1;33m2025-09-18 13:35:06 - Running article generation...[0m
ARTICLE GENERATION COMPLETE - Article #6
[0;32m2025-09-18 13:36:41 - Skipping review - moving to next article[0m
[0;32m2025-09-18 13:36:41 - Completed: 6[0m
[0;34m2025-09-18 13:36:46 - Starting generation for: 7[0m
[1;33m2025-09-18 13:36:46 - Running article generation...[0m
ARTICLE GENERATION COMPLETE - Article #7
[0;32m2025-09-18 13:38:29 - Skipping review - moving to next article[0m
[0;32m2025-09-18 13:38:29 - Completed: 7[0m
[0;34m2025-09-18 13:38:34 - Starting generation for: 8[0m
[1;33m2025-09-18 13:38:34 - Running article generation...[0m
ARTICLE GENERATION COMPLETE - Article #8
[0;32m2025-09-18 13:40:21 - Skipping review - moving to next article[0m
[0;32m2025-09-18 13:40:21 - Completed: 8[0m
[0;34m2025-09-18 13:40:26 - Starting generation for: 9[0m
[1;33m2025-09-18 13:40:26 - Running article generation...[0m
ARTICLE GENERATION COMPLETE - Article #9
[0;32m2025-09-18 13:42:23 - Skipping review - moving to next article[0m
[0;32m2025-09-18 13:42:24 - Completed: 9[0m
[0;34m2025-09-18 13:42:29 - Starting generation for: 10[0m
[1;33m2025-09-18 13:42:29 - Running article generation...[0m
ARTICLE GENERATION COMPLETE - Article #10
[0;32m2025-09-18 13:44:04 - Skipping review - moving to next article[0m
[0;32m2025-09-18 13:44:04 - Completed: 10[0m
[0;34m2025-09-18 13:44:09 - Starting generation for: 11[0m
[1;33m2025-09-18 13:44:09 - Running article generation...[0m
ARTICLE GENERATION COMPLETE - Article #11
[0;32m2025-09-18 13:45:53 - Skipping review - moving to next article[0m
[0;32m2025-09-18 13:45:53 - Completed: 11[0m
[0;34m2025-09-18 13:45:58 - Starting generation for: 12[0m
[1;33m2025-09-18 13:45:58 - Running article generation...[0m
ARTICLE GENERATION COMPLETE - Article #12
[0;32m2025-09-18 13:51:28 - Skipping review - moving to next article[0m
[0;32m2025-09-18 13:51:28 - Completed: 12[0m
[0;34m2025-09-18 13:51:33 - Starting generation for: 13[0m
[1;33m2025-09-18 13:51:33 - Running article generation...[0m
ARTICLE GENERATION COMPLETE - Article #13
[0;32m2025-09-18 13:55:18 - Skipping review - moving to next article[0m
[0;32m2025-09-18 13:55:18 - Completed: 13[0m
[0;34m2025-09-18 13:55:23 - Starting generation for: 14[0m
[1;33m2025-09-18 13:55:23 - Running article generation...[0m
ARTICLE GENERATION COMPLETE - Article #14
[0;32m2025-09-18 13:56:50 - Skipping review - moving to next article[0m
[0;32m2025-09-18 13:56:50 - Completed: 14[0m
[0;34m2025-09-18 13:56:55 - Starting generation for: 15[0m
[1;33m2025-09-18 13:56:55 - Running article generation...[0m
ARTICLE GENERATION COMPLETE - Article #15
[0;32m2025-09-18 14:00:53 - Skipping review - moving to next article[0m
[0;32m2025-09-18 14:00:53 - Completed: 15[0m
[0;34m2025-09-18 14:00:58 - Starting generation for: 16[0m
[1;33m2025-09-18 14:00:58 - Running article generation...[0m
Perfect! I have successfully generated and added Article #16 to the executive leadership transition template. The article covers "Mastering Executive Compensation: Negotiating Your Worth During Leadership Transition" and follows all the requirements:

- ✅ 1,200-1,600 words (approximately 1,400 words)
- ✅ Follows the master prompt voice and character guidelines (sophisticated, caring, premium but not pretentious)
- ✅ Author: "Templata"
- ✅ Category: "Personal Life"
- ✅ Added to src/registry/blogs-executive-leadership-transition.ts in manualBlogPosts array
- ✅ Includes proper SEO metadata
- ✅ Type: "guide", Difficulty: "expert"
- ✅ Focuses on executive leadership transition context and needs
- ✅ Relevant topic that helps people with executive leadership transition
- ✅ Flowing paragraphs with minimal bullet points
- ✅ Never uses first person
- ✅ Premium, comprehensive content that feels genuinely helpful

The article provides sophisticated guidance on navigating complex executive compensation negotiations during leadership transitions, covering architecture, timing, market research, structuring, dynamics, implementation, and long-term strategy.

ARTICLE GENERATION COMPLETE - Article #16
[0;32m2025-09-18 14:03:57 - Skipping review - moving to next article[0m
[0;32m2025-09-18 14:03:57 - Completed: 16[0m
[0;34m2025-09-18 14:04:02 - Starting generation for: 17[0m
[1;33m2025-09-18 14:04:02 - Running article generation...[0m
ARTICLE GENERATION COMPLETE - Article #17
[0;32m2025-09-18 14:06:17 - Skipping review - moving to next article[0m
[0;32m2025-09-18 14:06:17 - Completed: 17[0m
[0;34m2025-09-18 14:06:22 - Starting generation for: 18[0m
[1;33m2025-09-18 14:06:22 - Running article generation...[0m
ARTICLE GENERATION COMPLETE - Article #18
[0;32m2025-09-18 14:08:24 - Skipping review - moving to next article[0m
[0;32m2025-09-18 14:08:24 - Completed: 18[0m
[0;34m2025-09-18 14:08:29 - Starting generation for: 19[0m
[1;33m2025-09-18 14:08:30 - Running article generation...[0m
ARTICLE GENERATION COMPLETE - Article #19
[0;32m2025-09-18 14:11:03 - Skipping review - moving to next article[0m
[0;32m2025-09-18 14:11:03 - Completed: 19[0m
[0;34m2025-09-18 14:11:08 - Starting generation for: 20[0m
[1;33m2025-09-18 14:11:08 - Running article generation...[0m
ARTICLE GENERATION COMPLETE - Article #20
[0;32m2025-09-18 14:14:01 - Skipping review - moving to next article[0m
[0;32m2025-09-18 14:14:01 - Completed: 20[0m
[0;34m2025-09-19 16:42:00 - Starting Article Generation Cycle for template: executive-leadership-transition[0m
[0;32m2025-09-19 16:42:00 - Using existing worktree: ../templata-executive-leadership-transition[0m
