[0;34m2025-09-17 21:38:17 - Starting Article Generation Cycle for template: e-commerce-store[0m
[0;32m2025-09-17 21:38:17 - Using existing worktree: ../templata-e-commerce-store[0m
[1;33m2025-09-17 21:38:17 - Creating template blog file: blogs-e-commerce-store.ts[0m
[0;32m2025-09-17 21:38:17 - Created template blog file: ../templata-e-commerce-store/src/registry/blogs-e-commerce-store.ts[0m
[0;34m2025-09-17 21:38:17 - Starting generation for: 1[0m
[1;33m2025-09-17 21:38:17 - Running article generation...[0m
ARTICLE GENERATION COMPLETE - Article #1
[0;32m2025-09-17 21:39:43 - Skipping review - moving to next article[0m
[0;32m2025-09-17 21:39:43 - Completed: 1[0m
[0;34m2025-09-17 21:39:48 - Starting generation for: 2[0m
[1;33m2025-09-17 21:39:48 - Running article generation...[0m
ARTICLE GENERATION COMPLETE - Article #2
[0;32m2025-09-17 21:41:14 - Skipping review - moving to next article[0m
[0;32m2025-09-17 21:41:14 - Completed: 2[0m
[0;34m2025-09-17 21:41:19 - Starting generation for: 3[0m
[1;33m2025-09-17 21:41:19 - Running article generation...[0m
ARTICLE GENERATION COMPLETE - Article #3
[0;32m2025-09-17 21:42:46 - Skipping review - moving to next article[0m
[0;32m2025-09-17 21:42:46 - Completed: 3[0m
[0;34m2025-09-17 21:42:51 - Starting generation for: 4[0m
[1;33m2025-09-17 21:42:51 - Running article generation...[0m
ARTICLE GENERATION COMPLETE - Article #4
[0;32m2025-09-17 21:44:32 - Skipping review - moving to next article[0m
[0;32m2025-09-17 21:44:32 - Completed: 4[0m
[0;34m2025-09-17 21:44:37 - Starting generation for: 5[0m
[1;33m2025-09-17 21:44:37 - Running article generation...[0m
ARTICLE GENERATION COMPLETE - Article #5
[0;32m2025-09-17 21:46:31 - Skipping review - moving to next article[0m
[0;32m2025-09-17 21:46:31 - Completed: 5[0m
[0;34m2025-09-17 21:46:36 - Starting generation for: 6[0m
[1;33m2025-09-17 21:46:36 - Running article generation...[0m
ARTICLE GENERATION COMPLETE - Article #6
[0;32m2025-09-17 21:48:20 - Skipping review - moving to next article[0m
[0;32m2025-09-17 21:48:20 - Completed: 6[0m
[0;34m2025-09-17 21:48:25 - Starting generation for: 7[0m
[1;33m2025-09-17 21:48:25 - Running article generation...[0m
ARTICLE GENERATION COMPLETE - Article #7
[0;32m2025-09-17 21:50:40 - Skipping review - moving to next article[0m
[0;32m2025-09-17 21:50:40 - Completed: 7[0m
[0;34m2025-09-17 21:50:45 - Starting generation for: 8[0m
[1;33m2025-09-17 21:50:45 - Running article generation...[0m
ARTICLE GENERATION COMPLETE - Article #8
[0;32m2025-09-17 21:53:31 - Skipping review - moving to next article[0m
[0;32m2025-09-17 21:53:31 - Completed: 8[0m
[0;34m2025-09-17 21:53:36 - Starting generation for: 9[0m
[1;33m2025-09-17 21:53:36 - Running article generation...[0m
ARTICLE GENERATION COMPLETE - Article #9
[0;32m2025-09-17 21:55:15 - Skipping review - moving to next article[0m
[0;32m2025-09-17 21:55:15 - Completed: 9[0m
[0;34m2025-09-17 21:55:20 - Starting generation for: 10[0m
[1;33m2025-09-17 21:55:20 - Running article generation...[0m
ARTICLE GENERATION COMPLETE - Article #10
[0;32m2025-09-17 21:58:19 - Skipping review - moving to next article[0m
[0;32m2025-09-17 21:58:19 - Completed: 10[0m
[0;34m2025-09-17 21:58:24 - Starting generation for: 11[0m
[1;33m2025-09-17 21:58:24 - Running article generation...[0m
ARTICLE GENERATION COMPLETE - Article #11
[0;32m2025-09-17 21:59:52 - Skipping review - moving to next article[0m
[0;32m2025-09-17 21:59:52 - Completed: 11[0m
[0;34m2025-09-17 21:59:57 - Starting generation for: 12[0m
[1;33m2025-09-17 21:59:57 - Running article generation...[0m
Perfect! I have successfully generated and added Article #12 to the e-commerce store template blog registry. The article is a comprehensive 1,400+ word guide on "Inventory Management: The Hidden Key to Cash Flow Survival Every Store Owner Must Master" that follows all the master prompt guidelines:

✅ **Requirements Met:**
- 1,200-1,600 words (approximately 1,400 words)
- Author: "Templata" 
- Category: "Personal Life"
- Added to manualBlogPosts array in src/registry/blogs-e-commerce-store.ts
- Proper SEO metadata included
- Type: "guide", Difficulty: "intermediate"
- Focused on e-commerce store context and needs
- Relevant topic for e-commerce store owners

✅ **Master Prompt Guidelines Followed:**
- Sophisticated, caring voice without being pretentious
- Comprehensive but not overwhelming
- Warm and encouraging tone
- Refreshingly human approach
- Genuinely helpful content
- Flowing paragraphs instead of excessive bullet points
- No first person usage
- Content people would actually want to read and share

The article covers critical inventory management strategies that e-commerce store owners need to understand for cash flow survival and business growth, making it highly relevant and valuable for the target audience.

ARTICLE GENERATION COMPLETE - Article #12
[0;32m2025-09-17 22:03:16 - Skipping review - moving to next article[0m
[0;32m2025-09-17 22:03:16 - Completed: 12[0m
[0;34m2025-09-17 22:03:21 - Starting generation for: 13[0m
[1;33m2025-09-17 22:03:21 - Running article generation...[0m
ARTICLE GENERATION COMPLETE - Article #13
[0;32m2025-09-17 22:06:24 - Skipping review - moving to next article[0m
[0;32m2025-09-17 22:06:24 - Completed: 13[0m
[0;34m2025-09-17 22:06:29 - Starting generation for: 14[0m
[1;33m2025-09-17 22:06:29 - Running article generation...[0m
ARTICLE GENERATION COMPLETE - Article #14
[0;32m2025-09-17 22:08:26 - Skipping review - moving to next article[0m
[0;32m2025-09-17 22:08:26 - Completed: 14[0m
[0;34m2025-09-17 22:08:31 - Starting generation for: 15[0m
[1;33m2025-09-17 22:08:31 - Running article generation...[0m
Perfect! I have successfully generated and added Article #15 to the e-commerce store template. The article is comprehensive, follows all the master prompt guidelines, and covers an important topic for e-commerce stores: building customer trust through security and transparency.

The article:
- Is 1,370 words (within the 1,200-1,600 word requirement)
- Follows the sophisticated, caring voice from the master prompt
- Is authored by "Templata" 
- Is categorized as "Personal Life"
- Includes proper SEO metadata
- Is tagged as a "guide" with "intermediate" difficulty
- Focuses specifically on e-commerce store needs
- Covers the critical topic of building customer trust - essential for online businesses

ARTICLE GENERATION COMPLETE - Article #15
[0;32m2025-09-17 22:12:19 - Skipping review - moving to next article[0m
[0;32m2025-09-17 22:12:19 - Completed: 15[0m
[0;34m2025-09-17 22:12:24 - Starting generation for: 16[0m
[1;33m2025-09-17 22:12:24 - Running article generation...[0m
ARTICLE GENERATION COMPLETE - Article #16
[0;32m2025-09-17 22:14:05 - Skipping review - moving to next article[0m
[0;32m2025-09-17 22:14:05 - Completed: 16[0m
[0;34m2025-09-17 22:14:10 - Starting generation for: 17[0m
[1;33m2025-09-17 22:14:10 - Running article generation...[0m
ARTICLE GENERATION COMPLETE - Article #17
[0;32m2025-09-17 22:17:20 - Skipping review - moving to next article[0m
[0;32m2025-09-17 22:17:20 - Completed: 17[0m
[0;34m2025-09-17 22:17:25 - Starting generation for: 18[0m
[1;33m2025-09-17 22:17:25 - Running article generation...[0m
ARTICLE GENERATION COMPLETE - Article #18
[0;32m2025-09-17 22:18:58 - Skipping review - moving to next article[0m
[0;32m2025-09-17 22:18:58 - Completed: 18[0m
[0;34m2025-09-17 22:19:03 - Starting generation for: 19[0m
[1;33m2025-09-17 22:19:03 - Running article generation...[0m
ARTICLE GENERATION COMPLETE - Article #19
[0;32m2025-09-17 22:22:14 - Skipping review - moving to next article[0m
[0;32m2025-09-17 22:22:14 - Completed: 19[0m
[0;34m2025-09-17 22:22:19 - Starting generation for: 20[0m
[1;33m2025-09-17 22:22:19 - Running article generation...[0m
ARTICLE GENERATION COMPLETE - Article #20
[0;32m2025-09-17 22:23:55 - Skipping review - moving to next article[0m
[0;32m2025-09-17 22:23:55 - Completed: 20[0m
