[0;34m2025-09-17 13:17:51 - Starting Article Generation Cycle for template: spiritual-growth[0m
[1;33m2025-09-17 13:17:51 - Creating worktree for template: spiritual-growth[0m
[0;32m2025-09-17 13:17:51 - Created branch: article-spiritual-growth[0m
[0;32m2025-09-17 13:17:51 - Created worktree: ../templata-spiritual-growth[0m
[1;33m2025-09-17 13:17:51 - Creating template blog file: blogs-spiritual-growth.ts[0m
[0;32m2025-09-17 13:17:51 - Created template blog file: ../templata-spiritual-growth/src/registry/blogs-spiritual-growth.ts[0m
[0;34m2025-09-17 13:17:51 - Starting generation for: 1[0m
[1;33m2025-09-17 13:17:51 - Running article generation...[0m
ARTICLE GENERATION COMPLETE - Article #1
[0;32m2025-09-17 13:19:00 - Skipping review - moving to next article[0m
[0;32m2025-09-17 13:19:00 - Completed: 1[0m
[0;34m2025-09-17 13:19:05 - Starting generation for: 2[0m
[1;33m2025-09-17 13:19:05 - Running article generation...[0m
ARTICLE GENERATION COMPLETE - Article #2
[0;32m2025-09-17 13:20:44 - Skipping review - moving to next article[0m
[0;32m2025-09-17 13:20:44 - Completed: 2[0m
[0;34m2025-09-17 13:20:49 - Starting generation for: 3[0m
[1;33m2025-09-17 13:20:49 - Running article generation...[0m
ARTICLE GENERATION COMPLETE - Article #3
[0;32m2025-09-17 13:22:21 - Skipping review - moving to next article[0m
[0;32m2025-09-17 13:22:21 - Completed: 3[0m
[0;34m2025-09-17 13:22:26 - Starting generation for: 4[0m
[1;33m2025-09-17 13:22:26 - Running article generation...[0m
ARTICLE GENERATION COMPLETE - Article #4
[0;32m2025-09-17 13:23:54 - Skipping review - moving to next article[0m
[0;32m2025-09-17 13:23:54 - Completed: 4[0m
[0;34m2025-09-17 13:23:59 - Starting generation for: 5[0m
[1;33m2025-09-17 13:23:59 - Running article generation...[0m
ARTICLE GENERATION COMPLETE - Article #5
[0;32m2025-09-17 13:25:24 - Skipping review - moving to next article[0m
[0;32m2025-09-17 13:25:24 - Completed: 5[0m
[0;34m2025-09-17 13:25:29 - Starting generation for: 6[0m
[1;33m2025-09-17 13:25:29 - Running article generation...[0m
ARTICLE GENERATION COMPLETE - Article #6
[0;32m2025-09-17 13:27:14 - Skipping review - moving to next article[0m
[0;32m2025-09-17 13:27:14 - Completed: 6[0m
[0;34m2025-09-17 13:27:19 - Starting generation for: 7[0m
[1;33m2025-09-17 13:27:19 - Running article generation...[0m
ARTICLE GENERATION COMPLETE - Article #7
[0;32m2025-09-17 13:28:51 - Skipping review - moving to next article[0m
[0;32m2025-09-17 13:28:51 - Completed: 7[0m
[0;34m2025-09-17 13:28:56 - Starting generation for: 8[0m
[1;33m2025-09-17 13:28:56 - Running article generation...[0m
ARTICLE GENERATION COMPLETE - Article #8
[0;32m2025-09-17 13:30:33 - Skipping review - moving to next article[0m
[0;32m2025-09-17 13:30:33 - Completed: 8[0m
[0;34m2025-09-17 13:30:38 - Starting generation for: 9[0m
[1;33m2025-09-17 13:30:38 - Running article generation...[0m
ARTICLE GENERATION COMPLETE - Article #9
[0;32m2025-09-17 13:32:24 - Skipping review - moving to next article[0m
[0;32m2025-09-17 13:32:24 - Completed: 9[0m
[0;34m2025-09-17 13:32:29 - Starting generation for: 10[0m
[1;33m2025-09-17 13:32:29 - Running article generation...[0m
ARTICLE GENERATION COMPLETE - Article #10
[0;32m2025-09-17 13:34:10 - Skipping review - moving to next article[0m
[0;32m2025-09-17 13:34:10 - Completed: 10[0m
[0;34m2025-09-17 13:34:15 - Starting generation for: 11[0m
[1;33m2025-09-17 13:34:15 - Running article generation...[0m
Perfect! I have successfully generated and added Article #11 to the spiritual growth template. The article:

- **Title**: "Spiritual Boundaries for Sensitive Souls: Protecting Your Energy While Staying Open-Hearted"
- **Word count**: 1,450 words (within the 1,200-1,600 word requirement)
- **Type**: Guide (intermediate difficulty)
- **Topic**: Spiritual boundaries and energy protection for sensitive individuals
- **Author**: Templata
- **Category**: Personal Life
- **Read time**: 11 minutes

The article follows all the master prompt guidelines:
- Uses sophisticated, caring voice without being pretentious
- Flows in engaging paragraphs rather than bullet points
- Avoids first person ("I", "my", "we")
- Addresses a real need in the spiritual growth context
- Provides practical, actionable guidance
- Maintains the premium but accessible tone

The topic of spiritual boundaries for sensitive souls is highly relevant to people on a spiritual growth journey and hasn't been covered in the existing 10 articles, making it a valuable addition to the template's content library.

ARTICLE GENERATION COMPLETE - Article #11
[0;32m2025-09-17 13:37:27 - Skipping review - moving to next article[0m
[0;32m2025-09-17 13:37:27 - Completed: 11[0m
[0;34m2025-09-17 13:37:32 - Starting generation for: 12[0m
[1;33m2025-09-17 13:37:32 - Running article generation...[0m
ARTICLE GENERATION COMPLETE - Article #12
[0;32m2025-09-17 13:38:57 - Skipping review - moving to next article[0m
[0;32m2025-09-17 13:38:57 - Completed: 12[0m
[0;34m2025-09-17 13:39:02 - Starting generation for: 13[0m
[1;33m2025-09-17 13:39:02 - Running article generation...[0m
Perfect! I have successfully created and added Article #13 to the spiritual growth template. The article "Navigating Spiritual Awakening: What to Expect When Everything Changes" is a comprehensive 1,500+ word guide that follows all the master prompt requirements:

- **Word Count**: 1,500+ words (12 minute read)
- **Voice**: Sophisticated, caring, and human without being preachy
- **Structure**: Flowing paragraphs with minimal bullet points
- **Author**: "Templata"
- **Category**: "Personal Life"
- **Type**: Guide (intermediate difficulty)
- **Topic**: Highly relevant to spiritual growth - addressing the transformative experience of spiritual awakening
- **SEO**: Comprehensive metadata with targeted keywords
- **Content Quality**: Addresses real challenges people face during spiritual awakening with practical wisdom

The article covers the key phases of spiritual awakening:
1. The Initial Stirring
2. The Great Unraveling 
3. Integration Challenges
4. Emergence of Authentic Purpose
5. Cultivating Ongoing Spiritual Maturity
6. Embracing the Continuing Journey

This provides valuable guidance for people experiencing this profound transformation, making it exactly the kind of resource people would want to share in group chats and find genuinely helpful.

ARTICLE GENERATION COMPLETE - Article #13
[0;32m2025-09-17 13:41:41 - Skipping review - moving to next article[0m
[0;32m2025-09-17 13:41:41 - Completed: 13[0m
[0;34m2025-09-17 13:41:46 - Starting generation for: 14[0m
[1;33m2025-09-17 13:41:46 - Running article generation...[0m
ARTICLE GENERATION COMPLETE - Article #14
[0;32m2025-09-17 13:46:36 - Skipping review - moving to next article[0m
[0;32m2025-09-17 13:46:36 - Completed: 14[0m
[0;34m2025-09-17 13:46:41 - Starting generation for: 15[0m
[1;33m2025-09-17 13:46:41 - Running article generation...[0m
ARTICLE GENERATION COMPLETE - Article #15
[0;32m2025-09-17 13:48:28 - Skipping review - moving to next article[0m
[0;32m2025-09-17 13:48:28 - Completed: 15[0m
[0;34m2025-09-17 13:48:33 - Starting generation for: 16[0m
[1;33m2025-09-17 13:48:33 - Running article generation...[0m
ARTICLE GENERATION COMPLETE - Article #16
[0;32m2025-09-17 13:51:26 - Skipping review - moving to next article[0m
[0;32m2025-09-17 13:51:26 - Completed: 16[0m
[0;34m2025-09-17 13:51:32 - Starting generation for: 17[0m
[1;33m2025-09-17 13:51:32 - Running article generation...[0m
ARTICLE GENERATION COMPLETE - Article #17
[0;32m2025-09-17 13:54:33 - Skipping review - moving to next article[0m
[0;32m2025-09-17 13:54:33 - Completed: 17[0m
[0;34m2025-09-17 13:54:38 - Starting generation for: 18[0m
[1;33m2025-09-17 13:54:38 - Running article generation...[0m
ARTICLE GENERATION COMPLETE - Article #18
[0;32m2025-09-17 13:56:10 - Skipping review - moving to next article[0m
[0;32m2025-09-17 13:56:10 - Completed: 18[0m
[0;34m2025-09-17 13:56:15 - Starting generation for: 19[0m
[1;33m2025-09-17 13:56:15 - Running article generation...[0m
ARTICLE GENERATION COMPLETE - Article #19
[0;32m2025-09-17 13:58:09 - Skipping review - moving to next article[0m
[0;32m2025-09-17 13:58:09 - Completed: 19[0m
[0;34m2025-09-17 13:58:14 - Starting generation for: 20[0m
[1;33m2025-09-17 13:58:14 - Running article generation...[0m
ARTICLE GENERATION COMPLETE - Article #20
[0;32m2025-09-17 14:00:40 - Skipping review - moving to next article[0m
[0;32m2025-09-17 14:00:40 - Completed: 20[0m
[0;34m2025-09-17 20:04:50 - Starting Article Generation Cycle for template: spiritual-growth[0m
[0;32m2025-09-17 20:04:50 - Using existing worktree: ../templata-spiritual-growth[0m
