[0;34m2025-09-18 12:34:11 - Starting Article Generation Cycle for template: caring-for-aging-parents[0m
[1;33m2025-09-18 12:34:11 - Creating worktree for template: caring-for-aging-parents[0m
[0;32m2025-09-18 12:34:11 - Created branch: article-caring-for-aging-parents[0m
[0;32m2025-09-18 12:34:13 - Created worktree: ../templata-caring-for-aging-parents[0m
[1;33m2025-09-18 12:34:13 - Creating template blog file: blogs-caring-for-aging-parents.ts[0m
[0;32m2025-09-18 12:34:13 - Created template blog file: ../templata-caring-for-aging-parents/src/registry/blogs-caring-for-aging-parents.ts[0m
[0;34m2025-09-18 12:34:13 - Starting generation for: 1[0m
[1;33m2025-09-18 12:34:13 - Running article generation...[0m
ARTICLE GENERATION COMPLETE - Article #1
[0;32m2025-09-18 12:35:27 - Skipping review - moving to next article[0m
[0;32m2025-09-18 12:35:27 - Completed: 1[0m
[0;34m2025-09-18 12:35:32 - Starting generation for: 2[0m
[1;33m2025-09-18 12:35:32 - Running article generation...[0m
ARTICLE GENERATION COMPLETE - Article #2
[0;32m2025-09-18 12:36:43 - Skipping review - moving to next article[0m
[0;32m2025-09-18 12:36:43 - Completed: 2[0m
[0;34m2025-09-18 12:36:48 - Starting generation for: 3[0m
[1;33m2025-09-18 12:36:48 - Running article generation...[0m
ARTICLE GENERATION COMPLETE - Article #3
[0;32m2025-09-18 12:37:58 - Skipping review - moving to next article[0m
[0;32m2025-09-18 12:37:58 - Completed: 3[0m
[0;34m2025-09-18 12:38:03 - Starting generation for: 4[0m
[1;33m2025-09-18 12:38:03 - Running article generation...[0m
ARTICLE GENERATION COMPLETE - Article #4
[0;32m2025-09-18 12:39:47 - Skipping review - moving to next article[0m
[0;32m2025-09-18 12:39:47 - Completed: 4[0m
[0;34m2025-09-18 12:39:52 - Starting generation for: 5[0m
[1;33m2025-09-18 12:39:52 - Running article generation...[0m
ARTICLE GENERATION COMPLETE - Article #5
[0;32m2025-09-18 12:41:21 - Skipping review - moving to next article[0m
[0;32m2025-09-18 12:41:21 - Completed: 5[0m
[0;34m2025-09-18 12:41:26 - Starting generation for: 6[0m
[1;33m2025-09-18 12:41:26 - Running article generation...[0m
ARTICLE GENERATION COMPLETE - Article #6
[0;32m2025-09-18 12:42:57 - Skipping review - moving to next article[0m
[0;32m2025-09-18 12:42:57 - Completed: 6[0m
[0;34m2025-09-18 12:43:02 - Starting generation for: 7[0m
[1;33m2025-09-18 12:43:02 - Running article generation...[0m
ARTICLE GENERATION COMPLETE - Article #7
[0;32m2025-09-18 12:44:43 - Skipping review - moving to next article[0m
[0;32m2025-09-18 12:44:43 - Completed: 7[0m
[0;34m2025-09-18 12:44:48 - Starting generation for: 8[0m
[1;33m2025-09-18 12:44:48 - Running article generation...[0m
ARTICLE GENERATION COMPLETE - Article #8
[0;32m2025-09-18 12:46:47 - Skipping review - moving to next article[0m
[0;32m2025-09-18 12:46:47 - Completed: 8[0m
[0;34m2025-09-18 12:46:52 - Starting generation for: 9[0m
[1;33m2025-09-18 12:46:52 - Running article generation...[0m
ARTICLE GENERATION COMPLETE - Article #9
[0;32m2025-09-18 12:48:41 - Skipping review - moving to next article[0m
[0;32m2025-09-18 12:48:41 - Completed: 9[0m
[0;34m2025-09-18 12:48:46 - Starting generation for: 10[0m
[1;33m2025-09-18 12:48:46 - Running article generation...[0m
ARTICLE GENERATION COMPLETE - Article #10
[0;32m2025-09-18 12:50:34 - Skipping review - moving to next article[0m
[0;32m2025-09-18 12:50:34 - Completed: 10[0m
[0;34m2025-09-18 12:50:39 - Starting generation for: 11[0m
[1;33m2025-09-18 12:50:39 - Running article generation...[0m
ARTICLE GENERATION COMPLETE - Article #11
[0;32m2025-09-18 12:52:41 - Skipping review - moving to next article[0m
[0;32m2025-09-18 12:52:41 - Completed: 11[0m
[0;34m2025-09-18 12:52:46 - Starting generation for: 12[0m
[1;33m2025-09-18 12:52:46 - Running article generation...[0m
Perfect! I have successfully generated and added Article #12 to the caring for aging parents template. The article is titled "How to Advocate for Your Aging Parent in Healthcare Without Taking Over" and covers a comprehensive guide on healthcare advocacy while respecting autonomy.

The article:
- Is 1,407 words (within the 1,200-1,600 word requirement)
- Follows the master prompt guidelines with a sophisticated, caring voice
- Uses flowing paragraphs instead of bullet points
- Is authored by "Templata" 
- Is categorized as "Personal Life"
- Includes proper SEO metadata
- Is marked as an "intermediate" difficulty "guide"
- Focuses specifically on caring for aging parents context
- Has been added to the manualBlogPosts array in the registry

ARTICLE GENERATION COMPLETE - Article #12
[0;32m2025-09-18 12:55:53 - Skipping review - moving to next article[0m
[0;32m2025-09-18 12:55:53 - Completed: 12[0m
[0;34m2025-09-18 12:55:58 - Starting generation for: 13[0m
[1;33m2025-09-18 12:55:58 - Running article generation...[0m
ARTICLE GENERATION COMPLETE - Article #13
[0;32m2025-09-18 12:57:37 - Skipping review - moving to next article[0m
[0;32m2025-09-18 12:57:37 - Completed: 13[0m
[0;34m2025-09-18 12:57:42 - Starting generation for: 14[0m
[1;33m2025-09-18 12:57:42 - Running article generation...[0m
Perfect! I have successfully generated and added Article #14 to the caring for aging parents template. The article focuses on "Protecting Your Aging Parent's Financial Future: A Comprehensive Planning Guide" and covers:

- Understanding financial vulnerabilities in aging
- Recognizing warning signs of financial problems  
- Creating protective financial systems
- Protecting against financial exploitation and scams
- Planning for increasing care costs
- Estate planning and legal protections
- Supporting financial independence
- Technology and financial management
- Building family financial communication
- Preparing for the future
- Preserving dignity and purpose

The article is approximately 1,400 words (14-minute read), follows the master prompt guidelines with a sophisticated, caring voice, avoids bullet points in favor of flowing paragraphs, and includes proper SEO metadata and related posts.

ARTICLE GENERATION COMPLETE - Article #14
[0;32m2025-09-18 13:01:13 - Skipping review - moving to next article[0m
[0;32m2025-09-18 13:01:13 - Completed: 14[0m
[0;34m2025-09-18 13:01:18 - Starting generation for: 15[0m
[1;33m2025-09-18 13:01:18 - Running article generation...[0m
ARTICLE GENERATION COMPLETE - Article #15
[0;32m2025-09-18 13:03:14 - Skipping review - moving to next article[0m
[0;32m2025-09-18 13:03:14 - Completed: 15[0m
[0;34m2025-09-18 13:03:19 - Starting generation for: 16[0m
[1;33m2025-09-18 13:03:19 - Running article generation...[0m
ARTICLE GENERATION COMPLETE - Article #16
[0;32m2025-09-18 13:04:29 - Skipping review - moving to next article[0m
[0;32m2025-09-18 13:04:29 - Completed: 16[0m
[0;34m2025-09-18 13:04:34 - Starting generation for: 17[0m
[1;33m2025-09-18 13:04:34 - Running article generation...[0m
ARTICLE GENERATION COMPLETE - Article #17
[0;32m2025-09-18 13:07:58 - Skipping review - moving to next article[0m
[0;32m2025-09-18 13:07:58 - Completed: 17[0m
[0;34m2025-09-18 13:08:04 - Starting generation for: 18[0m
[1;33m2025-09-18 13:08:04 - Running article generation...[0m
Perfect! I have successfully generated and added Article #18 to the caring for aging parents template. The article covers "Managing Medical Appointments for Aging Parents" and follows all the requirements:

- **Word count**: 1,400+ words (10 minute read)
- **Voice**: Sophisticated, caring, and human following the master prompt guidelines
- **Author**: "Templata"
- **Category**: "Personal Life"
- **Type**: "guide"
- **Difficulty**: "intermediate"
- **Content**: Comprehensive coverage of medical appointment coordination challenges and solutions
- **SEO**: Proper metadata with relevant title, description, and tags
- **Integration**: Added to the manualBlogPosts array in the correct format

The article addresses a practical, real-world challenge that families caring for aging parents face daily - managing the complex web of medical appointments, specialists, and healthcare coordination. It provides actionable strategies while maintaining the warm, encouraging tone specified in the master prompt.

ARTICLE GENERATION COMPLETE - Article #18
[0;32m2025-09-18 13:14:36 - Skipping review - moving to next article[0m
[0;32m2025-09-18 13:14:36 - Completed: 18[0m
[0;34m2025-09-18 13:14:42 - Starting generation for: 19[0m
[1;33m2025-09-18 13:14:42 - Running article generation...[0m
ARTICLE GENERATION COMPLETE - Article #19
[0;32m2025-09-18 13:19:43 - Skipping review - moving to next article[0m
[0;32m2025-09-18 13:19:43 - Completed: 19[0m
[0;34m2025-09-18 13:19:48 - Starting generation for: 20[0m
[1;33m2025-09-18 13:19:48 - Running article generation...[0m
ARTICLE GENERATION COMPLETE - Article #20
[0;32m2025-09-18 13:21:04 - Skipping review - moving to next article[0m
[0;32m2025-09-18 13:21:04 - Completed: 20[0m
