[0;34m2025-09-18 12:34:11 - Starting Article Generation Cycle for template: disability-accommodation[0m
[1;33m2025-09-18 12:34:11 - Creating worktree for template: disability-accommodation[0m
[0;32m2025-09-18 12:34:11 - Created branch: article-disability-accommodation[0m
[0;32m2025-09-18 12:34:13 - Created worktree: ../templata-disability-accommodation[0m
[1;33m2025-09-18 12:34:13 - Creating template blog file: blogs-disability-accommodation.ts[0m
[0;32m2025-09-18 12:34:13 - Created template blog file: ../templata-disability-accommodation/src/registry/blogs-disability-accommodation.ts[0m
[0;34m2025-09-18 12:34:13 - Starting generation for: 1[0m
[1;33m2025-09-18 12:34:13 - Running article generation...[0m
ARTICLE GENERATION COMPLETE - Article #1
[0;32m2025-09-18 12:35:36 - Skipping review - moving to next article[0m
[0;32m2025-09-18 12:35:36 - Completed: 1[0m
[0;34m2025-09-18 12:35:41 - Starting generation for: 2[0m
[1;33m2025-09-18 12:35:41 - Running article generation...[0m
ARTICLE GENERATION COMPLETE - Article #2
[0;32m2025-09-18 12:38:13 - Skipping review - moving to next article[0m
[0;32m2025-09-18 12:38:13 - Completed: 2[0m
[0;34m2025-09-18 12:38:18 - Starting generation for: 3[0m
[1;33m2025-09-18 12:38:18 - Running article generation...[0m
ARTICLE GENERATION COMPLETE - Article #3
[0;32m2025-09-18 12:40:00 - Skipping review - moving to next article[0m
[0;32m2025-09-18 12:40:00 - Completed: 3[0m
[0;34m2025-09-18 12:40:05 - Starting generation for: 4[0m
[1;33m2025-09-18 12:40:05 - Running article generation...[0m
ARTICLE GENERATION COMPLETE - Article #4
[0;32m2025-09-18 12:41:45 - Skipping review - moving to next article[0m
[0;32m2025-09-18 12:41:45 - Completed: 4[0m
[0;34m2025-09-18 12:41:50 - Starting generation for: 5[0m
[1;33m2025-09-18 12:41:50 - Running article generation...[0m
ARTICLE GENERATION COMPLETE - Article #5
[0;32m2025-09-18 12:43:52 - Skipping review - moving to next article[0m
[0;32m2025-09-18 12:43:52 - Completed: 5[0m
[0;34m2025-09-18 12:43:57 - Starting generation for: 6[0m
[1;33m2025-09-18 12:43:57 - Running article generation...[0m
ARTICLE GENERATION COMPLETE - Article #6
[0;32m2025-09-18 12:46:09 - Skipping review - moving to next article[0m
[0;32m2025-09-18 12:46:09 - Completed: 6[0m
[0;34m2025-09-18 12:46:14 - Starting generation for: 7[0m
[1;33m2025-09-18 12:46:14 - Running article generation...[0m
ARTICLE GENERATION COMPLETE - Article #7
[0;32m2025-09-18 12:48:23 - Skipping review - moving to next article[0m
[0;32m2025-09-18 12:48:23 - Completed: 7[0m
[0;34m2025-09-18 12:48:28 - Starting generation for: 8[0m
[1;33m2025-09-18 12:48:28 - Running article generation...[0m
ARTICLE GENERATION COMPLETE - Article #8
[0;32m2025-09-18 12:52:54 - Skipping review - moving to next article[0m
[0;32m2025-09-18 12:52:54 - Completed: 8[0m
[0;34m2025-09-18 12:52:59 - Starting generation for: 9[0m
[1;33m2025-09-18 12:52:59 - Running article generation...[0m
ARTICLE GENERATION COMPLETE - Article #9
[0;32m2025-09-18 12:54:18 - Skipping review - moving to next article[0m
[0;32m2025-09-18 12:54:18 - Completed: 9[0m
[0;34m2025-09-18 12:54:23 - Starting generation for: 10[0m
[1;33m2025-09-18 12:54:23 - Running article generation...[0m
Perfect! I have successfully generated and added Article #10 for the disability accommodation template. The article is titled "Creating Accessible Communication Strategies for Disability Advocacy" and covers:

- Understanding communication goals for advocacy
- Tailoring messages to different audiences (healthcare, employers, family, service providers)
- Building compelling narratives
- Managing difficult conversations
- Building long-term advocacy skills
- Creating systemic change through communication

The article is 1,427 words (within the 1,200-1,600 word requirement), follows the master prompt guidelines for sophisticated and caring voice, includes proper SEO metadata, and has been added to the manualBlogPosts array in the registry file.

ARTICLE GENERATION COMPLETE - Article #10
[0;32m2025-09-18 12:57:15 - Skipping review - moving to next article[0m
[0;32m2025-09-18 12:57:15 - Completed: 10[0m
[0;34m2025-09-18 12:57:20 - Starting generation for: 11[0m
[1;33m2025-09-18 12:57:20 - Running article generation...[0m
ARTICLE GENERATION COMPLETE - Article #11
[0;32m2025-09-18 12:59:12 - Skipping review - moving to next article[0m
[0;32m2025-09-18 12:59:12 - Completed: 11[0m
[0;34m2025-09-18 12:59:17 - Starting generation for: 12[0m
[1;33m2025-09-18 12:59:17 - Running article generation...[0m
ARTICLE GENERATION COMPLETE - Article #12
[0;32m2025-09-18 13:03:47 - Skipping review - moving to next article[0m
[0;32m2025-09-18 13:03:47 - Completed: 12[0m
[0;34m2025-09-18 13:03:52 - Starting generation for: 13[0m
[1;33m2025-09-18 13:03:52 - Running article generation...[0m
ARTICLE GENERATION COMPLETE - Article #13
[0;32m2025-09-18 13:07:13 - Skipping review - moving to next article[0m
[0;32m2025-09-18 13:07:13 - Completed: 13[0m
[0;34m2025-09-18 13:07:18 - Starting generation for: 14[0m
[1;33m2025-09-18 13:07:18 - Running article generation...[0m
ARTICLE GENERATION COMPLETE - Article #14
[0;32m2025-09-18 13:09:04 - Skipping review - moving to next article[0m
[0;32m2025-09-18 13:09:04 - Completed: 14[0m
[0;34m2025-09-18 13:09:09 - Starting generation for: 15[0m
[1;33m2025-09-18 13:09:09 - Running article generation...[0m
ARTICLE GENERATION COMPLETE - Article #15
[0;32m2025-09-18 13:12:15 - Skipping review - moving to next article[0m
[0;32m2025-09-18 13:12:15 - Completed: 15[0m
[0;34m2025-09-18 13:12:20 - Starting generation for: 16[0m
[1;33m2025-09-18 13:12:20 - Running article generation...[0m
ARTICLE GENERATION COMPLETE - Article #16
[0;32m2025-09-18 13:14:20 - Skipping review - moving to next article[0m
[0;32m2025-09-18 13:14:20 - Completed: 16[0m
[0;34m2025-09-18 13:14:25 - Starting generation for: 17[0m
[1;33m2025-09-18 13:14:25 - Running article generation...[0m
ARTICLE GENERATION COMPLETE - Article #17
[0;32m2025-09-18 13:17:26 - Skipping review - moving to next article[0m
[0;32m2025-09-18 13:17:26 - Completed: 17[0m
[0;34m2025-09-18 13:17:31 - Starting generation for: 18[0m
[1;33m2025-09-18 13:17:31 - Running article generation...[0m
ARTICLE GENERATION COMPLETE - Article #18
[0;32m2025-09-18 13:20:27 - Skipping review - moving to next article[0m
[0;32m2025-09-18 13:20:27 - Completed: 18[0m
[0;34m2025-09-18 13:20:32 - Starting generation for: 19[0m
[1;33m2025-09-18 13:20:32 - Running article generation...[0m
ARTICLE GENERATION COMPLETE - Article #19
[0;32m2025-09-18 13:22:07 - Skipping review - moving to next article[0m
[0;32m2025-09-18 13:22:07 - Completed: 19[0m
[0;34m2025-09-18 13:22:12 - Starting generation for: 20[0m
[1;33m2025-09-18 13:22:12 - Running article generation...[0m
ARTICLE GENERATION COMPLETE - Article #20
[0;32m2025-09-18 13:25:05 - Skipping review - moving to next article[0m
[0;32m2025-09-18 13:25:05 - Completed: 20[0m
