[0;34m2025-09-18 10:37:36 - Starting Article Generation Cycle for template: blended-family[0m
[1;33m2025-09-18 10:37:36 - Creating worktree for template: blended-family[0m
[0;32m2025-09-18 10:37:36 - Created branch: article-blended-family[0m
[0;32m2025-09-18 10:37:38 - Created worktree: ../templata-blended-family[0m
[1;33m2025-09-18 10:37:38 - Creating template blog file: blogs-blended-family.ts[0m
[0;32m2025-09-18 10:37:38 - Created template blog file: ../templata-blended-family/src/registry/blogs-blended-family.ts[0m
[0;34m2025-09-18 10:37:38 - Starting generation for: 1[0m
[1;33m2025-09-18 10:37:38 - Running article generation...[0m
ARTICLE GENERATION COMPLETE - Article #1
[0;32m2025-09-18 10:39:06 - Skipping review - moving to next article[0m
[0;32m2025-09-18 10:39:06 - Completed: 1[0m
[0;34m2025-09-18 10:39:11 - Starting generation for: 2[0m
[1;33m2025-09-18 10:39:11 - Running article generation...[0m
ARTICLE GENERATION COMPLETE - Article #2
[0;32m2025-09-18 10:41:48 - Skipping review - moving to next article[0m
[0;32m2025-09-18 10:41:48 - Completed: 2[0m
[0;34m2025-09-18 10:41:54 - Starting generation for: 3[0m
[1;33m2025-09-18 10:41:54 - Running article generation...[0m
ARTICLE GENERATION COMPLETE - Article #3
[0;32m2025-09-18 10:43:28 - Skipping review - moving to next article[0m
[0;32m2025-09-18 10:43:28 - Completed: 3[0m
[0;34m2025-09-18 10:43:34 - Starting generation for: 4[0m
[1;33m2025-09-18 10:43:34 - Running article generation...[0m
ARTICLE GENERATION COMPLETE - Article #4
[0;32m2025-09-18 10:45:17 - Skipping review - moving to next article[0m
[0;32m2025-09-18 10:45:17 - Completed: 4[0m
[0;34m2025-09-18 10:45:22 - Starting generation for: 5[0m
[1;33m2025-09-18 10:45:22 - Running article generation...[0m
ARTICLE GENERATION COMPLETE - Article #5
[0;32m2025-09-18 10:47:22 - Skipping review - moving to next article[0m
[0;32m2025-09-18 10:47:22 - Completed: 5[0m
[0;34m2025-09-18 10:47:27 - Starting generation for: 6[0m
[1;33m2025-09-18 10:47:27 - Running article generation...[0m
ARTICLE GENERATION COMPLETE - Article #6
[0;32m2025-09-18 10:49:19 - Skipping review - moving to next article[0m
[0;32m2025-09-18 10:49:19 - Completed: 6[0m
[0;34m2025-09-18 10:49:24 - Starting generation for: 7[0m
[1;33m2025-09-18 10:49:24 - Running article generation...[0m
ARTICLE GENERATION COMPLETE - Article #7
[0;32m2025-09-18 10:51:24 - Skipping review - moving to next article[0m
[0;32m2025-09-18 10:51:24 - Completed: 7[0m
[0;34m2025-09-18 10:51:29 - Starting generation for: 8[0m
[1;33m2025-09-18 10:51:29 - Running article generation...[0m
ARTICLE GENERATION COMPLETE - Article #8
[0;32m2025-09-18 10:53:22 - Skipping review - moving to next article[0m
[0;32m2025-09-18 10:53:22 - Completed: 8[0m
[0;34m2025-09-18 10:53:27 - Starting generation for: 9[0m
[1;33m2025-09-18 10:53:27 - Running article generation...[0m
ARTICLE GENERATION COMPLETE - Article #9
[0;32m2025-09-18 10:55:58 - Skipping review - moving to next article[0m
[0;32m2025-09-18 10:55:58 - Completed: 9[0m
[0;34m2025-09-18 10:56:03 - Starting generation for: 10[0m
[1;33m2025-09-18 10:56:03 - Running article generation...[0m
Perfect! I have successfully created and added Article #10 to the blended family template. The article covers "Creating Consistent Boundaries Across Two Homes: A Blended Family's Guide to United Parenting" - a crucial topic that wasn't covered in the existing 9 articles.

The article:
- Is 1,400+ words (within the 1,200-1,600 word requirement)
- Follows the master prompt's sophisticated, caring voice
- Uses flowing paragraphs with minimal bullet points
- Author: "Templata"
- Category: "Personal Life" 
- Includes proper SEO metadata
- Type: "guide", Difficulty: "intermediate"
- Focuses specifically on blended family challenges around maintaining consistent parenting boundaries across multiple households
- Has been added to the manualBlogPosts array in src/registry/blogs-blended-family.ts

ARTICLE GENERATION COMPLETE - Article #10
[0;32m2025-09-18 12:01:57 - Skipping review - moving to next article[0m
[0;32m2025-09-18 12:01:57 - Completed: 10[0m
[0;34m2025-09-18 12:02:02 - Starting generation for: 11[0m
[1;33m2025-09-18 12:02:02 - Running article generation...[0m
ARTICLE GENERATION COMPLETE - Article #11
[0;32m2025-09-18 12:04:39 - Skipping review - moving to next article[0m
[0;32m2025-09-18 12:04:39 - Completed: 11[0m
[0;34m2025-09-18 12:04:44 - Starting generation for: 12[0m
[1;33m2025-09-18 12:04:44 - Running article generation...[0m
ARTICLE GENERATION COMPLETE - Article #12
[0;32m2025-09-18 12:07:53 - Skipping review - moving to next article[0m
[0;32m2025-09-18 12:07:53 - Completed: 12[0m
[0;34m2025-09-18 12:07:58 - Starting generation for: 13[0m
[1;33m2025-09-18 12:07:58 - Running article generation...[0m
ARTICLE GENERATION COMPLETE - Article #13
[0;32m2025-09-18 12:09:39 - Skipping review - moving to next article[0m
[0;32m2025-09-18 12:09:39 - Completed: 13[0m
[0;34m2025-09-18 12:09:44 - Starting generation for: 14[0m
[1;33m2025-09-18 12:09:44 - Running article generation...[0m
ARTICLE GENERATION COMPLETE - Article #14
[0;32m2025-09-18 12:11:31 - Skipping review - moving to next article[0m
[0;32m2025-09-18 12:11:31 - Completed: 14[0m
[0;34m2025-09-18 12:11:36 - Starting generation for: 15[0m
[1;33m2025-09-18 12:11:36 - Running article generation...[0m
ARTICLE GENERATION COMPLETE - Article #15
[0;32m2025-09-18 12:15:45 - Skipping review - moving to next article[0m
[0;32m2025-09-18 12:15:45 - Completed: 15[0m
[0;34m2025-09-18 12:15:50 - Starting generation for: 16[0m
[1;33m2025-09-18 12:15:50 - Running article generation...[0m
ARTICLE GENERATION COMPLETE - Article #16
[0;32m2025-09-18 12:17:15 - Skipping review - moving to next article[0m
[0;32m2025-09-18 12:17:15 - Completed: 16[0m
[0;34m2025-09-18 12:17:20 - Starting generation for: 17[0m
[1;33m2025-09-18 12:17:20 - Running article generation...[0m
ARTICLE GENERATION COMPLETE - Article #17
[0;32m2025-09-18 12:18:55 - Skipping review - moving to next article[0m
[0;32m2025-09-18 12:18:55 - Completed: 17[0m
[0;34m2025-09-18 12:19:00 - Starting generation for: 18[0m
[1;33m2025-09-18 12:19:00 - Running article generation...[0m
ARTICLE GENERATION COMPLETE - Article #18
[0;32m2025-09-18 12:20:48 - Skipping review - moving to next article[0m
[0;32m2025-09-18 12:20:48 - Completed: 18[0m
[0;34m2025-09-18 12:20:53 - Starting generation for: 19[0m
[1;33m2025-09-18 12:20:53 - Running article generation...[0m
ARTICLE GENERATION COMPLETE - Article #19
[0;32m2025-09-18 12:22:49 - Skipping review - moving to next article[0m
[0;32m2025-09-18 12:22:49 - Completed: 19[0m
[0;34m2025-09-18 12:22:54 - Starting generation for: 20[0m
[1;33m2025-09-18 12:22:54 - Running article generation...[0m
ARTICLE GENERATION COMPLETE - Article #20
[0;32m2025-09-18 12:24:12 - Skipping review - moving to next article[0m
[0;32m2025-09-18 12:24:12 - Completed: 20[0m
