[0;34m2025-09-17 14:57:59 - Starting Article Generation Cycle for template: financial-independence[0m
[0;32m2025-09-17 14:57:59 - Using existing worktree: ../templata-financial-independence[0m
[1;33m2025-09-17 14:57:59 - Creating template blog file: blogs-financial-independence.ts[0m
[0;32m2025-09-17 14:57:59 - Created template blog file: ../templata-financial-independence/src/registry/blogs-financial-independence.ts[0m
[0;34m2025-09-17 14:57:59 - Starting generation for: 1[0m
[1;33m2025-09-17 14:58:00 - Running article generation...[0m
ARTICLE GENERATION COMPLETE - Article #1
[0;32m2025-09-17 14:59:07 - Skipping review - moving to next article[0m
[0;32m2025-09-17 14:59:07 - Completed: 1[0m
[0;34m2025-09-17 14:59:12 - Starting generation for: 2[0m
[1;33m2025-09-17 14:59:12 - Running article generation...[0m
ARTICLE GENERATION COMPLETE - Article #2
[0;32m2025-09-17 15:00:21 - Skipping review - moving to next article[0m
[0;32m2025-09-17 15:00:21 - Completed: 2[0m
[0;34m2025-09-17 15:00:26 - Starting generation for: 3[0m
[1;33m2025-09-17 15:00:26 - Running article generation...[0m
ARTICLE GENERATION COMPLETE - Article #3
[0;32m2025-09-17 15:01:57 - Skipping review - moving to next article[0m
[0;32m2025-09-17 15:01:57 - Completed: 3[0m
[0;34m2025-09-17 15:02:02 - Starting generation for: 4[0m
[1;33m2025-09-17 15:02:02 - Running article generation...[0m
ARTICLE GENERATION COMPLETE - Article #4
[0;32m2025-09-17 15:03:39 - Skipping review - moving to next article[0m
[0;32m2025-09-17 15:03:39 - Completed: 4[0m
[0;34m2025-09-17 15:03:44 - Starting generation for: 5[0m
[1;33m2025-09-17 15:03:44 - Running article generation...[0m
ARTICLE GENERATION COMPLETE - Article #5
[0;32m2025-09-17 15:05:09 - Skipping review - moving to next article[0m
[0;32m2025-09-17 15:05:09 - Completed: 5[0m
[0;34m2025-09-17 15:05:14 - Starting generation for: 6[0m
[1;33m2025-09-17 15:05:14 - Running article generation...[0m
ARTICLE GENERATION COMPLETE - Article #6
[0;32m2025-09-17 15:06:57 - Skipping review - moving to next article[0m
[0;32m2025-09-17 15:06:57 - Completed: 6[0m
[0;34m2025-09-17 15:07:02 - Starting generation for: 7[0m
[1;33m2025-09-17 15:07:02 - Running article generation...[0m
ARTICLE GENERATION COMPLETE - Article #7
[0;32m2025-09-17 15:08:24 - Skipping review - moving to next article[0m
[0;32m2025-09-17 15:08:24 - Completed: 7[0m
[0;34m2025-09-17 15:08:29 - Starting generation for: 8[0m
[1;33m2025-09-17 15:08:29 - Running article generation...[0m
ARTICLE GENERATION COMPLETE - Article #8
[0;32m2025-09-17 15:10:08 - Skipping review - moving to next article[0m
[0;32m2025-09-17 15:10:08 - Completed: 8[0m
[0;34m2025-09-17 15:10:13 - Starting generation for: 9[0m
[1;33m2025-09-17 15:10:13 - Running article generation...[0m
ARTICLE GENERATION COMPLETE - Article #9
[0;32m2025-09-17 15:11:36 - Skipping review - moving to next article[0m
[0;32m2025-09-17 15:11:36 - Completed: 9[0m
[0;34m2025-09-17 15:11:41 - Starting generation for: 10[0m
[1;33m2025-09-17 15:11:41 - Running article generation...[0m
ARTICLE GENERATION COMPLETE - Article #10
[0;32m2025-09-17 15:13:22 - Skipping review - moving to next article[0m
[0;32m2025-09-17 15:13:22 - Completed: 10[0m
[0;34m2025-09-17 15:13:27 - Starting generation for: 11[0m
[1;33m2025-09-17 15:13:27 - Running article generation...[0m
ARTICLE GENERATION COMPLETE - Article #11
[0;32m2025-09-17 15:14:55 - Skipping review - moving to next article[0m
[0;32m2025-09-17 15:14:55 - Completed: 11[0m
[0;34m2025-09-17 15:15:00 - Starting generation for: 12[0m
[1;33m2025-09-17 15:15:00 - Running article generation...[0m
ARTICLE GENERATION COMPLETE - Article #12
[0;32m2025-09-17 15:16:40 - Skipping review - moving to next article[0m
[0;32m2025-09-17 15:16:40 - Completed: 12[0m
[0;34m2025-09-17 15:16:45 - Starting generation for: 13[0m
[1;33m2025-09-17 15:16:45 - Running article generation...[0m
ARTICLE GENERATION COMPLETE - Article #13
[0;32m2025-09-17 15:18:36 - Skipping review - moving to next article[0m
[0;32m2025-09-17 15:18:36 - Completed: 13[0m
[0;34m2025-09-17 15:18:41 - Starting generation for: 14[0m
[1;33m2025-09-17 15:18:41 - Running article generation...[0m
ARTICLE GENERATION COMPLETE - Article #14
[0;32m2025-09-17 15:21:31 - Skipping review - moving to next article[0m
[0;32m2025-09-17 15:21:31 - Completed: 14[0m
[0;34m2025-09-17 15:21:36 - Starting generation for: 15[0m
[1;33m2025-09-17 15:21:36 - Running article generation...[0m
ARTICLE GENERATION COMPLETE - Article #15
[0;32m2025-09-17 15:24:28 - Skipping review - moving to next article[0m
[0;32m2025-09-17 15:24:28 - Completed: 15[0m
[0;34m2025-09-17 15:24:33 - Starting generation for: 16[0m
[1;33m2025-09-17 15:24:33 - Running article generation...[0m
Perfect! I have successfully added Article #16 to the financial independence template. The article covers "The Psychology of Financial Independence: Overcoming the Mental Barriers That Keep You from FIRE Success" and follows all the requirements:

✅ **Word Count**: 1,400+ words (11 min read)
✅ **Master Prompt Guidelines**: Sophisticated, caring voice with flowing paragraphs
✅ **Author**: "Templata"
✅ **Category**: "Personal Life"
✅ **Added to Registry**: Properly formatted in manualBlogPosts array
✅ **SEO Metadata**: Complete with meta title, description, and og image
✅ **Type & Difficulty**: "guide" / "intermediate"
✅ **Financial Independence Focus**: Addresses psychological barriers specific to FIRE journey
✅ **Relevant Topic**: Mental health and mindset for financial independence success

The article covers crucial psychological aspects of the FIRE journey that are often overlooked, including scarcity mindset, social comparison, delayed gratification, FOMO, identity challenges, perfectionism, motivation sustainability, choice overload, and risk tolerance - all written in an engaging, sophisticated tone that follows the master prompt guidelines.

ARTICLE GENERATION COMPLETE - Article #16
[0;32m2025-09-17 15:27:17 - Skipping review - moving to next article[0m
[0;32m2025-09-17 15:27:17 - Completed: 16[0m
[0;34m2025-09-17 15:27:22 - Starting generation for: 17[0m
[1;33m2025-09-17 15:27:22 - Running article generation...[0m
ARTICLE GENERATION COMPLETE - Article #17
[0;32m2025-09-17 15:29:46 - Skipping review - moving to next article[0m
[0;32m2025-09-17 15:29:46 - Completed: 17[0m
[0;34m2025-09-17 15:29:51 - Starting generation for: 18[0m
[1;33m2025-09-17 15:29:51 - Running article generation...[0m
ARTICLE GENERATION COMPLETE - Article #18
[0;32m2025-09-17 15:32:56 - Skipping review - moving to next article[0m
[0;32m2025-09-17 15:32:56 - Completed: 18[0m
[0;34m2025-09-17 15:33:01 - Starting generation for: 19[0m
[1;33m2025-09-17 15:33:01 - Running article generation...[0m
ARTICLE GENERATION COMPLETE - Article #19
[0;32m2025-09-17 15:34:57 - Skipping review - moving to next article[0m
[0;32m2025-09-17 15:34:57 - Completed: 19[0m
[0;34m2025-09-17 15:35:03 - Starting generation for: 20[0m
[1;33m2025-09-17 15:35:03 - Running article generation...[0m
ARTICLE GENERATION COMPLETE - Article #20
[0;32m2025-09-17 15:36:18 - Skipping review - moving to next article[0m
[0;32m2025-09-17 15:36:18 - Completed: 20[0m
[0;34m2025-09-17 19:43:23 - Starting Article Generation Cycle for template: financial-independence[0m
[0;32m2025-09-17 19:43:23 - Using existing worktree: ../templata-financial-independence[0m
