[0;34m2025-09-16 19:19:48 - Starting Article Generation Cycle for template: education-learning[0m
[0;32m2025-09-16 19:19:48 - Using existing worktree: ../templata-education-learning[0m
[0;34m2025-09-16 19:19:48 - Starting generation for: 1[0m
[1;33m2025-09-16 19:19:48 - Running article generation...[0m
[0;34m2025-09-16 19:21:32 - Starting Article Generation Cycle for template: education-learning[0m
[0;32m2025-09-16 19:21:32 - Using existing worktree: ../templata-education-learning[0m
[0;34m2025-09-16 19:21:33 - Starting generation for: 1[0m
[1;33m2025-09-16 19:21:33 - Running article generation...[0m
ARTICLE GENERATION COMPLETE - Article #1
[0;32m2025-09-16 19:21:53 - Skipping review - moving to next article[0m
[0;32m2025-09-16 19:21:53 - Completed: 1[0m
[0;34m2025-09-16 19:21:58 - Starting generation for: 2[0m
[1;33m2025-09-16 19:21:58 - Running article generation...[0m
ARTICLE GENERATION COMPLETE - Article #1
Perfect! I have successfully generated and added Article #2 to the education learning template. The article is comprehensive (approximately 1,400 words), follows the master prompt guidelines with a sophisticated yet caring voice, and focuses specifically on personal learning plan design for adult learners.

The article includes:
- **Title**: "Designing Your Personal Learning Plan: A Strategic Approach to Adult Education"
- **Author**: "Templata" 
- **Category**: "Personal Life"
- **Word count**: 1,400+ words (11 min read)
- **Type**: "guide"
- **Difficulty**: "intermediate"
- **Proper SEO metadata**
- **Relevant tags** for education learning context
- **Related templates and posts**

The content covers strategic planning for adult education, addressing goal setting, learning pathways, implementation systems, monitoring protocols, and common obstacles - all written in flowing, engaging paragraphs that follow the master prompt's voice guidelines.

ARTICLE GENERATION COMPLETE - Article #2
[0;34m2025-09-17 09:30:26 - Starting Article Generation Cycle for template: education-learning[0m
[0;32m2025-09-17 09:30:26 - Using existing worktree: ../templata-education-learning[0m
[1;33m2025-09-17 09:30:26 - Creating template blog file: blogs-education-learning.ts[0m
[0;32m2025-09-17 09:30:26 - Created template blog file: ../templata-education-learning/src/registry/blogs-education-learning.ts[0m
[0;34m2025-09-17 09:30:26 - Starting generation for: 2[0m
[1;33m2025-09-17 09:30:26 - Running article generation...[0m
ARTICLE GENERATION COMPLETE - Article #2
[0;32m2025-09-17 09:32:09 - Skipping review - moving to next article[0m
[0;32m2025-09-17 09:32:09 - Completed: 2[0m
[0;34m2025-09-17 09:32:14 - Starting generation for: 3[0m
[1;33m2025-09-17 09:32:14 - Running article generation...[0m
ARTICLE GENERATION COMPLETE - Article #3
[0;32m2025-09-17 09:35:36 - Skipping review - moving to next article[0m
[0;32m2025-09-17 09:35:36 - Completed: 3[0m
[0;34m2025-09-17 09:35:41 - Starting generation for: 4[0m
[1;33m2025-09-17 09:35:41 - Running article generation...[0m
ARTICLE GENERATION COMPLETE - Article #4
[0;32m2025-09-17 09:37:32 - Skipping review - moving to next article[0m
[0;32m2025-09-17 09:37:32 - Completed: 4[0m
[0;34m2025-09-17 09:37:37 - Starting generation for: 5[0m
[1;33m2025-09-17 09:37:37 - Running article generation...[0m
ARTICLE GENERATION COMPLETE - Article #5
[0;32m2025-09-17 09:39:43 - Skipping review - moving to next article[0m
[0;32m2025-09-17 09:39:43 - Completed: 5[0m
[0;34m2025-09-17 09:39:48 - Starting generation for: 6[0m
[1;33m2025-09-17 09:39:48 - Running article generation...[0m
ARTICLE GENERATION COMPLETE - Article #6
[0;32m2025-09-17 09:42:01 - Skipping review - moving to next article[0m
[0;32m2025-09-17 09:42:01 - Completed: 6[0m
[0;34m2025-09-17 09:42:06 - Starting generation for: 7[0m
[1;33m2025-09-17 09:42:06 - Running article generation...[0m
ARTICLE GENERATION COMPLETE - Article #7
[0;32m2025-09-17 09:44:24 - Skipping review - moving to next article[0m
[0;32m2025-09-17 09:44:24 - Completed: 7[0m
[0;34m2025-09-17 09:44:29 - Starting generation for: 8[0m
[1;33m2025-09-17 09:44:29 - Running article generation...[0m
ARTICLE GENERATION COMPLETE - Article #8
[0;32m2025-09-17 10:16:45 - Skipping review - moving to next article[0m
[0;32m2025-09-17 10:16:45 - Completed: 8[0m
[0;34m2025-09-17 10:16:50 - Starting generation for: 9[0m
[1;33m2025-09-17 10:16:51 - Running article generation...[0m
ARTICLE GENERATION COMPLETE - Article #9
[0;32m2025-09-17 10:18:50 - Skipping review - moving to next article[0m
[0;32m2025-09-17 10:18:50 - Completed: 9[0m
[0;34m2025-09-17 10:18:55 - Starting generation for: 10[0m
[1;33m2025-09-17 10:18:55 - Running article generation...[0m
ARTICLE GENERATION COMPLETE - Article #10
[0;34m2025-09-17 10:37:19 - Starting Article Generation Cycle for template: education-learning[0m
[0;32m2025-09-17 10:37:19 - Using existing worktree: ../templata-education-learning[0m
[0;34m2025-09-17 10:37:19 - Starting generation for: 10[0m
[1;33m2025-09-17 10:37:19 - Running article generation...[0m
## Requirements Verification:

✅ **Word Count**: 1,481 words (within 1,200-1,600 range)  
✅ **Author**: "Templata"  
✅ **Category**: "Personal Life"  
✅ **Added to registry**: Added to manualBlogPosts array in src/registry/blogs-education-learning.ts  
✅ **SEO metadata**: Complete with metaTitle, metaDescription, and ogImage  
✅ **Type & Difficulty**: "guide" type, "intermediate" difficulty  
✅ **Education learning context**: Focused on critical thinking and problem-solving for adult learners  
✅ **Sophisticated voice**: Follows the existing pattern with professional, caring tone and readability  
✅ **Relevant topic**: Critical thinking and problem-solving skills - essential for lifelong learners and not covered in existing articles  

ARTICLE GENERATION COMPLETE - Article #10
[0;32m2025-09-17 10:42:14 - Skipping review - moving to next article[0m
[0;32m2025-09-17 10:42:14 - Completed: 10[0m
[0;34m2025-09-17 10:42:19 - Starting generation for: 11[0m
[1;33m2025-09-17 10:42:19 - Running article generation...[0m
ARTICLE GENERATION COMPLETE - Article #11
[0;32m2025-09-17 10:45:02 - Skipping review - moving to next article[0m
[0;32m2025-09-17 10:45:02 - Completed: 11[0m
[0;34m2025-09-17 10:45:07 - Starting generation for: 12[0m
[1;33m2025-09-17 10:45:07 - Running article generation...[0m
ARTICLE GENERATION COMPLETE - Article #12
[0;32m2025-09-17 10:49:35 - Skipping review - moving to next article[0m
[0;32m2025-09-17 10:49:35 - Completed: 12[0m
[0;34m2025-09-17 10:49:40 - Starting generation for: 13[0m
[1;33m2025-09-17 10:49:40 - Running article generation...[0m
ARTICLE GENERATION COMPLETE - Article #13
[0;32m2025-09-17 10:52:07 - Skipping review - moving to next article[0m
[0;32m2025-09-17 10:52:07 - Completed: 13[0m
[0;34m2025-09-17 10:52:12 - Starting generation for: 14[0m
[1;33m2025-09-17 10:52:12 - Running article generation...[0m
ARTICLE GENERATION COMPLETE - Article #14
[0;32m2025-09-17 10:54:15 - Skipping review - moving to next article[0m
[0;32m2025-09-17 10:54:15 - Completed: 14[0m
[0;34m2025-09-17 10:54:20 - Starting generation for: 15[0m
[1;33m2025-09-17 10:54:20 - Running article generation...[0m
ARTICLE GENERATION COMPLETE - Article #15
[0;32m2025-09-17 10:56:54 - Skipping review - moving to next article[0m
[0;32m2025-09-17 10:56:54 - Completed: 15[0m
[0;34m2025-09-17 10:56:59 - Starting generation for: 16[0m
[1;33m2025-09-17 10:56:59 - Running article generation...[0m
ARTICLE GENERATION COMPLETE - Article #16
[0;32m2025-09-17 10:59:12 - Skipping review - moving to next article[0m
[0;32m2025-09-17 10:59:12 - Completed: 16[0m
[0;34m2025-09-17 10:59:17 - Starting generation for: 17[0m
[1;33m2025-09-17 10:59:18 - Running article generation...[0m
ARTICLE GENERATION COMPLETE - Article #17
[0;32m2025-09-17 11:01:27 - Skipping review - moving to next article[0m
[0;32m2025-09-17 11:01:27 - Completed: 17[0m
[0;34m2025-09-17 11:01:32 - Starting generation for: 18[0m
[1;33m2025-09-17 11:01:32 - Running article generation...[0m
ARTICLE GENERATION COMPLETE - Article #18
[0;32m2025-09-17 11:04:22 - Skipping review - moving to next article[0m
[0;32m2025-09-17 11:04:22 - Completed: 18[0m
[0;34m2025-09-17 11:04:28 - Starting generation for: 19[0m
[1;33m2025-09-17 11:04:28 - Running article generation...[0m
ARTICLE GENERATION COMPLETE - Article #19
[0;32m2025-09-17 11:07:08 - Skipping review - moving to next article[0m
[0;32m2025-09-17 11:07:08 - Completed: 19[0m
[0;34m2025-09-17 11:07:13 - Starting generation for: 20[0m
[1;33m2025-09-17 11:07:13 - Running article generation...[0m
ARTICLE GENERATION COMPLETE - Article #20
[0;32m2025-09-17 11:10:02 - Skipping review - moving to next article[0m
[0;32m2025-09-17 11:10:02 - Completed: 20[0m
