[0;34m2025-09-17 13:16:25 - Starting Article Generation Cycle for template: climate-action[0m
[1;33m2025-09-17 13:16:25 - Creating worktree for template: climate-action[0m
[0;32m2025-09-17 13:16:25 - Created branch: article-climate-action[0m
[0;32m2025-09-17 13:16:25 - Created worktree: ../templata-climate-action[0m
[1;33m2025-09-17 13:16:25 - Creating template blog file: blogs-climate-action.ts[0m
[0;32m2025-09-17 13:16:25 - Created template blog file: ../templata-climate-action/src/registry/blogs-climate-action.ts[0m
[0;34m2025-09-17 13:16:25 - Starting generation for: 1[0m
[1;33m2025-09-17 13:16:25 - Running article generation...[0m
ARTICLE GENERATION COMPLETE - Article #1
[0;32m2025-09-17 13:17:27 - Skipping review - moving to next article[0m
[0;32m2025-09-17 13:17:27 - Completed: 1[0m
[0;34m2025-09-17 13:17:32 - Starting generation for: 2[0m
[1;33m2025-09-17 13:17:32 - Running article generation...[0m
ARTICLE GENERATION COMPLETE - Article #2
[0;32m2025-09-17 13:18:49 - Skipping review - moving to next article[0m
[0;32m2025-09-17 13:18:49 - Completed: 2[0m
[0;34m2025-09-17 13:18:54 - Starting generation for: 3[0m
[1;33m2025-09-17 13:18:54 - Running article generation...[0m
ARTICLE GENERATION COMPLETE - Article #3
[0;32m2025-09-17 13:20:13 - Skipping review - moving to next article[0m
[0;32m2025-09-17 13:20:13 - Completed: 3[0m
[0;34m2025-09-17 13:20:18 - Starting generation for: 4[0m
[1;33m2025-09-17 13:20:18 - Running article generation...[0m
ARTICLE GENERATION COMPLETE - Article #4
[0;32m2025-09-17 13:21:40 - Skipping review - moving to next article[0m
[0;32m2025-09-17 13:21:40 - Completed: 4[0m
[0;34m2025-09-17 13:21:45 - Starting generation for: 5[0m
[1;33m2025-09-17 13:21:45 - Running article generation...[0m
ARTICLE GENERATION COMPLETE - Article #5
[0;32m2025-09-17 13:23:52 - Skipping review - moving to next article[0m
[0;32m2025-09-17 13:23:52 - Completed: 5[0m
[0;34m2025-09-17 13:23:57 - Starting generation for: 6[0m
[1;33m2025-09-17 13:23:57 - Running article generation...[0m
ARTICLE GENERATION COMPLETE - Article #6
[0;32m2025-09-17 13:25:36 - Skipping review - moving to next article[0m
[0;32m2025-09-17 13:25:36 - Completed: 6[0m
[0;34m2025-09-17 13:25:41 - Starting generation for: 7[0m
[1;33m2025-09-17 13:25:41 - Running article generation...[0m
ARTICLE GENERATION COMPLETE - Article #7
[0;32m2025-09-17 13:27:56 - Skipping review - moving to next article[0m
[0;32m2025-09-17 13:27:56 - Completed: 7[0m
[0;34m2025-09-17 13:28:01 - Starting generation for: 8[0m
[1;33m2025-09-17 13:28:01 - Running article generation...[0m
ARTICLE GENERATION COMPLETE - Article #8
[0;32m2025-09-17 13:29:38 - Skipping review - moving to next article[0m
[0;32m2025-09-17 13:29:38 - Completed: 8[0m
[0;34m2025-09-17 13:29:43 - Starting generation for: 9[0m
[1;33m2025-09-17 13:29:43 - Running article generation...[0m
ARTICLE GENERATION COMPLETE - Article #9
[0;32m2025-09-17 13:31:41 - Skipping review - moving to next article[0m
[0;32m2025-09-17 13:31:41 - Completed: 9[0m
[0;34m2025-09-17 13:31:46 - Starting generation for: 10[0m
[1;33m2025-09-17 13:31:46 - Running article generation...[0m
ARTICLE GENERATION COMPLETE - Article #10
[0;32m2025-09-17 13:33:56 - Skipping review - moving to next article[0m
[0;32m2025-09-17 13:33:56 - Completed: 10[0m
[0;34m2025-09-17 13:34:01 - Starting generation for: 11[0m
[1;33m2025-09-17 13:34:01 - Running article generation...[0m
ARTICLE GENERATION COMPLETE - Article #11
[0;32m2025-09-17 13:36:51 - Skipping review - moving to next article[0m
[0;32m2025-09-17 13:36:51 - Completed: 11[0m
[0;34m2025-09-17 13:36:56 - Starting generation for: 12[0m
[1;33m2025-09-17 13:36:56 - Running article generation...[0m
ARTICLE GENERATION COMPLETE - Article #12
[0;32m2025-09-17 13:38:38 - Skipping review - moving to next article[0m
[0;32m2025-09-17 13:38:38 - Completed: 12[0m
[0;34m2025-09-17 13:38:43 - Starting generation for: 13[0m
[1;33m2025-09-17 13:38:43 - Running article generation...[0m
ARTICLE GENERATION COMPLETE - Article #13
[0;32m2025-09-17 13:41:21 - Skipping review - moving to next article[0m
[0;32m2025-09-17 13:41:21 - Completed: 13[0m
[0;34m2025-09-17 13:41:26 - Starting generation for: 14[0m
[1;33m2025-09-17 13:41:26 - Running article generation...[0m
ARTICLE GENERATION COMPLETE - Article #14
[0;32m2025-09-17 13:42:59 - Skipping review - moving to next article[0m
[0;32m2025-09-17 13:42:59 - Completed: 14[0m
[0;34m2025-09-17 13:43:04 - Starting generation for: 15[0m
[1;33m2025-09-17 13:43:04 - Running article generation...[0m
ARTICLE GENERATION COMPLETE - Article #15
[0;32m2025-09-17 13:45:26 - Skipping review - moving to next article[0m
[0;32m2025-09-17 13:45:26 - Completed: 15[0m
[0;34m2025-09-17 13:45:31 - Starting generation for: 16[0m
[1;33m2025-09-17 13:45:31 - Running article generation...[0m
ARTICLE GENERATION COMPLETE - Article #16
[0;32m2025-09-17 13:47:38 - Skipping review - moving to next article[0m
[0;32m2025-09-17 13:47:38 - Completed: 16[0m
[0;34m2025-09-17 13:47:44 - Starting generation for: 17[0m
[1;33m2025-09-17 13:47:44 - Running article generation...[0m
ARTICLE GENERATION COMPLETE - Article #17
[0;32m2025-09-17 13:50:02 - Skipping review - moving to next article[0m
[0;32m2025-09-17 13:50:02 - Completed: 17[0m
[0;34m2025-09-17 13:50:07 - Starting generation for: 18[0m
[1;33m2025-09-17 13:50:07 - Running article generation...[0m
ARTICLE GENERATION COMPLETE - Article #18
[0;32m2025-09-17 13:52:12 - Skipping review - moving to next article[0m
[0;32m2025-09-17 13:52:12 - Completed: 18[0m
[0;34m2025-09-17 13:52:17 - Starting generation for: 19[0m
[1;33m2025-09-17 13:52:17 - Running article generation...[0m
ARTICLE GENERATION COMPLETE - Article #19
[0;32m2025-09-17 13:53:50 - Skipping review - moving to next article[0m
[0;32m2025-09-17 13:53:50 - Completed: 19[0m
[0;34m2025-09-17 13:53:55 - Starting generation for: 20[0m
[1;33m2025-09-17 13:53:55 - Running article generation...[0m
ARTICLE GENERATION COMPLETE - Article #20
[0;32m2025-09-17 13:55:34 - Skipping review - moving to next article[0m
[0;32m2025-09-17 13:55:34 - Completed: 20[0m
[0;34m2025-09-17 19:43:23 - Starting Article Generation Cycle for template: climate-action[0m
[0;32m2025-09-17 19:43:23 - Using existing worktree: ../templata-climate-action[0m
