[0;34m2025-09-17 21:38:17 - Starting Article Generation Cycle for template: consulting-business[0m
[0;32m2025-09-17 21:38:17 - Using existing worktree: ../templata-consulting-business[0m
[1;33m2025-09-17 21:38:17 - Creating template blog file: blogs-consulting-business.ts[0m
[0;32m2025-09-17 21:38:17 - Created template blog file: ../templata-consulting-business/src/registry/blogs-consulting-business.ts[0m
[0;34m2025-09-17 21:38:17 - Starting generation for: 1[0m
[1;33m2025-09-17 21:38:17 - Running article generation...[0m
ARTICLE GENERATION COMPLETE - Article #1
[0;32m2025-09-17 21:39:19 - Skipping review - moving to next article[0m
[0;32m2025-09-17 21:39:19 - Completed: 1[0m
[0;34m2025-09-17 21:39:24 - Starting generation for: 2[0m
[1;33m2025-09-17 21:39:24 - Running article generation...[0m
ARTICLE GENERATION COMPLETE - Article #2
[0;32m2025-09-17 21:40:30 - Skipping review - moving to next article[0m
[0;32m2025-09-17 21:40:30 - Completed: 2[0m
[0;34m2025-09-17 21:40:35 - Starting generation for: 3[0m
[1;33m2025-09-17 21:40:35 - Running article generation...[0m
ARTICLE GENERATION COMPLETE - Article #3
[0;32m2025-09-17 21:41:48 - Skipping review - moving to next article[0m
[0;32m2025-09-17 21:41:48 - Completed: 3[0m
[0;34m2025-09-17 21:41:53 - Starting generation for: 4[0m
[1;33m2025-09-17 21:41:53 - Running article generation...[0m
ARTICLE GENERATION COMPLETE - Article #4
[0;32m2025-09-17 21:43:00 - Skipping review - moving to next article[0m
[0;32m2025-09-17 21:43:00 - Completed: 4[0m
[0;34m2025-09-17 21:43:05 - Starting generation for: 5[0m
[1;33m2025-09-17 21:43:06 - Running article generation...[0m
ARTICLE GENERATION COMPLETE - Article #5
[0;32m2025-09-17 21:44:16 - Skipping review - moving to next article[0m
[0;32m2025-09-17 21:44:16 - Completed: 5[0m
[0;34m2025-09-17 21:44:21 - Starting generation for: 6[0m
[1;33m2025-09-17 21:44:21 - Running article generation...[0m
ARTICLE GENERATION COMPLETE - Article #6
[0;32m2025-09-17 21:45:29 - Skipping review - moving to next article[0m
[0;32m2025-09-17 21:45:29 - Completed: 6[0m
[0;34m2025-09-17 21:45:34 - Starting generation for: 7[0m
[1;33m2025-09-17 21:45:34 - Running article generation...[0m
ARTICLE GENERATION COMPLETE - Article #7
[0;32m2025-09-17 21:46:42 - Skipping review - moving to next article[0m
[0;32m2025-09-17 21:46:42 - Completed: 7[0m
[0;34m2025-09-17 21:46:47 - Starting generation for: 8[0m
[1;33m2025-09-17 21:46:47 - Running article generation...[0m
ARTICLE GENERATION COMPLETE - Article #8
[0;32m2025-09-17 21:47:55 - Skipping review - moving to next article[0m
[0;32m2025-09-17 21:47:55 - Completed: 8[0m
[0;34m2025-09-17 21:48:00 - Starting generation for: 9[0m
[1;33m2025-09-17 21:48:00 - Running article generation...[0m
ARTICLE GENERATION COMPLETE - Article #9
[0;32m2025-09-17 21:49:06 - Skipping review - moving to next article[0m
[0;32m2025-09-17 21:49:06 - Completed: 9[0m
[0;34m2025-09-17 21:49:11 - Starting generation for: 10[0m
[1;33m2025-09-17 21:49:11 - Running article generation...[0m
ARTICLE GENERATION COMPLETE - Article #10
[0;32m2025-09-17 21:50:23 - Skipping review - moving to next article[0m
[0;32m2025-09-17 21:50:23 - Completed: 10[0m
[0;34m2025-09-17 21:50:28 - Starting generation for: 11[0m
[1;33m2025-09-17 21:50:28 - Running article generation...[0m
ARTICLE GENERATION COMPLETE - Article #11
[0;32m2025-09-17 21:51:37 - Skipping review - moving to next article[0m
[0;32m2025-09-17 21:51:37 - Completed: 11[0m
[0;34m2025-09-17 21:51:42 - Starting generation for: 12[0m
[1;33m2025-09-17 21:51:42 - Running article generation...[0m
ARTICLE GENERATION COMPLETE - Article #12
[0;32m2025-09-17 21:52:58 - Skipping review - moving to next article[0m
[0;32m2025-09-17 21:52:58 - Completed: 12[0m
[0;34m2025-09-17 21:53:03 - Starting generation for: 13[0m
[1;33m2025-09-17 21:53:03 - Running article generation...[0m
ARTICLE GENERATION COMPLETE - Article #13
[0;32m2025-09-17 21:54:11 - Skipping review - moving to next article[0m
[0;32m2025-09-17 21:54:11 - Completed: 13[0m
[0;34m2025-09-17 21:54:16 - Starting generation for: 14[0m
[1;33m2025-09-17 21:54:16 - Running article generation...[0m
ARTICLE GENERATION COMPLETE - Article #14
[0;32m2025-09-17 21:55:19 - Skipping review - moving to next article[0m
[0;32m2025-09-17 21:55:19 - Completed: 14[0m
[0;34m2025-09-17 21:55:24 - Starting generation for: 15[0m
[1;33m2025-09-17 21:55:24 - Running article generation...[0m
ARTICLE GENERATION COMPLETE - Article #15
[0;32m2025-09-17 21:59:02 - Skipping review - moving to next article[0m
[0;32m2025-09-17 21:59:02 - Completed: 15[0m
[0;34m2025-09-17 21:59:07 - Starting generation for: 16[0m
[1;33m2025-09-17 21:59:07 - Running article generation...[0m
ARTICLE GENERATION COMPLETE - Article #16
[0;32m2025-09-17 22:01:11 - Skipping review - moving to next article[0m
[0;32m2025-09-17 22:01:11 - Completed: 16[0m
[0;34m2025-09-17 22:01:16 - Starting generation for: 17[0m
[1;33m2025-09-17 22:01:16 - Running article generation...[0m
ARTICLE GENERATION COMPLETE - Article #17
[0;32m2025-09-17 22:03:55 - Skipping review - moving to next article[0m
[0;32m2025-09-17 22:03:55 - Completed: 17[0m
[0;34m2025-09-17 22:04:00 - Starting generation for: 18[0m
[1;33m2025-09-17 22:04:00 - Running article generation...[0m
ARTICLE GENERATION COMPLETE - Article #18
[0;32m2025-09-17 22:05:29 - Skipping review - moving to next article[0m
[0;32m2025-09-17 22:05:29 - Completed: 18[0m
[0;34m2025-09-17 22:05:34 - Starting generation for: 19[0m
[1;33m2025-09-17 22:05:34 - Running article generation...[0m
ARTICLE GENERATION COMPLETE - Article #19
[0;32m2025-09-17 22:08:58 - Skipping review - moving to next article[0m
[0;32m2025-09-17 22:08:58 - Completed: 19[0m
[0;34m2025-09-17 22:09:03 - Starting generation for: 20[0m
[1;33m2025-09-17 22:09:03 - Running article generation...[0m
ARTICLE GENERATION COMPLETE - Article #20
[0;32m2025-09-17 22:13:28 - Skipping review - moving to next article[0m
[0;32m2025-09-17 22:13:28 - Completed: 20[0m
