[0;34m2025-09-18 14:48:30 - Starting Article Generation Cycle for template: grandparent-role[0m
[1;33m2025-09-18 14:48:30 - Creating worktree for template: grandparent-role[0m
[0;32m2025-09-18 14:48:30 - Created branch: article-grandparent-role[0m
[0;32m2025-09-18 14:48:33 - Created worktree: ../templata-grandparent-role[0m
[1;33m2025-09-18 14:48:33 - Creating template blog file: blogs-grandparent-role.ts[0m
[0;32m2025-09-18 14:48:33 - Created template blog file: ../templata-grandparent-role/src/registry/blogs-grandparent-role.ts[0m
[0;34m2025-09-18 14:48:33 - Starting generation for: 1[0m
[1;33m2025-09-18 14:48:33 - Running article generation...[0m
ARTICLE GENERATION COMPLETE - Article #1
[0;32m2025-09-18 14:49:41 - Skipping review - moving to next article[0m
[0;32m2025-09-18 14:49:41 - Completed: 1[0m
[0;34m2025-09-18 14:49:46 - Starting generation for: 2[0m
[1;33m2025-09-18 14:49:46 - Running article generation...[0m
ARTICLE GENERATION COMPLETE - Article #2
[0;32m2025-09-18 14:51:01 - Skipping review - moving to next article[0m
[0;32m2025-09-18 14:51:01 - Completed: 2[0m
[0;34m2025-09-18 14:51:06 - Starting generation for: 3[0m
[1;33m2025-09-18 14:51:06 - Running article generation...[0m
ARTICLE GENERATION COMPLETE - Article #3
[0;32m2025-09-18 14:52:22 - Skipping review - moving to next article[0m
[0;32m2025-09-18 14:52:22 - Completed: 3[0m
[0;34m2025-09-18 14:52:27 - Starting generation for: 4[0m
[1;33m2025-09-18 14:52:27 - Running article generation...[0m
ARTICLE GENERATION COMPLETE - Article #4
[0;32m2025-09-18 14:53:33 - Skipping review - moving to next article[0m
[0;32m2025-09-18 14:53:33 - Completed: 4[0m
[0;34m2025-09-18 14:53:38 - Starting generation for: 5[0m
[1;33m2025-09-18 14:53:38 - Running article generation...[0m
ARTICLE GENERATION COMPLETE - Article #5
[0;32m2025-09-18 14:54:59 - Skipping review - moving to next article[0m
[0;32m2025-09-18 14:54:59 - Completed: 5[0m
[0;34m2025-09-18 14:55:04 - Starting generation for: 6[0m
[1;33m2025-09-18 14:55:04 - Running article generation...[0m
ARTICLE GENERATION COMPLETE - Article #6
[0;32m2025-09-18 14:56:26 - Skipping review - moving to next article[0m
[0;32m2025-09-18 14:56:26 - Completed: 6[0m
[0;34m2025-09-18 14:56:31 - Starting generation for: 7[0m
[1;33m2025-09-18 14:56:31 - Running article generation...[0m
ARTICLE GENERATION COMPLETE - Article #7
[0;32m2025-09-18 14:57:54 - Skipping review - moving to next article[0m
[0;32m2025-09-18 14:57:54 - Completed: 7[0m
[0;34m2025-09-18 14:58:00 - Starting generation for: 8[0m
[1;33m2025-09-18 14:58:00 - Running article generation...[0m
ARTICLE GENERATION COMPLETE - Article #8
[0;32m2025-09-18 14:59:26 - Skipping review - moving to next article[0m
[0;32m2025-09-18 14:59:26 - Completed: 8[0m
[0;34m2025-09-18 14:59:31 - Starting generation for: 9[0m
[1;33m2025-09-18 14:59:31 - Running article generation...[0m
ARTICLE GENERATION COMPLETE - Article #9
[0;32m2025-09-18 18:11:39 - Skipping review - moving to next article[0m
[0;32m2025-09-18 18:11:39 - Completed: 9[0m
[0;34m2025-09-18 18:11:44 - Starting generation for: 10[0m
[1;33m2025-09-18 18:11:44 - Running article generation...[0m
ARTICLE GENERATION COMPLETE - Article #10
[0;32m2025-09-18 18:13:08 - Skipping review - moving to next article[0m
[0;32m2025-09-18 18:13:08 - Completed: 10[0m
[0;34m2025-09-18 18:13:13 - Starting generation for: 11[0m
[1;33m2025-09-18 18:13:13 - Running article generation...[0m
ARTICLE GENERATION COMPLETE - Article #11
[0;32m2025-09-18 18:14:34 - Skipping review - moving to next article[0m
[0;32m2025-09-18 18:14:34 - Completed: 11[0m
[0;34m2025-09-18 18:14:39 - Starting generation for: 12[0m
[1;33m2025-09-18 18:14:39 - Running article generation...[0m
ARTICLE GENERATION COMPLETE - Article #12
[0;32m2025-09-18 18:16:01 - Skipping review - moving to next article[0m
[0;32m2025-09-18 18:16:01 - Completed: 12[0m
[0;34m2025-09-18 18:16:06 - Starting generation for: 13[0m
[1;33m2025-09-18 18:16:06 - Running article generation...[0m
ARTICLE GENERATION COMPLETE - Article #13
[0;32m2025-09-18 18:17:34 - Skipping review - moving to next article[0m
[0;32m2025-09-18 18:17:34 - Completed: 13[0m
[0;34m2025-09-18 18:17:39 - Starting generation for: 14[0m
[1;33m2025-09-18 18:17:39 - Running article generation...[0m
ARTICLE GENERATION COMPLETE - Article #14
[0;32m2025-09-18 18:19:07 - Skipping review - moving to next article[0m
[0;32m2025-09-18 18:19:07 - Completed: 14[0m
[0;34m2025-09-18 18:19:12 - Starting generation for: 15[0m
[1;33m2025-09-18 18:19:12 - Running article generation...[0m
ARTICLE GENERATION COMPLETE - Article #15
[0;32m2025-09-18 18:21:26 - Skipping review - moving to next article[0m
[0;32m2025-09-18 18:21:26 - Completed: 15[0m
[0;34m2025-09-18 18:21:31 - Starting generation for: 16[0m
[1;33m2025-09-18 18:21:31 - Running article generation...[0m
ARTICLE GENERATION COMPLETE - Article #16
[0;32m2025-09-18 18:22:55 - Skipping review - moving to next article[0m
[0;32m2025-09-18 18:22:55 - Completed: 16[0m
[0;34m2025-09-18 18:23:00 - Starting generation for: 17[0m
[1;33m2025-09-18 18:23:00 - Running article generation...[0m
ARTICLE GENERATION COMPLETE - Article #17
[0;32m2025-09-18 18:25:21 - Skipping review - moving to next article[0m
[0;32m2025-09-18 18:25:21 - Completed: 17[0m
[0;34m2025-09-18 18:25:26 - Starting generation for: 18[0m
[1;33m2025-09-18 18:25:26 - Running article generation...[0m
ARTICLE GENERATION COMPLETE - Article #18
[0;32m2025-09-18 18:26:45 - Skipping review - moving to next article[0m
[0;32m2025-09-18 18:26:45 - Completed: 18[0m
[0;34m2025-09-18 18:26:50 - Starting generation for: 19[0m
[1;33m2025-09-18 18:26:50 - Running article generation...[0m
ARTICLE GENERATION COMPLETE - Article #19
[0;32m2025-09-18 18:28:37 - Skipping review - moving to next article[0m
[0;32m2025-09-18 18:28:37 - Completed: 19[0m
[0;34m2025-09-18 18:28:42 - Starting generation for: 20[0m
[1;33m2025-09-18 18:28:42 - Running article generation...[0m
ARTICLE GENERATION COMPLETE - Article #20
[0;32m2025-09-18 18:31:17 - Skipping review - moving to next article[0m
[0;32m2025-09-18 18:31:17 - Completed: 20[0m
[0;34m2025-09-19 13:31:24 - Starting Article Generation Cycle for template: grandparent-role[0m
[0;32m2025-09-19 13:31:24 - Using existing worktree: ../templata-grandparent-role[0m
