[0;34m2025-09-18 07:22:59 - Starting Article Generation Cycle for template: birdwatching[0m
[0;32m2025-09-18 07:22:59 - Using existing worktree: ../templata-birdwatching[0m
[1;33m2025-09-18 07:22:59 - Creating template blog file: blogs-birdwatching.ts[0m
[0;32m2025-09-18 07:22:59 - Created template blog file: ../templata-birdwatching/src/registry/blogs-birdwatching.ts[0m
[0;34m2025-09-18 07:22:59 - Starting generation for: 1[0m
[1;33m2025-09-18 07:22:59 - Running article generation...[0m
ARTICLE GENERATION COMPLETE - Article #1
[0;32m2025-09-18 07:24:15 - Skipping review - moving to next article[0m
[0;32m2025-09-18 07:24:15 - Completed: 1[0m
[0;34m2025-09-18 07:24:20 - Starting generation for: 2[0m
[1;33m2025-09-18 07:24:20 - Running article generation...[0m
ARTICLE GENERATION COMPLETE - Article #2
[0;32m2025-09-18 07:25:44 - Skipping review - moving to next article[0m
[0;32m2025-09-18 07:25:44 - Completed: 2[0m
[0;34m2025-09-18 07:25:49 - Starting generation for: 3[0m
[1;33m2025-09-18 07:25:49 - Running article generation...[0m
ARTICLE GENERATION COMPLETE - Article #3
[0;32m2025-09-18 07:27:29 - Skipping review - moving to next article[0m
[0;32m2025-09-18 07:27:29 - Completed: 3[0m
[0;34m2025-09-18 07:27:34 - Starting generation for: 4[0m
[1;33m2025-09-18 07:27:34 - Running article generation...[0m
ARTICLE GENERATION COMPLETE - Article #4
[0;32m2025-09-18 07:29:17 - Skipping review - moving to next article[0m
[0;32m2025-09-18 07:29:17 - Completed: 4[0m
[0;34m2025-09-18 07:29:22 - Starting generation for: 5[0m
[1;33m2025-09-18 07:29:22 - Running article generation...[0m
ARTICLE GENERATION COMPLETE - Article #5
[0;32m2025-09-18 07:31:21 - Skipping review - moving to next article[0m
[0;32m2025-09-18 07:31:21 - Completed: 5[0m
[0;34m2025-09-18 07:31:26 - Starting generation for: 6[0m
[1;33m2025-09-18 07:31:26 - Running article generation...[0m
ARTICLE GENERATION COMPLETE - Article #6
[0;34m2025-09-18 08:22:44 - Starting Article Generation Cycle for template: birdwatching[0m
[0;32m2025-09-18 08:22:44 - Using existing worktree: ../templata-birdwatching[0m
[0;34m2025-09-18 08:22:44 - Starting generation for: 6[0m
[1;33m2025-09-18 08:22:44 - Running article generation...[0m
ARTICLE GENERATION COMPLETE - Article #6
[0;32m2025-09-18 08:25:04 - Skipping review - moving to next article[0m
[0;32m2025-09-18 08:25:04 - Completed: 6[0m
[0;34m2025-09-18 08:25:09 - Starting generation for: 7[0m
[1;33m2025-09-18 08:25:09 - Running article generation...[0m
ARTICLE GENERATION COMPLETE - Article #7
[0;32m2025-09-18 08:27:44 - Skipping review - moving to next article[0m
[0;32m2025-09-18 08:27:44 - Completed: 7[0m
[0;34m2025-09-18 08:27:49 - Starting generation for: 8[0m
[1;33m2025-09-18 08:27:49 - Running article generation...[0m
ARTICLE GENERATION COMPLETE - Article #8
[0;32m2025-09-18 08:31:12 - Skipping review - moving to next article[0m
[0;32m2025-09-18 08:31:12 - Completed: 8[0m
[0;34m2025-09-18 08:31:17 - Starting generation for: 9[0m
[1;33m2025-09-18 08:31:17 - Running article generation...[0m
ARTICLE GENERATION COMPLETE - Article #9
[0;32m2025-09-18 08:33:23 - Skipping review - moving to next article[0m
[0;32m2025-09-18 08:33:23 - Completed: 9[0m
[0;34m2025-09-18 08:33:28 - Starting generation for: 10[0m
[1;33m2025-09-18 08:33:28 - Running article generation...[0m
ARTICLE GENERATION COMPLETE - Article #10
[0;32m2025-09-18 08:35:00 - Skipping review - moving to next article[0m
[0;32m2025-09-18 08:35:00 - Completed: 10[0m
[0;34m2025-09-18 08:35:05 - Starting generation for: 11[0m
[1;33m2025-09-18 08:35:05 - Running article generation...[0m
Perfect! I have successfully generated and added Article #11 to the birdwatching template blog registry. The article is titled "Timing the Great Migration: How to Catch Peak Bird Activity Throughout the Year" and follows all the master prompt guidelines:

- **1,200-1,600 words**: The article is approximately 1,500 words (12-minute read)
- **Author**: "Templata" 
- **Category**: "Personal Life"
- **Voice**: Sophisticated, caring, and genuinely helpful without being pretentious
- **Structure**: Flowing paragraphs with minimal bullet points
- **Topic**: A relevant birdwatching topic that would genuinely help people understand migration timing
- **Type**: "guide" 
- **Difficulty**: "intermediate"
- **SEO metadata**: Complete with title, description, and OG image
- **Tags**: Relevant birdwatching and migration-focused tags
- **Related posts**: Connected to existing articles in the registry

The article covers the science behind migration timing, seasonal patterns, weather influences, regional variations, technology tools, and practical planning advice - all written in the warm, encouraging tone specified in the master prompt. It provides genuine value to birdwatchers wanting to improve their timing for peak migration viewing.

ARTICLE GENERATION COMPLETE - Article #11
[0;32m2025-09-18 08:39:07 - Skipping review - moving to next article[0m
[0;32m2025-09-18 08:39:07 - Completed: 11[0m
[0;34m2025-09-18 08:39:12 - Starting generation for: 12[0m
[1;33m2025-09-18 08:39:12 - Running article generation...[0m
Perfect! I have successfully generated and added Article #12 for the birdwatching template. The article is comprehensive, follows all the master prompt guidelines, and meets all the requirements:

✅ **1,400+ words** (well within 1,200-1,600 range)
✅ **Author: "Templata"**
✅ **Category: "Personal Life"**
✅ **Added to manualBlogPosts array in src/registry/blogs-birdwatching.ts**
✅ **Proper SEO metadata included**
✅ **Type: "guide", Difficulty: "intermediate"**
✅ **Birdwatching-focused topic** (ethical bird photography)
✅ **Sophisticated, caring voice** per master prompt
✅ **Flowing paragraphs** (minimal bullet points)
✅ **Never uses first person**
✅ **Genuinely helpful content** that birders would want to read and share

The article covers "Ethical Bird Photography: Capturing Beauty While Respecting Wildlife" - a highly relevant topic for birdwatchers who want to document their observations while respecting wildlife welfare. It includes practical techniques, equipment guidance, and conservation-minded approaches.

ARTICLE GENERATION COMPLETE - Article #12
[0;32m2025-09-18 08:42:19 - Skipping review - moving to next article[0m
[0;32m2025-09-18 08:42:19 - Completed: 12[0m
[0;34m2025-09-18 08:42:24 - Starting generation for: 13[0m
[1;33m2025-09-18 08:42:24 - Running article generation...[0m
ARTICLE GENERATION COMPLETE - Article #13
[0;32m2025-09-18 08:43:52 - Skipping review - moving to next article[0m
[0;32m2025-09-18 08:43:52 - Completed: 13[0m
[0;34m2025-09-18 08:43:57 - Starting generation for: 14[0m
[1;33m2025-09-18 08:43:57 - Running article generation...[0m
ARTICLE GENERATION COMPLETE - Article #14
[0;32m2025-09-18 08:45:48 - Skipping review - moving to next article[0m
[0;32m2025-09-18 08:45:48 - Completed: 14[0m
[0;34m2025-09-18 08:45:53 - Starting generation for: 15[0m
[1;33m2025-09-18 08:45:53 - Running article generation...[0m
ARTICLE GENERATION COMPLETE - Article #15
[0;32m2025-09-18 08:50:19 - Skipping review - moving to next article[0m
[0;32m2025-09-18 08:50:19 - Completed: 15[0m
[0;34m2025-09-18 08:50:24 - Starting generation for: 16[0m
[1;33m2025-09-18 08:50:24 - Running article generation...[0m
ARTICLE GENERATION COMPLETE - Article #16
[0;32m2025-09-18 08:53:09 - Skipping review - moving to next article[0m
[0;32m2025-09-18 08:53:09 - Completed: 16[0m
[0;34m2025-09-18 08:53:14 - Starting generation for: 17[0m
[1;33m2025-09-18 08:53:14 - Running article generation...[0m
ARTICLE GENERATION COMPLETE - Article #17
[0;32m2025-09-18 08:54:48 - Skipping review - moving to next article[0m
[0;32m2025-09-18 08:54:48 - Completed: 17[0m
[0;34m2025-09-18 08:54:53 - Starting generation for: 18[0m
[1;33m2025-09-18 08:54:53 - Running article generation...[0m
ARTICLE GENERATION COMPLETE - Article #18
[0;32m2025-09-18 08:56:30 - Skipping review - moving to next article[0m
[0;32m2025-09-18 08:56:30 - Completed: 18[0m
[0;34m2025-09-18 08:56:35 - Starting generation for: 19[0m
[1;33m2025-09-18 08:56:35 - Running article generation...[0m
ARTICLE GENERATION COMPLETE - Article #19
[0;32m2025-09-18 08:59:45 - Skipping review - moving to next article[0m
[0;32m2025-09-18 08:59:45 - Completed: 19[0m
[0;34m2025-09-18 08:59:50 - Starting generation for: 20[0m
[1;33m2025-09-18 08:59:50 - Running article generation...[0m
ARTICLE GENERATION COMPLETE - Article #20
[0;32m2025-09-18 09:02:44 - Skipping review - moving to next article[0m
[0;32m2025-09-18 09:02:44 - Completed: 20[0m
