[0;34m2025-09-18 14:48:30 - Starting Article Generation Cycle for template: geographic-relocation[0m
[1;33m2025-09-18 14:48:30 - Creating worktree for template: geographic-relocation[0m
[0;32m2025-09-18 14:48:30 - Created branch: article-geographic-relocation[0m
[0;32m2025-09-18 14:48:33 - Created worktree: ../templata-geographic-relocation[0m
[1;33m2025-09-18 14:48:33 - Creating template blog file: blogs-geographic-relocation.ts[0m
[0;32m2025-09-18 14:48:33 - Created template blog file: ../templata-geographic-relocation/src/registry/blogs-geographic-relocation.ts[0m
[0;34m2025-09-18 14:48:33 - Starting generation for: 1[0m
[1;33m2025-09-18 14:48:33 - Running article generation...[0m
ARTICLE GENERATION COMPLETE - Article #1
[0;32m2025-09-18 14:49:52 - Skipping review - moving to next article[0m
[0;32m2025-09-18 14:49:52 - Completed: 1[0m
[0;34m2025-09-18 14:49:57 - Starting generation for: 2[0m
[1;33m2025-09-18 14:49:57 - Running article generation...[0m
ARTICLE GENERATION COMPLETE - Article #2
[0;32m2025-09-18 14:51:22 - Skipping review - moving to next article[0m
[0;32m2025-09-18 14:51:22 - Completed: 2[0m
[0;34m2025-09-18 14:51:27 - Starting generation for: 3[0m
[1;33m2025-09-18 14:51:27 - Running article generation...[0m
ARTICLE GENERATION COMPLETE - Article #3
[0;32m2025-09-18 14:53:06 - Skipping review - moving to next article[0m
[0;32m2025-09-18 14:53:06 - Completed: 3[0m
[0;34m2025-09-18 14:53:11 - Starting generation for: 4[0m
[1;33m2025-09-18 14:53:11 - Running article generation...[0m
ARTICLE GENERATION COMPLETE - Article #4
[0;32m2025-09-18 14:54:45 - Skipping review - moving to next article[0m
[0;32m2025-09-18 14:54:45 - Completed: 4[0m
[0;34m2025-09-18 14:54:50 - Starting generation for: 5[0m
[1;33m2025-09-18 14:54:50 - Running article generation...[0m
ARTICLE GENERATION COMPLETE - Article #5
[0;32m2025-09-18 14:56:25 - Skipping review - moving to next article[0m
[0;32m2025-09-18 14:56:25 - Completed: 5[0m
[0;34m2025-09-18 14:56:30 - Starting generation for: 6[0m
[1;33m2025-09-18 14:56:30 - Running article generation...[0m
ARTICLE GENERATION COMPLETE - Article #6
[0;32m2025-09-18 14:58:24 - Skipping review - moving to next article[0m
[0;32m2025-09-18 14:58:24 - Completed: 6[0m
[0;34m2025-09-18 14:58:29 - Starting generation for: 7[0m
[1;33m2025-09-18 14:58:29 - Running article generation...[0m
ARTICLE GENERATION COMPLETE - Article #7
[0;32m2025-09-18 15:00:16 - Skipping review - moving to next article[0m
[0;32m2025-09-18 15:00:16 - Completed: 7[0m
[0;34m2025-09-18 18:11:36 - Starting generation for: 8[0m
[1;33m2025-09-18 18:11:36 - Running article generation...[0m
ARTICLE GENERATION COMPLETE - Article #8
[0;32m2025-09-18 18:13:33 - Skipping review - moving to next article[0m
[0;32m2025-09-18 18:13:33 - Completed: 8[0m
[0;34m2025-09-18 18:13:38 - Starting generation for: 9[0m
[1;33m2025-09-18 18:13:38 - Running article generation...[0m
ARTICLE GENERATION COMPLETE - Article #9
[0;32m2025-09-18 18:15:21 - Skipping review - moving to next article[0m
[0;32m2025-09-18 18:15:21 - Completed: 9[0m
[0;34m2025-09-18 18:15:26 - Starting generation for: 10[0m
[1;33m2025-09-18 18:15:26 - Running article generation...[0m
ARTICLE GENERATION COMPLETE - Article #10
[0;32m2025-09-18 18:17:14 - Skipping review - moving to next article[0m
[0;32m2025-09-18 18:17:14 - Completed: 10[0m
[0;34m2025-09-18 18:17:19 - Starting generation for: 11[0m
[1;33m2025-09-18 18:17:19 - Running article generation...[0m
ARTICLE GENERATION COMPLETE - Article #11
[0;32m2025-09-18 18:18:52 - Skipping review - moving to next article[0m
[0;32m2025-09-18 18:18:52 - Completed: 11[0m
[0;34m2025-09-18 18:18:57 - Starting generation for: 12[0m
[1;33m2025-09-18 18:18:57 - Running article generation...[0m
Perfect! I've successfully added Article #12 - "The Hidden Financial Reality of Long-Distance Relocation: A Complete Budgeting Guide" to the geographic relocation template blog registry. The article:

- Is 1,517 words (within the 1,200-1,600 word requirement)
- Follows the master prompt guidelines with sophisticated, caring voice
- Author: "Templata"
- Category: "Personal Life"
- Type: "guide" 
- Difficulty: "intermediate"
- Includes comprehensive SEO metadata
- Focuses specifically on geographic relocation financial challenges
- Uses flowing paragraphs with minimal bullet points as required
- Written in engaging, helpful tone that respects reader intelligence

The article comprehensively covers the hidden costs of long-distance relocation, from pre-move investigation expenses to long-term financial implications, providing practical strategies for budgeting and financial planning throughout the relocation process.

ARTICLE GENERATION COMPLETE - Article #12
[0;32m2025-09-18 18:23:12 - Skipping review - moving to next article[0m
[0;32m2025-09-18 18:23:12 - Completed: 12[0m
[0;34m2025-09-18 18:23:17 - Starting generation for: 13[0m
[1;33m2025-09-18 18:23:17 - Running article generation...[0m
ARTICLE GENERATION COMPLETE - Article #13
[0;32m2025-09-18 18:24:54 - Skipping review - moving to next article[0m
[0;32m2025-09-18 18:24:54 - Completed: 13[0m
[0;34m2025-09-18 18:24:59 - Starting generation for: 14[0m
[1;33m2025-09-18 18:24:59 - Running article generation...[0m
ARTICLE GENERATION COMPLETE - Article #14
[0;32m2025-09-18 18:26:49 - Skipping review - moving to next article[0m
[0;32m2025-09-18 18:26:49 - Completed: 14[0m
[0;34m2025-09-18 18:26:54 - Starting generation for: 15[0m
[1;33m2025-09-18 18:26:54 - Running article generation...[0m
ARTICLE GENERATION COMPLETE - Article #15
[0;32m2025-09-18 18:30:06 - Skipping review - moving to next article[0m
[0;32m2025-09-18 18:30:06 - Completed: 15[0m
[0;34m2025-09-18 18:30:11 - Starting generation for: 16[0m
[1;33m2025-09-18 18:30:11 - Running article generation...[0m
ARTICLE GENERATION COMPLETE - Article #16
[0;32m2025-09-18 18:32:50 - Skipping review - moving to next article[0m
[0;32m2025-09-18 18:32:50 - Completed: 16[0m
[0;34m2025-09-18 18:32:56 - Starting generation for: 17[0m
[1;33m2025-09-18 18:32:56 - Running article generation...[0m
ARTICLE GENERATION COMPLETE - Article #17
[0;32m2025-09-18 18:34:47 - Skipping review - moving to next article[0m
[0;32m2025-09-18 18:34:47 - Completed: 17[0m
[0;34m2025-09-18 18:34:52 - Starting generation for: 18[0m
[1;33m2025-09-18 18:34:52 - Running article generation...[0m
ARTICLE GENERATION COMPLETE - Article #18
[0;32m2025-09-18 18:36:45 - Skipping review - moving to next article[0m
[0;32m2025-09-18 18:36:45 - Completed: 18[0m
[0;34m2025-09-18 18:36:50 - Starting generation for: 19[0m
[1;33m2025-09-18 18:36:50 - Running article generation...[0m
ARTICLE GENERATION COMPLETE - Article #19
[0;32m2025-09-18 18:38:27 - Skipping review - moving to next article[0m
[0;32m2025-09-18 18:38:27 - Completed: 19[0m
[0;34m2025-09-18 18:38:32 - Starting generation for: 20[0m
[1;33m2025-09-18 18:38:32 - Running article generation...[0m
ARTICLE GENERATION COMPLETE - Article #20
[0;32m2025-09-18 18:41:24 - Skipping review - moving to next article[0m
[0;32m2025-09-18 18:41:24 - Completed: 20[0m
