[0;34m2025-09-17 22:37:13 - Starting Article Generation Cycle for template: yoga-practice[0m
[0;32m2025-09-17 22:37:13 - Using existing worktree: ../templata-yoga-practice[0m
[1;33m2025-09-17 22:37:13 - Creating template blog file: blogs-yoga-practice.ts[0m
[0;32m2025-09-17 22:37:13 - Created template blog file: ../templata-yoga-practice/src/registry/blogs-yoga-practice.ts[0m
[0;34m2025-09-17 22:37:13 - Starting generation for: 1[0m
[1;33m2025-09-17 22:37:13 - Running article generation...[0m
ARTICLE GENERATION COMPLETE - Article #1
[0;32m2025-09-17 22:38:35 - Skipping review - moving to next article[0m
[0;32m2025-09-17 22:38:35 - Completed: 1[0m
[0;34m2025-09-17 22:38:40 - Starting generation for: 2[0m
[1;33m2025-09-17 22:38:40 - Running article generation...[0m
ARTICLE GENERATION COMPLETE - Article #2
[0;32m2025-09-17 22:40:00 - Skipping review - moving to next article[0m
[0;32m2025-09-17 22:40:00 - Completed: 2[0m
[0;34m2025-09-17 22:40:05 - Starting generation for: 3[0m
[1;33m2025-09-17 22:40:05 - Running article generation...[0m
ARTICLE GENERATION COMPLETE - Article #3
[0;32m2025-09-17 22:41:32 - Skipping review - moving to next article[0m
[0;32m2025-09-17 22:41:32 - Completed: 3[0m
[0;34m2025-09-17 22:41:37 - Starting generation for: 4[0m
[1;33m2025-09-17 22:41:37 - Running article generation...[0m
ARTICLE GENERATION COMPLETE - Article #4
[0;32m2025-09-17 22:42:55 - Skipping review - moving to next article[0m
[0;32m2025-09-17 22:42:55 - Completed: 4[0m
[0;34m2025-09-17 22:43:00 - Starting generation for: 5[0m
[1;33m2025-09-17 22:43:00 - Running article generation...[0m
ARTICLE GENERATION COMPLETE - Article #5
[0;32m2025-09-17 22:44:16 - Skipping review - moving to next article[0m
[0;32m2025-09-17 22:44:16 - Completed: 5[0m
[0;34m2025-09-17 22:44:21 - Starting generation for: 6[0m
[1;33m2025-09-17 22:44:21 - Running article generation...[0m
ARTICLE GENERATION COMPLETE - Article #6
[0;32m2025-09-17 22:45:41 - Skipping review - moving to next article[0m
[0;32m2025-09-17 22:45:41 - Completed: 6[0m
[0;34m2025-09-17 22:45:46 - Starting generation for: 7[0m
[1;33m2025-09-17 22:45:46 - Running article generation...[0m
ARTICLE GENERATION COMPLETE - Article #7
[0;32m2025-09-17 22:47:19 - Skipping review - moving to next article[0m
[0;32m2025-09-17 22:47:19 - Completed: 7[0m
[0;34m2025-09-17 22:47:24 - Starting generation for: 8[0m
[1;33m2025-09-17 22:47:24 - Running article generation...[0m
ARTICLE GENERATION COMPLETE - Article #8
[0;32m2025-09-17 22:48:55 - Skipping review - moving to next article[0m
[0;32m2025-09-17 22:48:55 - Completed: 8[0m
[0;34m2025-09-17 22:49:00 - Starting generation for: 9[0m
[1;33m2025-09-17 22:49:00 - Running article generation...[0m
ARTICLE GENERATION COMPLETE - Article #9
[0;32m2025-09-17 22:50:35 - Skipping review - moving to next article[0m
[0;32m2025-09-17 22:50:35 - Completed: 9[0m
[0;34m2025-09-17 22:50:40 - Starting generation for: 10[0m
[1;33m2025-09-17 22:50:41 - Running article generation...[0m
ARTICLE GENERATION COMPLETE - Article #10
[0;32m2025-09-17 22:52:21 - Skipping review - moving to next article[0m
[0;32m2025-09-17 22:52:21 - Completed: 10[0m
[0;34m2025-09-17 22:52:26 - Starting generation for: 11[0m
[1;33m2025-09-17 22:52:26 - Running article generation...[0m
ARTICLE GENERATION COMPLETE - Article #11
[0;32m2025-09-17 22:54:17 - Skipping review - moving to next article[0m
[0;32m2025-09-17 22:54:17 - Completed: 11[0m
[0;34m2025-09-17 22:54:22 - Starting generation for: 12[0m
[1;33m2025-09-17 22:54:22 - Running article generation...[0m
ARTICLE GENERATION COMPLETE - Article #12
[0;32m2025-09-17 22:55:42 - Skipping review - moving to next article[0m
[0;32m2025-09-17 22:55:42 - Completed: 12[0m
[0;34m2025-09-17 22:55:47 - Starting generation for: 13[0m
[1;33m2025-09-17 22:55:47 - Running article generation...[0m
ARTICLE GENERATION COMPLETE - Article #13
[0;32m2025-09-17 22:58:39 - Skipping review - moving to next article[0m
[0;32m2025-09-17 22:58:39 - Completed: 13[0m
[0;34m2025-09-17 22:58:44 - Starting generation for: 14[0m
[1;33m2025-09-17 22:58:44 - Running article generation...[0m
ARTICLE GENERATION COMPLETE - Article #14
[0;32m2025-09-17 23:01:00 - Skipping review - moving to next article[0m
[0;32m2025-09-17 23:01:00 - Completed: 14[0m
[0;34m2025-09-17 23:01:05 - Starting generation for: 15[0m
[1;33m2025-09-17 23:01:05 - Running article generation...[0m
ARTICLE GENERATION COMPLETE - Article #15
[0;32m2025-09-17 23:02:28 - Skipping review - moving to next article[0m
[0;32m2025-09-17 23:02:28 - Completed: 15[0m
[0;34m2025-09-17 23:02:33 - Starting generation for: 16[0m
[1;33m2025-09-17 23:02:33 - Running article generation...[0m
ARTICLE GENERATION COMPLETE - Article #16
[0;32m2025-09-17 23:03:57 - Skipping review - moving to next article[0m
[0;32m2025-09-17 23:03:57 - Completed: 16[0m
[0;34m2025-09-17 23:04:02 - Starting generation for: 17[0m
[1;33m2025-09-17 23:04:02 - Running article generation...[0m
ARTICLE GENERATION COMPLETE - Article #17
[0;32m2025-09-17 23:08:15 - Skipping review - moving to next article[0m
[0;32m2025-09-17 23:08:15 - Completed: 17[0m
[0;34m2025-09-17 23:08:20 - Starting generation for: 18[0m
[1;33m2025-09-17 23:08:20 - Running article generation...[0m
ARTICLE GENERATION COMPLETE - Article #18
[0;32m2025-09-17 23:11:16 - Skipping review - moving to next article[0m
[0;32m2025-09-17 23:11:16 - Completed: 18[0m
[0;34m2025-09-17 23:11:21 - Starting generation for: 19[0m
[1;33m2025-09-17 23:11:21 - Running article generation...[0m
ARTICLE GENERATION COMPLETE - Article #19
[0;32m2025-09-17 23:15:04 - Skipping review - moving to next article[0m
[0;32m2025-09-17 23:15:04 - Completed: 19[0m
[0;34m2025-09-17 23:15:09 - Starting generation for: 20[0m
[1;33m2025-09-17 23:15:09 - Running article generation...[0m
ARTICLE GENERATION COMPLETE - Article #20
[0;32m2025-09-17 23:16:19 - Skipping review - moving to next article[0m
[0;32m2025-09-17 23:16:19 - Completed: 20[0m
