[0;34m2025-09-17 09:30:26 - Starting Article Generation Cycle for template: wedding-planning[0m
[0;32m2025-09-17 09:30:26 - Using existing worktree: ../templata-wedding-planning[0m
[1;33m2025-09-17 09:30:26 - Creating template blog file: blogs-wedding-planning.ts[0m
[0;32m2025-09-17 09:30:26 - Created template blog file: ../templata-wedding-planning/src/registry/blogs-wedding-planning.ts[0m
[0;34m2025-09-17 09:30:26 - Starting generation for: 1[0m
[1;33m2025-09-17 09:30:26 - Running article generation...[0m
ARTICLE GENERATION COMPLETE - Article #1
[0;32m2025-09-17 09:33:12 - Skipping review - moving to next article[0m
[0;32m2025-09-17 09:33:12 - Completed: 1[0m
[0;34m2025-09-17 09:33:17 - Starting generation for: 2[0m
[1;33m2025-09-17 09:33:17 - Running article generation...[0m
ARTICLE GENERATION COMPLETE - Article #2
[0;32m2025-09-17 09:35:29 - Skipping review - moving to next article[0m
[0;32m2025-09-17 09:35:29 - Completed: 2[0m
[0;34m2025-09-17 09:35:34 - Starting generation for: 3[0m
[1;33m2025-09-17 09:35:34 - Running article generation...[0m
ARTICLE GENERATION COMPLETE - Article #3
[0;32m2025-09-17 09:37:45 - Skipping review - moving to next article[0m
[0;32m2025-09-17 09:37:45 - Completed: 3[0m
[0;34m2025-09-17 09:37:50 - Starting generation for: 4[0m
[1;33m2025-09-17 09:37:50 - Running article generation...[0m
ARTICLE GENERATION COMPLETE - Article #4
[0;32m2025-09-17 09:40:13 - Skipping review - moving to next article[0m
[0;32m2025-09-17 09:40:13 - Completed: 4[0m
[0;34m2025-09-17 09:40:18 - Starting generation for: 5[0m
[1;33m2025-09-17 09:40:18 - Running article generation...[0m
ARTICLE GENERATION COMPLETE - Article #5
[0;32m2025-09-17 09:43:55 - Skipping review - moving to next article[0m
[0;32m2025-09-17 09:43:55 - Completed: 5[0m
[0;34m2025-09-17 09:44:00 - Starting generation for: 6[0m
[1;33m2025-09-17 09:44:00 - Running article generation...[0m
ARTICLE GENERATION COMPLETE - Article #6
[0;32m2025-09-17 10:15:40 - Skipping review - moving to next article[0m
[0;32m2025-09-17 10:15:40 - Completed: 6[0m
[0;34m2025-09-17 10:15:45 - Starting generation for: 7[0m
[1;33m2025-09-17 10:15:46 - Running article generation...[0m
ARTICLE GENERATION COMPLETE - Article #7
[0;32m2025-09-17 10:18:36 - Skipping review - moving to next article[0m
[0;32m2025-09-17 10:18:36 - Completed: 7[0m
[0;34m2025-09-17 10:18:41 - Starting generation for: 8[0m
[1;33m2025-09-17 10:18:41 - Running article generation...[0m
ARTICLE GENERATION COMPLETE - Article #8
[0;34m2025-09-17 10:36:45 - Starting Article Generation Cycle for template: wedding-planning[0m
[0;32m2025-09-17 10:36:45 - Using existing worktree: ../templata-wedding-planning[0m
[0;34m2025-09-17 10:36:45 - Starting generation for: 8[0m
[1;33m2025-09-17 10:36:45 - Running article generation...[0m
## Requirements Verification ✅

- **Word Count**: 1,992 words (comprehensive, slightly above target range but provides thorough coverage)
- **Author**: "Templata" ✅
- **Category**: "Wedding & Events" ✅ 
- **Added to manualBlogPosts array**: ✅
- **SEO Metadata**: Complete with metaTitle, metaDescription, and ogImage ✅
- **Type**: "guide" ✅
- **Difficulty**: "intermediate" ✅
- **Wedding Planning Focus**: Wedding Décor and Design - highly relevant topic ✅
- **Master Prompt Voice**: Sophisticated, caring, professional tone matching existing articles ✅
- **Read Time**: "11 min read" (appropriate for content length) ✅

The article covers:
- The Psychology of Wedding Aesthetics
- Color Theory and Palette Development  
- Texture and Material Coordination
- Floral Design and Natural Elements
- Lighting Design and Ambiance Creation
- Budget-Conscious Design Strategies
- Practical Implementation and Coordination

ARTICLE GENERATION COMPLETE - Article #8
[0;32m2025-09-17 10:42:09 - Skipping review - moving to next article[0m
[0;32m2025-09-17 10:42:09 - Completed: 8[0m
[0;34m2025-09-17 10:42:14 - Starting generation for: 9[0m
[1;33m2025-09-17 10:42:14 - Running article generation...[0m
ARTICLE GENERATION COMPLETE - Article #9
[0;32m2025-09-17 10:46:36 - Skipping review - moving to next article[0m
[0;32m2025-09-17 10:46:36 - Completed: 9[0m
[0;34m2025-09-17 10:46:41 - Starting generation for: 10[0m
[1;33m2025-09-17 10:46:41 - Running article generation...[0m
ARTICLE GENERATION COMPLETE - Article #10
[0;32m2025-09-17 10:51:13 - Skipping review - moving to next article[0m
[0;32m2025-09-17 10:51:13 - Completed: 10[0m
[0;34m2025-09-17 10:51:18 - Starting generation for: 11[0m
[1;33m2025-09-17 10:51:18 - Running article generation...[0m
ARTICLE GENERATION COMPLETE - Article #11
[0;32m2025-09-17 10:53:49 - Skipping review - moving to next article[0m
[0;32m2025-09-17 10:53:49 - Completed: 11[0m
[0;34m2025-09-17 10:53:54 - Starting generation for: 12[0m
[1;33m2025-09-17 10:53:54 - Running article generation...[0m
ARTICLE GENERATION COMPLETE - Article #12
[0;32m2025-09-17 10:56:59 - Skipping review - moving to next article[0m
[0;32m2025-09-17 10:56:59 - Completed: 12[0m
[0;34m2025-09-17 10:57:04 - Starting generation for: 13[0m
[1;33m2025-09-17 10:57:04 - Running article generation...[0m
ARTICLE GENERATION COMPLETE - Article #13
[0;32m2025-09-17 11:01:50 - Skipping review - moving to next article[0m
[0;32m2025-09-17 11:01:50 - Completed: 13[0m
[0;34m2025-09-17 11:01:55 - Starting generation for: 14[0m
[1;33m2025-09-17 11:01:55 - Running article generation...[0m
ARTICLE GENERATION COMPLETE - Article #14
[0;32m2025-09-17 11:05:50 - Skipping review - moving to next article[0m
[0;32m2025-09-17 11:05:50 - Completed: 14[0m
[0;34m2025-09-17 11:05:55 - Starting generation for: 15[0m
[1;33m2025-09-17 11:05:55 - Running article generation...[0m
ARTICLE GENERATION COMPLETE - Article #15
[0;32m2025-09-17 11:08:30 - Skipping review - moving to next article[0m
[0;32m2025-09-17 11:08:30 - Completed: 15[0m
[0;34m2025-09-17 11:08:35 - Starting generation for: 16[0m
[1;33m2025-09-17 11:08:35 - Running article generation...[0m
ARTICLE GENERATION COMPLETE - Article #16
[0;32m2025-09-17 11:11:03 - Skipping review - moving to next article[0m
[0;32m2025-09-17 11:11:03 - Completed: 16[0m
[0;34m2025-09-17 11:11:08 - Starting generation for: 17[0m
[1;33m2025-09-17 11:11:08 - Running article generation...[0m
ARTICLE GENERATION COMPLETE - Article #17
[0;32m2025-09-17 11:17:04 - Skipping review - moving to next article[0m
[0;32m2025-09-17 11:17:04 - Completed: 17[0m
[0;34m2025-09-17 11:17:09 - Starting generation for: 18[0m
[1;33m2025-09-17 11:17:09 - Running article generation...[0m
ARTICLE GENERATION COMPLETE - Article #18
[0;32m2025-09-17 11:20:12 - Skipping review - moving to next article[0m
[0;32m2025-09-17 11:20:12 - Completed: 18[0m
[0;34m2025-09-17 11:20:17 - Starting generation for: 19[0m
[1;33m2025-09-17 11:20:17 - Running article generation...[0m
ARTICLE GENERATION COMPLETE - Article #19
[0;32m2025-09-17 11:24:29 - Skipping review - moving to next article[0m
[0;32m2025-09-17 11:24:29 - Completed: 19[0m
[0;34m2025-09-17 11:24:34 - Starting generation for: 20[0m
[1;33m2025-09-17 11:24:34 - Running article generation...[0m
ARTICLE GENERATION COMPLETE - Article #20
[0;32m2025-09-17 11:29:07 - Skipping review - moving to next article[0m
[0;32m2025-09-17 11:29:07 - Completed: 20[0m
[0;34m2025-09-17 20:04:50 - Starting Article Generation Cycle for template: wedding-planning[0m
[0;32m2025-09-17 20:04:50 - Using existing worktree: ../templata-wedding-planning[0m
