[0;34m2025-09-17 16:06:37 - Starting Article Generation Cycle for template: family-therapy[0m
[0;32m2025-09-17 16:06:37 - Using existing worktree: ../templata-family-therapy[0m
[1;33m2025-09-17 16:06:38 - Creating template blog file: blogs-family-therapy.ts[0m
[0;32m2025-09-17 16:06:38 - Created template blog file: ../templata-family-therapy/src/registry/blogs-family-therapy.ts[0m
[0;34m2025-09-17 16:06:38 - Starting generation for: 1[0m
[1;33m2025-09-17 16:06:38 - Running article generation...[0m
API Error: Connection error.
[0;32m2025-09-17 18:08:38 - Skipping review - moving to next article[0m
[0;32m2025-09-17 18:08:38 - Completed: 1[0m
[0;34m2025-09-17 18:08:43 - Starting generation for: 2[0m
[1;33m2025-09-17 18:08:43 - Running article generation...[0m
[0;34m2025-09-17 18:51:06 - Starting Article Generation Cycle for template: family-therapy[0m
[0;32m2025-09-17 18:51:06 - Using existing worktree: ../templata-family-therapy[0m
[0;34m2025-09-17 18:51:06 - Starting generation for: 2[0m
[1;33m2025-09-17 18:51:06 - Running article generation...[0m
ARTICLE GENERATION COMPLETE - Article #2
[0;32m2025-09-17 18:52:08 - Skipping review - moving to next article[0m
[0;32m2025-09-17 18:52:08 - Completed: 2[0m
[0;34m2025-09-17 18:52:13 - Starting generation for: 3[0m
[1;33m2025-09-17 18:52:13 - Running article generation...[0m
ARTICLE GENERATION COMPLETE - Article #3
[0;32m2025-09-17 18:54:14 - Skipping review - moving to next article[0m
[0;32m2025-09-17 18:54:14 - Completed: 3[0m
[0;34m2025-09-17 18:54:19 - Starting generation for: 4[0m
[1;33m2025-09-17 18:54:19 - Running article generation...[0m
ARTICLE GENERATION COMPLETE - Article #4
[0;32m2025-09-17 18:55:20 - Skipping review - moving to next article[0m
[0;32m2025-09-17 18:55:20 - Completed: 4[0m
[0;34m2025-09-17 18:55:25 - Starting generation for: 5[0m
[1;33m2025-09-17 18:55:25 - Running article generation...[0m
ARTICLE GENERATION COMPLETE - Article #5
[0;32m2025-09-17 18:56:37 - Skipping review - moving to next article[0m
[0;32m2025-09-17 18:56:37 - Completed: 5[0m
[0;34m2025-09-17 18:56:42 - Starting generation for: 6[0m
[1;33m2025-09-17 18:56:42 - Running article generation...[0m
ARTICLE GENERATION COMPLETE - Article #6
[0;32m2025-09-17 18:57:58 - Skipping review - moving to next article[0m
[0;32m2025-09-17 18:57:58 - Completed: 6[0m
[0;34m2025-09-17 18:58:03 - Starting generation for: 7[0m
[1;33m2025-09-17 18:58:03 - Running article generation...[0m
ARTICLE GENERATION COMPLETE - Article #7
[0;32m2025-09-17 18:59:15 - Skipping review - moving to next article[0m
[0;32m2025-09-17 18:59:15 - Completed: 7[0m
[0;34m2025-09-17 18:59:20 - Starting generation for: 8[0m
[1;33m2025-09-17 18:59:20 - Running article generation...[0m
ARTICLE GENERATION COMPLETE - Article #8
[0;32m2025-09-17 19:00:47 - Skipping review - moving to next article[0m
[0;32m2025-09-17 19:00:47 - Completed: 8[0m
[0;34m2025-09-17 19:00:52 - Starting generation for: 9[0m
[1;33m2025-09-17 19:00:52 - Running article generation...[0m
ARTICLE GENERATION COMPLETE - Article #9
[0;32m2025-09-17 19:02:22 - Skipping review - moving to next article[0m
[0;32m2025-09-17 19:02:22 - Completed: 9[0m
[0;34m2025-09-17 19:02:27 - Starting generation for: 10[0m
[1;33m2025-09-17 19:02:27 - Running article generation...[0m
ARTICLE GENERATION COMPLETE - Article #10
[0;32m2025-09-17 19:03:58 - Skipping review - moving to next article[0m
[0;32m2025-09-17 19:03:58 - Completed: 10[0m
[0;34m2025-09-17 19:04:03 - Starting generation for: 11[0m
[1;33m2025-09-17 19:04:03 - Running article generation...[0m
ARTICLE GENERATION COMPLETE - Article #11
[0;32m2025-09-17 19:05:33 - Skipping review - moving to next article[0m
[0;32m2025-09-17 19:05:33 - Completed: 11[0m
[0;34m2025-09-17 19:05:38 - Starting generation for: 12[0m
[1;33m2025-09-17 19:05:38 - Running article generation...[0m
ARTICLE GENERATION COMPLETE - Article #12
[0;32m2025-09-17 19:06:55 - Skipping review - moving to next article[0m
[0;32m2025-09-17 19:06:55 - Completed: 12[0m
[0;34m2025-09-17 19:07:00 - Starting generation for: 13[0m
[1;33m2025-09-17 19:07:00 - Running article generation...[0m
ARTICLE GENERATION COMPLETE - Article #13
[0;32m2025-09-17 19:09:47 - Skipping review - moving to next article[0m
[0;32m2025-09-17 19:09:47 - Completed: 13[0m
[0;34m2025-09-17 19:09:52 - Starting generation for: 14[0m
[1;33m2025-09-17 19:09:52 - Running article generation...[0m
ARTICLE GENERATION COMPLETE - Article #14
[0;32m2025-09-17 19:11:09 - Skipping review - moving to next article[0m
[0;32m2025-09-17 19:11:09 - Completed: 14[0m
[0;34m2025-09-17 19:11:14 - Starting generation for: 15[0m
[1;33m2025-09-17 19:11:14 - Running article generation...[0m
Perfect! The file syntax is valid. I have successfully created Article #15 for the family therapy template. The article:

**Title**: "How to Prepare Your Children for Family Therapy: A Parent's Complete Guide"

**Key Features**:
- 1,514 words (within the 1,200-1,600 word requirement)
- Author: "Templata" 
- Category: "Personal Life"
- Type: "guide"
- Difficulty: "beginner"
- Comprehensive coverage of preparing children of all ages for family therapy
- Written in Templata's warm, sophisticated voice following the master prompt guidelines
- Includes proper SEO metadata and related post connections
- Added to the manualBlogPosts array in src/registry/blogs-family-therapy.ts

The article addresses a crucial need for families starting therapy - how to prepare children for the experience in age-appropriate ways, addressing common concerns and setting up the family for therapeutic success.

ARTICLE GENERATION COMPLETE - Article #15
[0;32m2025-09-17 19:13:34 - Skipping review - moving to next article[0m
[0;32m2025-09-17 19:13:34 - Completed: 15[0m
[0;34m2025-09-17 19:13:39 - Starting generation for: 16[0m
[1;33m2025-09-17 19:13:39 - Running article generation...[0m
ARTICLE GENERATION COMPLETE - Article #16
[0;32m2025-09-17 19:15:10 - Skipping review - moving to next article[0m
[0;32m2025-09-17 19:15:10 - Completed: 16[0m
[0;34m2025-09-17 19:15:15 - Starting generation for: 17[0m
[1;33m2025-09-17 19:15:15 - Running article generation...[0m
ARTICLE GENERATION COMPLETE - Article #17
[0;32m2025-09-17 19:17:38 - Skipping review - moving to next article[0m
[0;32m2025-09-17 19:17:38 - Completed: 17[0m
[0;34m2025-09-17 19:17:43 - Starting generation for: 18[0m
[1;33m2025-09-17 19:17:44 - Running article generation...[0m
ARTICLE GENERATION COMPLETE - Article #18
[0;32m2025-09-17 19:18:53 - Skipping review - moving to next article[0m
[0;32m2025-09-17 19:18:53 - Completed: 18[0m
[0;34m2025-09-17 19:18:58 - Starting generation for: 19[0m
[1;33m2025-09-17 19:18:58 - Running article generation...[0m
ARTICLE GENERATION COMPLETE - Article #19
[0;32m2025-09-17 19:20:15 - Skipping review - moving to next article[0m
[0;32m2025-09-17 19:20:15 - Completed: 19[0m
[0;34m2025-09-17 19:20:20 - Starting generation for: 20[0m
[1;33m2025-09-17 19:20:20 - Running article generation...[0m
ARTICLE GENERATION COMPLETE - Article #20
[0;32m2025-09-17 19:21:57 - Skipping review - moving to next article[0m
[0;32m2025-09-17 19:21:57 - Completed: 20[0m
