[0;34m2025-09-17 14:57:59 - Starting Article Generation Cycle for template: social-entrepreneurship[0m
[0;32m2025-09-17 14:57:59 - Using existing worktree: ../templata-social-entrepreneurship[0m
[1;33m2025-09-17 14:57:59 - Creating template blog file: blogs-social-entrepreneurship.ts[0m
[0;32m2025-09-17 14:57:59 - Created template blog file: ../templata-social-entrepreneurship/src/registry/blogs-social-entrepreneurship.ts[0m
[0;34m2025-09-17 14:57:59 - Starting generation for: 1[0m
[1;33m2025-09-17 14:58:00 - Running article generation...[0m
ARTICLE GENERATION COMPLETE - Article #1
[0;32m2025-09-17 14:59:16 - Skipping review - moving to next article[0m
[0;32m2025-09-17 14:59:16 - Completed: 1[0m
[0;34m2025-09-17 14:59:21 - Starting generation for: 2[0m
[1;33m2025-09-17 14:59:21 - Running article generation...[0m
ARTICLE GENERATION COMPLETE - Article #2
[0;32m2025-09-17 15:00:51 - Skipping review - moving to next article[0m
[0;32m2025-09-17 15:00:51 - Completed: 2[0m
[0;34m2025-09-17 15:00:56 - Starting generation for: 3[0m
[1;33m2025-09-17 15:00:56 - Running article generation...[0m
ARTICLE GENERATION COMPLETE - Article #3
[0;32m2025-09-17 15:02:33 - Skipping review - moving to next article[0m
[0;32m2025-09-17 15:02:33 - Completed: 3[0m
[0;34m2025-09-17 15:02:38 - Starting generation for: 4[0m
[1;33m2025-09-17 15:02:38 - Running article generation...[0m
ARTICLE GENERATION COMPLETE - Article #4
[0;32m2025-09-17 15:05:39 - Skipping review - moving to next article[0m
[0;32m2025-09-17 15:05:39 - Completed: 4[0m
[0;34m2025-09-17 15:05:44 - Starting generation for: 5[0m
[1;33m2025-09-17 15:05:44 - Running article generation...[0m
ARTICLE GENERATION COMPLETE - Article #5
[0;32m2025-09-17 15:07:28 - Skipping review - moving to next article[0m
[0;32m2025-09-17 15:07:28 - Completed: 5[0m
[0;34m2025-09-17 15:07:33 - Starting generation for: 6[0m
[1;33m2025-09-17 15:07:33 - Running article generation...[0m
ARTICLE GENERATION COMPLETE - Article #6
[0;32m2025-09-17 15:09:50 - Skipping review - moving to next article[0m
[0;32m2025-09-17 15:09:50 - Completed: 6[0m
[0;34m2025-09-17 15:09:55 - Starting generation for: 7[0m
[1;33m2025-09-17 15:09:55 - Running article generation...[0m
ARTICLE GENERATION COMPLETE - Article #7
[0;32m2025-09-17 15:12:07 - Skipping review - moving to next article[0m
[0;32m2025-09-17 15:12:07 - Completed: 7[0m
[0;34m2025-09-17 15:12:13 - Starting generation for: 8[0m
[1;33m2025-09-17 15:12:13 - Running article generation...[0m
ARTICLE GENERATION COMPLETE - Article #8
[0;32m2025-09-17 15:14:35 - Skipping review - moving to next article[0m
[0;32m2025-09-17 15:14:35 - Completed: 8[0m
[0;34m2025-09-17 15:14:40 - Starting generation for: 9[0m
[1;33m2025-09-17 15:14:40 - Running article generation...[0m
ARTICLE GENERATION COMPLETE - Article #9
[0;32m2025-09-17 15:18:12 - Skipping review - moving to next article[0m
[0;32m2025-09-17 15:18:12 - Completed: 9[0m
[0;34m2025-09-17 15:18:17 - Starting generation for: 10[0m
[1;33m2025-09-17 15:18:17 - Running article generation...[0m
ARTICLE GENERATION COMPLETE - Article #10
[0;32m2025-09-17 15:21:37 - Skipping review - moving to next article[0m
[0;32m2025-09-17 15:21:37 - Completed: 10[0m
[0;34m2025-09-17 15:21:42 - Starting generation for: 11[0m
[1;33m2025-09-17 15:21:42 - Running article generation...[0m
ARTICLE GENERATION COMPLETE - Article #11
[0;32m2025-09-17 15:24:56 - Skipping review - moving to next article[0m
[0;32m2025-09-17 15:24:56 - Completed: 11[0m
[0;34m2025-09-17 15:25:01 - Starting generation for: 12[0m
[1;33m2025-09-17 15:25:01 - Running article generation...[0m
ARTICLE GENERATION COMPLETE - Article #12
[0;32m2025-09-17 15:28:38 - Skipping review - moving to next article[0m
[0;32m2025-09-17 15:28:38 - Completed: 12[0m
[0;34m2025-09-17 15:28:43 - Starting generation for: 13[0m
[1;33m2025-09-17 15:28:43 - Running article generation...[0m
Excellent! The file is syntactically correct. 

**ARTICLE GENERATION COMPLETE - Article #13**
[0;32m2025-09-17 15:33:47 - Skipping review - moving to next article[0m
[0;32m2025-09-17 15:33:47 - Completed: 13[0m
[0;34m2025-09-17 15:33:52 - Starting generation for: 14[0m
[1;33m2025-09-17 15:33:52 - Running article generation...[0m
ARTICLE GENERATION COMPLETE - Article #14
[0;32m2025-09-17 15:35:40 - Skipping review - moving to next article[0m
[0;32m2025-09-17 15:35:40 - Completed: 14[0m
[0;34m2025-09-17 15:35:45 - Starting generation for: 15[0m
[1;33m2025-09-17 15:35:45 - Running article generation...[0m
ARTICLE GENERATION COMPLETE - Article #15
[0;32m2025-09-17 15:37:24 - Skipping review - moving to next article[0m
[0;32m2025-09-17 15:37:24 - Completed: 15[0m
[0;34m2025-09-17 15:37:29 - Starting generation for: 16[0m
[1;33m2025-09-17 15:37:29 - Running article generation...[0m
ARTICLE GENERATION COMPLETE - Article #16
[0;32m2025-09-17 15:39:18 - Skipping review - moving to next article[0m
[0;32m2025-09-17 15:39:18 - Completed: 16[0m
[0;34m2025-09-17 15:39:23 - Starting generation for: 17[0m
[1;33m2025-09-17 15:39:23 - Running article generation...[0m
ARTICLE GENERATION COMPLETE - Article #17
[0;32m2025-09-17 15:43:23 - Skipping review - moving to next article[0m
[0;32m2025-09-17 15:43:23 - Completed: 17[0m
[0;34m2025-09-17 15:43:28 - Starting generation for: 18[0m
[1;33m2025-09-17 15:43:28 - Running article generation...[0m
ARTICLE GENERATION COMPLETE - Article #18
[0;32m2025-09-17 15:45:53 - Skipping review - moving to next article[0m
[0;32m2025-09-17 15:45:53 - Completed: 18[0m
[0;34m2025-09-17 15:45:58 - Starting generation for: 19[0m
[1;33m2025-09-17 15:45:58 - Running article generation...[0m
ARTICLE GENERATION COMPLETE - Article #19
[0;32m2025-09-17 15:48:42 - Skipping review - moving to next article[0m
[0;32m2025-09-17 15:48:42 - Completed: 19[0m
[0;34m2025-09-17 15:48:47 - Starting generation for: 20[0m
[1;33m2025-09-17 15:48:47 - Running article generation...[0m
ARTICLE GENERATION COMPLETE - Article #21
[0;32m2025-09-17 15:51:28 - Skipping review - moving to next article[0m
[0;32m2025-09-17 15:51:28 - Completed: 20[0m
[0;34m2025-09-17 20:04:50 - Starting Article Generation Cycle for template: social-entrepreneurship[0m
[0;32m2025-09-17 20:04:50 - Using existing worktree: ../templata-social-entrepreneurship[0m
