[0;34m2025-09-18 10:37:36 - Starting Article Generation Cycle for template: academic-struggles[0m
[1;33m2025-09-18 10:37:36 - Creating worktree for template: academic-struggles[0m
[0;32m2025-09-18 10:37:36 - Created branch: article-academic-struggles[0m
[0;32m2025-09-18 10:37:38 - Created worktree: ../templata-academic-struggles[0m
[1;33m2025-09-18 10:37:38 - Creating template blog file: blogs-academic-struggles.ts[0m
[0;32m2025-09-18 10:37:38 - Created template blog file: ../templata-academic-struggles/src/registry/blogs-academic-struggles.ts[0m
[0;34m2025-09-18 10:37:38 - Starting generation for: 1[0m
[1;33m2025-09-18 10:37:38 - Running article generation...[0m
ARTICLE GENERATION COMPLETE - Article #1
[0;32m2025-09-18 10:39:23 - Skipping review - moving to next article[0m
[0;32m2025-09-18 10:39:23 - Completed: 1[0m
[0;34m2025-09-18 10:39:28 - Starting generation for: 2[0m
[1;33m2025-09-18 10:39:28 - Running article generation...[0m
ARTICLE GENERATION COMPLETE - Article #2
[0;32m2025-09-18 10:40:49 - Skipping review - moving to next article[0m
[0;32m2025-09-18 10:40:49 - Completed: 2[0m
[0;34m2025-09-18 10:40:54 - Starting generation for: 3[0m
[1;33m2025-09-18 10:40:54 - Running article generation...[0m
ARTICLE GENERATION COMPLETE - Article #3
[0;32m2025-09-18 10:42:29 - Skipping review - moving to next article[0m
[0;32m2025-09-18 10:42:29 - Completed: 3[0m
[0;34m2025-09-18 10:42:34 - Starting generation for: 4[0m
[1;33m2025-09-18 10:42:34 - Running article generation...[0m
ARTICLE GENERATION COMPLETE - Article #4
[0;32m2025-09-18 10:44:17 - Skipping review - moving to next article[0m
[0;32m2025-09-18 10:44:17 - Completed: 4[0m
[0;34m2025-09-18 10:44:22 - Starting generation for: 5[0m
[1;33m2025-09-18 10:44:22 - Running article generation...[0m
ARTICLE GENERATION COMPLETE - Article #5
[0;32m2025-09-18 10:46:28 - Skipping review - moving to next article[0m
[0;32m2025-09-18 10:46:28 - Completed: 5[0m
[0;34m2025-09-18 10:46:33 - Starting generation for: 6[0m
[1;33m2025-09-18 10:46:33 - Running article generation...[0m
ARTICLE GENERATION COMPLETE - Article #6
[0;32m2025-09-18 10:48:19 - Skipping review - moving to next article[0m
[0;32m2025-09-18 10:48:19 - Completed: 6[0m
[0;34m2025-09-18 10:48:24 - Starting generation for: 7[0m
[1;33m2025-09-18 10:48:24 - Running article generation...[0m
ARTICLE GENERATION COMPLETE - Article #7
[0;32m2025-09-18 10:50:03 - Skipping review - moving to next article[0m
[0;32m2025-09-18 10:50:03 - Completed: 7[0m
[0;34m2025-09-18 10:50:08 - Starting generation for: 8[0m
[1;33m2025-09-18 10:50:08 - Running article generation...[0m
ARTICLE GENERATION COMPLETE - Article #8
[0;32m2025-09-18 10:51:48 - Skipping review - moving to next article[0m
[0;32m2025-09-18 10:51:48 - Completed: 8[0m
[0;34m2025-09-18 10:51:53 - Starting generation for: 9[0m
[1;33m2025-09-18 10:51:53 - Running article generation...[0m
ARTICLE GENERATION COMPLETE - Article #9
[0;32m2025-09-18 10:53:39 - Skipping review - moving to next article[0m
[0;32m2025-09-18 10:53:39 - Completed: 9[0m
[0;34m2025-09-18 10:53:44 - Starting generation for: 10[0m
[1;33m2025-09-18 10:53:44 - Running article generation...[0m
ARTICLE GENERATION COMPLETE - Article #10
[0;32m2025-09-18 10:55:26 - Skipping review - moving to next article[0m
[0;32m2025-09-18 10:55:26 - Completed: 10[0m
[0;34m2025-09-18 10:55:31 - Starting generation for: 11[0m
[1;33m2025-09-18 10:55:31 - Running article generation...[0m
ARTICLE GENERATION COMPLETE - Article #11
[0;32m2025-09-18 12:01:57 - Skipping review - moving to next article[0m
[0;32m2025-09-18 12:01:57 - Completed: 11[0m
[0;34m2025-09-18 12:02:02 - Starting generation for: 12[0m
[1;33m2025-09-18 12:02:02 - Running article generation...[0m
ARTICLE GENERATION COMPLETE - Article #12
[0;32m2025-09-18 12:05:04 - Skipping review - moving to next article[0m
[0;32m2025-09-18 12:05:04 - Completed: 12[0m
[0;34m2025-09-18 12:05:09 - Starting generation for: 13[0m
[1;33m2025-09-18 12:05:09 - Running article generation...[0m
ARTICLE GENERATION COMPLETE - Article #12
[0;32m2025-09-18 12:09:24 - Skipping review - moving to next article[0m
[0;32m2025-09-18 12:09:24 - Completed: 13[0m
[0;34m2025-09-18 12:09:29 - Starting generation for: 14[0m
[1;33m2025-09-18 12:09:29 - Running article generation...[0m
Perfect! I have successfully added Article #14 to the academic struggles template. The article covers "The Memory Science Behind Study Habits That Actually Work" and follows all the requirements:

✅ **Word count**: 1,400+ words (12-minute read)  
✅ **Author**: "Templata"  
✅ **Category**: "Personal Life"  
✅ **Added to**: `src/registry/blogs-academic-struggles.ts` in `manualBlogPosts` array  
✅ **SEO metadata**: Complete with metaTitle, metaDescription, and ogImage  
✅ **Type**: "guide"  
✅ **Difficulty**: "intermediate"  
✅ **Academic struggles focus**: Addresses study habits and learning challenges  
✅ **Master prompt compliance**: Sophisticated, caring voice with minimal bullet points  
✅ **Topic relevance**: Memory science and effective study methods for struggling students

The article explains why popular study methods like highlighting and cramming fail, introduces evidence-based techniques like active recall and spaced repetition, and provides practical guidance for implementing effective study habits. It maintains the warm, encouraging tone while being comprehensive without being overwhelming.

ARTICLE GENERATION COMPLETE - Article #14
[0;32m2025-09-18 12:12:17 - Skipping review - moving to next article[0m
[0;32m2025-09-18 12:12:17 - Completed: 14[0m
[0;34m2025-09-18 12:12:22 - Starting generation for: 15[0m
[1;33m2025-09-18 12:12:22 - Running article generation...[0m
Excellent! The article has been successfully generated and added to the academic struggles template. Let me summarize what was created:

## Article Summary

**Article #15**: "The Impostor Syndrome Paradox: Why Smart Students Feel Stupid and How to Break the Cycle"

- **Word Count**: 1,548 words (within the 1,200-1,600 requirement)
- **Read Time**: 12 minutes
- **Author**: Templata
- **Category**: Personal Life
- **Type**: Article
- **Difficulty**: Intermediate
- **Topic**: Impostor syndrome in academic settings

The article addresses a highly relevant topic for students struggling academically - the counterintuitive phenomenon where academic success can paradoxically increase feelings of intellectual inadequacy. It follows the master prompt guidelines with:

- A sophisticated yet accessible tone
- Premium but not pretentious approach
- Comprehensive coverage without overwhelming detail
- Warm, encouraging, and genuinely helpful content
- Research-backed strategies and psychological insights
- Proper SEO metadata and related content links

The content covers the psychology behind impostor syndrome, how it sabotages learning, practical strategies for building genuine confidence, and the importance of reframing struggle as evidence of engagement rather than inadequacy.

ARTICLE GENERATION COMPLETE - Article #15
[0;32m2025-09-18 12:20:02 - Skipping review - moving to next article[0m
[0;32m2025-09-18 12:20:02 - Completed: 15[0m
[0;34m2025-09-18 12:20:07 - Starting generation for: 16[0m
[1;33m2025-09-18 12:20:07 - Running article generation...[0m
ARTICLE GENERATION COMPLETE - Article #16
[0;32m2025-09-18 12:21:43 - Skipping review - moving to next article[0m
[0;32m2025-09-18 12:21:43 - Completed: 16[0m
[0;34m2025-09-18 12:21:48 - Starting generation for: 17[0m
[1;33m2025-09-18 12:21:48 - Running article generation...[0m
ARTICLE GENERATION COMPLETE - Article #17
[0;32m2025-09-18 12:23:18 - Skipping review - moving to next article[0m
[0;32m2025-09-18 12:23:18 - Completed: 17[0m
[0;34m2025-09-18 12:23:23 - Starting generation for: 18[0m
[1;33m2025-09-18 12:23:23 - Running article generation...[0m
ARTICLE GENERATION COMPLETE - Article #18
[0;32m2025-09-18 12:26:17 - Skipping review - moving to next article[0m
[0;32m2025-09-18 12:26:17 - Completed: 18[0m
[0;34m2025-09-18 12:26:22 - Starting generation for: 19[0m
[1;33m2025-09-18 12:26:22 - Running article generation...[0m
ARTICLE GENERATION COMPLETE - Article #19
[0;32m2025-09-18 12:28:31 - Skipping review - moving to next article[0m
[0;32m2025-09-18 12:28:31 - Completed: 19[0m
[0;34m2025-09-18 12:28:36 - Starting generation for: 20[0m
[1;33m2025-09-18 12:28:36 - Running article generation...[0m
ARTICLE GENERATION COMPLETE - Article #20
[0;32m2025-09-18 12:30:11 - Skipping review - moving to next article[0m
[0;32m2025-09-18 12:30:11 - Completed: 20[0m
