[0;34m2025-09-16 19:19:48 - Starting Article Generation Cycle for template: life-transitions[0m
[0;32m2025-09-16 19:19:48 - Using existing worktree: ../templata-life-transitions[0m
[0;34m2025-09-16 19:19:48 - Starting generation for: 1[0m
[1;33m2025-09-16 19:19:48 - Running article generation...[0m
ARTICLE GENERATION COMPLETE - Article #1
[0;32m2025-09-16 19:21:32 - Skipping review - moving to next article[0m
[0;32m2025-09-16 19:21:32 - Completed: 1[0m
[0;34m2025-09-16 19:21:32 - Starting Article Generation Cycle for template: life-transitions[0m
[0;32m2025-09-16 19:21:32 - Using existing worktree: ../templata-life-transitions[0m
[0;34m2025-09-16 19:21:33 - Starting generation for: 2[0m
[1;33m2025-09-16 19:21:33 - Running article generation...[0m
[0;34m2025-09-16 19:21:37 - Starting generation for: 2[0m
[1;33m2025-09-16 19:21:38 - Running article generation...[0m
ARTICLE GENERATION COMPLETE - Article #2
ARTICLE GENERATION COMPLETE - Article #2
[0;34m2025-09-17 09:30:26 - Starting Article Generation Cycle for template: life-transitions[0m
[0;32m2025-09-17 09:30:26 - Using existing worktree: ../templata-life-transitions[0m
[1;33m2025-09-17 09:30:26 - Creating template blog file: blogs-life-transitions.ts[0m
[0;32m2025-09-17 09:30:26 - Created template blog file: ../templata-life-transitions/src/registry/blogs-life-transitions.ts[0m
[0;34m2025-09-17 09:30:26 - Starting generation for: 2[0m
[1;33m2025-09-17 09:30:26 - Running article generation...[0m
ARTICLE GENERATION COMPLETE - Article #2
[0;32m2025-09-17 09:33:01 - Skipping review - moving to next article[0m
[0;32m2025-09-17 09:33:01 - Completed: 2[0m
[0;34m2025-09-17 09:33:06 - Starting generation for: 3[0m
[1;33m2025-09-17 09:33:06 - Running article generation...[0m
ARTICLE GENERATION COMPLETE - Article #3
[0;32m2025-09-17 09:35:54 - Skipping review - moving to next article[0m
[0;32m2025-09-17 09:35:54 - Completed: 3[0m
[0;34m2025-09-17 09:35:59 - Starting generation for: 4[0m
[1;33m2025-09-17 09:35:59 - Running article generation...[0m
ARTICLE GENERATION COMPLETE - Article #4
[0;32m2025-09-17 09:38:01 - Skipping review - moving to next article[0m
[0;32m2025-09-17 09:38:01 - Completed: 4[0m
[0;34m2025-09-17 09:38:06 - Starting generation for: 5[0m
[1;33m2025-09-17 09:38:07 - Running article generation...[0m
ARTICLE GENERATION COMPLETE - Article #5
[0;32m2025-09-17 09:40:28 - Skipping review - moving to next article[0m
[0;32m2025-09-17 09:40:28 - Completed: 5[0m
[0;34m2025-09-17 09:40:33 - Starting generation for: 6[0m
[1;33m2025-09-17 09:40:33 - Running article generation...[0m
ARTICLE GENERATION COMPLETE - Article #6
[0;32m2025-09-17 09:43:14 - Skipping review - moving to next article[0m
[0;32m2025-09-17 09:43:14 - Completed: 6[0m
[0;34m2025-09-17 09:43:19 - Starting generation for: 7[0m
[1;33m2025-09-17 09:43:19 - Running article generation...[0m
ARTICLE GENERATION COMPLETE - Article #7
[0;32m2025-09-17 10:15:26 - Skipping review - moving to next article[0m
[0;32m2025-09-17 10:15:26 - Completed: 7[0m
[0;34m2025-09-17 10:15:31 - Starting generation for: 8[0m
[1;33m2025-09-17 10:15:31 - Running article generation...[0m
ARTICLE GENERATION COMPLETE - Article #8
[0;32m2025-09-17 10:18:03 - Skipping review - moving to next article[0m
[0;32m2025-09-17 10:18:03 - Completed: 8[0m
[0;34m2025-09-17 10:18:08 - Starting generation for: 9[0m
[1;33m2025-09-17 10:18:08 - Running article generation...[0m
ARTICLE GENERATION COMPLETE - Article #9
[0;32m2025-09-17 10:20:33 - Skipping review - moving to next article[0m
[0;32m2025-09-17 10:20:33 - Completed: 9[0m
[0;34m2025-09-17 10:20:38 - Starting generation for: 10[0m
[1;33m2025-09-17 10:20:38 - Running article generation...[0m
ARTICLE GENERATION COMPLETE - Article #10
[0;34m2025-09-17 10:37:08 - Starting Article Generation Cycle for template: life-transitions[0m
[0;32m2025-09-17 10:37:08 - Using existing worktree: ../templata-life-transitions[0m
[0;34m2025-09-17 10:37:08 - Starting generation for: 10[0m
[1;33m2025-09-17 10:37:08 - Running article generation...[0m
ARTICLE GENERATION COMPLETE - Article #10
[0;32m2025-09-17 10:44:05 - Skipping review - moving to next article[0m
[0;32m2025-09-17 10:44:05 - Completed: 10[0m
[0;34m2025-09-17 10:44:10 - Starting generation for: 11[0m
[1;33m2025-09-17 10:44:10 - Running article generation...[0m
ARTICLE GENERATION COMPLETE - Article #11
[0;32m2025-09-17 10:48:00 - Skipping review - moving to next article[0m
[0;32m2025-09-17 10:48:00 - Completed: 11[0m
[0;34m2025-09-17 10:48:05 - Starting generation for: 12[0m
[1;33m2025-09-17 10:48:05 - Running article generation...[0m
ARTICLE GENERATION COMPLETE - Article #12
[0;32m2025-09-17 10:50:45 - Skipping review - moving to next article[0m
[0;32m2025-09-17 10:50:45 - Completed: 12[0m
[0;34m2025-09-17 10:50:50 - Starting generation for: 13[0m
[1;33m2025-09-17 10:50:50 - Running article generation...[0m
ARTICLE GENERATION COMPLETE - Article #13
[0;32m2025-09-17 10:54:57 - Skipping review - moving to next article[0m
[0;32m2025-09-17 10:54:57 - Completed: 13[0m
[0;34m2025-09-17 10:55:02 - Starting generation for: 14[0m
[1;33m2025-09-17 10:55:02 - Running article generation...[0m
ARTICLE GENERATION COMPLETE - Article #14
[0;32m2025-09-17 10:57:40 - Skipping review - moving to next article[0m
[0;32m2025-09-17 10:57:40 - Completed: 14[0m
[0;34m2025-09-17 10:57:45 - Starting generation for: 15[0m
[1;33m2025-09-17 10:57:45 - Running article generation...[0m
ARTICLE GENERATION COMPLETE - Article #15
[0;32m2025-09-17 11:01:48 - Skipping review - moving to next article[0m
[0;32m2025-09-17 11:01:48 - Completed: 15[0m
[0;34m2025-09-17 11:01:53 - Starting generation for: 16[0m
[1;33m2025-09-17 11:01:53 - Running article generation...[0m
Perfect! I have successfully generated Article #16 for the life transitions template. The comprehensive 1,500+ word article on "Building Resilience Through Life Transitions" has been added to the manualBlogPosts array with:

✅ **Article Details:**
- **Topic**: Building Resilience Through Life Transitions
- **Word Count**: ~1,500 words (14-minute read)
- **Type**: Guide
- **Difficulty**: Intermediate  
- **Author**: Templata
- **Category**: Personal Life
- **SEO**: Complete metadata with title, description, and keywords
- **Content Structure**: 6 comprehensive sections covering psychology of change, emotional strength, mental flexibility, support systems, self-care, and growth from setbacks

The article follows the established voice and format, providing sophisticated, caring guidance for people navigating life transitions with a focus on building lasting resilience and mental fortitude.

ARTICLE GENERATION COMPLETE - Article #16
[0;32m2025-09-17 11:04:41 - Skipping review - moving to next article[0m
[0;32m2025-09-17 11:04:41 - Completed: 16[0m
[0;34m2025-09-17 11:04:46 - Starting generation for: 17[0m
[1;33m2025-09-17 11:04:46 - Running article generation...[0m
ARTICLE GENERATION COMPLETE - Article #17
[0;32m2025-09-17 11:09:19 - Skipping review - moving to next article[0m
[0;32m2025-09-17 11:09:19 - Completed: 17[0m
[0;34m2025-09-17 11:09:25 - Starting generation for: 18[0m
[1;33m2025-09-17 11:09:25 - Running article generation...[0m
ARTICLE GENERATION COMPLETE - Article #18
[0;32m2025-09-17 11:14:31 - Skipping review - moving to next article[0m
[0;32m2025-09-17 11:14:31 - Completed: 18[0m
[0;34m2025-09-17 11:14:36 - Starting generation for: 19[0m
[1;33m2025-09-17 11:14:36 - Running article generation...[0m
ARTICLE GENERATION COMPLETE - Article #19
[0;32m2025-09-17 11:17:42 - Skipping review - moving to next article[0m
[0;32m2025-09-17 11:17:42 - Completed: 19[0m
[0;34m2025-09-17 11:17:48 - Starting generation for: 20[0m
[1;33m2025-09-17 11:17:48 - Running article generation...[0m
ARTICLE GENERATION COMPLETE - Article #20
[0;32m2025-09-17 11:20:34 - Skipping review - moving to next article[0m
[0;32m2025-09-17 11:20:34 - Completed: 20[0m
