[0;34m2025-09-18 09:17:14 - Starting Article Generation Cycle for template: coaching-business[0m
[1;33m2025-09-18 09:17:14 - Creating worktree for template: coaching-business[0m
[0;32m2025-09-18 09:17:14 - Created branch: article-coaching-business[0m
[0;32m2025-09-18 09:17:17 - Created worktree: ../templata-coaching-business[0m
[1;33m2025-09-18 09:17:17 - Creating template blog file: blogs-coaching-business.ts[0m
[0;32m2025-09-18 09:17:17 - Created template blog file: ../templata-coaching-business/src/registry/blogs-coaching-business.ts[0m
[0;34m2025-09-18 09:17:17 - Starting generation for: 1[0m
[1;33m2025-09-18 09:17:17 - Running article generation...[0m
ARTICLE GENERATION COMPLETE - Article #1
[0;32m2025-09-18 09:18:45 - Skipping review - moving to next article[0m
[0;32m2025-09-18 09:18:45 - Completed: 1[0m
[0;34m2025-09-18 09:18:50 - Starting generation for: 2[0m
[1;33m2025-09-18 09:18:50 - Running article generation...[0m
ARTICLE GENERATION COMPLETE - Article #2
[0;32m2025-09-18 09:21:16 - Skipping review - moving to next article[0m
[0;32m2025-09-18 09:21:16 - Completed: 2[0m
[0;34m2025-09-18 09:21:21 - Starting generation for: 3[0m
[1;33m2025-09-18 09:21:21 - Running article generation...[0m
ARTICLE GENERATION COMPLETE - Article #3
[0;32m2025-09-18 09:23:01 - Skipping review - moving to next article[0m
[0;32m2025-09-18 09:23:01 - Completed: 3[0m
[0;34m2025-09-18 09:23:06 - Starting generation for: 4[0m
[1;33m2025-09-18 09:23:06 - Running article generation...[0m
ARTICLE GENERATION COMPLETE - Article #4
[0;32m2025-09-18 09:25:02 - Skipping review - moving to next article[0m
[0;32m2025-09-18 09:25:02 - Completed: 4[0m
[0;34m2025-09-18 09:25:07 - Starting generation for: 5[0m
[1;33m2025-09-18 09:25:07 - Running article generation...[0m
ARTICLE GENERATION COMPLETE - Article #5
[0;32m2025-09-18 09:26:57 - Skipping review - moving to next article[0m
[0;32m2025-09-18 09:26:57 - Completed: 5[0m
[0;34m2025-09-18 09:27:02 - Starting generation for: 6[0m
[1;33m2025-09-18 09:27:02 - Running article generation...[0m
ARTICLE GENERATION COMPLETE - Article #6
[0;32m2025-09-18 09:31:25 - Skipping review - moving to next article[0m
[0;32m2025-09-18 09:31:25 - Completed: 6[0m
[0;34m2025-09-18 09:31:30 - Starting generation for: 7[0m
[1;33m2025-09-18 09:31:30 - Running article generation...[0m
ARTICLE GENERATION COMPLETE - Article #7
[0;32m2025-09-18 09:33:33 - Skipping review - moving to next article[0m
[0;32m2025-09-18 09:33:33 - Completed: 7[0m
[0;34m2025-09-18 09:33:38 - Starting generation for: 8[0m
[1;33m2025-09-18 09:33:38 - Running article generation...[0m
ARTICLE GENERATION COMPLETE - Article #8
[0;32m2025-09-18 09:35:49 - Skipping review - moving to next article[0m
[0;32m2025-09-18 09:35:49 - Completed: 8[0m
[0;34m2025-09-18 09:35:54 - Starting generation for: 9[0m
[1;33m2025-09-18 09:35:54 - Running article generation...[0m
ARTICLE GENERATION COMPLETE - Article #9
[0;32m2025-09-18 09:39:06 - Skipping review - moving to next article[0m
[0;32m2025-09-18 09:39:06 - Completed: 9[0m
[0;34m2025-09-18 09:39:11 - Starting generation for: 10[0m
[1;33m2025-09-18 09:39:11 - Running article generation...[0m
ARTICLE GENERATION COMPLETE - Article #10
[0;32m2025-09-18 09:42:04 - Skipping review - moving to next article[0m
[0;32m2025-09-18 09:42:04 - Completed: 10[0m
[0;34m2025-09-18 09:42:09 - Starting generation for: 11[0m
[1;33m2025-09-18 09:42:09 - Running article generation...[0m
ARTICLE GENERATION COMPLETE - Article #11
[0;32m2025-09-18 09:43:40 - Skipping review - moving to next article[0m
[0;32m2025-09-18 09:43:40 - Completed: 11[0m
[0;34m2025-09-18 09:43:45 - Starting generation for: 12[0m
[1;33m2025-09-18 09:43:45 - Running article generation...[0m
ARTICLE GENERATION COMPLETE - Article #12
[0;32m2025-09-18 09:47:21 - Skipping review - moving to next article[0m
[0;32m2025-09-18 09:47:21 - Completed: 12[0m
[0;34m2025-09-18 09:47:26 - Starting generation for: 13[0m
[1;33m2025-09-18 09:47:26 - Running article generation...[0m
ARTICLE GENERATION COMPLETE - Article #13
[0;32m2025-09-18 09:49:02 - Skipping review - moving to next article[0m
[0;32m2025-09-18 09:49:02 - Completed: 13[0m
[0;34m2025-09-18 09:49:07 - Starting generation for: 14[0m
[1;33m2025-09-18 09:49:07 - Running article generation...[0m
ARTICLE GENERATION COMPLETE - Article #14
[0;32m2025-09-18 09:53:42 - Skipping review - moving to next article[0m
[0;32m2025-09-18 09:53:42 - Completed: 14[0m
[0;34m2025-09-18 09:53:47 - Starting generation for: 15[0m
[1;33m2025-09-18 09:53:47 - Running article generation...[0m
ARTICLE GENERATION COMPLETE - Article #15
[0;32m2025-09-18 09:56:31 - Skipping review - moving to next article[0m
[0;32m2025-09-18 09:56:31 - Completed: 15[0m
[0;34m2025-09-18 09:56:36 - Starting generation for: 16[0m
[1;33m2025-09-18 09:56:36 - Running article generation...[0m
ARTICLE GENERATION COMPLETE - Article #16
[0;32m2025-09-18 09:58:38 - Skipping review - moving to next article[0m
[0;32m2025-09-18 09:58:38 - Completed: 16[0m
[0;34m2025-09-18 09:58:43 - Starting generation for: 17[0m
[1;33m2025-09-18 09:58:43 - Running article generation...[0m
ARTICLE GENERATION COMPLETE - Article #17
[0;32m2025-09-18 10:02:05 - Skipping review - moving to next article[0m
[0;32m2025-09-18 10:02:05 - Completed: 17[0m
[0;34m2025-09-18 10:02:10 - Starting generation for: 18[0m
[1;33m2025-09-18 10:02:10 - Running article generation...[0m
ARTICLE GENERATION COMPLETE - Article #18
[0;32m2025-09-18 10:03:57 - Skipping review - moving to next article[0m
[0;32m2025-09-18 10:03:57 - Completed: 18[0m
[0;34m2025-09-18 10:04:02 - Starting generation for: 19[0m
[1;33m2025-09-18 10:04:02 - Running article generation...[0m
ARTICLE GENERATION COMPLETE - Article #19
[0;32m2025-09-18 10:06:46 - Skipping review - moving to next article[0m
[0;32m2025-09-18 10:06:46 - Completed: 19[0m
[0;34m2025-09-18 10:06:51 - Starting generation for: 20[0m
[1;33m2025-09-18 10:06:51 - Running article generation...[0m
ARTICLE GENERATION COMPLETE - Article #20
[0;32m2025-09-18 10:09:14 - Skipping review - moving to next article[0m
[0;32m2025-09-18 10:09:14 - Completed: 20[0m
