[0;34m2025-09-16 19:19:48 - Starting Article Generation Cycle for template: relationship-dating[0m
[0;32m2025-09-16 19:19:48 - Using existing worktree: ../templata-relationship-dating[0m
[0;34m2025-09-16 19:19:48 - Starting generation for: 1[0m
[1;33m2025-09-16 19:19:48 - Running article generation...[0m
ARTICLE GENERATION COMPLETE - Article #1
[0;32m2025-09-16 19:21:23 - Skipping review - moving to next article[0m
[0;32m2025-09-16 19:21:23 - Completed: 1[0m
[0;34m2025-09-16 19:21:28 - Starting generation for: 2[0m
[1;33m2025-09-16 19:21:28 - Running article generation...[0m
[0;34m2025-09-16 19:21:32 - Starting Article Generation Cycle for template: relationship-dating[0m
[0;32m2025-09-16 19:21:32 - Using existing worktree: ../templata-relationship-dating[0m
[0;34m2025-09-16 19:21:33 - Starting generation for: 2[0m
[1;33m2025-09-16 19:21:33 - Running article generation...[0m
ARTICLE GENERATION COMPLETE - Article #2
ARTICLE GENERATION COMPLETE - Article #2
[0;32m2025-09-16 23:39:20 - Using existing worktree: ../templata-relationship-dating[0m
[1;33m2025-09-16 23:39:20 - Creating template blog file: blogs-relationship-dating.ts[0m
[0;32m2025-09-16 23:39:20 - Created template blog file: ../templata-relationship-dating/src/registry/blogs-relationship-dating.ts[0m
[0;34m2025-09-16 23:39:20 - Starting generation for: 2[0m
[1;33m2025-09-16 23:39:20 - Running article generation...[0m
ARTICLE GENERATION COMPLETE - Article #2
[0;34m2025-09-16 23:41:12 - Starting Article Generation Cycle for template: relationship-dating[0m
[0;32m2025-09-16 23:41:12 - Using existing worktree: ../templata-relationship-dating[0m
[0;34m2025-09-16 23:41:12 - Starting generation for: 2[0m
[1;33m2025-09-16 23:41:12 - Running article generation...[0m
[0;32m2025-09-16 23:41:13 - Skipping review - moving to next article[0m
[0;32m2025-09-16 23:41:13 - Completed: 2[0m
ARTICLE GENERATION COMPLETE - Article #2
[0;32m2025-09-16 23:43:09 - Skipping review - moving to next article[0m
[0;32m2025-09-16 23:43:09 - Completed: 2[0m
[0;34m2025-09-16 23:43:14 - Starting generation for: 4[0m
[1;33m2025-09-16 23:43:14 - Running article generation...[0m
ARTICLE GENERATION COMPLETE - Article #4
[0;32m2025-09-16 23:45:09 - Skipping review - moving to next article[0m
[0;32m2025-09-16 23:45:09 - Completed: 4[0m
[0;34m2025-09-16 23:45:14 - Starting generation for: 5[0m
[1;33m2025-09-16 23:45:14 - Running article generation...[0m
ARTICLE GENERATION COMPLETE - Article #5
[0;32m2025-09-16 23:47:29 - Skipping review - moving to next article[0m
[0;32m2025-09-16 23:47:29 - Completed: 5[0m
[0;34m2025-09-16 23:47:34 - Starting generation for: 6[0m
[1;33m2025-09-16 23:47:34 - Running article generation...[0m
ARTICLE GENERATION COMPLETE - Article #6
[0;32m2025-09-16 23:49:42 - Skipping review - moving to next article[0m
[0;32m2025-09-16 23:49:42 - Completed: 6[0m
[0;34m2025-09-16 23:49:47 - Starting generation for: 7[0m
[1;33m2025-09-16 23:49:47 - Running article generation...[0m
ARTICLE GENERATION COMPLETE - Article #7
[0;32m2025-09-16 23:52:16 - Skipping review - moving to next article[0m
[0;32m2025-09-16 23:52:16 - Completed: 7[0m
[0;34m2025-09-16 23:52:21 - Starting generation for: 8[0m
[1;33m2025-09-16 23:52:21 - Running article generation...[0m
ARTICLE GENERATION COMPLETE - Article #8
[0;32m2025-09-16 23:54:39 - Skipping review - moving to next article[0m
[0;32m2025-09-16 23:54:39 - Completed: 8[0m
[0;34m2025-09-16 23:54:44 - Starting generation for: 9[0m
[1;33m2025-09-16 23:54:44 - Running article generation...[0m
ARTICLE GENERATION COMPLETE - Article #9
[0;32m2025-09-16 23:57:23 - Skipping review - moving to next article[0m
[0;32m2025-09-16 23:57:23 - Completed: 9[0m
[0;34m2025-09-16 23:57:28 - Starting generation for: 10[0m
[1;33m2025-09-16 23:57:28 - Running article generation...[0m
ARTICLE GENERATION COMPLETE - Article #10
[0;32m2025-09-16 23:59:37 - Skipping review - moving to next article[0m
[0;32m2025-09-16 23:59:37 - Completed: 10[0m
[0;34m2025-09-16 23:59:42 - Starting generation for: 11[0m
[1;33m2025-09-16 23:59:42 - Running article generation...[0m
ARTICLE GENERATION COMPLETE - Article #11
[0;32m2025-09-17 00:06:10 - Skipping review - moving to next article[0m
[0;32m2025-09-17 00:06:10 - Completed: 11[0m
[0;34m2025-09-17 00:06:15 - Starting generation for: 12[0m
[1;33m2025-09-17 00:06:15 - Running article generation...[0m
ARTICLE GENERATION COMPLETE - Article #12
[0;32m2025-09-17 00:08:42 - Skipping review - moving to next article[0m
[0;32m2025-09-17 00:08:42 - Completed: 12[0m
[0;34m2025-09-17 00:08:47 - Starting generation for: 13[0m
[1;33m2025-09-17 00:08:47 - Running article generation...[0m
ARTICLE GENERATION COMPLETE - Article #13
[0;32m2025-09-17 00:11:23 - Skipping review - moving to next article[0m
[0;32m2025-09-17 00:11:23 - Completed: 13[0m
[0;34m2025-09-17 00:11:28 - Starting generation for: 14[0m
[1;33m2025-09-17 00:11:28 - Running article generation...[0m
ARTICLE GENERATION COMPLETE - Article #14
[0;32m2025-09-17 00:14:00 - Skipping review - moving to next article[0m
[0;32m2025-09-17 00:14:00 - Completed: 14[0m
[0;34m2025-09-17 00:14:05 - Starting generation for: 15[0m
[1;33m2025-09-17 00:14:05 - Running article generation...[0m
ARTICLE GENERATION COMPLETE - Article #15
[0;32m2025-09-17 00:16:13 - Skipping review - moving to next article[0m
[0;32m2025-09-17 00:16:13 - Completed: 15[0m
[0;34m2025-09-17 00:16:19 - Starting generation for: 16[0m
[1;33m2025-09-17 00:16:19 - Running article generation...[0m
ARTICLE GENERATION COMPLETE - Article #16
[0;32m2025-09-17 00:18:20 - Skipping review - moving to next article[0m
[0;32m2025-09-17 00:18:20 - Completed: 16[0m
[0;34m2025-09-17 00:18:25 - Starting generation for: 17[0m
[1;33m2025-09-17 00:18:25 - Running article generation...[0m
ARTICLE GENERATION COMPLETE - Article #17
[0;32m2025-09-17 00:20:40 - Skipping review - moving to next article[0m
[0;32m2025-09-17 00:20:40 - Completed: 17[0m
[0;34m2025-09-17 00:20:45 - Starting generation for: 18[0m
[1;33m2025-09-17 00:20:45 - Running article generation...[0m
ARTICLE GENERATION COMPLETE - Article #18
[0;32m2025-09-17 00:24:24 - Skipping review - moving to next article[0m
[0;32m2025-09-17 00:24:24 - Completed: 18[0m
[0;34m2025-09-17 00:24:29 - Starting generation for: 19[0m
[1;33m2025-09-17 00:24:29 - Running article generation...[0m
ARTICLE GENERATION COMPLETE - Article #19
[0;32m2025-09-17 00:26:29 - Skipping review - moving to next article[0m
[0;32m2025-09-17 00:26:29 - Completed: 19[0m
[0;34m2025-09-17 00:26:34 - Starting generation for: 20[0m
[1;33m2025-09-17 00:26:34 - Running article generation...[0m
ARTICLE GENERATION COMPLETE - Article #20
[0;32m2025-09-17 00:28:41 - Skipping review - moving to next article[0m
[0;32m2025-09-17 00:28:41 - Completed: 20[0m
