[0;34m2025-09-19 12:46:23 - Starting Article Generation Cycle for template: spiritual-awakening[0m
[1;33m2025-09-19 12:46:23 - Creating worktree for template: spiritual-awakening[0m
[0;32m2025-09-19 12:46:23 - Created branch: article-spiritual-awakening[0m
[0;32m2025-09-19 12:46:24 - Created worktree: ../templata-spiritual-awakening[0m
[1;33m2025-09-19 12:46:24 - Creating template blog file: blogs-spiritual-awakening.ts[0m
[0;32m2025-09-19 12:46:24 - Created template blog file: ../templata-spiritual-awakening/src/registry/blogs-spiritual-awakening.ts[0m
[0;34m2025-09-19 12:46:24 - Starting generation for: 1[0m
[1;33m2025-09-19 12:46:25 - Running article generation...[0m
ARTICLE GENERATION COMPLETE - Article #1
[0;32m2025-09-19 12:47:41 - Skipping review - moving to next article[0m
[0;32m2025-09-19 12:47:41 - Completed: 1[0m
[0;34m2025-09-19 12:47:46 - Starting generation for: 2[0m
[1;33m2025-09-19 12:47:46 - Running article generation...[0m
ARTICLE GENERATION COMPLETE - Article #2
[0;32m2025-09-19 12:49:07 - Skipping review - moving to next article[0m
[0;32m2025-09-19 12:49:07 - Completed: 2[0m
[0;34m2025-09-19 12:49:12 - Starting generation for: 3[0m
[1;33m2025-09-19 12:49:12 - Running article generation...[0m
ARTICLE GENERATION COMPLETE - Article #3
[0;32m2025-09-19 12:50:58 - Skipping review - moving to next article[0m
[0;32m2025-09-19 12:50:58 - Completed: 3[0m
[0;34m2025-09-19 12:51:03 - Starting generation for: 4[0m
[1;33m2025-09-19 12:51:03 - Running article generation...[0m
ARTICLE GENERATION COMPLETE - Article #4
[0;32m2025-09-19 12:52:50 - Skipping review - moving to next article[0m
[0;32m2025-09-19 12:52:50 - Completed: 4[0m
[0;34m2025-09-19 12:52:55 - Starting generation for: 5[0m
[1;33m2025-09-19 12:52:56 - Running article generation...[0m
ARTICLE GENERATION COMPLETE - Article #5
[0;32m2025-09-19 12:55:01 - Skipping review - moving to next article[0m
[0;32m2025-09-19 12:55:01 - Completed: 5[0m
[0;34m2025-09-19 12:55:06 - Starting generation for: 6[0m
[1;33m2025-09-19 12:55:06 - Running article generation...[0m
ARTICLE GENERATION COMPLETE - Article #6
[0;32m2025-09-19 12:57:26 - Skipping review - moving to next article[0m
[0;32m2025-09-19 12:57:26 - Completed: 6[0m
[0;34m2025-09-19 12:57:31 - Starting generation for: 7[0m
[1;33m2025-09-19 12:57:31 - Running article generation...[0m
ARTICLE GENERATION COMPLETE - Article #7
[0;32m2025-09-19 12:59:31 - Skipping review - moving to next article[0m
[0;32m2025-09-19 12:59:31 - Completed: 7[0m
[0;34m2025-09-19 12:59:36 - Starting generation for: 8[0m
[1;33m2025-09-19 12:59:36 - Running article generation...[0m
ARTICLE GENERATION COMPLETE - Article #8
[0;32m2025-09-19 13:01:26 - Skipping review - moving to next article[0m
[0;32m2025-09-19 13:01:26 - Completed: 8[0m
[0;34m2025-09-19 13:01:31 - Starting generation for: 9[0m
[1;33m2025-09-19 13:01:31 - Running article generation...[0m
ARTICLE GENERATION COMPLETE - Article #9
[0;32m2025-09-19 13:03:14 - Skipping review - moving to next article[0m
[0;32m2025-09-19 13:03:14 - Completed: 9[0m
[0;34m2025-09-19 13:03:19 - Starting generation for: 10[0m
[1;33m2025-09-19 13:03:19 - Running article generation...[0m
Perfect! I have successfully generated and added Article #10 for the spiritual awakening template. The article titled "When Awakening Changes Everything: Rebuilding Relationships on Your Spiritual Path" is a comprehensive 1,500+ word guide that:

- Follows the master prompt voice and character guidelines with sophisticated, caring tone
- Focuses specifically on spiritual awakening context and relationship challenges
- Is authored by "Templata" and categorized as "Personal Life"
- Includes proper SEO metadata and related content links
- Has been added to the manualBlogPosts array in the registry
- Covers a highly relevant topic for people going through spiritual awakening

The article addresses the common but rarely discussed challenge of how spiritual transformation affects relationships with family and friends, providing practical guidance while maintaining the warm, encouraging tone specified in the master prompt.

ARTICLE GENERATION COMPLETE - Article #10
[0;32m2025-09-19 13:06:41 - Skipping review - moving to next article[0m
[0;32m2025-09-19 13:06:41 - Completed: 10[0m
[0;34m2025-09-19 13:06:46 - Starting generation for: 11[0m
[1;33m2025-09-19 13:06:46 - Running article generation...[0m
ARTICLE GENERATION COMPLETE - Article #11
[0;32m2025-09-19 13:08:44 - Skipping review - moving to next article[0m
[0;32m2025-09-19 13:08:44 - Completed: 11[0m
[0;34m2025-09-19 13:08:49 - Starting generation for: 12[0m
[1;33m2025-09-19 13:08:49 - Running article generation...[0m
ARTICLE GENERATION COMPLETE - Article #12
[0;32m2025-09-19 13:10:17 - Skipping review - moving to next article[0m
[0;32m2025-09-19 13:10:17 - Completed: 12[0m
[0;34m2025-09-19 13:10:22 - Starting generation for: 13[0m
[1;33m2025-09-19 13:10:22 - Running article generation...[0m
ARTICLE GENERATION COMPLETE - Article #13
[0;32m2025-09-19 13:11:38 - Skipping review - moving to next article[0m
[0;32m2025-09-19 13:11:38 - Completed: 13[0m
[0;34m2025-09-19 13:11:43 - Starting generation for: 14[0m
[1;33m2025-09-19 13:11:43 - Running article generation...[0m
ARTICLE GENERATION COMPLETE - Article #14
[0;32m2025-09-19 13:13:41 - Skipping review - moving to next article[0m
[0;32m2025-09-19 13:13:41 - Completed: 14[0m
[0;34m2025-09-19 13:13:46 - Starting generation for: 15[0m
[1;33m2025-09-19 13:13:46 - Running article generation...[0m
ARTICLE GENERATION COMPLETE - Article #15
[0;32m2025-09-19 13:16:37 - Skipping review - moving to next article[0m
[0;32m2025-09-19 13:16:37 - Completed: 15[0m
[0;34m2025-09-19 13:16:42 - Starting generation for: 16[0m
[1;33m2025-09-19 13:16:42 - Running article generation...[0m
ARTICLE GENERATION COMPLETE - Article #16
[0;32m2025-09-19 13:19:39 - Skipping review - moving to next article[0m
[0;32m2025-09-19 13:19:39 - Completed: 16[0m
[0;34m2025-09-19 13:19:44 - Starting generation for: 17[0m
[1;33m2025-09-19 13:19:44 - Running article generation...[0m
ARTICLE GENERATION COMPLETE - Article #17
[0;32m2025-09-19 13:21:37 - Skipping review - moving to next article[0m
[0;32m2025-09-19 13:21:37 - Completed: 17[0m
[0;34m2025-09-19 13:21:42 - Starting generation for: 18[0m
[1;33m2025-09-19 13:21:42 - Running article generation...[0m
ARTICLE GENERATION COMPLETE - Article #18
[0;32m2025-09-19 13:23:32 - Skipping review - moving to next article[0m
[0;32m2025-09-19 13:23:32 - Completed: 18[0m
[0;34m2025-09-19 13:23:37 - Starting generation for: 19[0m
[1;33m2025-09-19 13:23:37 - Running article generation...[0m
ARTICLE GENERATION COMPLETE - Article #19
[0;32m2025-09-19 13:26:11 - Skipping review - moving to next article[0m
[0;32m2025-09-19 13:26:11 - Completed: 19[0m
[0;34m2025-09-19 13:26:16 - Starting generation for: 20[0m
[1;33m2025-09-19 13:26:16 - Running article generation...[0m
ARTICLE GENERATION COMPLETE - Article #20
[0;32m2025-09-19 13:27:24 - Skipping review - moving to next article[0m
[0;32m2025-09-19 13:27:24 - Completed: 20[0m
