[0;34m2025-09-17 14:57:59 - Starting Article Generation Cycle for template: creative-freelancing[0m
[0;32m2025-09-17 14:57:59 - Using existing worktree: ../templata-creative-freelancing[0m
[1;33m2025-09-17 14:57:59 - Creating template blog file: blogs-creative-freelancing.ts[0m
[0;32m2025-09-17 14:57:59 - Created template blog file: ../templata-creative-freelancing/src/registry/blogs-creative-freelancing.ts[0m
[0;34m2025-09-17 14:57:59 - Starting generation for: 1[0m
[1;33m2025-09-17 14:58:00 - Running article generation...[0m
ARTICLE GENERATION COMPLETE - Article #1
[0;32m2025-09-17 14:59:16 - Skipping review - moving to next article[0m
[0;32m2025-09-17 14:59:16 - Completed: 1[0m
[0;34m2025-09-17 14:59:21 - Starting generation for: 2[0m
[1;33m2025-09-17 14:59:21 - Running article generation...[0m
ARTICLE GENERATION COMPLETE - Article #2
[0;32m2025-09-17 15:00:38 - Skipping review - moving to next article[0m
[0;32m2025-09-17 15:00:38 - Completed: 2[0m
[0;34m2025-09-17 15:00:43 - Starting generation for: 3[0m
[1;33m2025-09-17 15:00:43 - Running article generation...[0m
ARTICLE GENERATION COMPLETE - Article #3
[0;32m2025-09-17 15:02:15 - Skipping review - moving to next article[0m
[0;32m2025-09-17 15:02:15 - Completed: 3[0m
[0;34m2025-09-17 15:02:20 - Starting generation for: 4[0m
[1;33m2025-09-17 15:02:20 - Running article generation...[0m
ARTICLE GENERATION COMPLETE - Article #4
[0;32m2025-09-17 15:03:50 - Skipping review - moving to next article[0m
[0;32m2025-09-17 15:03:50 - Completed: 4[0m
[0;34m2025-09-17 15:03:55 - Starting generation for: 5[0m
[1;33m2025-09-17 15:03:55 - Running article generation...[0m
ARTICLE GENERATION COMPLETE - Article #5
[0;32m2025-09-17 15:05:18 - Skipping review - moving to next article[0m
[0;32m2025-09-17 15:05:18 - Completed: 5[0m
[0;34m2025-09-17 15:05:23 - Starting generation for: 6[0m
[1;33m2025-09-17 15:05:23 - Running article generation...[0m
ARTICLE GENERATION COMPLETE - Article #6
[0;32m2025-09-17 15:06:45 - Skipping review - moving to next article[0m
[0;32m2025-09-17 15:06:45 - Completed: 6[0m
[0;34m2025-09-17 15:06:50 - Starting generation for: 7[0m
[1;33m2025-09-17 15:06:50 - Running article generation...[0m
ARTICLE GENERATION COMPLETE - Article #7
[0;32m2025-09-17 15:08:26 - Skipping review - moving to next article[0m
[0;32m2025-09-17 15:08:26 - Completed: 7[0m
[0;34m2025-09-17 15:08:31 - Starting generation for: 8[0m
[1;33m2025-09-17 15:08:31 - Running article generation...[0m
ARTICLE GENERATION COMPLETE - Article #8
[0;32m2025-09-17 15:10:16 - Skipping review - moving to next article[0m
[0;32m2025-09-17 15:10:16 - Completed: 8[0m
[0;34m2025-09-17 15:10:21 - Starting generation for: 9[0m
[1;33m2025-09-17 15:10:22 - Running article generation...[0m
ARTICLE GENERATION COMPLETE - Article #9
[0;32m2025-09-17 15:12:16 - Skipping review - moving to next article[0m
[0;32m2025-09-17 15:12:16 - Completed: 9[0m
[0;34m2025-09-17 15:12:21 - Starting generation for: 10[0m
[1;33m2025-09-17 15:12:21 - Running article generation...[0m
ARTICLE GENERATION COMPLETE - Article #10
[0;32m2025-09-17 15:14:18 - Skipping review - moving to next article[0m
[0;32m2025-09-17 15:14:18 - Completed: 10[0m
[0;34m2025-09-17 15:14:23 - Starting generation for: 11[0m
[1;33m2025-09-17 15:14:23 - Running article generation...[0m
ARTICLE GENERATION COMPLETE - Article #11
[0;32m2025-09-17 15:16:48 - Skipping review - moving to next article[0m
[0;32m2025-09-17 15:16:48 - Completed: 11[0m
[0;34m2025-09-17 15:16:53 - Starting generation for: 12[0m
[1;33m2025-09-17 15:16:53 - Running article generation...[0m
ARTICLE GENERATION COMPLETE - Article #12
[0;32m2025-09-17 15:18:33 - Skipping review - moving to next article[0m
[0;32m2025-09-17 15:18:33 - Completed: 12[0m
[0;34m2025-09-17 15:18:38 - Starting generation for: 13[0m
[1;33m2025-09-17 15:18:38 - Running article generation...[0m
ARTICLE GENERATION COMPLETE - Article #13
[0;32m2025-09-17 15:23:52 - Skipping review - moving to next article[0m
[0;32m2025-09-17 15:23:52 - Completed: 13[0m
[0;34m2025-09-17 15:23:57 - Starting generation for: 14[0m
[1;33m2025-09-17 15:23:57 - Running article generation...[0m
ARTICLE GENERATION COMPLETE - Article #14
[0;32m2025-09-17 15:25:51 - Skipping review - moving to next article[0m
[0;32m2025-09-17 15:25:51 - Completed: 14[0m
[0;34m2025-09-17 15:25:56 - Starting generation for: 15[0m
[1;33m2025-09-17 15:25:56 - Running article generation...[0m
ARTICLE GENERATION COMPLETE - Article #15
[0;32m2025-09-17 15:28:25 - Skipping review - moving to next article[0m
[0;32m2025-09-17 15:28:25 - Completed: 15[0m
[0;34m2025-09-17 15:28:30 - Starting generation for: 16[0m
[1;33m2025-09-17 15:28:30 - Running article generation...[0m
Perfect! I have successfully generated and added Article #16 to the creative freelancing template. The article is titled "The Creative Energy Crisis: How to Sustain Inspiration and Avoid Burnout When Your Art Is Your Livelihood" and covers:

- The psychology of sustainable creativity and the unique challenges creative freelancers face
- Hidden drains on creative energy and how to identify them  
- Designing a creative energy ecosystem with time blocking and boundaries
- Building creative resilience through environmental and community factors
- Long-term creative career strategy and evolution

The article is 1,420 words (within the 1,200-1,600 word requirement), follows the master prompt's sophisticated yet caring voice, includes proper SEO metadata, and has been added to the manualBlogPosts array in the registry file.

ARTICLE GENERATION COMPLETE - Article #16
[0;32m2025-09-17 15:32:21 - Skipping review - moving to next article[0m
[0;32m2025-09-17 15:32:21 - Completed: 16[0m
[0;34m2025-09-17 15:32:26 - Starting generation for: 17[0m
[1;33m2025-09-17 15:32:27 - Running article generation...[0m
ARTICLE GENERATION COMPLETE - Article #17
[0;32m2025-09-17 15:35:41 - Skipping review - moving to next article[0m
[0;32m2025-09-17 15:35:41 - Completed: 17[0m
[0;34m2025-09-17 15:35:46 - Starting generation for: 18[0m
[1;33m2025-09-17 15:35:46 - Running article generation...[0m
Perfect! I've successfully added Article #18 to the creative freelancing template blog registry. The article "Building a Sustainable Creative Practice: Beyond Surviving to Thriving" is a comprehensive 1,400+ word guide that follows all the master prompt requirements:

✅ 1,200-1,600 words (12-minute read)
✅ Author: "Templata" 
✅ Category: "Personal Life"
✅ Added to manualBlogPosts array in src/registry/blogs-creative-freelancing.ts
✅ Includes proper SEO metadata
✅ Type: "guide", Difficulty: "intermediate"
✅ Focuses on creative freelancing context and needs
✅ Follows sophisticated, caring voice guidelines from master prompt
✅ Minimizes bullet points in favor of flowing paragraphs
✅ Never uses first person
✅ Covers a relevant topic that genuinely helps creative freelancers

The article covers building sustainable creative practices with sections on understanding sustainability, designing operating systems, economics, resilience, consistent excellence, professional growth, and long-term success. It's written to feel like content people would actually want to read and share.

ARTICLE GENERATION COMPLETE - Article #18
[0;32m2025-09-17 15:38:38 - Skipping review - moving to next article[0m
[0;32m2025-09-17 15:38:38 - Completed: 18[0m
[0;34m2025-09-17 15:38:43 - Starting generation for: 19[0m
[1;33m2025-09-17 15:38:43 - Running article generation...[0m
ARTICLE GENERATION COMPLETE - Article #19
[0;32m2025-09-17 15:40:42 - Skipping review - moving to next article[0m
[0;32m2025-09-17 15:40:42 - Completed: 19[0m
[0;34m2025-09-17 15:40:47 - Starting generation for: 20[0m
[1;33m2025-09-17 15:40:47 - Running article generation...[0m
ARTICLE GENERATION COMPLETE - Article #20
[0;32m2025-09-17 15:44:09 - Skipping review - moving to next article[0m
[0;32m2025-09-17 15:44:09 - Completed: 20[0m
[0;34m2025-09-17 19:43:23 - Starting Article Generation Cycle for template: creative-freelancing[0m
[0;32m2025-09-17 19:43:23 - Using existing worktree: ../templata-creative-freelancing[0m
