[0;34m2025-09-19 16:42:00 - Starting Article Generation Cycle for template: teenage-parenting[0m
[1;33m2025-09-19 16:42:00 - Creating worktree for template: teenage-parenting[0m
[0;32m2025-09-19 16:42:00 - Created branch: article-teenage-parenting[0m
[0;32m2025-09-19 16:42:01 - Created worktree: ../templata-teenage-parenting[0m
[1;33m2025-09-19 16:42:01 - Creating template blog file: blogs-teenage-parenting.ts[0m
[0;32m2025-09-19 16:42:01 - Created template blog file: ../templata-teenage-parenting/src/registry/blogs-teenage-parenting.ts[0m
[0;34m2025-09-19 16:42:01 - Starting generation for: 1[0m
[1;33m2025-09-19 16:42:01 - Running article generation...[0m
ARTICLE GENERATION COMPLETE - Article #1
[0;32m2025-09-19 16:43:26 - Skipping review - moving to next article[0m
[0;32m2025-09-19 16:43:26 - Completed: 1[0m
[0;34m2025-09-19 16:43:31 - Starting generation for: 2[0m
[1;33m2025-09-19 16:43:32 - Running article generation...[0m
ARTICLE GENERATION COMPLETE - Article #2
[0;32m2025-09-19 16:44:58 - Skipping review - moving to next article[0m
[0;32m2025-09-19 16:44:58 - Completed: 2[0m
[0;34m2025-09-19 16:45:03 - Starting generation for: 3[0m
[1;33m2025-09-19 16:45:03 - Running article generation...[0m
ARTICLE GENERATION COMPLETE - Article #3
[0;32m2025-09-19 16:46:34 - Skipping review - moving to next article[0m
[0;32m2025-09-19 16:46:34 - Completed: 3[0m
[0;34m2025-09-19 16:46:39 - Starting generation for: 4[0m
[1;33m2025-09-19 16:46:39 - Running article generation...[0m
ARTICLE GENERATION COMPLETE - Article #4
[0;32m2025-09-19 16:48:21 - Skipping review - moving to next article[0m
[0;32m2025-09-19 16:48:21 - Completed: 4[0m
[0;34m2025-09-19 16:48:26 - Starting generation for: 5[0m
[1;33m2025-09-19 16:48:26 - Running article generation...[0m
ARTICLE GENERATION COMPLETE - Article #5
[0;32m2025-09-19 16:50:10 - Skipping review - moving to next article[0m
[0;32m2025-09-19 16:50:10 - Completed: 5[0m
[0;34m2025-09-19 16:50:15 - Starting generation for: 6[0m
[1;33m2025-09-19 16:50:15 - Running article generation...[0m
ARTICLE GENERATION COMPLETE - Article #6
[0;32m2025-09-19 16:52:00 - Skipping review - moving to next article[0m
[0;32m2025-09-19 16:52:00 - Completed: 6[0m
[0;34m2025-09-19 16:52:05 - Starting generation for: 7[0m
[1;33m2025-09-19 16:52:05 - Running article generation...[0m
ARTICLE GENERATION COMPLETE - Article #7
[0;32m2025-09-19 16:53:56 - Skipping review - moving to next article[0m
[0;32m2025-09-19 16:53:56 - Completed: 7[0m
[0;34m2025-09-19 16:54:01 - Starting generation for: 8[0m
[1;33m2025-09-19 16:54:01 - Running article generation...[0m
ARTICLE GENERATION COMPLETE - Article #8
[0;32m2025-09-19 16:55:52 - Skipping review - moving to next article[0m
[0;32m2025-09-19 16:55:52 - Completed: 8[0m
[0;34m2025-09-19 16:55:57 - Starting generation for: 9[0m
[1;33m2025-09-19 16:55:57 - Running article generation...[0m
ARTICLE GENERATION COMPLETE - Article #9
[0;32m2025-09-19 16:57:26 - Skipping review - moving to next article[0m
[0;32m2025-09-19 16:57:26 - Completed: 9[0m
[0;34m2025-09-19 16:57:31 - Starting generation for: 10[0m
[1;33m2025-09-19 16:57:31 - Running article generation...[0m
ARTICLE GENERATION COMPLETE - Article #10
[0;32m2025-09-19 17:01:11 - Skipping review - moving to next article[0m
[0;32m2025-09-19 17:01:11 - Completed: 10[0m
[0;34m2025-09-19 17:01:16 - Starting generation for: 11[0m
[1;33m2025-09-19 17:01:16 - Running article generation...[0m
ARTICLE GENERATION COMPLETE - Article #11
[0;32m2025-09-19 17:02:52 - Skipping review - moving to next article[0m
[0;32m2025-09-19 17:02:52 - Completed: 11[0m
[0;34m2025-09-19 17:02:57 - Starting generation for: 12[0m
[1;33m2025-09-19 17:02:57 - Running article generation...[0m
ARTICLE GENERATION COMPLETE - Article #12
[0;32m2025-09-19 17:05:29 - Skipping review - moving to next article[0m
[0;32m2025-09-19 17:05:29 - Completed: 12[0m
[0;34m2025-09-19 17:05:34 - Starting generation for: 13[0m
[1;33m2025-09-19 17:05:34 - Running article generation...[0m
ARTICLE GENERATION COMPLETE - Article #13
[0;32m2025-09-19 17:07:19 - Skipping review - moving to next article[0m
[0;32m2025-09-19 17:07:19 - Completed: 13[0m
[0;34m2025-09-19 17:07:24 - Starting generation for: 14[0m
[1;33m2025-09-19 17:07:24 - Running article generation...[0m
Perfect! I have successfully generated and added Article #14 to the teenage parenting template. The article "Navigating Digital Boundaries with Teenagers: Creating Healthy Technology Relationships in a Connected World" is a comprehensive 1,400+ word guide that:

✅ Follows the master prompt guidelines (sophisticated, caring voice without being preachy)
✅ Falls within the 1,200-1,600 word target (12 min read)
✅ Uses flowing paragraphs instead of bullet points
✅ Author: "Templata" 
✅ Category: "Personal Life"
✅ Includes proper SEO metadata and tags
✅ Type: "guide", Difficulty: "intermediate"
✅ Focuses on teenage parenting context and digital wellness needs
✅ Has been added to the manualBlogPosts array in src/registry/blogs-teenage-parenting.ts

The article covers essential topics for modern parents navigating technology challenges with teenagers, including collaborative boundary setting, social media management, sleep protection, digital citizenship, and preparing teens for digital adulthood.

ARTICLE GENERATION COMPLETE - Article #14
[0;32m2025-09-19 17:12:07 - Skipping review - moving to next article[0m
[0;32m2025-09-19 17:12:07 - Completed: 14[0m
[0;34m2025-09-19 17:12:12 - Starting generation for: 15[0m
[1;33m2025-09-19 17:12:12 - Running article generation...[0m
ARTICLE GENERATION COMPLETE - Article #15
[0;32m2025-09-19 17:14:26 - Skipping review - moving to next article[0m
[0;32m2025-09-19 17:14:26 - Completed: 15[0m
[0;34m2025-09-19 17:14:31 - Starting generation for: 16[0m
[1;33m2025-09-19 17:14:31 - Running article generation...[0m
ARTICLE GENERATION COMPLETE - Article #16
[0;32m2025-09-19 17:17:34 - Skipping review - moving to next article[0m
[0;32m2025-09-19 17:17:34 - Completed: 16[0m
[0;34m2025-09-19 17:17:39 - Starting generation for: 17[0m
[1;33m2025-09-19 17:17:39 - Running article generation...[0m
ARTICLE GENERATION COMPLETE - Article #17
[0;32m2025-09-19 17:21:23 - Skipping review - moving to next article[0m
[0;32m2025-09-19 17:21:23 - Completed: 17[0m
[0;34m2025-09-19 17:21:28 - Starting generation for: 18[0m
[1;33m2025-09-19 17:21:28 - Running article generation...[0m
ARTICLE GENERATION COMPLETE - Article #18
[0;32m2025-09-19 17:26:00 - Skipping review - moving to next article[0m
[0;32m2025-09-19 17:26:00 - Completed: 18[0m
[0;34m2025-09-19 17:26:05 - Starting generation for: 19[0m
[1;33m2025-09-19 17:26:06 - Running article generation...[0m
ARTICLE GENERATION COMPLETE - Article #19
[0;32m2025-09-19 17:27:46 - Skipping review - moving to next article[0m
[0;32m2025-09-19 17:27:46 - Completed: 19[0m
[0;34m2025-09-19 17:27:51 - Starting generation for: 20[0m
[1;33m2025-09-19 17:27:51 - Running article generation...[0m
ARTICLE GENERATION COMPLETE - Article #20
[0;32m2025-09-19 17:29:45 - Skipping review - moving to next article[0m
[0;32m2025-09-19 17:29:45 - Completed: 20[0m
