[0;34m2025-09-17 16:06:37 - Starting Article Generation Cycle for template: mental-health-support[0m
[0;32m2025-09-17 16:06:37 - Using existing worktree: ../templata-mental-health-support[0m
[1;33m2025-09-17 16:06:37 - Creating template blog file: blogs-mental-health-support.ts[0m
[0;32m2025-09-17 16:06:38 - Created template blog file: ../templata-mental-health-support/src/registry/blogs-mental-health-support.ts[0m
[0;34m2025-09-17 16:06:38 - Starting generation for: 1[0m
[1;33m2025-09-17 16:06:38 - Running article generation...[0m
API Error: Connection error.
[0;32m2025-09-17 18:08:38 - Skipping review - moving to next article[0m
[0;32m2025-09-17 18:08:38 - Completed: 1[0m
[0;34m2025-09-17 18:08:43 - Starting generation for: 2[0m
[1;33m2025-09-17 18:08:43 - Running article generation...[0m
[0;34m2025-09-17 18:51:06 - Starting Article Generation Cycle for template: mental-health-support[0m
[0;32m2025-09-17 18:51:06 - Using existing worktree: ../templata-mental-health-support[0m
[0;34m2025-09-17 18:51:06 - Starting generation for: 2[0m
[1;33m2025-09-17 18:51:06 - Running article generation...[0m
ARTICLE GENERATION COMPLETE - Article #2
[0;32m2025-09-17 18:52:09 - Skipping review - moving to next article[0m
[0;32m2025-09-17 18:52:09 - Completed: 2[0m
[0;34m2025-09-17 18:52:14 - Starting generation for: 3[0m
[1;33m2025-09-17 18:52:14 - Running article generation...[0m
ARTICLE GENERATION COMPLETE - Article #3
[0;32m2025-09-17 18:53:36 - Skipping review - moving to next article[0m
[0;32m2025-09-17 18:53:36 - Completed: 3[0m
[0;34m2025-09-17 18:53:41 - Starting generation for: 4[0m
[1;33m2025-09-17 18:53:41 - Running article generation...[0m
ARTICLE GENERATION COMPLETE - Article #4
[0;32m2025-09-17 18:55:13 - Skipping review - moving to next article[0m
[0;32m2025-09-17 18:55:13 - Completed: 4[0m
[0;34m2025-09-17 18:55:18 - Starting generation for: 5[0m
[1;33m2025-09-17 18:55:18 - Running article generation...[0m
ARTICLE GENERATION COMPLETE - Article #5
[0;32m2025-09-17 18:56:31 - Skipping review - moving to next article[0m
[0;32m2025-09-17 18:56:31 - Completed: 5[0m
[0;34m2025-09-17 18:56:36 - Starting generation for: 6[0m
[1;33m2025-09-17 18:56:36 - Running article generation...[0m
ARTICLE GENERATION COMPLETE - Article #6
[0;32m2025-09-17 18:58:00 - Skipping review - moving to next article[0m
[0;32m2025-09-17 18:58:00 - Completed: 6[0m
[0;34m2025-09-17 18:58:05 - Starting generation for: 7[0m
[1;33m2025-09-17 18:58:05 - Running article generation...[0m
ARTICLE GENERATION COMPLETE - Article #7
[0;32m2025-09-17 18:59:29 - Skipping review - moving to next article[0m
[0;32m2025-09-17 18:59:29 - Completed: 7[0m
[0;34m2025-09-17 18:59:34 - Starting generation for: 8[0m
[1;33m2025-09-17 18:59:34 - Running article generation...[0m
ARTICLE GENERATION COMPLETE - Article #8
[0;32m2025-09-17 19:01:10 - Skipping review - moving to next article[0m
[0;32m2025-09-17 19:01:10 - Completed: 8[0m
[0;34m2025-09-17 19:01:15 - Starting generation for: 9[0m
[1;33m2025-09-17 19:01:15 - Running article generation...[0m
ARTICLE GENERATION COMPLETE - Article #9
[0;32m2025-09-17 19:03:02 - Skipping review - moving to next article[0m
[0;32m2025-09-17 19:03:02 - Completed: 9[0m
[0;34m2025-09-17 19:03:07 - Starting generation for: 10[0m
[1;33m2025-09-17 19:03:07 - Running article generation...[0m
ARTICLE GENERATION COMPLETE - Article #10
[0;32m2025-09-17 19:04:52 - Skipping review - moving to next article[0m
[0;32m2025-09-17 19:04:52 - Completed: 10[0m
[0;34m2025-09-17 19:04:57 - Starting generation for: 11[0m
[1;33m2025-09-17 19:04:57 - Running article generation...[0m
Perfect! I have successfully generated and added Article #11 to the mental health support template. The article "Understanding Social Anxiety Beyond the Small Talk: A Guide to Real-World Navigation" is a comprehensive 1,400+ word guide that:

✅ **Follows master prompt guidelines:**
- 1,200-1,600 words (12 min read)
- Sophisticated, caring voice
- Minimizes bullet points, uses flowing paragraphs
- Author: "Templata"
- Category: "Personal Life"
- Never uses first person

✅ **Meets all technical requirements:**
- Added to manualBlogPosts array in src/registry/blogs-mental-health-support.ts
- Proper SEO metadata
- Type: "guide", Difficulty: "intermediate"
- Relevant tags for mental health support context
- Related posts linking to existing articles

✅ **Content quality:**
- Focuses on practical, real-world social anxiety management
- Covers workplace situations, building connections, digital anxiety
- Compassionate, non-judgmental tone
- Actionable strategies readers can actually implement
- Addresses the gap between internal experience and external perception

The article provides genuine value for people seeking mental health support, specifically those dealing with social anxiety in everyday situations.

ARTICLE GENERATION COMPLETE - Article #11
[0;32m2025-09-17 19:09:05 - Skipping review - moving to next article[0m
[0;32m2025-09-17 19:09:05 - Completed: 11[0m
[0;34m2025-09-17 19:09:10 - Starting generation for: 12[0m
[1;33m2025-09-17 19:09:10 - Running article generation...[0m
ARTICLE GENERATION COMPLETE - Article #12
[0;32m2025-09-17 19:10:27 - Skipping review - moving to next article[0m
[0;32m2025-09-17 19:10:27 - Completed: 12[0m
[0;34m2025-09-17 19:10:32 - Starting generation for: 13[0m
[1;33m2025-09-17 19:10:32 - Running article generation...[0m
ARTICLE GENERATION COMPLETE - Article #13
[0;32m2025-09-17 19:13:06 - Skipping review - moving to next article[0m
[0;32m2025-09-17 19:13:06 - Completed: 13[0m
[0;34m2025-09-17 19:13:11 - Starting generation for: 14[0m
[1;33m2025-09-17 19:13:11 - Running article generation...[0m
ARTICLE GENERATION COMPLETE - Article #14
[0;32m2025-09-17 19:14:35 - Skipping review - moving to next article[0m
[0;32m2025-09-17 19:14:35 - Completed: 14[0m
[0;34m2025-09-17 19:14:40 - Starting generation for: 15[0m
[1;33m2025-09-17 19:14:40 - Running article generation...[0m
ARTICLE GENERATION COMPLETE - Article #15
[0;32m2025-09-17 19:16:14 - Skipping review - moving to next article[0m
[0;32m2025-09-17 19:16:14 - Completed: 15[0m
[0;34m2025-09-17 19:16:19 - Starting generation for: 16[0m
[1;33m2025-09-17 19:16:19 - Running article generation...[0m
ARTICLE GENERATION COMPLETE - Article #16
[0;32m2025-09-17 19:18:02 - Skipping review - moving to next article[0m
[0;32m2025-09-17 19:18:02 - Completed: 16[0m
[0;34m2025-09-17 19:18:07 - Starting generation for: 17[0m
[1;33m2025-09-17 19:18:07 - Running article generation...[0m
ARTICLE GENERATION COMPLETE - Article #17
[0;32m2025-09-17 19:19:36 - Skipping review - moving to next article[0m
[0;32m2025-09-17 19:19:36 - Completed: 17[0m
[0;34m2025-09-17 19:19:41 - Starting generation for: 18[0m
[1;33m2025-09-17 19:19:41 - Running article generation...[0m
ARTICLE GENERATION COMPLETE - Article #18
[0;32m2025-09-17 19:22:17 - Skipping review - moving to next article[0m
[0;32m2025-09-17 19:22:17 - Completed: 18[0m
[0;34m2025-09-17 19:22:23 - Starting generation for: 19[0m
[1;33m2025-09-17 19:22:23 - Running article generation...[0m
ARTICLE GENERATION COMPLETE - Article #19
[0;32m2025-09-17 19:23:48 - Skipping review - moving to next article[0m
[0;32m2025-09-17 19:23:48 - Completed: 19[0m
[0;34m2025-09-17 19:23:53 - Starting generation for: 20[0m
[1;33m2025-09-17 19:23:53 - Running article generation...[0m
ARTICLE GENERATION COMPLETE - Article #20
[0;32m2025-09-17 19:25:44 - Skipping review - moving to next article[0m
[0;32m2025-09-17 19:25:44 - Completed: 20[0m
