[0;34m2025-09-18 12:34:11 - Starting Article Generation Cycle for template: early-career-advancement[0m
[1;33m2025-09-18 12:34:11 - Creating worktree for template: early-career-advancement[0m
[0;32m2025-09-18 12:34:11 - Created branch: article-early-career-advancement[0m
[0;32m2025-09-18 12:34:13 - Created worktree: ../templata-early-career-advancement[0m
[1;33m2025-09-18 12:34:13 - Creating template blog file: blogs-early-career-advancement.ts[0m
[0;32m2025-09-18 12:34:13 - Created template blog file: ../templata-early-career-advancement/src/registry/blogs-early-career-advancement.ts[0m
[0;34m2025-09-18 12:34:13 - Starting generation for: 1[0m
[1;33m2025-09-18 12:34:13 - Running article generation...[0m
ARTICLE GENERATION COMPLETE - Article #1
[0;32m2025-09-18 12:35:18 - Skipping review - moving to next article[0m
[0;32m2025-09-18 12:35:18 - Completed: 1[0m
[0;34m2025-09-18 12:35:23 - Starting generation for: 2[0m
[1;33m2025-09-18 12:35:23 - Running article generation...[0m
ARTICLE GENERATION COMPLETE - Article #2
[0;32m2025-09-18 12:36:45 - Skipping review - moving to next article[0m
[0;32m2025-09-18 12:36:45 - Completed: 2[0m
[0;34m2025-09-18 12:36:50 - Starting generation for: 3[0m
[1;33m2025-09-18 12:36:50 - Running article generation...[0m
ARTICLE GENERATION COMPLETE - Article #3
[0;32m2025-09-18 12:38:21 - Skipping review - moving to next article[0m
[0;32m2025-09-18 12:38:21 - Completed: 3[0m
[0;34m2025-09-18 12:38:26 - Starting generation for: 4[0m
[1;33m2025-09-18 12:38:26 - Running article generation...[0m
ARTICLE GENERATION COMPLETE - Article #4
[0;32m2025-09-18 12:39:43 - Skipping review - moving to next article[0m
[0;32m2025-09-18 12:39:43 - Completed: 4[0m
[0;34m2025-09-18 12:39:48 - Starting generation for: 5[0m
[1;33m2025-09-18 12:39:48 - Running article generation...[0m
ARTICLE GENERATION COMPLETE - Article #5
[0;32m2025-09-18 12:41:23 - Skipping review - moving to next article[0m
[0;32m2025-09-18 12:41:23 - Completed: 5[0m
[0;34m2025-09-18 12:41:28 - Starting generation for: 6[0m
[1;33m2025-09-18 12:41:28 - Running article generation...[0m
ARTICLE GENERATION COMPLETE - Article #6
[0;32m2025-09-18 12:42:53 - Skipping review - moving to next article[0m
[0;32m2025-09-18 12:42:53 - Completed: 6[0m
[0;34m2025-09-18 12:42:58 - Starting generation for: 7[0m
[1;33m2025-09-18 12:42:58 - Running article generation...[0m
ARTICLE GENERATION COMPLETE - Article #7
[0;32m2025-09-18 12:44:27 - Skipping review - moving to next article[0m
[0;32m2025-09-18 12:44:27 - Completed: 7[0m
[0;34m2025-09-18 12:44:32 - Starting generation for: 8[0m
[1;33m2025-09-18 12:44:32 - Running article generation...[0m
ARTICLE GENERATION COMPLETE - Article #8
[0;32m2025-09-18 12:46:12 - Skipping review - moving to next article[0m
[0;32m2025-09-18 12:46:12 - Completed: 8[0m
[0;34m2025-09-18 12:46:17 - Starting generation for: 9[0m
[1;33m2025-09-18 12:46:17 - Running article generation...[0m
ARTICLE GENERATION COMPLETE - Article #9
[0;32m2025-09-18 12:47:53 - Skipping review - moving to next article[0m
[0;32m2025-09-18 12:47:53 - Completed: 9[0m
[0;34m2025-09-18 12:47:58 - Starting generation for: 10[0m
[1;33m2025-09-18 12:47:58 - Running article generation...[0m
ARTICLE GENERATION COMPLETE - Article #10
[0;32m2025-09-18 12:49:51 - Skipping review - moving to next article[0m
[0;32m2025-09-18 12:49:51 - Completed: 10[0m
[0;34m2025-09-18 12:49:56 - Starting generation for: 11[0m
[1;33m2025-09-18 12:49:56 - Running article generation...[0m
ARTICLE GENERATION COMPLETE - Article #11
[0;32m2025-09-18 12:52:34 - Skipping review - moving to next article[0m
[0;32m2025-09-18 12:52:34 - Completed: 11[0m
[0;34m2025-09-18 12:52:39 - Starting generation for: 12[0m
[1;33m2025-09-18 12:52:39 - Running article generation...[0m
ARTICLE GENERATION COMPLETE - Article #12
[0;32m2025-09-18 12:55:55 - Skipping review - moving to next article[0m
[0;32m2025-09-18 12:55:55 - Completed: 12[0m
[0;34m2025-09-18 12:56:00 - Starting generation for: 13[0m
[1;33m2025-09-18 12:56:00 - Running article generation...[0m
ARTICLE GENERATION COMPLETE - Article #13
[0;32m2025-09-18 12:58:34 - Skipping review - moving to next article[0m
[0;32m2025-09-18 12:58:34 - Completed: 13[0m
[0;34m2025-09-18 12:58:39 - Starting generation for: 14[0m
[1;33m2025-09-18 12:58:39 - Running article generation...[0m
Perfect! The article has been successfully generated and added. Here's what I created:

**Article #14: "Mastering the Art of Asking for What You Want at Work"**

- **Word Count**: ~1,400 words (within 1,200-1,600 requirement)
- **Read Time**: 12 minutes (within 8-12 minute requirement)
- **Type**: Guide
- **Difficulty**: Intermediate
- **Category**: Personal Life
- **Author**: Templata

The article follows all master prompt guidelines:
- Uses sophisticated, caring voice without being pretentious
- Flows in engaging paragraphs rather than bullet points
- Avoids first person language
- Focuses on early career advancement context
- Includes proper SEO metadata and related posts
- Addresses a critical workplace skill for career advancement

The topic chosen - asking for workplace requests effectively - is highly relevant for early career professionals who often struggle with advocating for themselves, requesting raises, promotions, and opportunities.

ARTICLE GENERATION COMPLETE - Article #14
[0;32m2025-09-18 13:01:40 - Skipping review - moving to next article[0m
[0;32m2025-09-18 13:01:40 - Completed: 14[0m
[0;34m2025-09-18 13:01:45 - Starting generation for: 15[0m
[1;33m2025-09-18 13:01:45 - Running article generation...[0m
ARTICLE GENERATION COMPLETE - Article #15
[0;32m2025-09-18 13:03:57 - Skipping review - moving to next article[0m
[0;32m2025-09-18 13:03:57 - Completed: 15[0m
[0;34m2025-09-18 13:04:02 - Starting generation for: 16[0m
[1;33m2025-09-18 13:04:02 - Running article generation...[0m
ARTICLE GENERATION COMPLETE - Article #16
[0;32m2025-09-18 13:05:21 - Skipping review - moving to next article[0m
[0;32m2025-09-18 13:05:21 - Completed: 16[0m
[0;34m2025-09-18 13:05:26 - Starting generation for: 17[0m
[1;33m2025-09-18 13:05:26 - Running article generation...[0m
ARTICLE GENERATION COMPLETE - Article #17
[0;32m2025-09-18 13:08:23 - Skipping review - moving to next article[0m
[0;32m2025-09-18 13:08:23 - Completed: 17[0m
[0;34m2025-09-18 13:08:28 - Starting generation for: 18[0m
[1;33m2025-09-18 13:08:28 - Running article generation...[0m
ARTICLE GENERATION COMPLETE - Article #18
[0;32m2025-09-18 13:11:48 - Skipping review - moving to next article[0m
[0;32m2025-09-18 13:11:48 - Completed: 18[0m
[0;34m2025-09-18 13:11:53 - Starting generation for: 19[0m
[1;33m2025-09-18 13:11:53 - Running article generation...[0m
ARTICLE GENERATION COMPLETE - Article #19
[0;32m2025-09-18 13:13:20 - Skipping review - moving to next article[0m
[0;32m2025-09-18 13:13:20 - Completed: 19[0m
[0;34m2025-09-18 13:13:25 - Starting generation for: 20[0m
[1;33m2025-09-18 13:13:25 - Running article generation...[0m
ARTICLE GENERATION COMPLETE - Article #20
[0;32m2025-09-18 13:14:45 - Skipping review - moving to next article[0m
[0;32m2025-09-18 13:14:45 - Completed: 20[0m
[0;34m2025-09-19 13:31:24 - Starting Article Generation Cycle for template: early-career-advancement[0m
[0;32m2025-09-19 13:31:24 - Using existing worktree: ../templata-early-career-advancement[0m
