[0;34m2025-09-19 12:46:23 - Starting Article Generation Cycle for template: roommate-navigation[0m
[1;33m2025-09-19 12:46:23 - Creating worktree for template: roommate-navigation[0m
[0;32m2025-09-19 12:46:23 - Created branch: article-roommate-navigation[0m
[0;32m2025-09-19 12:46:24 - Created worktree: ../templata-roommate-navigation[0m
[1;33m2025-09-19 12:46:24 - Creating template blog file: blogs-roommate-navigation.ts[0m
[0;32m2025-09-19 12:46:25 - Created template blog file: ../templata-roommate-navigation/src/registry/blogs-roommate-navigation.ts[0m
[0;34m2025-09-19 12:46:25 - Starting generation for: 1[0m
[1;33m2025-09-19 12:46:25 - Running article generation...[0m
ARTICLE GENERATION COMPLETE - Article #1
[0;32m2025-09-19 12:47:35 - Skipping review - moving to next article[0m
[0;32m2025-09-19 12:47:35 - Completed: 1[0m
[0;34m2025-09-19 12:47:40 - Starting generation for: 2[0m
[1;33m2025-09-19 12:47:40 - Running article generation...[0m
ARTICLE GENERATION COMPLETE - Article #2
[0;32m2025-09-19 12:49:00 - Skipping review - moving to next article[0m
[0;32m2025-09-19 12:49:00 - Completed: 2[0m
[0;34m2025-09-19 12:49:05 - Starting generation for: 3[0m
[1;33m2025-09-19 12:49:05 - Running article generation...[0m
ARTICLE GENERATION COMPLETE - Article #3
[0;32m2025-09-19 12:50:29 - Skipping review - moving to next article[0m
[0;32m2025-09-19 12:50:29 - Completed: 3[0m
[0;34m2025-09-19 12:50:34 - Starting generation for: 4[0m
[1;33m2025-09-19 12:50:34 - Running article generation...[0m
ARTICLE GENERATION COMPLETE - Article #4
[0;32m2025-09-19 12:51:59 - Skipping review - moving to next article[0m
[0;32m2025-09-19 12:51:59 - Completed: 4[0m
[0;34m2025-09-19 12:52:04 - Starting generation for: 5[0m
[1;33m2025-09-19 12:52:04 - Running article generation...[0m
ARTICLE GENERATION COMPLETE - Article #5
[0;32m2025-09-19 12:53:25 - Skipping review - moving to next article[0m
[0;32m2025-09-19 12:53:25 - Completed: 5[0m
[0;34m2025-09-19 12:53:30 - Starting generation for: 6[0m
[1;33m2025-09-19 12:53:30 - Running article generation...[0m
ARTICLE GENERATION COMPLETE - Article #6
[0;32m2025-09-19 12:54:58 - Skipping review - moving to next article[0m
[0;32m2025-09-19 12:54:58 - Completed: 6[0m
[0;34m2025-09-19 12:55:03 - Starting generation for: 7[0m
[1;33m2025-09-19 12:55:03 - Running article generation...[0m
ARTICLE GENERATION COMPLETE - Article #7
[0;32m2025-09-19 12:56:42 - Skipping review - moving to next article[0m
[0;32m2025-09-19 12:56:42 - Completed: 7[0m
[0;34m2025-09-19 12:56:47 - Starting generation for: 8[0m
[1;33m2025-09-19 12:56:47 - Running article generation...[0m
ARTICLE GENERATION COMPLETE - Article #8
[0;32m2025-09-19 12:58:34 - Skipping review - moving to next article[0m
[0;32m2025-09-19 12:58:34 - Completed: 8[0m
[0;34m2025-09-19 12:58:39 - Starting generation for: 9[0m
[1;33m2025-09-19 12:58:39 - Running article generation...[0m
ARTICLE GENERATION COMPLETE - Article #9
[0;32m2025-09-19 13:00:35 - Skipping review - moving to next article[0m
[0;32m2025-09-19 13:00:35 - Completed: 9[0m
[0;34m2025-09-19 13:00:40 - Starting generation for: 10[0m
[1;33m2025-09-19 13:00:41 - Running article generation...[0m
ARTICLE GENERATION COMPLETE - Article #10
[0;32m2025-09-19 13:02:27 - Skipping review - moving to next article[0m
[0;32m2025-09-19 13:02:27 - Completed: 10[0m
[0;34m2025-09-19 13:02:32 - Starting generation for: 11[0m
[1;33m2025-09-19 13:02:32 - Running article generation...[0m
ARTICLE GENERATION COMPLETE - Article #11
[0;32m2025-09-19 13:04:25 - Skipping review - moving to next article[0m
[0;32m2025-09-19 13:04:25 - Completed: 11[0m
[0;34m2025-09-19 13:04:30 - Starting generation for: 12[0m
[1;33m2025-09-19 13:04:30 - Running article generation...[0m
ARTICLE GENERATION COMPLETE - Article #12
[0;32m2025-09-19 13:06:05 - Skipping review - moving to next article[0m
[0;32m2025-09-19 13:06:05 - Completed: 12[0m
[0;34m2025-09-19 13:06:10 - Starting generation for: 13[0m
[1;33m2025-09-19 13:06:10 - Running article generation...[0m
ARTICLE GENERATION COMPLETE - Article #13
[0;32m2025-09-19 13:09:34 - Skipping review - moving to next article[0m
[0;32m2025-09-19 13:09:35 - Completed: 13[0m
[0;34m2025-09-19 13:09:40 - Starting generation for: 14[0m
[1;33m2025-09-19 13:09:40 - Running article generation...[0m
ARTICLE GENERATION COMPLETE - Article #14
[0;32m2025-09-19 13:12:44 - Skipping review - moving to next article[0m
[0;32m2025-09-19 13:12:44 - Completed: 14[0m
[0;34m2025-09-19 13:12:50 - Starting generation for: 15[0m
[1;33m2025-09-19 13:12:50 - Running article generation...[0m
ARTICLE GENERATION COMPLETE - Article #15
[0;32m2025-09-19 13:14:25 - Skipping review - moving to next article[0m
[0;32m2025-09-19 13:14:25 - Completed: 15[0m
[0;34m2025-09-19 13:14:30 - Starting generation for: 16[0m
[1;33m2025-09-19 13:14:30 - Running article generation...[0m
ARTICLE GENERATION COMPLETE - Article #16
[0;32m2025-09-19 13:17:03 - Skipping review - moving to next article[0m
[0;32m2025-09-19 13:17:03 - Completed: 16[0m
[0;34m2025-09-19 13:17:08 - Starting generation for: 17[0m
[1;33m2025-09-19 13:17:08 - Running article generation...[0m
ARTICLE GENERATION COMPLETE - Article #17
[0;32m2025-09-19 13:18:39 - Skipping review - moving to next article[0m
[0;32m2025-09-19 13:18:39 - Completed: 17[0m
[0;34m2025-09-19 13:18:44 - Starting generation for: 18[0m
[1;33m2025-09-19 13:18:44 - Running article generation...[0m
ARTICLE GENERATION COMPLETE - Article #18
[0;32m2025-09-19 13:21:17 - Skipping review - moving to next article[0m
[0;32m2025-09-19 13:21:17 - Completed: 18[0m
[0;34m2025-09-19 13:21:23 - Starting generation for: 19[0m
[1;33m2025-09-19 13:21:23 - Running article generation...[0m
ARTICLE GENERATION COMPLETE - Article #19
[0;32m2025-09-19 13:22:31 - Skipping review - moving to next article[0m
[0;32m2025-09-19 13:22:31 - Completed: 19[0m
[0;34m2025-09-19 13:22:36 - Starting generation for: 20[0m
[1;33m2025-09-19 13:22:36 - Running article generation...[0m
ARTICLE GENERATION COMPLETE - Article #20
[0;32m2025-09-19 13:23:56 - Skipping review - moving to next article[0m
[0;32m2025-09-19 13:23:56 - Completed: 20[0m
