[0;34m2025-09-18 19:29:24 - Starting Article Generation Cycle for template: midlife-crisis[0m
[1;33m2025-09-18 19:29:24 - Creating worktree for template: midlife-crisis[0m
[0;32m2025-09-18 19:29:24 - Created branch: article-midlife-crisis[0m
[0;32m2025-09-18 19:29:27 - Created worktree: ../templata-midlife-crisis[0m
[1;33m2025-09-18 19:29:27 - Creating template blog file: blogs-midlife-crisis.ts[0m
[0;32m2025-09-18 19:29:27 - Created template blog file: ../templata-midlife-crisis/src/registry/blogs-midlife-crisis.ts[0m
[0;34m2025-09-18 19:29:27 - Starting generation for: 1[0m
[1;33m2025-09-18 19:29:27 - Running article generation...[0m
ARTICLE GENERATION COMPLETE - Article #1
[0;32m2025-09-18 19:30:41 - Skipping review - moving to next article[0m
[0;32m2025-09-18 19:30:41 - Completed: 1[0m
[0;34m2025-09-18 19:30:46 - Starting generation for: 2[0m
[1;33m2025-09-18 19:30:46 - Running article generation...[0m
ARTICLE GENERATION COMPLETE - Article #2
[0;34m2025-09-19 15:37:52 - Starting Article Generation Cycle for template: midlife-crisis[0m
[0;32m2025-09-19 15:37:52 - Using existing worktree: ../templata-midlife-crisis[0m
[0;34m2025-09-19 15:37:52 - Starting generation for: 2[0m
[1;33m2025-09-19 15:37:52 - Running article generation...[0m
ARTICLE GENERATION COMPLETE - Article #2
[0;32m2025-09-19 15:39:36 - Skipping review - moving to next article[0m
[0;32m2025-09-19 15:39:36 - Completed: 2[0m
[0;34m2025-09-19 15:39:41 - Starting generation for: 3[0m
[1;33m2025-09-19 15:39:41 - Running article generation...[0m
ARTICLE GENERATION COMPLETE - Article #3
[0;32m2025-09-19 15:41:15 - Skipping review - moving to next article[0m
[0;32m2025-09-19 15:41:15 - Completed: 3[0m
[0;34m2025-09-19 15:41:20 - Starting generation for: 4[0m
[1;33m2025-09-19 15:41:20 - Running article generation...[0m
ARTICLE GENERATION COMPLETE - Article #4
[0;32m2025-09-19 15:43:00 - Skipping review - moving to next article[0m
[0;32m2025-09-19 15:43:00 - Completed: 4[0m
[0;34m2025-09-19 15:43:05 - Starting generation for: 5[0m
[1;33m2025-09-19 15:43:05 - Running article generation...[0m
ARTICLE GENERATION COMPLETE - Article #5
[0;32m2025-09-19 15:45:01 - Skipping review - moving to next article[0m
[0;32m2025-09-19 15:45:01 - Completed: 5[0m
[0;34m2025-09-19 15:45:06 - Starting generation for: 6[0m
[1;33m2025-09-19 15:45:06 - Running article generation...[0m
ARTICLE GENERATION COMPLETE - Article #6
[0;32m2025-09-19 15:46:56 - Skipping review - moving to next article[0m
[0;32m2025-09-19 15:46:56 - Completed: 6[0m
[0;34m2025-09-19 15:47:01 - Starting generation for: 7[0m
[1;33m2025-09-19 15:47:01 - Running article generation...[0m
ARTICLE GENERATION COMPLETE - Article #7
[0;32m2025-09-19 15:48:59 - Skipping review - moving to next article[0m
[0;32m2025-09-19 15:49:00 - Completed: 7[0m
[0;34m2025-09-19 15:49:05 - Starting generation for: 8[0m
[1;33m2025-09-19 15:49:05 - Running article generation...[0m
ARTICLE GENERATION COMPLETE - Article #8
[0;32m2025-09-19 15:50:54 - Skipping review - moving to next article[0m
[0;32m2025-09-19 15:50:54 - Completed: 8[0m
[0;34m2025-09-19 15:50:59 - Starting generation for: 9[0m
[1;33m2025-09-19 15:50:59 - Running article generation...[0m
ARTICLE GENERATION COMPLETE - Article #9
[0;32m2025-09-19 15:53:00 - Skipping review - moving to next article[0m
[0;32m2025-09-19 15:53:00 - Completed: 9[0m
[0;34m2025-09-19 15:53:05 - Starting generation for: 10[0m
[1;33m2025-09-19 15:53:05 - Running article generation...[0m
ARTICLE GENERATION COMPLETE - Article #10
[0;32m2025-09-19 15:55:20 - Skipping review - moving to next article[0m
[0;32m2025-09-19 15:55:20 - Completed: 10[0m
[0;34m2025-09-19 15:55:25 - Starting generation for: 11[0m
[1;33m2025-09-19 15:55:25 - Running article generation...[0m
ARTICLE GENERATION COMPLETE - Article #11
[0;32m2025-09-19 15:57:39 - Skipping review - moving to next article[0m
[0;32m2025-09-19 15:57:39 - Completed: 11[0m
[0;34m2025-09-19 15:57:44 - Starting generation for: 12[0m
[1;33m2025-09-19 15:57:44 - Running article generation...[0m
ARTICLE GENERATION COMPLETE - Article #12
[0;32m2025-09-19 16:01:08 - Skipping review - moving to next article[0m
[0;32m2025-09-19 16:01:08 - Completed: 12[0m
[0;34m2025-09-19 16:01:13 - Starting generation for: 13[0m
[1;33m2025-09-19 16:01:13 - Running article generation...[0m
ARTICLE GENERATION COMPLETE - Article #13
[0;32m2025-09-19 16:03:01 - Skipping review - moving to next article[0m
[0;32m2025-09-19 16:03:01 - Completed: 13[0m
[0;34m2025-09-19 16:03:06 - Starting generation for: 14[0m
[1;33m2025-09-19 16:03:06 - Running article generation...[0m
ARTICLE GENERATION COMPLETE - Article #14
[0;32m2025-09-19 16:06:32 - Skipping review - moving to next article[0m
[0;32m2025-09-19 16:06:32 - Completed: 14[0m
[0;34m2025-09-19 16:06:37 - Starting generation for: 15[0m
[1;33m2025-09-19 16:06:37 - Running article generation...[0m
ARTICLE GENERATION COMPLETE - Article #15
[0;32m2025-09-19 16:09:57 - Skipping review - moving to next article[0m
[0;32m2025-09-19 16:09:57 - Completed: 15[0m
[0;34m2025-09-19 16:10:02 - Starting generation for: 16[0m
[1;33m2025-09-19 16:10:02 - Running article generation...[0m
ARTICLE GENERATION COMPLETE - Article #16
[0;32m2025-09-19 16:11:38 - Skipping review - moving to next article[0m
[0;32m2025-09-19 16:11:38 - Completed: 16[0m
[0;34m2025-09-19 16:11:43 - Starting generation for: 17[0m
[1;33m2025-09-19 16:11:43 - Running article generation...[0m
ARTICLE GENERATION COMPLETE - Article #17
[0;32m2025-09-19 16:13:38 - Skipping review - moving to next article[0m
[0;32m2025-09-19 16:13:38 - Completed: 17[0m
[0;34m2025-09-19 16:13:43 - Starting generation for: 18[0m
[1;33m2025-09-19 16:13:43 - Running article generation...[0m
ARTICLE GENERATION COMPLETE - Article #18
[0;32m2025-09-19 16:16:14 - Skipping review - moving to next article[0m
[0;32m2025-09-19 16:16:14 - Completed: 18[0m
[0;34m2025-09-19 16:16:19 - Starting generation for: 19[0m
[1;33m2025-09-19 16:16:19 - Running article generation...[0m
Perfect! I have successfully generated and added Article #19 to the midlife crisis template. The article is titled "The Midlife Professional Pivot: Reinventing Your Career Without Starting Over" and follows all the requirements:

✅ **Word count**: 1,400+ words (11 min read)
✅ **Master prompt guidelines**: Sophisticated, caring voice with flowing paragraphs
✅ **Author**: "Templata"
✅ **Category**: "Personal Life"
✅ **Added to manualBlogPosts array** in src/registry/blogs-midlife-crisis.ts
✅ **SEO metadata**: Complete with metaTitle, metaDescription, and ogImage
✅ **Type**: "guide" and **Difficulty**: "intermediate"
✅ **Midlife crisis context**: Focuses specifically on career transitions during midlife
✅ **Relevant topic**: Professional reinvention - a common midlife concern
✅ **Readability**: Follows master prompt guidelines for engaging, human content

The article addresses the real challenges and opportunities of midlife career change, providing practical strategies while maintaining the warm, encouraging tone specified in the master prompt.

ARTICLE GENERATION COMPLETE - Article #19
[0;32m2025-09-19 16:19:02 - Skipping review - moving to next article[0m
[0;32m2025-09-19 16:19:02 - Completed: 19[0m
[0;34m2025-09-19 16:19:07 - Starting generation for: 20[0m
[1;33m2025-09-19 16:19:07 - Running article generation...[0m
ARTICLE GENERATION COMPLETE - Article #20
[0;32m2025-09-19 16:22:01 - Skipping review - moving to next article[0m
[0;32m2025-09-19 16:22:01 - Completed: 20[0m
