[0;34m2025-09-17 21:38:17 - Starting Article Generation Cycle for template: app-development[0m
[0;32m2025-09-17 21:38:17 - Using existing worktree: ../templata-app-development[0m
[1;33m2025-09-17 21:38:17 - Creating template blog file: blogs-app-development.ts[0m
[0;32m2025-09-17 21:38:17 - Created template blog file: ../templata-app-development/src/registry/blogs-app-development.ts[0m
[0;34m2025-09-17 21:38:17 - Starting generation for: 1[0m
[1;33m2025-09-17 21:38:17 - Running article generation...[0m
ARTICLE GENERATION COMPLETE - Article #1
[0;32m2025-09-17 21:39:31 - Skipping review - moving to next article[0m
[0;32m2025-09-17 21:39:31 - Completed: 1[0m
[0;34m2025-09-17 21:39:36 - Starting generation for: 2[0m
[1;33m2025-09-17 21:39:36 - Running article generation...[0m
ARTICLE GENERATION COMPLETE - Article #2
[0;32m2025-09-17 21:41:58 - Skipping review - moving to next article[0m
[0;32m2025-09-17 21:41:58 - Completed: 2[0m
[0;34m2025-09-17 21:42:03 - Starting generation for: 3[0m
[1;33m2025-09-17 21:42:03 - Running article generation...[0m
ARTICLE GENERATION COMPLETE - Article #3
[0;32m2025-09-17 21:43:45 - Skipping review - moving to next article[0m
[0;32m2025-09-17 21:43:45 - Completed: 3[0m
[0;34m2025-09-17 21:43:50 - Starting generation for: 4[0m
[1;33m2025-09-17 21:43:50 - Running article generation...[0m
ARTICLE GENERATION COMPLETE - Article #4
[0;32m2025-09-17 21:45:33 - Skipping review - moving to next article[0m
[0;32m2025-09-17 21:45:33 - Completed: 4[0m
[0;34m2025-09-17 21:45:38 - Starting generation for: 5[0m
[1;33m2025-09-17 21:45:38 - Running article generation...[0m
ARTICLE GENERATION COMPLETE - Article #5
[0;32m2025-09-17 21:47:15 - Skipping review - moving to next article[0m
[0;32m2025-09-17 21:47:15 - Completed: 5[0m
[0;34m2025-09-17 21:47:20 - Starting generation for: 6[0m
[1;33m2025-09-17 21:47:20 - Running article generation...[0m
ARTICLE GENERATION COMPLETE - Article #6
[0;32m2025-09-17 21:49:02 - Skipping review - moving to next article[0m
[0;32m2025-09-17 21:49:02 - Completed: 6[0m
[0;34m2025-09-17 21:49:07 - Starting generation for: 7[0m
[1;33m2025-09-17 21:49:07 - Running article generation...[0m
ARTICLE GENERATION COMPLETE - Article #7
[0;32m2025-09-17 21:50:55 - Skipping review - moving to next article[0m
[0;32m2025-09-17 21:50:55 - Completed: 7[0m
[0;34m2025-09-17 21:51:00 - Starting generation for: 8[0m
[1;33m2025-09-17 21:51:00 - Running article generation...[0m
ARTICLE GENERATION COMPLETE - Article #8
[0;32m2025-09-17 21:52:54 - Skipping review - moving to next article[0m
[0;32m2025-09-17 21:52:54 - Completed: 8[0m
[0;34m2025-09-17 21:52:59 - Starting generation for: 9[0m
[1;33m2025-09-17 21:52:59 - Running article generation...[0m
ARTICLE GENERATION COMPLETE - Article #9
[0;32m2025-09-17 21:55:50 - Skipping review - moving to next article[0m
[0;32m2025-09-17 21:55:50 - Completed: 9[0m
[0;34m2025-09-17 21:55:55 - Starting generation for: 10[0m
[1;33m2025-09-17 21:55:55 - Running article generation...[0m
ARTICLE GENERATION COMPLETE - Article #10
[0;32m2025-09-17 21:57:27 - Skipping review - moving to next article[0m
[0;32m2025-09-17 21:57:27 - Completed: 10[0m
[0;34m2025-09-17 21:57:32 - Starting generation for: 11[0m
[1;33m2025-09-17 21:57:32 - Running article generation...[0m
ARTICLE GENERATION COMPLETE - Article #11
[0;32m2025-09-17 21:59:23 - Skipping review - moving to next article[0m
[0;32m2025-09-17 21:59:23 - Completed: 11[0m
[0;34m2025-09-17 21:59:28 - Starting generation for: 12[0m
[1;33m2025-09-17 21:59:28 - Running article generation...[0m
ARTICLE GENERATION COMPLETE - Article #12
[0;32m2025-09-17 22:02:31 - Skipping review - moving to next article[0m
[0;32m2025-09-17 22:02:31 - Completed: 12[0m
[0;34m2025-09-17 22:02:36 - Starting generation for: 13[0m
[1;33m2025-09-17 22:02:36 - Running article generation...[0m
ARTICLE GENERATION COMPLETE - Article #13
[0;32m2025-09-17 22:06:07 - Skipping review - moving to next article[0m
[0;32m2025-09-17 22:06:07 - Completed: 13[0m
[0;34m2025-09-17 22:06:12 - Starting generation for: 14[0m
[1;33m2025-09-17 22:06:12 - Running article generation...[0m
ARTICLE GENERATION COMPLETE - Article #14
[0;32m2025-09-17 22:10:58 - Skipping review - moving to next article[0m
[0;32m2025-09-17 22:10:58 - Completed: 14[0m
[0;34m2025-09-17 22:11:03 - Starting generation for: 15[0m
[1;33m2025-09-17 22:11:03 - Running article generation...[0m
ARTICLE GENERATION COMPLETE - Article #15
[0;32m2025-09-17 22:14:45 - Skipping review - moving to next article[0m
[0;32m2025-09-17 22:14:45 - Completed: 15[0m
[0;34m2025-09-17 22:14:50 - Starting generation for: 16[0m
[1;33m2025-09-17 22:14:50 - Running article generation...[0m
ARTICLE GENERATION COMPLETE - Article #16
[0;32m2025-09-17 22:16:16 - Skipping review - moving to next article[0m
[0;32m2025-09-17 22:16:16 - Completed: 16[0m
[0;34m2025-09-17 22:16:21 - Starting generation for: 17[0m
[1;33m2025-09-17 22:16:21 - Running article generation...[0m
ARTICLE GENERATION COMPLETE - Article #17
[0;32m2025-09-17 22:19:16 - Skipping review - moving to next article[0m
[0;32m2025-09-17 22:19:16 - Completed: 17[0m
[0;34m2025-09-17 22:19:21 - Starting generation for: 18[0m
[1;33m2025-09-17 22:19:21 - Running article generation...[0m
Excellent! The article has been successfully added to the blog registry. The article I created:

- **Title**: "The Art of App Analytics: Turning User Data Into Development Gold" 
- **Word count**: ~1,400 words (within the 1,200-1,600 word requirement)
- **Reading time**: 11 minutes 
- **Category**: "Personal Life"
- **Author**: "Templata"
- **Type**: "guide"
- **Difficulty**: "intermediate"
- **Topic**: App analytics - a crucial but often overlooked aspect of app development

The article follows all the master prompt guidelines:
- Sophisticated, caring voice without being pretentious
- Flowing paragraphs instead of bullet points
- Focuses on helping developers make better decisions through analytics
- No first person language
- Comprehensive but not overwhelming
- Provides actionable insights for app developers

ARTICLE GENERATION COMPLETE - Article #18
[0;32m2025-09-17 22:24:08 - Skipping review - moving to next article[0m
[0;32m2025-09-17 22:24:08 - Completed: 18[0m
[0;34m2025-09-17 22:24:13 - Starting generation for: 19[0m
[1;33m2025-09-17 22:24:13 - Running article generation...[0m
ARTICLE GENERATION COMPLETE - Article #19
[0;32m2025-09-17 22:27:34 - Skipping review - moving to next article[0m
[0;32m2025-09-17 22:27:34 - Completed: 19[0m
[0;34m2025-09-17 22:27:39 - Starting generation for: 20[0m
[1;33m2025-09-17 22:27:39 - Running article generation...[0m
Perfect! I have successfully generated and added Article #20 to the app development template. The article is about "API Design That Doesn't Break: Building Robust Integrations Your Future Self Will Thank You For" and follows all the requirements:

✅ **1,200-1,600 words** (approximately 1,400 words)
✅ **Author: "Templata"**
✅ **Category: "Personal Life"**
✅ **Added to manualBlogPosts array**
✅ **Proper SEO metadata included**
✅ **Type: "guide", Difficulty: "intermediate"**
✅ **App development focused content**
✅ **Sophisticated, caring voice following master prompt guidelines**
✅ **Flows in engaging paragraphs, minimal bullet points**
✅ **11 min read time (within 8-12 minute requirement)**

The article covers a highly relevant topic for app developers - API design and integration strategies - with practical guidance on consistency, error handling, performance, security, testing, and building trust through transparency.

ARTICLE GENERATION COMPLETE - Article #20
[0;32m2025-09-17 22:30:37 - Skipping review - moving to next article[0m
[0;32m2025-09-17 22:30:37 - Completed: 20[0m
