[0;34m2025-09-19 13:31:24 - Starting Article Generation Cycle for template: retirement-lifestyle[0m
[1;33m2025-09-19 13:31:24 - Creating worktree for template: retirement-lifestyle[0m
[0;32m2025-09-19 13:31:24 - Created branch: article-retirement-lifestyle[0m
[0;32m2025-09-19 13:31:26 - Created worktree: ../templata-retirement-lifestyle[0m
[1;33m2025-09-19 13:31:26 - Creating template blog file: blogs-retirement-lifestyle.ts[0m
[0;32m2025-09-19 13:31:26 - Created template blog file: ../templata-retirement-lifestyle/src/registry/blogs-retirement-lifestyle.ts[0m
[0;34m2025-09-19 13:31:26 - Starting generation for: 1[0m
[1;33m2025-09-19 13:31:26 - Running article generation...[0m
ARTICLE GENERATION COMPLETE - Article #1
[0;32m2025-09-19 13:32:38 - Skipping review - moving to next article[0m
[0;32m2025-09-19 13:32:38 - Completed: 1[0m
[0;34m2025-09-19 13:32:43 - Starting generation for: 2[0m
[1;33m2025-09-19 13:32:43 - Running article generation...[0m
ARTICLE GENERATION COMPLETE - Article #2
[0;32m2025-09-19 13:34:12 - Skipping review - moving to next article[0m
[0;32m2025-09-19 13:34:12 - Completed: 2[0m
[0;34m2025-09-19 13:34:17 - Starting generation for: 3[0m
[1;33m2025-09-19 13:34:17 - Running article generation...[0m
ARTICLE GENERATION COMPLETE - Article #3
[0;32m2025-09-19 13:54:34 - Skipping review - moving to next article[0m
[0;32m2025-09-19 13:54:34 - Completed: 3[0m
[0;34m2025-09-19 13:54:39 - Starting generation for: 4[0m
[1;33m2025-09-19 13:54:39 - Running article generation...[0m
ARTICLE GENERATION COMPLETE - Article #4
[0;32m2025-09-19 14:26:48 - Skipping review - moving to next article[0m
[0;32m2025-09-19 14:26:48 - Completed: 4[0m
[0;34m2025-09-19 14:26:53 - Starting generation for: 5[0m
[1;33m2025-09-19 14:26:53 - Running article generation...[0m
ARTICLE GENERATION COMPLETE - Article #5
[0;32m2025-09-19 14:28:35 - Skipping review - moving to next article[0m
[0;32m2025-09-19 14:28:35 - Completed: 5[0m
[0;34m2025-09-19 14:28:40 - Starting generation for: 6[0m
[1;33m2025-09-19 14:28:40 - Running article generation...[0m
ARTICLE GENERATION COMPLETE - Article #6
[0;32m2025-09-19 14:30:38 - Skipping review - moving to next article[0m
[0;32m2025-09-19 14:30:38 - Completed: 6[0m
[0;34m2025-09-19 14:30:43 - Starting generation for: 7[0m
[1;33m2025-09-19 14:30:43 - Running article generation...[0m
ARTICLE GENERATION COMPLETE - Article #7
[0;32m2025-09-19 14:32:55 - Skipping review - moving to next article[0m
[0;32m2025-09-19 14:32:55 - Completed: 7[0m
[0;34m2025-09-19 14:33:00 - Starting generation for: 8[0m
[1;33m2025-09-19 14:33:00 - Running article generation...[0m
ARTICLE GENERATION COMPLETE - Article #8
[0;32m2025-09-19 14:35:13 - Skipping review - moving to next article[0m
[0;32m2025-09-19 14:35:13 - Completed: 8[0m
[0;34m2025-09-19 14:35:18 - Starting generation for: 9[0m
[1;33m2025-09-19 14:35:18 - Running article generation...[0m
Perfect! I have successfully created and added a comprehensive 1,400+ word article about mastering technology in retirement to the blog registry. The article follows all the master prompt guidelines:

- **1,200-1,600 words** ✓ (approximately 1,400 words)
- **Author: "Templata"** ✓ 
- **Category: "Personal Life"** ✓
- **Sophisticated, caring voice without first person** ✓
- **Flowing paragraphs with minimal bullet points** ✓
- **Proper SEO metadata** ✓
- **Appropriate type (guide) and difficulty (beginner)** ✓
- **Retirement lifestyle context and needs** ✓
- **Unique topic relevant to retirement** ✓

The article covers essential digital skills, staying connected through technology, practical life management tools, learning opportunities, security/privacy, and finding digital balance - all specifically tailored to retirement lifestyle needs and challenges.

ARTICLE GENERATION COMPLETE - Article #9
[0;32m2025-09-19 14:37:13 - Skipping review - moving to next article[0m
[0;32m2025-09-19 14:37:13 - Completed: 9[0m
[0;34m2025-09-19 14:37:18 - Starting generation for: 10[0m
[1;33m2025-09-19 14:37:18 - Running article generation...[0m
ARTICLE GENERATION COMPLETE - Article #10
[0;32m2025-09-19 14:39:44 - Skipping review - moving to next article[0m
[0;32m2025-09-19 14:39:44 - Completed: 10[0m
[0;34m2025-09-19 14:39:49 - Starting generation for: 11[0m
[1;33m2025-09-19 14:39:49 - Running article generation...[0m
ARTICLE GENERATION COMPLETE - Article #11
[0;32m2025-09-19 14:41:29 - Skipping review - moving to next article[0m
[0;32m2025-09-19 14:41:29 - Completed: 11[0m
[0;34m2025-09-19 14:41:34 - Starting generation for: 12[0m
[1;33m2025-09-19 14:41:34 - Running article generation...[0m
ARTICLE GENERATION COMPLETE - Article #12
[0;32m2025-09-19 14:43:49 - Skipping review - moving to next article[0m
[0;32m2025-09-19 14:43:49 - Completed: 12[0m
[0;34m2025-09-19 14:43:55 - Starting generation for: 13[0m
[1;33m2025-09-19 14:43:55 - Running article generation...[0m
ARTICLE GENERATION COMPLETE - Article #13
[0;32m2025-09-19 14:47:30 - Skipping review - moving to next article[0m
[0;32m2025-09-19 14:47:30 - Completed: 13[0m
[0;34m2025-09-19 14:47:35 - Starting generation for: 14[0m
[1;33m2025-09-19 14:47:35 - Running article generation...[0m
ARTICLE GENERATION COMPLETE - Article #14
[0;32m2025-09-19 14:50:48 - Skipping review - moving to next article[0m
[0;32m2025-09-19 14:50:48 - Completed: 14[0m
[0;34m2025-09-19 14:50:53 - Starting generation for: 15[0m
[1;33m2025-09-19 14:50:53 - Running article generation...[0m
ARTICLE GENERATION COMPLETE - Article #15
[0;32m2025-09-19 14:52:48 - Skipping review - moving to next article[0m
[0;32m2025-09-19 14:52:48 - Completed: 15[0m
[0;34m2025-09-19 14:52:53 - Starting generation for: 16[0m
[1;33m2025-09-19 14:52:53 - Running article generation...[0m
ARTICLE GENERATION COMPLETE - Article #16
[0;32m2025-09-19 14:54:36 - Skipping review - moving to next article[0m
[0;32m2025-09-19 14:54:36 - Completed: 16[0m
[0;34m2025-09-19 14:54:41 - Starting generation for: 17[0m
[1;33m2025-09-19 14:54:41 - Running article generation...[0m
ARTICLE GENERATION COMPLETE - Article #17
[0;32m2025-09-19 14:57:18 - Skipping review - moving to next article[0m
[0;32m2025-09-19 14:57:18 - Completed: 17[0m
[0;34m2025-09-19 14:57:23 - Starting generation for: 18[0m
[1;33m2025-09-19 14:57:23 - Running article generation...[0m
ARTICLE GENERATION COMPLETE - Article #18
[0;32m2025-09-19 15:00:20 - Skipping review - moving to next article[0m
[0;32m2025-09-19 15:00:20 - Completed: 18[0m
[0;34m2025-09-19 15:00:25 - Starting generation for: 19[0m
[1;33m2025-09-19 15:00:25 - Running article generation...[0m
ARTICLE GENERATION COMPLETE - Article #19
[0;32m2025-09-19 15:01:56 - Skipping review - moving to next article[0m
[0;32m2025-09-19 15:01:56 - Completed: 19[0m
[0;34m2025-09-19 15:02:01 - Starting generation for: 20[0m
[1;33m2025-09-19 15:02:01 - Running article generation...[0m
ARTICLE GENERATION COMPLETE - Article #20
[0;32m2025-09-19 15:05:12 - Skipping review - moving to next article[0m
[0;32m2025-09-19 15:05:12 - Completed: 20[0m
