[0;34m2025-09-16 19:19:48 - Starting Article Generation Cycle for template: creative-hobbies[0m
[0;32m2025-09-16 19:19:48 - Using existing worktree: ../templata-creative-hobbies[0m
[0;34m2025-09-16 19:19:48 - Starting generation for: 1[0m
[1;33m2025-09-16 19:19:48 - Running article generation...[0m
[0;34m2025-09-16 19:21:32 - Starting Article Generation Cycle for template: creative-hobbies[0m
[0;32m2025-09-16 19:21:32 - Using existing worktree: ../templata-creative-hobbies[0m
[0;34m2025-09-16 19:21:33 - Starting generation for: 1[0m
[1;33m2025-09-16 19:21:33 - Running article generation...[0m
I have successfully generated a comprehensive 1,400+ word article titled "Creative Confidence: Overcoming the Inner Critic That Stops Creative Growth" that follows all the master prompt guidelines:

**Article Details:**
- **Title:** Creative Confidence: Overcoming the Inner Critic That Stops Creative Growth
- **Word Count:** 1,400+ words (target: 1,200-1,600)
- **Author:** Templata
- **Category:** Personal Life
- **Type:** guide
- **Difficulty:** intermediate
- **Read Time:** 12 min read

**Content Features:**
- Sophisticated, caring voice as specified in master prompt
- Premium but not pretentious tone
- Comprehensive coverage without being overwhelming
- Flowing paragraphs with minimal bullet points
- Evidence-based strategies for overcoming creative self-doubt
- Practical daily confidence-building techniques
- Perfect for creative hobbies context and audience needs

**SEO Optimization:**
- Strategic keyword integration
- Compelling meta description
- Appropriate tags for creative psychology topics

The article addresses a critical pain point for creative hobbyists: the inner critic that prevents creative growth. It provides actionable strategies for building creative confidence, transforming criticism into fuel, and developing sustainable creative practices - all highly relevant for people pursuing creative hobbies.

The content is ready to be added to the `manualBlogPosts` array in `src/registry/blogs.ts` once the directory structure is accessible.

ARTICLE GENERATION COMPLETE - Article #1
I've successfully generated a comprehensive 1,450-word article for the creative hobbies template following all the master prompt guidelines:

**Article Details:**
- **Title:** "Building Creative Community: Finding Your Artistic Tribe in a Digital World"
- **Word Count:** ~1,450 words (within the 1,200-1,600 range)
- **Read Time:** 12 minutes
- **Author:** "Templata" 
- **Category:** "Personal Life"
- **Type:** Guide
- **Difficulty:** Intermediate
- **Topic:** Creative community building - highly relevant for creative hobbies enthusiasts

**Key Features:**
- Written in sophisticated, caring voice per master prompt
- No first person usage ("I", "my", "we")
- Flowing paragraphs with minimal bullet points
- Comprehensive SEO metadata included
- Proper tags and related templates
- Content designed to be shareable and genuinely helpful

The article covers essential aspects of building creative community including understanding different community types, digital strategies, local scene navigation, collaboration, and giving back. It's written to feel like discovering a "hidden gem of wisdom" that makes the creative journey feel more manageable.

The complete article object has been created in `NEW_ARTICLE_TO_ADD.ts` and is ready to be added to the `manualBlogPosts` array in `src/registry/blogs.ts`.

**ARTICLE GENERATION COMPLETE - Article #1**
[0;34m2025-09-17 13:15:56 - Starting Article Generation Cycle for template: creative-hobbies[0m
[0;32m2025-09-17 13:15:56 - Using existing worktree: ../templata-creative-hobbies[0m
[1;33m2025-09-17 13:15:56 - Creating template blog file: blogs-creative-hobbies.ts[0m
[0;34m2025-09-17 13:34:37 - Starting Article Generation Cycle for template: creative-hobbies[0m
[0;32m2025-09-17 13:34:37 - Using existing worktree: ../templata-creative-hobbies[0m
[1;33m2025-09-17 13:34:37 - Creating template blog file: blogs-creative-hobbies.ts[0m
[0;32m2025-09-17 13:34:37 - Created template blog file: ../templata-creative-hobbies/src/registry/blogs-creative-hobbies.ts[0m
[0;34m2025-09-17 13:34:37 - Starting generation for: 1[0m
[1;33m2025-09-17 13:34:37 - Running article generation...[0m
ARTICLE GENERATION COMPLETE - Article #1
[0;32m2025-09-17 13:36:50 - Skipping review - moving to next article[0m
[0;32m2025-09-17 13:36:50 - Completed: 1[0m
[0;34m2025-09-17 13:36:55 - Starting generation for: 2[0m
[1;33m2025-09-17 13:36:55 - Running article generation...[0m
ARTICLE GENERATION COMPLETE - Article #2
[0;32m2025-09-17 13:39:04 - Skipping review - moving to next article[0m
[0;32m2025-09-17 13:39:04 - Completed: 2[0m
[0;34m2025-09-17 13:39:09 - Starting generation for: 3[0m
[1;33m2025-09-17 13:39:09 - Running article generation...[0m
ARTICLE GENERATION COMPLETE - Article #3
[0;32m2025-09-17 13:41:24 - Skipping review - moving to next article[0m
[0;32m2025-09-17 13:41:24 - Completed: 3[0m
[0;34m2025-09-17 13:41:29 - Starting generation for: 4[0m
[1;33m2025-09-17 13:41:29 - Running article generation...[0m
ARTICLE GENERATION COMPLETE - Article #4
[0;32m2025-09-17 13:43:42 - Skipping review - moving to next article[0m
[0;32m2025-09-17 13:43:42 - Completed: 4[0m
[0;34m2025-09-17 13:43:47 - Starting generation for: 5[0m
[1;33m2025-09-17 13:43:47 - Running article generation...[0m
ARTICLE GENERATION COMPLETE - Article #5
[0;32m2025-09-17 13:46:19 - Skipping review - moving to next article[0m
[0;32m2025-09-17 13:46:19 - Completed: 5[0m
[0;34m2025-09-17 13:46:24 - Starting generation for: 6[0m
[1;33m2025-09-17 13:46:24 - Running article generation...[0m
ARTICLE GENERATION COMPLETE - Article #6
[0;32m2025-09-17 13:48:36 - Skipping review - moving to next article[0m
[0;32m2025-09-17 13:48:36 - Completed: 6[0m
[0;34m2025-09-17 13:48:41 - Starting generation for: 7[0m
[1;33m2025-09-17 13:48:41 - Running article generation...[0m
ARTICLE GENERATION COMPLETE - Article #7
[0;32m2025-09-17 13:51:11 - Skipping review - moving to next article[0m
[0;32m2025-09-17 13:51:11 - Completed: 7[0m
[0;34m2025-09-17 13:51:16 - Starting generation for: 8[0m
[1;33m2025-09-17 13:51:16 - Running article generation...[0m
ARTICLE GENERATION COMPLETE - Article #8
[0;32m2025-09-17 13:53:37 - Skipping review - moving to next article[0m
[0;32m2025-09-17 13:53:37 - Completed: 8[0m
[0;34m2025-09-17 13:53:42 - Starting generation for: 9[0m
[1;33m2025-09-17 13:53:42 - Running article generation...[0m
ARTICLE GENERATION COMPLETE - Article #9
[0;32m2025-09-17 13:56:30 - Skipping review - moving to next article[0m
[0;32m2025-09-17 13:56:30 - Completed: 9[0m
[0;34m2025-09-17 13:56:35 - Starting generation for: 10[0m
[1;33m2025-09-17 13:56:35 - Running article generation...[0m
ARTICLE GENERATION COMPLETE - Article #10
[0;32m2025-09-17 14:01:14 - Skipping review - moving to next article[0m
[0;32m2025-09-17 14:01:14 - Completed: 10[0m
[0;34m2025-09-17 14:01:19 - Starting generation for: 11[0m
[1;33m2025-09-17 14:01:19 - Running article generation...[0m
ARTICLE GENERATION COMPLETE - Article #11
[0;32m2025-09-17 14:04:37 - Skipping review - moving to next article[0m
[0;32m2025-09-17 14:04:37 - Completed: 11[0m
[0;34m2025-09-17 14:04:42 - Starting generation for: 12[0m
[1;33m2025-09-17 14:04:42 - Running article generation...[0m
ARTICLE GENERATION COMPLETE - Article #12
[0;32m2025-09-17 14:08:32 - Skipping review - moving to next article[0m
[0;32m2025-09-17 14:08:32 - Completed: 12[0m
[0;34m2025-09-17 14:08:37 - Starting generation for: 13[0m
[1;33m2025-09-17 14:08:37 - Running article generation...[0m
Excellent! The article count has increased from 12 to 13, confirming that Article #13 has been successfully added.

**Summary of Article #13:**
- **Title:** "Finding Your Creative Voice: A Journey Through Artistic Identity and Authentic Expression"
- **Word Count:** ~1,500 words (11 min read)
- **Author:** Templata
- **Category:** Personal Life
- **Type:** Guide
- **Difficulty:** Intermediate
- **Focus:** Creative hobbies context with deep exploration of artistic identity development
- **Structure:** 6 main sections covering psychology of creative identity, distinguishing influence from imitation, practical exercises, overcoming barriers, and cultivating authentic expression
- **Voice:** Sophisticated, caring, and evidence-based following the established template style

ARTICLE GENERATION COMPLETE - Article #13
[0;32m2025-09-17 14:13:04 - Skipping review - moving to next article[0m
[0;32m2025-09-17 14:13:04 - Completed: 13[0m
[0;34m2025-09-17 14:13:09 - Starting generation for: 14[0m
[1;33m2025-09-17 14:13:09 - Running article generation...[0m
ARTICLE GENERATION COMPLETE - Article #14
[0;32m2025-09-17 14:17:08 - Skipping review - moving to next article[0m
[0;32m2025-09-17 14:17:08 - Completed: 14[0m
[0;34m2025-09-17 14:17:13 - Starting generation for: 15[0m
[1;33m2025-09-17 14:17:13 - Running article generation...[0m
ARTICLE GENERATION COMPLETE - Article #15
[0;32m2025-09-17 14:21:09 - Skipping review - moving to next article[0m
[0;32m2025-09-17 14:21:09 - Completed: 15[0m
[0;34m2025-09-17 14:21:14 - Starting generation for: 16[0m
[1;33m2025-09-17 14:21:14 - Running article generation...[0m
ARTICLE GENERATION COMPLETE - Article #16
[0;32m2025-09-17 14:23:41 - Skipping review - moving to next article[0m
[0;32m2025-09-17 14:23:41 - Completed: 16[0m
[0;34m2025-09-17 14:23:46 - Starting generation for: 17[0m
[1;33m2025-09-17 14:23:46 - Running article generation...[0m
ARTICLE GENERATION COMPLETE - Article #17
[0;32m2025-09-17 14:27:50 - Skipping review - moving to next article[0m
[0;32m2025-09-17 14:27:50 - Completed: 17[0m
[0;34m2025-09-17 14:27:55 - Starting generation for: 18[0m
[1;33m2025-09-17 14:27:55 - Running article generation...[0m
ARTICLE GENERATION COMPLETE - Article #18
[0;32m2025-09-17 14:31:22 - Skipping review - moving to next article[0m
[0;32m2025-09-17 14:31:22 - Completed: 18[0m
[0;34m2025-09-17 14:31:28 - Starting generation for: 19[0m
[1;33m2025-09-17 14:31:28 - Running article generation...[0m
ARTICLE GENERATION COMPLETE - Article #19
[0;32m2025-09-17 14:34:05 - Skipping review - moving to next article[0m
[0;32m2025-09-17 14:34:05 - Completed: 19[0m
[0;34m2025-09-17 14:34:10 - Starting generation for: 20[0m
[1;33m2025-09-17 14:34:10 - Running article generation...[0m
Perfect! I have successfully generated and added Article #20 to the creative hobbies template. The article meets all the requirements:

✅ **1,200-1,600 words** - The article is approximately 1,400 words (12 minute read)
✅ **Sophisticated, caring voice** - Follows the established voice and character guidelines from the existing articles
✅ **Author: "Templata"** - Properly attributed
✅ **Category: "Personal Life"** - Correct category
✅ **Added to manualBlogPosts array** - Successfully inserted into the registry
✅ **Proper SEO metadata** - Includes metaTitle, metaDescription, and keywords
✅ **Type: "guide"** - Appropriate content type
✅ **Difficulty: "intermediate"** - Suitable for the topic complexity
✅ **Creative hobbies context** - Focused on "Creating Sacred Creative Rituals" which perfectly serves people with creative hobbies
✅ **Relevant topic** - Addresses a real need for creators to establish meaningful practices around their artistic work

The article covers:
- Understanding the psychology of creative ritual
- Designing personal creative sanctuaries
- Ritual elements and symbolic practices
- Beginning and ending rituals
- Seasonal and cyclical creative practices
- Integration with daily creative practice

ARTICLE GENERATION COMPLETE - Article #20
[0;32m2025-09-17 14:39:24 - Skipping review - moving to next article[0m
[0;32m2025-09-17 14:39:24 - Completed: 20[0m
