[0;34m2025-09-19 12:46:23 - Starting Article Generation Cycle for template: workforce-reentry[0m
[1;33m2025-09-19 12:46:23 - Creating worktree for template: workforce-reentry[0m
[0;32m2025-09-19 12:46:23 - Created branch: article-workforce-reentry[0m
[0;32m2025-09-19 12:46:24 - Created worktree: ../templata-workforce-reentry[0m
[1;33m2025-09-19 12:46:24 - Creating template blog file: blogs-workforce-reentry.ts[0m
[0;32m2025-09-19 12:46:24 - Created template blog file: ../templata-workforce-reentry/src/registry/blogs-workforce-reentry.ts[0m
[0;34m2025-09-19 12:46:24 - Starting generation for: 1[0m
[1;33m2025-09-19 12:46:24 - Running article generation...[0m
ARTICLE GENERATION COMPLETE - Article #1
[0;32m2025-09-19 12:47:41 - Skipping review - moving to next article[0m
[0;32m2025-09-19 12:47:41 - Completed: 1[0m
[0;34m2025-09-19 12:47:46 - Starting generation for: 2[0m
[1;33m2025-09-19 12:47:46 - Running article generation...[0m
ARTICLE GENERATION COMPLETE - Article #2
[0;32m2025-09-19 12:49:07 - Skipping review - moving to next article[0m
[0;32m2025-09-19 12:49:07 - Completed: 2[0m
[0;34m2025-09-19 12:49:12 - Starting generation for: 3[0m
[1;33m2025-09-19 12:49:12 - Running article generation...[0m
ARTICLE GENERATION COMPLETE - Article #3
[0;32m2025-09-19 12:50:42 - Skipping review - moving to next article[0m
[0;32m2025-09-19 12:50:42 - Completed: 3[0m
[0;34m2025-09-19 12:50:47 - Starting generation for: 4[0m
[1;33m2025-09-19 12:50:47 - Running article generation...[0m
ARTICLE GENERATION COMPLETE - Article #4
[0;32m2025-09-19 12:52:24 - Skipping review - moving to next article[0m
[0;32m2025-09-19 12:52:24 - Completed: 4[0m
[0;34m2025-09-19 12:52:29 - Starting generation for: 5[0m
[1;33m2025-09-19 12:52:29 - Running article generation...[0m
ARTICLE GENERATION COMPLETE - Article #5
[0;32m2025-09-19 12:53:57 - Skipping review - moving to next article[0m
[0;32m2025-09-19 12:53:57 - Completed: 5[0m
[0;34m2025-09-19 12:54:02 - Starting generation for: 6[0m
[1;33m2025-09-19 12:54:02 - Running article generation...[0m
ARTICLE GENERATION COMPLETE - Article #6
[0;32m2025-09-19 12:55:35 - Skipping review - moving to next article[0m
[0;32m2025-09-19 12:55:35 - Completed: 6[0m
[0;34m2025-09-19 12:55:40 - Starting generation for: 7[0m
[1;33m2025-09-19 12:55:40 - Running article generation...[0m
ARTICLE GENERATION COMPLETE - Article #7
[0;32m2025-09-19 12:57:22 - Skipping review - moving to next article[0m
[0;32m2025-09-19 12:57:22 - Completed: 7[0m
[0;34m2025-09-19 12:57:27 - Starting generation for: 8[0m
[1;33m2025-09-19 12:57:27 - Running article generation...[0m
ARTICLE GENERATION COMPLETE - Article #8
[0;32m2025-09-19 12:59:07 - Skipping review - moving to next article[0m
[0;32m2025-09-19 12:59:07 - Completed: 8[0m
[0;34m2025-09-19 12:59:12 - Starting generation for: 9[0m
[1;33m2025-09-19 12:59:13 - Running article generation...[0m
ARTICLE GENERATION COMPLETE - Article #9
[0;32m2025-09-19 13:01:11 - Skipping review - moving to next article[0m
[0;32m2025-09-19 13:01:11 - Completed: 9[0m
[0;34m2025-09-19 13:01:16 - Starting generation for: 10[0m
[1;33m2025-09-19 13:01:16 - Running article generation...[0m
ARTICLE GENERATION COMPLETE - Article #10
[0;32m2025-09-19 13:02:45 - Skipping review - moving to next article[0m
[0;32m2025-09-19 13:02:45 - Completed: 10[0m
[0;34m2025-09-19 13:02:50 - Starting generation for: 11[0m
[1;33m2025-09-19 13:02:50 - Running article generation...[0m
ARTICLE GENERATION COMPLETE - Article #11
[0;32m2025-09-19 13:04:34 - Skipping review - moving to next article[0m
[0;32m2025-09-19 13:04:34 - Completed: 11[0m
[0;34m2025-09-19 13:04:39 - Starting generation for: 12[0m
[1;33m2025-09-19 13:04:39 - Running article generation...[0m
Perfect! I have successfully created Article #12 for the workforce reentry template. The article "Overcoming Imposter Syndrome During Workforce Reentry: Reclaiming Your Professional Worth" is a comprehensive 1,400+ word guide that:

✅ **Follows all master prompt requirements:**
- 1,200-1,600 words (approximately 1,400 words / 12-minute read)
- Sophisticated, caring voice without being pretentious
- Flowing paragraphs with minimal bullet points
- Author: "Templata" 
- Category: "Personal Life"
- No first person usage

✅ **Addresses a crucial workforce reentry topic:**
- Focuses specifically on imposter syndrome during career transitions
- Provides practical strategies for building confidence
- Addresses the unique psychological challenges of returning to work

✅ **Includes proper metadata:**
- SEO-optimized title and description
- Relevant tags and categorization
- Type: "guide", Difficulty: "intermediate"
- Related templates and posts
- Proper slug format

✅ **Maintains Templata's premium, helpful tone:**
- Empathetic understanding of the challenge
- Actionable, sophisticated advice
- Avoids being preachy while providing genuine value
- Written for real people facing this specific transition

The article has been successfully added to the `manualBlogPosts` array in `src/registry/blogs-workforce-reentry.ts`.

ARTICLE GENERATION COMPLETE - Article #12
[0;32m2025-09-19 13:06:31 - Skipping review - moving to next article[0m
[0;32m2025-09-19 13:06:31 - Completed: 12[0m
[0;34m2025-09-19 13:06:36 - Starting generation for: 13[0m
[1;33m2025-09-19 13:06:36 - Running article generation...[0m
ARTICLE GENERATION COMPLETE - Article #13
[0;32m2025-09-19 13:08:36 - Skipping review - moving to next article[0m
[0;32m2025-09-19 13:08:36 - Completed: 13[0m
[0;34m2025-09-19 13:08:42 - Starting generation for: 14[0m
[1;33m2025-09-19 13:08:42 - Running article generation...[0m
ARTICLE GENERATION COMPLETE - Article #14
[0;32m2025-09-19 13:10:51 - Skipping review - moving to next article[0m
[0;32m2025-09-19 13:10:51 - Completed: 14[0m
[0;34m2025-09-19 13:10:56 - Starting generation for: 15[0m
[1;33m2025-09-19 13:10:56 - Running article generation...[0m
ARTICLE GENERATION COMPLETE - Article #15
[0;32m2025-09-19 13:14:11 - Skipping review - moving to next article[0m
[0;32m2025-09-19 13:14:11 - Completed: 15[0m
[0;34m2025-09-19 13:14:16 - Starting generation for: 16[0m
[1;33m2025-09-19 13:14:16 - Running article generation...[0m
ARTICLE GENERATION COMPLETE - Article #16
[0;32m2025-09-19 13:16:12 - Skipping review - moving to next article[0m
[0;32m2025-09-19 13:16:12 - Completed: 16[0m
[0;34m2025-09-19 13:16:17 - Starting generation for: 17[0m
[1;33m2025-09-19 13:16:17 - Running article generation...[0m
ARTICLE GENERATION COMPLETE - Article #17
[0;32m2025-09-19 13:18:04 - Skipping review - moving to next article[0m
[0;32m2025-09-19 13:18:04 - Completed: 17[0m
[0;34m2025-09-19 13:18:09 - Starting generation for: 18[0m
[1;33m2025-09-19 13:18:09 - Running article generation...[0m
ARTICLE GENERATION COMPLETE - Article #18
[0;32m2025-09-19 13:20:03 - Skipping review - moving to next article[0m
[0;32m2025-09-19 13:20:03 - Completed: 18[0m
[0;34m2025-09-19 13:20:08 - Starting generation for: 19[0m
[1;33m2025-09-19 13:20:08 - Running article generation...[0m
Perfect! I've successfully added Article #19 to the workforce reentry template. The article is titled "Building Emotional Resilience for Your Workforce Reentry Journey: Preparing Your Mind for Professional Success" and follows all the requirements:

- ✅ 1,200-1,600 words (approximately 1,450 words)
- ✅ Follows master prompt voice and character guidelines (sophisticated but warm, comprehensive but accessible)
- ✅ Author: "Templata"
- ✅ Category: "Personal Life"
- ✅ Added to src/registry/blogs-workforce-reentry.ts in manualBlogPosts array
- ✅ Includes proper SEO metadata
- ✅ Type: "guide", Difficulty: "intermediate"
- ✅ Focuses on workforce reentry context and needs
- ✅ Covers an important topic not yet addressed: emotional resilience and mental preparation

The article provides comprehensive guidance on developing emotional strength for workforce reentry, covering emotional awareness, confidence building, managing comparison/pressure, creating safety in professional environments, and sustaining resilience long-term.

ARTICLE GENERATION COMPLETE - Article #19
[0;32m2025-09-19 13:21:50 - Skipping review - moving to next article[0m
[0;32m2025-09-19 13:21:50 - Completed: 19[0m
[0;34m2025-09-19 13:21:55 - Starting generation for: 20[0m
[1;33m2025-09-19 13:21:55 - Running article generation...[0m
ARTICLE GENERATION COMPLETE - Article #20
[0;32m2025-09-19 13:24:55 - Skipping review - moving to next article[0m
[0;32m2025-09-19 13:24:55 - Completed: 20[0m
