[0;34m2025-09-17 16:06:37 - Starting Article Generation Cycle for template: relationship-coaching[0m
[0;32m2025-09-17 16:06:37 - Using existing worktree: ../templata-relationship-coaching[0m
[1;33m2025-09-17 16:06:37 - Creating template blog file: blogs-relationship-coaching.ts[0m
[0;32m2025-09-17 16:06:38 - Created template blog file: ../templata-relationship-coaching/src/registry/blogs-relationship-coaching.ts[0m
[0;34m2025-09-17 16:06:38 - Starting generation for: 1[0m
[1;33m2025-09-17 16:06:38 - Running article generation...[0m
API Error: Connection error.
[0;32m2025-09-17 17:11:43 - Skipping review - moving to next article[0m
[0;32m2025-09-17 17:11:43 - Completed: 1[0m
[0;34m2025-09-17 17:22:10 - Starting generation for: 2[0m
[1;33m2025-09-17 17:22:10 - Running article generation...[0m
[0;34m2025-09-17 18:51:06 - Starting Article Generation Cycle for template: relationship-coaching[0m
[0;32m2025-09-17 18:51:06 - Using existing worktree: ../templata-relationship-coaching[0m
[0;34m2025-09-17 18:51:06 - Starting generation for: 2[0m
[1;33m2025-09-17 18:51:06 - Running article generation...[0m
ARTICLE GENERATION COMPLETE - Article #2
[0;32m2025-09-17 18:52:09 - Skipping review - moving to next article[0m
[0;32m2025-09-17 18:52:09 - Completed: 2[0m
[0;34m2025-09-17 18:52:14 - Starting generation for: 3[0m
[1;33m2025-09-17 18:52:14 - Running article generation...[0m
ARTICLE GENERATION COMPLETE - Article #3
[0;32m2025-09-17 18:53:25 - Skipping review - moving to next article[0m
[0;32m2025-09-17 18:53:25 - Completed: 3[0m
[0;34m2025-09-17 18:53:30 - Starting generation for: 4[0m
[1;33m2025-09-17 18:53:30 - Running article generation...[0m
ARTICLE GENERATION COMPLETE - Article #4
[0;32m2025-09-17 18:54:44 - Skipping review - moving to next article[0m
[0;32m2025-09-17 18:54:44 - Completed: 4[0m
[0;34m2025-09-17 18:54:49 - Starting generation for: 5[0m
[1;33m2025-09-17 18:54:49 - Running article generation...[0m
ARTICLE GENERATION COMPLETE - Article #5
[0;32m2025-09-17 18:55:57 - Skipping review - moving to next article[0m
[0;32m2025-09-17 18:55:57 - Completed: 5[0m
[0;34m2025-09-17 18:56:02 - Starting generation for: 6[0m
[1;33m2025-09-17 18:56:02 - Running article generation...[0m
ARTICLE GENERATION COMPLETE - Article #6
[0;32m2025-09-17 18:57:28 - Skipping review - moving to next article[0m
[0;32m2025-09-17 18:57:28 - Completed: 6[0m
[0;34m2025-09-17 18:57:33 - Starting generation for: 7[0m
[1;33m2025-09-17 18:57:33 - Running article generation...[0m
ARTICLE GENERATION COMPLETE - Article #7
[0;32m2025-09-17 18:58:46 - Skipping review - moving to next article[0m
[0;32m2025-09-17 18:58:46 - Completed: 7[0m
[0;34m2025-09-17 18:58:51 - Starting generation for: 8[0m
[1;33m2025-09-17 18:58:51 - Running article generation...[0m
ARTICLE GENERATION COMPLETE - Article #8
[0;32m2025-09-17 19:00:12 - Skipping review - moving to next article[0m
[0;32m2025-09-17 19:00:12 - Completed: 8[0m
[0;34m2025-09-17 19:00:17 - Starting generation for: 9[0m
[1;33m2025-09-17 19:00:17 - Running article generation...[0m
ARTICLE GENERATION COMPLETE - Article #9
[0;32m2025-09-17 19:01:30 - Skipping review - moving to next article[0m
[0;32m2025-09-17 19:01:30 - Completed: 9[0m
[0;34m2025-09-17 19:01:35 - Starting generation for: 10[0m
[1;33m2025-09-17 19:01:35 - Running article generation...[0m
ARTICLE GENERATION COMPLETE - Article #10
[0;32m2025-09-17 19:02:48 - Skipping review - moving to next article[0m
[0;32m2025-09-17 19:02:48 - Completed: 10[0m
[0;34m2025-09-17 19:02:53 - Starting generation for: 11[0m
[1;33m2025-09-17 19:02:53 - Running article generation...[0m
ARTICLE GENERATION COMPLETE - Article #11
[0;32m2025-09-17 19:04:03 - Skipping review - moving to next article[0m
[0;32m2025-09-17 19:04:03 - Completed: 11[0m
[0;34m2025-09-17 19:04:08 - Starting generation for: 12[0m
[1;33m2025-09-17 19:04:09 - Running article generation...[0m
ARTICLE GENERATION COMPLETE - Article #12
[0;32m2025-09-17 19:05:24 - Skipping review - moving to next article[0m
[0;32m2025-09-17 19:05:24 - Completed: 12[0m
[0;34m2025-09-17 19:05:30 - Starting generation for: 13[0m
[1;33m2025-09-17 19:05:30 - Running article generation...[0m
ARTICLE GENERATION COMPLETE - Article #13
[0;32m2025-09-17 19:07:05 - Skipping review - moving to next article[0m
[0;32m2025-09-17 19:07:05 - Completed: 13[0m
[0;34m2025-09-17 19:07:10 - Starting generation for: 14[0m
[1;33m2025-09-17 19:07:10 - Running article generation...[0m
ARTICLE GENERATION COMPLETE - Article #14
[0;32m2025-09-17 19:08:23 - Skipping review - moving to next article[0m
[0;32m2025-09-17 19:08:23 - Completed: 14[0m
[0;34m2025-09-17 19:08:28 - Starting generation for: 15[0m
[1;33m2025-09-17 19:08:28 - Running article generation...[0m
ARTICLE GENERATION COMPLETE - Article #15
[0;32m2025-09-17 19:11:08 - Skipping review - moving to next article[0m
[0;32m2025-09-17 19:11:08 - Completed: 15[0m
[0;34m2025-09-17 19:11:13 - Starting generation for: 16[0m
[1;33m2025-09-17 19:11:13 - Running article generation...[0m
ARTICLE GENERATION COMPLETE - Article #16
[0;32m2025-09-17 19:12:24 - Skipping review - moving to next article[0m
[0;32m2025-09-17 19:12:24 - Completed: 16[0m
[0;34m2025-09-17 19:12:29 - Starting generation for: 17[0m
[1;33m2025-09-17 19:12:29 - Running article generation...[0m
ARTICLE GENERATION COMPLETE - Article #17
[0;32m2025-09-17 19:13:39 - Skipping review - moving to next article[0m
[0;32m2025-09-17 19:13:39 - Completed: 17[0m
[0;34m2025-09-17 19:13:44 - Starting generation for: 18[0m
[1;33m2025-09-17 19:13:44 - Running article generation...[0m
ARTICLE GENERATION COMPLETE - Article #18
[0;32m2025-09-17 19:16:06 - Skipping review - moving to next article[0m
[0;32m2025-09-17 19:16:06 - Completed: 18[0m
[0;34m2025-09-17 19:16:11 - Starting generation for: 19[0m
[1;33m2025-09-17 19:16:11 - Running article generation...[0m
ARTICLE GENERATION COMPLETE - Article #19
[0;32m2025-09-17 19:19:06 - Skipping review - moving to next article[0m
[0;32m2025-09-17 19:19:06 - Completed: 19[0m
[0;34m2025-09-17 19:19:11 - Starting generation for: 20[0m
[1;33m2025-09-17 19:19:11 - Running article generation...[0m
Perfect! I have successfully generated and added a comprehensive 1,400+ word article on "Setting Healthy Boundaries in Romantic Relationships" to the relationship coaching template. The article:

- Follows the master prompt guidelines with a sophisticated, caring voice
- Is 1,400+ words (11-minute read), within the required 1,200-1,600 word range
- Uses flowing paragraphs instead of bullet points
- Avoids first person language
- Includes proper SEO metadata and categorization
- Focuses specifically on relationship coaching context
- Covers a highly relevant topic for people seeking relationship guidance
- Is added to the manualBlogPosts array in the registry file

ARTICLE GENERATION COMPLETE - Article #20
[0;32m2025-09-17 19:21:38 - Skipping review - moving to next article[0m
[0;32m2025-09-17 19:21:38 - Completed: 20[0m
