[0;34m2025-09-18 13:27:15 - Starting Article Generation Cycle for template: first-job-transition[0m
[1;33m2025-09-18 13:27:15 - Creating worktree for template: first-job-transition[0m
[0;32m2025-09-18 13:27:15 - Created branch: article-first-job-transition[0m
[0;32m2025-09-18 13:27:17 - Created worktree: ../templata-first-job-transition[0m
[1;33m2025-09-18 13:27:17 - Creating template blog file: blogs-first-job-transition.ts[0m
[0;32m2025-09-18 13:27:17 - Created template blog file: ../templata-first-job-transition/src/registry/blogs-first-job-transition.ts[0m
[0;34m2025-09-18 13:27:17 - Starting generation for: 1[0m
[1;33m2025-09-18 13:27:18 - Running article generation...[0m
ARTICLE GENERATION COMPLETE - Article #1
[0;32m2025-09-18 13:28:30 - Skipping review - moving to next article[0m
[0;32m2025-09-18 13:28:30 - Completed: 1[0m
[0;34m2025-09-18 13:28:35 - Starting generation for: 2[0m
[1;33m2025-09-18 13:28:35 - Running article generation...[0m
ARTICLE GENERATION COMPLETE - Article #2
[0;32m2025-09-18 13:30:31 - Skipping review - moving to next article[0m
[0;32m2025-09-18 13:30:31 - Completed: 2[0m
[0;34m2025-09-18 13:30:36 - Starting generation for: 3[0m
[1;33m2025-09-18 13:30:36 - Running article generation...[0m
ARTICLE GENERATION COMPLETE - Article #3
[0;32m2025-09-18 13:31:58 - Skipping review - moving to next article[0m
[0;32m2025-09-18 13:31:58 - Completed: 3[0m
[0;34m2025-09-18 13:32:03 - Starting generation for: 4[0m
[1;33m2025-09-18 13:32:03 - Running article generation...[0m
ARTICLE GENERATION COMPLETE - Article #4
[0;32m2025-09-18 13:33:32 - Skipping review - moving to next article[0m
[0;32m2025-09-18 13:33:32 - Completed: 4[0m
[0;34m2025-09-18 13:33:37 - Starting generation for: 5[0m
[1;33m2025-09-18 13:33:37 - Running article generation...[0m
ARTICLE GENERATION COMPLETE - Article #5
[0;32m2025-09-18 13:34:57 - Skipping review - moving to next article[0m
[0;32m2025-09-18 13:34:57 - Completed: 5[0m
[0;34m2025-09-18 13:35:02 - Starting generation for: 6[0m
[1;33m2025-09-18 13:35:02 - Running article generation...[0m
ARTICLE GENERATION COMPLETE - Article #6
[0;32m2025-09-18 13:36:29 - Skipping review - moving to next article[0m
[0;32m2025-09-18 13:36:29 - Completed: 6[0m
[0;34m2025-09-18 13:36:34 - Starting generation for: 7[0m
[1;33m2025-09-18 13:36:34 - Running article generation...[0m
ARTICLE GENERATION COMPLETE - Article #7
[0;32m2025-09-18 13:38:14 - Skipping review - moving to next article[0m
[0;32m2025-09-18 13:38:14 - Completed: 7[0m
[0;34m2025-09-18 13:38:19 - Starting generation for: 8[0m
[1;33m2025-09-18 13:38:19 - Running article generation...[0m
ARTICLE GENERATION COMPLETE - Article #8
[0;32m2025-09-18 13:40:02 - Skipping review - moving to next article[0m
[0;32m2025-09-18 13:40:02 - Completed: 8[0m
[0;34m2025-09-18 13:40:07 - Starting generation for: 9[0m
[1;33m2025-09-18 13:40:07 - Running article generation...[0m
ARTICLE GENERATION COMPLETE - Article #9
[0;32m2025-09-18 13:41:55 - Skipping review - moving to next article[0m
[0;32m2025-09-18 13:41:55 - Completed: 9[0m
[0;34m2025-09-18 13:42:01 - Starting generation for: 10[0m
[1;33m2025-09-18 13:42:01 - Running article generation...[0m
ARTICLE GENERATION COMPLETE - Article #10
[0;32m2025-09-18 13:43:52 - Skipping review - moving to next article[0m
[0;32m2025-09-18 13:43:52 - Completed: 10[0m
[0;34m2025-09-18 13:43:57 - Starting generation for: 11[0m
[1;33m2025-09-18 13:43:57 - Running article generation...[0m
ARTICLE GENERATION COMPLETE - Article #11
[0;32m2025-09-18 13:45:52 - Skipping review - moving to next article[0m
[0;32m2025-09-18 13:45:52 - Completed: 11[0m
[0;34m2025-09-18 13:45:57 - Starting generation for: 12[0m
[1;33m2025-09-18 13:45:57 - Running article generation...[0m
ARTICLE GENERATION COMPLETE - Article #12
[0;32m2025-09-18 13:47:44 - Skipping review - moving to next article[0m
[0;32m2025-09-18 13:47:44 - Completed: 12[0m
[0;34m2025-09-18 13:47:49 - Starting generation for: 13[0m
[1;33m2025-09-18 13:47:49 - Running article generation...[0m
ARTICLE GENERATION COMPLETE - Article #13
[0;32m2025-09-18 13:50:52 - Skipping review - moving to next article[0m
[0;32m2025-09-18 13:50:52 - Completed: 13[0m
[0;34m2025-09-18 13:50:57 - Starting generation for: 14[0m
[1;33m2025-09-18 13:50:57 - Running article generation...[0m
ARTICLE GENERATION COMPLETE - Article #14
[0;32m2025-09-18 13:53:47 - Skipping review - moving to next article[0m
[0;32m2025-09-18 13:53:47 - Completed: 14[0m
[0;34m2025-09-18 13:53:52 - Starting generation for: 15[0m
[1;33m2025-09-18 13:53:52 - Running article generation...[0m
ARTICLE GENERATION COMPLETE - Article #15
[0;32m2025-09-18 13:56:31 - Skipping review - moving to next article[0m
[0;32m2025-09-18 13:56:31 - Completed: 15[0m
[0;34m2025-09-18 13:56:36 - Starting generation for: 16[0m
[1;33m2025-09-18 13:56:36 - Running article generation...[0m
ARTICLE GENERATION COMPLETE - Article #16
[0;32m2025-09-18 13:57:49 - Skipping review - moving to next article[0m
[0;32m2025-09-18 13:57:49 - Completed: 16[0m
[0;34m2025-09-18 13:57:54 - Starting generation for: 17[0m
[1;33m2025-09-18 13:57:54 - Running article generation...[0m
ARTICLE GENERATION COMPLETE - Article #17
[0;32m2025-09-18 14:00:45 - Skipping review - moving to next article[0m
[0;32m2025-09-18 14:00:45 - Completed: 17[0m
[0;34m2025-09-18 14:00:51 - Starting generation for: 18[0m
[1;33m2025-09-18 14:00:51 - Running article generation...[0m
ARTICLE GENERATION COMPLETE - Article #18
[0;32m2025-09-18 14:04:26 - Skipping review - moving to next article[0m
[0;32m2025-09-18 14:04:26 - Completed: 18[0m
[0;34m2025-09-18 14:04:31 - Starting generation for: 19[0m
[1;33m2025-09-18 14:04:31 - Running article generation...[0m
ARTICLE GENERATION COMPLETE - Article #19
[0;32m2025-09-18 14:07:43 - Skipping review - moving to next article[0m
[0;32m2025-09-18 14:07:43 - Completed: 19[0m
[0;34m2025-09-18 14:07:48 - Starting generation for: 20[0m
[1;33m2025-09-18 14:07:48 - Running article generation...[0m
Perfect! I have successfully generated and added Article #20 to the first job transition template. The article "Mastering Workplace Communication: From Email Etiquette to Difficult Conversations" is a comprehensive 1,400+ word guide that follows all the master prompt guidelines:

- **1,200-1,600 words** (approximately 1,400 words, 11-minute read)
- **Author: "Templata"** ✓
- **Category: "Personal Life"** ✓
- **Added to manualBlogPosts array** ✓
- **Comprehensive SEO metadata** ✓
- **Type: "guide"** and **difficulty: "intermediate"** ✓
- **First job transition context** - covers essential workplace communication skills for new professionals ✓
- **Sophisticated, caring voice** - follows the premium but not pretentious tone ✓
- **Flowing, engaging paragraphs** - minimizes bullet points as required ✓
- **No first person** ("I", "my", "we") ✓

ARTICLE GENERATION COMPLETE - Article #20
[0;32m2025-09-18 14:10:25 - Skipping review - moving to next article[0m
[0;32m2025-09-18 14:10:25 - Completed: 20[0m
[0;34m2025-09-19 16:42:01 - Starting Article Generation Cycle for template: first-job-transition[0m
[0;32m2025-09-19 16:42:01 - Using existing worktree: ../templata-first-job-transition[0m
