[0;34m2025-09-18 13:27:15 - Starting Article Generation Cycle for template: family-estrangement[0m
[1;33m2025-09-18 13:27:15 - Creating worktree for template: family-estrangement[0m
[0;32m2025-09-18 13:27:15 - Created branch: article-family-estrangement[0m
[0;32m2025-09-18 13:27:17 - Created worktree: ../templata-family-estrangement[0m
[1;33m2025-09-18 13:27:17 - Creating template blog file: blogs-family-estrangement.ts[0m
[0;32m2025-09-18 13:27:17 - Created template blog file: ../templata-family-estrangement/src/registry/blogs-family-estrangement.ts[0m
[0;34m2025-09-18 13:27:17 - Starting generation for: 1[0m
[1;33m2025-09-18 13:27:18 - Running article generation...[0m
ARTICLE GENERATION COMPLETE - Article #1
[0;32m2025-09-18 13:28:37 - Skipping review - moving to next article[0m
[0;32m2025-09-18 13:28:37 - Completed: 1[0m
[0;34m2025-09-18 13:28:42 - Starting generation for: 2[0m
[1;33m2025-09-18 13:28:42 - Running article generation...[0m
ARTICLE GENERATION COMPLETE - Article #2
[0;32m2025-09-18 13:29:58 - Skipping review - moving to next article[0m
[0;32m2025-09-18 13:29:58 - Completed: 2[0m
[0;34m2025-09-18 13:30:03 - Starting generation for: 3[0m
[1;33m2025-09-18 13:30:03 - Running article generation...[0m
ARTICLE GENERATION COMPLETE - Article #3
[0;32m2025-09-18 13:31:22 - Skipping review - moving to next article[0m
[0;32m2025-09-18 13:31:22 - Completed: 3[0m
[0;34m2025-09-18 13:31:27 - Starting generation for: 4[0m
[1;33m2025-09-18 13:31:27 - Running article generation...[0m
ARTICLE GENERATION COMPLETE - Article #4
[0;32m2025-09-18 13:32:52 - Skipping review - moving to next article[0m
[0;32m2025-09-18 13:32:52 - Completed: 4[0m
[0;34m2025-09-18 13:32:57 - Starting generation for: 5[0m
[1;33m2025-09-18 13:32:57 - Running article generation...[0m
ARTICLE GENERATION COMPLETE - Article #5
[0;32m2025-09-18 13:34:13 - Skipping review - moving to next article[0m
[0;32m2025-09-18 13:34:13 - Completed: 5[0m
[0;34m2025-09-18 13:34:18 - Starting generation for: 6[0m
[1;33m2025-09-18 13:34:18 - Running article generation...[0m
ARTICLE GENERATION COMPLETE - Article #6
[0;32m2025-09-18 13:35:38 - Skipping review - moving to next article[0m
[0;32m2025-09-18 13:35:38 - Completed: 6[0m
[0;34m2025-09-18 13:35:43 - Starting generation for: 7[0m
[1;33m2025-09-18 13:35:43 - Running article generation...[0m
ARTICLE GENERATION COMPLETE - Article #7
[0;32m2025-09-18 13:37:04 - Skipping review - moving to next article[0m
[0;32m2025-09-18 13:37:04 - Completed: 7[0m
[0;34m2025-09-18 13:37:09 - Starting generation for: 8[0m
[1;33m2025-09-18 13:37:09 - Running article generation...[0m
ARTICLE GENERATION COMPLETE - Article #8
[0;32m2025-09-18 13:38:28 - Skipping review - moving to next article[0m
[0;32m2025-09-18 13:38:28 - Completed: 8[0m
[0;34m2025-09-18 13:38:34 - Starting generation for: 9[0m
[1;33m2025-09-18 13:38:34 - Running article generation...[0m
ARTICLE GENERATION COMPLETE - Article #9
[0;32m2025-09-18 13:40:03 - Skipping review - moving to next article[0m
[0;32m2025-09-18 13:40:03 - Completed: 9[0m
[0;34m2025-09-18 13:40:08 - Starting generation for: 10[0m
[1;33m2025-09-18 13:40:08 - Running article generation...[0m
ARTICLE GENERATION COMPLETE - Article #10
[0;32m2025-09-18 13:41:49 - Skipping review - moving to next article[0m
[0;32m2025-09-18 13:41:49 - Completed: 10[0m
[0;34m2025-09-18 13:41:54 - Starting generation for: 11[0m
[1;33m2025-09-18 13:41:54 - Running article generation...[0m
ARTICLE GENERATION COMPLETE - Article #11
[0;32m2025-09-18 13:43:16 - Skipping review - moving to next article[0m
[0;32m2025-09-18 13:43:16 - Completed: 11[0m
[0;34m2025-09-18 13:43:21 - Starting generation for: 12[0m
[1;33m2025-09-18 13:43:21 - Running article generation...[0m
ARTICLE GENERATION COMPLETE - Article #12
[0;32m2025-09-18 13:44:47 - Skipping review - moving to next article[0m
[0;32m2025-09-18 13:44:47 - Completed: 12[0m
[0;34m2025-09-18 13:44:52 - Starting generation for: 13[0m
[1;33m2025-09-18 13:44:52 - Running article generation...[0m
ARTICLE GENERATION COMPLETE - Article #13
[0;32m2025-09-18 13:46:09 - Skipping review - moving to next article[0m
[0;32m2025-09-18 13:46:09 - Completed: 13[0m
[0;34m2025-09-18 13:46:14 - Starting generation for: 14[0m
[1;33m2025-09-18 13:46:14 - Running article generation...[0m
ARTICLE GENERATION COMPLETE - Article #14
[0;32m2025-09-18 13:47:43 - Skipping review - moving to next article[0m
[0;32m2025-09-18 13:47:43 - Completed: 14[0m
[0;34m2025-09-18 13:47:48 - Starting generation for: 15[0m
[1;33m2025-09-18 13:47:48 - Running article generation...[0m
ARTICLE GENERATION COMPLETE - Article #15
[0;32m2025-09-18 13:49:00 - Skipping review - moving to next article[0m
[0;32m2025-09-18 13:49:00 - Completed: 15[0m
[0;34m2025-09-18 13:49:05 - Starting generation for: 16[0m
[1;33m2025-09-18 13:49:05 - Running article generation...[0m
ARTICLE GENERATION COMPLETE - Article #16
[0;32m2025-09-18 13:51:41 - Skipping review - moving to next article[0m
[0;32m2025-09-18 13:51:41 - Completed: 16[0m
[0;34m2025-09-18 13:51:46 - Starting generation for: 17[0m
[1;33m2025-09-18 13:51:46 - Running article generation...[0m
ARTICLE GENERATION COMPLETE - Article #17
[0;32m2025-09-18 13:53:29 - Skipping review - moving to next article[0m
[0;32m2025-09-18 13:53:29 - Completed: 17[0m
[0;34m2025-09-18 13:53:34 - Starting generation for: 18[0m
[1;33m2025-09-18 13:53:34 - Running article generation...[0m
ARTICLE GENERATION COMPLETE - Article #18
[0;32m2025-09-18 13:56:28 - Skipping review - moving to next article[0m
[0;32m2025-09-18 13:56:28 - Completed: 18[0m
[0;34m2025-09-18 13:56:33 - Starting generation for: 19[0m
[1;33m2025-09-18 13:56:33 - Running article generation...[0m
ARTICLE GENERATION COMPLETE - Article #19
[0;32m2025-09-18 13:57:39 - Skipping review - moving to next article[0m
[0;32m2025-09-18 13:57:39 - Completed: 19[0m
[0;34m2025-09-18 13:57:44 - Starting generation for: 20[0m
[1;33m2025-09-18 13:57:44 - Running article generation...[0m
ARTICLE GENERATION COMPLETE - Article #20
[0;32m2025-09-18 14:00:14 - Skipping review - moving to next article[0m
[0;32m2025-09-18 14:00:14 - Completed: 20[0m
