[0;34m2025-09-17 21:38:17 - Starting Article Generation Cycle for template: content-creation[0m
[0;32m2025-09-17 21:38:17 - Using existing worktree: ../templata-content-creation[0m
[1;33m2025-09-17 21:38:17 - Creating template blog file: blogs-content-creation.ts[0m
[0;32m2025-09-17 21:38:17 - Created template blog file: ../templata-content-creation/src/registry/blogs-content-creation.ts[0m
[0;34m2025-09-17 21:38:17 - Starting generation for: 1[0m
[1;33m2025-09-17 21:38:17 - Running article generation...[0m
ARTICLE GENERATION COMPLETE - Article #1
[0;32m2025-09-17 21:39:30 - Skipping review - moving to next article[0m
[0;32m2025-09-17 21:39:30 - Completed: 1[0m
[0;34m2025-09-17 21:39:35 - Starting generation for: 2[0m
[1;33m2025-09-17 21:39:35 - Running article generation...[0m
ARTICLE GENERATION COMPLETE - Article #2
[0;32m2025-09-17 21:40:49 - Skipping review - moving to next article[0m
[0;32m2025-09-17 21:40:49 - Completed: 2[0m
[0;34m2025-09-17 21:40:54 - Starting generation for: 3[0m
[1;33m2025-09-17 21:40:54 - Running article generation...[0m
ARTICLE GENERATION COMPLETE - Article #3
[0;32m2025-09-17 21:42:17 - Skipping review - moving to next article[0m
[0;32m2025-09-17 21:42:17 - Completed: 3[0m
[0;34m2025-09-17 21:42:22 - Starting generation for: 4[0m
[1;33m2025-09-17 21:42:22 - Running article generation...[0m
ARTICLE GENERATION COMPLETE - Article #4
[0;32m2025-09-17 21:44:15 - Skipping review - moving to next article[0m
[0;32m2025-09-17 21:44:15 - Completed: 4[0m
[0;34m2025-09-17 21:44:20 - Starting generation for: 5[0m
[1;33m2025-09-17 21:44:20 - Running article generation...[0m
ARTICLE GENERATION COMPLETE - Article #5
[0;32m2025-09-17 21:45:58 - Skipping review - moving to next article[0m
[0;32m2025-09-17 21:45:58 - Completed: 5[0m
[0;34m2025-09-17 21:46:03 - Starting generation for: 6[0m
[1;33m2025-09-17 21:46:03 - Running article generation...[0m
ARTICLE GENERATION COMPLETE - Article #6
[0;32m2025-09-17 21:47:43 - Skipping review - moving to next article[0m
[0;32m2025-09-17 21:47:43 - Completed: 6[0m
[0;34m2025-09-17 21:47:48 - Starting generation for: 7[0m
[1;33m2025-09-17 21:47:48 - Running article generation...[0m
ARTICLE GENERATION COMPLETE - Article #7
[0;32m2025-09-17 21:49:41 - Skipping review - moving to next article[0m
[0;32m2025-09-17 21:49:41 - Completed: 7[0m
[0;34m2025-09-17 21:49:47 - Starting generation for: 8[0m
[1;33m2025-09-17 21:49:47 - Running article generation...[0m
ARTICLE GENERATION COMPLETE - Article #8
[0;32m2025-09-17 21:51:44 - Skipping review - moving to next article[0m
[0;32m2025-09-17 21:51:44 - Completed: 8[0m
[0;34m2025-09-17 21:51:49 - Starting generation for: 9[0m
[1;33m2025-09-17 21:51:49 - Running article generation...[0m
ARTICLE GENERATION COMPLETE - Article #9
[0;32m2025-09-17 21:54:02 - Skipping review - moving to next article[0m
[0;32m2025-09-17 21:54:02 - Completed: 9[0m
[0;34m2025-09-17 21:54:07 - Starting generation for: 10[0m
[1;33m2025-09-17 21:54:07 - Running article generation...[0m
ARTICLE GENERATION COMPLETE - Article #10
[0;32m2025-09-17 21:56:50 - Skipping review - moving to next article[0m
[0;32m2025-09-17 21:56:50 - Completed: 10[0m
[0;34m2025-09-17 21:56:55 - Starting generation for: 11[0m
[1;33m2025-09-17 21:56:55 - Running article generation...[0m
ARTICLE GENERATION COMPLETE - Article #11
[0;32m2025-09-17 21:58:47 - Skipping review - moving to next article[0m
[0;32m2025-09-17 21:58:47 - Completed: 11[0m
[0;34m2025-09-17 21:58:52 - Starting generation for: 12[0m
[1;33m2025-09-17 21:58:52 - Running article generation...[0m
ARTICLE GENERATION COMPLETE - Article #12
[0;32m2025-09-17 22:00:58 - Skipping review - moving to next article[0m
[0;32m2025-09-17 22:00:58 - Completed: 12[0m
[0;34m2025-09-17 22:01:03 - Starting generation for: 13[0m
[1;33m2025-09-17 22:01:03 - Running article generation...[0m
ARTICLE GENERATION COMPLETE - Article #13
[0;32m2025-09-17 22:03:24 - Skipping review - moving to next article[0m
[0;32m2025-09-17 22:03:24 - Completed: 13[0m
[0;34m2025-09-17 22:03:29 - Starting generation for: 14[0m
[1;33m2025-09-17 22:03:29 - Running article generation...[0m
ARTICLE GENERATION COMPLETE - Article #14
[0;32m2025-09-17 22:07:06 - Skipping review - moving to next article[0m
[0;32m2025-09-17 22:07:06 - Completed: 14[0m
[0;34m2025-09-17 22:07:11 - Starting generation for: 15[0m
[1;33m2025-09-17 22:07:11 - Running article generation...[0m
ARTICLE GENERATION COMPLETE - Article #15
[0;32m2025-09-17 22:08:38 - Skipping review - moving to next article[0m
[0;32m2025-09-17 22:08:38 - Completed: 15[0m
[0;34m2025-09-17 22:08:43 - Starting generation for: 16[0m
[1;33m2025-09-17 22:08:43 - Running article generation...[0m
ARTICLE GENERATION COMPLETE - Article #16
[0;32m2025-09-17 22:11:00 - Skipping review - moving to next article[0m
[0;32m2025-09-17 22:11:00 - Completed: 16[0m
[0;34m2025-09-17 22:11:05 - Starting generation for: 17[0m
[1;33m2025-09-17 22:11:05 - Running article generation...[0m
ARTICLE GENERATION COMPLETE - Article #17
[0;32m2025-09-17 22:12:53 - Skipping review - moving to next article[0m
[0;32m2025-09-17 22:12:53 - Completed: 17[0m
[0;34m2025-09-17 22:12:58 - Starting generation for: 18[0m
[1;33m2025-09-17 22:12:58 - Running article generation...[0m
ARTICLE GENERATION COMPLETE - Article #18
[0;32m2025-09-17 22:15:13 - Skipping review - moving to next article[0m
[0;32m2025-09-17 22:15:13 - Completed: 18[0m
[0;34m2025-09-17 22:15:18 - Starting generation for: 19[0m
[1;33m2025-09-17 22:15:18 - Running article generation...[0m
ARTICLE GENERATION COMPLETE - Article #19
[0;32m2025-09-17 22:17:46 - Skipping review - moving to next article[0m
[0;32m2025-09-17 22:17:46 - Completed: 19[0m
[0;34m2025-09-17 22:17:51 - Starting generation for: 20[0m
[1;33m2025-09-17 22:17:51 - Running article generation...[0m
ARTICLE GENERATION COMPLETE - Article #20
[0;32m2025-09-17 22:19:23 - Skipping review - moving to next article[0m
[0;32m2025-09-17 22:19:23 - Completed: 20[0m
