[0;34m2025-09-17 21:38:17 - Starting Article Generation Cycle for template: dropshipping[0m
[0;32m2025-09-17 21:38:17 - Using existing worktree: ../templata-dropshipping[0m
[1;33m2025-09-17 21:38:17 - Creating template blog file: blogs-dropshipping.ts[0m
[0;32m2025-09-17 21:38:17 - Created template blog file: ../templata-dropshipping/src/registry/blogs-dropshipping.ts[0m
[0;34m2025-09-17 21:38:17 - Starting generation for: 1[0m
[1;33m2025-09-17 21:38:17 - Running article generation...[0m
ARTICLE GENERATION COMPLETE - Article #1
[0;32m2025-09-17 21:39:48 - Skipping review - moving to next article[0m
[0;32m2025-09-17 21:39:48 - Completed: 1[0m
[0;34m2025-09-17 21:39:53 - Starting generation for: 2[0m
[1;33m2025-09-17 21:39:53 - Running article generation...[0m
ARTICLE GENERATION COMPLETE - Article #2
[0;32m2025-09-17 21:41:37 - Skipping review - moving to next article[0m
[0;32m2025-09-17 21:41:37 - Completed: 2[0m
[0;34m2025-09-17 21:41:43 - Starting generation for: 3[0m
[1;33m2025-09-17 21:41:43 - Running article generation...[0m
ARTICLE GENERATION COMPLETE - Article #3
[0;32m2025-09-17 21:43:26 - Skipping review - moving to next article[0m
[0;32m2025-09-17 21:43:26 - Completed: 3[0m
[0;34m2025-09-17 21:43:31 - Starting generation for: 4[0m
[1;33m2025-09-17 21:43:31 - Running article generation...[0m
ARTICLE GENERATION COMPLETE - Article #4
[0;32m2025-09-17 21:45:44 - Skipping review - moving to next article[0m
[0;32m2025-09-17 21:45:44 - Completed: 4[0m
[0;34m2025-09-17 21:45:49 - Starting generation for: 5[0m
[1;33m2025-09-17 21:45:49 - Running article generation...[0m
ARTICLE GENERATION COMPLETE - Article #5
[0;32m2025-09-17 21:47:23 - Skipping review - moving to next article[0m
[0;32m2025-09-17 21:47:23 - Completed: 5[0m
[0;34m2025-09-17 21:47:28 - Starting generation for: 6[0m
[1;33m2025-09-17 21:47:28 - Running article generation...[0m
ARTICLE GENERATION COMPLETE - Article #6
[0;32m2025-09-17 21:49:19 - Skipping review - moving to next article[0m
[0;32m2025-09-17 21:49:19 - Completed: 6[0m
[0;34m2025-09-17 21:49:24 - Starting generation for: 7[0m
[1;33m2025-09-17 21:49:24 - Running article generation...[0m
ARTICLE GENERATION COMPLETE - Article #7
[0;32m2025-09-17 21:51:40 - Skipping review - moving to next article[0m
[0;32m2025-09-17 21:51:40 - Completed: 7[0m
[0;34m2025-09-17 21:51:45 - Starting generation for: 8[0m
[1;33m2025-09-17 21:51:45 - Running article generation...[0m
ARTICLE GENERATION COMPLETE - Article #8
[0;32m2025-09-17 21:53:53 - Skipping review - moving to next article[0m
[0;32m2025-09-17 21:53:53 - Completed: 8[0m
[0;34m2025-09-17 21:53:58 - Starting generation for: 9[0m
[1;33m2025-09-17 21:53:58 - Running article generation...[0m
ARTICLE GENERATION COMPLETE - Article #9
[0;32m2025-09-17 21:56:24 - Skipping review - moving to next article[0m
[0;32m2025-09-17 21:56:25 - Completed: 9[0m
[0;34m2025-09-17 21:56:30 - Starting generation for: 10[0m
[1;33m2025-09-17 21:56:30 - Running article generation...[0m
ARTICLE GENERATION COMPLETE - Article #10
[0;32m2025-09-17 21:59:52 - Skipping review - moving to next article[0m
[0;32m2025-09-17 21:59:52 - Completed: 10[0m
[0;34m2025-09-17 21:59:57 - Starting generation for: 11[0m
[1;33m2025-09-17 21:59:57 - Running article generation...[0m
ARTICLE GENERATION COMPLETE - Article #11
[0;32m2025-09-17 22:03:11 - Skipping review - moving to next article[0m
[0;32m2025-09-17 22:03:11 - Completed: 11[0m
[0;34m2025-09-17 22:03:16 - Starting generation for: 12[0m
[1;33m2025-09-17 22:03:16 - Running article generation...[0m
ARTICLE GENERATION COMPLETE - Article #12
[0;32m2025-09-17 22:05:57 - Skipping review - moving to next article[0m
[0;32m2025-09-17 22:05:57 - Completed: 12[0m
[0;34m2025-09-17 22:06:02 - Starting generation for: 13[0m
[1;33m2025-09-17 22:06:02 - Running article generation...[0m
ARTICLE GENERATION COMPLETE - Article #13
[0;32m2025-09-17 22:08:43 - Skipping review - moving to next article[0m
[0;32m2025-09-17 22:08:43 - Completed: 13[0m
[0;34m2025-09-17 22:08:48 - Starting generation for: 14[0m
[1;33m2025-09-17 22:08:48 - Running article generation...[0m
ARTICLE GENERATION COMPLETE - Article #14
[0;32m2025-09-17 22:10:46 - Skipping review - moving to next article[0m
[0;32m2025-09-17 22:10:46 - Completed: 14[0m
[0;34m2025-09-17 22:10:51 - Starting generation for: 15[0m
[1;33m2025-09-17 22:10:51 - Running article generation...[0m
ARTICLE GENERATION COMPLETE - Article #15
[0;32m2025-09-17 22:14:04 - Skipping review - moving to next article[0m
[0;32m2025-09-17 22:14:04 - Completed: 15[0m
[0;34m2025-09-17 22:14:09 - Starting generation for: 16[0m
[1;33m2025-09-17 22:14:10 - Running article generation...[0m
ARTICLE GENERATION COMPLETE - Article #16
[0;32m2025-09-17 22:17:40 - Skipping review - moving to next article[0m
[0;32m2025-09-17 22:17:40 - Completed: 16[0m
[0;34m2025-09-17 22:17:45 - Starting generation for: 17[0m
[1;33m2025-09-17 22:17:45 - Running article generation...[0m
ARTICLE GENERATION COMPLETE - Article #17
[0;32m2025-09-17 22:19:30 - Skipping review - moving to next article[0m
[0;32m2025-09-17 22:19:30 - Completed: 17[0m
[0;34m2025-09-17 22:19:35 - Starting generation for: 18[0m
[1;33m2025-09-17 22:19:35 - Running article generation...[0m
ARTICLE GENERATION COMPLETE - Article #18
[0;32m2025-09-17 22:22:22 - Skipping review - moving to next article[0m
[0;32m2025-09-17 22:22:22 - Completed: 18[0m
[0;34m2025-09-17 22:22:27 - Starting generation for: 19[0m
[1;33m2025-09-17 22:22:27 - Running article generation...[0m
ARTICLE GENERATION COMPLETE - Article #19
[0;32m2025-09-17 22:24:29 - Skipping review - moving to next article[0m
[0;32m2025-09-17 22:24:29 - Completed: 19[0m
[0;34m2025-09-17 22:24:34 - Starting generation for: 20[0m
[1;33m2025-09-17 22:24:34 - Running article generation...[0m
ARTICLE GENERATION COMPLETE - Article #20
[0;32m2025-09-17 22:25:49 - Skipping review - moving to next article[0m
[0;32m2025-09-17 22:25:49 - Completed: 20[0m
