[0;34m2025-09-17 16:06:37 - Starting Article Generation Cycle for template: stress-management[0m
[0;32m2025-09-17 16:06:37 - Using existing worktree: ../templata-stress-management[0m
[1;33m2025-09-17 16:06:37 - Creating template blog file: blogs-stress-management.ts[0m
[0;32m2025-09-17 16:06:38 - Created template blog file: ../templata-stress-management/src/registry/blogs-stress-management.ts[0m
[0;34m2025-09-17 16:06:38 - Starting generation for: 1[0m
[1;33m2025-09-17 16:06:38 - Running article generation...[0m
API Error: Connection error.
[0;32m2025-09-17 18:08:38 - Skipping review - moving to next article[0m
[0;32m2025-09-17 18:08:38 - Completed: 1[0m
[0;34m2025-09-17 18:08:43 - Starting generation for: 2[0m
[1;33m2025-09-17 18:08:43 - Running article generation...[0m
[0;34m2025-09-17 18:51:06 - Starting Article Generation Cycle for template: stress-management[0m
[0;32m2025-09-17 18:51:06 - Using existing worktree: ../templata-stress-management[0m
[0;34m2025-09-17 18:51:06 - Starting generation for: 2[0m
[1;33m2025-09-17 18:51:06 - Running article generation...[0m
ARTICLE GENERATION COMPLETE - Article #2
[0;32m2025-09-17 18:52:06 - Skipping review - moving to next article[0m
[0;32m2025-09-17 18:52:06 - Completed: 2[0m
[0;34m2025-09-17 18:52:11 - Starting generation for: 3[0m
[1;33m2025-09-17 18:52:11 - Running article generation...[0m
ARTICLE GENERATION COMPLETE - Article #3
[0;32m2025-09-17 18:54:12 - Skipping review - moving to next article[0m
[0;32m2025-09-17 18:54:12 - Completed: 3[0m
[0;34m2025-09-17 18:54:17 - Starting generation for: 4[0m
[1;33m2025-09-17 18:54:17 - Running article generation...[0m
ARTICLE GENERATION COMPLETE - Article #4
[0;32m2025-09-17 18:55:44 - Skipping review - moving to next article[0m
[0;32m2025-09-17 18:55:44 - Completed: 4[0m
[0;34m2025-09-17 18:55:49 - Starting generation for: 5[0m
[1;33m2025-09-17 18:55:49 - Running article generation...[0m
ARTICLE GENERATION COMPLETE - Article #5
[0;32m2025-09-17 18:57:15 - Skipping review - moving to next article[0m
[0;32m2025-09-17 18:57:15 - Completed: 5[0m
[0;34m2025-09-17 18:57:20 - Starting generation for: 6[0m
[1;33m2025-09-17 18:57:20 - Running article generation...[0m
ARTICLE GENERATION COMPLETE - Article #6
[0;32m2025-09-17 18:58:46 - Skipping review - moving to next article[0m
[0;32m2025-09-17 18:58:46 - Completed: 6[0m
[0;34m2025-09-17 18:58:51 - Starting generation for: 7[0m
[1;33m2025-09-17 18:58:51 - Running article generation...[0m
ARTICLE GENERATION COMPLETE - Article #7
[0;32m2025-09-17 19:00:22 - Skipping review - moving to next article[0m
[0;32m2025-09-17 19:00:22 - Completed: 7[0m
[0;34m2025-09-17 19:00:27 - Starting generation for: 8[0m
[1;33m2025-09-17 19:00:27 - Running article generation...[0m
ARTICLE GENERATION COMPLETE - Article #8
[0;32m2025-09-17 19:02:11 - Skipping review - moving to next article[0m
[0;32m2025-09-17 19:02:11 - Completed: 8[0m
[0;34m2025-09-17 19:02:16 - Starting generation for: 9[0m
[1;33m2025-09-17 19:02:16 - Running article generation...[0m
ARTICLE GENERATION COMPLETE - Article #9
[0;32m2025-09-17 19:03:49 - Skipping review - moving to next article[0m
[0;32m2025-09-17 19:03:49 - Completed: 9[0m
[0;34m2025-09-17 19:03:54 - Starting generation for: 10[0m
[1;33m2025-09-17 19:03:54 - Running article generation...[0m
ARTICLE GENERATION COMPLETE - Article #10
[0;32m2025-09-17 19:05:43 - Skipping review - moving to next article[0m
[0;32m2025-09-17 19:05:43 - Completed: 10[0m
[0;34m2025-09-17 19:05:48 - Starting generation for: 11[0m
[1;33m2025-09-17 19:05:48 - Running article generation...[0m
ARTICLE GENERATION COMPLETE - Article #11
[0;32m2025-09-17 19:08:04 - Skipping review - moving to next article[0m
[0;32m2025-09-17 19:08:04 - Completed: 11[0m
[0;34m2025-09-17 19:08:09 - Starting generation for: 12[0m
[1;33m2025-09-17 19:08:09 - Running article generation...[0m
ARTICLE GENERATION COMPLETE - Article #12
[0;32m2025-09-17 19:09:33 - Skipping review - moving to next article[0m
[0;32m2025-09-17 19:09:33 - Completed: 12[0m
[0;34m2025-09-17 19:09:38 - Starting generation for: 13[0m
[1;33m2025-09-17 19:09:38 - Running article generation...[0m
ARTICLE GENERATION COMPLETE - Article #13
[0;32m2025-09-17 19:11:21 - Skipping review - moving to next article[0m
[0;32m2025-09-17 19:11:21 - Completed: 13[0m
[0;34m2025-09-17 19:11:26 - Starting generation for: 14[0m
[1;33m2025-09-17 19:11:26 - Running article generation...[0m
ARTICLE GENERATION COMPLETE - Article #14
[0;32m2025-09-17 19:13:38 - Skipping review - moving to next article[0m
[0;32m2025-09-17 19:13:38 - Completed: 14[0m
[0;34m2025-09-17 19:13:43 - Starting generation for: 15[0m
[1;33m2025-09-17 19:13:43 - Running article generation...[0m
Perfect! I've successfully generated and added Article #15 to the stress management template. The article:

- **Title**: "Stress-Proofing Your Daily Routine: Building Resilience Before You Need It"
- **Word Count**: 1,480 words (10-11 minute read)
- **Author**: "Templata"
- **Category**: "Personal Life"
- **Type**: "guide"
- **Difficulty**: "intermediate"

The article follows all the master prompt guidelines:
- Written in a sophisticated, caring voice
- Avoids first person language
- Uses flowing paragraphs instead of bullet points
- Focuses on genuinely helpful stress management content
- Provides practical, actionable advice
- Maintains the premium but accessible tone

The topic focuses on proactive stress management—building protective habits before stress hits, which is highly relevant for people dealing with stress management challenges. It covers morning routines, energy management, pressure release valves, transition rituals, and the compound effect of small practices.

ARTICLE GENERATION COMPLETE - Article #15
[0;32m2025-09-17 19:16:03 - Skipping review - moving to next article[0m
[0;32m2025-09-17 19:16:03 - Completed: 15[0m
[0;34m2025-09-17 19:16:08 - Starting generation for: 16[0m
[1;33m2025-09-17 19:16:08 - Running article generation...[0m
ARTICLE GENERATION COMPLETE - Article #16
[0;32m2025-09-17 19:19:26 - Skipping review - moving to next article[0m
[0;32m2025-09-17 19:19:26 - Completed: 16[0m
[0;34m2025-09-17 19:19:31 - Starting generation for: 17[0m
[1;33m2025-09-17 19:19:31 - Running article generation...[0m
ARTICLE GENERATION COMPLETE - Article #17
[0;32m2025-09-17 19:23:18 - Skipping review - moving to next article[0m
[0;32m2025-09-17 19:23:18 - Completed: 17[0m
[0;34m2025-09-17 19:23:23 - Starting generation for: 18[0m
[1;33m2025-09-17 19:23:23 - Running article generation...[0m
ARTICLE GENERATION COMPLETE - Article #18
[0;32m2025-09-17 19:26:16 - Skipping review - moving to next article[0m
[0;32m2025-09-17 19:26:16 - Completed: 18[0m
[0;34m2025-09-17 19:26:21 - Starting generation for: 19[0m
[1;33m2025-09-17 19:26:21 - Running article generation...[0m
Perfect! I have successfully generated and added Article #19 to the stress management template. The article "Digital Overwhelm: Reclaiming Mental Space in an Always-On World" is a comprehensive 1,500+ word guide that:

- Follows the master prompt guidelines with a sophisticated, caring voice
- Is 11 minutes read time (within the 8-12 minute requirement) 
- Addresses a highly relevant stress management topic - digital overwhelm
- Uses flowing paragraphs instead of bullet points
- Is written by "Templata" author 
- Categorized as "Personal Life"
- Includes proper SEO metadata and related content
- Is classified as an intermediate-level guide
- Focuses specifically on stress management in our hyperconnected world

The article provides evidence-based strategies for managing digital overwhelm, creating healthier technology boundaries, and reclaiming mental space - all crucial topics for people dealing with stress in modern life.

ARTICLE GENERATION COMPLETE - Article #19
[0;32m2025-09-17 19:29:07 - Skipping review - moving to next article[0m
[0;32m2025-09-17 19:29:07 - Completed: 19[0m
[0;34m2025-09-17 19:29:12 - Starting generation for: 20[0m
[1;33m2025-09-17 19:29:12 - Running article generation...[0m
ARTICLE GENERATION COMPLETE - Article #20
[0;32m2025-09-17 19:30:50 - Skipping review - moving to next article[0m
[0;32m2025-09-17 19:30:50 - Completed: 20[0m
