[0;34m2025-09-17 21:38:17 - Starting Article Generation Cycle for template: online-course[0m
[0;32m2025-09-17 21:38:17 - Using existing worktree: ../templata-online-course[0m
[1;33m2025-09-17 21:38:17 - Creating template blog file: blogs-online-course.ts[0m
[0;32m2025-09-17 21:38:17 - Created template blog file: ../templata-online-course/src/registry/blogs-online-course.ts[0m
[0;34m2025-09-17 21:38:17 - Starting generation for: 1[0m
[1;33m2025-09-17 21:38:17 - Running article generation...[0m
ARTICLE GENERATION COMPLETE - Article #1
[0;32m2025-09-17 21:39:27 - Skipping review - moving to next article[0m
[0;32m2025-09-17 21:39:27 - Completed: 1[0m
[0;34m2025-09-17 21:39:32 - Starting generation for: 2[0m
[1;33m2025-09-17 21:39:32 - Running article generation...[0m
ARTICLE GENERATION COMPLETE - Article #2
[0;32m2025-09-17 21:40:50 - Skipping review - moving to next article[0m
[0;32m2025-09-17 21:40:50 - Completed: 2[0m
[0;34m2025-09-17 21:40:55 - Starting generation for: 3[0m
[1;33m2025-09-17 21:40:55 - Running article generation...[0m
ARTICLE GENERATION COMPLETE - Article #3
[0;32m2025-09-17 21:42:07 - Skipping review - moving to next article[0m
[0;32m2025-09-17 21:42:07 - Completed: 3[0m
[0;34m2025-09-17 21:42:12 - Starting generation for: 4[0m
[1;33m2025-09-17 21:42:12 - Running article generation...[0m
ARTICLE GENERATION COMPLETE - Article #4
[0;32m2025-09-17 21:43:38 - Skipping review - moving to next article[0m
[0;32m2025-09-17 21:43:38 - Completed: 4[0m
[0;34m2025-09-17 21:43:43 - Starting generation for: 5[0m
[1;33m2025-09-17 21:43:43 - Running article generation...[0m
ARTICLE GENERATION COMPLETE - Article #5
[0;32m2025-09-17 21:45:16 - Skipping review - moving to next article[0m
[0;32m2025-09-17 21:45:16 - Completed: 5[0m
[0;34m2025-09-17 21:45:21 - Starting generation for: 6[0m
[1;33m2025-09-17 21:45:21 - Running article generation...[0m
ARTICLE GENERATION COMPLETE - Article #6
[0;32m2025-09-17 21:47:05 - Skipping review - moving to next article[0m
[0;32m2025-09-17 21:47:05 - Completed: 6[0m
[0;34m2025-09-17 21:47:10 - Starting generation for: 7[0m
[1;33m2025-09-17 21:47:10 - Running article generation...[0m
ARTICLE GENERATION COMPLETE - Article #7
[0;32m2025-09-17 21:48:42 - Skipping review - moving to next article[0m
[0;32m2025-09-17 21:48:42 - Completed: 7[0m
[0;34m2025-09-17 21:48:47 - Starting generation for: 8[0m
[1;33m2025-09-17 21:48:47 - Running article generation...[0m
ARTICLE GENERATION COMPLETE - Article #8
[0;32m2025-09-17 21:50:16 - Skipping review - moving to next article[0m
[0;32m2025-09-17 21:50:16 - Completed: 8[0m
[0;34m2025-09-17 21:50:21 - Starting generation for: 9[0m
[1;33m2025-09-17 21:50:21 - Running article generation...[0m
ARTICLE GENERATION COMPLETE - Article #9
[0;32m2025-09-17 21:52:03 - Skipping review - moving to next article[0m
[0;32m2025-09-17 21:52:03 - Completed: 9[0m
[0;34m2025-09-17 21:52:08 - Starting generation for: 10[0m
[1;33m2025-09-17 21:52:08 - Running article generation...[0m
ARTICLE GENERATION COMPLETE - Article #10
[0;32m2025-09-17 21:53:42 - Skipping review - moving to next article[0m
[0;32m2025-09-17 21:53:42 - Completed: 10[0m
[0;34m2025-09-17 21:53:47 - Starting generation for: 11[0m
[1;33m2025-09-17 21:53:47 - Running article generation...[0m
ARTICLE GENERATION COMPLETE - Article #11
[0;32m2025-09-17 21:55:33 - Skipping review - moving to next article[0m
[0;32m2025-09-17 21:55:33 - Completed: 11[0m
[0;34m2025-09-17 21:55:38 - Starting generation for: 12[0m
[1;33m2025-09-17 21:55:38 - Running article generation...[0m
ARTICLE GENERATION COMPLETE - Article #12
[0;32m2025-09-17 21:57:12 - Skipping review - moving to next article[0m
[0;32m2025-09-17 21:57:12 - Completed: 12[0m
[0;34m2025-09-17 21:57:17 - Starting generation for: 13[0m
[1;33m2025-09-17 21:57:17 - Running article generation...[0m
ARTICLE GENERATION COMPLETE - Article #13
[0;32m2025-09-17 21:58:46 - Skipping review - moving to next article[0m
[0;32m2025-09-17 21:58:46 - Completed: 13[0m
[0;34m2025-09-17 21:58:51 - Starting generation for: 14[0m
[1;33m2025-09-17 21:58:51 - Running article generation...[0m
ARTICLE GENERATION COMPLETE - Article #14
[0;32m2025-09-17 22:00:21 - Skipping review - moving to next article[0m
[0;32m2025-09-17 22:00:21 - Completed: 14[0m
[0;34m2025-09-17 22:00:26 - Starting generation for: 15[0m
[1;33m2025-09-17 22:00:26 - Running article generation...[0m
ARTICLE GENERATION COMPLETE - Article #15
[0;32m2025-09-17 22:02:32 - Skipping review - moving to next article[0m
[0;32m2025-09-17 22:02:32 - Completed: 15[0m
[0;34m2025-09-17 22:02:37 - Starting generation for: 16[0m
[1;33m2025-09-17 22:02:37 - Running article generation...[0m
Perfect! I have successfully generated and added Article #16 to the online course template. The article titled "The Quiet Epidemic: Why Brilliant Experts Never Launch Their Courses (And How to Break Free)" is a comprehensive 1,400+ word guide about overcoming imposter syndrome in course creation.

The article follows all the master prompt guidelines:
- 1,200-1,600 words (12 min read)
- Sophisticated, caring voice without being pretentious  
- Author: "Templata"
- Category: "Personal Life"
- Flowing paragraphs instead of bullet points
- No first person usage
- Engaging, human tone that feels shareable
- Comprehensive coverage of the psychological barriers to course creation
- Practical guidance and actionable insights

The article has been properly added to the `manualBlogPosts` array in `src/registry/blogs-online-course.ts` with appropriate metadata including SEO tags, related templates, and related posts.

ARTICLE GENERATION COMPLETE - Article #16
[0;32m2025-09-17 22:05:34 - Skipping review - moving to next article[0m
[0;32m2025-09-17 22:05:34 - Completed: 16[0m
[0;34m2025-09-17 22:05:39 - Starting generation for: 17[0m
[1;33m2025-09-17 22:05:39 - Running article generation...[0m
ARTICLE GENERATION COMPLETE - Article #17
[0;32m2025-09-17 22:06:47 - Skipping review - moving to next article[0m
[0;32m2025-09-17 22:06:47 - Completed: 17[0m
[0;34m2025-09-17 22:06:52 - Starting generation for: 18[0m
[1;33m2025-09-17 22:06:52 - Running article generation...[0m
ARTICLE GENERATION COMPLETE - Article #18
[0;32m2025-09-17 22:09:28 - Skipping review - moving to next article[0m
[0;32m2025-09-17 22:09:28 - Completed: 18[0m
[0;34m2025-09-17 22:09:33 - Starting generation for: 19[0m
[1;33m2025-09-17 22:09:33 - Running article generation...[0m
ARTICLE GENERATION COMPLETE - Article #19
[0;32m2025-09-17 22:11:01 - Skipping review - moving to next article[0m
[0;32m2025-09-17 22:11:01 - Completed: 19[0m
[0;34m2025-09-17 22:11:06 - Starting generation for: 20[0m
[1;33m2025-09-17 22:11:06 - Running article generation...[0m
ARTICLE GENERATION COMPLETE - Article #20
[0;32m2025-09-17 22:12:27 - Skipping review - moving to next article[0m
[0;32m2025-09-17 22:12:27 - Completed: 20[0m
