[0;34m2025-09-18 10:37:36 - Starting Article Generation Cycle for template: business-launch[0m
[1;33m2025-09-18 10:37:36 - Creating worktree for template: business-launch[0m
[0;32m2025-09-18 10:37:36 - Created branch: article-business-launch[0m
[0;32m2025-09-18 10:37:38 - Created worktree: ../templata-business-launch[0m
[1;33m2025-09-18 10:37:38 - Creating template blog file: blogs-business-launch.ts[0m
[0;32m2025-09-18 10:37:38 - Created template blog file: ../templata-business-launch/src/registry/blogs-business-launch.ts[0m
[0;34m2025-09-18 10:37:38 - Starting generation for: 1[0m
[1;33m2025-09-18 10:37:38 - Running article generation...[0m
ARTICLE GENERATION COMPLETE - Article #1
[0;32m2025-09-18 10:38:53 - Skipping review - moving to next article[0m
[0;32m2025-09-18 10:38:53 - Completed: 1[0m
[0;34m2025-09-18 10:38:58 - Starting generation for: 2[0m
[1;33m2025-09-18 10:38:58 - Running article generation...[0m
ARTICLE GENERATION COMPLETE - Article #2
[0;32m2025-09-18 10:40:10 - Skipping review - moving to next article[0m
[0;32m2025-09-18 10:40:10 - Completed: 2[0m
[0;34m2025-09-18 10:40:15 - Starting generation for: 3[0m
[1;33m2025-09-18 10:40:15 - Running article generation...[0m
ARTICLE GENERATION COMPLETE - Article #3
[0;32m2025-09-18 10:41:38 - Skipping review - moving to next article[0m
[0;32m2025-09-18 10:41:38 - Completed: 3[0m
[0;34m2025-09-18 10:41:43 - Starting generation for: 4[0m
[1;33m2025-09-18 10:41:43 - Running article generation...[0m
ARTICLE GENERATION COMPLETE - Article #4
[0;32m2025-09-18 10:43:08 - Skipping review - moving to next article[0m
[0;32m2025-09-18 10:43:08 - Completed: 4[0m
[0;34m2025-09-18 10:43:13 - Starting generation for: 5[0m
[1;33m2025-09-18 10:43:13 - Running article generation...[0m
ARTICLE GENERATION COMPLETE - Article #5
[0;32m2025-09-18 10:44:35 - Skipping review - moving to next article[0m
[0;32m2025-09-18 10:44:35 - Completed: 5[0m
[0;34m2025-09-18 10:44:40 - Starting generation for: 6[0m
[1;33m2025-09-18 10:44:40 - Running article generation...[0m
ARTICLE GENERATION COMPLETE - Article #6
[0;32m2025-09-18 10:46:45 - Skipping review - moving to next article[0m
[0;32m2025-09-18 10:46:45 - Completed: 6[0m
[0;34m2025-09-18 10:46:50 - Starting generation for: 7[0m
[1;33m2025-09-18 10:46:50 - Running article generation...[0m
ARTICLE GENERATION COMPLETE - Article #7
[0;32m2025-09-18 10:48:19 - Skipping review - moving to next article[0m
[0;32m2025-09-18 10:48:19 - Completed: 7[0m
[0;34m2025-09-18 10:48:25 - Starting generation for: 8[0m
[1;33m2025-09-18 10:48:25 - Running article generation...[0m
ARTICLE GENERATION COMPLETE - Article #8
[0;32m2025-09-18 10:50:08 - Skipping review - moving to next article[0m
[0;32m2025-09-18 10:50:08 - Completed: 8[0m
[0;34m2025-09-18 10:50:13 - Starting generation for: 9[0m
[1;33m2025-09-18 10:50:13 - Running article generation...[0m
ARTICLE GENERATION COMPLETE - Article #9
[0;32m2025-09-18 10:51:54 - Skipping review - moving to next article[0m
[0;32m2025-09-18 10:51:54 - Completed: 9[0m
[0;34m2025-09-18 10:51:59 - Starting generation for: 10[0m
[1;33m2025-09-18 10:51:59 - Running article generation...[0m
ARTICLE GENERATION COMPLETE - Article #10
[0;32m2025-09-18 10:53:34 - Skipping review - moving to next article[0m
[0;32m2025-09-18 10:53:34 - Completed: 10[0m
[0;34m2025-09-18 10:53:39 - Starting generation for: 11[0m
[1;33m2025-09-18 10:53:39 - Running article generation...[0m
ARTICLE GENERATION COMPLETE - Article #11
[0;32m2025-09-18 10:56:23 - Skipping review - moving to next article[0m
[0;32m2025-09-18 10:56:23 - Completed: 11[0m
[0;34m2025-09-18 10:56:29 - Starting generation for: 12[0m
[1;33m2025-09-18 10:56:29 - Running article generation...[0m
ARTICLE GENERATION COMPLETE - Article #12
[0;32m2025-09-18 10:57:43 - Skipping review - moving to next article[0m
[0;32m2025-09-18 10:57:43 - Completed: 12[0m
[0;34m2025-09-18 10:57:49 - Starting generation for: 13[0m
[1;33m2025-09-18 10:57:49 - Running article generation...[0m
ARTICLE GENERATION COMPLETE - Article #13
[0;32m2025-09-18 12:01:57 - Skipping review - moving to next article[0m
[0;32m2025-09-18 12:01:57 - Completed: 13[0m
[0;34m2025-09-18 12:02:02 - Starting generation for: 14[0m
[1;33m2025-09-18 12:02:02 - Running article generation...[0m
ARTICLE GENERATION COMPLETE - Article #14
[0;32m2025-09-18 12:03:24 - Skipping review - moving to next article[0m
[0;32m2025-09-18 12:03:24 - Completed: 14[0m
[0;34m2025-09-18 12:03:29 - Starting generation for: 15[0m
[1;33m2025-09-18 12:03:29 - Running article generation...[0m
ARTICLE GENERATION COMPLETE - Article #15
[0;32m2025-09-18 12:04:53 - Skipping review - moving to next article[0m
[0;32m2025-09-18 12:04:53 - Completed: 15[0m
[0;34m2025-09-18 12:04:58 - Starting generation for: 16[0m
[1;33m2025-09-18 12:04:58 - Running article generation...[0m
ARTICLE GENERATION COMPLETE - Article #16
[0;32m2025-09-18 12:08:18 - Skipping review - moving to next article[0m
[0;32m2025-09-18 12:08:18 - Completed: 16[0m
[0;34m2025-09-18 12:08:23 - Starting generation for: 17[0m
[1;33m2025-09-18 12:08:23 - Running article generation...[0m
ARTICLE GENERATION COMPLETE - Article #17
[0;32m2025-09-18 12:10:15 - Skipping review - moving to next article[0m
[0;32m2025-09-18 12:10:15 - Completed: 17[0m
[0;34m2025-09-18 12:10:20 - Starting generation for: 18[0m
[1;33m2025-09-18 12:10:20 - Running article generation...[0m
Perfect! I have successfully generated and added Article #18 to the business launch template. The article covers "Building Your Business Credit Profile" - a comprehensive 1,400+ word guide that follows all the master prompt guidelines:

✅ **Word count**: 1,400+ words (11 min read)
✅ **Voice & tone**: Sophisticated, caring, premium but not pretentious 
✅ **Author**: "Templata"
✅ **Category**: "Personal Life"
✅ **Structure**: Flowing paragraphs with minimal bullet points
✅ **SEO metadata**: Complete with meta title, description, and image
✅ **Type & difficulty**: "guide" / "intermediate"
✅ **Relevant topic**: Business credit building - crucial for business launch success
✅ **Added to registry**: Successfully added to manualBlogPosts array

The article covers the critical but often overlooked topic of building business credit from day one, which perfectly fits the business launch context. It provides actionable insights on separation strategies, credit building timelines, vendor relationships, and avoiding common pitfalls.

ARTICLE GENERATION COMPLETE - Article #18
[0;32m2025-09-18 12:13:10 - Skipping review - moving to next article[0m
[0;32m2025-09-18 12:13:10 - Completed: 18[0m
[0;34m2025-09-18 12:13:15 - Starting generation for: 19[0m
[1;33m2025-09-18 12:13:15 - Running article generation...[0m
ARTICLE GENERATION COMPLETE - Article #19
[0;32m2025-09-18 12:14:53 - Skipping review - moving to next article[0m
[0;32m2025-09-18 12:14:53 - Completed: 19[0m
[0;34m2025-09-18 12:14:58 - Starting generation for: 20[0m
[1;33m2025-09-18 12:14:58 - Running article generation...[0m
ARTICLE GENERATION COMPLETE - Article #20
[0;32m2025-09-18 12:19:00 - Skipping review - moving to next article[0m
[0;32m2025-09-18 12:19:00 - Completed: 20[0m
