[0;34m2025-09-18 14:48:30 - Starting Article Generation Cycle for template: fraternity-sorority-decisions[0m
[1;33m2025-09-18 14:48:30 - Creating worktree for template: fraternity-sorority-decisions[0m
[0;32m2025-09-18 14:48:30 - Created branch: article-fraternity-sorority-decisions[0m
[0;32m2025-09-18 14:48:33 - Created worktree: ../templata-fraternity-sorority-decisions[0m
[1;33m2025-09-18 14:48:33 - Creating template blog file: blogs-fraternity-sorority-decisions.ts[0m
[0;32m2025-09-18 14:48:33 - Created template blog file: ../templata-fraternity-sorority-decisions/src/registry/blogs-fraternity-sorority-decisions.ts[0m
[0;34m2025-09-18 14:48:33 - Starting generation for: 1[0m
[1;33m2025-09-18 14:48:33 - Running article generation...[0m
ARTICLE GENERATION COMPLETE - Article #1
[0;32m2025-09-18 14:49:32 - Skipping review - moving to next article[0m
[0;32m2025-09-18 14:49:32 - Completed: 1[0m
[0;34m2025-09-18 14:49:37 - Starting generation for: 2[0m
[1;33m2025-09-18 14:49:37 - Running article generation...[0m
ARTICLE GENERATION COMPLETE - Article #2
[0;32m2025-09-18 14:50:35 - Skipping review - moving to next article[0m
[0;32m2025-09-18 14:50:35 - Completed: 2[0m
[0;34m2025-09-18 14:50:40 - Starting generation for: 3[0m
[1;33m2025-09-18 14:50:40 - Running article generation...[0m
ARTICLE GENERATION COMPLETE - Article #3
[0;32m2025-09-18 14:51:36 - Skipping review - moving to next article[0m
[0;32m2025-09-18 14:51:36 - Completed: 3[0m
[0;34m2025-09-18 14:51:41 - Starting generation for: 4[0m
[1;33m2025-09-18 14:51:41 - Running article generation...[0m
ARTICLE GENERATION COMPLETE - Article #4
[0;32m2025-09-18 14:52:39 - Skipping review - moving to next article[0m
[0;32m2025-09-18 14:52:39 - Completed: 4[0m
[0;34m2025-09-18 14:52:44 - Starting generation for: 5[0m
[1;33m2025-09-18 14:52:44 - Running article generation...[0m
ARTICLE GENERATION COMPLETE - Article #5
[0;32m2025-09-18 14:53:45 - Skipping review - moving to next article[0m
[0;32m2025-09-18 14:53:45 - Completed: 5[0m
[0;34m2025-09-18 14:53:50 - Starting generation for: 6[0m
[1;33m2025-09-18 14:53:50 - Running article generation...[0m
ARTICLE GENERATION COMPLETE - Article #6
[0;32m2025-09-18 14:55:16 - Skipping review - moving to next article[0m
[0;32m2025-09-18 14:55:16 - Completed: 6[0m
[0;34m2025-09-18 14:55:21 - Starting generation for: 7[0m
[1;33m2025-09-18 14:55:21 - Running article generation...[0m
ARTICLE GENERATION COMPLETE - Article #7
[0;32m2025-09-18 14:56:25 - Skipping review - moving to next article[0m
[0;32m2025-09-18 14:56:25 - Completed: 7[0m
[0;34m2025-09-18 14:56:30 - Starting generation for: 8[0m
[1;33m2025-09-18 14:56:30 - Running article generation...[0m
ARTICLE GENERATION COMPLETE - Article #8
[0;32m2025-09-18 14:57:53 - Skipping review - moving to next article[0m
[0;32m2025-09-18 14:57:53 - Completed: 8[0m
[0;34m2025-09-18 14:57:58 - Starting generation for: 9[0m
[1;33m2025-09-18 14:57:58 - Running article generation...[0m
ARTICLE GENERATION COMPLETE - Article #9
[0;32m2025-09-18 14:59:25 - Skipping review - moving to next article[0m
[0;32m2025-09-18 14:59:25 - Completed: 9[0m
[0;34m2025-09-18 14:59:30 - Starting generation for: 10[0m
[1;33m2025-09-18 14:59:30 - Running article generation...[0m
ARTICLE GENERATION COMPLETE - Article #10
[0;32m2025-09-18 18:11:39 - Skipping review - moving to next article[0m
[0;32m2025-09-18 18:11:39 - Completed: 10[0m
[0;34m2025-09-18 18:11:44 - Starting generation for: 11[0m
[1;33m2025-09-18 18:11:44 - Running article generation...[0m
ARTICLE GENERATION COMPLETE - Article #11
[0;32m2025-09-18 18:12:58 - Skipping review - moving to next article[0m
[0;32m2025-09-18 18:12:58 - Completed: 11[0m
[0;34m2025-09-18 18:13:03 - Starting generation for: 12[0m
[1;33m2025-09-18 18:13:03 - Running article generation...[0m
ARTICLE GENERATION COMPLETE - Article #12
[0;32m2025-09-18 18:14:26 - Skipping review - moving to next article[0m
[0;32m2025-09-18 18:14:26 - Completed: 12[0m
[0;34m2025-09-18 18:14:31 - Starting generation for: 13[0m
[1;33m2025-09-18 18:14:31 - Running article generation...[0m
ARTICLE GENERATION COMPLETE - Article #13
[0;32m2025-09-18 18:15:43 - Skipping review - moving to next article[0m
[0;32m2025-09-18 18:15:43 - Completed: 13[0m
[0;34m2025-09-18 18:15:48 - Starting generation for: 14[0m
[1;33m2025-09-18 18:15:48 - Running article generation...[0m
ARTICLE GENERATION COMPLETE - Article #14
[0;32m2025-09-18 18:16:59 - Skipping review - moving to next article[0m
[0;32m2025-09-18 18:16:59 - Completed: 14[0m
[0;34m2025-09-18 18:17:04 - Starting generation for: 15[0m
[1;33m2025-09-18 18:17:04 - Running article generation...[0m
ARTICLE GENERATION COMPLETE - Article #15
[0;32m2025-09-18 18:18:22 - Skipping review - moving to next article[0m
[0;32m2025-09-18 18:18:22 - Completed: 15[0m
[0;34m2025-09-18 18:18:27 - Starting generation for: 16[0m
[1;33m2025-09-18 18:18:27 - Running article generation...[0m
ARTICLE GENERATION COMPLETE - Article #16
[0;32m2025-09-18 18:20:10 - Skipping review - moving to next article[0m
[0;32m2025-09-18 18:20:10 - Completed: 16[0m
[0;34m2025-09-18 18:20:15 - Starting generation for: 17[0m
[1;33m2025-09-18 18:20:15 - Running article generation...[0m
ARTICLE GENERATION COMPLETE - Article #17
[0;32m2025-09-18 18:22:39 - Skipping review - moving to next article[0m
[0;32m2025-09-18 18:22:39 - Completed: 17[0m
[0;34m2025-09-18 18:22:44 - Starting generation for: 18[0m
[1;33m2025-09-18 18:22:44 - Running article generation...[0m
ARTICLE GENERATION COMPLETE - Article #18
[0;32m2025-09-18 18:25:07 - Skipping review - moving to next article[0m
[0;32m2025-09-18 18:25:07 - Completed: 18[0m
[0;34m2025-09-18 18:25:12 - Starting generation for: 19[0m
[1;33m2025-09-18 18:25:12 - Running article generation...[0m
ARTICLE GENERATION COMPLETE - Article #19
[0;32m2025-09-18 18:28:13 - Skipping review - moving to next article[0m
[0;32m2025-09-18 18:28:13 - Completed: 19[0m
[0;34m2025-09-18 18:28:18 - Starting generation for: 20[0m
[1;33m2025-09-18 18:28:18 - Running article generation...[0m
ARTICLE GENERATION COMPLETE - Article #20
[0;32m2025-09-18 18:30:22 - Skipping review - moving to next article[0m
[0;32m2025-09-18 18:30:22 - Completed: 20[0m
