[0;34m2025-09-18 10:37:36 - Starting Article Generation Cycle for template: career-plateau[0m
[1;33m2025-09-18 10:37:36 - Creating worktree for template: career-plateau[0m
[0;32m2025-09-18 10:37:36 - Created branch: article-career-plateau[0m
[0;32m2025-09-18 10:37:38 - Created worktree: ../templata-career-plateau[0m
[1;33m2025-09-18 10:37:38 - Creating template blog file: blogs-career-plateau.ts[0m
[0;32m2025-09-18 10:37:38 - Created template blog file: ../templata-career-plateau/src/registry/blogs-career-plateau.ts[0m
[0;34m2025-09-18 10:37:38 - Starting generation for: 1[0m
[1;33m2025-09-18 10:37:38 - Running article generation...[0m
ARTICLE GENERATION COMPLETE - Article #1
[0;32m2025-09-18 10:38:51 - Skipping review - moving to next article[0m
[0;32m2025-09-18 10:38:51 - Completed: 1[0m
[0;34m2025-09-18 10:38:56 - Starting generation for: 2[0m
[1;33m2025-09-18 10:38:56 - Running article generation...[0m
ARTICLE GENERATION COMPLETE - Article #2
[0;32m2025-09-18 10:40:17 - Skipping review - moving to next article[0m
[0;32m2025-09-18 10:40:17 - Completed: 2[0m
[0;34m2025-09-18 10:40:22 - Starting generation for: 3[0m
[1;33m2025-09-18 10:40:22 - Running article generation...[0m
ARTICLE GENERATION COMPLETE - Article #3
[0;32m2025-09-18 10:42:19 - Skipping review - moving to next article[0m
[0;32m2025-09-18 10:42:19 - Completed: 3[0m
[0;34m2025-09-18 10:42:24 - Starting generation for: 4[0m
[1;33m2025-09-18 10:42:24 - Running article generation...[0m
ARTICLE GENERATION COMPLETE - Article #4
[0;32m2025-09-18 10:43:51 - Skipping review - moving to next article[0m
[0;32m2025-09-18 10:43:51 - Completed: 4[0m
[0;34m2025-09-18 10:43:56 - Starting generation for: 5[0m
[1;33m2025-09-18 10:43:56 - Running article generation...[0m
ARTICLE GENERATION COMPLETE - Article #5
[0;32m2025-09-18 10:45:29 - Skipping review - moving to next article[0m
[0;32m2025-09-18 10:45:29 - Completed: 5[0m
[0;34m2025-09-18 10:45:34 - Starting generation for: 6[0m
[1;33m2025-09-18 10:45:34 - Running article generation...[0m
ARTICLE GENERATION COMPLETE - Article #6
[0;32m2025-09-18 10:47:20 - Skipping review - moving to next article[0m
[0;32m2025-09-18 10:47:20 - Completed: 6[0m
[0;34m2025-09-18 10:47:25 - Starting generation for: 7[0m
[1;33m2025-09-18 10:47:25 - Running article generation...[0m
ARTICLE GENERATION COMPLETE - Article #7
[0;32m2025-09-18 10:49:09 - Skipping review - moving to next article[0m
[0;32m2025-09-18 10:49:09 - Completed: 7[0m
[0;34m2025-09-18 10:49:14 - Starting generation for: 8[0m
[1;33m2025-09-18 10:49:14 - Running article generation...[0m
ARTICLE GENERATION COMPLETE - Article #8
[0;32m2025-09-18 10:51:14 - Skipping review - moving to next article[0m
[0;32m2025-09-18 10:51:14 - Completed: 8[0m
[0;34m2025-09-18 10:51:19 - Starting generation for: 9[0m
[1;33m2025-09-18 10:51:19 - Running article generation...[0m
ARTICLE GENERATION COMPLETE - Article #9
[0;32m2025-09-18 10:53:11 - Skipping review - moving to next article[0m
[0;32m2025-09-18 10:53:11 - Completed: 9[0m
[0;34m2025-09-18 10:53:16 - Starting generation for: 10[0m
[1;33m2025-09-18 10:53:16 - Running article generation...[0m
ARTICLE GENERATION COMPLETE - Article #10
[0;32m2025-09-18 10:56:01 - Skipping review - moving to next article[0m
[0;32m2025-09-18 10:56:01 - Completed: 10[0m
[0;34m2025-09-18 10:56:06 - Starting generation for: 11[0m
[1;33m2025-09-18 10:56:06 - Running article generation...[0m
ARTICLE GENERATION COMPLETE - Article #11
[0;32m2025-09-18 10:58:27 - Skipping review - moving to next article[0m
[0;32m2025-09-18 10:58:27 - Completed: 11[0m
[0;34m2025-09-18 12:01:54 - Starting generation for: 12[0m
[1;33m2025-09-18 12:01:54 - Running article generation...[0m
ARTICLE GENERATION COMPLETE - Article #12
[0;32m2025-09-18 12:04:10 - Skipping review - moving to next article[0m
[0;32m2025-09-18 12:04:10 - Completed: 12[0m
[0;34m2025-09-18 12:04:16 - Starting generation for: 13[0m
[1;33m2025-09-18 12:04:16 - Running article generation...[0m
ARTICLE GENERATION COMPLETE - Article #13
[0;32m2025-09-18 12:06:42 - Skipping review - moving to next article[0m
[0;32m2025-09-18 12:06:42 - Completed: 13[0m
[0;34m2025-09-18 12:06:47 - Starting generation for: 14[0m
[1;33m2025-09-18 12:06:47 - Running article generation...[0m
ARTICLE GENERATION COMPLETE - Article #14
[0;32m2025-09-18 12:08:20 - Skipping review - moving to next article[0m
[0;32m2025-09-18 12:08:20 - Completed: 14[0m
[0;34m2025-09-18 12:08:25 - Starting generation for: 15[0m
[1;33m2025-09-18 12:08:25 - Running article generation...[0m
ARTICLE GENERATION COMPLETE - Article #15
[0;32m2025-09-18 12:11:00 - Skipping review - moving to next article[0m
[0;32m2025-09-18 12:11:00 - Completed: 15[0m
[0;34m2025-09-18 12:11:05 - Starting generation for: 16[0m
[1;33m2025-09-18 12:11:05 - Running article generation...[0m
ARTICLE GENERATION COMPLETE - Article #16
[0;32m2025-09-18 12:12:21 - Skipping review - moving to next article[0m
[0;32m2025-09-18 12:12:21 - Completed: 16[0m
[0;34m2025-09-18 12:12:26 - Starting generation for: 17[0m
[1;33m2025-09-18 12:12:26 - Running article generation...[0m
ARTICLE GENERATION COMPLETE - Article #17
[0;32m2025-09-18 12:15:04 - Skipping review - moving to next article[0m
[0;32m2025-09-18 12:15:04 - Completed: 17[0m
[0;34m2025-09-18 12:15:09 - Starting generation for: 18[0m
[1;33m2025-09-18 12:15:09 - Running article generation...[0m
ARTICLE GENERATION COMPLETE - Article #18
[0;32m2025-09-18 12:16:34 - Skipping review - moving to next article[0m
[0;32m2025-09-18 12:16:34 - Completed: 18[0m
[0;34m2025-09-18 12:16:39 - Starting generation for: 19[0m
[1;33m2025-09-18 12:16:39 - Running article generation...[0m
ARTICLE GENERATION COMPLETE - Article #19
[0;32m2025-09-18 12:17:54 - Skipping review - moving to next article[0m
[0;32m2025-09-18 12:17:54 - Completed: 19[0m
[0;34m2025-09-18 12:17:59 - Starting generation for: 20[0m
[1;33m2025-09-18 12:17:59 - Running article generation...[0m
ARTICLE GENERATION COMPLETE - Article #20
[0;32m2025-09-18 12:19:14 - Skipping review - moving to next article[0m
[0;32m2025-09-18 12:19:14 - Completed: 20[0m
