[0;34m2025-09-16 19:19:48 - Starting Article Generation Cycle for template: technology-digital[0m
[0;32m2025-09-16 19:19:48 - Using existing worktree: ../templata-technology-digital[0m
[0;34m2025-09-16 19:19:48 - Starting generation for: 1[0m
[1;33m2025-09-16 19:19:48 - Running article generation...[0m
[0;34m2025-09-16 19:21:32 - Starting Article Generation Cycle for template: technology-digital[0m
[0;32m2025-09-16 19:21:32 - Using existing worktree: ../templata-technology-digital[0m
[0;34m2025-09-16 19:21:34 - Starting generation for: 1[0m
[1;33m2025-09-16 19:21:34 - Running article generation...[0m
ARTICLE GENERATION COMPLETE - Article #1
[0;32m2025-09-16 19:21:59 - Skipping review - moving to next article[0m
[0;32m2025-09-16 19:21:59 - Completed: 1[0m
[0;34m2025-09-16 19:22:04 - Starting generation for: 2[0m
[1;33m2025-09-16 19:22:04 - Running article generation...[0m
ARTICLE GENERATION COMPLETE - Article #2
ARTICLE GENERATION COMPLETE - Article #1
[0;34m2025-09-19 15:37:53 - Starting Article Generation Cycle for template: technology-digital[0m
[1;33m2025-09-19 15:37:53 - Creating worktree for template: technology-digital[0m
[0;32m2025-09-19 15:37:55 - Created worktree: ../templata-technology-digital[0m
[1;33m2025-09-19 15:37:55 - Creating template blog file: blogs-technology-digital.ts[0m
[0;32m2025-09-19 15:37:55 - Created template blog file: ../templata-technology-digital/src/registry/blogs-technology-digital.ts[0m
[0;34m2025-09-19 15:37:55 - Starting generation for: 2[0m
[1;33m2025-09-19 15:37:55 - Running article generation...[0m
ARTICLE GENERATION COMPLETE - Article #2
[0;32m2025-09-19 15:39:09 - Skipping review - moving to next article[0m
[0;32m2025-09-19 15:39:09 - Completed: 2[0m
[0;34m2025-09-19 15:39:14 - Starting generation for: 3[0m
[1;33m2025-09-19 15:39:14 - Running article generation...[0m
ARTICLE GENERATION COMPLETE - Article #3
[0;32m2025-09-19 15:40:39 - Skipping review - moving to next article[0m
[0;32m2025-09-19 15:40:39 - Completed: 3[0m
[0;34m2025-09-19 15:40:44 - Starting generation for: 4[0m
[1;33m2025-09-19 15:40:44 - Running article generation...[0m
ARTICLE GENERATION COMPLETE - Article #4
[0;32m2025-09-19 15:42:20 - Skipping review - moving to next article[0m
[0;32m2025-09-19 15:42:20 - Completed: 4[0m
[0;34m2025-09-19 15:42:25 - Starting generation for: 5[0m
[1;33m2025-09-19 15:42:25 - Running article generation...[0m
ARTICLE GENERATION COMPLETE - Article #5
[0;32m2025-09-19 15:44:02 - Skipping review - moving to next article[0m
[0;32m2025-09-19 15:44:02 - Completed: 5[0m
[0;34m2025-09-19 15:44:07 - Starting generation for: 6[0m
[1;33m2025-09-19 15:44:07 - Running article generation...[0m
ARTICLE GENERATION COMPLETE - Article #6
[0;32m2025-09-19 15:45:32 - Skipping review - moving to next article[0m
[0;32m2025-09-19 15:45:32 - Completed: 6[0m
[0;34m2025-09-19 15:45:37 - Starting generation for: 7[0m
[1;33m2025-09-19 15:45:37 - Running article generation...[0m
ARTICLE GENERATION COMPLETE - Article #7
[0;32m2025-09-19 15:47:13 - Skipping review - moving to next article[0m
[0;32m2025-09-19 15:47:13 - Completed: 7[0m
[0;34m2025-09-19 15:47:18 - Starting generation for: 8[0m
[1;33m2025-09-19 15:47:18 - Running article generation...[0m
ARTICLE GENERATION COMPLETE - Article #8
[0;32m2025-09-19 15:49:10 - Skipping review - moving to next article[0m
[0;32m2025-09-19 15:49:10 - Completed: 8[0m
[0;34m2025-09-19 15:49:16 - Starting generation for: 9[0m
[1;33m2025-09-19 15:49:16 - Running article generation...[0m
ARTICLE GENERATION COMPLETE - Article #9
[0;32m2025-09-19 15:50:59 - Skipping review - moving to next article[0m
[0;32m2025-09-19 15:50:59 - Completed: 9[0m
[0;34m2025-09-19 15:51:04 - Starting generation for: 10[0m
[1;33m2025-09-19 15:51:04 - Running article generation...[0m
ARTICLE GENERATION COMPLETE - Article #10
[0;32m2025-09-19 15:52:56 - Skipping review - moving to next article[0m
[0;32m2025-09-19 15:52:56 - Completed: 10[0m
[0;34m2025-09-19 15:53:01 - Starting generation for: 11[0m
[1;33m2025-09-19 15:53:01 - Running article generation...[0m
ARTICLE GENERATION COMPLETE - Article #11
[0;32m2025-09-19 15:55:08 - Skipping review - moving to next article[0m
[0;32m2025-09-19 15:55:08 - Completed: 11[0m
[0;34m2025-09-19 15:55:13 - Starting generation for: 12[0m
[1;33m2025-09-19 15:55:13 - Running article generation...[0m
ARTICLE GENERATION COMPLETE - Article #12
[0;32m2025-09-19 15:59:02 - Skipping review - moving to next article[0m
[0;32m2025-09-19 15:59:02 - Completed: 12[0m
[0;34m2025-09-19 15:59:07 - Starting generation for: 13[0m
[1;33m2025-09-19 15:59:07 - Running article generation...[0m
Perfect! I have successfully created and added Article #13 to the technology digital template. The article is a comprehensive 1,400+ word guide on "Building a Personal Knowledge Management System for the Digital Age" that:

✅ Follows the master prompt guidelines with sophisticated, caring voice
✅ Is 1,200-1,600 words (12 min read)
✅ Author: "Templata"
✅ Category: "Personal Life"
✅ Added to manualBlogPosts array in src/registry/blogs-technology-digital.ts
✅ Includes proper SEO metadata
✅ Type: "guide", Difficulty: "intermediate"
✅ Focuses on technology digital context and needs
✅ Covers a relevant topic (knowledge management) that helps people with technology digital challenges
✅ Uses flowing paragraphs instead of bullet points
✅ Written in third person (no first person)
✅ Premium but accessible tone

The article addresses information overload and knowledge management - a critical challenge for people in the technology digital space who need to capture, organize, and retrieve vast amounts of information effectively.

ARTICLE GENERATION COMPLETE - Article #13
[0;32m2025-09-19 16:02:49 - Skipping review - moving to next article[0m
[0;32m2025-09-19 16:02:49 - Completed: 13[0m
[0;34m2025-09-19 16:02:54 - Starting generation for: 14[0m
[1;33m2025-09-19 16:02:54 - Running article generation...[0m
ARTICLE GENERATION COMPLETE - Article #14
[0;32m2025-09-19 16:08:35 - Skipping review - moving to next article[0m
[0;32m2025-09-19 16:08:36 - Completed: 14[0m
[0;34m2025-09-19 16:08:41 - Starting generation for: 15[0m
[1;33m2025-09-19 16:08:41 - Running article generation...[0m
ARTICLE GENERATION COMPLETE - Article #15
[0;32m2025-09-19 16:10:55 - Skipping review - moving to next article[0m
[0;32m2025-09-19 16:10:55 - Completed: 15[0m
[0;34m2025-09-19 16:11:00 - Starting generation for: 16[0m
[1;33m2025-09-19 16:11:00 - Running article generation...[0m
Perfect! I have successfully created Article #16 for the technology digital template. The article is titled "Digital Wellness: Creating Sustainable Technology Habits in a Hyperconnected World" and covers:

- Understanding digital patterns and their impact
- Designing intentional digital environments
- Establishing healthy digital boundaries
- Optimizing technology for well-being
- Building positive technology habits
- Creating sustainable change

The article is 1,421 words (within the 1,200-1,600 word requirement), follows the master prompt guidelines with a sophisticated and caring voice, includes proper SEO metadata, and has been successfully added to the blog registry.

ARTICLE GENERATION COMPLETE - Article #16
[0;32m2025-09-19 16:15:16 - Skipping review - moving to next article[0m
[0;32m2025-09-19 16:15:16 - Completed: 16[0m
[0;34m2025-09-19 16:15:21 - Starting generation for: 17[0m
[1;33m2025-09-19 16:15:21 - Running article generation...[0m
ARTICLE GENERATION COMPLETE - Article #17
[0;32m2025-09-19 16:17:23 - Skipping review - moving to next article[0m
[0;32m2025-09-19 16:17:23 - Completed: 17[0m
[0;34m2025-09-19 16:17:28 - Starting generation for: 18[0m
[1;33m2025-09-19 16:17:28 - Running article generation...[0m
ARTICLE GENERATION COMPLETE - Article #18
[0;32m2025-09-19 16:19:55 - Skipping review - moving to next article[0m
[0;32m2025-09-19 16:19:55 - Completed: 18[0m
[0;34m2025-09-19 16:20:00 - Starting generation for: 19[0m
[1;33m2025-09-19 16:20:00 - Running article generation...[0m
ARTICLE GENERATION COMPLETE - Article #19
[0;32m2025-09-19 16:22:19 - Skipping review - moving to next article[0m
[0;32m2025-09-19 16:22:19 - Completed: 19[0m
[0;34m2025-09-19 16:22:24 - Starting generation for: 20[0m
[1;33m2025-09-19 16:22:24 - Running article generation...[0m
ARTICLE GENERATION COMPLETE - Article #20
[0;32m2025-09-19 16:24:27 - Skipping review - moving to next article[0m
[0;32m2025-09-19 16:24:27 - Completed: 20[0m
