[0;34m2025-09-18 14:48:30 - Starting Article Generation Cycle for template: first-time-parent[0m
[1;33m2025-09-18 14:48:30 - Creating worktree for template: first-time-parent[0m
[0;32m2025-09-18 14:48:30 - Created branch: article-first-time-parent[0m
[0;32m2025-09-18 14:48:33 - Created worktree: ../templata-first-time-parent[0m
[1;33m2025-09-18 14:48:33 - Creating template blog file: blogs-first-time-parent.ts[0m
[0;32m2025-09-18 14:48:33 - Created template blog file: ../templata-first-time-parent/src/registry/blogs-first-time-parent.ts[0m
[0;34m2025-09-18 14:48:33 - Starting generation for: 1[0m
[1;33m2025-09-18 14:48:33 - Running article generation...[0m
ARTICLE GENERATION COMPLETE - Article #1
[0;32m2025-09-18 14:49:53 - Skipping review - moving to next article[0m
[0;32m2025-09-18 14:49:53 - Completed: 1[0m
[0;34m2025-09-18 14:49:58 - Starting generation for: 2[0m
[1;33m2025-09-18 14:49:58 - Running article generation...[0m
ARTICLE GENERATION COMPLETE - Article #2
[0;32m2025-09-18 14:51:23 - Skipping review - moving to next article[0m
[0;32m2025-09-18 14:51:23 - Completed: 2[0m
[0;34m2025-09-18 14:51:28 - Starting generation for: 3[0m
[1;33m2025-09-18 14:51:28 - Running article generation...[0m
ARTICLE GENERATION COMPLETE - Article #3
[0;32m2025-09-18 14:52:57 - Skipping review - moving to next article[0m
[0;32m2025-09-18 14:52:57 - Completed: 3[0m
[0;34m2025-09-18 14:53:02 - Starting generation for: 4[0m
[1;33m2025-09-18 14:53:02 - Running article generation...[0m
ARTICLE GENERATION COMPLETE - Article #4
[0;32m2025-09-18 14:54:34 - Skipping review - moving to next article[0m
[0;32m2025-09-18 14:54:34 - Completed: 4[0m
[0;34m2025-09-18 14:54:39 - Starting generation for: 5[0m
[1;33m2025-09-18 14:54:39 - Running article generation...[0m
ARTICLE GENERATION COMPLETE - Article #5
[0;32m2025-09-18 14:56:14 - Skipping review - moving to next article[0m
[0;32m2025-09-18 14:56:14 - Completed: 5[0m
[0;34m2025-09-18 14:56:19 - Starting generation for: 6[0m
[1;33m2025-09-18 14:56:19 - Running article generation...[0m
ARTICLE GENERATION COMPLETE - Article #6
[0;32m2025-09-18 14:58:04 - Skipping review - moving to next article[0m
[0;32m2025-09-18 14:58:04 - Completed: 6[0m
[0;34m2025-09-18 14:58:09 - Starting generation for: 7[0m
[1;33m2025-09-18 14:58:09 - Running article generation...[0m
ARTICLE GENERATION COMPLETE - Article #7
[0;32m2025-09-18 14:59:39 - Skipping review - moving to next article[0m
[0;32m2025-09-18 14:59:39 - Completed: 7[0m
[0;34m2025-09-18 14:59:44 - Starting generation for: 8[0m
[1;33m2025-09-18 14:59:44 - Running article generation...[0m
ARTICLE GENERATION COMPLETE - Article #8
[0;32m2025-09-18 18:11:39 - Skipping review - moving to next article[0m
[0;32m2025-09-18 18:11:39 - Completed: 8[0m
[0;34m2025-09-18 18:11:44 - Starting generation for: 9[0m
[1;33m2025-09-18 18:11:44 - Running article generation...[0m
ARTICLE GENERATION COMPLETE - Article #9
[0;32m2025-09-18 18:13:19 - Skipping review - moving to next article[0m
[0;32m2025-09-18 18:13:19 - Completed: 9[0m
[0;34m2025-09-18 18:13:24 - Starting generation for: 10[0m
[1;33m2025-09-18 18:13:25 - Running article generation...[0m
ARTICLE GENERATION COMPLETE - Article #10
[0;32m2025-09-18 18:17:06 - Skipping review - moving to next article[0m
[0;32m2025-09-18 18:17:06 - Completed: 10[0m
[0;34m2025-09-18 18:17:11 - Starting generation for: 11[0m
[1;33m2025-09-18 18:17:11 - Running article generation...[0m
ARTICLE GENERATION COMPLETE - Article #11
[0;32m2025-09-18 18:19:23 - Skipping review - moving to next article[0m
[0;32m2025-09-18 18:19:23 - Completed: 11[0m
[0;34m2025-09-18 18:19:28 - Starting generation for: 12[0m
[1;33m2025-09-18 18:19:28 - Running article generation...[0m
ARTICLE GENERATION COMPLETE - Article #12
[0;32m2025-09-18 18:21:46 - Skipping review - moving to next article[0m
[0;32m2025-09-18 18:21:46 - Completed: 12[0m
[0;34m2025-09-18 18:21:51 - Starting generation for: 13[0m
[1;33m2025-09-18 18:21:51 - Running article generation...[0m
ARTICLE GENERATION COMPLETE - Article #13
[0;32m2025-09-18 18:24:47 - Skipping review - moving to next article[0m
[0;32m2025-09-18 18:24:47 - Completed: 13[0m
[0;34m2025-09-18 18:24:52 - Starting generation for: 14[0m
[1;33m2025-09-18 18:24:52 - Running article generation...[0m
ARTICLE GENERATION COMPLETE - Article #14
[0;32m2025-09-18 18:28:58 - Skipping review - moving to next article[0m
[0;32m2025-09-18 18:28:58 - Completed: 14[0m
[0;34m2025-09-18 18:29:03 - Starting generation for: 15[0m
[1;33m2025-09-18 18:29:03 - Running article generation...[0m
ARTICLE GENERATION COMPLETE - Article #15
[0;32m2025-09-18 18:31:45 - Skipping review - moving to next article[0m
[0;32m2025-09-18 18:31:45 - Completed: 15[0m
[0;34m2025-09-18 18:31:50 - Starting generation for: 16[0m
[1;33m2025-09-18 18:31:50 - Running article generation...[0m
ARTICLE GENERATION COMPLETE - Article #16
[0;32m2025-09-18 18:34:24 - Skipping review - moving to next article[0m
[0;32m2025-09-18 18:34:24 - Completed: 16[0m
[0;34m2025-09-18 18:34:29 - Starting generation for: 17[0m
[1;33m2025-09-18 18:34:29 - Running article generation...[0m
ARTICLE GENERATION COMPLETE - Article #17
[0;32m2025-09-18 18:37:26 - Skipping review - moving to next article[0m
[0;32m2025-09-18 18:37:26 - Completed: 17[0m
[0;34m2025-09-18 18:37:31 - Starting generation for: 18[0m
[1;33m2025-09-18 18:37:31 - Running article generation...[0m
ARTICLE GENERATION COMPLETE - Article #18
[0;32m2025-09-18 18:38:59 - Skipping review - moving to next article[0m
[0;32m2025-09-18 18:38:59 - Completed: 18[0m
[0;34m2025-09-18 18:39:04 - Starting generation for: 19[0m
[1;33m2025-09-18 18:39:04 - Running article generation...[0m
ARTICLE GENERATION COMPLETE - Article #19
[0;32m2025-09-18 18:40:58 - Skipping review - moving to next article[0m
[0;32m2025-09-18 18:40:58 - Completed: 19[0m
[0;34m2025-09-18 18:41:03 - Starting generation for: 20[0m
[1;33m2025-09-18 18:41:03 - Running article generation...[0m
ARTICLE GENERATION COMPLETE - Article #20
[0;32m2025-09-18 18:43:42 - Skipping review - moving to next article[0m
[0;32m2025-09-18 18:43:42 - Completed: 20[0m
[0;34m2025-09-19 16:42:00 - Starting Article Generation Cycle for template: first-time-parent[0m
[0;32m2025-09-19 16:42:00 - Using existing worktree: ../templata-first-time-parent[0m
