[0;34m2025-09-17 16:06:37 - Starting Article Generation Cycle for template: parenting-guidance[0m
[0;32m2025-09-17 16:06:37 - Using existing worktree: ../templata-parenting-guidance[0m
[1;33m2025-09-17 16:06:37 - Creating template blog file: blogs-parenting-guidance.ts[0m
[0;32m2025-09-17 16:06:38 - Created template blog file: ../templata-parenting-guidance/src/registry/blogs-parenting-guidance.ts[0m
[0;34m2025-09-17 16:06:38 - Starting generation for: 1[0m
[1;33m2025-09-17 16:06:38 - Running article generation...[0m
API Error: Connection error.
[0;32m2025-09-17 18:08:38 - Skipping review - moving to next article[0m
[0;32m2025-09-17 18:08:38 - Completed: 1[0m
[0;34m2025-09-17 18:08:43 - Starting generation for: 2[0m
[1;33m2025-09-17 18:08:43 - Running article generation...[0m
[0;34m2025-09-17 18:51:06 - Starting Article Generation Cycle for template: parenting-guidance[0m
[0;32m2025-09-17 18:51:06 - Using existing worktree: ../templata-parenting-guidance[0m
[0;34m2025-09-17 18:51:06 - Starting generation for: 2[0m
[1;33m2025-09-17 18:51:06 - Running article generation...[0m
ARTICLE GENERATION COMPLETE - Article #2
[0;32m2025-09-17 18:52:16 - Skipping review - moving to next article[0m
[0;32m2025-09-17 18:52:16 - Completed: 2[0m
[0;34m2025-09-17 18:52:21 - Starting generation for: 3[0m
[1;33m2025-09-17 18:52:21 - Running article generation...[0m
ARTICLE GENERATION COMPLETE - Article #3
[0;32m2025-09-17 18:53:45 - Skipping review - moving to next article[0m
[0;32m2025-09-17 18:53:45 - Completed: 3[0m
[0;34m2025-09-17 18:53:50 - Starting generation for: 4[0m
[1;33m2025-09-17 18:53:50 - Running article generation...[0m
ARTICLE GENERATION COMPLETE - Article #4
[0;32m2025-09-17 18:55:26 - Skipping review - moving to next article[0m
[0;32m2025-09-17 18:55:26 - Completed: 4[0m
[0;34m2025-09-17 18:55:31 - Starting generation for: 5[0m
[1;33m2025-09-17 18:55:31 - Running article generation...[0m
ARTICLE GENERATION COMPLETE - Article #5
[0;32m2025-09-17 18:57:21 - Skipping review - moving to next article[0m
[0;32m2025-09-17 18:57:21 - Completed: 5[0m
[0;34m2025-09-17 18:57:26 - Starting generation for: 6[0m
[1;33m2025-09-17 18:57:26 - Running article generation...[0m
ARTICLE GENERATION COMPLETE - Article #6
[0;32m2025-09-17 18:59:10 - Skipping review - moving to next article[0m
[0;32m2025-09-17 18:59:10 - Completed: 6[0m
[0;34m2025-09-17 18:59:15 - Starting generation for: 7[0m
[1;33m2025-09-17 18:59:15 - Running article generation...[0m
ARTICLE GENERATION COMPLETE - Article #7
[0;32m2025-09-17 19:00:57 - Skipping review - moving to next article[0m
[0;32m2025-09-17 19:00:57 - Completed: 7[0m
[0;34m2025-09-17 19:01:02 - Starting generation for: 8[0m
[1;33m2025-09-17 19:01:02 - Running article generation...[0m
ARTICLE GENERATION COMPLETE - Article #8
[0;32m2025-09-17 19:02:53 - Skipping review - moving to next article[0m
[0;32m2025-09-17 19:02:53 - Completed: 8[0m
[0;34m2025-09-17 19:02:58 - Starting generation for: 9[0m
[1;33m2025-09-17 19:02:58 - Running article generation...[0m
ARTICLE GENERATION COMPLETE - Article #9
[0;32m2025-09-17 19:04:46 - Skipping review - moving to next article[0m
[0;32m2025-09-17 19:04:46 - Completed: 9[0m
[0;34m2025-09-17 19:04:51 - Starting generation for: 10[0m
[1;33m2025-09-17 19:04:51 - Running article generation...[0m
ARTICLE GENERATION COMPLETE - Article #10
[0;32m2025-09-17 19:07:40 - Skipping review - moving to next article[0m
[0;32m2025-09-17 19:07:40 - Completed: 10[0m
[0;34m2025-09-17 19:07:45 - Starting generation for: 11[0m
[1;33m2025-09-17 19:07:45 - Running article generation...[0m
ARTICLE GENERATION COMPLETE - Article #11
[0;32m2025-09-17 19:11:59 - Skipping review - moving to next article[0m
[0;32m2025-09-17 19:11:59 - Completed: 11[0m
[0;34m2025-09-17 19:12:04 - Starting generation for: 12[0m
[1;33m2025-09-17 19:12:04 - Running article generation...[0m
ARTICLE GENERATION COMPLETE - Article #12
[0;32m2025-09-17 19:14:16 - Skipping review - moving to next article[0m
[0;32m2025-09-17 19:14:16 - Completed: 12[0m
[0;34m2025-09-17 19:14:21 - Starting generation for: 13[0m
[1;33m2025-09-17 19:14:21 - Running article generation...[0m
ARTICLE GENERATION COMPLETE - Article #13
[0;32m2025-09-17 19:18:11 - Skipping review - moving to next article[0m
[0;32m2025-09-17 19:18:11 - Completed: 13[0m
[0;34m2025-09-17 19:18:16 - Starting generation for: 14[0m
[1;33m2025-09-17 19:18:16 - Running article generation...[0m
ARTICLE GENERATION COMPLETE - Article #14
[0;32m2025-09-17 19:19:45 - Skipping review - moving to next article[0m
[0;32m2025-09-17 19:19:45 - Completed: 14[0m
[0;34m2025-09-17 19:19:50 - Starting generation for: 15[0m
[1;33m2025-09-17 19:19:50 - Running article generation...[0m
ARTICLE GENERATION COMPLETE - Article #15
[0;32m2025-09-17 19:22:07 - Skipping review - moving to next article[0m
[0;32m2025-09-17 19:22:07 - Completed: 15[0m
[0;34m2025-09-17 19:22:12 - Starting generation for: 16[0m
[1;33m2025-09-17 19:22:12 - Running article generation...[0m
ARTICLE GENERATION COMPLETE - Article #16
[0;32m2025-09-17 19:24:48 - Skipping review - moving to next article[0m
[0;32m2025-09-17 19:24:48 - Completed: 16[0m
[0;34m2025-09-17 19:24:54 - Starting generation for: 17[0m
[1;33m2025-09-17 19:24:54 - Running article generation...[0m
ARTICLE GENERATION COMPLETE - Article #17
[0;32m2025-09-17 19:27:55 - Skipping review - moving to next article[0m
[0;32m2025-09-17 19:27:55 - Completed: 17[0m
[0;34m2025-09-17 19:28:01 - Starting generation for: 18[0m
[1;33m2025-09-17 19:28:01 - Running article generation...[0m
ARTICLE GENERATION COMPLETE - Article #18
[0;32m2025-09-17 19:30:15 - Skipping review - moving to next article[0m
[0;32m2025-09-17 19:30:15 - Completed: 18[0m
[0;34m2025-09-17 19:30:20 - Starting generation for: 19[0m
[1;33m2025-09-17 19:30:20 - Running article generation...[0m
ARTICLE GENERATION COMPLETE - Article #19
[0;32m2025-09-17 19:33:11 - Skipping review - moving to next article[0m
[0;32m2025-09-17 19:33:11 - Completed: 19[0m
[0;34m2025-09-17 19:33:16 - Starting generation for: 20[0m
[1;33m2025-09-17 19:33:16 - Running article generation...[0m
ARTICLE GENERATION COMPLETE - Article #20
[0;32m2025-09-17 19:35:50 - Skipping review - moving to next article[0m
[0;32m2025-09-17 19:35:50 - Completed: 20[0m
