[0;34m2025-09-17 16:06:37 - Starting Article Generation Cycle for template: creative-writing[0m
[0;32m2025-09-17 16:06:37 - Using existing worktree: ../templata-creative-writing[0m
[1;33m2025-09-17 16:06:37 - Creating template blog file: blogs-creative-writing.ts[0m
[0;32m2025-09-17 16:06:38 - Created template blog file: ../templata-creative-writing/src/registry/blogs-creative-writing.ts[0m
[0;34m2025-09-17 16:06:38 - Starting generation for: 1[0m
[1;33m2025-09-17 16:06:38 - Running article generation...[0m
API Error: Connection error.
[0;32m2025-09-17 18:08:42 - Skipping review - moving to next article[0m
[0;32m2025-09-17 18:08:42 - Completed: 1[0m
[0;34m2025-09-17 18:08:47 - Starting generation for: 2[0m
[1;33m2025-09-17 18:08:48 - Running article generation...[0m
[0;34m2025-09-17 18:51:06 - Starting Article Generation Cycle for template: creative-writing[0m
[0;32m2025-09-17 18:51:06 - Using existing worktree: ../templata-creative-writing[0m
[0;34m2025-09-17 18:51:06 - Starting generation for: 2[0m
[1;33m2025-09-17 18:51:06 - Running article generation...[0m
ARTICLE GENERATION COMPLETE - Article #2
[0;32m2025-09-17 18:52:05 - Skipping review - moving to next article[0m
[0;32m2025-09-17 18:52:05 - Completed: 2[0m
[0;34m2025-09-17 18:52:10 - Starting generation for: 3[0m
[1;33m2025-09-17 18:52:10 - Running article generation...[0m
ARTICLE GENERATION COMPLETE - Article #3
[0;32m2025-09-17 18:53:24 - Skipping review - moving to next article[0m
[0;32m2025-09-17 18:53:24 - Completed: 3[0m
[0;34m2025-09-17 18:53:30 - Starting generation for: 4[0m
[1;33m2025-09-17 18:53:30 - Running article generation...[0m
ARTICLE GENERATION COMPLETE - Article #4
[0;32m2025-09-17 18:54:43 - Skipping review - moving to next article[0m
[0;32m2025-09-17 18:54:43 - Completed: 4[0m
[0;34m2025-09-17 18:54:48 - Starting generation for: 5[0m
[1;33m2025-09-17 18:54:48 - Running article generation...[0m
ARTICLE GENERATION COMPLETE - Article #5
[0;32m2025-09-17 18:56:20 - Skipping review - moving to next article[0m
[0;32m2025-09-17 18:56:20 - Completed: 5[0m
[0;34m2025-09-17 18:56:26 - Starting generation for: 6[0m
[1;33m2025-09-17 18:56:26 - Running article generation...[0m
ARTICLE GENERATION COMPLETE - Article #6
[0;32m2025-09-17 18:58:00 - Skipping review - moving to next article[0m
[0;32m2025-09-17 18:58:00 - Completed: 6[0m
[0;34m2025-09-17 18:58:05 - Starting generation for: 7[0m
[1;33m2025-09-17 18:58:05 - Running article generation...[0m
ARTICLE GENERATION COMPLETE - Article #7
[0;32m2025-09-17 18:59:24 - Skipping review - moving to next article[0m
[0;32m2025-09-17 18:59:24 - Completed: 7[0m
[0;34m2025-09-17 18:59:29 - Starting generation for: 8[0m
[1;33m2025-09-17 18:59:29 - Running article generation...[0m
ARTICLE GENERATION COMPLETE - Article #8
[0;32m2025-09-17 19:01:10 - Skipping review - moving to next article[0m
[0;32m2025-09-17 19:01:10 - Completed: 8[0m
[0;34m2025-09-17 19:01:15 - Starting generation for: 9[0m
[1;33m2025-09-17 19:01:15 - Running article generation...[0m
ARTICLE GENERATION COMPLETE - Article #9
[0;32m2025-09-17 19:03:00 - Skipping review - moving to next article[0m
[0;32m2025-09-17 19:03:00 - Completed: 9[0m
[0;34m2025-09-17 19:03:05 - Starting generation for: 10[0m
[1;33m2025-09-17 19:03:05 - Running article generation...[0m
ARTICLE GENERATION COMPLETE - Article #10
[0;32m2025-09-17 19:04:54 - Skipping review - moving to next article[0m
[0;32m2025-09-17 19:04:54 - Completed: 10[0m
[0;34m2025-09-17 19:04:59 - Starting generation for: 11[0m
[1;33m2025-09-17 19:04:59 - Running article generation...[0m
ARTICLE GENERATION COMPLETE - Article #11
[0;32m2025-09-17 19:06:41 - Skipping review - moving to next article[0m
[0;32m2025-09-17 19:06:41 - Completed: 11[0m
[0;34m2025-09-17 19:06:46 - Starting generation for: 12[0m
[1;33m2025-09-17 19:06:46 - Running article generation...[0m
ARTICLE GENERATION COMPLETE - Article #12
[0;32m2025-09-17 19:10:09 - Skipping review - moving to next article[0m
[0;32m2025-09-17 19:10:09 - Completed: 12[0m
[0;34m2025-09-17 19:10:14 - Starting generation for: 13[0m
[1;33m2025-09-17 19:10:14 - Running article generation...[0m
ARTICLE GENERATION COMPLETE - Article #13
[0;32m2025-09-17 19:13:05 - Skipping review - moving to next article[0m
[0;32m2025-09-17 19:13:05 - Completed: 13[0m
[0;34m2025-09-17 19:13:10 - Starting generation for: 14[0m
[1;33m2025-09-17 19:13:10 - Running article generation...[0m
ARTICLE GENERATION COMPLETE - Article #14
[0;32m2025-09-17 19:16:56 - Skipping review - moving to next article[0m
[0;32m2025-09-17 19:16:56 - Completed: 14[0m
[0;34m2025-09-17 19:17:01 - Starting generation for: 15[0m
[1;33m2025-09-17 19:17:01 - Running article generation...[0m
ARTICLE GENERATION COMPLETE - Article #15
[0;32m2025-09-17 19:18:24 - Skipping review - moving to next article[0m
[0;32m2025-09-17 19:18:24 - Completed: 15[0m
[0;34m2025-09-17 19:18:29 - Starting generation for: 16[0m
[1;33m2025-09-17 19:18:29 - Running article generation...[0m
ARTICLE GENERATION COMPLETE - Article #16
[0;32m2025-09-17 19:22:26 - Skipping review - moving to next article[0m
[0;32m2025-09-17 19:22:26 - Completed: 16[0m
[0;34m2025-09-17 19:22:31 - Starting generation for: 17[0m
[1;33m2025-09-17 19:22:31 - Running article generation...[0m
ARTICLE GENERATION COMPLETE - Article #17
[0;32m2025-09-17 19:25:46 - Skipping review - moving to next article[0m
[0;32m2025-09-17 19:25:46 - Completed: 17[0m
[0;34m2025-09-17 19:25:51 - Starting generation for: 18[0m
[1;33m2025-09-17 19:25:51 - Running article generation...[0m
ARTICLE GENERATION COMPLETE - Article #18
[0;32m2025-09-17 19:27:11 - Skipping review - moving to next article[0m
[0;32m2025-09-17 19:27:11 - Completed: 18[0m
[0;34m2025-09-17 19:27:16 - Starting generation for: 19[0m
[1;33m2025-09-17 19:27:16 - Running article generation...[0m
ARTICLE GENERATION COMPLETE - Article #19
[0;32m2025-09-17 19:29:07 - Skipping review - moving to next article[0m
[0;32m2025-09-17 19:29:07 - Completed: 19[0m
[0;34m2025-09-17 19:29:12 - Starting generation for: 20[0m
[1;33m2025-09-17 19:29:12 - Running article generation...[0m
ARTICLE GENERATION COMPLETE - Article #20
[0;32m2025-09-17 19:31:41 - Skipping review - moving to next article[0m
[0;32m2025-09-17 19:31:41 - Completed: 20[0m
