[0;34m2025-09-18 13:27:15 - Starting Article Generation Cycle for template: financial-recovery[0m
[1;33m2025-09-18 13:27:15 - Creating worktree for template: financial-recovery[0m
[0;32m2025-09-18 13:27:15 - Created branch: article-financial-recovery[0m
[0;32m2025-09-18 13:27:17 - Created worktree: ../templata-financial-recovery[0m
[1;33m2025-09-18 13:27:17 - Creating template blog file: blogs-financial-recovery.ts[0m
[0;32m2025-09-18 13:27:17 - Created template blog file: ../templata-financial-recovery/src/registry/blogs-financial-recovery.ts[0m
[0;34m2025-09-18 13:27:17 - Starting generation for: 1[0m
[1;33m2025-09-18 13:27:18 - Running article generation...[0m
ARTICLE GENERATION COMPLETE - Article #1
[0;32m2025-09-18 13:28:36 - Skipping review - moving to next article[0m
[0;32m2025-09-18 13:28:36 - Completed: 1[0m
[0;34m2025-09-18 13:28:41 - Starting generation for: 2[0m
[1;33m2025-09-18 13:28:41 - Running article generation...[0m
ARTICLE GENERATION COMPLETE - Article #2
[0;32m2025-09-18 13:29:55 - Skipping review - moving to next article[0m
[0;32m2025-09-18 13:29:55 - Completed: 2[0m
[0;34m2025-09-18 13:30:00 - Starting generation for: 3[0m
[1;33m2025-09-18 13:30:00 - Running article generation...[0m
ARTICLE GENERATION COMPLETE - Article #3
[0;32m2025-09-18 13:31:25 - Skipping review - moving to next article[0m
[0;32m2025-09-18 13:31:25 - Completed: 3[0m
[0;34m2025-09-18 13:31:30 - Starting generation for: 4[0m
[1;33m2025-09-18 13:31:30 - Running article generation...[0m
ARTICLE GENERATION COMPLETE - Article #4
[0;32m2025-09-18 13:32:51 - Skipping review - moving to next article[0m
[0;32m2025-09-18 13:32:51 - Completed: 4[0m
[0;34m2025-09-18 13:32:56 - Starting generation for: 5[0m
[1;33m2025-09-18 13:32:56 - Running article generation...[0m
ARTICLE GENERATION COMPLETE - Article #5
[0;32m2025-09-18 13:34:32 - Skipping review - moving to next article[0m
[0;32m2025-09-18 13:34:32 - Completed: 5[0m
[0;34m2025-09-18 13:34:37 - Starting generation for: 6[0m
[1;33m2025-09-18 13:34:37 - Running article generation...[0m
ARTICLE GENERATION COMPLETE - Article #6
[0;32m2025-09-18 13:36:36 - Skipping review - moving to next article[0m
[0;32m2025-09-18 13:36:36 - Completed: 6[0m
[0;34m2025-09-18 13:36:41 - Starting generation for: 7[0m
[1;33m2025-09-18 13:36:41 - Running article generation...[0m
ARTICLE GENERATION COMPLETE - Article #7
[0;32m2025-09-18 13:38:42 - Skipping review - moving to next article[0m
[0;32m2025-09-18 13:38:42 - Completed: 7[0m
[0;34m2025-09-18 13:38:47 - Starting generation for: 8[0m
[1;33m2025-09-18 13:38:47 - Running article generation...[0m
ARTICLE GENERATION COMPLETE - Article #8
[0;32m2025-09-18 13:40:49 - Skipping review - moving to next article[0m
[0;32m2025-09-18 13:40:49 - Completed: 8[0m
[0;34m2025-09-18 13:40:54 - Starting generation for: 9[0m
[1;33m2025-09-18 13:40:54 - Running article generation...[0m
ARTICLE GENERATION COMPLETE - Article #9
[0;32m2025-09-18 13:42:42 - Skipping review - moving to next article[0m
[0;32m2025-09-18 13:42:42 - Completed: 9[0m
[0;34m2025-09-18 13:42:47 - Starting generation for: 10[0m
[1;33m2025-09-18 13:42:47 - Running article generation...[0m
ARTICLE GENERATION COMPLETE - Article #10
[0;32m2025-09-18 13:44:12 - Skipping review - moving to next article[0m
[0;32m2025-09-18 13:44:12 - Completed: 10[0m
[0;34m2025-09-18 13:44:17 - Starting generation for: 11[0m
[1;33m2025-09-18 13:44:17 - Running article generation...[0m
ARTICLE GENERATION COMPLETE - Article #11
[0;32m2025-09-18 13:47:05 - Skipping review - moving to next article[0m
[0;32m2025-09-18 13:47:05 - Completed: 11[0m
[0;34m2025-09-18 13:47:11 - Starting generation for: 12[0m
[1;33m2025-09-18 13:47:11 - Running article generation...[0m
ARTICLE GENERATION COMPLETE - Article #12
[0;32m2025-09-18 13:48:31 - Skipping review - moving to next article[0m
[0;32m2025-09-18 13:48:31 - Completed: 12[0m
[0;34m2025-09-18 13:48:36 - Starting generation for: 13[0m
[1;33m2025-09-18 13:48:36 - Running article generation...[0m
ARTICLE GENERATION COMPLETE - Article #13
[0;32m2025-09-18 13:50:23 - Skipping review - moving to next article[0m
[0;32m2025-09-18 13:50:24 - Completed: 13[0m
[0;34m2025-09-18 13:50:29 - Starting generation for: 14[0m
[1;33m2025-09-18 13:50:29 - Running article generation...[0m
ARTICLE GENERATION COMPLETE - Article #14
[0;32m2025-09-18 13:54:33 - Skipping review - moving to next article[0m
[0;32m2025-09-18 13:54:33 - Completed: 14[0m
[0;34m2025-09-18 13:54:38 - Starting generation for: 15[0m
[1;33m2025-09-18 13:54:38 - Running article generation...[0m
ARTICLE GENERATION COMPLETE - Article #15
[0;32m2025-09-18 13:58:14 - Skipping review - moving to next article[0m
[0;32m2025-09-18 13:58:14 - Completed: 15[0m
[0;34m2025-09-18 13:58:19 - Starting generation for: 16[0m
[1;33m2025-09-18 13:58:19 - Running article generation...[0m
ARTICLE GENERATION COMPLETE - Article #16
[0;32m2025-09-18 13:59:49 - Skipping review - moving to next article[0m
[0;32m2025-09-18 13:59:49 - Completed: 16[0m
[0;34m2025-09-18 13:59:54 - Starting generation for: 17[0m
[1;33m2025-09-18 13:59:54 - Running article generation...[0m
Perfect! I have successfully created Article #17 for the financial recovery template. The article meets all the requirements:

✅ **Word Count**: ~1,576 words (well within the 1,200-1,600 word range)  
✅ **Reading Time**: 11 min read (8-12 minute target)  
✅ **Author**: "Templata"  
✅ **Category**: "Personal Life"  
✅ **Format**: Added to manualBlogPosts array in blogs-financial-recovery.ts  
✅ **SEO Metadata**: Complete with metaTitle, metaDescription, and ogImage  
✅ **Type & Difficulty**: "guide" and "intermediate"  
✅ **Topic**: Building Financial Safety Net After Crisis - highly relevant to financial recovery  
✅ **Voice & Style**: Sophisticated, caring, and following master prompt guidelines  
✅ **Structure**: Flowing paragraphs with minimal bullet points as requested  

The article comprehensively covers building an unshakeable financial safety net after crisis, including psychology of post-crisis planning, emergency reserves, income diversification, asset protection, insurance, and integration strategies.

ARTICLE GENERATION COMPLETE - Article #17
[0;32m2025-09-18 14:08:31 - Skipping review - moving to next article[0m
[0;32m2025-09-18 14:08:31 - Completed: 17[0m
[0;34m2025-09-18 14:08:36 - Starting generation for: 18[0m
[1;33m2025-09-18 14:08:36 - Running article generation...[0m
ARTICLE GENERATION COMPLETE - Article #18
[0;32m2025-09-18 14:10:21 - Skipping review - moving to next article[0m
[0;32m2025-09-18 14:10:21 - Completed: 18[0m
[0;34m2025-09-18 14:10:26 - Starting generation for: 19[0m
[1;33m2025-09-18 14:10:26 - Running article generation...[0m
ARTICLE GENERATION COMPLETE - Article #19
[0;32m2025-09-18 14:12:07 - Skipping review - moving to next article[0m
[0;32m2025-09-18 14:12:07 - Completed: 19[0m
[0;34m2025-09-18 14:12:12 - Starting generation for: 20[0m
[1;33m2025-09-18 14:12:12 - Running article generation...[0m
ARTICLE GENERATION COMPLETE - Article #20
[0;32m2025-09-18 14:14:15 - Skipping review - moving to next article[0m
[0;32m2025-09-18 14:14:15 - Completed: 20[0m
