[0;34m2025-09-18 09:17:14 - Starting Article Generation Cycle for template: debt-payoff[0m
[1;33m2025-09-18 09:17:14 - Creating worktree for template: debt-payoff[0m
[0;32m2025-09-18 09:17:14 - Created branch: article-debt-payoff[0m
[0;32m2025-09-18 09:17:17 - Created worktree: ../templata-debt-payoff[0m
[1;33m2025-09-18 09:17:17 - Creating template blog file: blogs-debt-payoff.ts[0m
[0;32m2025-09-18 09:17:17 - Created template blog file: ../templata-debt-payoff/src/registry/blogs-debt-payoff.ts[0m
[0;34m2025-09-18 09:17:17 - Starting generation for: 1[0m
[1;33m2025-09-18 09:17:17 - Running article generation...[0m
ARTICLE GENERATION COMPLETE - Article #1
[0;32m2025-09-18 09:18:39 - Skipping review - moving to next article[0m
[0;32m2025-09-18 09:18:39 - Completed: 1[0m
[0;34m2025-09-18 09:18:44 - Starting generation for: 2[0m
[1;33m2025-09-18 09:18:44 - Running article generation...[0m
ARTICLE GENERATION COMPLETE - Article #2
[0;32m2025-09-18 09:21:14 - Skipping review - moving to next article[0m
[0;32m2025-09-18 09:21:14 - Completed: 2[0m
[0;34m2025-09-18 09:21:19 - Starting generation for: 3[0m
[1;33m2025-09-18 09:21:19 - Running article generation...[0m
ARTICLE GENERATION COMPLETE - Article #3
[0;32m2025-09-18 09:23:06 - Skipping review - moving to next article[0m
[0;32m2025-09-18 09:23:06 - Completed: 3[0m
[0;34m2025-09-18 09:23:11 - Starting generation for: 4[0m
[1;33m2025-09-18 09:23:11 - Running article generation...[0m
ARTICLE GENERATION COMPLETE - Article #4
[0;32m2025-09-18 09:24:49 - Skipping review - moving to next article[0m
[0;32m2025-09-18 09:24:49 - Completed: 4[0m
[0;34m2025-09-18 09:24:54 - Starting generation for: 5[0m
[1;33m2025-09-18 09:24:54 - Running article generation...[0m
ARTICLE GENERATION COMPLETE - Article #5
[0;32m2025-09-18 09:26:33 - Skipping review - moving to next article[0m
[0;32m2025-09-18 09:26:33 - Completed: 5[0m
[0;34m2025-09-18 09:26:38 - Starting generation for: 6[0m
[1;33m2025-09-18 09:26:38 - Running article generation...[0m
ARTICLE GENERATION COMPLETE - Article #6
[0;32m2025-09-18 09:30:58 - Skipping review - moving to next article[0m
[0;32m2025-09-18 09:30:58 - Completed: 6[0m
[0;34m2025-09-18 09:31:03 - Starting generation for: 7[0m
[1;33m2025-09-18 09:31:03 - Running article generation...[0m
ARTICLE GENERATION COMPLETE - Article #7
[0;32m2025-09-18 09:33:10 - Skipping review - moving to next article[0m
[0;32m2025-09-18 09:33:10 - Completed: 7[0m
[0;34m2025-09-18 09:33:15 - Starting generation for: 8[0m
[1;33m2025-09-18 09:33:15 - Running article generation...[0m
ARTICLE GENERATION COMPLETE - Article #8
[0;32m2025-09-18 09:35:29 - Skipping review - moving to next article[0m
[0;32m2025-09-18 09:35:29 - Completed: 8[0m
[0;34m2025-09-18 09:35:34 - Starting generation for: 9[0m
[1;33m2025-09-18 09:35:34 - Running article generation...[0m
ARTICLE GENERATION COMPLETE - Article #9
[0;32m2025-09-18 09:38:11 - Skipping review - moving to next article[0m
[0;32m2025-09-18 09:38:11 - Completed: 9[0m
[0;34m2025-09-18 09:38:16 - Starting generation for: 10[0m
[1;33m2025-09-18 09:38:16 - Running article generation...[0m
ARTICLE GENERATION COMPLETE - Article #10
[0;32m2025-09-18 09:42:26 - Skipping review - moving to next article[0m
[0;32m2025-09-18 09:42:26 - Completed: 10[0m
[0;34m2025-09-18 09:42:31 - Starting generation for: 11[0m
[1;33m2025-09-18 09:42:31 - Running article generation...[0m
ARTICLE GENERATION COMPLETE - Article #11
[0;32m2025-09-18 09:46:10 - Skipping review - moving to next article[0m
[0;32m2025-09-18 09:46:10 - Completed: 11[0m
[0;34m2025-09-18 09:46:15 - Starting generation for: 12[0m
[1;33m2025-09-18 09:46:15 - Running article generation...[0m
ARTICLE GENERATION COMPLETE - Article #12
[0;32m2025-09-18 09:47:52 - Skipping review - moving to next article[0m
[0;32m2025-09-18 09:47:52 - Completed: 12[0m
[0;34m2025-09-18 09:47:57 - Starting generation for: 13[0m
[1;33m2025-09-18 09:47:57 - Running article generation...[0m
ARTICLE GENERATION COMPLETE - Article #13
[0;32m2025-09-18 09:50:38 - Skipping review - moving to next article[0m
[0;32m2025-09-18 09:50:38 - Completed: 13[0m
[0;34m2025-09-18 09:50:43 - Starting generation for: 14[0m
[1;33m2025-09-18 09:50:43 - Running article generation...[0m
Perfect! I've successfully added Article #14 to the debt payoff template blog registry. The article "Emergency Fund vs. Debt Payoff: The Strategic Balance That Changes Everything" is a comprehensive 1,500+ word guide that:

- Follows the master prompt guidelines with a sophisticated, caring voice
- Provides practical, actionable advice for people facing debt payoff decisions
- Uses flowing paragraphs with minimal bullet points as requested
- Includes proper SEO metadata and all required fields
- Is categorized as "Personal Life" with "Templata" as the author
- Covers a highly relevant topic for debt payoff audiences
- Has the correct slug, tags, and related content connections

The article explores the common dilemma many people face when trying to balance emergency fund building with debt payoff, offering strategic frameworks for making this critical financial decision based on individual circumstances.

ARTICLE GENERATION COMPLETE - Article #14
[0;32m2025-09-18 09:54:26 - Skipping review - moving to next article[0m
[0;32m2025-09-18 09:54:26 - Completed: 14[0m
[0;34m2025-09-18 09:54:31 - Starting generation for: 15[0m
[1;33m2025-09-18 09:54:31 - Running article generation...[0m
ARTICLE GENERATION COMPLETE - Article #15
[0;32m2025-09-18 09:56:34 - Skipping review - moving to next article[0m
[0;32m2025-09-18 09:56:34 - Completed: 15[0m
[0;34m2025-09-18 09:56:39 - Starting generation for: 16[0m
[1;33m2025-09-18 09:56:39 - Running article generation...[0m
ARTICLE GENERATION COMPLETE - Article #16
[0;32m2025-09-18 09:58:24 - Skipping review - moving to next article[0m
[0;32m2025-09-18 09:58:24 - Completed: 16[0m
[0;34m2025-09-18 09:58:30 - Starting generation for: 17[0m
[1;33m2025-09-18 09:58:30 - Running article generation...[0m
ARTICLE GENERATION COMPLETE - Article #17
[0;32m2025-09-18 10:02:21 - Skipping review - moving to next article[0m
[0;32m2025-09-18 10:02:21 - Completed: 17[0m
[0;34m2025-09-18 10:02:26 - Starting generation for: 18[0m
[1;33m2025-09-18 10:02:26 - Running article generation...[0m
Perfect! I've successfully generated and added Article #18 to the debt payoff template. The article is a comprehensive 1,400-word guide about debt consolidation that follows all the master prompt guidelines:

- **Word count**: 1,400 words (within the 1,200-1,600 range)
- **Voice**: Sophisticated but caring, with flowing paragraphs instead of bullet points
- **Author**: "Templata"
- **Category**: "Personal Life" 
- **Topic**: Debt consolidation - highly relevant for people working on debt payoff
- **Structure**: Comprehensive guide with clear sections covering psychology, when it works, costs, red flags, alternatives, and implementation
- **Tone**: Premium but not pretentious, genuinely helpful
- **SEO metadata**: Complete with title, description, and image
- **Related content**: Connected to other debt payoff articles

The article addresses a crucial topic for people in debt - understanding when debt consolidation is helpful versus harmful, which is exactly the kind of nuanced, sophisticated guidance that would help someone on their debt payoff journey.

ARTICLE GENERATION COMPLETE - Article #18
[0;32m2025-09-18 10:05:12 - Skipping review - moving to next article[0m
[0;32m2025-09-18 10:05:12 - Completed: 18[0m
[0;34m2025-09-18 10:05:17 - Starting generation for: 19[0m
[1;33m2025-09-18 10:05:17 - Running article generation...[0m
ARTICLE GENERATION COMPLETE - Article #19
[0;32m2025-09-18 10:07:50 - Skipping review - moving to next article[0m
[0;32m2025-09-18 10:07:50 - Completed: 19[0m
[0;34m2025-09-18 10:07:55 - Starting generation for: 20[0m
[1;33m2025-09-18 10:07:55 - Running article generation...[0m
ARTICLE GENERATION COMPLETE - Article #20
[0;32m2025-09-18 10:10:34 - Skipping review - moving to next article[0m
[0;32m2025-09-18 10:10:34 - Completed: 20[0m
