[0;34m2025-09-18 14:48:30 - Starting Article Generation Cycle for template: fixed-income-management[0m
[1;33m2025-09-18 14:48:30 - Creating worktree for template: fixed-income-management[0m
[0;32m2025-09-18 14:48:30 - Created branch: article-fixed-income-management[0m
[0;32m2025-09-18 14:48:33 - Created worktree: ../templata-fixed-income-management[0m
[1;33m2025-09-18 14:48:33 - Creating template blog file: blogs-fixed-income-management.ts[0m
[0;32m2025-09-18 14:48:33 - Created template blog file: ../templata-fixed-income-management/src/registry/blogs-fixed-income-management.ts[0m
[0;34m2025-09-18 14:48:33 - Starting generation for: 1[0m
[1;33m2025-09-18 14:48:33 - Running article generation...[0m
ARTICLE GENERATION COMPLETE - Article #1
[0;32m2025-09-18 14:49:47 - Skipping review - moving to next article[0m
[0;32m2025-09-18 14:49:47 - Completed: 1[0m
[0;34m2025-09-18 14:49:52 - Starting generation for: 2[0m
[1;33m2025-09-18 14:49:52 - Running article generation...[0m
ARTICLE GENERATION COMPLETE - Article #2
[0;32m2025-09-18 14:51:13 - Skipping review - moving to next article[0m
[0;32m2025-09-18 14:51:13 - Completed: 2[0m
[0;34m2025-09-18 14:51:18 - Starting generation for: 3[0m
[1;33m2025-09-18 14:51:18 - Running article generation...[0m
ARTICLE GENERATION COMPLETE - Article #3
[0;32m2025-09-18 14:52:49 - Skipping review - moving to next article[0m
[0;32m2025-09-18 14:52:49 - Completed: 3[0m
[0;34m2025-09-18 14:52:54 - Starting generation for: 4[0m
[1;33m2025-09-18 14:52:54 - Running article generation...[0m
ARTICLE GENERATION COMPLETE - Article #4
[0;32m2025-09-18 14:54:33 - Skipping review - moving to next article[0m
[0;32m2025-09-18 14:54:33 - Completed: 4[0m
[0;34m2025-09-18 14:54:38 - Starting generation for: 5[0m
[1;33m2025-09-18 14:54:38 - Running article generation...[0m
ARTICLE GENERATION COMPLETE - Article #5
[0;32m2025-09-18 14:56:14 - Skipping review - moving to next article[0m
[0;32m2025-09-18 14:56:14 - Completed: 5[0m
[0;34m2025-09-18 14:56:19 - Starting generation for: 6[0m
[1;33m2025-09-18 14:56:19 - Running article generation...[0m
ARTICLE GENERATION COMPLETE - Article #6
[0;32m2025-09-18 14:57:57 - Skipping review - moving to next article[0m
[0;32m2025-09-18 14:57:57 - Completed: 6[0m
[0;34m2025-09-18 14:58:02 - Starting generation for: 7[0m
[1;33m2025-09-18 14:58:02 - Running article generation...[0m
ARTICLE GENERATION COMPLETE - Article #7
[0;32m2025-09-18 14:59:40 - Skipping review - moving to next article[0m
[0;32m2025-09-18 14:59:40 - Completed: 7[0m
[0;34m2025-09-18 14:59:45 - Starting generation for: 8[0m
[1;33m2025-09-18 14:59:45 - Running article generation...[0m
ARTICLE GENERATION COMPLETE - Article #8
[0;32m2025-09-18 18:11:39 - Skipping review - moving to next article[0m
[0;32m2025-09-18 18:11:39 - Completed: 8[0m
[0;34m2025-09-18 18:11:44 - Starting generation for: 9[0m
[1;33m2025-09-18 18:11:44 - Running article generation...[0m
ARTICLE GENERATION COMPLETE - Article #9
[0;32m2025-09-18 18:13:24 - Skipping review - moving to next article[0m
[0;32m2025-09-18 18:13:24 - Completed: 9[0m
[0;34m2025-09-18 18:13:29 - Starting generation for: 10[0m
[1;33m2025-09-18 18:13:29 - Running article generation...[0m
ARTICLE GENERATION COMPLETE - Article #10
[0;32m2025-09-18 18:15:17 - Skipping review - moving to next article[0m
[0;32m2025-09-18 18:15:17 - Completed: 10[0m
[0;34m2025-09-18 18:15:22 - Starting generation for: 11[0m
[1;33m2025-09-18 18:15:22 - Running article generation...[0m
ARTICLE GENERATION COMPLETE - Article #11
[0;32m2025-09-18 18:18:05 - Skipping review - moving to next article[0m
[0;32m2025-09-18 18:18:05 - Completed: 11[0m
[0;34m2025-09-18 18:18:10 - Starting generation for: 12[0m
[1;33m2025-09-18 18:18:10 - Running article generation...[0m
Perfect! I've successfully added Article #12 to the fixed income management template. The article is a comprehensive 1,400+ word guide titled "The Hidden World of Prescription Drug Savings: A Fixed Income Survival Guide" that follows all the master prompt guidelines:

✅ **Requirements Met:**
- 1,400+ words (11 minute read time)
- Author: "Templata" 
- Category: "Personal Life"
- Added to manualBlogPosts array in src/registry/blogs-fixed-income-management.ts
- Includes proper SEO metadata
- Type: "guide", Difficulty: "intermediate"
- Focused on fixed income management context
- Relevant topic that helps people with prescription cost management

✅ **Master Prompt Guidelines Followed:**
- Sophisticated, caring voice without being pretentious
- Comprehensive but not overwhelming
- Written for real people facing real decisions
- Flowing paragraphs instead of bullet points
- No first person usage
- Actually helpful and shareable content
- Premium quality that people would want to read

The article covers insider strategies for prescription savings that would be incredibly valuable for people on fixed incomes, including patient assistance programs, pharmacy shopping, insurance navigation, and long-term medication security planning.

ARTICLE GENERATION COMPLETE - Article #12
[0;32m2025-09-18 18:20:43 - Skipping review - moving to next article[0m
[0;32m2025-09-18 18:20:43 - Completed: 12[0m
[0;34m2025-09-18 18:20:48 - Starting generation for: 13[0m
[1;33m2025-09-18 18:20:48 - Running article generation...[0m
ARTICLE GENERATION COMPLETE - Article #13
[0;32m2025-09-18 18:24:01 - Skipping review - moving to next article[0m
[0;32m2025-09-18 18:24:01 - Completed: 13[0m
[0;34m2025-09-18 18:24:06 - Starting generation for: 14[0m
[1;33m2025-09-18 18:24:06 - Running article generation...[0m
ARTICLE GENERATION COMPLETE - Article #14
[0;32m2025-09-18 18:26:08 - Skipping review - moving to next article[0m
[0;32m2025-09-18 18:26:08 - Completed: 14[0m
[0;34m2025-09-18 18:26:13 - Starting generation for: 15[0m
[1;33m2025-09-18 18:26:14 - Running article generation...[0m
ARTICLE GENERATION COMPLETE - Article #15
[0;32m2025-09-18 18:29:08 - Skipping review - moving to next article[0m
[0;32m2025-09-18 18:29:08 - Completed: 15[0m
[0;34m2025-09-18 18:29:13 - Starting generation for: 16[0m
[1;33m2025-09-18 18:29:13 - Running article generation...[0m
ARTICLE GENERATION COMPLETE - Article #16
[0;32m2025-09-18 18:31:35 - Skipping review - moving to next article[0m
[0;32m2025-09-18 18:31:35 - Completed: 16[0m
[0;34m2025-09-18 18:31:40 - Starting generation for: 17[0m
[1;33m2025-09-18 18:31:40 - Running article generation...[0m
ARTICLE GENERATION COMPLETE - Article #17
[0;32m2025-09-18 18:36:43 - Skipping review - moving to next article[0m
[0;32m2025-09-18 18:36:43 - Completed: 17[0m
[0;34m2025-09-18 18:36:48 - Starting generation for: 18[0m
[1;33m2025-09-18 18:36:48 - Running article generation...[0m
ARTICLE GENERATION COMPLETE - Article #18
[0;32m2025-09-18 18:38:33 - Skipping review - moving to next article[0m
[0;32m2025-09-18 18:38:33 - Completed: 18[0m
[0;34m2025-09-18 18:38:38 - Starting generation for: 19[0m
[1;33m2025-09-18 18:38:38 - Running article generation...[0m
ARTICLE GENERATION COMPLETE - Article #19
[0;32m2025-09-18 18:40:56 - Skipping review - moving to next article[0m
[0;32m2025-09-18 18:40:56 - Completed: 19[0m
[0;34m2025-09-18 18:41:01 - Starting generation for: 20[0m
[1;33m2025-09-18 18:41:01 - Running article generation...[0m
ARTICLE GENERATION COMPLETE - Article #20
[0;32m2025-09-18 18:42:55 - Skipping review - moving to next article[0m
[0;32m2025-09-18 18:42:55 - Completed: 20[0m
[0;34m2025-09-19 16:42:01 - Starting Article Generation Cycle for template: fixed-income-management[0m
[0;32m2025-09-19 16:42:01 - Using existing worktree: ../templata-fixed-income-management[0m
