[0;34m2025-09-17 10:39:58 - Starting Article Generation Cycle for template: moving-relocation[0m
[1;33m2025-09-17 10:39:58 - Creating worktree for template: moving-relocation[0m
[0;32m2025-09-17 10:39:58 - Created worktree: ../templata-moving-relocation[0m
[1;33m2025-09-17 10:39:58 - Creating template blog file: blogs-moving-relocation.ts[0m
[0;32m2025-09-17 10:39:58 - Created template blog file: ../templata-moving-relocation/src/registry/blogs-moving-relocation.ts[0m
[0;34m2025-09-17 10:39:58 - Starting generation for: 1[0m
[1;33m2025-09-17 10:39:58 - Running article generation...[0m
ARTICLE GENERATION COMPLETE - Article #1
[0;32m2025-09-17 10:41:08 - Skipping review - moving to next article[0m
[0;32m2025-09-17 10:41:08 - Completed: 1[0m
[0;34m2025-09-17 10:41:13 - Starting generation for: 2[0m
[1;33m2025-09-17 10:41:13 - Running article generation...[0m
ARTICLE GENERATION COMPLETE - Article #2
[0;32m2025-09-17 10:42:26 - Skipping review - moving to next article[0m
[0;32m2025-09-17 10:42:26 - Completed: 2[0m
[0;34m2025-09-17 10:42:31 - Starting generation for: 3[0m
[1;33m2025-09-17 10:42:31 - Running article generation...[0m
ARTICLE GENERATION COMPLETE - Article #3
[0;32m2025-09-17 10:44:06 - Skipping review - moving to next article[0m
[0;32m2025-09-17 10:44:06 - Completed: 3[0m
[0;34m2025-09-17 10:44:11 - Starting generation for: 4[0m
[1;33m2025-09-17 10:44:11 - Running article generation...[0m
ARTICLE GENERATION COMPLETE - Article #4
[0;32m2025-09-17 10:45:30 - Skipping review - moving to next article[0m
[0;32m2025-09-17 10:45:30 - Completed: 4[0m
[0;34m2025-09-17 10:45:35 - Starting generation for: 5[0m
[1;33m2025-09-17 10:45:35 - Running article generation...[0m
ARTICLE GENERATION COMPLETE - Article #5
[0;32m2025-09-17 10:47:13 - Skipping review - moving to next article[0m
[0;32m2025-09-17 10:47:13 - Completed: 5[0m
[0;34m2025-09-17 10:47:18 - Starting generation for: 6[0m
[1;33m2025-09-17 10:47:18 - Running article generation...[0m
ARTICLE GENERATION COMPLETE - Article #6
[0;32m2025-09-17 10:49:01 - Skipping review - moving to next article[0m
[0;32m2025-09-17 10:49:01 - Completed: 6[0m
[0;34m2025-09-17 10:49:07 - Starting generation for: 7[0m
[1;33m2025-09-17 10:49:07 - Running article generation...[0m
ARTICLE GENERATION COMPLETE - Article #7
[0;32m2025-09-17 10:50:53 - Skipping review - moving to next article[0m
[0;32m2025-09-17 10:50:53 - Completed: 7[0m
[0;34m2025-09-17 10:50:58 - Starting generation for: 8[0m
[1;33m2025-09-17 10:50:58 - Running article generation...[0m
ARTICLE GENERATION COMPLETE - Article #8
[0;32m2025-09-17 10:54:08 - Skipping review - moving to next article[0m
[0;32m2025-09-17 10:54:08 - Completed: 8[0m
[0;34m2025-09-17 10:54:13 - Starting generation for: 9[0m
[1;33m2025-09-17 10:54:13 - Running article generation...[0m
ARTICLE GENERATION COMPLETE - Article #9
[0;32m2025-09-17 10:56:04 - Skipping review - moving to next article[0m
[0;32m2025-09-17 10:56:04 - Completed: 9[0m
[0;34m2025-09-17 10:56:09 - Starting generation for: 10[0m
[1;33m2025-09-17 10:56:09 - Running article generation...[0m
ARTICLE GENERATION COMPLETE - Article #10
[0;32m2025-09-17 10:58:04 - Skipping review - moving to next article[0m
[0;32m2025-09-17 10:58:04 - Completed: 10[0m
[0;34m2025-09-17 10:58:09 - Starting generation for: 11[0m
[1;33m2025-09-17 10:58:09 - Running article generation...[0m
ARTICLE GENERATION COMPLETE - Article #11
[0;32m2025-09-17 11:02:20 - Skipping review - moving to next article[0m
[0;32m2025-09-17 11:02:20 - Completed: 11[0m
[0;34m2025-09-17 11:02:25 - Starting generation for: 12[0m
[1;33m2025-09-17 11:02:25 - Running article generation...[0m
ARTICLE GENERATION COMPLETE - Article #12
[0;32m2025-09-17 11:05:00 - Skipping review - moving to next article[0m
[0;32m2025-09-17 11:05:00 - Completed: 12[0m
[0;34m2025-09-17 11:05:05 - Starting generation for: 13[0m
[1;33m2025-09-17 11:05:05 - Running article generation...[0m
ARTICLE GENERATION COMPLETE - Article #13
[0;32m2025-09-17 11:08:15 - Skipping review - moving to next article[0m
[0;32m2025-09-17 11:08:15 - Completed: 13[0m
[0;34m2025-09-17 11:08:20 - Starting generation for: 14[0m
[1;33m2025-09-17 11:08:20 - Running article generation...[0m
ARTICLE GENERATION COMPLETE - Article #14
[0;32m2025-09-17 11:11:54 - Skipping review - moving to next article[0m
[0;32m2025-09-17 11:11:54 - Completed: 14[0m
[0;34m2025-09-17 11:11:59 - Starting generation for: 15[0m
[1;33m2025-09-17 11:11:59 - Running article generation...[0m
ARTICLE GENERATION COMPLETE - Article #15
[0;32m2025-09-17 11:16:15 - Skipping review - moving to next article[0m
[0;32m2025-09-17 11:16:15 - Completed: 15[0m
[0;34m2025-09-17 11:16:20 - Starting generation for: 16[0m
[1;33m2025-09-17 11:16:20 - Running article generation...[0m
ARTICLE GENERATION COMPLETE - Article #16
[0;32m2025-09-17 11:19:23 - Skipping review - moving to next article[0m
[0;32m2025-09-17 11:19:23 - Completed: 16[0m
[0;34m2025-09-17 11:19:28 - Starting generation for: 17[0m
[1;33m2025-09-17 11:19:28 - Running article generation...[0m
ARTICLE GENERATION COMPLETE - Article #17
[0;32m2025-09-17 11:21:09 - Skipping review - moving to next article[0m
[0;32m2025-09-17 11:21:09 - Completed: 17[0m
[0;34m2025-09-17 11:21:14 - Starting generation for: 18[0m
[1;33m2025-09-17 11:21:14 - Running article generation...[0m
ARTICLE GENERATION COMPLETE - Article #18
[0;32m2025-09-17 11:23:40 - Skipping review - moving to next article[0m
[0;32m2025-09-17 11:23:40 - Completed: 18[0m
[0;34m2025-09-17 11:23:45 - Starting generation for: 19[0m
[1;33m2025-09-17 11:23:45 - Running article generation...[0m
ARTICLE GENERATION COMPLETE - Article #19
[0;32m2025-09-17 11:25:16 - Skipping review - moving to next article[0m
[0;32m2025-09-17 11:25:16 - Completed: 19[0m
[0;34m2025-09-17 11:25:21 - Starting generation for: 20[0m
[1;33m2025-09-17 11:25:21 - Running article generation...[0m
ARTICLE GENERATION COMPLETE - Article #20
[0;32m2025-09-17 11:27:03 - Skipping review - moving to next article[0m
[0;32m2025-09-17 11:27:03 - Completed: 20[0m
[0;34m2025-09-17 19:53:50 - Starting Article Generation Cycle for template: moving-relocation[0m
[0;32m2025-09-17 19:53:50 - Using existing worktree: ../templata-moving-relocation[0m
