[0;34m2025-09-19 12:46:23 - Starting Article Generation Cycle for template: student-loan-strategy[0m
[1;33m2025-09-19 12:46:23 - Creating worktree for template: student-loan-strategy[0m
[0;32m2025-09-19 12:46:23 - Created branch: article-student-loan-strategy[0m
[0;32m2025-09-19 12:46:24 - Created worktree: ../templata-student-loan-strategy[0m
[1;33m2025-09-19 12:46:24 - Creating template blog file: blogs-student-loan-strategy.ts[0m
[0;32m2025-09-19 12:46:24 - Created template blog file: ../templata-student-loan-strategy/src/registry/blogs-student-loan-strategy.ts[0m
[0;34m2025-09-19 12:46:24 - Starting generation for: 1[0m
[1;33m2025-09-19 12:46:25 - Running article generation...[0m
ARTICLE GENERATION COMPLETE - Article #1
[0;32m2025-09-19 12:47:41 - Skipping review - moving to next article[0m
[0;32m2025-09-19 12:47:41 - Completed: 1[0m
[0;34m2025-09-19 12:47:46 - Starting generation for: 2[0m
[1;33m2025-09-19 12:47:46 - Running article generation...[0m
ARTICLE GENERATION COMPLETE - Article #2
[0;32m2025-09-19 12:49:00 - Skipping review - moving to next article[0m
[0;32m2025-09-19 12:49:00 - Completed: 2[0m
[0;34m2025-09-19 12:49:05 - Starting generation for: 3[0m
[1;33m2025-09-19 12:49:05 - Running article generation...[0m
ARTICLE GENERATION COMPLETE - Article #3
[0;32m2025-09-19 12:50:44 - Skipping review - moving to next article[0m
[0;32m2025-09-19 12:50:44 - Completed: 3[0m
[0;34m2025-09-19 12:50:49 - Starting generation for: 4[0m
[1;33m2025-09-19 12:50:49 - Running article generation...[0m
ARTICLE GENERATION COMPLETE - Article #4
[0;32m2025-09-19 12:52:23 - Skipping review - moving to next article[0m
[0;32m2025-09-19 12:52:23 - Completed: 4[0m
[0;34m2025-09-19 12:52:28 - Starting generation for: 5[0m
[1;33m2025-09-19 12:52:28 - Running article generation...[0m
ARTICLE GENERATION COMPLETE - Article #5
[0;32m2025-09-19 12:54:08 - Skipping review - moving to next article[0m
[0;32m2025-09-19 12:54:08 - Completed: 5[0m
[0;34m2025-09-19 12:54:13 - Starting generation for: 6[0m
[1;33m2025-09-19 12:54:13 - Running article generation...[0m
ARTICLE GENERATION COMPLETE - Article #6
[0;32m2025-09-19 12:56:21 - Skipping review - moving to next article[0m
[0;32m2025-09-19 12:56:21 - Completed: 6[0m
[0;34m2025-09-19 12:56:26 - Starting generation for: 7[0m
[1;33m2025-09-19 12:56:26 - Running article generation...[0m
ARTICLE GENERATION COMPLETE - Article #7
[0;32m2025-09-19 12:58:35 - Skipping review - moving to next article[0m
[0;32m2025-09-19 12:58:35 - Completed: 7[0m
[0;34m2025-09-19 12:58:40 - Starting generation for: 8[0m
[1;33m2025-09-19 12:58:40 - Running article generation...[0m
ARTICLE GENERATION COMPLETE - Article #8
[0;32m2025-09-19 13:00:52 - Skipping review - moving to next article[0m
[0;32m2025-09-19 13:00:52 - Completed: 8[0m
[0;34m2025-09-19 13:00:57 - Starting generation for: 9[0m
[1;33m2025-09-19 13:00:57 - Running article generation...[0m
ARTICLE GENERATION COMPLETE - Article #9
[0;32m2025-09-19 13:02:33 - Skipping review - moving to next article[0m
[0;32m2025-09-19 13:02:33 - Completed: 9[0m
[0;34m2025-09-19 13:02:38 - Starting generation for: 10[0m
[1;33m2025-09-19 13:02:38 - Running article generation...[0m
ARTICLE GENERATION COMPLETE - Article #10
[0;32m2025-09-19 13:05:11 - Skipping review - moving to next article[0m
[0;32m2025-09-19 13:05:11 - Completed: 10[0m
[0;34m2025-09-19 13:05:16 - Starting generation for: 11[0m
[1;33m2025-09-19 13:05:16 - Running article generation...[0m
ARTICLE GENERATION COMPLETE - Article #11
[0;32m2025-09-19 13:06:50 - Skipping review - moving to next article[0m
[0;32m2025-09-19 13:06:50 - Completed: 11[0m
[0;34m2025-09-19 13:06:55 - Starting generation for: 12[0m
[1;33m2025-09-19 13:06:55 - Running article generation...[0m
ARTICLE GENERATION COMPLETE - Article #12
[0;32m2025-09-19 13:08:49 - Skipping review - moving to next article[0m
[0;32m2025-09-19 13:08:49 - Completed: 12[0m
[0;34m2025-09-19 13:08:54 - Starting generation for: 13[0m
[1;33m2025-09-19 13:08:54 - Running article generation...[0m
ARTICLE GENERATION COMPLETE - Article #13
[0;32m2025-09-19 13:10:34 - Skipping review - moving to next article[0m
[0;32m2025-09-19 13:10:34 - Completed: 13[0m
[0;34m2025-09-19 13:10:39 - Starting generation for: 14[0m
[1;33m2025-09-19 13:10:39 - Running article generation...[0m
ARTICLE GENERATION COMPLETE - Article #14
[0;32m2025-09-19 13:12:02 - Skipping review - moving to next article[0m
[0;32m2025-09-19 13:12:02 - Completed: 14[0m
[0;34m2025-09-19 13:12:07 - Starting generation for: 15[0m
[1;33m2025-09-19 13:12:07 - Running article generation...[0m
ARTICLE GENERATION COMPLETE - Article #15
[0;32m2025-09-19 13:16:05 - Skipping review - moving to next article[0m
[0;32m2025-09-19 13:16:05 - Completed: 15[0m
[0;34m2025-09-19 13:16:10 - Starting generation for: 16[0m
[1;33m2025-09-19 13:16:10 - Running article generation...[0m
ARTICLE GENERATION COMPLETE - Article #16
[0;32m2025-09-19 13:18:35 - Skipping review - moving to next article[0m
[0;32m2025-09-19 13:18:35 - Completed: 16[0m
[0;34m2025-09-19 13:18:40 - Starting generation for: 17[0m
[1;33m2025-09-19 13:18:40 - Running article generation...[0m
ARTICLE GENERATION COMPLETE - Article #17
[0;32m2025-09-19 13:20:15 - Skipping review - moving to next article[0m
[0;32m2025-09-19 13:20:15 - Completed: 17[0m
[0;34m2025-09-19 13:20:20 - Starting generation for: 18[0m
[1;33m2025-09-19 13:20:20 - Running article generation...[0m
ARTICLE GENERATION COMPLETE - Article #18
[0;32m2025-09-19 13:21:45 - Skipping review - moving to next article[0m
[0;32m2025-09-19 13:21:45 - Completed: 18[0m
[0;34m2025-09-19 13:21:51 - Starting generation for: 19[0m
[1;33m2025-09-19 13:21:51 - Running article generation...[0m
ARTICLE GENERATION COMPLETE - Article #19
[0;32m2025-09-19 13:23:18 - Skipping review - moving to next article[0m
[0;32m2025-09-19 13:23:18 - Completed: 19[0m
[0;34m2025-09-19 13:23:23 - Starting generation for: 20[0m
[1;33m2025-09-19 13:23:23 - Running article generation...[0m
ARTICLE GENERATION COMPLETE - Article #20
[0;32m2025-09-19 13:24:38 - Skipping review - moving to next article[0m
[0;32m2025-09-19 13:24:38 - Completed: 20[0m
