[0;34m2025-09-18 07:22:59 - Starting Article Generation Cycle for template: car-maintenance[0m
[1;33m2025-09-18 07:22:59 - Creating worktree for template: car-maintenance[0m
[0;32m2025-09-18 07:22:59 - Created branch: article-car-maintenance[0m
[0;32m2025-09-18 07:23:01 - Created worktree: ../templata-car-maintenance[0m
[1;33m2025-09-18 07:23:01 - Creating template blog file: blogs-car-maintenance.ts[0m
[0;32m2025-09-18 07:23:01 - Created template blog file: ../templata-car-maintenance/src/registry/blogs-car-maintenance.ts[0m
[0;34m2025-09-18 07:23:01 - Starting generation for: 1[0m
[1;33m2025-09-18 07:23:01 - Running article generation...[0m
ARTICLE GENERATION COMPLETE - Article #1
[0;32m2025-09-18 07:24:36 - Skipping review - moving to next article[0m
[0;32m2025-09-18 07:24:36 - Completed: 1[0m
[0;34m2025-09-18 07:24:41 - Starting generation for: 2[0m
[1;33m2025-09-18 07:24:41 - Running article generation...[0m
ARTICLE GENERATION COMPLETE - Article #2
[0;32m2025-09-18 07:27:09 - Skipping review - moving to next article[0m
[0;32m2025-09-18 07:27:09 - Completed: 2[0m
[0;34m2025-09-18 07:27:14 - Starting generation for: 3[0m
[1;33m2025-09-18 07:27:14 - Running article generation...[0m
ARTICLE GENERATION COMPLETE - Article #3
[0;32m2025-09-18 07:28:48 - Skipping review - moving to next article[0m
[0;32m2025-09-18 07:28:48 - Completed: 3[0m
[0;34m2025-09-18 07:28:53 - Starting generation for: 4[0m
[1;33m2025-09-18 07:28:53 - Running article generation...[0m
ARTICLE GENERATION COMPLETE - Article #4
[0;32m2025-09-18 07:30:21 - Skipping review - moving to next article[0m
[0;32m2025-09-18 07:30:21 - Completed: 4[0m
[0;34m2025-09-18 07:30:26 - Starting generation for: 5[0m
[1;33m2025-09-18 07:30:26 - Running article generation...[0m
ARTICLE GENERATION COMPLETE - Article #5
[0;32m2025-09-18 07:32:28 - Skipping review - moving to next article[0m
[0;32m2025-09-18 07:32:28 - Completed: 5[0m
[0;34m2025-09-18 07:32:33 - Starting generation for: 6[0m
[1;33m2025-09-18 07:32:33 - Running article generation...[0m
ARTICLE GENERATION COMPLETE - Article #6
[0;34m2025-09-18 08:22:44 - Starting Article Generation Cycle for template: car-maintenance[0m
[0;32m2025-09-18 08:22:44 - Using existing worktree: ../templata-car-maintenance[0m
[0;34m2025-09-18 08:22:44 - Starting generation for: 6[0m
[1;33m2025-09-18 08:22:44 - Running article generation...[0m
ARTICLE GENERATION COMPLETE - Article #6
[0;32m2025-09-18 08:25:42 - Skipping review - moving to next article[0m
[0;32m2025-09-18 08:25:42 - Completed: 6[0m
[0;34m2025-09-18 08:25:47 - Starting generation for: 7[0m
[1;33m2025-09-18 08:25:47 - Running article generation...[0m
ARTICLE GENERATION COMPLETE - Article #7
[0;32m2025-09-18 08:27:49 - Skipping review - moving to next article[0m
[0;32m2025-09-18 08:27:49 - Completed: 7[0m
[0;34m2025-09-18 08:27:54 - Starting generation for: 8[0m
[1;33m2025-09-18 08:27:54 - Running article generation...[0m
ARTICLE GENERATION COMPLETE - Article #8
[0;32m2025-09-18 08:30:14 - Skipping review - moving to next article[0m
[0;32m2025-09-18 08:30:14 - Completed: 8[0m
[0;34m2025-09-18 08:30:19 - Starting generation for: 9[0m
[1;33m2025-09-18 08:30:19 - Running article generation...[0m
ARTICLE GENERATION COMPLETE - Article #9
[0;32m2025-09-18 08:32:12 - Skipping review - moving to next article[0m
[0;32m2025-09-18 08:32:12 - Completed: 9[0m
[0;34m2025-09-18 08:32:17 - Starting generation for: 10[0m
[1;33m2025-09-18 08:32:17 - Running article generation...[0m
Perfect! I have successfully added Article #10 to the car maintenance template. The article is a comprehensive 1,400+ word guide on "How to Build a Car Emergency Kit That Actually Works When You Need It" that follows all the master prompt guidelines:

- **Word count**: 1,400+ words (within the 1,200-1,600 word requirement)
- **Voice**: Sophisticated, caring, and premium but not pretentious
- **Structure**: Flows in engaging paragraphs with minimal bullet points
- **Author**: "Templata"  
- **Category**: "Personal Life"
- **Type**: "guide"
- **Difficulty**: "beginner"
- **SEO metadata**: Complete with meta title, description, and OG image
- **Related content**: Properly linked to relevant car maintenance articles

The article covers a genuinely helpful topic for car owners - building an effective emergency kit - with practical, actionable advice that people would actually want to read and share. It addresses real-world emergency scenarios and provides comprehensive guidance on organization, climate adaptations, and maintenance strategies.

ARTICLE GENERATION COMPLETE - Article #10
[0;32m2025-09-18 08:36:25 - Skipping review - moving to next article[0m
[0;32m2025-09-18 08:36:25 - Completed: 10[0m
[0;34m2025-09-18 08:36:30 - Starting generation for: 11[0m
[1;33m2025-09-18 08:36:30 - Running article generation...[0m
ARTICLE GENERATION COMPLETE - Article #11
[0;32m2025-09-18 08:39:47 - Skipping review - moving to next article[0m
[0;32m2025-09-18 08:39:47 - Completed: 11[0m
[0;34m2025-09-18 08:39:52 - Starting generation for: 12[0m
[1;33m2025-09-18 08:39:52 - Running article generation...[0m
ARTICLE GENERATION COMPLETE - Article #12
[0;32m2025-09-18 08:42:06 - Skipping review - moving to next article[0m
[0;32m2025-09-18 08:42:06 - Completed: 12[0m
[0;34m2025-09-18 08:42:11 - Starting generation for: 13[0m
[1;33m2025-09-18 08:42:11 - Running article generation...[0m
ARTICLE GENERATION COMPLETE - Article #13
[0;32m2025-09-18 08:45:12 - Skipping review - moving to next article[0m
[0;32m2025-09-18 08:45:12 - Completed: 13[0m
[0;34m2025-09-18 08:45:17 - Starting generation for: 14[0m
[1;33m2025-09-18 08:45:17 - Running article generation...[0m
ARTICLE GENERATION COMPLETE - Article #14
[0;32m2025-09-18 08:47:10 - Skipping review - moving to next article[0m
[0;32m2025-09-18 08:47:10 - Completed: 14[0m
[0;34m2025-09-18 08:47:15 - Starting generation for: 15[0m
[1;33m2025-09-18 08:47:15 - Running article generation...[0m
Perfect! I have successfully generated and added Article #15 to the car maintenance template blog registry. The article follows all the master prompt guidelines:

- **1,400+ words** (11-minute read) ✓
- **Sophisticated, caring voice** without being pretentious ✓
- **Comprehensive coverage** of car warning signs and urgent maintenance ✓
- **Flowing paragraphs** with minimal bullet points ✓
- **Author: "Templata"** ✓
- **Category: "Personal Life"** ✓
- **No first person** usage ✓
- **Proper SEO metadata** ✓
- **Beginner difficulty guide** appropriate for the topic ✓
- **Car maintenance context** focused on recognizing urgent warning signs ✓

The article covers critical topics like engine noises, transmission problems, brake system warnings, cooling system failures, electrical issues, and more—helping readers understand when maintenance becomes urgent before costly breakdowns occur.

ARTICLE GENERATION COMPLETE - Article #15
[0;32m2025-09-18 08:51:16 - Skipping review - moving to next article[0m
[0;32m2025-09-18 08:51:16 - Completed: 15[0m
[0;34m2025-09-18 08:51:21 - Starting generation for: 16[0m
[1;33m2025-09-18 08:51:21 - Running article generation...[0m
ARTICLE GENERATION COMPLETE - Article #16
[0;32m2025-09-18 08:53:09 - Skipping review - moving to next article[0m
[0;32m2025-09-18 08:53:09 - Completed: 16[0m
[0;34m2025-09-18 08:53:14 - Starting generation for: 17[0m
[1;33m2025-09-18 08:53:14 - Running article generation...[0m
ARTICLE GENERATION COMPLETE - Article #17
[0;32m2025-09-18 08:55:24 - Skipping review - moving to next article[0m
[0;32m2025-09-18 08:55:24 - Completed: 17[0m
[0;34m2025-09-18 08:55:29 - Starting generation for: 18[0m
[1;33m2025-09-18 08:55:29 - Running article generation...[0m
ARTICLE GENERATION COMPLETE - Article #18
[0;32m2025-09-18 08:56:38 - Skipping review - moving to next article[0m
[0;32m2025-09-18 08:56:38 - Completed: 18[0m
[0;34m2025-09-18 08:56:43 - Starting generation for: 19[0m
[1;33m2025-09-18 08:56:43 - Running article generation...[0m
ARTICLE GENERATION COMPLETE - Article #19
[0;32m2025-09-18 08:58:08 - Skipping review - moving to next article[0m
[0;32m2025-09-18 08:58:08 - Completed: 19[0m
[0;34m2025-09-18 08:58:13 - Starting generation for: 20[0m
[1;33m2025-09-18 08:58:13 - Running article generation...[0m
ARTICLE GENERATION COMPLETE - Article #20
[0;32m2025-09-18 08:59:32 - Skipping review - moving to next article[0m
[0;32m2025-09-18 08:59:32 - Completed: 20[0m
