[0;34m2025-09-17 14:57:59 - Starting Article Generation Cycle for template: digital-nomad-planning[0m
[0;32m2025-09-17 14:57:59 - Using existing worktree: ../templata-digital-nomad-planning[0m
[1;33m2025-09-17 14:57:59 - Creating template blog file: blogs-digital-nomad-planning.ts[0m
[0;32m2025-09-17 14:57:59 - Created template blog file: ../templata-digital-nomad-planning/src/registry/blogs-digital-nomad-planning.ts[0m
[0;34m2025-09-17 14:57:59 - Starting generation for: 1[0m
[1;33m2025-09-17 14:58:00 - Running article generation...[0m
ARTICLE GENERATION COMPLETE - Article #1
[0;32m2025-09-17 14:59:14 - Skipping review - moving to next article[0m
[0;32m2025-09-17 14:59:14 - Completed: 1[0m
[0;34m2025-09-17 14:59:19 - Starting generation for: 2[0m
[1;33m2025-09-17 14:59:19 - Running article generation...[0m
ARTICLE GENERATION COMPLETE - Article #2
[0;32m2025-09-17 15:00:41 - Skipping review - moving to next article[0m
[0;32m2025-09-17 15:00:41 - Completed: 2[0m
[0;34m2025-09-17 15:00:46 - Starting generation for: 3[0m
[1;33m2025-09-17 15:00:46 - Running article generation...[0m
ARTICLE GENERATION COMPLETE - Article #3
[0;32m2025-09-17 15:02:20 - Skipping review - moving to next article[0m
[0;32m2025-09-17 15:02:20 - Completed: 3[0m
[0;34m2025-09-17 15:02:25 - Starting generation for: 4[0m
[1;33m2025-09-17 15:02:25 - Running article generation...[0m
ARTICLE GENERATION COMPLETE - Article #4
[0;32m2025-09-17 15:04:13 - Skipping review - moving to next article[0m
[0;32m2025-09-17 15:04:13 - Completed: 4[0m
[0;34m2025-09-17 15:04:18 - Starting generation for: 5[0m
[1;33m2025-09-17 15:04:18 - Running article generation...[0m
ARTICLE GENERATION COMPLETE - Article #5
[0;32m2025-09-17 15:06:27 - Skipping review - moving to next article[0m
[0;32m2025-09-17 15:06:27 - Completed: 5[0m
[0;34m2025-09-17 15:06:32 - Starting generation for: 6[0m
[1;33m2025-09-17 15:06:32 - Running article generation...[0m
ARTICLE GENERATION COMPLETE - Article #6
[0;32m2025-09-17 15:08:32 - Skipping review - moving to next article[0m
[0;32m2025-09-17 15:08:32 - Completed: 6[0m
[0;34m2025-09-17 15:08:37 - Starting generation for: 7[0m
[1;33m2025-09-17 15:08:37 - Running article generation...[0m
ARTICLE GENERATION COMPLETE - Article #7
[0;32m2025-09-17 15:10:39 - Skipping review - moving to next article[0m
[0;32m2025-09-17 15:10:39 - Completed: 7[0m
[0;34m2025-09-17 15:10:44 - Starting generation for: 8[0m
[1;33m2025-09-17 15:10:44 - Running article generation...[0m
ARTICLE GENERATION COMPLETE - Article #8
[0;32m2025-09-17 15:12:21 - Skipping review - moving to next article[0m
[0;32m2025-09-17 15:12:21 - Completed: 8[0m
[0;34m2025-09-17 15:12:26 - Starting generation for: 9[0m
[1;33m2025-09-17 15:12:26 - Running article generation...[0m
ARTICLE GENERATION COMPLETE - Article #9
[0;32m2025-09-17 15:14:36 - Skipping review - moving to next article[0m
[0;32m2025-09-17 15:14:36 - Completed: 9[0m
[0;34m2025-09-17 15:14:41 - Starting generation for: 10[0m
[1;33m2025-09-17 15:14:41 - Running article generation...[0m
Perfect! I have successfully generated and added Article #10 to the digital nomad planning template. The article "Building Bulletproof Financial Safety Nets: The Digital Nomad's Guide to Financial Security Without Borders" is a comprehensive 1,400+ word guide that:

- Follows the master prompt's voice and character guidelines
- Is authored by "Templata" in the "Personal Life" category  
- Contains sophisticated, caring content focused on digital nomad financial planning
- Covers unique financial challenges nomads face that traditional advice doesn't address
- Includes proper SEO metadata and related content links
- Is structured as an intermediate-level guide
- Flows in engaging paragraphs rather than bullet points
- Addresses real concerns nomads have about financial security across borders

The article covers critical topics like emergency fund diversification, international banking, income stream architecture, healthcare safety nets, legal protection, cybersecurity, and long-term financial resilience - all tailored specifically to the digital nomad context.

ARTICLE GENERATION COMPLETE - Article #10
[0;32m2025-09-17 15:17:28 - Skipping review - moving to next article[0m
[0;32m2025-09-17 15:17:28 - Completed: 10[0m
[0;34m2025-09-17 15:17:33 - Starting generation for: 11[0m
[1;33m2025-09-17 15:17:33 - Running article generation...[0m
ARTICLE GENERATION COMPLETE - Article #11
[0;32m2025-09-17 15:18:50 - Skipping review - moving to next article[0m
[0;32m2025-09-17 15:18:50 - Completed: 11[0m
[0;34m2025-09-17 15:18:55 - Starting generation for: 12[0m
[1;33m2025-09-17 15:18:55 - Running article generation...[0m
ARTICLE GENERATION COMPLETE - Article #12
[0;32m2025-09-17 15:20:37 - Skipping review - moving to next article[0m
[0;32m2025-09-17 15:20:37 - Completed: 12[0m
[0;34m2025-09-17 15:20:42 - Starting generation for: 13[0m
[1;33m2025-09-17 15:20:42 - Running article generation...[0m
ARTICLE GENERATION COMPLETE - Article #13
[0;32m2025-09-17 15:23:17 - Skipping review - moving to next article[0m
[0;32m2025-09-17 15:23:17 - Completed: 13[0m
[0;34m2025-09-17 15:23:22 - Starting generation for: 14[0m
[1;33m2025-09-17 15:23:22 - Running article generation...[0m
ARTICLE GENERATION COMPLETE - Article #14
[0;32m2025-09-17 15:26:30 - Skipping review - moving to next article[0m
[0;32m2025-09-17 15:26:30 - Completed: 14[0m
[0;34m2025-09-17 15:26:36 - Starting generation for: 15[0m
[1;33m2025-09-17 15:26:36 - Running article generation...[0m
Perfect! The article contains approximately 1,467 words, which falls perfectly within the required 1,200-1,600 word range for an 8-12 minute read.

The article I created:

**Title**: "Nurturing Professional Relationships While Building a Nomadic Career: The Connection Paradox"

**Key Features**:
- 1,467 words (within the 1,200-1,600 word requirement)
- 11 min read time
- Author: "Templata" 
- Category: "Personal Life"
- Type: "guide"
- Difficulty: "intermediate"
- Focuses specifically on digital nomad planning context
- Sophisticated, caring voice following master prompt guidelines
- Comprehensive SEO metadata
- Relevant tags and related content

**Topic**: The article addresses a critical challenge for digital nomads - maintaining and building professional relationships while working remotely across different time zones and cultures. It provides practical strategies for networking, communication, career advancement, and community building in a nomadic lifestyle.

The content follows the master prompt's emphasis on being premium but not pretentious, comprehensive but not overwhelming, and genuinely helpful for people navigating the complexities of digital nomad planning.

ARTICLE GENERATION COMPLETE - Article #15
[0;32m2025-09-17 15:29:58 - Skipping review - moving to next article[0m
[0;32m2025-09-17 15:29:58 - Completed: 15[0m
[0;34m2025-09-17 15:30:03 - Starting generation for: 16[0m
[1;33m2025-09-17 15:30:03 - Running article generation...[0m
ARTICLE GENERATION COMPLETE - Article #16
[0;32m2025-09-17 15:36:18 - Skipping review - moving to next article[0m
[0;32m2025-09-17 15:36:18 - Completed: 16[0m
[0;34m2025-09-17 15:36:23 - Starting generation for: 17[0m
[1;33m2025-09-17 15:36:23 - Running article generation...[0m
ARTICLE GENERATION COMPLETE - Article #17
[0;32m2025-09-17 15:38:01 - Skipping review - moving to next article[0m
[0;32m2025-09-17 15:38:01 - Completed: 17[0m
[0;34m2025-09-17 15:38:06 - Starting generation for: 18[0m
[1;33m2025-09-17 15:38:06 - Running article generation...[0m
ARTICLE GENERATION COMPLETE - Article #18
[0;32m2025-09-17 15:40:35 - Skipping review - moving to next article[0m
[0;32m2025-09-17 15:40:35 - Completed: 18[0m
[0;34m2025-09-17 15:40:40 - Starting generation for: 19[0m
[1;33m2025-09-17 15:40:40 - Running article generation...[0m
ARTICLE GENERATION COMPLETE - Article #19
[0;32m2025-09-17 15:42:16 - Skipping review - moving to next article[0m
[0;32m2025-09-17 15:42:16 - Completed: 19[0m
[0;34m2025-09-17 15:42:21 - Starting generation for: 20[0m
[1;33m2025-09-17 15:42:21 - Running article generation...[0m
ARTICLE GENERATION COMPLETE - Article #20
[0;32m2025-09-17 15:43:45 - Skipping review - moving to next article[0m
[0;32m2025-09-17 15:43:45 - Completed: 20[0m
[0;34m2025-09-17 19:43:23 - Starting Article Generation Cycle for template: digital-nomad-planning[0m
[0;32m2025-09-17 19:43:23 - Using existing worktree: ../templata-digital-nomad-planning[0m
