[0;34m2025-09-16 15:17:58 - Starting Article Generation Cycle for template: job-search[0m
[1;33m2025-09-16 15:17:58 - Creating worktree for template: job-search[0m
[0;32m2025-09-16 15:17:58 - Created branch: article-job-search[0m
[0;32m2025-09-16 15:17:58 - Created worktree: ../templata-job-search[0m
[0;34m2025-09-16 15:17:58 - Starting generation for: 1[0m
[1;33m2025-09-16 15:17:58 - Running article generation...[0m
ARTICLE GENERATION COMPLETE - Article #1
[0;32m2025-09-16 15:19:51 - Skipping review - moving to next article[0m
[0;32m2025-09-16 15:19:51 - Completed: 1[0m
[0;34m2025-09-16 15:19:56 - Starting generation for: 2[0m
[1;33m2025-09-16 15:19:56 - Running article generation...[0m
ARTICLE GENERATION COMPLETE - Article #2
[0;32m2025-09-16 15:21:43 - Skipping review - moving to next article[0m
[0;32m2025-09-16 15:21:43 - Completed: 2[0m
[0;34m2025-09-16 15:21:48 - Starting generation for: 3[0m
[1;33m2025-09-16 15:21:48 - Running article generation...[0m
ARTICLE GENERATION COMPLETE - Article #3
[0;32m2025-09-16 15:24:51 - Skipping review - moving to next article[0m
[0;32m2025-09-16 15:24:51 - Completed: 3[0m
[0;34m2025-09-16 15:24:56 - Starting generation for: 4[0m
[1;33m2025-09-16 15:24:56 - Running article generation...[0m
