[0;34m2025-09-18 10:37:36 - Starting Article Generation Cycle for template: addiction-family-support[0m
[1;33m2025-09-18 10:37:36 - Creating worktree for template: addiction-family-support[0m
[0;32m2025-09-18 10:37:36 - Created branch: article-addiction-family-support[0m
[0;32m2025-09-18 10:37:38 - Created worktree: ../templata-addiction-family-support[0m
[1;33m2025-09-18 10:37:38 - Creating template blog file: blogs-addiction-family-support.ts[0m
[0;32m2025-09-18 10:37:38 - Created template blog file: ../templata-addiction-family-support/src/registry/blogs-addiction-family-support.ts[0m
[0;34m2025-09-18 10:37:38 - Starting generation for: 1[0m
[1;33m2025-09-18 10:37:38 - Running article generation...[0m
ARTICLE GENERATION COMPLETE - Article #1
[0;32m2025-09-18 10:38:53 - Skipping review - moving to next article[0m
[0;32m2025-09-18 10:38:53 - Completed: 1[0m
[0;34m2025-09-18 10:38:58 - Starting generation for: 2[0m
[1;33m2025-09-18 10:38:58 - Running article generation...[0m
ARTICLE GENERATION COMPLETE - Article #2
[0;32m2025-09-18 10:40:21 - Skipping review - moving to next article[0m
[0;32m2025-09-18 10:40:21 - Completed: 2[0m
[0;34m2025-09-18 10:40:26 - Starting generation for: 3[0m
[1;33m2025-09-18 10:40:26 - Running article generation...[0m
ARTICLE GENERATION COMPLETE - Article #3
[0;32m2025-09-18 10:41:44 - Skipping review - moving to next article[0m
[0;32m2025-09-18 10:41:44 - Completed: 3[0m
[0;34m2025-09-18 10:41:49 - Starting generation for: 4[0m
[1;33m2025-09-18 10:41:49 - Running article generation...[0m
ARTICLE GENERATION COMPLETE - Article #4
[0;32m2025-09-18 10:43:03 - Skipping review - moving to next article[0m
[0;32m2025-09-18 10:43:03 - Completed: 4[0m
[0;34m2025-09-18 10:43:08 - Starting generation for: 5[0m
[1;33m2025-09-18 10:43:08 - Running article generation...[0m
ARTICLE GENERATION COMPLETE - Article #5
[0;32m2025-09-18 10:44:21 - Skipping review - moving to next article[0m
[0;32m2025-09-18 10:44:21 - Completed: 5[0m
[0;34m2025-09-18 10:44:26 - Starting generation for: 6[0m
[1;33m2025-09-18 10:44:26 - Running article generation...[0m
ARTICLE GENERATION COMPLETE - Article #6
[0;32m2025-09-18 10:45:40 - Skipping review - moving to next article[0m
[0;32m2025-09-18 10:45:40 - Completed: 6[0m
[0;34m2025-09-18 10:45:45 - Starting generation for: 7[0m
[1;33m2025-09-18 10:45:45 - Running article generation...[0m
ARTICLE GENERATION COMPLETE - Article #7
[0;32m2025-09-18 10:47:07 - Skipping review - moving to next article[0m
[0;32m2025-09-18 10:47:07 - Completed: 7[0m
[0;34m2025-09-18 10:47:12 - Starting generation for: 8[0m
[1;33m2025-09-18 10:47:12 - Running article generation...[0m
ARTICLE GENERATION COMPLETE - Article #8
[0;32m2025-09-18 10:48:35 - Skipping review - moving to next article[0m
[0;32m2025-09-18 10:48:35 - Completed: 8[0m
[0;34m2025-09-18 10:48:40 - Starting generation for: 9[0m
[1;33m2025-09-18 10:48:40 - Running article generation...[0m
ARTICLE GENERATION COMPLETE - Article #9
[0;32m2025-09-18 10:50:00 - Skipping review - moving to next article[0m
[0;32m2025-09-18 10:50:00 - Completed: 9[0m
[0;34m2025-09-18 10:50:05 - Starting generation for: 10[0m
[1;33m2025-09-18 10:50:05 - Running article generation...[0m
ARTICLE GENERATION COMPLETE - Article #10
[0;32m2025-09-18 10:51:31 - Skipping review - moving to next article[0m
[0;32m2025-09-18 10:51:31 - Completed: 10[0m
[0;34m2025-09-18 10:51:36 - Starting generation for: 11[0m
[1;33m2025-09-18 10:51:36 - Running article generation...[0m
ARTICLE GENERATION COMPLETE - Article #11
[0;32m2025-09-18 10:52:55 - Skipping review - moving to next article[0m
[0;32m2025-09-18 10:52:55 - Completed: 11[0m
[0;34m2025-09-18 10:53:00 - Starting generation for: 12[0m
[1;33m2025-09-18 10:53:00 - Running article generation...[0m
ARTICLE GENERATION COMPLETE - Article #12
[0;32m2025-09-18 10:54:19 - Skipping review - moving to next article[0m
[0;32m2025-09-18 10:54:19 - Completed: 12[0m
[0;34m2025-09-18 10:54:24 - Starting generation for: 13[0m
[1;33m2025-09-18 10:54:24 - Running article generation...[0m
ARTICLE GENERATION COMPLETE - Article #13
[0;32m2025-09-18 10:56:35 - Skipping review - moving to next article[0m
[0;32m2025-09-18 10:56:35 - Completed: 13[0m
[0;34m2025-09-18 10:56:40 - Starting generation for: 14[0m
[1;33m2025-09-18 10:56:40 - Running article generation...[0m
ARTICLE GENERATION COMPLETE - Article #14
[0;32m2025-09-18 10:58:06 - Skipping review - moving to next article[0m
[0;32m2025-09-18 10:58:06 - Completed: 14[0m
[0;34m2025-09-18 10:58:11 - Starting generation for: 15[0m
[1;33m2025-09-18 10:58:11 - Running article generation...[0m
ARTICLE GENERATION COMPLETE - Article #15
[0;32m2025-09-18 12:01:57 - Skipping review - moving to next article[0m
[0;32m2025-09-18 12:01:57 - Completed: 15[0m
[0;34m2025-09-18 12:02:02 - Starting generation for: 16[0m
[1;33m2025-09-18 12:02:02 - Running article generation...[0m
Perfect! I've successfully generated and added Article #16 to the addiction family support template. The article is 1,459 words (within the 1,200-1,600 word requirement) and covers "Understanding Relapse: How Families Can Respond with Wisdom Instead of Panic."

The article:
- Follows the master prompt's sophisticated, caring voice
- Provides comprehensive guidance on handling relapse situations
- Is structured as a guide with intermediate difficulty level
- Includes proper SEO metadata and tags
- Focuses specifically on addiction family support context
- Uses flowing paragraphs instead of bullet points as requested
- Maintains the premium but approachable tone specified in the master prompt

ARTICLE GENERATION COMPLETE - Article #16
[0;32m2025-09-18 12:04:24 - Skipping review - moving to next article[0m
[0;32m2025-09-18 12:04:24 - Completed: 16[0m
[0;34m2025-09-18 12:04:29 - Starting generation for: 17[0m
[1;33m2025-09-18 12:04:29 - Running article generation...[0m
ARTICLE GENERATION COMPLETE - Article #17
[0;32m2025-09-18 12:05:48 - Skipping review - moving to next article[0m
[0;32m2025-09-18 12:05:48 - Completed: 17[0m
[0;34m2025-09-18 12:05:53 - Starting generation for: 18[0m
[1;33m2025-09-18 12:05:53 - Running article generation...[0m
Perfect! I have successfully added article #18 to the addiction family support template. The article "How to Protect Your Mental Health During a Family Addiction Crisis" is a comprehensive 1,400+ word guide that:

- Follows the master prompt guidelines with a sophisticated, caring voice
- Addresses a crucial need for families dealing with addiction
- Provides practical, actionable strategies for mental health protection
- Is properly categorized as "Personal Life" with "Templata" as author
- Includes appropriate SEO metadata and related post connections
- Contains no bullet points, focusing on flowing, engaging paragraphs
- Maintains the required 8-12 minute read time

ARTICLE GENERATION COMPLETE - Article #18
[0;32m2025-09-18 12:08:55 - Skipping review - moving to next article[0m
[0;32m2025-09-18 12:08:55 - Completed: 18[0m
[0;34m2025-09-18 12:09:00 - Starting generation for: 19[0m
[1;33m2025-09-18 12:09:00 - Running article generation...[0m
ARTICLE GENERATION COMPLETE - Article #19
[0;32m2025-09-18 12:11:47 - Skipping review - moving to next article[0m
[0;32m2025-09-18 12:11:47 - Completed: 19[0m
[0;34m2025-09-18 12:11:52 - Starting generation for: 20[0m
[1;33m2025-09-18 12:11:52 - Running article generation...[0m
Perfect! I've successfully added Article #20 to the addiction family support template. The article is comprehensive, follows the master prompt guidelines with a sophisticated and caring voice, and addresses the important topic of navigating family traditions and holidays during addiction recovery. 

The article:
- Is 1,536 words (within the 1,200-1,600 word requirement)
- Uses flowing paragraphs instead of bullet points
- Authored by "Templata"
- Category: "Personal Life"
- Includes proper SEO metadata
- Type: "guide" with "intermediate" difficulty
- Focuses specifically on addiction family support context
- Provides practical, actionable advice for families dealing with holidays during recovery

ARTICLE GENERATION COMPLETE - Article #20
[0;32m2025-09-18 12:14:43 - Skipping review - moving to next article[0m
[0;32m2025-09-18 12:14:43 - Completed: 20[0m
