[0;34m2025-09-16 19:19:48 - Starting Article Generation Cycle for template: career-change[0m
[0;32m2025-09-16 19:19:48 - Using existing worktree: ../templata-career-change[0m
[0;34m2025-09-16 19:19:48 - Starting generation for: 1[0m
[1;33m2025-09-16 19:19:48 - Running article generation...[0m
[0;34m2025-09-16 19:21:32 - Starting Article Generation Cycle for template: career-change[0m
[0;32m2025-09-16 19:21:32 - Using existing worktree: ../templata-career-change[0m
[0;34m2025-09-16 19:21:33 - Starting generation for: 1[0m
[1;33m2025-09-16 19:21:33 - Running article generation...[0m
ARTICLE GENERATION COMPLETE - Article #1
[0;32m2025-09-16 19:21:57 - Skipping review - moving to next article[0m
[0;32m2025-09-16 19:21:57 - Completed: 1[0m
[0;34m2025-09-16 19:22:02 - Starting generation for: 2[0m
[1;33m2025-09-16 19:22:02 - Running article generation...[0m
ARTICLE GENERATION COMPLETE - Article #1
Perfect! I have successfully generated and added Article #2 to the career change template. The article is a comprehensive 1,400+ word guide on "The Strategic Career Changer's Guide to Building an Authentic Professional Network" that follows all the master prompt guidelines:

✅ **Requirements Met:**
- 1,400+ words (12 minute read)
- Follows master prompt voice: sophisticated, caring, premium but not pretentious
- Author: "Templata"
- Category: "Personal Life"
- Added to manualBlogPosts array in src/registry/blogs.ts
- Proper SEO metadata with metaTitle, metaDescription, and ogImage
- Type: "guide", Difficulty: "intermediate"
- Career change focused content
- Flowing paragraphs with minimal bullet points
- No first person usage
- Engaging, shareable content that feels human and helpful

The article covers networking strategies specifically for career changers, including leveraging existing networks, building industry credibility, digital networking tactics, and converting relationships into opportunities. It addresses the unique challenges career changers face when networking and provides actionable strategies to build authentic professional relationships.

ARTICLE GENERATION COMPLETE - Article #2
[0;34m2025-09-17 09:30:26 - Starting Article Generation Cycle for template: career-change[0m
[0;32m2025-09-17 09:30:26 - Using existing worktree: ../templata-career-change[0m
[1;33m2025-09-17 09:30:26 - Creating template blog file: blogs-career-change.ts[0m
[0;32m2025-09-17 09:30:26 - Created template blog file: ../templata-career-change/src/registry/blogs-career-change.ts[0m
[0;34m2025-09-17 09:30:26 - Starting generation for: 2[0m
[1;33m2025-09-17 09:30:26 - Running article generation...[0m
ARTICLE GENERATION COMPLETE - Article #2
[0;32m2025-09-17 09:33:04 - Skipping review - moving to next article[0m
[0;32m2025-09-17 09:33:04 - Completed: 2[0m
[0;34m2025-09-17 09:33:09 - Starting generation for: 3[0m
[1;33m2025-09-17 09:33:09 - Running article generation...[0m
ARTICLE GENERATION COMPLETE - Article #3
[0;32m2025-09-17 09:37:30 - Skipping review - moving to next article[0m
[0;32m2025-09-17 09:37:30 - Completed: 3[0m
[0;34m2025-09-17 09:37:35 - Starting generation for: 4[0m
[1;33m2025-09-17 09:37:35 - Running article generation...[0m
Let me verify the article meets all requirements:

## Requirements Verification:

✅ **1,200-1,600+ words**: The article is approximately 1,800+ words (14 min read)

✅ **Master prompt voice and character guidelines**: The article follows the sophisticated, caring voice style seen in existing articles with:
- Direct, actionable advice
- Empathetic understanding of career change challenges  
- Strategic, professional tone
- Practical, evidence-based guidance

✅ **Author**: "Templata" 

✅ **Category**: "Personal Life"

✅ **Added to src/registry/blogs-career-change.ts in manualBlogPosts array**: ✅ Complete

✅ **Proper SEO metadata**: 
- metaTitle: "Master Career Change Skill Gaps: Strategic Development Guide for Professional Transitions | Templata"
- metaDescription: Comprehensive description optimized for search
- ogImage: "/images/blog/career-change-skill-gap-mastery.jpg"

✅ **Appropriate type and difficulty**: 
- Type: "guide" (comprehensive how-to resource)
- Difficulty: "intermediate" (matches existing articles)

✅ **Career change context and focus**: The entire article addresses skill gaps specifically in career change contexts

✅ **Relevant topic selection**: "Mastering the Skill Gap" perfectly complements existing articles on financial planning, confidence building, salary negotiation, and networking

✅ **Sophisticated, caring voice and readability**: The article maintains consistent professional tone while being empathetic and actionable

ARTICLE GENERATION COMPLETE - Article #4
[0;32m2025-09-17 09:41:43 - Skipping review - moving to next article[0m
[0;32m2025-09-17 09:41:43 - Completed: 4[0m
[0;34m2025-09-17 09:41:48 - Starting generation for: 5[0m
[1;33m2025-09-17 09:41:48 - Running article generation...[0m
ARTICLE GENERATION COMPLETE - Article #5
[0;32m2025-09-17 09:44:15 - Skipping review - moving to next article[0m
[0;32m2025-09-17 09:44:15 - Completed: 5[0m
[0;34m2025-09-17 09:44:20 - Starting generation for: 6[0m
[1;33m2025-09-17 09:44:20 - Running article generation...[0m
ARTICLE GENERATION COMPLETE - Article #6
[0;32m2025-09-17 10:18:10 - Skipping review - moving to next article[0m
[0;32m2025-09-17 10:18:10 - Completed: 6[0m
[0;34m2025-09-17 10:18:15 - Starting generation for: 7[0m
[1;33m2025-09-17 10:18:15 - Running article generation...[0m
ARTICLE GENERATION COMPLETE - Article #7
[0;32m2025-09-17 10:20:31 - Skipping review - moving to next article[0m
[0;32m2025-09-17 10:20:31 - Completed: 7[0m
[0;34m2025-09-17 10:20:36 - Starting generation for: 8[0m
[1;33m2025-09-17 10:20:36 - Running article generation...[0m
ARTICLE GENERATION COMPLETE - Article #8
[0;34m2025-09-19 15:37:49 - Starting Article Generation Cycle for template: career-change[0m
[0;32m2025-09-19 15:37:49 - Using existing worktree: ../templata-career-change[0m
[0;34m2025-09-19 15:37:49 - Starting generation for: 8[0m
[1;33m2025-09-19 15:37:49 - Running article generation...[0m
ARTICLE GENERATION COMPLETE - Article #8
[0;32m2025-09-19 15:43:09 - Skipping review - moving to next article[0m
[0;32m2025-09-19 15:43:09 - Completed: 8[0m
[0;34m2025-09-19 15:43:14 - Starting generation for: 9[0m
[1;33m2025-09-19 15:43:14 - Running article generation...[0m
ARTICLE GENERATION COMPLETE - Article #9
[0;32m2025-09-19 15:45:24 - Skipping review - moving to next article[0m
[0;32m2025-09-19 15:45:24 - Completed: 9[0m
[0;34m2025-09-19 15:45:29 - Starting generation for: 10[0m
[1;33m2025-09-19 15:45:29 - Running article generation...[0m
ARTICLE GENERATION COMPLETE - Article #10
[0;32m2025-09-19 15:50:35 - Skipping review - moving to next article[0m
[0;32m2025-09-19 15:50:35 - Completed: 10[0m
[0;34m2025-09-19 15:50:40 - Starting generation for: 11[0m
[1;33m2025-09-19 15:50:40 - Running article generation...[0m
ARTICLE GENERATION COMPLETE - Article #11
[0;32m2025-09-19 15:53:17 - Skipping review - moving to next article[0m
[0;32m2025-09-19 15:53:17 - Completed: 11[0m
[0;34m2025-09-19 15:53:22 - Starting generation for: 12[0m
[1;33m2025-09-19 15:53:22 - Running article generation...[0m
ARTICLE GENERATION COMPLETE - Article #12
[0;32m2025-09-19 15:57:14 - Skipping review - moving to next article[0m
[0;32m2025-09-19 15:57:14 - Completed: 12[0m
[0;34m2025-09-19 15:57:19 - Starting generation for: 13[0m
[1;33m2025-09-19 15:57:19 - Running article generation...[0m
ARTICLE GENERATION COMPLETE - Article #13
[0;32m2025-09-19 16:00:04 - Skipping review - moving to next article[0m
[0;32m2025-09-19 16:00:04 - Completed: 13[0m
[0;34m2025-09-19 16:00:09 - Starting generation for: 14[0m
[1;33m2025-09-19 16:00:09 - Running article generation...[0m
ARTICLE GENERATION COMPLETE - Article #14
[0;32m2025-09-19 16:02:35 - Skipping review - moving to next article[0m
[0;32m2025-09-19 16:02:35 - Completed: 14[0m
[0;34m2025-09-19 16:02:40 - Starting generation for: 15[0m
[1;33m2025-09-19 16:02:40 - Running article generation...[0m
ARTICLE GENERATION COMPLETE - Article #15
[0;32m2025-09-19 16:05:09 - Skipping review - moving to next article[0m
[0;32m2025-09-19 16:05:10 - Completed: 15[0m
[0;34m2025-09-19 16:05:15 - Starting generation for: 16[0m
[1;33m2025-09-19 16:05:15 - Running article generation...[0m
ARTICLE GENERATION COMPLETE - Article #16
[0;32m2025-09-19 16:07:45 - Skipping review - moving to next article[0m
[0;32m2025-09-19 16:07:45 - Completed: 16[0m
[0;34m2025-09-19 16:07:50 - Starting generation for: 17[0m
[1;33m2025-09-19 16:07:50 - Running article generation...[0m
ARTICLE GENERATION COMPLETE - Article #17
[0;32m2025-09-19 16:10:40 - Skipping review - moving to next article[0m
[0;32m2025-09-19 16:10:40 - Completed: 17[0m
[0;34m2025-09-19 16:10:45 - Starting generation for: 18[0m
[1;33m2025-09-19 16:10:45 - Running article generation...[0m
ARTICLE GENERATION COMPLETE - Article #18
[0;32m2025-09-19 16:15:01 - Skipping review - moving to next article[0m
[0;32m2025-09-19 16:15:01 - Completed: 18[0m
[0;34m2025-09-19 16:15:06 - Starting generation for: 19[0m
[1;33m2025-09-19 16:15:07 - Running article generation...[0m
ARTICLE GENERATION COMPLETE - Article #19
[0;32m2025-09-19 16:20:16 - Skipping review - moving to next article[0m
[0;32m2025-09-19 16:20:16 - Completed: 19[0m
[0;34m2025-09-19 16:20:21 - Starting generation for: 20[0m
[1;33m2025-09-19 16:20:21 - Running article generation...[0m
ARTICLE GENERATION COMPLETE - Article #20
[0;32m2025-09-19 16:22:39 - Skipping review - moving to next article[0m
[0;32m2025-09-19 16:22:39 - Completed: 20[0m
