[0;34m2025-09-18 19:28:32 - Starting Article Generation Cycle for template: immigration-journey[0m
[1;33m2025-09-18 19:28:32 - Creating worktree for template: immigration-journey[0m
[0;32m2025-09-18 19:28:32 - Created branch: article-immigration-journey[0m
[0;32m2025-09-18 19:28:34 - Created worktree: ../templata-immigration-journey[0m
[1;33m2025-09-18 19:28:34 - Creating template blog file: blogs-immigration-journey.ts[0m
[0;32m2025-09-18 19:28:34 - Created template blog file: ../templata-immigration-journey/src/registry/blogs-immigration-journey.ts[0m
[0;34m2025-09-18 19:28:34 - Starting generation for: 1[0m
[1;33m2025-09-18 19:28:34 - Running article generation...[0m
[0;34m2025-09-18 19:29:24 - Starting Article Generation Cycle for template: immigration-journey[0m
[0;32m2025-09-18 19:29:24 - Using existing worktree: ../templata-immigration-journey[0m
[0;34m2025-09-18 19:29:24 - Starting generation for: 1[0m
[1;33m2025-09-18 19:29:24 - Running article generation...[0m
ARTICLE GENERATION COMPLETE - Article #1
[0;32m2025-09-18 19:29:54 - Skipping review - moving to next article[0m
[0;32m2025-09-18 19:29:54 - Completed: 1[0m
[0;34m2025-09-18 19:29:59 - Starting generation for: 2[0m
[1;33m2025-09-18 19:29:59 - Running article generation...[0m
ARTICLE GENERATION COMPLETE - Article #1
ARTICLE GENERATION COMPLETE - Article #2
[0;34m2025-09-19 15:37:50 - Starting Article Generation Cycle for template: immigration-journey[0m
[0;32m2025-09-19 15:37:50 - Using existing worktree: ../templata-immigration-journey[0m
[0;34m2025-09-19 15:37:50 - Starting generation for: 2[0m
[1;33m2025-09-19 15:37:50 - Running article generation...[0m
ARTICLE GENERATION COMPLETE - Article #2
[0;32m2025-09-19 15:39:33 - Skipping review - moving to next article[0m
[0;32m2025-09-19 15:39:33 - Completed: 2[0m
[0;34m2025-09-19 15:39:38 - Starting generation for: 3[0m
[1;33m2025-09-19 15:39:38 - Running article generation...[0m
ARTICLE GENERATION COMPLETE - Article #3
[0;32m2025-09-19 15:41:46 - Skipping review - moving to next article[0m
[0;32m2025-09-19 15:41:46 - Completed: 3[0m
[0;34m2025-09-19 15:41:51 - Starting generation for: 4[0m
[1;33m2025-09-19 15:41:51 - Running article generation...[0m
ARTICLE GENERATION COMPLETE - Article #4
[0;32m2025-09-19 15:43:27 - Skipping review - moving to next article[0m
[0;32m2025-09-19 15:43:27 - Completed: 4[0m
[0;34m2025-09-19 15:43:32 - Starting generation for: 5[0m
[1;33m2025-09-19 15:43:32 - Running article generation...[0m
ARTICLE GENERATION COMPLETE - Article #5
[0;32m2025-09-19 15:45:20 - Skipping review - moving to next article[0m
[0;32m2025-09-19 15:45:20 - Completed: 5[0m
[0;34m2025-09-19 15:45:25 - Starting generation for: 6[0m
[1;33m2025-09-19 15:45:25 - Running article generation...[0m
ARTICLE GENERATION COMPLETE - Article #6
[0;32m2025-09-19 15:47:21 - Skipping review - moving to next article[0m
[0;32m2025-09-19 15:47:21 - Completed: 6[0m
[0;34m2025-09-19 15:47:26 - Starting generation for: 7[0m
[1;33m2025-09-19 15:47:26 - Running article generation...[0m
ARTICLE GENERATION COMPLETE - Article #7
[0;32m2025-09-19 15:49:29 - Skipping review - moving to next article[0m
[0;32m2025-09-19 15:49:29 - Completed: 7[0m
[0;34m2025-09-19 15:49:34 - Starting generation for: 8[0m
[1;33m2025-09-19 15:49:34 - Running article generation...[0m
ARTICLE GENERATION COMPLETE - Article #8
[0;32m2025-09-19 15:52:15 - Skipping review - moving to next article[0m
[0;32m2025-09-19 15:52:15 - Completed: 8[0m
[0;34m2025-09-19 15:52:20 - Starting generation for: 9[0m
[1;33m2025-09-19 15:52:20 - Running article generation...[0m
ARTICLE GENERATION COMPLETE - Article #9
[0;32m2025-09-19 15:56:42 - Skipping review - moving to next article[0m
[0;32m2025-09-19 15:56:42 - Completed: 9[0m
[0;34m2025-09-19 15:56:47 - Starting generation for: 10[0m
[1;33m2025-09-19 15:56:47 - Running article generation...[0m
ARTICLE GENERATION COMPLETE - Article #10
[0;32m2025-09-19 15:58:21 - Skipping review - moving to next article[0m
[0;32m2025-09-19 15:58:21 - Completed: 10[0m
[0;34m2025-09-19 15:58:26 - Starting generation for: 11[0m
[1;33m2025-09-19 15:58:26 - Running article generation...[0m
ARTICLE GENERATION COMPLETE - Article #11
[0;32m2025-09-19 15:59:58 - Skipping review - moving to next article[0m
[0;32m2025-09-19 15:59:58 - Completed: 11[0m
[0;34m2025-09-19 16:00:03 - Starting generation for: 12[0m
[1;33m2025-09-19 16:00:03 - Running article generation...[0m
ARTICLE GENERATION COMPLETE - Article #12
[0;32m2025-09-19 16:02:05 - Skipping review - moving to next article[0m
[0;32m2025-09-19 16:02:05 - Completed: 12[0m
[0;34m2025-09-19 16:02:10 - Starting generation for: 13[0m
[1;33m2025-09-19 16:02:10 - Running article generation...[0m
ARTICLE GENERATION COMPLETE - Article #13
[0;32m2025-09-19 16:03:44 - Skipping review - moving to next article[0m
[0;32m2025-09-19 16:03:44 - Completed: 13[0m
[0;34m2025-09-19 16:03:49 - Starting generation for: 14[0m
[1;33m2025-09-19 16:03:49 - Running article generation...[0m
ARTICLE GENERATION COMPLETE - Article #14
[0;32m2025-09-19 16:06:03 - Skipping review - moving to next article[0m
[0;32m2025-09-19 16:06:03 - Completed: 14[0m
[0;34m2025-09-19 16:06:08 - Starting generation for: 15[0m
[1;33m2025-09-19 16:06:08 - Running article generation...[0m
ARTICLE GENERATION COMPLETE - Article #15
[0;32m2025-09-19 16:09:26 - Skipping review - moving to next article[0m
[0;32m2025-09-19 16:09:26 - Completed: 15[0m
[0;34m2025-09-19 16:09:31 - Starting generation for: 16[0m
[1;33m2025-09-19 16:09:31 - Running article generation...[0m
ARTICLE GENERATION COMPLETE - Article #16
[0;32m2025-09-19 16:11:59 - Skipping review - moving to next article[0m
[0;32m2025-09-19 16:11:59 - Completed: 16[0m
[0;34m2025-09-19 16:12:05 - Starting generation for: 17[0m
[1;33m2025-09-19 16:12:05 - Running article generation...[0m
ARTICLE GENERATION COMPLETE - Article #17
[0;32m2025-09-19 16:13:54 - Skipping review - moving to next article[0m
[0;32m2025-09-19 16:13:54 - Completed: 17[0m
[0;34m2025-09-19 16:13:59 - Starting generation for: 18[0m
[1;33m2025-09-19 16:13:59 - Running article generation...[0m
ARTICLE GENERATION COMPLETE - Article #18
[0;32m2025-09-19 16:17:01 - Skipping review - moving to next article[0m
[0;32m2025-09-19 16:17:01 - Completed: 18[0m
[0;34m2025-09-19 16:17:06 - Starting generation for: 19[0m
[1;33m2025-09-19 16:17:07 - Running article generation...[0m
ARTICLE GENERATION COMPLETE - Article #19
[0;32m2025-09-19 16:18:40 - Skipping review - moving to next article[0m
[0;32m2025-09-19 16:18:40 - Completed: 19[0m
[0;34m2025-09-19 16:18:45 - Starting generation for: 20[0m
[1;33m2025-09-19 16:18:45 - Running article generation...[0m
Perfect! I have successfully generated and added Article #20 to the immigration journey template. The article "Mastering U.S. Healthcare System Navigation: An Immigrant's Complete Guide" is a comprehensive 1,400+ word guide that follows all the master prompt guidelines:

✅ **Word count**: 1,400+ words (12 minute read)
✅ **Voice**: Sophisticated, caring, and genuinely helpful tone
✅ **Structure**: Flowing paragraphs with minimal bullet points
✅ **Author**: "Templata" 
✅ **Category**: "Personal Life"
✅ **Metadata**: Proper SEO, tags, type (guide), difficulty (intermediate)
✅ **Immigration context**: Specifically addresses healthcare navigation challenges for new immigrants
✅ **Added to registry**: Successfully added to manualBlogPosts array in the correct format

The article covers essential healthcare navigation topics that immigrants desperately need: insurance systems, provider selection, medical billing, preventive care, emergency care, cultural considerations, and building long-term healthcare relationships. It maintains the master prompt's requirement for premium, comprehensive content that makes complex information accessible and actionable.

ARTICLE GENERATION COMPLETE - Article #20
[0;32m2025-09-19 16:22:19 - Skipping review - moving to next article[0m
[0;32m2025-09-19 16:22:19 - Completed: 20[0m
