[0;34m2025-09-18 12:34:11 - Starting Article Generation Cycle for template: death-of-spouse[0m
[1;33m2025-09-18 12:34:11 - Creating worktree for template: death-of-spouse[0m
[0;32m2025-09-18 12:34:11 - Created branch: article-death-of-spouse[0m
[0;32m2025-09-18 12:34:13 - Created worktree: ../templata-death-of-spouse[0m
[1;33m2025-09-18 12:34:13 - Creating template blog file: blogs-death-of-spouse.ts[0m
[0;32m2025-09-18 12:34:13 - Created template blog file: ../templata-death-of-spouse/src/registry/blogs-death-of-spouse.ts[0m
[0;34m2025-09-18 12:34:13 - Starting generation for: 1[0m
[1;33m2025-09-18 12:34:13 - Running article generation...[0m
ARTICLE GENERATION COMPLETE - Article #1
[0;32m2025-09-18 12:35:23 - Skipping review - moving to next article[0m
[0;32m2025-09-18 12:35:23 - Completed: 1[0m
[0;34m2025-09-18 12:35:28 - Starting generation for: 2[0m
[1;33m2025-09-18 12:35:28 - Running article generation...[0m
ARTICLE GENERATION COMPLETE - Article #2
[0;32m2025-09-18 12:37:02 - Skipping review - moving to next article[0m
[0;32m2025-09-18 12:37:02 - Completed: 2[0m
[0;34m2025-09-18 12:37:07 - Starting generation for: 3[0m
[1;33m2025-09-18 12:37:07 - Running article generation...[0m
ARTICLE GENERATION COMPLETE - Article #3
[0;32m2025-09-18 12:38:45 - Skipping review - moving to next article[0m
[0;32m2025-09-18 12:38:45 - Completed: 3[0m
[0;34m2025-09-18 12:38:50 - Starting generation for: 4[0m
[1;33m2025-09-18 12:38:50 - Running article generation...[0m
ARTICLE GENERATION COMPLETE - Article #4
[0;32m2025-09-18 12:40:58 - Skipping review - moving to next article[0m
[0;32m2025-09-18 12:40:58 - Completed: 4[0m
[0;34m2025-09-18 12:41:03 - Starting generation for: 5[0m
[1;33m2025-09-18 12:41:03 - Running article generation...[0m
ARTICLE GENERATION COMPLETE - Article #5
[0;32m2025-09-18 12:43:07 - Skipping review - moving to next article[0m
[0;32m2025-09-18 12:43:07 - Completed: 5[0m
[0;34m2025-09-18 12:43:12 - Starting generation for: 6[0m
[1;33m2025-09-18 12:43:12 - Running article generation...[0m
ARTICLE GENERATION COMPLETE - Article #6
[0;32m2025-09-18 12:45:48 - Skipping review - moving to next article[0m
[0;32m2025-09-18 12:45:48 - Completed: 6[0m
[0;34m2025-09-18 12:45:53 - Starting generation for: 7[0m
[1;33m2025-09-18 12:45:53 - Running article generation...[0m
ARTICLE GENERATION COMPLETE - Article #7
[0;32m2025-09-18 12:49:15 - Skipping review - moving to next article[0m
[0;32m2025-09-18 12:49:15 - Completed: 7[0m
[0;34m2025-09-18 12:49:20 - Starting generation for: 8[0m
[1;33m2025-09-18 12:49:20 - Running article generation...[0m
ARTICLE GENERATION COMPLETE - Article #8
[0;32m2025-09-18 12:52:45 - Skipping review - moving to next article[0m
[0;32m2025-09-18 12:52:45 - Completed: 8[0m
[0;34m2025-09-18 12:52:50 - Starting generation for: 9[0m
[1;33m2025-09-18 12:52:50 - Running article generation...[0m
ARTICLE GENERATION COMPLETE - Article #9
[0;32m2025-09-18 12:54:26 - Skipping review - moving to next article[0m
[0;32m2025-09-18 12:54:26 - Completed: 9[0m
[0;34m2025-09-18 12:54:31 - Starting generation for: 10[0m
[1;33m2025-09-18 12:54:31 - Running article generation...[0m
ARTICLE GENERATION COMPLETE - Article #10
[0;32m2025-09-18 12:56:09 - Skipping review - moving to next article[0m
[0;32m2025-09-18 12:56:09 - Completed: 10[0m
[0;34m2025-09-18 12:56:14 - Starting generation for: 11[0m
[1;33m2025-09-18 12:56:14 - Running article generation...[0m
Perfect! I have successfully added Article #11 to the death of spouse template. The article covers "Returning to Work After Losing Your Spouse: Navigating Professional Life While Grieving" - a comprehensive 1,400+ word guide that follows all the master prompt requirements:

✅ **Master Prompt Compliance:**
- 1,200-1,600 words (achieved ~1,400 words)
- Author: "Templata" 
- Category: "Personal Life"
- Sophisticated, caring voice without being pretentious
- Flowing paragraphs with minimal bullet points
- No first person usage
- Premium but accessible tone

✅ **Article Structure:**
- Type: "guide"
- Difficulty: "intermediate" 
- 12 min read time
- Proper SEO metadata
- Relevant tags for workplace grief and career management
- Related posts connecting to other articles in the registry

✅ **Content Quality:**
- Addresses genuine need for surviving spouses returning to work
- Practical, actionable strategies
- Emotionally sensitive but professionally focused
- Eight comprehensive sections covering all aspects of workplace grief
- Respects reader intelligence while providing real value

The article would genuinely help people going through this challenging transition and follows the "group chat share test" - it's content people would actually want to read and share with friends facing similar situations.

ARTICLE GENERATION COMPLETE - Article #11
[0;32m2025-09-18 13:02:35 - Skipping review - moving to next article[0m
[0;32m2025-09-18 13:02:35 - Completed: 11[0m
[0;34m2025-09-18 13:02:40 - Starting generation for: 12[0m
[1;33m2025-09-18 13:02:40 - Running article generation...[0m
ARTICLE GENERATION COMPLETE - Article #12
[0;32m2025-09-18 13:06:15 - Skipping review - moving to next article[0m
[0;32m2025-09-18 13:06:15 - Completed: 12[0m
[0;34m2025-09-18 13:06:20 - Starting generation for: 13[0m
[1;33m2025-09-18 13:06:20 - Running article generation...[0m
ARTICLE GENERATION COMPLETE - Article #13
[0;32m2025-09-18 13:09:46 - Skipping review - moving to next article[0m
[0;32m2025-09-18 13:09:46 - Completed: 13[0m
[0;34m2025-09-18 13:09:51 - Starting generation for: 14[0m
[1;33m2025-09-18 13:09:51 - Running article generation...[0m
ARTICLE GENERATION COMPLETE - Article #14
[0;32m2025-09-18 13:11:15 - Skipping review - moving to next article[0m
[0;32m2025-09-18 13:11:15 - Completed: 14[0m
[0;34m2025-09-18 13:11:20 - Starting generation for: 15[0m
[1;33m2025-09-18 13:11:20 - Running article generation...[0m
ARTICLE GENERATION COMPLETE - Article #15
[0;32m2025-09-18 13:14:36 - Skipping review - moving to next article[0m
[0;32m2025-09-18 13:14:36 - Completed: 15[0m
[0;34m2025-09-18 13:14:41 - Starting generation for: 16[0m
[1;33m2025-09-18 13:14:41 - Running article generation...[0m
ARTICLE GENERATION COMPLETE - Article #16
[0;32m2025-09-18 13:17:37 - Skipping review - moving to next article[0m
[0;32m2025-09-18 13:17:37 - Completed: 16[0m
[0;34m2025-09-18 13:17:42 - Starting generation for: 17[0m
[1;33m2025-09-18 13:17:42 - Running article generation...[0m
ARTICLE GENERATION COMPLETE - Article #17
[0;32m2025-09-18 13:19:27 - Skipping review - moving to next article[0m
[0;32m2025-09-18 13:19:27 - Completed: 17[0m
[0;34m2025-09-18 13:19:32 - Starting generation for: 18[0m
[1;33m2025-09-18 13:19:32 - Running article generation...[0m
ARTICLE GENERATION COMPLETE - Article #18
[0;32m2025-09-18 13:20:58 - Skipping review - moving to next article[0m
[0;32m2025-09-18 13:20:58 - Completed: 18[0m
[0;34m2025-09-18 13:21:03 - Starting generation for: 19[0m
[1;33m2025-09-18 13:21:03 - Running article generation...[0m
ARTICLE GENERATION COMPLETE - Article #19
[0;32m2025-09-18 13:23:29 - Skipping review - moving to next article[0m
[0;32m2025-09-18 13:23:29 - Completed: 19[0m
[0;34m2025-09-18 13:23:34 - Starting generation for: 20[0m
[1;33m2025-09-18 13:23:34 - Running article generation...[0m
ARTICLE GENERATION COMPLETE - Article #20
[0;32m2025-09-18 13:25:12 - Skipping review - moving to next article[0m
[0;32m2025-09-18 13:25:12 - Completed: 20[0m
