[0;34m2025-09-18 12:34:11 - Starting Article Generation Cycle for template: college-selection[0m
[1;33m2025-09-18 12:34:11 - Creating worktree for template: college-selection[0m
[0;32m2025-09-18 12:34:11 - Created branch: article-college-selection[0m
[0;32m2025-09-18 12:34:13 - Created worktree: ../templata-college-selection[0m
[1;33m2025-09-18 12:34:13 - Creating template blog file: blogs-college-selection.ts[0m
[0;32m2025-09-18 12:34:13 - Created template blog file: ../templata-college-selection/src/registry/blogs-college-selection.ts[0m
[0;34m2025-09-18 12:34:13 - Starting generation for: 1[0m
[1;33m2025-09-18 12:34:13 - Running article generation...[0m
ARTICLE GENERATION COMPLETE - Article #1
[0;32m2025-09-18 12:35:24 - Skipping review - moving to next article[0m
[0;32m2025-09-18 12:35:24 - Completed: 1[0m
[0;34m2025-09-18 12:35:30 - Starting generation for: 2[0m
[1;33m2025-09-18 12:35:30 - Running article generation...[0m
ARTICLE GENERATION COMPLETE - Article #2
[0;32m2025-09-18 12:37:01 - Skipping review - moving to next article[0m
[0;32m2025-09-18 12:37:01 - Completed: 2[0m
[0;34m2025-09-18 12:37:06 - Starting generation for: 3[0m
[1;33m2025-09-18 12:37:06 - Running article generation...[0m
ARTICLE GENERATION COMPLETE - Article #3
[0;32m2025-09-18 12:38:32 - Skipping review - moving to next article[0m
[0;32m2025-09-18 12:38:32 - Completed: 3[0m
[0;34m2025-09-18 12:38:37 - Starting generation for: 4[0m
[1;33m2025-09-18 12:38:37 - Running article generation...[0m
ARTICLE GENERATION COMPLETE - Article #4
[0;32m2025-09-18 12:40:18 - Skipping review - moving to next article[0m
[0;32m2025-09-18 12:40:18 - Completed: 4[0m
[0;34m2025-09-18 12:40:23 - Starting generation for: 5[0m
[1;33m2025-09-18 12:40:23 - Running article generation...[0m
ARTICLE GENERATION COMPLETE - Article #5
[0;32m2025-09-18 12:41:48 - Skipping review - moving to next article[0m
[0;32m2025-09-18 12:41:48 - Completed: 5[0m
[0;34m2025-09-18 12:41:53 - Starting generation for: 6[0m
[1;33m2025-09-18 12:41:53 - Running article generation...[0m
ARTICLE GENERATION COMPLETE - Article #6
[0;32m2025-09-18 12:43:35 - Skipping review - moving to next article[0m
[0;32m2025-09-18 12:43:35 - Completed: 6[0m
[0;34m2025-09-18 12:43:40 - Starting generation for: 7[0m
[1;33m2025-09-18 12:43:40 - Running article generation...[0m
ARTICLE GENERATION COMPLETE - Article #7
[0;32m2025-09-18 12:45:23 - Skipping review - moving to next article[0m
[0;32m2025-09-18 12:45:23 - Completed: 7[0m
[0;34m2025-09-18 12:45:29 - Starting generation for: 8[0m
[1;33m2025-09-18 12:45:29 - Running article generation...[0m
ARTICLE GENERATION COMPLETE - Article #8
[0;32m2025-09-18 12:47:16 - Skipping review - moving to next article[0m
[0;32m2025-09-18 12:47:16 - Completed: 8[0m
[0;34m2025-09-18 12:47:21 - Starting generation for: 9[0m
[1;33m2025-09-18 12:47:21 - Running article generation...[0m
ARTICLE GENERATION COMPLETE - Article #9
[0;32m2025-09-18 12:49:07 - Skipping review - moving to next article[0m
[0;32m2025-09-18 12:49:07 - Completed: 9[0m
[0;34m2025-09-18 12:49:12 - Starting generation for: 10[0m
[1;33m2025-09-18 12:49:12 - Running article generation...[0m
ARTICLE GENERATION COMPLETE - Article #10
[0;32m2025-09-18 12:51:05 - Skipping review - moving to next article[0m
[0;32m2025-09-18 12:51:05 - Completed: 10[0m
[0;34m2025-09-18 12:51:10 - Starting generation for: 11[0m
[1;33m2025-09-18 12:51:10 - Running article generation...[0m
ARTICLE GENERATION COMPLETE - Article #11
[0;32m2025-09-18 12:53:56 - Skipping review - moving to next article[0m
[0;32m2025-09-18 12:53:56 - Completed: 11[0m
[0;34m2025-09-18 12:54:01 - Starting generation for: 12[0m
[1;33m2025-09-18 12:54:01 - Running article generation...[0m
ARTICLE GENERATION COMPLETE - Article #12
[0;32m2025-09-18 12:56:25 - Skipping review - moving to next article[0m
[0;32m2025-09-18 12:56:25 - Completed: 12[0m
[0;34m2025-09-18 12:56:30 - Starting generation for: 13[0m
[1;33m2025-09-18 12:56:30 - Running article generation...[0m
ARTICLE GENERATION COMPLETE - Article #13
[0;32m2025-09-18 12:57:54 - Skipping review - moving to next article[0m
[0;32m2025-09-18 12:57:54 - Completed: 13[0m
[0;34m2025-09-18 12:57:59 - Starting generation for: 14[0m
[1;33m2025-09-18 12:57:59 - Running article generation...[0m
ARTICLE GENERATION COMPLETE - Article #14
[0;32m2025-09-18 12:59:32 - Skipping review - moving to next article[0m
[0;32m2025-09-18 12:59:32 - Completed: 14[0m
[0;34m2025-09-18 12:59:37 - Starting generation for: 15[0m
[1;33m2025-09-18 12:59:37 - Running article generation...[0m
ARTICLE GENERATION COMPLETE - Article #15
[0;32m2025-09-18 13:01:25 - Skipping review - moving to next article[0m
[0;32m2025-09-18 13:01:25 - Completed: 15[0m
[0;34m2025-09-18 13:01:30 - Starting generation for: 16[0m
[1;33m2025-09-18 13:01:30 - Running article generation...[0m
ARTICLE GENERATION COMPLETE - Article #16
[0;32m2025-09-18 13:03:02 - Skipping review - moving to next article[0m
[0;32m2025-09-18 13:03:02 - Completed: 16[0m
[0;34m2025-09-18 13:03:07 - Starting generation for: 17[0m
[1;33m2025-09-18 13:03:07 - Running article generation...[0m
ARTICLE GENERATION COMPLETE - Article #17
[0;32m2025-09-18 13:05:52 - Skipping review - moving to next article[0m
[0;32m2025-09-18 13:05:52 - Completed: 17[0m
[0;34m2025-09-18 13:05:57 - Starting generation for: 18[0m
[1;33m2025-09-18 13:05:57 - Running article generation...[0m
ARTICLE GENERATION COMPLETE - Article #18
[0;32m2025-09-18 13:08:40 - Skipping review - moving to next article[0m
[0;32m2025-09-18 13:08:40 - Completed: 18[0m
[0;34m2025-09-18 13:08:45 - Starting generation for: 19[0m
[1;33m2025-09-18 13:08:45 - Running article generation...[0m
ARTICLE GENERATION COMPLETE - Article #19
[0;32m2025-09-18 13:10:02 - Skipping review - moving to next article[0m
[0;32m2025-09-18 13:10:02 - Completed: 19[0m
[0;34m2025-09-18 13:10:07 - Starting generation for: 20[0m
[1;33m2025-09-18 13:10:07 - Running article generation...[0m
ARTICLE GENERATION COMPLETE - Article #20
[0;32m2025-09-18 13:11:49 - Skipping review - moving to next article[0m
[0;32m2025-09-18 13:11:49 - Completed: 20[0m
