[0;34m2025-09-18 09:17:14 - Starting Article Generation Cycle for template: mobile-app-startup[0m
[1;33m2025-09-18 09:17:14 - Creating worktree for template: mobile-app-startup[0m
[0;32m2025-09-18 09:17:14 - Created branch: article-mobile-app-startup[0m
[0;32m2025-09-18 09:17:17 - Created worktree: ../templata-mobile-app-startup[0m
[1;33m2025-09-18 09:17:17 - Creating template blog file: blogs-mobile-app-startup.ts[0m
[0;32m2025-09-18 09:17:17 - Created template blog file: ../templata-mobile-app-startup/src/registry/blogs-mobile-app-startup.ts[0m
[0;34m2025-09-18 09:17:17 - Starting generation for: 1[0m
[1;33m2025-09-18 09:17:17 - Running article generation...[0m
ARTICLE GENERATION COMPLETE - Article #1
[0;32m2025-09-18 09:18:39 - Skipping review - moving to next article[0m
[0;32m2025-09-18 09:18:39 - Completed: 1[0m
[0;34m2025-09-18 09:18:44 - Starting generation for: 2[0m
[1;33m2025-09-18 09:18:44 - Running article generation...[0m
ARTICLE GENERATION COMPLETE - Article #2
[0;32m2025-09-18 09:21:08 - Skipping review - moving to next article[0m
[0;32m2025-09-18 09:21:08 - Completed: 2[0m
[0;34m2025-09-18 09:21:13 - Starting generation for: 3[0m
[1;33m2025-09-18 09:21:13 - Running article generation...[0m
ARTICLE GENERATION COMPLETE - Article #3
[0;32m2025-09-18 09:22:49 - Skipping review - moving to next article[0m
[0;32m2025-09-18 09:22:49 - Completed: 3[0m
[0;34m2025-09-18 09:22:54 - Starting generation for: 4[0m
[1;33m2025-09-18 09:22:54 - Running article generation...[0m
ARTICLE GENERATION COMPLETE - Article #4
[0;32m2025-09-18 09:24:43 - Skipping review - moving to next article[0m
[0;32m2025-09-18 09:24:43 - Completed: 4[0m
[0;34m2025-09-18 09:24:49 - Starting generation for: 5[0m
[1;33m2025-09-18 09:24:49 - Running article generation...[0m
ARTICLE GENERATION COMPLETE - Article #5
[0;32m2025-09-18 09:26:30 - Skipping review - moving to next article[0m
[0;32m2025-09-18 09:26:30 - Completed: 5[0m
[0;34m2025-09-18 09:26:35 - Starting generation for: 6[0m
[1;33m2025-09-18 09:26:35 - Running article generation...[0m
ARTICLE GENERATION COMPLETE - Article #6
[0;32m2025-09-18 09:30:34 - Skipping review - moving to next article[0m
[0;32m2025-09-18 09:30:34 - Completed: 6[0m
[0;34m2025-09-18 09:30:39 - Starting generation for: 7[0m
[1;33m2025-09-18 09:30:39 - Running article generation...[0m
ARTICLE GENERATION COMPLETE - Article #7
[0;32m2025-09-18 09:32:19 - Skipping review - moving to next article[0m
[0;32m2025-09-18 09:32:19 - Completed: 7[0m
[0;34m2025-09-18 09:32:24 - Starting generation for: 8[0m
[1;33m2025-09-18 09:32:24 - Running article generation...[0m
ARTICLE GENERATION COMPLETE - Article #8
[0;32m2025-09-18 09:34:19 - Skipping review - moving to next article[0m
[0;32m2025-09-18 09:34:19 - Completed: 8[0m
[0;34m2025-09-18 09:34:24 - Starting generation for: 9[0m
[1;33m2025-09-18 09:34:24 - Running article generation...[0m
ARTICLE GENERATION COMPLETE - Article #9
[0;32m2025-09-18 09:36:26 - Skipping review - moving to next article[0m
[0;32m2025-09-18 09:36:26 - Completed: 9[0m
[0;34m2025-09-18 09:36:31 - Starting generation for: 10[0m
[1;33m2025-09-18 09:36:31 - Running article generation...[0m
ARTICLE GENERATION COMPLETE - Article #10
[0;32m2025-09-18 09:38:24 - Skipping review - moving to next article[0m
[0;32m2025-09-18 09:38:24 - Completed: 10[0m
[0;34m2025-09-18 09:38:29 - Starting generation for: 11[0m
[1;33m2025-09-18 09:38:29 - Running article generation...[0m
ARTICLE GENERATION COMPLETE - Article #11
[0;32m2025-09-18 09:40:33 - Skipping review - moving to next article[0m
[0;32m2025-09-18 09:40:33 - Completed: 11[0m
[0;34m2025-09-18 09:40:38 - Starting generation for: 12[0m
[1;33m2025-09-18 09:40:38 - Running article generation...[0m
ARTICLE GENERATION COMPLETE - Article #12
[0;32m2025-09-18 09:43:03 - Skipping review - moving to next article[0m
[0;32m2025-09-18 09:43:03 - Completed: 12[0m
[0;34m2025-09-18 09:43:08 - Starting generation for: 13[0m
[1;33m2025-09-18 09:43:08 - Running article generation...[0m
ARTICLE GENERATION COMPLETE - Article #13
[0;32m2025-09-18 09:45:57 - Skipping review - moving to next article[0m
[0;32m2025-09-18 09:45:57 - Completed: 13[0m
[0;34m2025-09-18 09:46:02 - Starting generation for: 14[0m
[1;33m2025-09-18 09:46:02 - Running article generation...[0m
ARTICLE GENERATION COMPLETE - Article #14
[0;32m2025-09-18 09:49:13 - Skipping review - moving to next article[0m
[0;32m2025-09-18 09:49:13 - Completed: 14[0m
[0;34m2025-09-18 09:49:18 - Starting generation for: 15[0m
[1;33m2025-09-18 09:49:18 - Running article generation...[0m
Perfect! I have successfully generated and added Article #15 to the mobile app startup template. The article covers "User Acquisition for Mobile Apps: Building a Sustainable Growth Engine Without Breaking the Bank" and meets all the requirements:

✅ **Word Count**: 1,400+ words (12-minute read)
✅ **Master Prompt Guidelines**: Followed sophisticated, caring voice and readability principles
✅ **Author**: "Templata"
✅ **Category**: "Personal Life"
✅ **Added to Registry**: Successfully added to manualBlogPosts array in src/registry/blogs-mobile-app-startup.ts
✅ **SEO Metadata**: Complete with metaTitle, metaDescription, and ogImage
✅ **Type & Difficulty**: Guide/Intermediate
✅ **Mobile App Startup Context**: Focused specifically on user acquisition challenges and strategies for mobile app startups
✅ **Engaging Topic**: Covers a crucial pain point for mobile app entrepreneurs - sustainable user acquisition without breaking the bank

The article provides comprehensive coverage of mobile app user acquisition, including organic growth foundations, paid advertising strategies, and retention optimization, all written in Templata's signature sophisticated yet accessible voice.

ARTICLE GENERATION COMPLETE - Article #15
[0;32m2025-09-18 09:52:15 - Skipping review - moving to next article[0m
[0;32m2025-09-18 09:52:15 - Completed: 15[0m
[0;34m2025-09-18 09:52:20 - Starting generation for: 16[0m
[1;33m2025-09-18 09:52:20 - Running article generation...[0m
ARTICLE GENERATION COMPLETE - Article #16
[0;32m2025-09-18 09:54:13 - Skipping review - moving to next article[0m
[0;32m2025-09-18 09:54:13 - Completed: 16[0m
[0;34m2025-09-18 09:54:18 - Starting generation for: 17[0m
[1;33m2025-09-18 09:54:18 - Running article generation...[0m
ARTICLE GENERATION COMPLETE - Article #17
[0;32m2025-09-18 09:55:53 - Skipping review - moving to next article[0m
[0;32m2025-09-18 09:55:53 - Completed: 17[0m
[0;34m2025-09-18 09:55:58 - Starting generation for: 18[0m
[1;33m2025-09-18 09:55:58 - Running article generation...[0m
ARTICLE GENERATION COMPLETE - Article #18
[0;32m2025-09-18 09:59:49 - Skipping review - moving to next article[0m
[0;32m2025-09-18 09:59:49 - Completed: 18[0m
[0;34m2025-09-18 09:59:54 - Starting generation for: 19[0m
[1;33m2025-09-18 09:59:54 - Running article generation...[0m
ARTICLE GENERATION COMPLETE - Article #19
[0;32m2025-09-18 10:03:28 - Skipping review - moving to next article[0m
[0;32m2025-09-18 10:03:28 - Completed: 19[0m
[0;34m2025-09-18 10:03:33 - Starting generation for: 20[0m
[1;33m2025-09-18 10:03:33 - Running article generation...[0m
Perfect! I have successfully generated and added a comprehensive 1,400-word article about "The Hidden Psychology of Mobile App User Retention" to the mobile app startup template blog registry. The article:

- Follows the master prompt guidelines with a sophisticated, caring voice
- Is 1,400 words (12-minute read) within the required range
- Written by "Templata" in the "Personal Life" category  
- Focuses specifically on mobile app startup needs
- Covers psychological principles for building user retention
- Includes proper SEO metadata and tags
- Uses the "guide" type with "intermediate" difficulty
- Added as article #21 to the manualBlogPosts array

The article explores behavioral psychology, habit formation, user engagement strategies, and creating sustainable retention through understanding human psychology - all highly relevant topics for mobile app entrepreneurs looking to build apps that users genuinely love and continue using.

ARTICLE GENERATION COMPLETE - Article #20
[0;32m2025-09-18 10:05:28 - Skipping review - moving to next article[0m
[0;32m2025-09-18 10:05:28 - Completed: 20[0m
