[0;34m2025-09-17 13:16:09 - Starting Article Generation Cycle for template: digital-detox[0m
[1;33m2025-09-17 13:16:09 - Creating worktree for template: digital-detox[0m
[0;32m2025-09-17 13:16:09 - Created branch: article-digital-detox[0m
[0;32m2025-09-17 13:16:09 - Created worktree: ../templata-digital-detox[0m
[1;33m2025-09-17 13:16:09 - Creating template blog file: blogs-digital-detox.ts[0m
[0;32m2025-09-17 13:16:09 - Created template blog file: ../templata-digital-detox/src/registry/blogs-digital-detox.ts[0m
[0;34m2025-09-17 13:16:09 - Starting generation for: 1[0m
[1;33m2025-09-17 13:16:09 - Running article generation...[0m
ARTICLE GENERATION COMPLETE - Article #1
[0;32m2025-09-17 13:17:18 - Skipping review - moving to next article[0m
[0;32m2025-09-17 13:17:18 - Completed: 1[0m
[0;34m2025-09-17 13:17:23 - Starting generation for: 2[0m
[1;33m2025-09-17 13:17:23 - Running article generation...[0m
ARTICLE GENERATION COMPLETE - Article #2
[0;32m2025-09-17 13:18:43 - Skipping review - moving to next article[0m
[0;32m2025-09-17 13:18:43 - Completed: 2[0m
[0;34m2025-09-17 13:18:48 - Starting generation for: 3[0m
[1;33m2025-09-17 13:18:48 - Running article generation...[0m
ARTICLE GENERATION COMPLETE - Article #3
[0;32m2025-09-17 13:20:15 - Skipping review - moving to next article[0m
[0;32m2025-09-17 13:20:15 - Completed: 3[0m
[0;34m2025-09-17 13:20:20 - Starting generation for: 4[0m
[1;33m2025-09-17 13:20:20 - Running article generation...[0m
ARTICLE GENERATION COMPLETE - Article #4
[0;32m2025-09-17 13:22:11 - Skipping review - moving to next article[0m
[0;32m2025-09-17 13:22:11 - Completed: 4[0m
[0;34m2025-09-17 13:22:16 - Starting generation for: 5[0m
[1;33m2025-09-17 13:22:16 - Running article generation...[0m
ARTICLE GENERATION COMPLETE - Article #5
[0;32m2025-09-17 13:24:03 - Skipping review - moving to next article[0m
[0;32m2025-09-17 13:24:03 - Completed: 5[0m
[0;34m2025-09-17 13:24:08 - Starting generation for: 6[0m
[1;33m2025-09-17 13:24:08 - Running article generation...[0m
ARTICLE GENERATION COMPLETE - Article #6
[0;32m2025-09-17 13:25:46 - Skipping review - moving to next article[0m
[0;32m2025-09-17 13:25:46 - Completed: 6[0m
[0;34m2025-09-17 13:25:51 - Starting generation for: 7[0m
[1;33m2025-09-17 13:25:51 - Running article generation...[0m
ARTICLE GENERATION COMPLETE - Article #7
[0;32m2025-09-17 13:27:43 - Skipping review - moving to next article[0m
[0;32m2025-09-17 13:27:43 - Completed: 7[0m
[0;34m2025-09-17 13:27:48 - Starting generation for: 8[0m
[1;33m2025-09-17 13:27:48 - Running article generation...[0m
ARTICLE GENERATION COMPLETE - Article #8
[0;32m2025-09-17 13:30:04 - Skipping review - moving to next article[0m
[0;32m2025-09-17 13:30:04 - Completed: 8[0m
[0;34m2025-09-17 13:30:09 - Starting generation for: 9[0m
[1;33m2025-09-17 13:30:09 - Running article generation...[0m
ARTICLE GENERATION COMPLETE - Article #9
[0;32m2025-09-17 13:32:11 - Skipping review - moving to next article[0m
[0;32m2025-09-17 13:32:11 - Completed: 9[0m
[0;34m2025-09-17 13:32:16 - Starting generation for: 10[0m
[1;33m2025-09-17 13:32:16 - Running article generation...[0m
Perfect! I have successfully generated and added Article #10 to the digital detox template. The article is a comprehensive 1,400+ word guide titled "How to Overcome Digital FOMO and Anxiety During Your Detox" that:

- Follows the master prompt's sophisticated, caring voice and readability guidelines
- Is 1,400+ words (falls within the 1,200-1,600 word requirement)
- Uses the author "Templata" and category "Personal Life"
- Is properly formatted and added to the manualBlogPosts array
- Includes comprehensive SEO metadata
- Is classified as a "guide" with "intermediate" difficulty
- Focuses specifically on digital detox context and needs
- Addresses a highly relevant topic (FOMO and anxiety during digital detox)
- Uses flowing, engaging paragraphs with minimal bullet points
- Avoids first person language
- Provides genuinely helpful, actionable strategies

ARTICLE GENERATION COMPLETE - Article #10
[0;32m2025-09-17 13:35:31 - Skipping review - moving to next article[0m
[0;32m2025-09-17 13:35:31 - Completed: 10[0m
[0;34m2025-09-17 13:35:36 - Starting generation for: 11[0m
[1;33m2025-09-17 13:35:36 - Running article generation...[0m
ARTICLE GENERATION COMPLETE - Article #11
[0;32m2025-09-17 13:37:20 - Skipping review - moving to next article[0m
[0;32m2025-09-17 13:37:20 - Completed: 11[0m
[0;34m2025-09-17 13:37:25 - Starting generation for: 12[0m
[1;33m2025-09-17 13:37:25 - Running article generation...[0m
ARTICLE GENERATION COMPLETE - Article #12
[0;32m2025-09-17 13:41:45 - Skipping review - moving to next article[0m
[0;32m2025-09-17 13:41:45 - Completed: 12[0m
[0;34m2025-09-17 13:41:50 - Starting generation for: 13[0m
[1;33m2025-09-17 13:41:50 - Running article generation...[0m
ARTICLE GENERATION COMPLETE - Article #13
[0;32m2025-09-17 13:43:24 - Skipping review - moving to next article[0m
[0;32m2025-09-17 13:43:24 - Completed: 13[0m
[0;34m2025-09-17 13:43:29 - Starting generation for: 14[0m
[1;33m2025-09-17 13:43:29 - Running article generation...[0m
ARTICLE GENERATION COMPLETE - Article #14
[0;32m2025-09-17 13:47:20 - Skipping review - moving to next article[0m
[0;32m2025-09-17 13:47:20 - Completed: 14[0m
[0;34m2025-09-17 13:47:26 - Starting generation for: 15[0m
[1;33m2025-09-17 13:47:26 - Running article generation...[0m
ARTICLE GENERATION COMPLETE - Article #15
[0;32m2025-09-17 13:48:56 - Skipping review - moving to next article[0m
[0;32m2025-09-17 13:48:56 - Completed: 15[0m
[0;34m2025-09-17 13:49:01 - Starting generation for: 16[0m
[1;33m2025-09-17 13:49:01 - Running article generation...[0m
ARTICLE GENERATION COMPLETE - Article #16
[0;32m2025-09-17 13:52:33 - Skipping review - moving to next article[0m
[0;32m2025-09-17 13:52:33 - Completed: 16[0m
[0;34m2025-09-17 13:52:38 - Starting generation for: 17[0m
[1;33m2025-09-17 13:52:38 - Running article generation...[0m
ARTICLE GENERATION COMPLETE - Article #17
[0;32m2025-09-17 13:56:44 - Skipping review - moving to next article[0m
[0;32m2025-09-17 13:56:44 - Completed: 17[0m
[0;34m2025-09-17 13:56:49 - Starting generation for: 18[0m
[1;33m2025-09-17 13:56:49 - Running article generation...[0m
ARTICLE GENERATION COMPLETE - Article #18
[0;32m2025-09-17 13:59:56 - Skipping review - moving to next article[0m
[0;32m2025-09-17 13:59:56 - Completed: 18[0m
[0;34m2025-09-17 14:00:01 - Starting generation for: 19[0m
[1;33m2025-09-17 14:00:01 - Running article generation...[0m
ARTICLE GENERATION COMPLETE - Article #19
[0;32m2025-09-17 14:03:19 - Skipping review - moving to next article[0m
[0;32m2025-09-17 14:03:19 - Completed: 19[0m
[0;34m2025-09-17 14:03:24 - Starting generation for: 20[0m
[1;33m2025-09-17 14:03:24 - Running article generation...[0m
ARTICLE GENERATION COMPLETE - Article #20
[0;32m2025-09-17 14:05:08 - Skipping review - moving to next article[0m
[0;32m2025-09-17 14:05:08 - Completed: 20[0m
[0;34m2025-09-17 19:43:23 - Starting Article Generation Cycle for template: digital-detox[0m
[0;32m2025-09-17 19:43:23 - Using existing worktree: ../templata-digital-detox[0m
