[0;34m2025-09-18 07:22:59 - Starting Article Generation Cycle for template: antique-collecting[0m
[0;32m2025-09-18 07:22:59 - Using existing worktree: ../templata-antique-collecting[0m
[1;33m2025-09-18 07:22:59 - Creating template blog file: blogs-antique-collecting.ts[0m
[0;32m2025-09-18 07:22:59 - Created template blog file: ../templata-antique-collecting/src/registry/blogs-antique-collecting.ts[0m
[0;34m2025-09-18 07:22:59 - Starting generation for: 1[0m
[1;33m2025-09-18 07:22:59 - Running article generation...[0m
ARTICLE GENERATION COMPLETE - Article #1
[0;32m2025-09-18 07:24:14 - Skipping review - moving to next article[0m
[0;32m2025-09-18 07:24:14 - Completed: 1[0m
[0;34m2025-09-18 07:24:19 - Starting generation for: 2[0m
[1;33m2025-09-18 07:24:19 - Running article generation...[0m
ARTICLE GENERATION COMPLETE - Article #2
[0;32m2025-09-18 07:25:52 - Skipping review - moving to next article[0m
[0;32m2025-09-18 07:25:52 - Completed: 2[0m
[0;34m2025-09-18 07:25:57 - Starting generation for: 3[0m
[1;33m2025-09-18 07:25:57 - Running article generation...[0m
ARTICLE GENERATION COMPLETE - Article #3
[0;32m2025-09-18 07:27:37 - Skipping review - moving to next article[0m
[0;32m2025-09-18 07:27:37 - Completed: 3[0m
[0;34m2025-09-18 07:27:42 - Starting generation for: 4[0m
[1;33m2025-09-18 07:27:42 - Running article generation...[0m
ARTICLE GENERATION COMPLETE - Article #4
[0;32m2025-09-18 07:29:19 - Skipping review - moving to next article[0m
[0;32m2025-09-18 07:29:19 - Completed: 4[0m
[0;34m2025-09-18 07:29:24 - Starting generation for: 5[0m
[1;33m2025-09-18 07:29:24 - Running article generation...[0m
ARTICLE GENERATION COMPLETE - Article #5
[0;32m2025-09-18 07:30:57 - Skipping review - moving to next article[0m
[0;32m2025-09-18 07:30:57 - Completed: 5[0m
[0;34m2025-09-18 07:31:02 - Starting generation for: 6[0m
[1;33m2025-09-18 07:31:02 - Running article generation...[0m
ARTICLE GENERATION COMPLETE - Article #6
[0;32m2025-09-18 07:32:32 - Skipping review - moving to next article[0m
[0;32m2025-09-18 07:32:32 - Completed: 6[0m
[0;34m2025-09-18 07:32:37 - Starting generation for: 7[0m
[1;33m2025-09-18 07:32:37 - Running article generation...[0m
ARTICLE GENERATION COMPLETE - Article #7
[0;34m2025-09-18 08:22:44 - Starting Article Generation Cycle for template: antique-collecting[0m
[0;32m2025-09-18 08:22:44 - Using existing worktree: ../templata-antique-collecting[0m
[0;34m2025-09-18 08:22:44 - Starting generation for: 7[0m
[1;33m2025-09-18 08:22:44 - Running article generation...[0m
ARTICLE GENERATION COMPLETE - Article #7
[0;32m2025-09-18 08:24:23 - Skipping review - moving to next article[0m
[0;32m2025-09-18 08:24:23 - Completed: 7[0m
[0;34m2025-09-18 08:24:28 - Starting generation for: 8[0m
[1;33m2025-09-18 08:24:28 - Running article generation...[0m
ARTICLE GENERATION COMPLETE - Article #8
[0;32m2025-09-18 08:26:13 - Skipping review - moving to next article[0m
[0;32m2025-09-18 08:26:13 - Completed: 8[0m
[0;34m2025-09-18 08:26:18 - Starting generation for: 9[0m
[1;33m2025-09-18 08:26:18 - Running article generation...[0m
ARTICLE GENERATION COMPLETE - Article #9
[0;32m2025-09-18 08:28:02 - Skipping review - moving to next article[0m
[0;32m2025-09-18 08:28:02 - Completed: 9[0m
[0;34m2025-09-18 08:28:07 - Starting generation for: 10[0m
[1;33m2025-09-18 08:28:07 - Running article generation...[0m
ARTICLE GENERATION COMPLETE - Article #10
[0;32m2025-09-18 08:30:35 - Skipping review - moving to next article[0m
[0;32m2025-09-18 08:30:35 - Completed: 10[0m
[0;34m2025-09-18 08:30:40 - Starting generation for: 11[0m
[1;33m2025-09-18 08:30:40 - Running article generation...[0m
ARTICLE GENERATION COMPLETE - Article #11
[0;32m2025-09-18 08:33:18 - Skipping review - moving to next article[0m
[0;32m2025-09-18 08:33:18 - Completed: 11[0m
[0;34m2025-09-18 08:33:23 - Starting generation for: 12[0m
[1;33m2025-09-18 08:33:23 - Running article generation...[0m
ARTICLE GENERATION COMPLETE - Article #12
[0;32m2025-09-18 08:35:40 - Skipping review - moving to next article[0m
[0;32m2025-09-18 08:35:40 - Completed: 12[0m
[0;34m2025-09-18 08:35:45 - Starting generation for: 13[0m
[1;33m2025-09-18 08:35:45 - Running article generation...[0m
ARTICLE GENERATION COMPLETE - Article #13
[0;32m2025-09-18 08:38:38 - Skipping review - moving to next article[0m
[0;32m2025-09-18 08:38:38 - Completed: 13[0m
[0;34m2025-09-18 08:38:43 - Starting generation for: 14[0m
[1;33m2025-09-18 08:38:43 - Running article generation...[0m
ARTICLE GENERATION COMPLETE - Article #14
[0;32m2025-09-18 08:41:28 - Skipping review - moving to next article[0m
[0;32m2025-09-18 08:41:28 - Completed: 14[0m
[0;34m2025-09-18 08:41:33 - Starting generation for: 15[0m
[1;33m2025-09-18 08:41:33 - Running article generation...[0m
ARTICLE GENERATION COMPLETE - Article #15
[0;32m2025-09-18 08:44:06 - Skipping review - moving to next article[0m
[0;32m2025-09-18 08:44:06 - Completed: 15[0m
[0;34m2025-09-18 08:44:11 - Starting generation for: 16[0m
[1;33m2025-09-18 08:44:11 - Running article generation...[0m
ARTICLE GENERATION COMPLETE - Article #16
[0;32m2025-09-18 08:45:25 - Skipping review - moving to next article[0m
[0;32m2025-09-18 08:45:25 - Completed: 16[0m
[0;34m2025-09-18 08:45:30 - Starting generation for: 17[0m
[1;33m2025-09-18 08:45:30 - Running article generation...[0m
ARTICLE GENERATION COMPLETE - Article #17
[0;32m2025-09-18 08:46:48 - Skipping review - moving to next article[0m
[0;32m2025-09-18 08:46:48 - Completed: 17[0m
[0;34m2025-09-18 08:46:53 - Starting generation for: 18[0m
[1;33m2025-09-18 08:46:53 - Running article generation...[0m
ARTICLE GENERATION COMPLETE - Article #18
[0;32m2025-09-18 08:50:00 - Skipping review - moving to next article[0m
[0;32m2025-09-18 08:50:00 - Completed: 18[0m
[0;34m2025-09-18 08:50:05 - Starting generation for: 19[0m
[1;33m2025-09-18 08:50:05 - Running article generation...[0m
Perfect! I have successfully generated and added Article #19 to the antique collecting template. The article is a comprehensive 1,400+ word guide titled "The Collector's Guide to Authentic Antique Verification: Spotting Fakes Before They Fool You" that follows all the master prompt guidelines:

- **1,200-1,600 words**: ✓ (approximately 1,400 words)
- **Author: "Templata"**: ✓
- **Category: "Personal Life"**: ✓
- **Added to manualBlogPosts array**: ✓
- **SEO metadata included**: ✓
- **Type and difficulty chosen**: ✓ (guide, intermediate)
- **Antique collecting context**: ✓
- **Sophisticated, caring voice**: ✓
- **Minimized bullet points**: ✓
- **No first person**: ✓

The article covers an essential topic for antique collectors - authentication and fake detection - with practical, actionable guidance that readers would genuinely find valuable and want to share with fellow collectors.

ARTICLE GENERATION COMPLETE - Article #19
[0;32m2025-09-18 08:52:44 - Skipping review - moving to next article[0m
[0;32m2025-09-18 08:52:44 - Completed: 19[0m
[0;34m2025-09-18 08:52:49 - Starting generation for: 20[0m
[1;33m2025-09-18 08:52:49 - Running article generation...[0m
ARTICLE GENERATION COMPLETE - Article #20
[0;32m2025-09-18 08:55:43 - Skipping review - moving to next article[0m
[0;32m2025-09-18 08:55:43 - Completed: 20[0m
