[0;34m2025-09-19 12:46:23 - Starting Article Generation Cycle for template: study-abroad-planning[0m
[1;33m2025-09-19 12:46:23 - Creating worktree for template: study-abroad-planning[0m
[0;32m2025-09-19 12:46:23 - Created branch: article-study-abroad-planning[0m
[0;32m2025-09-19 12:46:24 - Created worktree: ../templata-study-abroad-planning[0m
[1;33m2025-09-19 12:46:24 - Creating template blog file: blogs-study-abroad-planning.ts[0m
[0;32m2025-09-19 12:46:24 - Created template blog file: ../templata-study-abroad-planning/src/registry/blogs-study-abroad-planning.ts[0m
[0;34m2025-09-19 12:46:24 - Starting generation for: 1[0m
[1;33m2025-09-19 12:46:25 - Running article generation...[0m
ARTICLE GENERATION COMPLETE - Article #1
[0;32m2025-09-19 12:47:45 - Skipping review - moving to next article[0m
[0;32m2025-09-19 12:47:45 - Completed: 1[0m
[0;34m2025-09-19 12:47:50 - Starting generation for: 2[0m
[1;33m2025-09-19 12:47:51 - Running article generation...[0m
ARTICLE GENERATION COMPLETE - Article #2
[0;32m2025-09-19 12:49:30 - Skipping review - moving to next article[0m
[0;32m2025-09-19 12:49:30 - Completed: 2[0m
[0;34m2025-09-19 12:49:35 - Starting generation for: 3[0m
[1;33m2025-09-19 12:49:35 - Running article generation...[0m
ARTICLE GENERATION COMPLETE - Article #3
[0;32m2025-09-19 12:51:31 - Skipping review - moving to next article[0m
[0;32m2025-09-19 12:51:31 - Completed: 3[0m
[0;34m2025-09-19 12:51:36 - Starting generation for: 4[0m
[1;33m2025-09-19 12:51:36 - Running article generation...[0m
ARTICLE GENERATION COMPLETE - Article #4
[0;32m2025-09-19 12:53:30 - Skipping review - moving to next article[0m
[0;32m2025-09-19 12:53:30 - Completed: 4[0m
[0;34m2025-09-19 12:53:35 - Starting generation for: 5[0m
[1;33m2025-09-19 12:53:35 - Running article generation...[0m
ARTICLE GENERATION COMPLETE - Article #5
[0;32m2025-09-19 12:55:11 - Skipping review - moving to next article[0m
[0;32m2025-09-19 12:55:11 - Completed: 5[0m
[0;34m2025-09-19 12:55:16 - Starting generation for: 6[0m
[1;33m2025-09-19 12:55:16 - Running article generation...[0m
ARTICLE GENERATION COMPLETE - Article #6
[0;32m2025-09-19 12:57:08 - Skipping review - moving to next article[0m
[0;32m2025-09-19 12:57:08 - Completed: 6[0m
[0;34m2025-09-19 12:57:13 - Starting generation for: 7[0m
[1;33m2025-09-19 12:57:13 - Running article generation...[0m
ARTICLE GENERATION COMPLETE - Article #7
[0;32m2025-09-19 12:59:17 - Skipping review - moving to next article[0m
[0;32m2025-09-19 12:59:17 - Completed: 7[0m
[0;34m2025-09-19 12:59:22 - Starting generation for: 8[0m
[1;33m2025-09-19 12:59:22 - Running article generation...[0m
ARTICLE GENERATION COMPLETE - Article #8
[0;32m2025-09-19 13:01:11 - Skipping review - moving to next article[0m
[0;32m2025-09-19 13:01:11 - Completed: 8[0m
[0;34m2025-09-19 13:01:16 - Starting generation for: 9[0m
[1;33m2025-09-19 13:01:16 - Running article generation...[0m
ARTICLE GENERATION COMPLETE - Article #9
[0;32m2025-09-19 13:03:13 - Skipping review - moving to next article[0m
[0;32m2025-09-19 13:03:13 - Completed: 9[0m
[0;34m2025-09-19 13:03:18 - Starting generation for: 10[0m
[1;33m2025-09-19 13:03:18 - Running article generation...[0m
ARTICLE GENERATION COMPLETE - Article #10
[0;32m2025-09-19 13:07:41 - Skipping review - moving to next article[0m
[0;32m2025-09-19 13:07:41 - Completed: 10[0m
[0;34m2025-09-19 13:07:46 - Starting generation for: 11[0m
[1;33m2025-09-19 13:07:46 - Running article generation...[0m
ARTICLE GENERATION COMPLETE - Article #11
[0;32m2025-09-19 13:09:11 - Skipping review - moving to next article[0m
[0;32m2025-09-19 13:09:11 - Completed: 11[0m
[0;34m2025-09-19 13:09:16 - Starting generation for: 12[0m
[1;33m2025-09-19 13:09:16 - Running article generation...[0m
ARTICLE GENERATION COMPLETE - Article #12
[0;32m2025-09-19 13:11:02 - Skipping review - moving to next article[0m
[0;32m2025-09-19 13:11:02 - Completed: 12[0m
[0;34m2025-09-19 13:11:07 - Starting generation for: 13[0m
[1;33m2025-09-19 13:11:07 - Running article generation...[0m
ARTICLE GENERATION COMPLETE - Article #13
[0;32m2025-09-19 13:14:22 - Skipping review - moving to next article[0m
[0;32m2025-09-19 13:14:22 - Completed: 13[0m
[0;34m2025-09-19 13:14:27 - Starting generation for: 14[0m
[1;33m2025-09-19 13:14:27 - Running article generation...[0m
ARTICLE GENERATION COMPLETE - Article #14
[0;32m2025-09-19 13:16:18 - Skipping review - moving to next article[0m
[0;32m2025-09-19 13:16:18 - Completed: 14[0m
[0;34m2025-09-19 13:16:23 - Starting generation for: 15[0m
[1;33m2025-09-19 13:16:23 - Running article generation...[0m
ARTICLE GENERATION COMPLETE - Article #15
[0;32m2025-09-19 13:19:38 - Skipping review - moving to next article[0m
[0;32m2025-09-19 13:19:38 - Completed: 15[0m
[0;34m2025-09-19 13:19:43 - Starting generation for: 16[0m
[1;33m2025-09-19 13:19:43 - Running article generation...[0m
ARTICLE GENERATION COMPLETE - Article #16
[0;32m2025-09-19 13:21:47 - Skipping review - moving to next article[0m
[0;32m2025-09-19 13:21:47 - Completed: 16[0m
[0;34m2025-09-19 13:21:52 - Starting generation for: 17[0m
[1;33m2025-09-19 13:21:52 - Running article generation...[0m
ARTICLE GENERATION COMPLETE - Article #17
[0;32m2025-09-19 13:24:04 - Skipping review - moving to next article[0m
[0;32m2025-09-19 13:24:04 - Completed: 17[0m
[0;34m2025-09-19 13:24:09 - Starting generation for: 18[0m
[1;33m2025-09-19 13:24:09 - Running article generation...[0m
ARTICLE GENERATION COMPLETE - Article #18
[0;32m2025-09-19 13:25:41 - Skipping review - moving to next article[0m
[0;32m2025-09-19 13:25:41 - Completed: 18[0m
[0;34m2025-09-19 13:25:46 - Starting generation for: 19[0m
[1;33m2025-09-19 13:25:46 - Running article generation...[0m
ARTICLE GENERATION COMPLETE - Article #19
[0;32m2025-09-19 13:27:28 - Skipping review - moving to next article[0m
[0;32m2025-09-19 13:27:28 - Completed: 19[0m
[0;34m2025-09-19 13:27:33 - Starting generation for: 20[0m
[1;33m2025-09-19 13:27:33 - Running article generation...[0m
Perfect! I have successfully generated and added Article #20 to the study abroad planning template. The article is comprehensive, follows all the master prompt guidelines, and focuses on professional networking while studying abroad - a highly relevant topic for students planning international educational experiences.

The article:
- Contains 1,500+ words (11-minute read)
- Follows the sophisticated, caring voice from the master prompt
- Uses flowing paragraphs instead of bullet points
- Author: "Templata"
- Category: "Personal Life" 
- Type: "guide"
- Difficulty: "intermediate"
- Includes proper SEO metadata
- Has relevant tags for study abroad and networking
- Contains related posts and templates

ARTICLE GENERATION COMPLETE - Article #20
[0;32m2025-09-19 13:30:56 - Skipping review - moving to next article[0m
[0;32m2025-09-19 13:30:56 - Completed: 20[0m
