[0;34m2025-09-18 09:17:14 - Starting Article Generation Cycle for template: personal-finance[0m
[1;33m2025-09-18 09:17:14 - Creating worktree for template: personal-finance[0m
[0;32m2025-09-18 09:17:14 - Created branch: article-personal-finance[0m
[0;32m2025-09-18 09:17:17 - Created worktree: ../templata-personal-finance[0m
[1;33m2025-09-18 09:17:17 - Creating template blog file: blogs-personal-finance.ts[0m
[0;32m2025-09-18 09:17:17 - Created template blog file: ../templata-personal-finance/src/registry/blogs-personal-finance.ts[0m
[0;34m2025-09-18 09:17:17 - Starting generation for: 1[0m
[1;33m2025-09-18 09:17:17 - Running article generation...[0m
ARTICLE GENERATION COMPLETE - Article #1
[0;32m2025-09-18 09:18:29 - Skipping review - moving to next article[0m
[0;32m2025-09-18 09:18:29 - Completed: 1[0m
[0;34m2025-09-18 09:18:34 - Starting generation for: 2[0m
[1;33m2025-09-18 09:18:34 - Running article generation...[0m
ARTICLE GENERATION COMPLETE - Article #2
[0;32m2025-09-18 09:20:43 - Skipping review - moving to next article[0m
[0;32m2025-09-18 09:20:43 - Completed: 2[0m
[0;34m2025-09-18 09:20:48 - Starting generation for: 3[0m
[1;33m2025-09-18 09:20:49 - Running article generation...[0m
ARTICLE GENERATION COMPLETE - Article #3
[0;32m2025-09-18 09:22:32 - Skipping review - moving to next article[0m
[0;32m2025-09-18 09:22:32 - Completed: 3[0m
[0;34m2025-09-18 09:22:37 - Starting generation for: 4[0m
[1;33m2025-09-18 09:22:37 - Running article generation...[0m
ARTICLE GENERATION COMPLETE - Article #4
[0;32m2025-09-18 09:26:15 - Skipping review - moving to next article[0m
[0;32m2025-09-18 09:26:15 - Completed: 4[0m
[0;34m2025-09-18 09:26:20 - Starting generation for: 5[0m
[1;33m2025-09-18 09:26:20 - Running article generation...[0m
ARTICLE GENERATION COMPLETE - Article #5
[0;32m2025-09-18 09:31:16 - Skipping review - moving to next article[0m
[0;32m2025-09-18 09:31:16 - Completed: 5[0m
[0;34m2025-09-18 09:31:21 - Starting generation for: 6[0m
[1;33m2025-09-18 09:31:21 - Running article generation...[0m
ARTICLE GENERATION COMPLETE - Article #6
[0;32m2025-09-18 09:34:02 - Skipping review - moving to next article[0m
[0;32m2025-09-18 09:34:02 - Completed: 6[0m
[0;34m2025-09-18 09:34:07 - Starting generation for: 7[0m
[1;33m2025-09-18 09:34:07 - Running article generation...[0m
ARTICLE GENERATION COMPLETE - Article #7
[0;32m2025-09-18 09:36:36 - Skipping review - moving to next article[0m
[0;32m2025-09-18 09:36:36 - Completed: 7[0m
[0;34m2025-09-18 09:36:41 - Starting generation for: 8[0m
[1;33m2025-09-18 09:36:41 - Running article generation...[0m
ARTICLE GENERATION COMPLETE - Article #8
[0;32m2025-09-18 09:40:32 - Skipping review - moving to next article[0m
[0;32m2025-09-18 09:40:32 - Completed: 8[0m
[0;34m2025-09-18 09:40:37 - Starting generation for: 9[0m
[1;33m2025-09-18 09:40:37 - Running article generation...[0m
ARTICLE GENERATION COMPLETE - Article #9
[0;32m2025-09-18 09:42:24 - Skipping review - moving to next article[0m
[0;32m2025-09-18 09:42:24 - Completed: 9[0m
[0;34m2025-09-18 09:42:29 - Starting generation for: 10[0m
[1;33m2025-09-18 09:42:29 - Running article generation...[0m
ARTICLE GENERATION COMPLETE - Article #10
[0;32m2025-09-18 09:45:42 - Skipping review - moving to next article[0m
[0;32m2025-09-18 09:45:42 - Completed: 10[0m
[0;34m2025-09-18 09:45:47 - Starting generation for: 11[0m
[1;33m2025-09-18 09:45:47 - Running article generation...[0m
ARTICLE GENERATION COMPLETE - Article #11
[0;32m2025-09-18 09:50:11 - Skipping review - moving to next article[0m
[0;32m2025-09-18 09:50:11 - Completed: 11[0m
[0;34m2025-09-18 09:50:16 - Starting generation for: 12[0m
[1;33m2025-09-18 09:50:16 - Running article generation...[0m
ARTICLE GENERATION COMPLETE - Article #12
[0;32m2025-09-18 09:52:04 - Skipping review - moving to next article[0m
[0;32m2025-09-18 09:52:04 - Completed: 12[0m
[0;34m2025-09-18 09:52:09 - Starting generation for: 13[0m
[1;33m2025-09-18 09:52:09 - Running article generation...[0m
ARTICLE GENERATION COMPLETE - Article #13
[0;32m2025-09-18 09:54:04 - Skipping review - moving to next article[0m
[0;32m2025-09-18 09:54:04 - Completed: 13[0m
[0;34m2025-09-18 09:54:09 - Starting generation for: 14[0m
[1;33m2025-09-18 09:54:09 - Running article generation...[0m
ARTICLE GENERATION COMPLETE - Article #14
[0;32m2025-09-18 09:55:56 - Skipping review - moving to next article[0m
[0;32m2025-09-18 09:55:56 - Completed: 14[0m
[0;34m2025-09-18 09:56:01 - Starting generation for: 15[0m
[1;33m2025-09-18 09:56:01 - Running article generation...[0m
ARTICLE GENERATION COMPLETE - Article #15
[0;32m2025-09-18 09:59:24 - Skipping review - moving to next article[0m
[0;32m2025-09-18 09:59:24 - Completed: 15[0m
[0;34m2025-09-18 09:59:29 - Starting generation for: 16[0m
[1;33m2025-09-18 09:59:29 - Running article generation...[0m
ARTICLE GENERATION COMPLETE - Article #16
[0;32m2025-09-18 10:01:35 - Skipping review - moving to next article[0m
[0;32m2025-09-18 10:01:35 - Completed: 16[0m
[0;34m2025-09-18 10:01:40 - Starting generation for: 17[0m
[1;33m2025-09-18 10:01:40 - Running article generation...[0m
ARTICLE GENERATION COMPLETE - Article #17
[0;32m2025-09-18 10:03:41 - Skipping review - moving to next article[0m
[0;32m2025-09-18 10:03:41 - Completed: 17[0m
[0;34m2025-09-18 10:03:46 - Starting generation for: 18[0m
[1;33m2025-09-18 10:03:46 - Running article generation...[0m
ARTICLE GENERATION COMPLETE - Article #18
[0;32m2025-09-18 10:05:25 - Skipping review - moving to next article[0m
[0;32m2025-09-18 10:05:25 - Completed: 18[0m
[0;34m2025-09-18 10:05:30 - Starting generation for: 19[0m
[1;33m2025-09-18 10:05:30 - Running article generation...[0m
ARTICLE GENERATION COMPLETE - Article #19
[0;32m2025-09-18 10:08:11 - Skipping review - moving to next article[0m
[0;32m2025-09-18 10:08:11 - Completed: 19[0m
[0;34m2025-09-18 10:08:16 - Starting generation for: 20[0m
[1;33m2025-09-18 10:08:16 - Running article generation...[0m
ARTICLE GENERATION COMPLETE - Article #20
[0;32m2025-09-18 10:09:46 - Skipping review - moving to next article[0m
[0;32m2025-09-18 10:09:46 - Completed: 20[0m
