[0;34m2025-09-19 12:46:23 - Starting Article Generation Cycle for template: professional-networking[0m
[1;33m2025-09-19 12:46:23 - Creating worktree for template: professional-networking[0m
[0;32m2025-09-19 12:46:23 - Created branch: article-professional-networking[0m
[0;32m2025-09-19 12:46:24 - Created worktree: ../templata-professional-networking[0m
[1;33m2025-09-19 12:46:24 - Creating template blog file: blogs-professional-networking.ts[0m
[0;32m2025-09-19 12:46:24 - Created template blog file: ../templata-professional-networking/src/registry/blogs-professional-networking.ts[0m
[0;34m2025-09-19 12:46:24 - Starting generation for: 1[0m
[1;33m2025-09-19 12:46:25 - Running article generation...[0m
ARTICLE GENERATION COMPLETE - Article #1
[0;32m2025-09-19 12:47:24 - Skipping review - moving to next article[0m
[0;32m2025-09-19 12:47:24 - Completed: 1[0m
[0;34m2025-09-19 12:47:29 - Starting generation for: 2[0m
[1;33m2025-09-19 12:47:29 - Running article generation...[0m
ARTICLE GENERATION COMPLETE - Article #2
[0;32m2025-09-19 12:48:31 - Skipping review - moving to next article[0m
[0;32m2025-09-19 12:48:31 - Completed: 2[0m
[0;34m2025-09-19 12:48:36 - Starting generation for: 3[0m
[1;33m2025-09-19 12:48:36 - Running article generation...[0m
ARTICLE GENERATION COMPLETE - Article #3
[0;32m2025-09-19 12:49:43 - Skipping review - moving to next article[0m
[0;32m2025-09-19 12:49:43 - Completed: 3[0m
[0;34m2025-09-19 12:49:48 - Starting generation for: 4[0m
[1;33m2025-09-19 12:49:48 - Running article generation...[0m
ARTICLE GENERATION COMPLETE - Article #4
[0;32m2025-09-19 12:50:43 - Skipping review - moving to next article[0m
[0;32m2025-09-19 12:50:43 - Completed: 4[0m
[0;34m2025-09-19 12:50:48 - Starting generation for: 5[0m
[1;33m2025-09-19 12:50:48 - Running article generation...[0m
ARTICLE GENERATION COMPLETE - Article #5
[0;32m2025-09-19 12:51:55 - Skipping review - moving to next article[0m
[0;32m2025-09-19 12:51:55 - Completed: 5[0m
[0;34m2025-09-19 12:52:00 - Starting generation for: 6[0m
[1;33m2025-09-19 12:52:00 - Running article generation...[0m
ARTICLE GENERATION COMPLETE - Article #6
[0;32m2025-09-19 12:53:15 - Skipping review - moving to next article[0m
[0;32m2025-09-19 12:53:15 - Completed: 6[0m
[0;34m2025-09-19 12:53:20 - Starting generation for: 7[0m
[1;33m2025-09-19 12:53:20 - Running article generation...[0m
ARTICLE GENERATION COMPLETE - Article #7
[0;32m2025-09-19 12:54:26 - Skipping review - moving to next article[0m
[0;32m2025-09-19 12:54:26 - Completed: 7[0m
[0;34m2025-09-19 12:54:31 - Starting generation for: 8[0m
[1;33m2025-09-19 12:54:31 - Running article generation...[0m
ARTICLE GENERATION COMPLETE - Article #8
[0;32m2025-09-19 12:55:41 - Skipping review - moving to next article[0m
[0;32m2025-09-19 12:55:41 - Completed: 8[0m
[0;34m2025-09-19 12:55:46 - Starting generation for: 9[0m
[1;33m2025-09-19 12:55:46 - Running article generation...[0m
ARTICLE GENERATION COMPLETE - Article #9
[0;32m2025-09-19 12:56:53 - Skipping review - moving to next article[0m
[0;32m2025-09-19 12:56:53 - Completed: 9[0m
[0;34m2025-09-19 12:56:59 - Starting generation for: 10[0m
[1;33m2025-09-19 12:56:59 - Running article generation...[0m
ARTICLE GENERATION COMPLETE - Article #10
[0;32m2025-09-19 12:58:24 - Skipping review - moving to next article[0m
[0;32m2025-09-19 12:58:24 - Completed: 10[0m
[0;34m2025-09-19 12:58:29 - Starting generation for: 11[0m
[1;33m2025-09-19 12:58:29 - Running article generation...[0m
ARTICLE GENERATION COMPLETE - Article #11
[0;32m2025-09-19 12:59:43 - Skipping review - moving to next article[0m
[0;32m2025-09-19 12:59:43 - Completed: 11[0m
[0;34m2025-09-19 12:59:48 - Starting generation for: 12[0m
[1;33m2025-09-19 12:59:48 - Running article generation...[0m
ARTICLE GENERATION COMPLETE - Article #12
[0;32m2025-09-19 13:01:05 - Skipping review - moving to next article[0m
[0;32m2025-09-19 13:01:05 - Completed: 12[0m
[0;34m2025-09-19 13:01:10 - Starting generation for: 13[0m
[1;33m2025-09-19 13:01:10 - Running article generation...[0m
ARTICLE GENERATION COMPLETE - Article #13
[0;32m2025-09-19 13:02:26 - Skipping review - moving to next article[0m
[0;32m2025-09-19 13:02:26 - Completed: 13[0m
[0;34m2025-09-19 13:02:31 - Starting generation for: 14[0m
[1;33m2025-09-19 13:02:31 - Running article generation...[0m
ARTICLE GENERATION COMPLETE - Article #14
[0;32m2025-09-19 13:03:52 - Skipping review - moving to next article[0m
[0;32m2025-09-19 13:03:52 - Completed: 14[0m
[0;34m2025-09-19 13:03:57 - Starting generation for: 15[0m
[1;33m2025-09-19 13:03:57 - Running article generation...[0m
ARTICLE GENERATION COMPLETE - Article #15
[0;32m2025-09-19 13:05:06 - Skipping review - moving to next article[0m
[0;32m2025-09-19 13:05:06 - Completed: 15[0m
[0;34m2025-09-19 13:05:11 - Starting generation for: 16[0m
[1;33m2025-09-19 13:05:11 - Running article generation...[0m
Perfect! I have successfully created Article #16 for the professional networking template. The article:

**Title:** "The Art of Graceful Follow-Up: Turning Networking Encounters into Lasting Professional Connections"

**Key Features:**
- 1,580 words (12-minute read) - within the required 1,200-1,600 word range
- Follows the master prompt guidelines with sophisticated, caring voice
- Written in flowing paragraphs without excessive bullet points
- Author: "Templata"
- Category: "Personal Life" 
- Type: "guide", Difficulty: "intermediate"
- Comprehensive SEO metadata including meta title, description, and OG image
- Relevant tags focusing on networking follow-up and relationship building
- Related to other professional networking articles in the registry

The article addresses a crucial aspect of professional networking that complements the existing articles - specifically how to effectively follow up after networking encounters to build lasting relationships. It maintains the premium, warm, and genuinely helpful tone that Templata aims for while providing actionable insights that readers would want to share with friends.

ARTICLE GENERATION COMPLETE - Article #16
[0;32m2025-09-19 13:07:07 - Skipping review - moving to next article[0m
[0;32m2025-09-19 13:07:07 - Completed: 16[0m
[0;34m2025-09-19 13:07:12 - Starting generation for: 17[0m
[1;33m2025-09-19 13:07:12 - Running article generation...[0m
ARTICLE GENERATION COMPLETE - Article #17
[0;32m2025-09-19 13:08:28 - Skipping review - moving to next article[0m
[0;32m2025-09-19 13:08:28 - Completed: 17[0m
[0;34m2025-09-19 13:08:33 - Starting generation for: 18[0m
[1;33m2025-09-19 13:08:33 - Running article generation...[0m
ARTICLE GENERATION COMPLETE - Article #18
[0;32m2025-09-19 13:10:05 - Skipping review - moving to next article[0m
[0;32m2025-09-19 13:10:05 - Completed: 18[0m
[0;34m2025-09-19 13:10:10 - Starting generation for: 19[0m
[1;33m2025-09-19 13:10:10 - Running article generation...[0m
ARTICLE GENERATION COMPLETE - Article #19
[0;32m2025-09-19 13:12:34 - Skipping review - moving to next article[0m
[0;32m2025-09-19 13:12:34 - Completed: 19[0m
[0;34m2025-09-19 13:12:39 - Starting generation for: 20[0m
[1;33m2025-09-19 13:12:39 - Running article generation...[0m
ARTICLE GENERATION COMPLETE - Article #20
[0;32m2025-09-19 13:13:51 - Skipping review - moving to next article[0m
[0;32m2025-09-19 13:13:51 - Completed: 20[0m
