[0;34m2025-09-18 09:17:14 - Starting Article Generation Cycle for template: habit-tracking[0m
[1;33m2025-09-18 09:17:14 - Creating worktree for template: habit-tracking[0m
[0;32m2025-09-18 09:17:14 - Created branch: article-habit-tracking[0m
[0;32m2025-09-18 09:17:17 - Created worktree: ../templata-habit-tracking[0m
[1;33m2025-09-18 09:17:17 - Creating template blog file: blogs-habit-tracking.ts[0m
[0;32m2025-09-18 09:17:17 - Created template blog file: ../templata-habit-tracking/src/registry/blogs-habit-tracking.ts[0m
[0;34m2025-09-18 09:17:17 - Starting generation for: 1[0m
[1;33m2025-09-18 09:17:17 - Running article generation...[0m
ARTICLE GENERATION COMPLETE - Article #1
[0;32m2025-09-18 09:18:32 - Skipping review - moving to next article[0m
[0;32m2025-09-18 09:18:32 - Completed: 1[0m
[0;34m2025-09-18 09:18:37 - Starting generation for: 2[0m
[1;33m2025-09-18 09:18:37 - Running article generation...[0m
ARTICLE GENERATION COMPLETE - Article #2
[0;32m2025-09-18 09:19:58 - Skipping review - moving to next article[0m
[0;32m2025-09-18 09:19:58 - Completed: 2[0m
[0;34m2025-09-18 09:20:03 - Starting generation for: 3[0m
[1;33m2025-09-18 09:20:03 - Running article generation...[0m
ARTICLE GENERATION COMPLETE - Article #3
[0;32m2025-09-18 09:21:15 - Skipping review - moving to next article[0m
[0;32m2025-09-18 09:21:15 - Completed: 3[0m
[0;34m2025-09-18 09:21:20 - Starting generation for: 4[0m
[1;33m2025-09-18 09:21:20 - Running article generation...[0m
ARTICLE GENERATION COMPLETE - Article #4
[0;32m2025-09-18 09:22:58 - Skipping review - moving to next article[0m
[0;32m2025-09-18 09:22:58 - Completed: 4[0m
[0;34m2025-09-18 09:23:03 - Starting generation for: 5[0m
[1;33m2025-09-18 09:23:03 - Running article generation...[0m
ARTICLE GENERATION COMPLETE - Article #5
[0;32m2025-09-18 09:24:58 - Skipping review - moving to next article[0m
[0;32m2025-09-18 09:24:58 - Completed: 5[0m
[0;34m2025-09-18 09:25:03 - Starting generation for: 6[0m
[1;33m2025-09-18 09:25:03 - Running article generation...[0m
ARTICLE GENERATION COMPLETE - Article #6
[0;32m2025-09-18 09:26:36 - Skipping review - moving to next article[0m
[0;32m2025-09-18 09:26:36 - Completed: 6[0m
[0;34m2025-09-18 09:26:41 - Starting generation for: 7[0m
[1;33m2025-09-18 09:26:41 - Running article generation...[0m
ARTICLE GENERATION COMPLETE - Article #7
[0;32m2025-09-18 09:30:35 - Skipping review - moving to next article[0m
[0;32m2025-09-18 09:30:35 - Completed: 7[0m
[0;34m2025-09-18 09:30:40 - Starting generation for: 8[0m
[1;33m2025-09-18 09:30:40 - Running article generation...[0m
ARTICLE GENERATION COMPLETE - Article #8
[0;32m2025-09-18 09:32:16 - Skipping review - moving to next article[0m
[0;32m2025-09-18 09:32:16 - Completed: 8[0m
[0;34m2025-09-18 09:32:21 - Starting generation for: 9[0m
[1;33m2025-09-18 09:32:21 - Running article generation...[0m
ARTICLE GENERATION COMPLETE - Article #9
[0;32m2025-09-18 09:34:06 - Skipping review - moving to next article[0m
[0;32m2025-09-18 09:34:06 - Completed: 9[0m
[0;34m2025-09-18 09:34:11 - Starting generation for: 10[0m
[1;33m2025-09-18 09:34:11 - Running article generation...[0m
ARTICLE GENERATION COMPLETE - Article #10
[0;32m2025-09-18 09:35:38 - Skipping review - moving to next article[0m
[0;32m2025-09-18 09:35:38 - Completed: 10[0m
[0;34m2025-09-18 09:35:43 - Starting generation for: 11[0m
[1;33m2025-09-18 09:35:44 - Running article generation...[0m
Perfect! I have successfully generated and added Article #11 to the habit tracking template. The article "The Habit Cascade Effect: How One Small Change Triggers Life Transformation" is a comprehensive 1,400+ word guide that:

✅ Follows the master prompt voice and character guidelines  
✅ Is authored by "Templata"  
✅ Is categorized as "Personal Life"  
✅ Is 1,200-1,600 words (12 minute read)  
✅ Includes proper SEO metadata  
✅ Is classified as a "guide" with "intermediate" difficulty  
✅ Focuses on habit tracking context and keystone habits  
✅ Uses sophisticated, caring voice with flowing paragraphs  
✅ Minimizes bullet points as instructed  
✅ Never uses first person  

The article explores the powerful concept of keystone habits that create cascading positive changes across multiple life areas, which is highly relevant for people working on habit tracking and personal transformation.

ARTICLE GENERATION COMPLETE - Article #11
[0;32m2025-09-18 09:38:29 - Skipping review - moving to next article[0m
[0;32m2025-09-18 09:38:29 - Completed: 11[0m
[0;34m2025-09-18 09:38:34 - Starting generation for: 12[0m
[1;33m2025-09-18 09:38:34 - Running article generation...[0m
ARTICLE GENERATION COMPLETE - Article #12
[0;32m2025-09-18 09:40:49 - Skipping review - moving to next article[0m
[0;32m2025-09-18 09:40:49 - Completed: 12[0m
[0;34m2025-09-18 09:40:55 - Starting generation for: 13[0m
[1;33m2025-09-18 09:40:55 - Running article generation...[0m
ARTICLE GENERATION COMPLETE - Article #13
[0;32m2025-09-18 09:43:57 - Skipping review - moving to next article[0m
[0;32m2025-09-18 09:43:57 - Completed: 13[0m
[0;34m2025-09-18 09:44:02 - Starting generation for: 14[0m
[1;33m2025-09-18 09:44:02 - Running article generation...[0m
ARTICLE GENERATION COMPLETE - Article #14
[0;32m2025-09-18 09:45:36 - Skipping review - moving to next article[0m
[0;32m2025-09-18 09:45:36 - Completed: 14[0m
[0;34m2025-09-18 09:45:41 - Starting generation for: 15[0m
[1;33m2025-09-18 09:45:41 - Running article generation...[0m
ARTICLE GENERATION COMPLETE - Article #15
[0;32m2025-09-18 09:47:52 - Skipping review - moving to next article[0m
[0;32m2025-09-18 09:47:52 - Completed: 15[0m
[0;34m2025-09-18 09:47:57 - Starting generation for: 16[0m
[1;33m2025-09-18 09:47:57 - Running article generation...[0m
ARTICLE GENERATION COMPLETE - Article #16
[0;32m2025-09-18 09:50:14 - Skipping review - moving to next article[0m
[0;32m2025-09-18 09:50:14 - Completed: 16[0m
[0;34m2025-09-18 09:50:19 - Starting generation for: 17[0m
[1;33m2025-09-18 09:50:19 - Running article generation...[0m
Perfect! I have successfully generated and added Article #17 "The Identity Shift Secret: How to Make Any Habit Feel Effortless" to the habit tracking template's blog registry. The article:

- Is 1,436 words (within the 1,200-1,600 word requirement)
- Follows the master prompt's voice and character guidelines with a sophisticated, caring tone
- Is authored by "Templata" in the "Personal Life" category
- Includes proper SEO metadata with meta title, description, and OG image
- Is categorized as a "guide" with "intermediate" difficulty level
- Focuses specifically on habit tracking context and needs through identity-based habit formation
- Follows all guidelines for sophisticated, engaging content that people would actually want to read and share

The article explores the powerful psychological framework of identity-based habit formation, explaining how the most successful habit builders focus on becoming the type of person who naturally performs desired behaviors rather than relying on willpower or motivation alone.

ARTICLE GENERATION COMPLETE - Article #17
[0;32m2025-09-18 09:53:21 - Skipping review - moving to next article[0m
[0;32m2025-09-18 09:53:21 - Completed: 17[0m
[0;34m2025-09-18 09:53:26 - Starting generation for: 18[0m
[1;33m2025-09-18 09:53:26 - Running article generation...[0m
ARTICLE GENERATION COMPLETE - Article #18
[0;32m2025-09-18 09:56:20 - Skipping review - moving to next article[0m
[0;32m2025-09-18 09:56:20 - Completed: 18[0m
[0;34m2025-09-18 09:56:25 - Starting generation for: 19[0m
[1;33m2025-09-18 09:56:25 - Running article generation...[0m
ARTICLE GENERATION COMPLETE - Article #19
[0;32m2025-09-18 09:58:19 - Skipping review - moving to next article[0m
[0;32m2025-09-18 09:58:19 - Completed: 19[0m
[0;34m2025-09-18 09:58:24 - Starting generation for: 20[0m
[1;33m2025-09-18 09:58:24 - Running article generation...[0m
ARTICLE GENERATION COMPLETE - Article #20
[0;32m2025-09-18 10:00:03 - Skipping review - moving to next article[0m
[0;32m2025-09-18 10:00:03 - Completed: 20[0m
