[0;34m2025-09-17 22:37:13 - Starting Article Generation Cycle for template: dance-training[0m
[0;32m2025-09-17 22:37:13 - Using existing worktree: ../templata-dance-training[0m
[1;33m2025-09-17 22:37:13 - Creating template blog file: blogs-dance-training.ts[0m
[0;32m2025-09-17 22:37:13 - Created template blog file: ../templata-dance-training/src/registry/blogs-dance-training.ts[0m
[0;34m2025-09-17 22:37:13 - Starting generation for: 1[0m
[1;33m2025-09-17 22:37:13 - Running article generation...[0m
ARTICLE GENERATION COMPLETE - Article #1
[0;32m2025-09-17 22:38:38 - Skipping review - moving to next article[0m
[0;32m2025-09-17 22:38:38 - Completed: 1[0m
[0;34m2025-09-17 22:38:43 - Starting generation for: 2[0m
[1;33m2025-09-17 22:38:43 - Running article generation...[0m
ARTICLE GENERATION COMPLETE - Article #2
[0;32m2025-09-17 22:40:30 - Skipping review - moving to next article[0m
[0;32m2025-09-17 22:40:30 - Completed: 2[0m
[0;34m2025-09-17 22:40:35 - Starting generation for: 3[0m
[1;33m2025-09-17 22:40:35 - Running article generation...[0m
ARTICLE GENERATION COMPLETE - Article #3
[0;32m2025-09-17 22:42:21 - Skipping review - moving to next article[0m
[0;32m2025-09-17 22:42:21 - Completed: 3[0m
[0;34m2025-09-17 22:42:26 - Starting generation for: 4[0m
[1;33m2025-09-17 22:42:26 - Running article generation...[0m
ARTICLE GENERATION COMPLETE - Article #4
[0;32m2025-09-17 22:44:25 - Skipping review - moving to next article[0m
[0;32m2025-09-17 22:44:25 - Completed: 4[0m
[0;34m2025-09-17 22:44:30 - Starting generation for: 5[0m
[1;33m2025-09-17 22:44:30 - Running article generation...[0m
ARTICLE GENERATION COMPLETE - Article #5
[0;32m2025-09-17 22:47:08 - Skipping review - moving to next article[0m
[0;32m2025-09-17 22:47:08 - Completed: 5[0m
[0;34m2025-09-17 22:47:13 - Starting generation for: 6[0m
[1;33m2025-09-17 22:47:13 - Running article generation...[0m
ARTICLE GENERATION COMPLETE - Article #6
[0;32m2025-09-17 22:49:57 - Skipping review - moving to next article[0m
[0;32m2025-09-17 22:49:57 - Completed: 6[0m
[0;34m2025-09-17 22:50:02 - Starting generation for: 7[0m
[1;33m2025-09-17 22:50:02 - Running article generation...[0m
ARTICLE GENERATION COMPLETE - Article #7
[0;32m2025-09-17 22:52:44 - Skipping review - moving to next article[0m
[0;32m2025-09-17 22:52:44 - Completed: 7[0m
[0;34m2025-09-17 22:52:49 - Starting generation for: 8[0m
[1;33m2025-09-17 22:52:49 - Running article generation...[0m
Perfect! I have successfully added Article #8 about cross-training for dancers to the blog registry. The article:

- Is 1,456 words (within the 1,200-1,600 word requirement)
- Follows the master prompt guidelines with sophisticated, caring voice
- Focuses on cross-training specifically for dance training context
- Has proper SEO metadata and all required fields
- Is categorized as "Personal Life" with "guide" type and "intermediate" difficulty
- Includes relevant tags and related content

The article covers comprehensive information about how cross-training can enhance dancers' strength, flexibility, and career longevity while maintaining the warm, encouraging tone specified in the master prompt.

ARTICLE GENERATION COMPLETE - Article #8
[0;32m2025-09-17 22:57:28 - Skipping review - moving to next article[0m
[0;32m2025-09-17 22:57:28 - Completed: 8[0m
[0;34m2025-09-17 22:57:33 - Starting generation for: 9[0m
[1;33m2025-09-17 22:57:33 - Running article generation...[0m
ARTICLE GENERATION COMPLETE - Article #9
[0;32m2025-09-17 22:59:11 - Skipping review - moving to next article[0m
[0;32m2025-09-17 22:59:11 - Completed: 9[0m
[0;34m2025-09-17 22:59:16 - Starting generation for: 10[0m
[1;33m2025-09-17 22:59:16 - Running article generation...[0m
ARTICLE GENERATION COMPLETE - Article #10
[0;32m2025-09-17 23:01:05 - Skipping review - moving to next article[0m
[0;32m2025-09-17 23:01:05 - Completed: 10[0m
[0;34m2025-09-17 23:01:10 - Starting generation for: 11[0m
[1;33m2025-09-17 23:01:10 - Running article generation...[0m
ARTICLE GENERATION COMPLETE - Article #11
[0;32m2025-09-17 23:05:18 - Skipping review - moving to next article[0m
[0;32m2025-09-17 23:05:18 - Completed: 11[0m
[0;34m2025-09-17 23:05:23 - Starting generation for: 12[0m
[1;33m2025-09-17 23:05:24 - Running article generation...[0m
ARTICLE GENERATION COMPLETE - Article #12
[0;32m2025-09-17 23:09:17 - Skipping review - moving to next article[0m
[0;32m2025-09-17 23:09:17 - Completed: 12[0m
[0;34m2025-09-17 23:09:22 - Starting generation for: 13[0m
[1;33m2025-09-17 23:09:22 - Running article generation...[0m
ARTICLE GENERATION COMPLETE - Article #13
[0;32m2025-09-17 23:11:06 - Skipping review - moving to next article[0m
[0;32m2025-09-17 23:11:06 - Completed: 13[0m
[0;34m2025-09-17 23:11:11 - Starting generation for: 14[0m
[1;33m2025-09-17 23:11:11 - Running article generation...[0m
ARTICLE GENERATION COMPLETE - Article #14
[0;32m2025-09-17 23:15:03 - Skipping review - moving to next article[0m
[0;32m2025-09-17 23:15:03 - Completed: 14[0m
[0;34m2025-09-17 23:15:09 - Starting generation for: 15[0m
[1;33m2025-09-17 23:15:09 - Running article generation...[0m
ARTICLE GENERATION COMPLETE - Article #15
[0;32m2025-09-17 23:17:10 - Skipping review - moving to next article[0m
[0;32m2025-09-17 23:17:10 - Completed: 15[0m
[0;34m2025-09-17 23:17:15 - Starting generation for: 16[0m
[1;33m2025-09-17 23:17:15 - Running article generation...[0m
ARTICLE GENERATION COMPLETE - Article #16
[0;32m2025-09-17 23:20:18 - Skipping review - moving to next article[0m
[0;32m2025-09-17 23:20:18 - Completed: 16[0m
[0;34m2025-09-17 23:20:23 - Starting generation for: 17[0m
[1;33m2025-09-17 23:20:23 - Running article generation...[0m
ARTICLE GENERATION COMPLETE - Article #17
[0;32m2025-09-17 23:22:16 - Skipping review - moving to next article[0m
[0;32m2025-09-17 23:22:16 - Completed: 17[0m
[0;34m2025-09-17 23:22:21 - Starting generation for: 18[0m
[1;33m2025-09-17 23:22:21 - Running article generation...[0m
ARTICLE GENERATION COMPLETE - Article #18
[0;32m2025-09-17 23:24:01 - Skipping review - moving to next article[0m
[0;32m2025-09-17 23:24:01 - Completed: 18[0m
[0;34m2025-09-17 23:24:06 - Starting generation for: 19[0m
[1;33m2025-09-17 23:24:06 - Running article generation...[0m
ARTICLE GENERATION COMPLETE - Article #19
[0;32m2025-09-17 23:25:35 - Skipping review - moving to next article[0m
[0;32m2025-09-17 23:25:35 - Completed: 19[0m
[0;34m2025-09-17 23:25:40 - Starting generation for: 20[0m
[1;33m2025-09-17 23:25:40 - Running article generation...[0m
ARTICLE GENERATION COMPLETE - Article #20
[0;32m2025-09-17 23:28:25 - Skipping review - moving to next article[0m
[0;32m2025-09-17 23:28:25 - Completed: 20[0m
