[0;34m2025-09-18 10:37:36 - Starting Article Generation Cycle for template: business-succession[0m
[1;33m2025-09-18 10:37:36 - Creating worktree for template: business-succession[0m
[0;32m2025-09-18 10:37:36 - Created branch: article-business-succession[0m
[0;32m2025-09-18 10:37:38 - Created worktree: ../templata-business-succession[0m
[1;33m2025-09-18 10:37:38 - Creating template blog file: blogs-business-succession.ts[0m
[0;32m2025-09-18 10:37:38 - Created template blog file: ../templata-business-succession/src/registry/blogs-business-succession.ts[0m
[0;34m2025-09-18 10:37:38 - Starting generation for: 1[0m
[1;33m2025-09-18 10:37:38 - Running article generation...[0m
ARTICLE GENERATION COMPLETE - Article #1
[0;32m2025-09-18 10:38:52 - Skipping review - moving to next article[0m
[0;32m2025-09-18 10:38:52 - Completed: 1[0m
[0;34m2025-09-18 10:38:57 - Starting generation for: 2[0m
[1;33m2025-09-18 10:38:57 - Running article generation...[0m
ARTICLE GENERATION COMPLETE - Article #2
[0;32m2025-09-18 10:40:10 - Skipping review - moving to next article[0m
[0;32m2025-09-18 10:40:10 - Completed: 2[0m
[0;34m2025-09-18 10:40:15 - Starting generation for: 3[0m
[1;33m2025-09-18 10:40:15 - Running article generation...[0m
ARTICLE GENERATION COMPLETE - Article #3
[0;32m2025-09-18 10:41:46 - Skipping review - moving to next article[0m
[0;32m2025-09-18 10:41:46 - Completed: 3[0m
[0;34m2025-09-18 10:41:51 - Starting generation for: 4[0m
[1;33m2025-09-18 10:41:51 - Running article generation...[0m
ARTICLE GENERATION COMPLETE - Article #4
[0;32m2025-09-18 10:43:25 - Skipping review - moving to next article[0m
[0;32m2025-09-18 10:43:25 - Completed: 4[0m
[0;34m2025-09-18 10:43:30 - Starting generation for: 5[0m
[1;33m2025-09-18 10:43:30 - Running article generation...[0m
ARTICLE GENERATION COMPLETE - Article #5
[0;32m2025-09-18 10:44:55 - Skipping review - moving to next article[0m
[0;32m2025-09-18 10:44:55 - Completed: 5[0m
[0;34m2025-09-18 10:45:00 - Starting generation for: 6[0m
[1;33m2025-09-18 10:45:00 - Running article generation...[0m
ARTICLE GENERATION COMPLETE - Article #6
[0;32m2025-09-18 10:46:58 - Skipping review - moving to next article[0m
[0;32m2025-09-18 10:46:58 - Completed: 6[0m
[0;34m2025-09-18 10:47:03 - Starting generation for: 7[0m
[1;33m2025-09-18 10:47:03 - Running article generation...[0m
ARTICLE GENERATION COMPLETE - Article #7
[0;32m2025-09-18 10:48:43 - Skipping review - moving to next article[0m
[0;32m2025-09-18 10:48:43 - Completed: 7[0m
[0;34m2025-09-18 10:48:48 - Starting generation for: 8[0m
[1;33m2025-09-18 10:48:48 - Running article generation...[0m
ARTICLE GENERATION COMPLETE - Article #8
[0;32m2025-09-18 10:50:25 - Skipping review - moving to next article[0m
[0;32m2025-09-18 10:50:25 - Completed: 8[0m
[0;34m2025-09-18 10:50:30 - Starting generation for: 9[0m
[1;33m2025-09-18 10:50:30 - Running article generation...[0m
ARTICLE GENERATION COMPLETE - Article #9
[0;32m2025-09-18 10:52:08 - Skipping review - moving to next article[0m
[0;32m2025-09-18 10:52:08 - Completed: 9[0m
[0;34m2025-09-18 10:52:13 - Starting generation for: 10[0m
[1;33m2025-09-18 10:52:13 - Running article generation...[0m
ARTICLE GENERATION COMPLETE - Article #10
[0;32m2025-09-18 10:54:06 - Skipping review - moving to next article[0m
[0;32m2025-09-18 10:54:06 - Completed: 10[0m
[0;34m2025-09-18 10:54:11 - Starting generation for: 11[0m
[1;33m2025-09-18 10:54:11 - Running article generation...[0m
ARTICLE GENERATION COMPLETE - Article #11
[0;32m2025-09-18 10:55:35 - Skipping review - moving to next article[0m
[0;32m2025-09-18 10:55:35 - Completed: 11[0m
[0;34m2025-09-18 10:55:40 - Starting generation for: 12[0m
[1;33m2025-09-18 10:55:40 - Running article generation...[0m
ARTICLE GENERATION COMPLETE - Article #12
[0;32m2025-09-18 10:58:08 - Skipping review - moving to next article[0m
[0;32m2025-09-18 10:58:08 - Completed: 12[0m
[0;34m2025-09-18 10:58:13 - Starting generation for: 13[0m
[1;33m2025-09-18 10:58:13 - Running article generation...[0m
ARTICLE GENERATION COMPLETE - Article #13
[0;32m2025-09-18 12:01:57 - Skipping review - moving to next article[0m
[0;32m2025-09-18 12:01:58 - Completed: 13[0m
[0;34m2025-09-18 12:02:03 - Starting generation for: 14[0m
[1;33m2025-09-18 12:02:03 - Running article generation...[0m
ARTICLE GENERATION COMPLETE - Article #14
[0;32m2025-09-18 12:05:07 - Skipping review - moving to next article[0m
[0;32m2025-09-18 12:05:07 - Completed: 14[0m
[0;34m2025-09-18 12:05:12 - Starting generation for: 15[0m
[1;33m2025-09-18 12:05:12 - Running article generation...[0m
ARTICLE GENERATION COMPLETE - Article #15
[0;32m2025-09-18 12:09:01 - Skipping review - moving to next article[0m
[0;32m2025-09-18 12:09:01 - Completed: 15[0m
[0;34m2025-09-18 12:09:06 - Starting generation for: 16[0m
[1;33m2025-09-18 12:09:06 - Running article generation...[0m
ARTICLE GENERATION COMPLETE - Article #16
[0;32m2025-09-18 12:10:26 - Skipping review - moving to next article[0m
[0;32m2025-09-18 12:10:26 - Completed: 16[0m
[0;34m2025-09-18 12:10:31 - Starting generation for: 17[0m
[1;33m2025-09-18 12:10:32 - Running article generation...[0m
ARTICLE GENERATION COMPLETE - Article #17
[0;32m2025-09-18 12:12:09 - Skipping review - moving to next article[0m
[0;32m2025-09-18 12:12:09 - Completed: 17[0m
[0;34m2025-09-18 12:12:14 - Starting generation for: 18[0m
[1;33m2025-09-18 12:12:14 - Running article generation...[0m
ARTICLE GENERATION COMPLETE - Article #18
[0;32m2025-09-18 12:13:52 - Skipping review - moving to next article[0m
[0;32m2025-09-18 12:13:52 - Completed: 18[0m
[0;34m2025-09-18 12:13:57 - Starting generation for: 19[0m
[1;33m2025-09-18 12:13:57 - Running article generation...[0m
ARTICLE GENERATION COMPLETE - Article #19
[0;32m2025-09-18 12:16:08 - Skipping review - moving to next article[0m
[0;32m2025-09-18 12:16:09 - Completed: 19[0m
[0;34m2025-09-18 12:16:14 - Starting generation for: 20[0m
[1;33m2025-09-18 12:16:14 - Running article generation...[0m
ARTICLE GENERATION COMPLETE - Article #20
[0;32m2025-09-18 12:17:39 - Skipping review - moving to next article[0m
[0;32m2025-09-18 12:17:39 - Completed: 20[0m
