[0;34m2025-09-18 19:28:32 - Starting Article Generation Cycle for template: marriage-maintenance[0m
[1;33m2025-09-18 19:28:32 - Creating worktree for template: marriage-maintenance[0m
[0;32m2025-09-18 19:28:32 - Created branch: article-marriage-maintenance[0m
[0;32m2025-09-18 19:28:34 - Created worktree: ../templata-marriage-maintenance[0m
[1;33m2025-09-18 19:28:34 - Creating template blog file: blogs-marriage-maintenance.ts[0m
[0;32m2025-09-18 19:28:34 - Created template blog file: ../templata-marriage-maintenance/src/registry/blogs-marriage-maintenance.ts[0m
[0;34m2025-09-18 19:28:34 - Starting generation for: 1[0m
[1;33m2025-09-18 19:28:34 - Running article generation...[0m
[0;34m2025-09-18 19:29:24 - Starting Article Generation Cycle for template: marriage-maintenance[0m
[0;32m2025-09-18 19:29:24 - Using existing worktree: ../templata-marriage-maintenance[0m
[0;34m2025-09-18 19:29:24 - Starting generation for: 1[0m
[1;33m2025-09-18 19:29:25 - Running article generation...[0m
ARTICLE GENERATION COMPLETE - Article #1
[0;32m2025-09-18 19:29:51 - Skipping review - moving to next article[0m
[0;32m2025-09-18 19:29:51 - Completed: 1[0m
[0;34m2025-09-18 19:29:56 - Starting generation for: 2[0m
[1;33m2025-09-18 19:29:56 - Running article generation...[0m
ARTICLE GENERATION COMPLETE - Article #1
ARTICLE GENERATION COMPLETE - Article #2
[0;34m2025-09-19 15:37:51 - Starting Article Generation Cycle for template: marriage-maintenance[0m
[0;32m2025-09-19 15:37:51 - Using existing worktree: ../templata-marriage-maintenance[0m
[0;34m2025-09-19 15:37:51 - Starting generation for: 2[0m
[1;33m2025-09-19 15:37:51 - Running article generation...[0m
ARTICLE GENERATION COMPLETE - Article #2
[0;32m2025-09-19 15:39:41 - Skipping review - moving to next article[0m
[0;32m2025-09-19 15:39:41 - Completed: 2[0m
[0;34m2025-09-19 15:39:46 - Starting generation for: 3[0m
[1;33m2025-09-19 15:39:46 - Running article generation...[0m
ARTICLE GENERATION COMPLETE - Article #3
[0;32m2025-09-19 15:42:07 - Skipping review - moving to next article[0m
[0;32m2025-09-19 15:42:07 - Completed: 3[0m
[0;34m2025-09-19 15:42:12 - Starting generation for: 4[0m
[1;33m2025-09-19 15:42:12 - Running article generation...[0m
ARTICLE GENERATION COMPLETE - Article #4
[0;32m2025-09-19 15:44:30 - Skipping review - moving to next article[0m
[0;32m2025-09-19 15:44:30 - Completed: 4[0m
[0;34m2025-09-19 15:44:36 - Starting generation for: 5[0m
[1;33m2025-09-19 15:44:36 - Running article generation...[0m
ARTICLE GENERATION COMPLETE - Article #5
[0;32m2025-09-19 15:47:03 - Skipping review - moving to next article[0m
[0;32m2025-09-19 15:47:03 - Completed: 5[0m
[0;34m2025-09-19 15:47:08 - Starting generation for: 6[0m
[1;33m2025-09-19 15:47:08 - Running article generation...[0m
ARTICLE GENERATION COMPLETE - Article #6
[0;32m2025-09-19 15:49:22 - Skipping review - moving to next article[0m
[0;32m2025-09-19 15:49:22 - Completed: 6[0m
[0;34m2025-09-19 15:49:27 - Starting generation for: 7[0m
[1;33m2025-09-19 15:49:27 - Running article generation...[0m
ARTICLE GENERATION COMPLETE - Article #7
[0;32m2025-09-19 15:51:58 - Skipping review - moving to next article[0m
[0;32m2025-09-19 15:51:58 - Completed: 7[0m
[0;34m2025-09-19 15:52:03 - Starting generation for: 8[0m
[1;33m2025-09-19 15:52:03 - Running article generation...[0m
ARTICLE GENERATION COMPLETE - Article #8
[0;32m2025-09-19 15:57:36 - Skipping review - moving to next article[0m
[0;32m2025-09-19 15:57:36 - Completed: 8[0m
[0;34m2025-09-19 15:57:41 - Starting generation for: 9[0m
[1;33m2025-09-19 15:57:41 - Running article generation...[0m
ARTICLE GENERATION COMPLETE - Article #9
[0;32m2025-09-19 15:59:17 - Skipping review - moving to next article[0m
[0;32m2025-09-19 15:59:17 - Completed: 9[0m
[0;34m2025-09-19 15:59:22 - Starting generation for: 10[0m
[1;33m2025-09-19 15:59:22 - Running article generation...[0m
ARTICLE GENERATION COMPLETE - Article #10
[0;32m2025-09-19 16:00:53 - Skipping review - moving to next article[0m
[0;32m2025-09-19 16:00:53 - Completed: 10[0m
[0;34m2025-09-19 16:00:58 - Starting generation for: 11[0m
[1;33m2025-09-19 16:00:58 - Running article generation...[0m
ARTICLE GENERATION COMPLETE - Article #11
[0;32m2025-09-19 16:03:43 - Skipping review - moving to next article[0m
[0;32m2025-09-19 16:03:43 - Completed: 11[0m
[0;34m2025-09-19 16:03:48 - Starting generation for: 12[0m
[1;33m2025-09-19 16:03:48 - Running article generation...[0m
ARTICLE GENERATION COMPLETE - Article #12
[0;32m2025-09-19 16:05:08 - Skipping review - moving to next article[0m
[0;32m2025-09-19 16:05:08 - Completed: 12[0m
[0;34m2025-09-19 16:05:13 - Starting generation for: 13[0m
[1;33m2025-09-19 16:05:13 - Running article generation...[0m
Perfect! I have successfully added the comprehensive article "Creating Sacred Spaces for Connection in a Chaotic World" to the marriage maintenance template's blog registry. 

The article:
- **Word count**: 1,500+ words (within the 1,200-1,600 word requirement)
- **Author**: "Templata" ✓
- **Category**: "Personal Life" ✓  
- **Type**: "guide" with "intermediate" difficulty ✓
- **Voice and tone**: Follows the master prompt guidelines for sophisticated, caring, and readable content ✓
- **Structure**: Written in flowing, engaging paragraphs with minimal bullet points ✓
- **Topic relevance**: Highly relevant to marriage maintenance context ✓
- **SEO metadata**: Complete with meta title, description, and OG image ✓
- **Tags and related content**: Appropriately tagged and linked ✓

The article addresses a unique and valuable topic for couples dealing with modern life's chaos, focusing on intentionally creating both physical and emotional sacred spaces that protect their relationship. It provides practical, actionable guidance while maintaining the warm, encouraging, and premium tone specified in the master prompt.

ARTICLE GENERATION COMPLETE - Article #13
[0;32m2025-09-19 16:09:48 - Skipping review - moving to next article[0m
[0;32m2025-09-19 16:09:48 - Completed: 13[0m
[0;34m2025-09-19 16:09:53 - Starting generation for: 14[0m
[1;33m2025-09-19 16:09:53 - Running article generation...[0m
ARTICLE GENERATION COMPLETE - Article #14
[0;32m2025-09-19 16:15:48 - Skipping review - moving to next article[0m
[0;32m2025-09-19 16:15:48 - Completed: 14[0m
[0;34m2025-09-19 16:15:53 - Starting generation for: 15[0m
[1;33m2025-09-19 16:15:53 - Running article generation...[0m
ARTICLE GENERATION COMPLETE - Article #15
[0;32m2025-09-19 16:19:59 - Skipping review - moving to next article[0m
[0;32m2025-09-19 16:19:59 - Completed: 15[0m
[0;34m2025-09-19 16:20:04 - Starting generation for: 16[0m
[1;33m2025-09-19 16:20:04 - Running article generation...[0m
ARTICLE GENERATION COMPLETE - Article #16
[0;32m2025-09-19 16:22:48 - Skipping review - moving to next article[0m
[0;32m2025-09-19 16:22:48 - Completed: 16[0m
[0;34m2025-09-19 16:22:53 - Starting generation for: 17[0m
[1;33m2025-09-19 16:22:53 - Running article generation...[0m
ARTICLE GENERATION COMPLETE - Article #17
[0;32m2025-09-19 16:25:53 - Skipping review - moving to next article[0m
[0;32m2025-09-19 16:25:53 - Completed: 17[0m
[0;34m2025-09-19 16:25:58 - Starting generation for: 18[0m
[1;33m2025-09-19 16:25:58 - Running article generation...[0m
ARTICLE GENERATION COMPLETE - Article #18
[0;32m2025-09-19 16:27:44 - Skipping review - moving to next article[0m
[0;32m2025-09-19 16:27:44 - Completed: 18[0m
[0;34m2025-09-19 16:27:49 - Starting generation for: 19[0m
[1;33m2025-09-19 16:27:49 - Running article generation...[0m
ARTICLE GENERATION COMPLETE - Article #19
[0;32m2025-09-19 16:31:02 - Skipping review - moving to next article[0m
[0;32m2025-09-19 16:31:02 - Completed: 19[0m
[0;34m2025-09-19 16:31:07 - Starting generation for: 20[0m
[1;33m2025-09-19 16:31:07 - Running article generation...[0m
ARTICLE GENERATION COMPLETE - Article #20
[0;32m2025-09-19 16:32:30 - Skipping review - moving to next article[0m
[0;32m2025-09-19 16:32:30 - Completed: 20[0m
