[0;34m2025-09-18 09:17:14 - Starting Article Generation Cycle for template: home-renovation[0m
[1;33m2025-09-18 09:17:14 - Creating worktree for template: home-renovation[0m
[0;32m2025-09-18 09:17:14 - Created branch: article-home-renovation[0m
[0;32m2025-09-18 09:17:17 - Created worktree: ../templata-home-renovation[0m
[1;33m2025-09-18 09:17:17 - Creating template blog file: blogs-home-renovation.ts[0m
[0;32m2025-09-18 09:17:17 - Created template blog file: ../templata-home-renovation/src/registry/blogs-home-renovation.ts[0m
[0;34m2025-09-18 09:17:17 - Starting generation for: 1[0m
[1;33m2025-09-18 09:17:17 - Running article generation...[0m
ARTICLE GENERATION COMPLETE - Article #1
[0;32m2025-09-18 09:18:36 - Skipping review - moving to next article[0m
[0;32m2025-09-18 09:18:36 - Completed: 1[0m
[0;34m2025-09-18 09:18:41 - Starting generation for: 2[0m
[1;33m2025-09-18 09:18:41 - Running article generation...[0m
ARTICLE GENERATION COMPLETE - Article #2
[0;32m2025-09-18 09:21:02 - Skipping review - moving to next article[0m
[0;32m2025-09-18 09:21:02 - Completed: 2[0m
[0;34m2025-09-18 09:21:07 - Starting generation for: 3[0m
[1;33m2025-09-18 09:21:07 - Running article generation...[0m
ARTICLE GENERATION COMPLETE - Article #3
[0;32m2025-09-18 09:23:03 - Skipping review - moving to next article[0m
[0;32m2025-09-18 09:23:03 - Completed: 3[0m
[0;34m2025-09-18 09:23:08 - Starting generation for: 4[0m
[1;33m2025-09-18 09:23:08 - Running article generation...[0m
ARTICLE GENERATION COMPLETE - Article #4
[0;32m2025-09-18 09:25:17 - Skipping review - moving to next article[0m
[0;32m2025-09-18 09:25:17 - Completed: 4[0m
[0;34m2025-09-18 09:25:22 - Starting generation for: 5[0m
[1;33m2025-09-18 09:25:22 - Running article generation...[0m
ARTICLE GENERATION COMPLETE - Article #5
[0;32m2025-09-18 09:27:08 - Skipping review - moving to next article[0m
[0;32m2025-09-18 09:27:08 - Completed: 5[0m
[0;34m2025-09-18 09:27:13 - Starting generation for: 6[0m
[1;33m2025-09-18 09:27:13 - Running article generation...[0m
ARTICLE GENERATION COMPLETE - Article #6
[0;32m2025-09-18 09:30:35 - Skipping review - moving to next article[0m
[0;32m2025-09-18 09:30:35 - Completed: 6[0m
[0;34m2025-09-18 09:30:41 - Starting generation for: 7[0m
[1;33m2025-09-18 09:30:41 - Running article generation...[0m
ARTICLE GENERATION COMPLETE - Article #7
[0;32m2025-09-18 09:32:26 - Skipping review - moving to next article[0m
[0;32m2025-09-18 09:32:26 - Completed: 7[0m
[0;34m2025-09-18 09:32:31 - Starting generation for: 8[0m
[1;33m2025-09-18 09:32:31 - Running article generation...[0m
ARTICLE GENERATION COMPLETE - Article #8
[0;32m2025-09-18 09:34:49 - Skipping review - moving to next article[0m
[0;32m2025-09-18 09:34:49 - Completed: 8[0m
[0;34m2025-09-18 09:34:54 - Starting generation for: 9[0m
[1;33m2025-09-18 09:34:54 - Running article generation...[0m
ARTICLE GENERATION COMPLETE - Article #9
[0;32m2025-09-18 09:36:48 - Skipping review - moving to next article[0m
[0;32m2025-09-18 09:36:48 - Completed: 9[0m
[0;34m2025-09-18 09:36:53 - Starting generation for: 10[0m
[1;33m2025-09-18 09:36:53 - Running article generation...[0m
ARTICLE GENERATION COMPLETE - Article #10
[0;32m2025-09-18 09:38:37 - Skipping review - moving to next article[0m
[0;32m2025-09-18 09:38:37 - Completed: 10[0m
[0;34m2025-09-18 09:38:42 - Starting generation for: 11[0m
[1;33m2025-09-18 09:38:42 - Running article generation...[0m
Perfect! I've successfully generated and added Article #11 to the home renovation template. The article follows all the master prompt guidelines:

- **1,360 words** (within the 1,200-1,600 word range)
- **12 min read** time
- **Author: "Templata"**
- **Category: "Personal Life"** 
- **No first person usage** ("I", "my", "we")
- **Flowing paragraphs** with minimal bullet points
- **Sophisticated, caring voice** that's premium but not pretentious
- **Comprehensive but not overwhelming** content
- **Genuinely helpful** practical advice for home renovation material selection

The article covers "The Smart Homeowner's Guide to Selecting Materials That Last" - a crucial topic for home renovation that helps people make informed decisions about materials that balance beauty, durability, and value. It includes proper SEO metadata, appropriate tags, and is structured as an intermediate-level guide.

ARTICLE GENERATION COMPLETE - Article #11
[0;32m2025-09-18 09:41:54 - Skipping review - moving to next article[0m
[0;32m2025-09-18 09:41:54 - Completed: 11[0m
[0;34m2025-09-18 09:41:59 - Starting generation for: 12[0m
[1;33m2025-09-18 09:41:59 - Running article generation...[0m
ARTICLE GENERATION COMPLETE - Article #12
[0;32m2025-09-18 09:45:20 - Skipping review - moving to next article[0m
[0;32m2025-09-18 09:45:20 - Completed: 12[0m
[0;34m2025-09-18 09:45:25 - Starting generation for: 13[0m
[1;33m2025-09-18 09:45:25 - Running article generation...[0m
ARTICLE GENERATION COMPLETE - Article #13
[0;32m2025-09-18 09:48:01 - Skipping review - moving to next article[0m
[0;32m2025-09-18 09:48:01 - Completed: 13[0m
[0;34m2025-09-18 09:48:06 - Starting generation for: 14[0m
[1;33m2025-09-18 09:48:06 - Running article generation...[0m
Perfect! I have successfully generated and added Article #14 to the home renovation template. The article is about "Smart Storage Solutions During Home Renovation" and follows all the requirements:

✅ **1,200-1,600 words**: The article is approximately 1,400 words (11 min read)
✅ **Master prompt guidelines**: Uses sophisticated, caring voice with flowing paragraphs instead of bullet points
✅ **Author**: "Templata"
✅ **Category**: "Personal Life"
✅ **Added to manualBlogPosts array**: Successfully inserted into the registry
✅ **SEO metadata**: Included proper metaTitle, metaDescription, and ogImage
✅ **Type and difficulty**: Guide / beginner level
✅ **Home renovation context**: Focused specifically on storage solutions during renovation
✅ **Relevant topic**: Addresses a common pain point of living through construction chaos

The article provides comprehensive, actionable advice on managing belongings and organizing storage during home renovation projects. It covers practical strategies like the three-zone storage system, protecting belongings from construction damage, creative in-home solutions, off-site storage decisions, temporary living arrangements, digital organization tools, and the psychological aspects of living through renovation.

ARTICLE GENERATION COMPLETE - Article #14
[0;32m2025-09-18 09:51:32 - Skipping review - moving to next article[0m
[0;32m2025-09-18 09:51:32 - Completed: 14[0m
[0;34m2025-09-18 09:51:37 - Starting generation for: 15[0m
[1;33m2025-09-18 09:51:37 - Running article generation...[0m
ARTICLE GENERATION COMPLETE - Article #15
[0;32m2025-09-18 09:53:16 - Skipping review - moving to next article[0m
[0;32m2025-09-18 09:53:16 - Completed: 15[0m
[0;34m2025-09-18 09:53:21 - Starting generation for: 16[0m
[1;33m2025-09-18 09:53:22 - Running article generation...[0m
ARTICLE GENERATION COMPLETE - Article #16
[0;32m2025-09-18 09:56:32 - Skipping review - moving to next article[0m
[0;32m2025-09-18 09:56:32 - Completed: 16[0m
[0;34m2025-09-18 09:56:37 - Starting generation for: 17[0m
[1;33m2025-09-18 09:56:38 - Running article generation...[0m
Perfect! The article meets all the requirements:

✅ **Word count**: 1,536 words (within the 1,200-1,600 word requirement)
✅ **Author**: "Templata" 
✅ **Category**: "Personal Life"
✅ **Added to**: src/registry/blogs-home-renovation.ts in manualBlogPosts array
✅ **SEO metadata**: Included proper metaTitle, metaDescription, and ogImage
✅ **Type**: "guide" 
✅ **Difficulty**: "intermediate"
✅ **Home renovation focus**: Topic specifically about storage solutions during renovation
✅ **Master prompt compliance**: Sophisticated, caring voice with flowing paragraphs and minimal bullet points
✅ **Relevant topic**: "Hidden Storage Revolution: Transforming Dead Space Into Functional Gold" - highly valuable for home renovation

The article provides comprehensive, practical guidance on maximizing storage during home renovation, covering psychology of storage planning, identifying hidden potential, vertical space utilization, multi-functional design, aesthetic integration, and coordination strategies. It follows all master prompt guidelines with an engaging, human tone that makes complex decisions feel manageable.

ARTICLE GENERATION COMPLETE - Article #17
[0;32m2025-09-18 10:01:07 - Skipping review - moving to next article[0m
[0;32m2025-09-18 10:01:07 - Completed: 17[0m
[0;34m2025-09-18 10:01:12 - Starting generation for: 18[0m
[1;33m2025-09-18 10:01:12 - Running article generation...[0m
ARTICLE GENERATION COMPLETE - Article #18
[0;32m2025-09-18 10:02:32 - Skipping review - moving to next article[0m
[0;32m2025-09-18 10:02:32 - Completed: 18[0m
[0;34m2025-09-18 10:02:37 - Starting generation for: 19[0m
[1;33m2025-09-18 10:02:37 - Running article generation...[0m
ARTICLE GENERATION COMPLETE - Article #19
[0;32m2025-09-18 10:03:47 - Skipping review - moving to next article[0m
[0;32m2025-09-18 10:03:47 - Completed: 19[0m
[0;34m2025-09-18 10:03:52 - Starting generation for: 20[0m
[1;33m2025-09-18 10:03:52 - Running article generation...[0m
ARTICLE GENERATION COMPLETE - Article #20
[0;32m2025-09-18 10:06:49 - Skipping review - moving to next article[0m
[0;32m2025-09-18 10:06:49 - Completed: 20[0m
