[0;34m2025-09-18 09:17:14 - Starting Article Generation Cycle for template: crypto-portfolio[0m
[1;33m2025-09-18 09:17:14 - Creating worktree for template: crypto-portfolio[0m
[0;32m2025-09-18 09:17:14 - Created branch: article-crypto-portfolio[0m
[0;32m2025-09-18 09:17:17 - Created worktree: ../templata-crypto-portfolio[0m
[1;33m2025-09-18 09:17:17 - Creating template blog file: blogs-crypto-portfolio.ts[0m
[0;32m2025-09-18 09:17:17 - Created template blog file: ../templata-crypto-portfolio/src/registry/blogs-crypto-portfolio.ts[0m
[0;34m2025-09-18 09:17:17 - Starting generation for: 1[0m
[1;33m2025-09-18 09:17:17 - Running article generation...[0m
ARTICLE GENERATION COMPLETE - Article #1
[0;32m2025-09-18 09:18:40 - Skipping review - moving to next article[0m
[0;32m2025-09-18 09:18:40 - Completed: 1[0m
[0;34m2025-09-18 09:18:45 - Starting generation for: 2[0m
[1;33m2025-09-18 09:18:45 - Running article generation...[0m
ARTICLE GENERATION COMPLETE - Article #2
[0;32m2025-09-18 09:20:08 - Skipping review - moving to next article[0m
[0;32m2025-09-18 09:20:08 - Completed: 2[0m
[0;34m2025-09-18 09:20:13 - Starting generation for: 3[0m
[1;33m2025-09-18 09:20:13 - Running article generation...[0m
ARTICLE GENERATION COMPLETE - Article #3
[0;32m2025-09-18 09:22:11 - Skipping review - moving to next article[0m
[0;32m2025-09-18 09:22:11 - Completed: 3[0m
[0;34m2025-09-18 09:22:16 - Starting generation for: 4[0m
[1;33m2025-09-18 09:22:16 - Running article generation...[0m
ARTICLE GENERATION COMPLETE - Article #4
[0;32m2025-09-18 09:24:10 - Skipping review - moving to next article[0m
[0;32m2025-09-18 09:24:10 - Completed: 4[0m
[0;34m2025-09-18 09:24:16 - Starting generation for: 5[0m
[1;33m2025-09-18 09:24:16 - Running article generation...[0m
ARTICLE GENERATION COMPLETE - Article #5
[0;32m2025-09-18 09:26:31 - Skipping review - moving to next article[0m
[0;32m2025-09-18 09:26:31 - Completed: 5[0m
[0;34m2025-09-18 09:26:36 - Starting generation for: 6[0m
[1;33m2025-09-18 09:26:36 - Running article generation...[0m
ARTICLE GENERATION COMPLETE - Article #6
[0;32m2025-09-18 09:30:59 - Skipping review - moving to next article[0m
[0;32m2025-09-18 09:30:59 - Completed: 6[0m
[0;34m2025-09-18 09:31:04 - Starting generation for: 7[0m
[1;33m2025-09-18 09:31:05 - Running article generation...[0m
ARTICLE GENERATION COMPLETE - Article #7
[0;32m2025-09-18 09:33:06 - Skipping review - moving to next article[0m
[0;32m2025-09-18 09:33:06 - Completed: 7[0m
[0;34m2025-09-18 09:33:11 - Starting generation for: 8[0m
[1;33m2025-09-18 09:33:11 - Running article generation...[0m
ARTICLE GENERATION COMPLETE - Article #8
[0;32m2025-09-18 09:35:42 - Skipping review - moving to next article[0m
[0;32m2025-09-18 09:35:42 - Completed: 8[0m
[0;34m2025-09-18 09:35:47 - Starting generation for: 9[0m
[1;33m2025-09-18 09:35:48 - Running article generation...[0m
ARTICLE GENERATION COMPLETE - Article #9
[0;32m2025-09-18 09:37:43 - Skipping review - moving to next article[0m
[0;32m2025-09-18 09:37:43 - Completed: 9[0m
[0;34m2025-09-18 09:37:48 - Starting generation for: 10[0m
[1;33m2025-09-18 09:37:48 - Running article generation...[0m
Perfect! I have successfully generated and added Article #10 for the crypto portfolio template. The article "From Crypto Curious to Crypto Confident: Building Your First Serious Portfolio" is:

- 1,469 words (12 minute read) - within the required 1,200-1,600 word range
- Written in Templata's sophisticated, caring voice following the master prompt guidelines
- Focused on crypto portfolio management and building confidence for beginners
- Includes proper SEO metadata and all required fields
- Successfully added to the manualBlogPosts array in the registry file

The article covers essential topics for someone transitioning from casual crypto interest to serious investing: understanding what "serious" means, portfolio architecture, timing challenges, risk management, emotional psychology, implementation details, and building conviction through understanding.

ARTICLE GENERATION COMPLETE - Article #10
[0;32m2025-09-18 09:42:58 - Skipping review - moving to next article[0m
[0;32m2025-09-18 09:42:58 - Completed: 10[0m
[0;34m2025-09-18 09:43:03 - Starting generation for: 11[0m
[1;33m2025-09-18 09:43:03 - Running article generation...[0m
ARTICLE GENERATION COMPLETE - Article #11
[0;32m2025-09-18 09:46:13 - Skipping review - moving to next article[0m
[0;32m2025-09-18 09:46:13 - Completed: 11[0m
[0;34m2025-09-18 09:46:18 - Starting generation for: 12[0m
[1;33m2025-09-18 09:46:18 - Running article generation...[0m
ARTICLE GENERATION COMPLETE - Article #12
[0;32m2025-09-18 09:47:48 - Skipping review - moving to next article[0m
[0;32m2025-09-18 09:47:48 - Completed: 12[0m
[0;34m2025-09-18 09:47:53 - Starting generation for: 13[0m
[1;33m2025-09-18 09:47:53 - Running article generation...[0m
ARTICLE GENERATION COMPLETE - Article #13
[0;32m2025-09-18 09:50:46 - Skipping review - moving to next article[0m
[0;32m2025-09-18 09:50:46 - Completed: 13[0m
[0;34m2025-09-18 09:50:51 - Starting generation for: 14[0m
[1;33m2025-09-18 09:50:51 - Running article generation...[0m
ARTICLE GENERATION COMPLETE - Article #14
[0;32m2025-09-18 09:53:54 - Skipping review - moving to next article[0m
[0;32m2025-09-18 09:53:54 - Completed: 14[0m
[0;34m2025-09-18 09:53:59 - Starting generation for: 15[0m
[1;33m2025-09-18 09:53:59 - Running article generation...[0m
ARTICLE GENERATION COMPLETE - Article #15
[0;32m2025-09-18 09:55:40 - Skipping review - moving to next article[0m
[0;32m2025-09-18 09:55:40 - Completed: 15[0m
[0;34m2025-09-18 09:55:45 - Starting generation for: 16[0m
[1;33m2025-09-18 09:55:45 - Running article generation...[0m
ARTICLE GENERATION COMPLETE - Article #16
[0;32m2025-09-18 09:57:22 - Skipping review - moving to next article[0m
[0;32m2025-09-18 09:57:22 - Completed: 16[0m
[0;34m2025-09-18 09:57:27 - Starting generation for: 17[0m
[1;33m2025-09-18 09:57:27 - Running article generation...[0m
ARTICLE GENERATION COMPLETE - Article #17
[0;32m2025-09-18 09:59:20 - Skipping review - moving to next article[0m
[0;32m2025-09-18 09:59:20 - Completed: 17[0m
[0;34m2025-09-18 09:59:25 - Starting generation for: 18[0m
[1;33m2025-09-18 09:59:25 - Running article generation...[0m
ARTICLE GENERATION COMPLETE - Article #18
[0;32m2025-09-18 10:01:27 - Skipping review - moving to next article[0m
[0;32m2025-09-18 10:01:27 - Completed: 18[0m
[0;34m2025-09-18 10:01:32 - Starting generation for: 19[0m
[1;33m2025-09-18 10:01:32 - Running article generation...[0m
ARTICLE GENERATION COMPLETE - Article #19
[0;32m2025-09-18 10:04:44 - Skipping review - moving to next article[0m
[0;32m2025-09-18 10:04:44 - Completed: 19[0m
[0;34m2025-09-18 10:04:49 - Starting generation for: 20[0m
[1;33m2025-09-18 10:04:49 - Running article generation...[0m
ARTICLE GENERATION COMPLETE - Article #20
[0;32m2025-09-18 10:05:57 - Skipping review - moving to next article[0m
[0;32m2025-09-18 10:05:57 - Completed: 20[0m
