[0;34m2025-09-18 14:48:30 - Starting Article Generation Cycle for template: health-decline-navigation[0m
[1;33m2025-09-18 14:48:30 - Creating worktree for template: health-decline-navigation[0m
[0;32m2025-09-18 14:48:30 - Created branch: article-health-decline-navigation[0m
[0;32m2025-09-18 14:48:33 - Created worktree: ../templata-health-decline-navigation[0m
[1;33m2025-09-18 14:48:33 - Creating template blog file: blogs-health-decline-navigation.ts[0m
[0;32m2025-09-18 14:48:33 - Created template blog file: ../templata-health-decline-navigation/src/registry/blogs-health-decline-navigation.ts[0m
[0;34m2025-09-18 14:48:33 - Starting generation for: 1[0m
[1;33m2025-09-18 14:48:33 - Running article generation...[0m
ARTICLE GENERATION COMPLETE - Article #1
[0;32m2025-09-18 14:49:49 - Skipping review - moving to next article[0m
[0;32m2025-09-18 14:49:49 - Completed: 1[0m
[0;34m2025-09-18 14:49:54 - Starting generation for: 2[0m
[1;33m2025-09-18 14:49:54 - Running article generation...[0m
ARTICLE GENERATION COMPLETE - Article #2
[0;32m2025-09-18 14:52:26 - Skipping review - moving to next article[0m
[0;32m2025-09-18 14:52:26 - Completed: 2[0m
[0;34m2025-09-18 14:52:31 - Starting generation for: 3[0m
[1;33m2025-09-18 14:52:31 - Running article generation...[0m
ARTICLE GENERATION COMPLETE - Article #3
[0;32m2025-09-18 14:54:37 - Skipping review - moving to next article[0m
[0;32m2025-09-18 14:54:37 - Completed: 3[0m
[0;34m2025-09-18 14:54:42 - Starting generation for: 4[0m
[1;33m2025-09-18 14:54:42 - Running article generation...[0m
ARTICLE GENERATION COMPLETE - Article #4
[0;32m2025-09-18 14:56:40 - Skipping review - moving to next article[0m
[0;32m2025-09-18 14:56:40 - Completed: 4[0m
[0;34m2025-09-18 14:56:45 - Starting generation for: 5[0m
[1;33m2025-09-18 14:56:45 - Running article generation...[0m
ARTICLE GENERATION COMPLETE - Article #5
[0;32m2025-09-18 14:58:42 - Skipping review - moving to next article[0m
[0;32m2025-09-18 14:58:42 - Completed: 5[0m
[0;34m2025-09-18 14:58:47 - Starting generation for: 6[0m
[1;33m2025-09-18 14:58:47 - Running article generation...[0m
ARTICLE GENERATION COMPLETE - Article #6
[0;32m2025-09-18 18:11:39 - Skipping review - moving to next article[0m
[0;32m2025-09-18 18:11:39 - Completed: 6[0m
[0;34m2025-09-18 18:11:44 - Starting generation for: 7[0m
[1;33m2025-09-18 18:11:44 - Running article generation...[0m
ARTICLE GENERATION COMPLETE - Article #7
[0;32m2025-09-18 18:13:59 - Skipping review - moving to next article[0m
[0;32m2025-09-18 18:13:59 - Completed: 7[0m
[0;34m2025-09-18 18:14:04 - Starting generation for: 8[0m
[1;33m2025-09-18 18:14:04 - Running article generation...[0m
ARTICLE GENERATION COMPLETE - Article #8
[0;32m2025-09-18 18:16:07 - Skipping review - moving to next article[0m
[0;32m2025-09-18 18:16:07 - Completed: 8[0m
[0;34m2025-09-18 18:16:12 - Starting generation for: 9[0m
[1;33m2025-09-18 18:16:12 - Running article generation...[0m
ARTICLE GENERATION COMPLETE - Article #9
[0;32m2025-09-18 18:18:32 - Skipping review - moving to next article[0m
[0;32m2025-09-18 18:18:32 - Completed: 9[0m
[0;34m2025-09-18 18:18:37 - Starting generation for: 10[0m
[1;33m2025-09-18 18:18:37 - Running article generation...[0m
ARTICLE GENERATION COMPLETE - Article #10
[0;32m2025-09-18 18:21:38 - Skipping review - moving to next article[0m
[0;32m2025-09-18 18:21:38 - Completed: 10[0m
[0;34m2025-09-18 18:21:43 - Starting generation for: 11[0m
[1;33m2025-09-18 18:21:43 - Running article generation...[0m
ARTICLE GENERATION COMPLETE - Article #11
[0;32m2025-09-18 18:24:59 - Skipping review - moving to next article[0m
[0;32m2025-09-18 18:24:59 - Completed: 11[0m
[0;34m2025-09-18 18:25:04 - Starting generation for: 12[0m
[1;33m2025-09-18 18:25:04 - Running article generation...[0m
ARTICLE GENERATION COMPLETE - Article #12
[0;32m2025-09-18 18:26:43 - Skipping review - moving to next article[0m
[0;32m2025-09-18 18:26:43 - Completed: 12[0m
[0;34m2025-09-18 18:26:48 - Starting generation for: 13[0m
[1;33m2025-09-18 18:26:48 - Running article generation...[0m
ARTICLE GENERATION COMPLETE - Article #13
[0;32m2025-09-18 18:28:47 - Skipping review - moving to next article[0m
[0;32m2025-09-18 18:28:47 - Completed: 13[0m
[0;34m2025-09-18 18:28:52 - Starting generation for: 14[0m
[1;33m2025-09-18 18:28:52 - Running article generation...[0m
ARTICLE GENERATION COMPLETE - Article #14
[0;32m2025-09-18 18:30:29 - Skipping review - moving to next article[0m
[0;32m2025-09-18 18:30:29 - Completed: 14[0m
[0;34m2025-09-18 18:30:34 - Starting generation for: 15[0m
[1;33m2025-09-18 18:30:34 - Running article generation...[0m
ARTICLE GENERATION COMPLETE - Article #15
[0;32m2025-09-18 18:32:28 - Skipping review - moving to next article[0m
[0;32m2025-09-18 18:32:28 - Completed: 15[0m
[0;34m2025-09-18 18:32:33 - Starting generation for: 16[0m
[1;33m2025-09-18 18:32:33 - Running article generation...[0m
ARTICLE GENERATION COMPLETE - Article #16
[0;32m2025-09-18 18:34:14 - Skipping review - moving to next article[0m
[0;32m2025-09-18 18:34:14 - Completed: 16[0m
[0;34m2025-09-18 18:34:19 - Starting generation for: 17[0m
[1;33m2025-09-18 18:34:19 - Running article generation...[0m
ARTICLE GENERATION COMPLETE - Article #17
[0;32m2025-09-18 18:36:15 - Skipping review - moving to next article[0m
[0;32m2025-09-18 18:36:15 - Completed: 17[0m
[0;34m2025-09-18 18:36:20 - Starting generation for: 18[0m
[1;33m2025-09-18 18:36:20 - Running article generation...[0m
Perfect! I have successfully generated and added Article #18 to the health decline navigation template. The article is titled "Understanding and Managing Progressive Health Changes: A Family Guide" and covers:

- Recognizing patterns in health decline
- Adapting care approaches over time  
- Managing family dynamics and expectations
- Coordinating professional support services
- Planning for different progression scenarios

The article is 1,420 words (within the 1,200-1,600 word requirement), follows the master prompt guidelines with a caring, sophisticated voice, and includes proper SEO metadata and related content references.

ARTICLE GENERATION COMPLETE - Article #18
[0;32m2025-09-18 18:39:19 - Skipping review - moving to next article[0m
[0;32m2025-09-18 18:39:19 - Completed: 18[0m
[0;34m2025-09-18 18:39:24 - Starting generation for: 19[0m
[1;33m2025-09-18 18:39:24 - Running article generation...[0m
ARTICLE GENERATION COMPLETE - Article #19
[0;32m2025-09-18 18:41:53 - Skipping review - moving to next article[0m
[0;32m2025-09-18 18:41:53 - Completed: 19[0m
[0;34m2025-09-18 18:41:58 - Starting generation for: 20[0m
[1;33m2025-09-18 18:41:58 - Running article generation...[0m
ARTICLE GENERATION COMPLETE - Article #20
[0;32m2025-09-18 18:44:59 - Skipping review - moving to next article[0m
[0;32m2025-09-18 18:44:59 - Completed: 20[0m
