[0;34m2025-09-18 19:28:32 - Starting Article Generation Cycle for template: long-distance-relationship[0m
[1;33m2025-09-18 19:28:32 - Creating worktree for template: long-distance-relationship[0m
[0;32m2025-09-18 19:28:32 - Created branch: article-long-distance-relationship[0m
[0;32m2025-09-18 19:28:34 - Created worktree: ../templata-long-distance-relationship[0m
[1;33m2025-09-18 19:28:34 - Creating template blog file: blogs-long-distance-relationship.ts[0m
[0;32m2025-09-18 19:28:34 - Created template blog file: ../templata-long-distance-relationship/src/registry/blogs-long-distance-relationship.ts[0m
[0;34m2025-09-18 19:28:34 - Starting generation for: 1[0m
[1;33m2025-09-18 19:28:34 - Running article generation...[0m
[0;34m2025-09-18 19:29:24 - Starting Article Generation Cycle for template: long-distance-relationship[0m
[0;32m2025-09-18 19:29:24 - Using existing worktree: ../templata-long-distance-relationship[0m
[0;34m2025-09-18 19:29:24 - Starting generation for: 1[0m
[1;33m2025-09-18 19:29:24 - Running article generation...[0m
ARTICLE GENERATION COMPLETE - Article #1
[0;32m2025-09-18 19:29:48 - Skipping review - moving to next article[0m
[0;32m2025-09-18 19:29:48 - Completed: 1[0m
[0;34m2025-09-18 19:29:53 - Starting generation for: 2[0m
[1;33m2025-09-18 19:29:53 - Running article generation...[0m
ARTICLE GENERATION COMPLETE - Article #2
Perfect! I have successfully generated and added a comprehensive 1,450-word article about maintaining emotional intimacy in long distance relationships to the blog registry. The article:

- Follows the master prompt guidelines with a sophisticated, caring voice
- Is 1,450 words (10-minute read, within the 1,200-1,600 word requirement)
- Uses flowing paragraphs instead of bullet points
- Never uses first person ("I", "my", "we")
- Is authored by "Templata"
- Has proper SEO metadata and categorization
- Focuses specifically on long distance relationship challenges and solutions
- Includes practical, actionable advice for building emotional intimacy across distance

The article covers key topics like creating sacred spaces for vulnerability, deep listening across distance, building emotional rituals, navigating digital intimacy challenges, creating shared experiences, emotional check-ins, and building trust through transparency.

ARTICLE GENERATION COMPLETE - Article #1
[0;34m2025-09-19 13:31:24 - Starting Article Generation Cycle for template: long-distance-relationship[0m
[0;32m2025-09-19 13:31:24 - Using existing worktree: ../templata-long-distance-relationship[0m
[0;34m2025-09-19 13:31:24 - Starting generation for: 2[0m
[1;33m2025-09-19 13:31:24 - Running article generation...[0m
ARTICLE GENERATION COMPLETE - Article #2
[0;32m2025-09-19 13:33:31 - Skipping review - moving to next article[0m
[0;32m2025-09-19 13:33:31 - Completed: 2[0m
[0;34m2025-09-19 13:33:36 - Starting generation for: 3[0m
[1;33m2025-09-19 13:33:36 - Running article generation...[0m
ARTICLE GENERATION COMPLETE - Article #3
[0;32m2025-09-19 14:26:16 - Skipping review - moving to next article[0m
[0;32m2025-09-19 14:26:16 - Completed: 3[0m
[0;34m2025-09-19 14:26:22 - Starting generation for: 4[0m
[1;33m2025-09-19 14:26:22 - Running article generation...[0m
ARTICLE GENERATION COMPLETE - Article #4
[0;32m2025-09-19 14:28:32 - Skipping review - moving to next article[0m
[0;32m2025-09-19 14:28:32 - Completed: 4[0m
[0;34m2025-09-19 14:28:37 - Starting generation for: 5[0m
[1;33m2025-09-19 14:28:37 - Running article generation...[0m
ARTICLE GENERATION COMPLETE - Article #5
[0;32m2025-09-19 14:31:25 - Skipping review - moving to next article[0m
[0;32m2025-09-19 14:31:25 - Completed: 5[0m
[0;34m2025-09-19 14:31:31 - Starting generation for: 6[0m
[1;33m2025-09-19 14:31:31 - Running article generation...[0m
ARTICLE GENERATION COMPLETE - Article #6
[0;32m2025-09-19 14:33:53 - Skipping review - moving to next article[0m
[0;32m2025-09-19 14:33:53 - Completed: 6[0m
[0;34m2025-09-19 14:33:58 - Starting generation for: 7[0m
[1;33m2025-09-19 14:33:58 - Running article generation...[0m
ARTICLE GENERATION COMPLETE - Article #7
[0;32m2025-09-19 14:38:08 - Skipping review - moving to next article[0m
[0;32m2025-09-19 14:38:08 - Completed: 7[0m
[0;34m2025-09-19 14:38:13 - Starting generation for: 8[0m
[1;33m2025-09-19 14:38:13 - Running article generation...[0m
ARTICLE GENERATION COMPLETE - Article #8
[0;32m2025-09-19 14:41:28 - Skipping review - moving to next article[0m
[0;32m2025-09-19 14:41:28 - Completed: 8[0m
[0;34m2025-09-19 14:41:33 - Starting generation for: 9[0m
[1;33m2025-09-19 14:41:33 - Running article generation...[0m
ARTICLE GENERATION COMPLETE - Article #9
[0;32m2025-09-19 14:46:28 - Skipping review - moving to next article[0m
[0;32m2025-09-19 14:46:28 - Completed: 9[0m
[0;34m2025-09-19 14:46:33 - Starting generation for: 10[0m
[1;33m2025-09-19 14:46:33 - Running article generation...[0m
ARTICLE GENERATION COMPLETE - Article #10
[0;32m2025-09-19 14:49:07 - Skipping review - moving to next article[0m
[0;32m2025-09-19 14:49:07 - Completed: 10[0m
[0;34m2025-09-19 14:49:12 - Starting generation for: 11[0m
[1;33m2025-09-19 14:49:12 - Running article generation...[0m
ARTICLE GENERATION COMPLETE - Article #11
[0;32m2025-09-19 14:52:08 - Skipping review - moving to next article[0m
[0;32m2025-09-19 14:52:08 - Completed: 11[0m
[0;34m2025-09-19 14:52:13 - Starting generation for: 12[0m
[1;33m2025-09-19 14:52:13 - Running article generation...[0m
ARTICLE GENERATION COMPLETE - Article #12
[0;32m2025-09-19 14:55:58 - Skipping review - moving to next article[0m
[0;32m2025-09-19 14:55:58 - Completed: 12[0m
[0;34m2025-09-19 14:56:03 - Starting generation for: 13[0m
[1;33m2025-09-19 14:56:03 - Running article generation...[0m
Perfect! I have successfully generated and added Article #13 to the long-distance relationship template. The article is titled "Love Across Time Zones: Mastering the Art of Long Distance Scheduling" and is a comprehensive 1,400+ word guide that covers:

- Understanding the hidden impact of time differences
- Creating sacred windows of connection  
- Working with energy levels rather than against them
- Building flexibility into relationship rhythms
- Handling special occasions and milestones
- Using technology strategically
- Preparing for time zone changes
- Creating rituals that transcend time
- Recognizing when time zones aren't the real problem

The article follows all the master prompt guidelines:
- 1,200-1,600 words (11 min read)
- Premium but warm tone
- Comprehensive without being overwhelming
- Written in flowing paragraphs with minimal bullet points
- Author: "Templata"
- Category: "Personal Life"
- Proper SEO metadata included
- Type: "guide", Difficulty: "beginner"
- Focuses specifically on long-distance relationship context

ARTICLE GENERATION COMPLETE - Article #13
[0;32m2025-09-19 14:58:42 - Skipping review - moving to next article[0m
[0;32m2025-09-19 14:58:42 - Completed: 13[0m
[0;34m2025-09-19 14:58:47 - Starting generation for: 14[0m
[1;33m2025-09-19 14:58:47 - Running article generation...[0m
ARTICLE GENERATION COMPLETE - Article #14
[0;32m2025-09-19 15:00:33 - Skipping review - moving to next article[0m
[0;32m2025-09-19 15:00:33 - Completed: 14[0m
[0;34m2025-09-19 15:00:38 - Starting generation for: 15[0m
[1;33m2025-09-19 15:00:38 - Running article generation...[0m
ARTICLE GENERATION COMPLETE - Article #15
[0;32m2025-09-19 15:03:05 - Skipping review - moving to next article[0m
[0;32m2025-09-19 15:03:05 - Completed: 15[0m
[0;34m2025-09-19 15:03:10 - Starting generation for: 16[0m
[1;33m2025-09-19 15:03:10 - Running article generation...[0m
ARTICLE GENERATION COMPLETE - Article #16
[0;32m2025-09-19 15:05:02 - Skipping review - moving to next article[0m
[0;32m2025-09-19 15:05:02 - Completed: 16[0m
[0;34m2025-09-19 15:05:07 - Starting generation for: 17[0m
[1;33m2025-09-19 15:05:07 - Running article generation...[0m
ARTICLE GENERATION COMPLETE - Article #17
[0;32m2025-09-19 15:07:05 - Skipping review - moving to next article[0m
[0;32m2025-09-19 15:07:05 - Completed: 17[0m
[0;34m2025-09-19 15:07:10 - Starting generation for: 18[0m
[1;33m2025-09-19 15:07:10 - Running article generation...[0m
Perfect! I have successfully generated and added Article #18 to the long distance relationship template. The article "The Roadmap to Forever: Planning Your Future Together Across Distance" is a comprehensive 1,400+ word guide that follows all the master prompt requirements:

✅ **1,200-1,600 words** (approximately 1,400 words)
✅ **Author: "Templata"**
✅ **Category: "Personal Life"**
✅ **Added to manualBlogPosts array**
✅ **Proper SEO metadata included**
✅ **Type: "guide", Difficulty: "intermediate"**
✅ **Long distance relationship focused topic**
✅ **Sophisticated, caring voice following master prompt guidelines**
✅ **Flowing paragraphs with minimal bullet points**
✅ **No first person usage**
✅ **Relevant tags and related content**

The article covers a crucial topic for long distance couples - how to plan their future together strategically, covering psychological aspects, shared vision creation, timeline planning, career/relationship balance, financial planning, communication strategies, and turning plans into reality.

ARTICLE GENERATION COMPLETE - Article #18
[0;32m2025-09-19 15:10:03 - Skipping review - moving to next article[0m
[0;32m2025-09-19 15:10:03 - Completed: 18[0m
[0;34m2025-09-19 15:10:08 - Starting generation for: 19[0m
[1;33m2025-09-19 15:10:08 - Running article generation...[0m
[0;34m2025-09-19 17:09:13 - Starting Article Generation Cycle for template: long-distance-relationship[0m
[0;32m2025-09-19 17:09:13 - Using existing worktree: ../templata-long-distance-relationship[0m
[0;34m2025-09-19 17:09:13 - Starting generation for: 19[0m
[1;33m2025-09-19 17:09:13 - Running article generation...[0m
ARTICLE GENERATION COMPLETE - Article #19
[0;32m2025-09-19 17:10:41 - Skipping review - moving to next article[0m
[0;32m2025-09-19 17:10:41 - Completed: 19[0m
[0;34m2025-09-19 17:10:46 - Starting generation for: 20[0m
[1;33m2025-09-19 17:10:47 - Running article generation...[0m
ARTICLE GENERATION COMPLETE - Article #20
[0;32m2025-09-19 17:14:15 - Skipping review - moving to next article[0m
[0;32m2025-09-19 17:14:15 - Completed: 20[0m
