[0;34m2025-09-16 19:19:48 - Starting Article Generation Cycle for template: home-improvement[0m
[0;32m2025-09-16 19:19:48 - Using existing worktree: ../templata-home-improvement[0m
[0;34m2025-09-16 19:19:48 - Starting generation for: 1[0m
[1;33m2025-09-16 19:19:48 - Running article generation...[0m
ARTICLE GENERATION COMPLETE - Article #1
[0;32m2025-09-16 19:21:28 - Skipping review - moving to next article[0m
[0;32m2025-09-16 19:21:28 - Completed: 1[0m
[0;34m2025-09-16 19:21:32 - Starting Article Generation Cycle for template: home-improvement[0m
[0;32m2025-09-16 19:21:32 - Using existing worktree: ../templata-home-improvement[0m
[0;34m2025-09-16 19:21:33 - Starting generation for: 2[0m
[1;33m2025-09-16 19:21:33 - Running article generation...[0m
[0;34m2025-09-16 19:21:33 - Starting generation for: 2[0m
[1;33m2025-09-16 19:21:34 - Running article generation...[0m
ARTICLE GENERATION COMPLETE - Article #2
ARTICLE GENERATION COMPLETE - Article #2
[0;34m2025-09-17 09:30:26 - Starting Article Generation Cycle for template: home-improvement[0m
[0;32m2025-09-17 09:30:26 - Using existing worktree: ../templata-home-improvement[0m
[1;33m2025-09-17 09:30:26 - Creating template blog file: blogs-home-improvement.ts[0m
[0;32m2025-09-17 09:30:26 - Created template blog file: ../templata-home-improvement/src/registry/blogs-home-improvement.ts[0m
[0;34m2025-09-17 09:30:26 - Starting generation for: 2[0m
[1;33m2025-09-17 09:30:26 - Running article generation...[0m
ARTICLE GENERATION COMPLETE - Article #2
[0;32m2025-09-17 09:32:15 - Skipping review - moving to next article[0m
[0;32m2025-09-17 09:32:15 - Completed: 2[0m
[0;34m2025-09-17 09:32:20 - Starting generation for: 3[0m
[1;33m2025-09-17 09:32:20 - Running article generation...[0m
ARTICLE GENERATION COMPLETE - Article #3
[0;32m2025-09-17 09:34:05 - Skipping review - moving to next article[0m
[0;32m2025-09-17 09:34:05 - Completed: 3[0m
[0;34m2025-09-17 09:34:10 - Starting generation for: 4[0m
[1;33m2025-09-17 09:34:10 - Running article generation...[0m
ARTICLE GENERATION COMPLETE - Article #4
[0;32m2025-09-17 09:35:54 - Skipping review - moving to next article[0m
[0;32m2025-09-17 09:35:54 - Completed: 4[0m
[0;34m2025-09-17 09:35:59 - Starting generation for: 5[0m
[1;33m2025-09-17 09:35:59 - Running article generation...[0m
ARTICLE GENERATION COMPLETE - Article #5
[0;32m2025-09-17 09:38:22 - Skipping review - moving to next article[0m
[0;32m2025-09-17 09:38:22 - Completed: 5[0m
[0;34m2025-09-17 09:38:27 - Starting generation for: 6[0m
[1;33m2025-09-17 09:38:27 - Running article generation...[0m
ARTICLE GENERATION COMPLETE - Article #6
[0;32m2025-09-17 09:40:34 - Skipping review - moving to next article[0m
[0;32m2025-09-17 09:40:34 - Completed: 6[0m
[0;34m2025-09-17 09:40:39 - Starting generation for: 7[0m
[1;33m2025-09-17 09:40:39 - Running article generation...[0m
ARTICLE GENERATION COMPLETE - Article #7
[0;32m2025-09-17 09:43:40 - Skipping review - moving to next article[0m
[0;32m2025-09-17 09:43:40 - Completed: 7[0m
[0;34m2025-09-17 09:43:45 - Starting generation for: 8[0m
[1;33m2025-09-17 09:43:45 - Running article generation...[0m
ARTICLE GENERATION COMPLETE - Article #8
[0;32m2025-09-17 10:15:42 - Skipping review - moving to next article[0m
[0;32m2025-09-17 10:15:42 - Completed: 8[0m
[0;34m2025-09-17 10:15:47 - Starting generation for: 9[0m
[1;33m2025-09-17 10:15:47 - Running article generation...[0m
ARTICLE GENERATION COMPLETE - Article #9
[0;32m2025-09-17 10:18:09 - Skipping review - moving to next article[0m
[0;32m2025-09-17 10:18:09 - Completed: 9[0m
[0;34m2025-09-17 10:18:14 - Starting generation for: 10[0m
[1;33m2025-09-17 10:18:14 - Running article generation...[0m
ARTICLE GENERATION COMPLETE - Article #10
[0;34m2025-09-17 10:37:04 - Starting Article Generation Cycle for template: home-improvement[0m
[0;32m2025-09-17 10:37:04 - Using existing worktree: ../templata-home-improvement[0m
[0;34m2025-09-17 10:37:04 - Starting generation for: 10[0m
[1;33m2025-09-17 10:37:04 - Running article generation...[0m
ARTICLE GENERATION COMPLETE - Article #10
[0;32m2025-09-17 10:39:04 - Skipping review - moving to next article[0m
[0;32m2025-09-17 10:39:05 - Completed: 10[0m
[0;34m2025-09-17 10:39:10 - Starting generation for: 11[0m
[1;33m2025-09-17 10:39:10 - Running article generation...[0m
ARTICLE GENERATION COMPLETE - Article #11
[0;32m2025-09-17 10:44:14 - Skipping review - moving to next article[0m
[0;32m2025-09-17 10:44:14 - Completed: 11[0m
[0;34m2025-09-17 10:44:19 - Starting generation for: 12[0m
[1;33m2025-09-17 10:44:19 - Running article generation...[0m
ARTICLE GENERATION COMPLETE - Article #12
[0;32m2025-09-17 10:47:54 - Skipping review - moving to next article[0m
[0;32m2025-09-17 10:47:54 - Completed: 12[0m
[0;34m2025-09-17 10:47:59 - Starting generation for: 13[0m
[1;33m2025-09-17 10:47:59 - Running article generation...[0m
ARTICLE GENERATION COMPLETE - Article #13
[0;32m2025-09-17 10:49:58 - Skipping review - moving to next article[0m
[0;32m2025-09-17 10:49:58 - Completed: 13[0m
[0;34m2025-09-17 10:50:03 - Starting generation for: 14[0m
[1;33m2025-09-17 10:50:03 - Running article generation...[0m
ARTICLE GENERATION COMPLETE - Article #14
[0;32m2025-09-17 10:52:54 - Skipping review - moving to next article[0m
[0;32m2025-09-17 10:52:54 - Completed: 14[0m
[0;34m2025-09-17 10:52:59 - Starting generation for: 15[0m
[1;33m2025-09-17 10:52:59 - Running article generation...[0m
ARTICLE GENERATION COMPLETE - Article #15
[0;32m2025-09-17 10:55:32 - Skipping review - moving to next article[0m
[0;32m2025-09-17 10:55:32 - Completed: 15[0m
[0;34m2025-09-17 10:55:37 - Starting generation for: 16[0m
[1;33m2025-09-17 10:55:37 - Running article generation...[0m
ARTICLE GENERATION COMPLETE - Article #16
[0;32m2025-09-17 10:57:37 - Skipping review - moving to next article[0m
[0;32m2025-09-17 10:57:37 - Completed: 16[0m
[0;34m2025-09-17 10:57:42 - Starting generation for: 17[0m
[1;33m2025-09-17 10:57:42 - Running article generation...[0m
ARTICLE GENERATION COMPLETE - Article #17
[0;32m2025-09-17 10:59:48 - Skipping review - moving to next article[0m
[0;32m2025-09-17 10:59:48 - Completed: 17[0m
[0;34m2025-09-17 10:59:53 - Starting generation for: 18[0m
[1;33m2025-09-17 10:59:53 - Running article generation...[0m
ARTICLE GENERATION COMPLETE - Article #18
[0;32m2025-09-17 11:03:05 - Skipping review - moving to next article[0m
[0;32m2025-09-17 11:03:05 - Completed: 18[0m
[0;34m2025-09-17 11:03:10 - Starting generation for: 19[0m
[1;33m2025-09-17 11:03:10 - Running article generation...[0m
ARTICLE GENERATION COMPLETE - Article #19
[0;32m2025-09-17 11:06:19 - Skipping review - moving to next article[0m
[0;32m2025-09-17 11:06:19 - Completed: 19[0m
[0;34m2025-09-17 11:06:24 - Starting generation for: 20[0m
[1;33m2025-09-17 11:06:24 - Running article generation...[0m
ARTICLE GENERATION COMPLETE - Article #20
[0;32m2025-09-17 11:08:17 - Skipping review - moving to next article[0m
[0;32m2025-09-17 11:08:17 - Completed: 20[0m
