[0;34m2025-09-18 09:17:14 - Starting Article Generation Cycle for template: mental-health[0m
[1;33m2025-09-18 09:17:14 - Creating worktree for template: mental-health[0m
[0;32m2025-09-18 09:17:14 - Created branch: article-mental-health[0m
[0;32m2025-09-18 09:17:17 - Created worktree: ../templata-mental-health[0m
[1;33m2025-09-18 09:17:17 - Creating template blog file: blogs-mental-health.ts[0m
[0;32m2025-09-18 09:17:17 - Created template blog file: ../templata-mental-health/src/registry/blogs-mental-health.ts[0m
[0;34m2025-09-18 09:17:17 - Starting generation for: 1[0m
[1;33m2025-09-18 09:17:17 - Running article generation...[0m
ARTICLE GENERATION COMPLETE - Article #1
[0;32m2025-09-18 09:18:37 - Skipping review - moving to next article[0m
[0;32m2025-09-18 09:18:37 - Completed: 1[0m
[0;34m2025-09-18 09:18:42 - Starting generation for: 2[0m
[1;33m2025-09-18 09:18:42 - Running article generation...[0m
ARTICLE GENERATION COMPLETE - Article #2
[0;32m2025-09-18 09:20:03 - Skipping review - moving to next article[0m
[0;32m2025-09-18 09:20:03 - Completed: 2[0m
[0;34m2025-09-18 09:20:08 - Starting generation for: 3[0m
[1;33m2025-09-18 09:20:08 - Running article generation...[0m
ARTICLE GENERATION COMPLETE - Article #3
[0;32m2025-09-18 09:21:54 - Skipping review - moving to next article[0m
[0;32m2025-09-18 09:21:54 - Completed: 3[0m
[0;34m2025-09-18 09:21:59 - Starting generation for: 4[0m
[1;33m2025-09-18 09:21:59 - Running article generation...[0m
ARTICLE GENERATION COMPLETE - Article #4
[0;32m2025-09-18 09:23:51 - Skipping review - moving to next article[0m
[0;32m2025-09-18 09:23:51 - Completed: 4[0m
[0;34m2025-09-18 09:23:56 - Starting generation for: 5[0m
[1;33m2025-09-18 09:23:56 - Running article generation...[0m
ARTICLE GENERATION COMPLETE - Article #5
[0;32m2025-09-18 09:25:58 - Skipping review - moving to next article[0m
[0;32m2025-09-18 09:25:58 - Completed: 5[0m
[0;34m2025-09-18 09:26:03 - Starting generation for: 6[0m
[1;33m2025-09-18 09:26:03 - Running article generation...[0m
ARTICLE GENERATION COMPLETE - Article #6
[0;32m2025-09-18 09:27:49 - Skipping review - moving to next article[0m
[0;32m2025-09-18 09:27:49 - Completed: 6[0m
[0;34m2025-09-18 09:27:54 - Starting generation for: 7[0m
[1;33m2025-09-18 09:27:54 - Running article generation...[0m
ARTICLE GENERATION COMPLETE - Article #7
[0;32m2025-09-18 09:31:08 - Skipping review - moving to next article[0m
[0;32m2025-09-18 09:31:08 - Completed: 7[0m
[0;34m2025-09-18 09:31:13 - Starting generation for: 8[0m
[1;33m2025-09-18 09:31:13 - Running article generation...[0m
ARTICLE GENERATION COMPLETE - Article #8
[0;32m2025-09-18 09:33:16 - Skipping review - moving to next article[0m
[0;32m2025-09-18 09:33:16 - Completed: 8[0m
[0;34m2025-09-18 09:33:22 - Starting generation for: 9[0m
[1;33m2025-09-18 09:33:22 - Running article generation...[0m
ARTICLE GENERATION COMPLETE - Article #9
[0;32m2025-09-18 09:35:10 - Skipping review - moving to next article[0m
[0;32m2025-09-18 09:35:10 - Completed: 9[0m
[0;34m2025-09-18 09:35:15 - Starting generation for: 10[0m
[1;33m2025-09-18 09:35:15 - Running article generation...[0m
ARTICLE GENERATION COMPLETE - Article #10
[0;32m2025-09-18 09:38:16 - Skipping review - moving to next article[0m
[0;32m2025-09-18 09:38:16 - Completed: 10[0m
[0;34m2025-09-18 09:38:21 - Starting generation for: 11[0m
[1;33m2025-09-18 09:38:21 - Running article generation...[0m
ARTICLE GENERATION COMPLETE - Article #11
[0;32m2025-09-18 09:40:21 - Skipping review - moving to next article[0m
[0;32m2025-09-18 09:40:21 - Completed: 11[0m
[0;34m2025-09-18 09:40:26 - Starting generation for: 12[0m
[1;33m2025-09-18 09:40:26 - Running article generation...[0m
Perfect! I have successfully added Article #12 "Creating Safe Spaces: How Your Home Environment Can Support Mental Health Recovery" to the mental health template. The article is 1,481 words (approximately 12 minute read), follows all the master prompt guidelines with a sophisticated yet caring voice, and focuses specifically on mental health context and needs.

The article covers:
- Understanding the psychology of safe spaces
- Decluttering for mental clarity  
- Lighting and its impact on mental health
- Creating sensory comfort
- Designing spaces for different mental states
- Building flexibility into your environment
- Connecting with nature indoors
- Maintaining your mental health environment

All metadata is properly included with SEO optimization, appropriate tags, related templates and posts, and follows the exact format of existing articles in the registry.

ARTICLE GENERATION COMPLETE - Article #12
[0;32m2025-09-18 09:43:39 - Skipping review - moving to next article[0m
[0;32m2025-09-18 09:43:39 - Completed: 12[0m
[0;34m2025-09-18 09:43:44 - Starting generation for: 13[0m
[1;33m2025-09-18 09:43:44 - Running article generation...[0m
ARTICLE GENERATION COMPLETE - Article #13
[0;32m2025-09-18 09:48:02 - Skipping review - moving to next article[0m
[0;32m2025-09-18 09:48:02 - Completed: 13[0m
[0;34m2025-09-18 09:48:07 - Starting generation for: 14[0m
[1;33m2025-09-18 09:48:07 - Running article generation...[0m
ARTICLE GENERATION COMPLETE - Article #14
[0;32m2025-09-18 09:52:57 - Skipping review - moving to next article[0m
[0;32m2025-09-18 09:52:57 - Completed: 14[0m
[0;34m2025-09-18 09:53:02 - Starting generation for: 15[0m
[1;33m2025-09-18 09:53:02 - Running article generation...[0m
ARTICLE GENERATION COMPLETE - Article #15
[0;32m2025-09-18 09:55:11 - Skipping review - moving to next article[0m
[0;32m2025-09-18 09:55:11 - Completed: 15[0m
[0;34m2025-09-18 09:55:16 - Starting generation for: 16[0m
[1;33m2025-09-18 09:55:16 - Running article generation...[0m
ARTICLE GENERATION COMPLETE - Article #16
[0;32m2025-09-18 09:58:24 - Skipping review - moving to next article[0m
[0;32m2025-09-18 09:58:24 - Completed: 16[0m
[0;34m2025-09-18 09:58:29 - Starting generation for: 17[0m
[1;33m2025-09-18 09:58:29 - Running article generation...[0m
ARTICLE GENERATION COMPLETE - Article #17
[0;32m2025-09-18 10:00:47 - Skipping review - moving to next article[0m
[0;32m2025-09-18 10:00:47 - Completed: 17[0m
[0;34m2025-09-18 10:00:52 - Starting generation for: 18[0m
[1;33m2025-09-18 10:00:52 - Running article generation...[0m
ARTICLE GENERATION COMPLETE - Article #18
[0;32m2025-09-18 10:03:22 - Skipping review - moving to next article[0m
[0;32m2025-09-18 10:03:22 - Completed: 18[0m
[0;34m2025-09-18 10:03:27 - Starting generation for: 19[0m
[1;33m2025-09-18 10:03:27 - Running article generation...[0m
ARTICLE GENERATION COMPLETE - Article #19
[0;32m2025-09-18 10:05:13 - Skipping review - moving to next article[0m
[0;32m2025-09-18 10:05:13 - Completed: 19[0m
[0;34m2025-09-18 10:05:18 - Starting generation for: 20[0m
[1;33m2025-09-18 10:05:18 - Running article generation...[0m
ARTICLE GENERATION COMPLETE - Article #20
[0;32m2025-09-18 10:06:51 - Skipping review - moving to next article[0m
[0;32m2025-09-18 10:06:51 - Completed: 20[0m
