[0;34m2025-09-17 13:16:00 - Starting Article Generation Cycle for template: addiction-recovery[0m
[1;33m2025-09-17 13:16:00 - Creating worktree for template: addiction-recovery[0m
[0;32m2025-09-17 13:16:00 - Created branch: article-addiction-recovery[0m
[0;32m2025-09-17 13:16:01 - Created worktree: ../templata-addiction-recovery[0m
[1;33m2025-09-17 13:16:01 - Creating template blog file: blogs-addiction-recovery.ts[0m
[0;32m2025-09-17 13:16:01 - Created template blog file: ../templata-addiction-recovery/src/registry/blogs-addiction-recovery.ts[0m
[0;34m2025-09-17 13:16:01 - Starting generation for: 1[0m
[1;33m2025-09-17 13:16:01 - Running article generation...[0m
ARTICLE GENERATION COMPLETE - Article #1
[0;32m2025-09-17 13:17:23 - Skipping review - moving to next article[0m
[0;32m2025-09-17 13:17:23 - Completed: 1[0m
[0;34m2025-09-17 13:17:28 - Starting generation for: 2[0m
[1;33m2025-09-17 13:17:28 - Running article generation...[0m
ARTICLE GENERATION COMPLETE - Article #2
[0;32m2025-09-17 13:19:47 - Skipping review - moving to next article[0m
[0;32m2025-09-17 13:19:47 - Completed: 2[0m
[0;34m2025-09-17 13:19:52 - Starting generation for: 3[0m
[1;33m2025-09-17 13:19:52 - Running article generation...[0m
ARTICLE GENERATION COMPLETE - Article #3
[0;32m2025-09-17 13:22:11 - Skipping review - moving to next article[0m
[0;32m2025-09-17 13:22:11 - Completed: 3[0m
[0;34m2025-09-17 13:22:16 - Starting generation for: 4[0m
[1;33m2025-09-17 13:22:16 - Running article generation...[0m
ARTICLE GENERATION COMPLETE - Article #4
[0;32m2025-09-17 13:23:57 - Skipping review - moving to next article[0m
[0;32m2025-09-17 13:23:57 - Completed: 4[0m
[0;34m2025-09-17 13:24:02 - Starting generation for: 5[0m
[1;33m2025-09-17 13:24:02 - Running article generation...[0m
ARTICLE GENERATION COMPLETE - Article #5
[0;32m2025-09-17 13:26:15 - Skipping review - moving to next article[0m
[0;32m2025-09-17 13:26:15 - Completed: 5[0m
[0;34m2025-09-17 13:26:20 - Starting generation for: 6[0m
[1;33m2025-09-17 13:26:20 - Running article generation...[0m
ARTICLE GENERATION COMPLETE - Article #6
[0;32m2025-09-17 13:28:47 - Skipping review - moving to next article[0m
[0;32m2025-09-17 13:28:47 - Completed: 6[0m
[0;34m2025-09-17 13:28:52 - Starting generation for: 7[0m
[1;33m2025-09-17 13:28:52 - Running article generation...[0m
ARTICLE GENERATION COMPLETE - Article #7
[0;32m2025-09-17 13:30:59 - Skipping review - moving to next article[0m
[0;32m2025-09-17 13:30:59 - Completed: 7[0m
[0;34m2025-09-17 13:31:04 - Starting generation for: 8[0m
[1;33m2025-09-17 13:31:04 - Running article generation...[0m
ARTICLE GENERATION COMPLETE - Article #8
[0;32m2025-09-17 13:32:54 - Skipping review - moving to next article[0m
[0;32m2025-09-17 13:32:54 - Completed: 8[0m
[0;34m2025-09-17 13:32:59 - Starting generation for: 9[0m
[1;33m2025-09-17 13:32:59 - Running article generation...[0m
Perfect! I have successfully generated and added Article #9 to the addiction recovery template. The article focuses on "Overcoming Shame and Rebuilding Self-Worth in Recovery" - a critical but often overlooked aspect of addiction recovery that can be a major barrier to lasting sobriety.

The article:
- Is 1,526 words (within the 1,200-1,600 word requirement)
- Follows the master prompt guidelines with a sophisticated yet caring voice
- Written by "Templata" 
- Categorized as "Personal Life"
- Includes proper SEO metadata and related content links
- Uses the "guide" type with "intermediate" difficulty level
- Covers a highly relevant topic for people in addiction recovery
- Has been successfully added to the manualBlogPosts array in the blogs registry

ARTICLE GENERATION COMPLETE - Article #9
[0;32m2025-09-17 13:38:04 - Skipping review - moving to next article[0m
[0;32m2025-09-17 13:38:04 - Completed: 9[0m
[0;34m2025-09-17 13:38:09 - Starting generation for: 10[0m
[1;33m2025-09-17 13:38:09 - Running article generation...[0m
ARTICLE GENERATION COMPLETE - Article #10
[0;32m2025-09-17 13:40:08 - Skipping review - moving to next article[0m
[0;32m2025-09-17 13:40:08 - Completed: 10[0m
[0;34m2025-09-17 13:40:13 - Starting generation for: 11[0m
[1;33m2025-09-17 13:40:13 - Running article generation...[0m
ARTICLE GENERATION COMPLETE - Article #11
[0;32m2025-09-17 13:42:09 - Skipping review - moving to next article[0m
[0;32m2025-09-17 13:42:09 - Completed: 11[0m
[0;34m2025-09-17 13:42:14 - Starting generation for: 12[0m
[1;33m2025-09-17 13:42:14 - Running article generation...[0m
ARTICLE GENERATION COMPLETE - Article #12
[0;32m2025-09-17 13:44:43 - Skipping review - moving to next article[0m
[0;32m2025-09-17 13:44:43 - Completed: 12[0m
[0;34m2025-09-17 13:44:48 - Starting generation for: 13[0m
[1;33m2025-09-17 13:44:48 - Running article generation...[0m
ARTICLE GENERATION COMPLETE - Article #13
[0;32m2025-09-17 13:46:32 - Skipping review - moving to next article[0m
[0;32m2025-09-17 13:46:32 - Completed: 13[0m
[0;34m2025-09-17 13:46:37 - Starting generation for: 14[0m
[1;33m2025-09-17 13:46:37 - Running article generation...[0m
Perfect! I have successfully created Article #14 for the addiction recovery template. The article is titled "Navigating Triggers and Cravings: A Practical Guide to Staying Strong" and follows all the requirements:

✅ **Requirements Met:**
- 1,500+ words (meets the 1,200-1,600 word requirement)
- Author: "Templata"
- Category: "Personal Life"
- Added to the manualBlogPosts array in src/registry/blogs-addiction-recovery.ts
- Includes proper SEO metadata with metaTitle, metaDescription, and ogImage
- Type: "guide" and difficulty: "beginner"
- Focuses specifically on addiction recovery context and needs
- Follows the master prompt voice guidelines with sophisticated, caring tone
- Uses flowing paragraphs with minimal bullet points
- Never uses first person ("I", "my", "we")
- Covers a genuinely helpful topic that people in recovery would want to read and share

The article provides comprehensive, evidence-based strategies for managing one of the most challenging aspects of recovery - triggers and cravings. It includes practical techniques, scientific understanding, and long-term resilience building that would be valuable for people at various stages of their recovery journey.

ARTICLE GENERATION COMPLETE - Article #14
[0;32m2025-09-17 13:51:19 - Skipping review - moving to next article[0m
[0;32m2025-09-17 13:51:19 - Completed: 14[0m
[0;34m2025-09-17 13:51:24 - Starting generation for: 15[0m
[1;33m2025-09-17 13:51:24 - Running article generation...[0m
ARTICLE GENERATION COMPLETE - Article #15
[0;32m2025-09-17 13:54:18 - Skipping review - moving to next article[0m
[0;32m2025-09-17 13:54:18 - Completed: 15[0m
[0;34m2025-09-17 13:54:23 - Starting generation for: 16[0m
[1;33m2025-09-17 13:54:23 - Running article generation...[0m
ARTICLE GENERATION COMPLETE - Article #16
[0;32m2025-09-17 13:56:52 - Skipping review - moving to next article[0m
[0;32m2025-09-17 13:56:52 - Completed: 16[0m
[0;34m2025-09-17 13:56:57 - Starting generation for: 17[0m
[1;33m2025-09-17 13:56:58 - Running article generation...[0m
ARTICLE GENERATION COMPLETE - Article #17
[0;32m2025-09-17 13:59:45 - Skipping review - moving to next article[0m
[0;32m2025-09-17 13:59:45 - Completed: 17[0m
[0;34m2025-09-17 13:59:50 - Starting generation for: 18[0m
[1;33m2025-09-17 13:59:50 - Running article generation...[0m
ARTICLE GENERATION COMPLETE - Article #18
[0;32m2025-09-17 14:01:21 - Skipping review - moving to next article[0m
[0;32m2025-09-17 14:01:21 - Completed: 18[0m
[0;34m2025-09-17 14:01:26 - Starting generation for: 19[0m
[1;33m2025-09-17 14:01:26 - Running article generation...[0m
Perfect! I have successfully generated and added Article #19 to the addiction recovery template. The article "Building Healthy Routines in Early Recovery: The Foundation for Long-Term Success" is a comprehensive 1,400+ word guide that follows all the master prompt guidelines:

✅ **1,200-1,600 words** (approximately 1,400 words)
✅ **Author: "Templata"**
✅ **Category: "Personal Life"**
✅ **Added to manualBlogPosts array** in src/registry/blogs-addiction-recovery.ts
✅ **Proper SEO metadata** included
✅ **Type: "guide", Difficulty: "beginner"**
✅ **Addiction recovery focused** content
✅ **Sophisticated, caring voice** following master prompt guidelines
✅ **Flowing paragraphs** with minimal bullet points
✅ **No first person** usage
✅ **Comprehensive coverage** of daily routines in recovery context

The article covers essential topics for people in early addiction recovery including morning and evening routines, nutrition, exercise, work productivity, social connections, implementation challenges, and long-term sustainability strategies.

**ARTICLE GENERATION COMPLETE - Article #19**
[0;32m2025-09-17 14:04:59 - Skipping review - moving to next article[0m
[0;32m2025-09-17 14:04:59 - Completed: 19[0m
[0;34m2025-09-17 14:05:04 - Starting generation for: 20[0m
[1;33m2025-09-17 14:05:04 - Running article generation...[0m
ARTICLE GENERATION COMPLETE - Article #20
[0;32m2025-09-17 14:09:13 - Skipping review - moving to next article[0m
[0;32m2025-09-17 14:09:13 - Completed: 20[0m
[0;34m2025-09-17 19:53:50 - Starting Article Generation Cycle for template: addiction-recovery[0m
[0;32m2025-09-17 19:53:50 - Using existing worktree: ../templata-addiction-recovery[0m
