[0;34m2025-09-18 09:17:14 - Starting Article Generation Cycle for template: smart-garden[0m
[1;33m2025-09-18 09:17:14 - Creating worktree for template: smart-garden[0m
[0;32m2025-09-18 09:17:14 - Created branch: article-smart-garden[0m
[0;32m2025-09-18 09:17:17 - Created worktree: ../templata-smart-garden[0m
[1;33m2025-09-18 09:17:17 - Creating template blog file: blogs-smart-garden.ts[0m
[0;32m2025-09-18 09:17:17 - Created template blog file: ../templata-smart-garden/src/registry/blogs-smart-garden.ts[0m
[0;34m2025-09-18 09:17:17 - Starting generation for: 1[0m
[1;33m2025-09-18 09:17:17 - Running article generation...[0m
ARTICLE GENERATION COMPLETE - Article #1
[0;32m2025-09-18 09:18:44 - Skipping review - moving to next article[0m
[0;32m2025-09-18 09:18:44 - Completed: 1[0m
[0;34m2025-09-18 09:18:49 - Starting generation for: 2[0m
[1;33m2025-09-18 09:18:49 - Running article generation...[0m
ARTICLE GENERATION COMPLETE - Article #2
[0;32m2025-09-18 09:20:14 - Skipping review - moving to next article[0m
[0;32m2025-09-18 09:20:14 - Completed: 2[0m
[0;34m2025-09-18 09:20:19 - Starting generation for: 3[0m
[1;33m2025-09-18 09:20:19 - Running article generation...[0m
ARTICLE GENERATION COMPLETE - Article #3
[0;32m2025-09-18 09:21:53 - Skipping review - moving to next article[0m
[0;32m2025-09-18 09:21:53 - Completed: 3[0m
[0;34m2025-09-18 09:21:58 - Starting generation for: 4[0m
[1;33m2025-09-18 09:21:58 - Running article generation...[0m
ARTICLE GENERATION COMPLETE - Article #4
[0;32m2025-09-18 09:23:11 - Skipping review - moving to next article[0m
[0;32m2025-09-18 09:23:11 - Completed: 4[0m
[0;34m2025-09-18 09:23:16 - Starting generation for: 5[0m
[1;33m2025-09-18 09:23:16 - Running article generation...[0m
ARTICLE GENERATION COMPLETE - Article #5
[0;32m2025-09-18 09:24:38 - Skipping review - moving to next article[0m
[0;32m2025-09-18 09:24:38 - Completed: 5[0m
[0;34m2025-09-18 09:24:43 - Starting generation for: 6[0m
[1;33m2025-09-18 09:24:43 - Running article generation...[0m
ARTICLE GENERATION COMPLETE - Article #6
[0;32m2025-09-18 09:26:02 - Skipping review - moving to next article[0m
[0;32m2025-09-18 09:26:02 - Completed: 6[0m
[0;34m2025-09-18 09:26:07 - Starting generation for: 7[0m
[1;33m2025-09-18 09:26:07 - Running article generation...[0m
ARTICLE GENERATION COMPLETE - Article #7
[0;32m2025-09-18 09:27:36 - Skipping review - moving to next article[0m
[0;32m2025-09-18 09:27:36 - Completed: 7[0m
[0;34m2025-09-18 09:27:41 - Starting generation for: 8[0m
[1;33m2025-09-18 09:27:41 - Running article generation...[0m
ARTICLE GENERATION COMPLETE - Article #8
[0;32m2025-09-18 09:30:13 - Skipping review - moving to next article[0m
[0;32m2025-09-18 09:30:13 - Completed: 8[0m
[0;34m2025-09-18 09:30:18 - Starting generation for: 9[0m
[1;33m2025-09-18 09:30:18 - Running article generation...[0m
ARTICLE GENERATION COMPLETE - Article #9
[0;32m2025-09-18 09:31:48 - Skipping review - moving to next article[0m
[0;32m2025-09-18 09:31:48 - Completed: 9[0m
[0;34m2025-09-18 09:31:53 - Starting generation for: 10[0m
[1;33m2025-09-18 09:31:53 - Running article generation...[0m
ARTICLE GENERATION COMPLETE - Article #10
[0;32m2025-09-18 09:33:29 - Skipping review - moving to next article[0m
[0;32m2025-09-18 09:33:29 - Completed: 10[0m
[0;34m2025-09-18 09:33:34 - Starting generation for: 11[0m
[1;33m2025-09-18 09:33:34 - Running article generation...[0m
ARTICLE GENERATION COMPLETE - Article #11
[0;32m2025-09-18 09:35:06 - Skipping review - moving to next article[0m
[0;32m2025-09-18 09:35:06 - Completed: 11[0m
[0;34m2025-09-18 09:35:11 - Starting generation for: 12[0m
[1;33m2025-09-18 09:35:11 - Running article generation...[0m
ARTICLE GENERATION COMPLETE - Article #12
[0;32m2025-09-18 09:37:55 - Skipping review - moving to next article[0m
[0;32m2025-09-18 09:37:55 - Completed: 12[0m
[0;34m2025-09-18 09:38:00 - Starting generation for: 13[0m
[1;33m2025-09-18 09:38:00 - Running article generation...[0m
ARTICLE GENERATION COMPLETE - Article #13
[0;32m2025-09-18 09:40:35 - Skipping review - moving to next article[0m
[0;32m2025-09-18 09:40:35 - Completed: 13[0m
[0;34m2025-09-18 09:40:40 - Starting generation for: 14[0m
[1;33m2025-09-18 09:40:40 - Running article generation...[0m
ARTICLE GENERATION COMPLETE - Article #14
[0;32m2025-09-18 09:42:29 - Skipping review - moving to next article[0m
[0;32m2025-09-18 09:42:29 - Completed: 14[0m
[0;34m2025-09-18 09:42:34 - Starting generation for: 15[0m
[1;33m2025-09-18 09:42:34 - Running article generation...[0m
ARTICLE GENERATION COMPLETE - Article #15
[0;32m2025-09-18 09:45:11 - Skipping review - moving to next article[0m
[0;32m2025-09-18 09:45:11 - Completed: 15[0m
[0;34m2025-09-18 09:45:16 - Starting generation for: 16[0m
[1;33m2025-09-18 09:45:16 - Running article generation...[0m
ARTICLE GENERATION COMPLETE - Article #16
[0;32m2025-09-18 09:46:53 - Skipping review - moving to next article[0m
[0;32m2025-09-18 09:46:53 - Completed: 16[0m
[0;34m2025-09-18 09:46:58 - Starting generation for: 17[0m
[1;33m2025-09-18 09:46:58 - Running article generation...[0m
ARTICLE GENERATION COMPLETE - Article #17
[0;32m2025-09-18 09:48:58 - Skipping review - moving to next article[0m
[0;32m2025-09-18 09:48:58 - Completed: 17[0m
[0;34m2025-09-18 09:49:03 - Starting generation for: 18[0m
[1;33m2025-09-18 09:49:03 - Running article generation...[0m
ARTICLE GENERATION COMPLETE - Article #18
[0;32m2025-09-18 09:50:20 - Skipping review - moving to next article[0m
[0;32m2025-09-18 09:50:20 - Completed: 18[0m
[0;34m2025-09-18 09:50:25 - Starting generation for: 19[0m
[1;33m2025-09-18 09:50:25 - Running article generation...[0m
ARTICLE GENERATION COMPLETE - Article #19
[0;32m2025-09-18 09:51:52 - Skipping review - moving to next article[0m
[0;32m2025-09-18 09:51:52 - Completed: 19[0m
[0;34m2025-09-18 09:51:57 - Starting generation for: 20[0m
[1;33m2025-09-18 09:51:57 - Running article generation...[0m
ARTICLE GENERATION COMPLETE - Article #20
[0;32m2025-09-18 09:53:50 - Skipping review - moving to next article[0m
[0;32m2025-09-18 09:53:50 - Completed: 20[0m
