[0;34m2025-09-17 21:38:17 - Starting Article Generation Cycle for template: fashion-design[0m
[0;32m2025-09-17 21:38:17 - Using existing worktree: ../templata-fashion-design[0m
[1;33m2025-09-17 21:38:17 - Creating template blog file: blogs-fashion-design.ts[0m
[0;32m2025-09-17 21:38:17 - Created template blog file: ../templata-fashion-design/src/registry/blogs-fashion-design.ts[0m
[0;34m2025-09-17 21:38:17 - Starting generation for: 1[0m
[1;33m2025-09-17 21:38:17 - Running article generation...[0m
ARTICLE GENERATION COMPLETE - Article #1
[0;32m2025-09-17 21:39:35 - Skipping review - moving to next article[0m
[0;32m2025-09-17 21:39:35 - Completed: 1[0m
[0;34m2025-09-17 21:39:40 - Starting generation for: 2[0m
[1;33m2025-09-17 21:39:40 - Running article generation...[0m
ARTICLE GENERATION COMPLETE - Article #2
[0;32m2025-09-17 21:41:09 - Skipping review - moving to next article[0m
[0;32m2025-09-17 21:41:09 - Completed: 2[0m
[0;34m2025-09-17 21:41:14 - Starting generation for: 3[0m
[1;33m2025-09-17 21:41:14 - Running article generation...[0m
ARTICLE GENERATION COMPLETE - Article #3
[0;32m2025-09-17 21:42:39 - Skipping review - moving to next article[0m
[0;32m2025-09-17 21:42:39 - Completed: 3[0m
[0;34m2025-09-17 21:42:44 - Starting generation for: 4[0m
[1;33m2025-09-17 21:42:44 - Running article generation...[0m
ARTICLE GENERATION COMPLETE - Article #4
[0;32m2025-09-17 21:44:30 - Skipping review - moving to next article[0m
[0;32m2025-09-17 21:44:30 - Completed: 4[0m
[0;34m2025-09-17 21:44:35 - Starting generation for: 5[0m
[1;33m2025-09-17 21:44:35 - Running article generation...[0m
ARTICLE GENERATION COMPLETE - Article #5
[0;32m2025-09-17 21:46:19 - Skipping review - moving to next article[0m
[0;32m2025-09-17 21:46:19 - Completed: 5[0m
[0;34m2025-09-17 21:46:24 - Starting generation for: 6[0m
[1;33m2025-09-17 21:46:24 - Running article generation...[0m
ARTICLE GENERATION COMPLETE - Article #6
[0;32m2025-09-17 21:48:21 - Skipping review - moving to next article[0m
[0;32m2025-09-17 21:48:21 - Completed: 6[0m
[0;34m2025-09-17 21:48:26 - Starting generation for: 7[0m
[1;33m2025-09-17 21:48:26 - Running article generation...[0m
ARTICLE GENERATION COMPLETE - Article #7
[0;32m2025-09-17 21:50:38 - Skipping review - moving to next article[0m
[0;32m2025-09-17 21:50:38 - Completed: 7[0m
[0;34m2025-09-17 21:50:43 - Starting generation for: 8[0m
[1;33m2025-09-17 21:50:43 - Running article generation...[0m
ARTICLE GENERATION COMPLETE - Article #8
[0;32m2025-09-17 21:52:42 - Skipping review - moving to next article[0m
[0;32m2025-09-17 21:52:42 - Completed: 8[0m
[0;34m2025-09-17 21:52:47 - Starting generation for: 9[0m
[1;33m2025-09-17 21:52:47 - Running article generation...[0m
ARTICLE GENERATION COMPLETE - Article #9
[0;32m2025-09-17 21:59:24 - Skipping review - moving to next article[0m
[0;32m2025-09-17 21:59:24 - Completed: 9[0m
[0;34m2025-09-17 21:59:29 - Starting generation for: 10[0m
[1;33m2025-09-17 21:59:29 - Running article generation...[0m
ARTICLE GENERATION COMPLETE - Article #10
[0;32m2025-09-17 22:03:08 - Skipping review - moving to next article[0m
[0;32m2025-09-17 22:03:08 - Completed: 10[0m
[0;34m2025-09-17 22:03:13 - Starting generation for: 11[0m
[1;33m2025-09-17 22:03:13 - Running article generation...[0m
ARTICLE GENERATION COMPLETE - Article #11
[0;32m2025-09-17 22:04:52 - Skipping review - moving to next article[0m
[0;32m2025-09-17 22:04:52 - Completed: 11[0m
[0;34m2025-09-17 22:04:57 - Starting generation for: 12[0m
[1;33m2025-09-17 22:04:57 - Running article generation...[0m
ARTICLE GENERATION COMPLETE - Article #12
[0;32m2025-09-17 22:06:31 - Skipping review - moving to next article[0m
[0;32m2025-09-17 22:06:31 - Completed: 12[0m
[0;34m2025-09-17 22:06:36 - Starting generation for: 13[0m
[1;33m2025-09-17 22:06:36 - Running article generation...[0m
ARTICLE GENERATION COMPLETE - Article #13
[0;32m2025-09-17 22:08:25 - Skipping review - moving to next article[0m
[0;32m2025-09-17 22:08:25 - Completed: 13[0m
[0;34m2025-09-17 22:08:30 - Starting generation for: 14[0m
[1;33m2025-09-17 22:08:30 - Running article generation...[0m
ARTICLE GENERATION COMPLETE - Article #14
[0;32m2025-09-17 22:10:08 - Skipping review - moving to next article[0m
[0;32m2025-09-17 22:10:08 - Completed: 14[0m
[0;34m2025-09-17 22:10:13 - Starting generation for: 15[0m
[1;33m2025-09-17 22:10:13 - Running article generation...[0m
ARTICLE GENERATION COMPLETE - Article #15
[0;32m2025-09-17 22:13:12 - Skipping review - moving to next article[0m
[0;32m2025-09-17 22:13:12 - Completed: 15[0m
[0;34m2025-09-17 22:13:17 - Starting generation for: 16[0m
[1;33m2025-09-17 22:13:17 - Running article generation...[0m
ARTICLE GENERATION COMPLETE - Article #16
[0;32m2025-09-17 22:16:20 - Skipping review - moving to next article[0m
[0;32m2025-09-17 22:16:20 - Completed: 16[0m
[0;34m2025-09-17 22:16:25 - Starting generation for: 17[0m
[1;33m2025-09-17 22:16:25 - Running article generation...[0m
ARTICLE GENERATION COMPLETE - Article #17
[0;32m2025-09-17 22:18:14 - Skipping review - moving to next article[0m
[0;32m2025-09-17 22:18:14 - Completed: 17[0m
[0;34m2025-09-17 22:18:19 - Starting generation for: 18[0m
[1;33m2025-09-17 22:18:19 - Running article generation...[0m
ARTICLE GENERATION COMPLETE - Article #18
[0;32m2025-09-17 22:19:53 - Skipping review - moving to next article[0m
[0;32m2025-09-17 22:19:53 - Completed: 18[0m
[0;34m2025-09-17 22:19:58 - Starting generation for: 19[0m
[1;33m2025-09-17 22:19:58 - Running article generation...[0m
ARTICLE GENERATION COMPLETE - Article #19
[0;32m2025-09-17 22:21:25 - Skipping review - moving to next article[0m
[0;32m2025-09-17 22:21:25 - Completed: 19[0m
[0;34m2025-09-17 22:21:31 - Starting generation for: 20[0m
[1;33m2025-09-17 22:21:31 - Running article generation...[0m
ARTICLE GENERATION COMPLETE - Article #20
[0;32m2025-09-17 22:23:56 - Skipping review - moving to next article[0m
[0;32m2025-09-17 22:23:56 - Completed: 20[0m
