[0;34m2025-09-16 15:18:15 - Starting Article Generation Cycle for template: retirement-planning[0m
[1;33m2025-09-16 15:18:15 - Creating worktree for template: retirement-planning[0m
[0;32m2025-09-16 15:18:15 - Created branch: article-retirement-planning[0m
[0;32m2025-09-16 15:18:16 - Created worktree: ../templata-retirement-planning[0m
[0;34m2025-09-16 15:18:16 - Starting generation for: 1[0m
[1;33m2025-09-16 15:18:16 - Running article generation...[0m
ARTICLE GENERATION COMPLETE - Article #1
[0;32m2025-09-16 15:21:21 - Skipping review - moving to next article[0m
[0;32m2025-09-16 15:21:21 - Completed: 1[0m
[0;34m2025-09-16 15:21:26 - Starting generation for: 2[0m
[1;33m2025-09-16 15:21:26 - Running article generation...[0m
ARTICLE GENERATION COMPLETE - Article #2
[0;32m2025-09-16 15:23:35 - Skipping review - moving to next article[0m
[0;32m2025-09-16 15:23:35 - Completed: 2[0m
[0;34m2025-09-16 15:23:40 - Starting generation for: 3[0m
[1;33m2025-09-16 15:23:40 - Running article generation...[0m
ARTICLE GENERATION COMPLETE - Article #3
[0;32m2025-09-16 15:26:33 - Skipping review - moving to next article[0m
[0;32m2025-09-16 15:26:33 - Completed: 3[0m
[0;34m2025-09-16 15:26:38 - Starting generation for: 4[0m
[1;33m2025-09-16 15:26:38 - Running article generation...[0m
