[0;34m2025-09-23 19:28:51 - Starting batch template generation[0m
=== Batch Template Generation Status ===
Total templates:      177
Processed: 0
Remaining: 177
Progress: 0%

Configuration:
  Batch size: 20
  Batch delay: 60s
  Template delay: 2s

Progress file: .batch-generation-progress
Log file: batch-generation.log
[0;34m2025-09-23 19:28:52 - Found 177 templates to process[0m
[0;34m2025-09-23 19:28:52 - Starting batch 1 (20 templates)[0m
[0;34m2025-09-23 19:28:52 - Processing template: 3d-printing[0m
[0;34m2025-09-23 19:28:52 - Worktree: /Users/ikim1/Documents/GitHub/templata-3d-printing[0m
[1;33m2025-09-23 19:28:52 - Template file already exists: src/data/template-3d-printing.ts[0m
2025-09-23 19:28:52 - Waiting 2s before next template...
[0;34m2025-09-23 19:28:54 - Processing template: academic-struggles[0m
[0;34m2025-09-23 19:28:54 - Worktree: /Users/ikim1/Documents/GitHub/templata-academic-struggles[0m
[1;33m2025-09-23 19:28:54 - Template file already exists: src/data/template-academic-struggles.ts[0m
2025-09-23 19:28:54 - Waiting 2s before next template...
[0;34m2025-09-23 19:28:56 - Processing template: addiction-family-support[0m
[0;34m2025-09-23 19:28:56 - Worktree: /Users/ikim1/Documents/GitHub/templata-addiction-family-support[0m
[1;33m2025-09-23 19:28:56 - Template file already exists: src/data/template-addiction-family-support.ts[0m
2025-09-23 19:28:56 - Waiting 2s before next template...
[0;34m2025-09-23 19:28:58 - Processing template: addiction-recovery[0m
[0;34m2025-09-23 19:28:58 - Worktree: /Users/ikim1/Documents/GitHub/templata-addiction-recovery[0m
[1;33m2025-09-23 19:28:58 - Template file already exists: src/data/template-addiction-recovery.ts[0m
2025-09-23 19:28:58 - Waiting 2s before next template...
[0;34m2025-09-23 19:29:00 - Processing template: affiliate-marketing[0m
[0;34m2025-09-23 19:29:00 - Worktree: /Users/ikim1/Documents/GitHub/templata-affiliate-marketing[0m
[1;33m2025-09-23 19:29:00 - Template file already exists: src/data/template-affiliate-marketing.ts[0m
2025-09-23 19:29:00 - Waiting 2s before next template...
[0;34m2025-09-23 19:29:02 - Processing template: aging-parent-care[0m
[0;34m2025-09-23 19:29:02 - Worktree: /Users/ikim1/Documents/GitHub/templata-aging-parent-care[0m
[1;33m2025-09-23 19:29:02 - Template file already exists: src/data/template-aging-parent-care.ts[0m
2025-09-23 19:29:02 - Waiting 2s before next template...
[0;34m2025-09-23 19:29:04 - Processing template: antique-collecting[0m
[0;34m2025-09-23 19:29:04 - Worktree: /Users/ikim1/Documents/GitHub/templata-antique-collecting[0m
[1;33m2025-09-23 19:29:04 - Template file already exists: src/data/template-antique-collecting.ts[0m
2025-09-23 19:29:04 - Waiting 2s before next template...
[0;34m2025-09-23 19:29:06 - Processing template: apartment-hunting[0m
[0;34m2025-09-23 19:29:06 - Worktree: /Users/ikim1/Documents/GitHub/templata-apartment-hunting[0m
[1;33m2025-09-23 19:29:06 - Template file already exists: src/data/template-apartment-hunting.ts[0m
2025-09-23 19:29:06 - Waiting 2s before next template...
[0;34m2025-09-23 19:29:08 - Processing template: app-development[0m
[0;34m2025-09-23 19:29:08 - Worktree: /Users/ikim1/Documents/GitHub/templata-app-development[0m
[1;33m2025-09-23 19:29:08 - Template file already exists: src/data/template-app-development.ts[0m
2025-09-23 19:29:08 - Waiting 2s before next template...
[0;34m2025-09-23 19:29:10 - Processing template: arduino-programming[0m
[0;34m2025-09-23 19:29:10 - Worktree: /Users/ikim1/Documents/GitHub/templata-arduino-programming[0m
[1;33m2025-09-23 19:29:10 - Template file already exists: src/data/template-arduino-programming.ts[0m
2025-09-23 19:29:10 - Waiting 2s before next template...
[0;34m2025-09-23 19:29:12 - Processing template: art-collecting[0m
[0;34m2025-09-23 19:29:12 - Worktree: /Users/ikim1/Documents/GitHub/templata-art-collecting[0m
[1;33m2025-09-23 19:29:12 - Template file already exists: src/data/template-art-collecting.ts[0m
2025-09-23 19:29:12 - Waiting 2s before next template...
[0;34m2025-09-23 19:29:14 - Processing template: art-portfolio[0m
[0;34m2025-09-23 19:29:14 - Worktree: /Users/ikim1/Documents/GitHub/templata-art-portfolio[0m
[1;33m2025-09-23 19:29:14 - Template file already exists: src/data/template-art-portfolio.ts[0m
2025-09-23 19:29:14 - Waiting 2s before next template...
[0;34m2025-09-23 19:29:16 - Processing template: astronomy-hobby[0m
[0;34m2025-09-23 19:29:16 - Worktree: /Users/ikim1/Documents/GitHub/templata-astronomy-hobby[0m
[1;33m2025-09-23 19:29:16 - Template file already exists: src/data/template-astronomy-hobby.ts[0m
2025-09-23 19:29:16 - Waiting 2s before next template...
[0;34m2025-09-23 19:29:19 - Processing template: baby-planning[0m
[0;34m2025-09-23 19:29:19 - Worktree: /Users/ikim1/Documents/GitHub/templata-baby-planning[0m
./batch-template-generation.sh: line 85: ./template-generation-cycle.sh: No such file or directory
[0;31m2025-09-23 19:29:19 - Failed to process: baby-planning[0m
2025-09-23 19:29:19 - Waiting 2s before next template...
[0;34m2025-09-23 19:29:21 - Processing template: bankruptcy-recovery[0m
[0;34m2025-09-23 19:29:21 - Worktree: /Users/ikim1/Documents/GitHub/templata-bankruptcy-recovery[0m
[1;33m2025-09-23 19:29:21 - Template file already exists: src/data/template-bankruptcy-recovery.ts[0m
2025-09-23 19:29:21 - Waiting 2s before next template...
[0;34m2025-09-23 19:29:23 - Processing template: birdwatching[0m
[0;34m2025-09-23 19:29:23 - Worktree: /Users/ikim1/Documents/GitHub/templata-birdwatching[0m
[1;33m2025-09-23 19:29:23 - Template file already exists: src/data/template-birdwatching.ts[0m
2025-09-23 19:29:23 - Waiting 2s before next template...
[0;34m2025-09-23 19:29:25 - Processing template: blended-family[0m
[0;34m2025-09-23 19:29:25 - Worktree: /Users/ikim1/Documents/GitHub/templata-blended-family[0m
[1;33m2025-09-23 19:29:25 - Template file already exists: src/data/template-blended-family.ts[0m
2025-09-23 19:29:25 - Waiting 2s before next template...
[0;34m2025-09-23 19:29:27 - Processing template: blended-family-creation[0m
[0;34m2025-09-23 19:29:27 - Worktree: /Users/ikim1/Documents/GitHub/templata-blended-family-creation[0m
[1;33m2025-09-23 19:29:27 - Template file already exists: src/data/template-blended-family-creation.ts[0m
2025-09-23 19:29:27 - Waiting 2s before next template...
[0;34m2025-09-23 19:29:29 - Processing template: boat-maintenance[0m
[0;34m2025-09-23 19:29:29 - Worktree: /Users/ikim1/Documents/GitHub/templata-boat-maintenance[0m
[1;33m2025-09-23 19:29:29 - Template file already exists: src/data/template-boat-maintenance.ts[0m
2025-09-23 19:29:29 - Waiting 2s before next template...
[0;34m2025-09-23 19:29:31 - Processing template: book-club[0m
[0;34m2025-09-23 19:29:31 - Worktree: /Users/ikim1/Documents/GitHub/templata-book-club[0m
[1;33m2025-09-23 19:29:31 - Template file already exists: src/data/template-book-club.ts[0m
[0;32m2025-09-23 19:29:31 - Batch 1 complete: 19 processed, 1 failed[0m
[1;33m2025-09-23 19:29:31 - Batch completed with some failures[0m
[0;34m2025-09-23 19:29:31 - Waiting 60s before next batch...[0m
[0;34m2025-09-23 19:30:31 - Starting batch 1 (20 templates)[0m
[0;34m2025-09-23 19:30:31 - Processing template: book-collecting[0m
[0;34m2025-09-23 19:30:31 - Worktree: /Users/ikim1/Documents/GitHub/templata-book-collecting[0m
[1;33m2025-09-23 19:30:31 - Template file already exists: src/data/template-book-collecting.ts[0m
2025-09-23 19:30:31 - Waiting 2s before next template...
[0;34m2025-09-23 19:30:33 - Processing template: book-writing[0m
[0;34m2025-09-23 19:30:33 - Worktree: /Users/ikim1/Documents/GitHub/templata-book-writing[0m
[1;33m2025-09-23 19:30:33 - Template file already exists: src/data/template-book-writing.ts[0m
2025-09-23 19:30:33 - Waiting 2s before next template...
[0;34m2025-09-23 19:30:35 - Processing template: business-launch[0m
[0;34m2025-09-23 19:30:35 - Worktree: /Users/ikim1/Documents/GitHub/templata-business-launch[0m
[1;33m2025-09-23 19:30:35 - Template file already exists: src/data/template-business-launch.ts[0m
2025-09-23 19:30:35 - Waiting 2s before next template...
[0;34m2025-09-23 19:30:37 - Processing template: business-succession[0m
[0;34m2025-09-23 19:30:37 - Worktree: /Users/ikim1/Documents/GitHub/templata-business-succession[0m
[1;33m2025-09-23 19:30:37 - Template file already exists: src/data/template-business-succession.ts[0m
2025-09-23 19:30:37 - Waiting 2s before next template...
[0;34m2025-09-23 19:30:39 - Processing template: camping-trips[0m
[0;34m2025-09-23 19:30:39 - Worktree: /Users/ikim1/Documents/GitHub/templata-camping-trips[0m
[1;33m2025-09-23 19:30:39 - Template file already exists: src/data/template-camping-trips.ts[0m
2025-09-23 19:30:39 - Waiting 2s before next template...
[0;34m2025-09-23 19:30:41 - Processing template: car-buying[0m
[0;34m2025-09-23 19:30:41 - Worktree: /Users/ikim1/Documents/GitHub/templata-car-buying[0m
[1;33m2025-09-23 19:30:41 - Template file already exists: src/data/template-car-buying.ts[0m
2025-09-23 19:30:41 - Waiting 2s before next template...
[0;34m2025-09-23 19:30:43 - Processing template: car-maintenance[0m
[0;34m2025-09-23 19:30:43 - Worktree: /Users/ikim1/Documents/GitHub/templata-car-maintenance[0m
[1;33m2025-09-23 19:30:43 - Template file already exists: src/data/template-car-maintenance.ts[0m
2025-09-23 19:30:43 - Waiting 2s before next template...
[0;34m2025-09-23 19:30:45 - Processing template: career-plateau[0m
[0;34m2025-09-23 19:30:45 - Worktree: /Users/ikim1/Documents/GitHub/templata-career-plateau[0m
[1;33m2025-09-23 19:30:46 - Template file already exists: src/data/template-career-plateau.ts[0m
2025-09-23 19:30:46 - Waiting 2s before next template...
[0;34m2025-09-23 19:30:48 - Processing template: caring-for-aging-parents[0m
[0;34m2025-09-23 19:30:48 - Worktree: /Users/ikim1/Documents/GitHub/templata-caring-for-aging-parents[0m
[1;33m2025-09-23 19:30:48 - Template file already exists: src/data/template-caring-for-aging-parents.ts[0m
2025-09-23 19:30:48 - Waiting 2s before next template...
[0;34m2025-09-23 19:30:50 - Processing template: chronic-illness[0m
[0;34m2025-09-23 19:30:50 - Worktree: /Users/ikim1/Documents/GitHub/templata-chronic-illness[0m
[1;33m2025-09-23 19:30:50 - Template file already exists: src/data/template-chronic-illness.ts[0m
2025-09-23 19:30:50 - Waiting 2s before next template...
[0;34m2025-09-23 19:30:52 - Processing template: climate-action[0m
[0;34m2025-09-23 19:30:52 - Worktree: /Users/ikim1/Documents/GitHub/templata-climate-action[0m
[1;33m2025-09-23 19:30:52 - Template file already exists: src/data/template-climate-action.ts[0m
2025-09-23 19:30:52 - Waiting 2s before next template...
[0;34m2025-09-23 19:30:54 - Processing template: coaching-business[0m
[0;34m2025-09-23 19:30:54 - Worktree: /Users/ikim1/Documents/GitHub/templata-coaching-business[0m
[1;33m2025-09-23 19:30:54 - Template file already exists: src/data/template-coaching-business.ts[0m
2025-09-23 19:30:54 - Waiting 2s before next template...
[0;34m2025-09-23 19:30:56 - Processing template: college-selection[0m
[0;34m2025-09-23 19:30:56 - Worktree: /Users/ikim1/Documents/GitHub/templata-college-selection[0m
[1;33m2025-09-23 19:30:56 - Template file already exists: src/data/template-college-selection.ts[0m
2025-09-23 19:30:56 - Waiting 2s before next template...
[0;34m2025-09-23 19:30:58 - Processing template: college-to-career-transition[0m
[0;34m2025-09-23 19:30:58 - Worktree: /Users/ikim1/Documents/GitHub/templata-college-to-career-transition[0m
[1;33m2025-09-23 19:30:58 - Template file already exists: src/data/template-college-to-career-transition.ts[0m
2025-09-23 19:30:58 - Waiting 2s before next template...
[0;34m2025-09-23 19:31:00 - Processing template: coming-out[0m
[0;34m2025-09-23 19:31:00 - Worktree: /Users/ikim1/Documents/GitHub/templata-coming-out[0m
[1;33m2025-09-23 19:31:00 - Template file already exists: src/data/template-coming-out.ts[0m
2025-09-23 19:31:00 - Waiting 2s before next template...
[0;34m2025-09-23 19:31:02 - Processing template: consulting-business[0m
[0;34m2025-09-23 19:31:02 - Worktree: /Users/ikim1/Documents/GitHub/templata-consulting-business[0m
[1;33m2025-09-23 19:31:02 - Template file already exists: src/data/template-consulting-business.ts[0m
2025-09-23 19:31:02 - Waiting 2s before next template...
[0;34m2025-09-23 19:31:04 - Processing template: content-creation[0m
[0;34m2025-09-23 19:31:04 - Worktree: /Users/ikim1/Documents/GitHub/templata-content-creation[0m
[1;33m2025-09-23 19:31:04 - Template file already exists: src/data/template-content-creation.ts[0m
2025-09-23 19:31:04 - Waiting 2s before next template...
[0;34m2025-09-23 19:31:06 - Processing template: content-creation-business[0m
[0;34m2025-09-23 19:31:06 - Worktree: /Users/ikim1/Documents/GitHub/templata-content-creation-business[0m
[1;33m2025-09-23 19:31:06 - Template file already exists: src/data/template-content-creation-business.ts[0m
2025-09-23 19:31:06 - Waiting 2s before next template...
[0;34m2025-09-23 19:31:08 - Processing template: cooking-mastery[0m
[0;34m2025-09-23 19:31:08 - Worktree: /Users/ikim1/Documents/GitHub/templata-cooking-mastery[0m
[1;33m2025-09-23 19:31:09 - Template file already exists: src/data/template-cooking-mastery.ts[0m
2025-09-23 19:31:09 - Waiting 2s before next template...
[0;34m2025-09-23 19:31:11 - Processing template: creative-freelancing[0m
[0;34m2025-09-23 19:31:11 - Worktree: /Users/ikim1/Documents/GitHub/templata-creative-freelancing[0m
[1;33m2025-09-23 19:31:11 - Template file already exists: src/data/template-creative-freelancing.ts[0m
[0;32m2025-09-23 19:31:11 - Batch 1 complete: 20 processed, 0 failed[0m
[0;32m2025-09-23 19:31:11 - Batch completed successfully[0m
[0;34m2025-09-23 19:31:11 - Waiting 60s before next batch...[0m
[0;34m2025-09-23 19:32:11 - Starting batch 1 (20 templates)[0m
[0;34m2025-09-23 19:32:11 - Processing template: creative-writing[0m
[0;34m2025-09-23 19:32:11 - Worktree: /Users/ikim1/Documents/GitHub/templata-creative-writing[0m
[1;33m2025-09-23 19:32:11 - Template file already exists: src/data/template-creative-writing.ts[0m
2025-09-23 19:32:11 - Waiting 2s before next template...
[0;34m2025-09-23 19:32:13 - Processing template: crypto-portfolio[0m
[0;34m2025-09-23 19:32:13 - Worktree: /Users/ikim1/Documents/GitHub/templata-crypto-portfolio[0m
[1;33m2025-09-23 19:32:13 - Template file already exists: src/data/template-crypto-portfolio.ts[0m
2025-09-23 19:32:13 - Waiting 2s before next template...
[0;34m2025-09-23 19:32:15 - Processing template: dance-training[0m
[0;34m2025-09-23 19:32:15 - Worktree: /Users/ikim1/Documents/GitHub/templata-dance-training[0m
[1;33m2025-09-23 19:32:15 - Template file already exists: src/data/template-dance-training.ts[0m
2025-09-23 19:32:15 - Waiting 2s before next template...
[0;34m2025-09-23 19:32:17 - Processing template: death-of-spouse[0m
[0;34m2025-09-23 19:32:17 - Worktree: /Users/ikim1/Documents/GitHub/templata-death-of-spouse[0m
[1;33m2025-09-23 19:32:17 - Template file already exists: src/data/template-death-of-spouse.ts[0m
2025-09-23 19:32:17 - Waiting 2s before next template...
[0;34m2025-09-23 19:32:19 - Processing template: debt-payoff[0m
[0;34m2025-09-23 19:32:19 - Worktree: /Users/ikim1/Documents/GitHub/templata-debt-payoff[0m
[1;33m2025-09-23 19:32:19 - Template file already exists: src/data/template-debt-payoff.ts[0m
2025-09-23 19:32:19 - Waiting 2s before next template...
[0;34m2025-09-23 19:32:21 - Processing template: digital-detox[0m
[0;34m2025-09-23 19:32:21 - Worktree: /Users/ikim1/Documents/GitHub/templata-digital-detox[0m
[1;33m2025-09-23 19:32:21 - Template file already exists: src/data/template-digital-detox.ts[0m
2025-09-23 19:32:21 - Waiting 2s before next template...
[0;34m2025-09-23 19:32:23 - Processing template: digital-nomad-planning[0m
[0;34m2025-09-23 19:32:23 - Worktree: /Users/ikim1/Documents/GitHub/templata-digital-nomad-planning[0m
[1;33m2025-09-23 19:32:23 - Template file already exists: src/data/template-digital-nomad-planning.ts[0m
2025-09-23 19:32:23 - Waiting 2s before next template...
[0;34m2025-09-23 19:32:25 - Processing template: disability-accommodation[0m
[0;34m2025-09-23 19:32:25 - Worktree: /Users/ikim1/Documents/GitHub/templata-disability-accommodation[0m
[1;33m2025-09-23 19:32:25 - Template file already exists: src/data/template-disability-accommodation.ts[0m
2025-09-23 19:32:25 - Waiting 2s before next template...
[0;34m2025-09-23 19:32:27 - Processing template: divorce-coordination[0m
[0;34m2025-09-23 19:32:27 - Worktree: /Users/ikim1/Documents/GitHub/templata-divorce-coordination[0m
[1;33m2025-09-23 19:32:27 - Template file already exists: src/data/template-divorce-coordination.ts[0m
2025-09-23 19:32:27 - Waiting 2s before next template...
[0;34m2025-09-23 19:32:29 - Processing template: divorce-process[0m
[0;34m2025-09-23 19:32:29 - Worktree: /Users/ikim1/Documents/GitHub/templata-divorce-process[0m
[1;33m2025-09-23 19:32:29 - Template file already exists: src/data/template-divorce-process.ts[0m
2025-09-23 19:32:29 - Waiting 2s before next template...
[0;34m2025-09-23 19:32:31 - Processing template: downsizing-decisions[0m
[0;34m2025-09-23 19:32:31 - Worktree: /Users/ikim1/Documents/GitHub/templata-downsizing-decisions[0m
[1;33m2025-09-23 19:32:31 - Template file already exists: src/data/template-downsizing-decisions.ts[0m
2025-09-23 19:32:31 - Waiting 2s before next template...
[0;34m2025-09-23 19:32:34 - Processing template: dropshipping[0m
[0;34m2025-09-23 19:32:34 - Worktree: /Users/ikim1/Documents/GitHub/templata-dropshipping[0m
[1;33m2025-09-23 19:32:34 - Template file already exists: src/data/template-dropshipping.ts[0m
2025-09-23 19:32:34 - Waiting 2s before next template...
[0;34m2025-09-23 19:32:36 - Processing template: e-commerce-store[0m
[0;34m2025-09-23 19:32:36 - Worktree: /Users/ikim1/Documents/GitHub/templata-e-commerce-store[0m
[1;33m2025-09-23 19:32:36 - Template file already exists: src/data/template-e-commerce-store.ts[0m
2025-09-23 19:32:36 - Waiting 2s before next template...
[0;34m2025-09-23 19:32:38 - Processing template: early-career-advancement[0m
[0;34m2025-09-23 19:32:38 - Worktree: /Users/ikim1/Documents/GitHub/templata-early-career-advancement[0m
./batch-template-generation.sh: line 85: ./template-generation-cycle.sh: No such file or directory
[0;31m2025-09-23 19:32:38 - Failed to process: early-career-advancement[0m
2025-09-23 19:32:38 - Waiting 2s before next template...
[0;34m2025-09-23 19:32:40 - Processing template: elder-care[0m
[0;34m2025-09-23 19:32:40 - Worktree: /Users/ikim1/Documents/GitHub/templata-elder-care[0m
./batch-template-generation.sh: line 85: ./template-generation-cycle.sh: No such file or directory
[0;31m2025-09-23 19:32:40 - Failed to process: elder-care[0m
2025-09-23 19:32:40 - Waiting 2s before next template...
[0;34m2025-09-23 19:32:42 - Processing template: empty-nest[0m
[0;34m2025-09-23 19:32:42 - Worktree: /Users/ikim1/Documents/GitHub/templata-empty-nest[0m
[1;33m2025-09-23 19:32:42 - Template file already exists: src/data/template-empty-nest.ts[0m
2025-09-23 19:32:42 - Waiting 2s before next template...
[0;34m2025-09-23 19:32:44 - Processing template: empty-nest-syndrome[0m
[0;34m2025-09-23 19:32:44 - Worktree: /Users/ikim1/Documents/GitHub/templata-empty-nest-syndrome[0m
[1;33m2025-09-23 19:32:44 - Template file already exists: src/data/template-empty-nest-syndrome.ts[0m
2025-09-23 19:32:44 - Waiting 2s before next template...
[0;34m2025-09-23 19:32:46 - Processing template: end-of-life-planning[0m
[0;34m2025-09-23 19:32:46 - Worktree: /Users/ikim1/Documents/GitHub/templata-end-of-life-planning[0m
[1;33m2025-09-23 19:32:46 - Template file already exists: src/data/template-end-of-life-planning.ts[0m
2025-09-23 19:32:46 - Waiting 2s before next template...
[0;34m2025-09-23 19:32:48 - Processing template: estate-planning[0m
[0;34m2025-09-23 19:32:48 - Worktree: /Users/ikim1/Documents/GitHub/templata-estate-planning[0m
./batch-template-generation.sh: line 85: ./template-generation-cycle.sh: No such file or directory
[0;31m2025-09-23 19:32:48 - Failed to process: estate-planning[0m
2025-09-23 19:32:48 - Waiting 2s before next template...
[0;34m2025-09-23 19:32:50 - Processing template: event-planning[0m
[0;34m2025-09-23 19:32:50 - Worktree: /Users/ikim1/Documents/GitHub/templata-event-planning[0m
[1;33m2025-09-23 19:32:51 - Template file already exists: src/data/template-event-planning.ts[0m
[0;32m2025-09-23 19:32:51 - Batch 1 complete: 17 processed, 3 failed[0m
[1;33m2025-09-23 19:32:51 - Batch completed with some failures[0m
[0;34m2025-09-23 19:32:51 - Waiting 60s before next batch...[0m
[0;34m2025-09-23 19:33:51 - Starting batch 1 (20 templates)[0m
[0;34m2025-09-23 19:33:51 - Processing template: executive-leadership-transition[0m
[0;34m2025-09-23 19:33:51 - Worktree: /Users/ikim1/Documents/GitHub/templata-executive-leadership-transition[0m
[1;33m2025-09-23 19:33:51 - Template file already exists: src/data/template-executive-leadership-transition.ts[0m
2025-09-23 19:33:51 - Waiting 2s before next template...
[0;34m2025-09-23 19:33:53 - Processing template: family-crisis-management[0m
[0;34m2025-09-23 19:33:53 - Worktree: /Users/ikim1/Documents/GitHub/templata-family-crisis-management[0m
./batch-template-generation.sh: line 85: ./template-generation-cycle.sh: No such file or directory
[0;31m2025-09-23 19:33:53 - Failed to process: family-crisis-management[0m
2025-09-23 19:33:53 - Waiting 2s before next template...
[0;34m2025-09-23 19:33:55 - Processing template: family-estrangement[0m
[0;34m2025-09-23 19:33:55 - Worktree: /Users/ikim1/Documents/GitHub/templata-family-estrangement[0m
./batch-template-generation.sh: line 85: ./template-generation-cycle.sh: No such file or directory
[0;31m2025-09-23 19:33:55 - Failed to process: family-estrangement[0m
2025-09-23 19:33:55 - Waiting 2s before next template...
[0;34m2025-09-23 19:33:57 - Processing template: family-therapy[0m
[0;34m2025-09-23 19:33:57 - Worktree: /Users/ikim1/Documents/GitHub/templata-family-therapy[0m
./batch-template-generation.sh: line 85: ./template-generation-cycle.sh: No such file or directory
[0;31m2025-09-23 19:33:57 - Failed to process: family-therapy[0m
2025-09-23 19:33:57 - Waiting 2s before next template...
[0;34m2025-09-23 19:33:59 - Processing template: fashion-design[0m
[0;34m2025-09-23 19:33:59 - Worktree: /Users/ikim1/Documents/GitHub/templata-fashion-design[0m
./batch-template-generation.sh: line 85: ./template-generation-cycle.sh: No such file or directory
[0;31m2025-09-23 19:33:59 - Failed to process: fashion-design[0m
2025-09-23 19:33:59 - Waiting 2s before next template...
[0;34m2025-09-23 19:34:01 - Processing template: financial-independence[0m
[0;34m2025-09-23 19:34:01 - Worktree: /Users/ikim1/Documents/GitHub/templata-financial-independence[0m
./batch-template-generation.sh: line 85: ./template-generation-cycle.sh: No such file or directory
[0;31m2025-09-23 19:34:01 - Failed to process: financial-independence[0m
2025-09-23 19:34:01 - Waiting 2s before next template...
[0;34m2025-09-23 19:34:03 - Processing template: financial-independence-college[0m
[0;34m2025-09-23 19:34:03 - Worktree: /Users/ikim1/Documents/GitHub/templata-financial-independence-college[0m
./batch-template-generation.sh: line 85: ./template-generation-cycle.sh: No such file or directory
[0;31m2025-09-23 19:34:03 - Failed to process: financial-independence-college[0m
2025-09-23 19:34:03 - Waiting 2s before next template...
[0;34m2025-09-23 19:34:05 - Processing template: financial-recovery[0m
[0;34m2025-09-23 19:34:05 - Worktree: /Users/ikim1/Documents/GitHub/templata-financial-recovery[0m
./batch-template-generation.sh: line 85: ./template-generation-cycle.sh: No such file or directory
[0;31m2025-09-23 19:34:05 - Failed to process: financial-recovery[0m
2025-09-23 19:34:05 - Waiting 2s before next template...
[0;34m2025-09-23 19:34:07 - Processing template: first-job-transition[0m
[0;34m2025-09-23 19:34:07 - Worktree: /Users/ikim1/Documents/GitHub/templata-first-job-transition[0m
./batch-template-generation.sh: line 85: ./template-generation-cycle.sh: No such file or directory
[0;31m2025-09-23 19:34:07 - Failed to process: first-job-transition[0m
2025-09-23 19:34:07 - Waiting 2s before next template...
[0;34m2025-09-23 19:34:09 - Processing template: first-management-role[0m
[0;34m2025-09-23 19:34:09 - Worktree: /Users/ikim1/Documents/GitHub/templata-first-management-role[0m
./batch-template-generation.sh: line 85: ./template-generation-cycle.sh: No such file or directory
[0;31m2025-09-23 19:34:09 - Failed to process: first-management-role[0m
2025-09-23 19:34:09 - Waiting 2s before next template...
[0;34m2025-09-23 19:34:11 - Processing template: first-serious-relationship[0m
[0;34m2025-09-23 19:34:11 - Worktree: /Users/ikim1/Documents/GitHub/templata-first-serious-relationship[0m
./batch-template-generation.sh: line 85: ./template-generation-cycle.sh: No such file or directory
[0;31m2025-09-23 19:34:11 - Failed to process: first-serious-relationship[0m
2025-09-23 19:34:11 - Waiting 2s before next template...
[0;34m2025-09-23 19:34:13 - Processing template: first-time-parent[0m
[0;34m2025-09-23 19:34:13 - Worktree: /Users/ikim1/Documents/GitHub/templata-first-time-parent[0m
./batch-template-generation.sh: line 85: ./template-generation-cycle.sh: No such file or directory
[0;31m2025-09-23 19:34:14 - Failed to process: first-time-parent[0m
2025-09-23 19:34:14 - Waiting 2s before next template...
[0;34m2025-09-23 19:34:16 - Processing template: fitness-journey[0m
[0;34m2025-09-23 19:34:16 - Worktree: /Users/ikim1/Documents/GitHub/templata-fitness-journey[0m
./batch-template-generation.sh: line 85: ./template-generation-cycle.sh: No such file or directory
[0;31m2025-09-23 19:34:16 - Failed to process: fitness-journey[0m
2025-09-23 19:34:16 - Waiting 2s before next template...
[0;34m2025-09-23 19:34:18 - Processing template: fixed-income-management[0m
[0;34m2025-09-23 19:34:18 - Worktree: /Users/ikim1/Documents/GitHub/templata-fixed-income-management[0m
./batch-template-generation.sh: line 85: ./template-generation-cycle.sh: No such file or directory
[0;31m2025-09-23 19:34:18 - Failed to process: fixed-income-management[0m
2025-09-23 19:34:18 - Waiting 2s before next template...
[0;34m2025-09-23 19:34:20 - Processing template: fraternity-sorority-decisions[0m
[0;34m2025-09-23 19:34:20 - Worktree: /Users/ikim1/Documents/GitHub/templata-fraternity-sorority-decisions[0m
./batch-template-generation.sh: line 85: ./template-generation-cycle.sh: No such file or directory
[0;31m2025-09-23 19:34:20 - Failed to process: fraternity-sorority-decisions[0m
2025-09-23 19:34:20 - Waiting 2s before next template...
[0;34m2025-09-23 19:34:22 - Processing template: freelance-business[0m
[0;34m2025-09-23 19:34:22 - Worktree: /Users/ikim1/Documents/GitHub/templata-freelance-business[0m
./batch-template-generation.sh: line 85: ./template-generation-cycle.sh: No such file or directory
[0;31m2025-09-23 19:34:22 - Failed to process: freelance-business[0m
2025-09-23 19:34:22 - Waiting 2s before next template...
[0;34m2025-09-23 19:34:24 - Processing template: garden-planning[0m
[0;34m2025-09-23 19:34:24 - Worktree: /Users/ikim1/Documents/GitHub/templata-garden-planning[0m
./batch-template-generation.sh: line 85: ./template-generation-cycle.sh: No such file or directory
[0;31m2025-09-23 19:34:24 - Failed to process: garden-planning[0m
2025-09-23 19:34:24 - Waiting 2s before next template...
[0;34m2025-09-23 19:34:26 - Processing template: geographic-relocation[0m
[0;34m2025-09-23 19:34:26 - Worktree: /Users/ikim1/Documents/GitHub/templata-geographic-relocation[0m
./batch-template-generation.sh: line 85: ./template-generation-cycle.sh: No such file or directory
[0;31m2025-09-23 19:34:26 - Failed to process: geographic-relocation[0m
2025-09-23 19:34:26 - Waiting 2s before next template...
[0;34m2025-09-23 19:34:28 - Processing template: graduate-school-decisions[0m
[0;34m2025-09-23 19:34:28 - Worktree: /Users/ikim1/Documents/GitHub/templata-graduate-school-decisions[0m
./batch-template-generation.sh: line 85: ./template-generation-cycle.sh: No such file or directory
[0;31m2025-09-23 19:34:28 - Failed to process: graduate-school-decisions[0m
2025-09-23 19:34:28 - Waiting 2s before next template...
[0;34m2025-09-23 19:34:30 - Processing template: grandparent-role[0m
[0;34m2025-09-23 19:34:30 - Worktree: /Users/ikim1/Documents/GitHub/templata-grandparent-role[0m
./batch-template-generation.sh: line 85: ./template-generation-cycle.sh: No such file or directory
[0;31m2025-09-23 19:34:30 - Failed to process: grandparent-role[0m
[0;32m2025-09-23 19:34:30 - Batch 1 complete: 1 processed, 19 failed[0m
[1;33m2025-09-23 19:34:30 - Batch completed with some failures[0m
[0;34m2025-09-23 19:34:30 - Waiting 60s before next batch...[0m
[0;34m2025-09-23 19:35:30 - Starting batch 1 (20 templates)[0m
[0;34m2025-09-23 19:35:30 - Processing template: grief-loss[0m
[0;34m2025-09-23 19:35:30 - Worktree: /Users/ikim1/Documents/GitHub/templata-grief-loss[0m
./batch-template-generation.sh: line 85: ./template-generation-cycle.sh: No such file or directory
[0;31m2025-09-23 19:35:30 - Failed to process: grief-loss[0m
2025-09-23 19:35:30 - Waiting 2s before next template...
[0;34m2025-09-23 19:35:32 - Processing template: habit-tracking[0m
[0;34m2025-09-23 19:35:32 - Worktree: /Users/ikim1/Documents/GitHub/templata-habit-tracking[0m
./batch-template-generation.sh: line 85: ./template-generation-cycle.sh: No such file or directory
[0;31m2025-09-23 19:35:32 - Failed to process: habit-tracking[0m
2025-09-23 19:35:32 - Waiting 2s before next template...
[0;34m2025-09-23 19:35:35 - Processing template: health-crisis-management[0m
[0;34m2025-09-23 19:35:35 - Worktree: /Users/ikim1/Documents/GitHub/templata-health-crisis-management[0m
./batch-template-generation.sh: line 85: ./template-generation-cycle.sh: No such file or directory
[0;31m2025-09-23 19:35:35 - Failed to process: health-crisis-management[0m
2025-09-23 19:35:35 - Waiting 2s before next template...
[0;34m2025-09-23 19:35:37 - Processing template: health-decline-navigation[0m
[0;34m2025-09-23 19:35:37 - Worktree: /Users/ikim1/Documents/GitHub/templata-health-decline-navigation[0m
./batch-template-generation.sh: line 85: ./template-generation-cycle.sh: No such file or directory
[0;31m2025-09-23 19:35:37 - Failed to process: health-decline-navigation[0m
2025-09-23 19:35:37 - Waiting 2s before next template...
[0;34m2025-09-23 19:35:39 - Processing template: hobby-photography[0m
[0;34m2025-09-23 19:35:39 - Worktree: /Users/ikim1/Documents/GitHub/templata-hobby-photography[0m
./batch-template-generation.sh: line 85: ./template-generation-cycle.sh: No such file or directory
[0;31m2025-09-23 19:35:39 - Failed to process: hobby-photography[0m
2025-09-23 19:35:39 - Waiting 2s before next template...
[0;34m2025-09-23 19:35:41 - Processing template: hobby-project[0m
[0;34m2025-09-23 19:35:41 - Worktree: /Users/ikim1/Documents/GitHub/templata-hobby-project[0m
./batch-template-generation.sh: line 85: ./template-generation-cycle.sh: No such file or directory
[0;31m2025-09-23 19:35:41 - Failed to process: hobby-project[0m
2025-09-23 19:35:41 - Waiting 2s before next template...
[0;34m2025-09-23 19:35:43 - Processing template: home-automation[0m
[0;34m2025-09-23 19:35:43 - Worktree: /Users/ikim1/Documents/GitHub/templata-home-automation[0m
./batch-template-generation.sh: line 85: ./template-generation-cycle.sh: No such file or directory
[0;31m2025-09-23 19:35:43 - Failed to process: home-automation[0m
2025-09-23 19:35:43 - Waiting 2s before next template...
[0;34m2025-09-23 19:35:45 - Processing template: home-buying[0m
[0;34m2025-09-23 19:35:45 - Worktree: /Users/ikim1/Documents/GitHub/templata-home-buying[0m
./batch-template-generation.sh: line 85: ./template-generation-cycle.sh: No such file or directory
[0;31m2025-09-23 19:35:45 - Failed to process: home-buying[0m
2025-09-23 19:35:45 - Waiting 2s before next template...
[0;34m2025-09-23 19:35:47 - Processing template: home-renovation[0m
[0;34m2025-09-23 19:35:47 - Worktree: /Users/ikim1/Documents/GitHub/templata-home-renovation[0m
./batch-template-generation.sh: line 85: ./template-generation-cycle.sh: No such file or directory
[0;31m2025-09-23 19:35:47 - Failed to process: home-renovation[0m
2025-09-23 19:35:47 - Waiting 2s before next template...
[0;34m2025-09-23 19:35:49 - Processing template: identity-theft[0m
[0;34m2025-09-23 19:35:49 - Worktree: /Users/ikim1/Documents/GitHub/templata-identity-theft[0m
./batch-template-generation.sh: line 85: ./template-generation-cycle.sh: No such file or directory
[0;31m2025-09-23 19:35:49 - Failed to process: identity-theft[0m
2025-09-23 19:35:49 - Waiting 2s before next template...
[0;34m2025-09-23 19:35:51 - Processing template: identity-theft-recovery[0m
[0;34m2025-09-23 19:35:51 - Worktree: /Users/ikim1/Documents/GitHub/templata-identity-theft-recovery[0m
./batch-template-generation.sh: line 85: ./template-generation-cycle.sh: No such file or directory
[0;31m2025-09-23 19:35:51 - Failed to process: identity-theft-recovery[0m
2025-09-23 19:35:51 - Waiting 2s before next template...
[0;34m2025-09-23 19:35:53 - Processing template: immigration-journey[0m
[0;34m2025-09-23 19:35:53 - Worktree: /Users/ikim1/Documents/GitHub/templata-immigration-journey[0m
./batch-template-generation.sh: line 85: ./template-generation-cycle.sh: No such file or directory
[0;31m2025-09-23 19:35:53 - Failed to process: immigration-journey[0m
2025-09-23 19:35:53 - Waiting 2s before next template...
[0;34m2025-09-23 19:35:55 - Processing template: insurance-optimization[0m
[0;34m2025-09-23 19:35:55 - Worktree: /Users/ikim1/Documents/GitHub/templata-insurance-optimization[0m
./batch-template-generation.sh: line 85: ./template-generation-cycle.sh: No such file or directory
[0;31m2025-09-23 19:35:55 - Failed to process: insurance-optimization[0m
2025-09-23 19:35:55 - Waiting 2s before next template...
[0;34m2025-09-23 19:35:57 - Processing template: interior-design[0m
[0;34m2025-09-23 19:35:57 - Worktree: /Users/ikim1/Documents/GitHub/templata-interior-design[0m
./batch-template-generation.sh: line 85: ./template-generation-cycle.sh: No such file or directory
[0;31m2025-09-23 19:35:57 - Failed to process: interior-design[0m
2025-09-23 19:35:57 - Waiting 2s before next template...
