[0;34m2025-09-23 19:36:02 - Starting batch template generation[0m
=== Batch Template Generation Status ===
Total templates:      177
Processed: 0
Remaining: 177
Progress: 0%

Configuration:
  Batch size: 20
  Batch delay: 60s
  Template delay: 2s

Progress file: .batch-generation-progress
Log file: batch-generation.log
[0;34m2025-09-23 19:36:03 - Found 177 templates to process[0m
[0;34m2025-09-23 19:36:03 - Starting batch 1 (20 templates)[0m
[0;34m2025-09-23 19:36:03 - Processing template: 3d-printing[0m
[0;34m2025-09-23 19:36:03 - Worktree: /Users/ikim1/Documents/GitHub/templata-3d-printing[0m
[1;33m2025-09-23 19:36:03 - Template file already exists: src/data/template-3d-printing.ts[0m
2025-09-23 19:36:03 - Waiting 2s before next template...
[0;34m2025-09-23 19:36:05 - Processing template: academic-struggles[0m
[0;34m2025-09-23 19:36:05 - Worktree: /Users/ikim1/Documents/GitHub/templata-academic-struggles[0m
[1;33m2025-09-23 19:36:05 - Template file already exists: src/data/template-academic-struggles.ts[0m
2025-09-23 19:36:05 - Waiting 2s before next template...
[0;34m2025-09-23 19:36:07 - Processing template: addiction-family-support[0m
[0;34m2025-09-23 19:36:07 - Worktree: /Users/ikim1/Documents/GitHub/templata-addiction-family-support[0m
[1;33m2025-09-23 19:36:07 - Template file already exists: src/data/template-addiction-family-support.ts[0m
2025-09-23 19:36:07 - Waiting 2s before next template...
[0;34m2025-09-23 19:36:10 - Processing template: addiction-recovery[0m
[0;34m2025-09-23 19:36:10 - Worktree: /Users/ikim1/Documents/GitHub/templata-addiction-recovery[0m
[1;33m2025-09-23 19:36:10 - Template file already exists: src/data/template-addiction-recovery.ts[0m
2025-09-23 19:36:10 - Waiting 2s before next template...
[0;34m2025-09-23 19:36:12 - Processing template: affiliate-marketing[0m
[0;34m2025-09-23 19:36:12 - Worktree: /Users/ikim1/Documents/GitHub/templata-affiliate-marketing[0m
[1;33m2025-09-23 19:36:12 - Template file already exists: src/data/template-affiliate-marketing.ts[0m
2025-09-23 19:36:12 - Waiting 2s before next template...
[0;34m2025-09-23 19:36:14 - Processing template: aging-parent-care[0m
[0;34m2025-09-23 19:36:14 - Worktree: /Users/ikim1/Documents/GitHub/templata-aging-parent-care[0m
[1;33m2025-09-23 19:36:14 - Template file already exists: src/data/template-aging-parent-care.ts[0m
2025-09-23 19:36:14 - Waiting 2s before next template...
[0;34m2025-09-23 19:36:16 - Processing template: antique-collecting[0m
[0;34m2025-09-23 19:36:16 - Worktree: /Users/ikim1/Documents/GitHub/templata-antique-collecting[0m
[1;33m2025-09-23 19:36:16 - Template file already exists: src/data/template-antique-collecting.ts[0m
2025-09-23 19:36:16 - Waiting 2s before next template...
[0;34m2025-09-23 19:36:18 - Processing template: apartment-hunting[0m
[0;34m2025-09-23 19:36:18 - Worktree: /Users/ikim1/Documents/GitHub/templata-apartment-hunting[0m
[1;33m2025-09-23 19:36:18 - Template file already exists: src/data/template-apartment-hunting.ts[0m
2025-09-23 19:36:18 - Waiting 2s before next template...
[0;34m2025-09-23 19:36:20 - Processing template: app-development[0m
[0;34m2025-09-23 19:36:20 - Worktree: /Users/ikim1/Documents/GitHub/templata-app-development[0m
[1;33m2025-09-23 19:36:20 - Template file already exists: src/data/template-app-development.ts[0m
2025-09-23 19:36:20 - Waiting 2s before next template...
[0;34m2025-09-23 19:36:22 - Processing template: arduino-programming[0m
[0;34m2025-09-23 19:36:22 - Worktree: /Users/ikim1/Documents/GitHub/templata-arduino-programming[0m
[1;33m2025-09-23 19:36:22 - Template file already exists: src/data/template-arduino-programming.ts[0m
2025-09-23 19:36:22 - Waiting 2s before next template...
[0;34m2025-09-23 19:36:24 - Processing template: art-collecting[0m
[0;34m2025-09-23 19:36:24 - Worktree: /Users/ikim1/Documents/GitHub/templata-art-collecting[0m
[1;33m2025-09-23 19:36:24 - Template file already exists: src/data/template-art-collecting.ts[0m
2025-09-23 19:36:24 - Waiting 2s before next template...
[0;34m2025-09-23 19:36:26 - Processing template: art-portfolio[0m
[0;34m2025-09-23 19:36:26 - Worktree: /Users/ikim1/Documents/GitHub/templata-art-portfolio[0m
[1;33m2025-09-23 19:36:26 - Template file already exists: src/data/template-art-portfolio.ts[0m
2025-09-23 19:36:26 - Waiting 2s before next template...
[0;34m2025-09-23 19:36:28 - Processing template: astronomy-hobby[0m
[0;34m2025-09-23 19:36:28 - Worktree: /Users/ikim1/Documents/GitHub/templata-astronomy-hobby[0m
[1;33m2025-09-23 19:36:28 - Template file already exists: src/data/template-astronomy-hobby.ts[0m
2025-09-23 19:36:28 - Waiting 2s before next template...
[0;34m2025-09-23 19:36:30 - Processing template: baby-planning[0m
[0;34m2025-09-23 19:36:30 - Worktree: /Users/ikim1/Documents/GitHub/templata-baby-planning[0m
./batch-template-generation.sh: line 85: /template-generation-cycle.sh: No such file or directory
[0;31m2025-09-23 19:36:30 - Failed to process: baby-planning[0m
2025-09-23 19:36:30 - Waiting 2s before next template...
[0;34m2025-09-23 19:36:32 - Processing template: bankruptcy-recovery[0m
[0;34m2025-09-23 19:36:32 - Worktree: /Users/ikim1/Documents/GitHub/templata-bankruptcy-recovery[0m
[1;33m2025-09-23 19:36:32 - Template file already exists: src/data/template-bankruptcy-recovery.ts[0m
2025-09-23 19:36:32 - Waiting 2s before next template...
[0;34m2025-09-23 19:36:34 - Processing template: birdwatching[0m
[0;34m2025-09-23 19:36:34 - Worktree: /Users/ikim1/Documents/GitHub/templata-birdwatching[0m
[1;33m2025-09-23 19:36:34 - Template file already exists: src/data/template-birdwatching.ts[0m
2025-09-23 19:36:34 - Waiting 2s before next template...
[0;34m2025-09-23 19:36:36 - Processing template: blended-family[0m
[0;34m2025-09-23 19:36:36 - Worktree: /Users/ikim1/Documents/GitHub/templata-blended-family[0m
[1;33m2025-09-23 19:36:36 - Template file already exists: src/data/template-blended-family.ts[0m
2025-09-23 19:36:36 - Waiting 2s before next template...
[0;34m2025-09-23 19:36:38 - Processing template: blended-family-creation[0m
[0;34m2025-09-23 19:36:38 - Worktree: /Users/ikim1/Documents/GitHub/templata-blended-family-creation[0m
[1;33m2025-09-23 19:36:38 - Template file already exists: src/data/template-blended-family-creation.ts[0m
2025-09-23 19:36:38 - Waiting 2s before next template...
[0;34m2025-09-23 19:36:40 - Processing template: boat-maintenance[0m
[0;34m2025-09-23 19:36:40 - Worktree: /Users/ikim1/Documents/GitHub/templata-boat-maintenance[0m
[1;33m2025-09-23 19:36:40 - Template file already exists: src/data/template-boat-maintenance.ts[0m
2025-09-23 19:36:40 - Waiting 2s before next template...
[0;34m2025-09-23 19:36:42 - Processing template: book-club[0m
[0;34m2025-09-23 19:36:42 - Worktree: /Users/ikim1/Documents/GitHub/templata-book-club[0m
[1;33m2025-09-23 19:36:42 - Template file already exists: src/data/template-book-club.ts[0m
[0;32m2025-09-23 19:36:42 - Batch 1 complete: 19 processed, 1 failed[0m
[1;33m2025-09-23 19:36:42 - Batch completed with some failures[0m
[0;34m2025-09-23 19:36:42 - Waiting 60s before next batch...[0m
