[0;34m2025-09-23 19:28:06 - Starting batch template generation[0m
[0;34m2025-09-23 19:28:07 - Found 177 templates to process[0m
[0;34m2025-09-23 19:28:07 - Starting batch 1 (20 templates)[0m
[0;34m2025-09-23 19:28:07 - Processing template: 3d-printing[0m
[0;34m2025-09-23 19:28:07 - Worktree: /Users/ikim1/Documents/GitHub/templata-3d-printing[0m
[0;34m2025-09-23 19:28:18 - Starting batch template generation[0m
[0;34m2025-09-23 19:28:19 - Found 177 templates to process[0m
[0;34m2025-09-23 19:28:19 - Starting batch 1 (20 templates)[0m
[0;34m2025-09-23 19:28:19 - Processing template: 3d-printing[0m
[0;34m2025-09-23 19:28:19 - Worktree: /Users/ikim1/Documents/GitHub/templata-3d-printing[0m
[0;34m2025-09-23 19:28:51 - Starting batch template generation[0m
[0;34m2025-09-23 19:28:52 - Found 177 templates to process[0m
[0;34m2025-09-23 19:28:52 - Starting batch 1 (20 templates)[0m
[0;34m2025-09-23 19:28:52 - Processing template: 3d-printing[0m
[0;34m2025-09-23 19:28:52 - Worktree: /Users/ikim1/Documents/GitHub/templata-3d-printing[0m
[0;34m2025-09-23 19:36:02 - Starting batch template generation[0m
[0;34m2025-09-23 19:36:03 - Found 177 templates to process[0m
[0;34m2025-09-23 19:36:03 - Starting batch 1 (20 templates)[0m
[0;34m2025-09-23 19:36:03 - Processing template: 3d-printing[0m
[0;34m2025-09-23 19:36:03 - Worktree: /Users/ikim1/Documents/GitHub/templata-3d-printing[0m
[0;34m2025-09-23 19:37:32 - Starting batch template generation[0m
[0;34m2025-09-23 19:37:33 - Found 177 templates to process[0m
[0;34m2025-09-23 19:37:33 - Starting batch 1 (20 templates)[0m
[0;34m2025-09-23 19:37:33 - Processing template: 3d-printing[0m
[0;34m2025-09-23 19:37:33 - Worktree: /Users/ikim1/Documents/GitHub/templata-3d-printing[0m
