[0;34m2025-09-19 19:03:08 - Starting Prompt Generation Cycle for template: education-learning[0m
[0;32m2025-09-19 19:03:08 - Using existing worktree: ../templata-education-learning[0m
[1;33m2025-09-19 19:03:08 - Creating template prompt file: prompts-education-learning.ts[0m
[0;34m2025-09-19 19:11:38 - Starting Prompt Generation Cycle for template: education-learning[0m
[0;32m2025-09-19 19:11:38 - Using existing worktree: ../templata-education-learning[0m
[1;33m2025-09-19 19:11:38 - Creating template prompt file: prompts-education-learning.ts[0m
[0;34m2025-09-19 19:16:39 - Starting Prompt Generation Cycle for template: education-learning[0m
[0;32m2025-09-19 19:16:39 - Using existing worktree: ../templata-education-learning[0m
[1;33m2025-09-19 19:16:39 - Creating template prompt file: prompts-education-learning.ts[0m
[0;32m2025-09-19 19:16:39 - Created template prompt file: ../templata-education-learning/src/data/prompts-education-learning.ts[0m
[0;34m2025-09-19 19:16:39 - Generating prompt #1 (Section 1, Prompt 1/17)[0m
[1;33m2025-09-19 19:16:39 - Running prompt generation...[0m
PROMPT GENERATION COMPLETE - Prompt #1
[0;32m2025-09-19 19:17:02 - Completed prompt #1[0m
[0;34m2025-09-19 19:17:07 - Generating prompt #2 (Section 1, Prompt 2/17)[0m
[1;33m2025-09-19 19:17:07 - Running prompt generation...[0m
PROMPT GENERATION COMPLETE - Prompt #2
[0;32m2025-09-19 19:17:35 - Completed prompt #2[0m
[0;34m2025-09-19 19:17:40 - Generating prompt #3 (Section 1, Prompt 3/17)[0m
[1;33m2025-09-19 19:17:40 - Running prompt generation...[0m
PROMPT GENERATION COMPLETE - Prompt #3
[0;32m2025-09-19 19:18:04 - Completed prompt #3[0m
[0;34m2025-09-19 19:18:10 - Generating prompt #4 (Section 1, Prompt 4/17)[0m
[1;33m2025-09-19 19:18:10 - Running prompt generation...[0m
PROMPT GENERATION COMPLETE - Prompt #4
[0;32m2025-09-19 19:18:33 - Completed prompt #4[0m
[0;34m2025-09-19 19:18:38 - Generating prompt #5 (Section 1, Prompt 5/17)[0m
[1;33m2025-09-19 19:18:38 - Running prompt generation...[0m
PROMPT GENERATION COMPLETE - Prompt #5
[0;32m2025-09-19 19:19:04 - Completed prompt #5[0m
[0;34m2025-09-19 19:19:09 - Generating prompt #6 (Section 1, Prompt 6/17)[0m
[1;33m2025-09-19 19:19:09 - Running prompt generation...[0m
PROMPT GENERATION COMPLETE - Prompt #6
[0;32m2025-09-19 19:19:33 - Completed prompt #6[0m
[0;34m2025-09-19 19:19:38 - Generating prompt #7 (Section 1, Prompt 7/17)[0m
[1;33m2025-09-19 19:19:38 - Running prompt generation...[0m
PROMPT GENERATION COMPLETE - Prompt #7
[0;32m2025-09-19 19:20:00 - Completed prompt #7[0m
[0;34m2025-09-19 19:20:05 - Generating prompt #8 (Section 1, Prompt 8/17)[0m
[1;33m2025-09-19 19:20:06 - Running prompt generation...[0m
PROMPT GENERATION COMPLETE - Prompt #8
[0;32m2025-09-19 19:20:31 - Completed prompt #8[0m
[0;34m2025-09-19 19:20:37 - Generating prompt #9 (Section 1, Prompt 9/17)[0m
[1;33m2025-09-19 19:20:37 - Running prompt generation...[0m
PROMPT GENERATION COMPLETE - Prompt #9
[0;32m2025-09-19 19:21:03 - Completed prompt #9[0m
[0;34m2025-09-19 19:21:08 - Generating prompt #10 (Section 1, Prompt 10/17)[0m
[1;33m2025-09-19 19:21:08 - Running prompt generation...[0m
PROMPT GENERATION COMPLETE - Prompt #10
[0;32m2025-09-19 19:21:38 - Completed prompt #10[0m
[0;34m2025-09-19 19:21:43 - Generating prompt #11 (Section 1, Prompt 11/17)[0m
[1;33m2025-09-19 19:21:43 - Running prompt generation...[0m
PROMPT GENERATION COMPLETE - Prompt #11
[0;32m2025-09-19 19:22:06 - Completed prompt #11[0m
[0;34m2025-09-19 19:22:11 - Generating prompt #12 (Section 1, Prompt 12/17)[0m
[1;33m2025-09-19 19:22:11 - Running prompt generation...[0m
PROMPT GENERATION COMPLETE - Prompt #12
[0;32m2025-09-19 19:22:37 - Completed prompt #12[0m
[0;34m2025-09-19 19:22:42 - Generating prompt #13 (Section 1, Prompt 13/17)[0m
[1;33m2025-09-19 19:22:42 - Running prompt generation...[0m
PROMPT GENERATION COMPLETE - Prompt #13
[0;32m2025-09-19 19:23:09 - Completed prompt #13[0m
[0;34m2025-09-19 19:23:14 - Generating prompt #14 (Section 1, Prompt 14/17)[0m
[1;33m2025-09-19 19:23:14 - Running prompt generation...[0m
PROMPT GENERATION COMPLETE - Prompt #14
[0;32m2025-09-19 19:23:43 - Completed prompt #14[0m
[0;34m2025-09-19 19:23:48 - Generating prompt #15 (Section 1, Prompt 15/17)[0m
[1;33m2025-09-19 19:23:48 - Running prompt generation...[0m
PROMPT GENERATION COMPLETE - Prompt #15
[0;32m2025-09-19 19:24:15 - Completed prompt #15[0m
[0;34m2025-09-19 19:24:20 - Generating prompt #16 (Section 1, Prompt 16/17)[0m
[1;33m2025-09-19 19:24:20 - Running prompt generation...[0m
PROMPT GENERATION COMPLETE - Prompt #16
[0;32m2025-09-19 19:24:53 - Completed prompt #16[0m
[0;34m2025-09-19 19:24:58 - Generating prompt #17 (Section 1, Prompt 17/17)[0m
[1;33m2025-09-19 19:24:58 - Running prompt generation...[0m
PROMPT GENERATION COMPLETE - Prompt #17
[0;34m2025-09-20 00:04:09 - Starting Prompt Generation Cycle for template: education-learning[0m
[0;32m2025-09-20 00:04:09 - Using existing worktree: ../templata-education-learning[0m
[0;34m2025-09-20 00:04:09 - Generating prompt #18 (Section 2, Prompt 1/17)[0m
[1;33m2025-09-20 00:04:09 - Running prompt generation...[0m
PROMPT GENERATION COMPLETE - Prompt #18
[0;32m2025-09-20 00:04:35 - Completed prompt #18[0m
[0;34m2025-09-20 00:04:40 - Generating prompt #19 (Section 2, Prompt 2/17)[0m
[1;33m2025-09-20 00:04:41 - Running prompt generation...[0m
PROMPT GENERATION COMPLETE - Prompt #19
[0;32m2025-09-20 00:05:37 - Completed prompt #19[0m
[0;34m2025-09-20 00:05:42 - Generating prompt #20 (Section 2, Prompt 3/17)[0m
[1;33m2025-09-20 00:05:42 - Running prompt generation...[0m
PROMPT GENERATION COMPLETE - Prompt #20
[0;32m2025-09-20 00:06:30 - Completed prompt #20[0m
[0;34m2025-09-20 00:06:35 - Generating prompt #21 (Section 2, Prompt 4/17)[0m
[1;33m2025-09-20 00:06:36 - Running prompt generation...[0m
PROMPT GENERATION COMPLETE - Prompt #21
[0;32m2025-09-20 00:07:23 - Completed prompt #21[0m
[0;34m2025-09-20 00:07:28 - Generating prompt #22 (Section 2, Prompt 5/17)[0m
[1;33m2025-09-20 00:07:29 - Running prompt generation...[0m
PROMPT GENERATION COMPLETE - Prompt #22
[0;32m2025-09-20 00:08:09 - Completed prompt #22[0m
[0;34m2025-09-20 00:08:14 - Generating prompt #23 (Section 2, Prompt 6/17)[0m
[1;33m2025-09-20 00:08:14 - Running prompt generation...[0m
PROMPT GENERATION COMPLETE - Prompt #23
[0;32m2025-09-20 00:08:49 - Completed prompt #23[0m
[0;34m2025-09-20 00:08:54 - Generating prompt #24 (Section 2, Prompt 7/17)[0m
[1;33m2025-09-20 00:08:54 - Running prompt generation...[0m
PROMPT GENERATION COMPLETE - Prompt #24
[0;32m2025-09-20 00:09:28 - Completed prompt #24[0m
[0;34m2025-09-20 00:09:33 - Generating prompt #25 (Section 2, Prompt 8/17)[0m
[1;33m2025-09-20 00:09:33 - Running prompt generation...[0m
PROMPT GENERATION COMPLETE - Prompt #25
[0;32m2025-09-20 00:10:19 - Completed prompt #25[0m
[0;34m2025-09-20 00:10:24 - Generating prompt #26 (Section 2, Prompt 9/17)[0m
[1;33m2025-09-20 00:10:24 - Running prompt generation...[0m
PROMPT GENERATION COMPLETE - Prompt #26
[0;32m2025-09-20 00:10:56 - Completed prompt #26[0m
[0;34m2025-09-20 00:11:01 - Generating prompt #27 (Section 2, Prompt 10/17)[0m
[1;33m2025-09-20 00:11:02 - Running prompt generation...[0m
[0;34m2025-09-20 00:11:35 - Starting Prompt Generation Cycle for template: education-learning[0m
[0;32m2025-09-20 00:11:35 - Using existing worktree: ../templata-education-learning[0m
[0;34m2025-09-20 00:11:35 - Generating prompt #27 (Section 2, Prompt 10/17)[0m
[1;33m2025-09-20 00:11:36 - Running prompt generation...[0m
PROMPT GENERATION COMPLETE - Prompt #27
[0;32m2025-09-20 00:11:42 - Completed prompt #27[0m
[0;34m2025-09-20 00:11:48 - Generating prompt #28 (Section 2, Prompt 11/17)[0m
[1;33m2025-09-20 00:11:50 - Running prompt generation...[0m
