[0;34m2025-09-19 20:10:23 - Starting Prompt Generation Cycle for template: weight-loss[0m
[0;32m2025-09-19 20:10:23 - Using existing worktree: ../templata-weight-loss[0m
[1;33m2025-09-19 20:10:23 - Creating template prompt file: prompts-weight-loss.ts[0m
[0;32m2025-09-19 20:10:23 - Created template prompt file: ../templata-weight-loss/src/data/prompts-weight-loss.ts[0m
[0;34m2025-09-19 20:10:23 - Generating prompt #1 (Section 1, Prompt 1/17)[0m
[1;33m2025-09-19 20:10:23 - Running prompt generation...[0m
PROMPT GENERATION COMPLETE - Prompt #1
[0;32m2025-09-19 20:10:40 - Completed prompt #1[0m
[0;34m2025-09-19 20:10:45 - Generating prompt #2 (Section 1, Prompt 2/17)[0m
[1;33m2025-09-19 20:10:45 - Running prompt generation...[0m
PROMPT GENERATION COMPLETE - Prompt #2
[0;32m2025-09-19 20:11:05 - Completed prompt #2[0m
[0;34m2025-09-19 20:11:11 - Generating prompt #3 (Section 1, Prompt 3/17)[0m
[1;33m2025-09-19 20:11:11 - Running prompt generation...[0m
PROMPT GENERATION COMPLETE - Prompt #3
[0;32m2025-09-19 20:11:30 - Completed prompt #3[0m
[0;34m2025-09-19 20:11:35 - Generating prompt #4 (Section 1, Prompt 4/17)[0m
[1;33m2025-09-19 20:11:35 - Running prompt generation...[0m
PROMPT GENERATION COMPLETE - Prompt #4
[0;32m2025-09-19 20:11:55 - Completed prompt #4[0m
[0;34m2025-09-19 20:12:00 - Generating prompt #5 (Section 1, Prompt 5/17)[0m
[1;33m2025-09-19 20:12:00 - Running prompt generation...[0m
PROMPT GENERATION COMPLETE - Prompt #5
[0;32m2025-09-19 20:12:20 - Completed prompt #5[0m
[0;34m2025-09-19 20:12:25 - Generating prompt #6 (Section 1, Prompt 6/17)[0m
[1;33m2025-09-19 20:12:25 - Running prompt generation...[0m
PROMPT GENERATION COMPLETE - Prompt #6
[0;32m2025-09-19 20:12:46 - Completed prompt #6[0m
[0;34m2025-09-19 20:12:51 - Generating prompt #7 (Section 1, Prompt 7/17)[0m
[1;33m2025-09-19 20:12:51 - Running prompt generation...[0m
PROMPT GENERATION COMPLETE - Prompt #7
[0;32m2025-09-19 20:13:11 - Completed prompt #7[0m
[0;34m2025-09-19 20:13:16 - Generating prompt #8 (Section 1, Prompt 8/17)[0m
[1;33m2025-09-19 20:13:16 - Running prompt generation...[0m
PROMPT GENERATION COMPLETE - Prompt #8
[0;32m2025-09-19 20:13:37 - Completed prompt #8[0m
[0;34m2025-09-19 20:13:42 - Generating prompt #9 (Section 1, Prompt 9/17)[0m
[1;33m2025-09-19 20:13:42 - Running prompt generation...[0m
PROMPT GENERATION COMPLETE - Prompt #9
[0;32m2025-09-19 20:14:02 - Completed prompt #9[0m
[0;34m2025-09-19 20:14:07 - Generating prompt #10 (Section 1, Prompt 10/17)[0m
[1;33m2025-09-19 20:14:07 - Running prompt generation...[0m
PROMPT GENERATION COMPLETE - Prompt #10
[0;32m2025-09-19 20:14:28 - Completed prompt #10[0m
[0;34m2025-09-19 20:14:33 - Generating prompt #11 (Section 1, Prompt 11/17)[0m
[1;33m2025-09-19 20:14:33 - Running prompt generation...[0m
PROMPT GENERATION COMPLETE - Prompt #11
[0;32m2025-09-19 20:14:54 - Completed prompt #11[0m
[0;34m2025-09-19 20:14:59 - Generating prompt #12 (Section 1, Prompt 12/17)[0m
[1;33m2025-09-19 20:14:59 - Running prompt generation...[0m
PROMPT GENERATION COMPLETE - Prompt #12
[0;32m2025-09-19 20:15:21 - Completed prompt #12[0m
[0;34m2025-09-19 20:15:26 - Generating prompt #13 (Section 1, Prompt 13/17)[0m
[1;33m2025-09-19 20:15:26 - Running prompt generation...[0m
PROMPT GENERATION COMPLETE - Prompt #13
[0;32m2025-09-19 20:15:49 - Completed prompt #13[0m
[0;34m2025-09-19 20:15:54 - Generating prompt #14 (Section 1, Prompt 14/17)[0m
[1;33m2025-09-19 20:15:54 - Running prompt generation...[0m
PROMPT GENERATION COMPLETE - Prompt #14
[0;32m2025-09-19 20:16:17 - Completed prompt #14[0m
[0;34m2025-09-19 20:16:22 - Generating prompt #15 (Section 1, Prompt 15/17)[0m
[1;33m2025-09-19 20:16:22 - Running prompt generation...[0m
PROMPT GENERATION COMPLETE - Prompt #15
[0;32m2025-09-19 20:16:44 - Completed prompt #15[0m
[0;34m2025-09-19 20:16:49 - Generating prompt #16 (Section 1, Prompt 16/17)[0m
[1;33m2025-09-19 20:16:49 - Running prompt generation...[0m
PROMPT GENERATION COMPLETE - Prompt #16
[0;32m2025-09-19 20:17:12 - Completed prompt #16[0m
[0;34m2025-09-19 20:17:17 - Generating prompt #17 (Section 1, Prompt 17/17)[0m
[1;33m2025-09-19 20:17:17 - Running prompt generation...[0m
PROMPT GENERATION COMPLETE - Prompt #17
[0;32m2025-09-19 20:17:42 - Completed prompt #17[0m
[0;34m2025-09-19 20:17:47 - Generating prompt #18 (Section 2, Prompt 1/17)[0m
[1;33m2025-09-19 20:17:47 - Running prompt generation...[0m
PROMPT GENERATION COMPLETE - Prompt #18
[0;32m2025-09-19 20:18:12 - Completed prompt #18[0m
[0;34m2025-09-19 20:18:17 - Generating prompt #19 (Section 2, Prompt 2/17)[0m
[1;33m2025-09-19 20:18:17 - Running prompt generation...[0m
PROMPT GENERATION COMPLETE - Prompt #19
[0;32m2025-09-19 20:18:40 - Completed prompt #19[0m
[0;34m2025-09-19 20:18:45 - Generating prompt #20 (Section 2, Prompt 3/17)[0m
[1;33m2025-09-19 20:18:45 - Running prompt generation...[0m
PROMPT GENERATION COMPLETE - Prompt #20
[0;32m2025-09-19 20:19:07 - Completed prompt #20[0m
[0;34m2025-09-19 20:19:12 - Generating prompt #21 (Section 2, Prompt 4/17)[0m
[1;33m2025-09-19 20:19:12 - Running prompt generation...[0m
PROMPT GENERATION COMPLETE - Prompt #21
[0;32m2025-09-19 20:19:35 - Completed prompt #21[0m
[0;34m2025-09-19 20:19:40 - Generating prompt #22 (Section 2, Prompt 5/17)[0m
[1;33m2025-09-19 20:19:40 - Running prompt generation...[0m
PROMPT GENERATION COMPLETE - Prompt #22
[0;32m2025-09-19 20:20:03 - Completed prompt #22[0m
[0;34m2025-09-19 20:20:08 - Generating prompt #23 (Section 2, Prompt 6/17)[0m
[1;33m2025-09-19 20:20:08 - Running prompt generation...[0m
PROMPT GENERATION COMPLETE - Prompt #23
[0;32m2025-09-19 20:20:30 - Completed prompt #23[0m
[0;34m2025-09-19 20:20:35 - Generating prompt #24 (Section 2, Prompt 7/17)[0m
[1;33m2025-09-19 20:20:35 - Running prompt generation...[0m
PROMPT GENERATION COMPLETE - Prompt #24
[0;32m2025-09-19 20:20:58 - Completed prompt #24[0m
[0;34m2025-09-19 20:21:04 - Generating prompt #25 (Section 2, Prompt 8/17)[0m
[1;33m2025-09-19 20:21:04 - Running prompt generation...[0m
PROMPT GENERATION COMPLETE - Prompt #25
[0;32m2025-09-19 20:21:27 - Completed prompt #25[0m
[0;34m2025-09-19 20:21:32 - Generating prompt #26 (Section 2, Prompt 9/17)[0m
[1;33m2025-09-19 20:21:32 - Running prompt generation...[0m
PROMPT GENERATION COMPLETE - Prompt #26
[0;32m2025-09-19 20:21:59 - Completed prompt #26[0m
[0;34m2025-09-19 20:22:04 - Generating prompt #27 (Section 2, Prompt 10/17)[0m
[1;33m2025-09-19 20:22:04 - Running prompt generation...[0m
PROMPT GENERATION COMPLETE - Prompt #27
[0;32m2025-09-19 20:22:26 - Completed prompt #27[0m
[0;34m2025-09-19 20:22:31 - Generating prompt #28 (Section 2, Prompt 11/17)[0m
[1;33m2025-09-19 20:22:31 - Running prompt generation...[0m
PROMPT GENERATION COMPLETE - Prompt #28
[0;32m2025-09-19 20:22:55 - Completed prompt #28[0m
[0;34m2025-09-19 20:23:00 - Generating prompt #29 (Section 2, Prompt 12/17)[0m
[1;33m2025-09-19 20:23:00 - Running prompt generation...[0m
PROMPT GENERATION COMPLETE - Prompt #29
[0;32m2025-09-19 20:23:19 - Completed prompt #29[0m
[0;34m2025-09-19 20:23:24 - Generating prompt #30 (Section 2, Prompt 13/17)[0m
[1;33m2025-09-19 20:23:24 - Running prompt generation...[0m
PROMPT GENERATION COMPLETE - Prompt #30
[0;32m2025-09-19 20:23:48 - Completed prompt #30[0m
[0;34m2025-09-19 20:23:53 - Generating prompt #31 (Section 2, Prompt 14/17)[0m
[1;33m2025-09-19 20:23:53 - Running prompt generation...[0m
PROMPT GENERATION COMPLETE - Prompt #31
[0;32m2025-09-19 20:24:16 - Completed prompt #31[0m
[0;34m2025-09-19 20:24:21 - Generating prompt #32 (Section 2, Prompt 15/17)[0m
[1;33m2025-09-19 20:24:21 - Running prompt generation...[0m
PROMPT GENERATION COMPLETE - Prompt #32
[0;32m2025-09-19 20:24:44 - Completed prompt #32[0m
[0;34m2025-09-19 20:24:49 - Generating prompt #33 (Section 2, Prompt 16/17)[0m
[1;33m2025-09-19 20:24:49 - Running prompt generation...[0m
PROMPT GENERATION COMPLETE - Prompt #33
[0;32m2025-09-19 20:25:14 - Completed prompt #33[0m
[0;34m2025-09-19 20:25:19 - Generating prompt #34 (Section 2, Prompt 17/17)[0m
[1;33m2025-09-19 20:25:19 - Running prompt generation...[0m
PROMPT GENERATION COMPLETE - Prompt #34
[0;32m2025-09-19 20:25:43 - Completed prompt #34[0m
[0;34m2025-09-19 20:25:48 - Generating prompt #35 (Section 3, Prompt 1/17)[0m
[1;33m2025-09-19 20:25:48 - Running prompt generation...[0m
PROMPT GENERATION COMPLETE - Prompt #35
[0;32m2025-09-19 20:26:12 - Completed prompt #35[0m
[0;34m2025-09-19 20:26:17 - Generating prompt #36 (Section 3, Prompt 2/17)[0m
[1;33m2025-09-19 20:26:17 - Running prompt generation...[0m
PROMPT GENERATION COMPLETE - Prompt #36
[0;32m2025-09-19 20:26:42 - Completed prompt #36[0m
[0;34m2025-09-19 20:26:47 - Generating prompt #37 (Section 3, Prompt 3/17)[0m
[1;33m2025-09-19 20:26:47 - Running prompt generation...[0m
PROMPT GENERATION COMPLETE - Prompt #37
[0;32m2025-09-19 20:27:10 - Completed prompt #37[0m
[0;34m2025-09-19 20:27:15 - Generating prompt #38 (Section 3, Prompt 4/17)[0m
[1;33m2025-09-19 20:27:15 - Running prompt generation...[0m
PROMPT GENERATION COMPLETE - Prompt #38
[0;32m2025-09-19 20:27:38 - Completed prompt #38[0m
[0;34m2025-09-19 20:27:43 - Generating prompt #39 (Section 3, Prompt 5/17)[0m
[1;33m2025-09-19 20:27:43 - Running prompt generation...[0m
PROMPT GENERATION COMPLETE - Prompt #39
[0;32m2025-09-19 20:28:06 - Completed prompt #39[0m
[0;34m2025-09-19 20:28:11 - Generating prompt #40 (Section 3, Prompt 6/17)[0m
[1;33m2025-09-19 20:28:11 - Running prompt generation...[0m
PROMPT GENERATION COMPLETE - Prompt #40
[0;32m2025-09-19 20:28:35 - Completed prompt #40[0m
[0;34m2025-09-19 20:28:40 - Generating prompt #41 (Section 3, Prompt 7/17)[0m
[1;33m2025-09-19 20:28:40 - Running prompt generation...[0m
PROMPT GENERATION COMPLETE - Prompt #41
[0;32m2025-09-19 20:29:00 - Completed prompt #41[0m
[0;34m2025-09-19 20:29:05 - Generating prompt #42 (Section 3, Prompt 8/17)[0m
[1;33m2025-09-19 20:29:05 - Running prompt generation...[0m
PROMPT GENERATION COMPLETE - Prompt #42
[0;32m2025-09-19 20:29:24 - Completed prompt #42[0m
[0;34m2025-09-19 20:29:29 - Generating prompt #43 (Section 3, Prompt 9/17)[0m
[1;33m2025-09-19 20:29:29 - Running prompt generation...[0m
PROMPT GENERATION COMPLETE - Prompt #43
[0;32m2025-09-19 20:29:47 - Completed prompt #43[0m
[0;34m2025-09-19 20:29:52 - Generating prompt #44 (Section 3, Prompt 10/17)[0m
[1;33m2025-09-19 20:29:53 - Running prompt generation...[0m
PROMPT GENERATION COMPLETE - Prompt #44
[0;32m2025-09-19 20:30:25 - Completed prompt #44[0m
[0;34m2025-09-19 20:30:30 - Generating prompt #45 (Section 3, Prompt 11/17)[0m
[1;33m2025-09-19 20:30:30 - Running prompt generation...[0m
PROMPT GENERATION COMPLETE - Prompt #45
[0;32m2025-09-19 20:30:52 - Completed prompt #45[0m
[0;34m2025-09-19 20:30:57 - Generating prompt #46 (Section 3, Prompt 12/17)[0m
[1;33m2025-09-19 20:30:57 - Running prompt generation...[0m
5-hour limit reached ∙ resets 12am
[0;32m2025-09-19 20:31:03 - Completed prompt #46[0m
[0;34m2025-09-19 20:31:08 - Generating prompt #47 (Section 3, Prompt 13/17)[0m
[1;33m2025-09-19 20:31:08 - Running prompt generation...[0m
5-hour limit reached ∙ resets 12am
[0;32m2025-09-19 20:31:15 - Completed prompt #47[0m
[0;34m2025-09-19 20:31:20 - Generating prompt #48 (Section 3, Prompt 14/17)[0m
[1;33m2025-09-19 20:31:20 - Running prompt generation...[0m
5-hour limit reached ∙ resets 12am
[0;32m2025-09-19 20:31:28 - Completed prompt #48[0m
[0;34m2025-09-19 20:31:33 - Generating prompt #49 (Section 3, Prompt 15/17)[0m
[1;33m2025-09-19 20:31:33 - Running prompt generation...[0m
5-hour limit reached ∙ resets 12am
[0;32m2025-09-19 20:31:42 - Completed prompt #49[0m
[0;34m2025-09-19 20:31:47 - Generating prompt #50 (Section 3, Prompt 16/17)[0m
[1;33m2025-09-19 20:31:47 - Running prompt generation...[0m
5-hour limit reached ∙ resets 12am
[0;32m2025-09-19 20:31:55 - Completed prompt #50[0m
[0;34m2025-09-19 20:32:00 - Generating prompt #51 (Section 3, Prompt 17/17)[0m
[1;33m2025-09-19 20:32:00 - Running prompt generation...[0m
5-hour limit reached ∙ resets 12am
[0;32m2025-09-19 20:32:08 - Completed prompt #51[0m
[0;34m2025-09-19 20:32:13 - Generating prompt #52 (Section 4, Prompt 1/17)[0m
[1;33m2025-09-19 20:32:13 - Running prompt generation...[0m
5-hour limit reached ∙ resets 12am
[0;32m2025-09-19 20:32:21 - Completed prompt #52[0m
[0;34m2025-09-19 20:32:26 - Generating prompt #53 (Section 4, Prompt 2/17)[0m
[1;33m2025-09-19 20:32:26 - Running prompt generation...[0m
5-hour limit reached ∙ resets 12am
[0;32m2025-09-19 20:32:35 - Completed prompt #53[0m
[0;34m2025-09-19 20:32:40 - Generating prompt #54 (Section 4, Prompt 3/17)[0m
[1;33m2025-09-19 20:32:40 - Running prompt generation...[0m
5-hour limit reached ∙ resets 12am
[0;32m2025-09-19 20:32:48 - Completed prompt #54[0m
[0;34m2025-09-19 20:32:53 - Generating prompt #55 (Section 4, Prompt 4/17)[0m
[1;33m2025-09-19 20:32:53 - Running prompt generation...[0m
5-hour limit reached ∙ resets 12am
[0;32m2025-09-19 20:33:02 - Completed prompt #55[0m
[0;34m2025-09-19 20:33:08 - Generating prompt #56 (Section 4, Prompt 5/17)[0m
[1;33m2025-09-19 20:33:08 - Running prompt generation...[0m
5-hour limit reached ∙ resets 12am
[0;32m2025-09-19 20:33:17 - Completed prompt #56[0m
[0;34m2025-09-19 20:33:22 - Generating prompt #57 (Section 4, Prompt 6/17)[0m
[1;33m2025-09-19 20:33:22 - Running prompt generation...[0m
5-hour limit reached ∙ resets 12am
[0;32m2025-09-19 20:33:30 - Completed prompt #57[0m
[0;34m2025-09-19 20:33:35 - Generating prompt #58 (Section 4, Prompt 7/17)[0m
[1;33m2025-09-19 20:33:35 - Running prompt generation...[0m
5-hour limit reached ∙ resets 12am
[0;32m2025-09-19 20:33:43 - Completed prompt #58[0m
[0;34m2025-09-19 20:33:48 - Generating prompt #59 (Section 4, Prompt 8/17)[0m
[1;33m2025-09-19 20:33:48 - Running prompt generation...[0m
5-hour limit reached ∙ resets 12am
[0;32m2025-09-19 20:33:56 - Completed prompt #59[0m
[0;34m2025-09-19 20:34:01 - Generating prompt #60 (Section 4, Prompt 9/17)[0m
[1;33m2025-09-19 20:34:02 - Running prompt generation...[0m
5-hour limit reached ∙ resets 12am
[0;32m2025-09-19 20:34:11 - Completed prompt #60[0m
[0;34m2025-09-19 20:34:16 - Generating prompt #61 (Section 4, Prompt 10/17)[0m
[1;33m2025-09-19 20:34:16 - Running prompt generation...[0m
5-hour limit reached ∙ resets 12am
[0;32m2025-09-19 20:34:25 - Completed prompt #61[0m
[0;34m2025-09-19 20:34:30 - Generating prompt #62 (Section 4, Prompt 11/17)[0m
[1;33m2025-09-19 20:34:30 - Running prompt generation...[0m
5-hour limit reached ∙ resets 12am
[0;32m2025-09-19 20:34:39 - Completed prompt #62[0m
[0;34m2025-09-19 20:34:44 - Generating prompt #63 (Section 4, Prompt 12/17)[0m
[1;33m2025-09-19 20:34:44 - Running prompt generation...[0m
5-hour limit reached ∙ resets 12am
[0;32m2025-09-19 20:34:52 - Completed prompt #63[0m
[0;34m2025-09-19 20:34:57 - Generating prompt #64 (Section 4, Prompt 13/17)[0m
[1;33m2025-09-19 20:34:57 - Running prompt generation...[0m
5-hour limit reached ∙ resets 12am
[0;32m2025-09-19 20:35:05 - Completed prompt #64[0m
[0;34m2025-09-19 20:35:11 - Generating prompt #65 (Section 4, Prompt 14/17)[0m
[1;33m2025-09-19 20:35:11 - Running prompt generation...[0m
5-hour limit reached ∙ resets 12am
[0;32m2025-09-19 20:35:19 - Completed prompt #65[0m
[0;34m2025-09-19 20:35:24 - Generating prompt #66 (Section 4, Prompt 15/17)[0m
[1;33m2025-09-19 20:35:24 - Running prompt generation...[0m
5-hour limit reached ∙ resets 12am
[0;32m2025-09-19 20:35:33 - Completed prompt #66[0m
[0;34m2025-09-19 20:35:38 - Generating prompt #67 (Section 4, Prompt 16/17)[0m
[1;33m2025-09-19 20:35:38 - Running prompt generation...[0m
5-hour limit reached ∙ resets 12am
[0;32m2025-09-19 20:35:46 - Completed prompt #67[0m
[0;34m2025-09-19 20:35:51 - Generating prompt #68 (Section 4, Prompt 17/17)[0m
[1;33m2025-09-19 20:35:51 - Running prompt generation...[0m
5-hour limit reached ∙ resets 12am
[0;32m2025-09-19 20:36:00 - Completed prompt #68[0m
[0;34m2025-09-19 20:36:05 - Generating prompt #69 (Section 5, Prompt 1/17)[0m
[1;33m2025-09-19 20:36:05 - Running prompt generation...[0m
5-hour limit reached ∙ resets 12am
[0;32m2025-09-19 20:36:14 - Completed prompt #69[0m
[0;34m2025-09-19 20:36:19 - Generating prompt #70 (Section 5, Prompt 2/17)[0m
[1;33m2025-09-19 20:36:19 - Running prompt generation...[0m
5-hour limit reached ∙ resets 12am
[0;32m2025-09-19 20:36:27 - Completed prompt #70[0m
[0;34m2025-09-19 20:36:32 - Generating prompt #71 (Section 5, Prompt 3/17)[0m
[1;33m2025-09-19 20:36:33 - Running prompt generation...[0m
5-hour limit reached ∙ resets 12am
[0;32m2025-09-19 20:36:41 - Completed prompt #71[0m
[0;34m2025-09-19 20:36:46 - Generating prompt #72 (Section 5, Prompt 4/17)[0m
[1;33m2025-09-19 20:36:46 - Running prompt generation...[0m
5-hour limit reached ∙ resets 12am
[0;32m2025-09-19 20:36:55 - Completed prompt #72[0m
[0;34m2025-09-19 20:37:00 - Generating prompt #73 (Section 5, Prompt 5/17)[0m
[1;33m2025-09-19 20:37:00 - Running prompt generation...[0m
5-hour limit reached ∙ resets 12am
[0;32m2025-09-19 20:37:08 - Completed prompt #73[0m
[0;34m2025-09-19 20:37:13 - Generating prompt #74 (Section 5, Prompt 6/17)[0m
[1;33m2025-09-19 20:37:13 - Running prompt generation...[0m
5-hour limit reached ∙ resets 12am
[0;32m2025-09-19 20:37:22 - Completed prompt #74[0m
[0;34m2025-09-19 20:37:27 - Generating prompt #75 (Section 5, Prompt 7/17)[0m
[1;33m2025-09-19 20:37:27 - Running prompt generation...[0m
5-hour limit reached ∙ resets 12am
[0;32m2025-09-19 20:37:36 - Completed prompt #75[0m
[0;34m2025-09-19 20:37:41 - Generating prompt #76 (Section 5, Prompt 8/17)[0m
[1;33m2025-09-19 20:37:41 - Running prompt generation...[0m
5-hour limit reached ∙ resets 12am
[0;32m2025-09-19 20:37:51 - Completed prompt #76[0m
[0;34m2025-09-19 20:37:56 - Generating prompt #77 (Section 5, Prompt 9/17)[0m
[1;33m2025-09-19 20:37:56 - Running prompt generation...[0m
5-hour limit reached ∙ resets 12am
[0;32m2025-09-19 20:38:04 - Completed prompt #77[0m
[0;34m2025-09-19 20:38:09 - Generating prompt #78 (Section 5, Prompt 10/17)[0m
[1;33m2025-09-19 20:38:10 - Running prompt generation...[0m
5-hour limit reached ∙ resets 12am
[0;32m2025-09-19 20:38:19 - Completed prompt #78[0m
[0;34m2025-09-19 20:38:24 - Generating prompt #79 (Section 5, Prompt 11/17)[0m
[1;33m2025-09-19 20:38:24 - Running prompt generation...[0m
5-hour limit reached ∙ resets 12am
[0;32m2025-09-19 20:38:34 - Completed prompt #79[0m
[0;34m2025-09-19 20:38:39 - Generating prompt #80 (Section 5, Prompt 12/17)[0m
[1;33m2025-09-19 20:38:39 - Running prompt generation...[0m
5-hour limit reached ∙ resets 12am
[0;32m2025-09-19 20:38:49 - Completed prompt #80[0m
[0;34m2025-09-19 20:38:54 - Generating prompt #81 (Section 5, Prompt 13/17)[0m
[1;33m2025-09-19 20:38:54 - Running prompt generation...[0m
5-hour limit reached ∙ resets 12am
[0;32m2025-09-19 20:39:02 - Completed prompt #81[0m
[0;34m2025-09-19 20:39:07 - Generating prompt #82 (Section 5, Prompt 14/17)[0m
[1;33m2025-09-19 20:39:07 - Running prompt generation...[0m
5-hour limit reached ∙ resets 12am
[0;32m2025-09-19 20:39:13 - Completed prompt #82[0m
[0;34m2025-09-19 20:39:18 - Generating prompt #83 (Section 5, Prompt 15/17)[0m
[1;33m2025-09-19 20:39:18 - Running prompt generation...[0m
5-hour limit reached ∙ resets 12am
[0;32m2025-09-19 20:39:25 - Completed prompt #83[0m
[0;34m2025-09-19 20:39:30 - Generating prompt #84 (Section 5, Prompt 16/17)[0m
[1;33m2025-09-19 20:39:30 - Running prompt generation...[0m
5-hour limit reached ∙ resets 12am
[0;32m2025-09-19 20:39:38 - Completed prompt #84[0m
[0;34m2025-09-19 20:39:43 - Generating prompt #85 (Section 5, Prompt 17/17)[0m
[1;33m2025-09-19 20:39:43 - Running prompt generation...[0m
5-hour limit reached ∙ resets 12am
[0;32m2025-09-19 20:39:53 - Completed prompt #85[0m
[0;34m2025-09-19 20:39:58 - Generating prompt #86 (Section 6, Prompt 1/17)[0m
[1;33m2025-09-19 20:39:58 - Running prompt generation...[0m
5-hour limit reached ∙ resets 12am
[0;32m2025-09-19 20:40:07 - Completed prompt #86[0m
[0;34m2025-09-19 20:40:12 - Generating prompt #87 (Section 6, Prompt 2/17)[0m
[1;33m2025-09-19 20:40:12 - Running prompt generation...[0m
5-hour limit reached ∙ resets 12am
[0;32m2025-09-19 20:40:21 - Completed prompt #87[0m
[0;34m2025-09-19 20:40:26 - Generating prompt #88 (Section 6, Prompt 3/17)[0m
[1;33m2025-09-19 20:40:26 - Running prompt generation...[0m
5-hour limit reached ∙ resets 12am
[0;32m2025-09-19 20:40:33 - Completed prompt #88[0m
[0;34m2025-09-19 20:40:38 - Generating prompt #89 (Section 6, Prompt 4/17)[0m
[1;33m2025-09-19 20:40:38 - Running prompt generation...[0m
5-hour limit reached ∙ resets 12am
[0;32m2025-09-19 20:40:46 - Completed prompt #89[0m
[0;34m2025-09-19 20:40:51 - Generating prompt #90 (Section 6, Prompt 5/17)[0m
[1;33m2025-09-19 20:40:51 - Running prompt generation...[0m
5-hour limit reached ∙ resets 12am
[0;32m2025-09-19 20:41:00 - Completed prompt #90[0m
[0;34m2025-09-19 20:41:05 - Generating prompt #91 (Section 6, Prompt 6/17)[0m
[1;33m2025-09-19 20:41:05 - Running prompt generation...[0m
5-hour limit reached ∙ resets 12am
[0;32m2025-09-19 20:41:12 - Completed prompt #91[0m
[0;34m2025-09-19 20:41:17 - Generating prompt #92 (Section 6, Prompt 7/17)[0m
[1;33m2025-09-19 20:41:18 - Running prompt generation...[0m
5-hour limit reached ∙ resets 12am
[0;32m2025-09-19 20:41:25 - Completed prompt #92[0m
[0;34m2025-09-19 20:41:30 - Generating prompt #93 (Section 6, Prompt 8/17)[0m
[1;33m2025-09-19 20:41:30 - Running prompt generation...[0m
5-hour limit reached ∙ resets 12am
[0;32m2025-09-19 20:41:39 - Completed prompt #93[0m
[0;34m2025-09-19 20:41:44 - Generating prompt #94 (Section 6, Prompt 9/17)[0m
[1;33m2025-09-19 20:41:44 - Running prompt generation...[0m
5-hour limit reached ∙ resets 12am
[0;32m2025-09-19 20:41:53 - Completed prompt #94[0m
[0;34m2025-09-19 20:41:58 - Generating prompt #95 (Section 6, Prompt 10/17)[0m
[1;33m2025-09-19 20:41:58 - Running prompt generation...[0m
5-hour limit reached ∙ resets 12am
[0;32m2025-09-19 20:42:09 - Completed prompt #95[0m
[0;34m2025-09-19 20:42:14 - Generating prompt #96 (Section 6, Prompt 11/17)[0m
[1;33m2025-09-19 20:42:14 - Running prompt generation...[0m
5-hour limit reached ∙ resets 12am
[0;32m2025-09-19 20:42:21 - Completed prompt #96[0m
[0;34m2025-09-19 20:42:26 - Generating prompt #97 (Section 6, Prompt 12/17)[0m
[1;33m2025-09-19 20:42:27 - Running prompt generation...[0m
5-hour limit reached ∙ resets 12am
[0;32m2025-09-19 20:42:36 - Completed prompt #97[0m
[0;34m2025-09-19 20:42:41 - Generating prompt #98 (Section 6, Prompt 13/17)[0m
[1;33m2025-09-19 20:42:41 - Running prompt generation...[0m
5-hour limit reached ∙ resets 12am
[0;32m2025-09-19 20:42:49 - Completed prompt #98[0m
[0;34m2025-09-19 20:42:54 - Generating prompt #99 (Section 6, Prompt 14/17)[0m
[1;33m2025-09-19 20:42:54 - Running prompt generation...[0m
5-hour limit reached ∙ resets 12am
[0;32m2025-09-19 20:43:02 - Completed prompt #99[0m
[0;34m2025-09-19 20:43:07 - Generating prompt #100 (Section 6, Prompt 15/17)[0m
[1;33m2025-09-19 20:43:07 - Running prompt generation...[0m
5-hour limit reached ∙ resets 12am
[0;32m2025-09-19 20:43:15 - Completed prompt #100[0m
[0;34m2025-09-19 20:43:20 - Generating prompt #101 (Section 6, Prompt 16/17)[0m
[1;33m2025-09-19 20:43:20 - Running prompt generation...[0m
5-hour limit reached ∙ resets 12am
[0;32m2025-09-19 20:43:27 - Completed prompt #101[0m
[0;34m2025-09-19 20:43:32 - Generating prompt #102 (Section 6, Prompt 17/17)[0m
[1;33m2025-09-19 20:43:32 - Running prompt generation...[0m
5-hour limit reached ∙ resets 12am
[0;32m2025-09-19 20:43:38 - Completed prompt #102[0m
[0;34m2025-09-20 00:04:48 - Starting Prompt Generation Cycle for template: weight-loss[0m
[0;32m2025-09-20 00:04:48 - Using existing worktree: ../templata-weight-loss[0m
[0;34m2025-09-20 00:04:48 - Generating prompt #46 (Section 3, Prompt 12/17)[0m
[1;33m2025-09-20 00:04:48 - Running prompt generation...[0m
PROMPT GENERATION COMPLETE - Prompt #46
[0;32m2025-09-20 00:05:40 - Completed prompt #46[0m
[0;34m2025-09-20 00:05:45 - Generating prompt #47 (Section 3, Prompt 13/17)[0m
[1;33m2025-09-20 00:05:46 - Running prompt generation...[0m
PROMPT GENERATION COMPLETE - Prompt #47
[0;32m2025-09-20 00:06:36 - Completed prompt #47[0m
[0;34m2025-09-20 00:06:41 - Generating prompt #48 (Section 3, Prompt 14/17)[0m
[1;33m2025-09-20 00:06:41 - Running prompt generation...[0m
PROMPT GENERATION COMPLETE - Prompt #48
[0;32m2025-09-20 00:07:36 - Completed prompt #48[0m
[0;34m2025-09-20 00:07:41 - Generating prompt #49 (Section 3, Prompt 15/17)[0m
[1;33m2025-09-20 00:07:42 - Running prompt generation...[0m
PROMPT GENERATION COMPLETE - Prompt #49
[0;32m2025-09-20 00:08:30 - Completed prompt #49[0m
[0;34m2025-09-20 00:08:35 - Generating prompt #50 (Section 3, Prompt 16/17)[0m
[1;33m2025-09-20 00:08:35 - Running prompt generation...[0m
PROMPT GENERATION COMPLETE - Prompt #50
[0;32m2025-09-20 00:09:19 - Completed prompt #50[0m
[0;34m2025-09-20 00:09:24 - Generating prompt #51 (Section 3, Prompt 17/17)[0m
[1;33m2025-09-20 00:09:24 - Running prompt generation...[0m
PROMPT GENERATION COMPLETE - Prompt #51
[0;32m2025-09-20 00:09:57 - Completed prompt #51[0m
[0;34m2025-09-20 00:10:03 - Generating prompt #52 (Section 4, Prompt 1/17)[0m
[1;33m2025-09-20 00:10:03 - Running prompt generation...[0m
PROMPT GENERATION COMPLETE - Prompt #52
[0;32m2025-09-20 00:10:40 - Completed prompt #52[0m
[0;34m2025-09-20 00:10:45 - Generating prompt #53 (Section 4, Prompt 2/17)[0m
[1;33m2025-09-20 00:10:45 - Running prompt generation...[0m
PROMPT GENERATION COMPLETE - Prompt #53
[0;32m2025-09-20 00:11:24 - Completed prompt #53[0m
[0;34m2025-09-20 00:11:29 - Generating prompt #54 (Section 4, Prompt 3/17)[0m
[1;33m2025-09-20 00:11:29 - Running prompt generation...[0m
[0;34m2025-09-20 00:12:13 - Starting Prompt Generation Cycle for template: weight-loss[0m
[0;32m2025-09-20 00:12:14 - Using existing worktree: ../templata-weight-loss[0m
[0;34m2025-09-20 00:12:14 - Generating prompt #54 (Section 4, Prompt 3/17)[0m
[1;33m2025-09-20 00:12:16 - Running prompt generation...[0m
PROMPT GENERATION COMPLETE - Prompt #54
[0;32m2025-09-20 00:13:34 - Completed prompt #54[0m
[0;34m2025-09-20 00:13:40 - Generating prompt #55 (Section 4, Prompt 4/17)[0m
[1;33m2025-09-20 00:13:42 - Running prompt generation...[0m
[0;34m2025-09-21 00:16:54 - Starting Prompt Generation Cycle for template: weight-loss[0m
[1;33m2025-09-21 00:16:54 - Override flag detected - resetting progress and recreating files[0m
[0;32m2025-09-21 00:16:54 - Progress reset to 0 for template: weight-loss[0m
[0;32m2025-09-21 00:16:54 - Using existing worktree: ../templata-weight-loss[0m
[1;33m2025-09-21 00:16:54 - Override flag detected - recreating template prompt file: prompts-weight-loss.ts[0m
[0;32m2025-09-21 00:16:54 - Created template prompt file: ../templata-weight-loss/src/data/prompts-weight-loss.ts[0m
[0;34m2025-09-21 00:16:54 - Generating prompt #1 (Section 1, Prompt 1/17)[0m
[1;33m2025-09-21 00:16:54 - Running prompt generation...[0m
PROMPT GENERATION COMPLETE - Prompt #1
[0;32m2025-09-21 00:17:14 - Completed prompt #1[0m
[0;34m2025-09-21 00:17:19 - Generating prompt #2 (Section 1, Prompt 2/17)[0m
[1;33m2025-09-21 00:17:19 - Running prompt generation...[0m
PROMPT GENERATION COMPLETE - Prompt #2
[0;32m2025-09-21 00:17:39 - Completed prompt #2[0m
[0;34m2025-09-21 00:17:44 - Generating prompt #3 (Section 1, Prompt 3/17)[0m
[1;33m2025-09-21 00:17:44 - Running prompt generation...[0m
PROMPT GENERATION COMPLETE - Prompt #3
[0;32m2025-09-21 00:18:14 - Completed prompt #3[0m
[0;34m2025-09-21 00:18:19 - Generating prompt #4 (Section 1, Prompt 4/17)[0m
[1;33m2025-09-21 00:18:19 - Running prompt generation...[0m
PROMPT GENERATION COMPLETE - Prompt #4
[0;32m2025-09-21 00:19:01 - Completed prompt #4[0m
[0;34m2025-09-21 00:19:06 - Generating prompt #5 (Section 1, Prompt 5/17)[0m
[1;33m2025-09-21 00:19:06 - Running prompt generation...[0m
PROMPT GENERATION COMPLETE - Prompt #5
[0;32m2025-09-21 00:19:37 - Completed prompt #5[0m
[0;34m2025-09-21 00:19:42 - Generating prompt #6 (Section 1, Prompt 6/17)[0m
[1;33m2025-09-21 00:19:42 - Running prompt generation...[0m
PROMPT GENERATION COMPLETE - Prompt #6
[0;32m2025-09-21 00:20:06 - Completed prompt #6[0m
[0;34m2025-09-21 00:20:12 - Generating prompt #7 (Section 1, Prompt 7/17)[0m
[1;33m2025-09-21 00:20:12 - Running prompt generation...[0m
PROMPT GENERATION COMPLETE - Prompt #7
[0;32m2025-09-21 00:20:42 - Completed prompt #7[0m
[0;34m2025-09-21 00:20:47 - Generating prompt #8 (Section 1, Prompt 8/17)[0m
[1;33m2025-09-21 00:20:47 - Running prompt generation...[0m
PROMPT GENERATION COMPLETE - Prompt #8
[0;32m2025-09-21 00:21:10 - Completed prompt #8[0m
[0;34m2025-09-21 00:21:15 - Generating prompt #9 (Section 1, Prompt 9/17)[0m
[1;33m2025-09-21 00:21:15 - Running prompt generation...[0m
PROMPT GENERATION COMPLETE - Prompt #9
[0;32m2025-09-21 00:21:39 - Completed prompt #9[0m
[0;34m2025-09-21 00:21:44 - Generating prompt #10 (Section 1, Prompt 10/17)[0m
[1;33m2025-09-21 00:21:44 - Running prompt generation...[0m
PROMPT GENERATION COMPLETE - Prompt #10
[0;32m2025-09-21 00:22:06 - Completed prompt #10[0m
[0;34m2025-09-21 00:22:11 - Generating prompt #11 (Section 1, Prompt 11/17)[0m
[1;33m2025-09-21 00:22:11 - Running prompt generation...[0m
PROMPT GENERATION COMPLETE - Prompt #11
[0;32m2025-09-21 00:22:33 - Completed prompt #11[0m
[0;34m2025-09-21 00:22:38 - Generating prompt #12 (Section 1, Prompt 12/17)[0m
[1;33m2025-09-21 00:22:38 - Running prompt generation...[0m
PROMPT GENERATION COMPLETE - Prompt #12
[0;32m2025-09-21 00:22:58 - Completed prompt #12[0m
[0;34m2025-09-21 00:23:03 - Generating prompt #13 (Section 1, Prompt 13/17)[0m
[1;33m2025-09-21 00:23:03 - Running prompt generation...[0m
PROMPT GENERATION COMPLETE - Prompt #13
[0;32m2025-09-21 00:23:23 - Completed prompt #13[0m
[0;34m2025-09-21 00:23:28 - Generating prompt #14 (Section 1, Prompt 14/17)[0m
[1;33m2025-09-21 00:23:28 - Running prompt generation...[0m
PROMPT GENERATION COMPLETE - Prompt #14
[0;32m2025-09-21 00:23:49 - Completed prompt #14[0m
[0;34m2025-09-21 00:23:54 - Generating prompt #15 (Section 1, Prompt 15/17)[0m
[1;33m2025-09-21 00:23:54 - Running prompt generation...[0m
PROMPT GENERATION COMPLETE - Prompt #15
[0;32m2025-09-21 00:24:13 - Completed prompt #15[0m
[0;34m2025-09-21 00:24:19 - Generating prompt #16 (Section 1, Prompt 16/17)[0m
[1;33m2025-09-21 00:24:19 - Running prompt generation...[0m
PROMPT GENERATION COMPLETE - Prompt #16
[0;32m2025-09-21 00:24:39 - Completed prompt #16[0m
[0;34m2025-09-21 00:24:44 - Generating prompt #17 (Section 1, Prompt 17/17)[0m
[1;33m2025-09-21 00:24:44 - Running prompt generation...[0m
PROMPT GENERATION COMPLETE - Prompt #17
[0;32m2025-09-21 00:25:05 - Completed prompt #17[0m
[0;34m2025-09-21 00:25:10 - Generating prompt #18 (Section 2, Prompt 1/17)[0m
[1;33m2025-09-21 00:25:10 - Running prompt generation...[0m
PROMPT GENERATION COMPLETE - Prompt #18
[0;32m2025-09-21 00:25:30 - Completed prompt #18[0m
[0;34m2025-09-21 00:25:35 - Generating prompt #19 (Section 2, Prompt 2/17)[0m
[1;33m2025-09-21 00:25:35 - Running prompt generation...[0m
PROMPT GENERATION COMPLETE - Prompt #19
[0;32m2025-09-21 00:25:57 - Completed prompt #19[0m
[0;34m2025-09-21 00:26:02 - Generating prompt #20 (Section 2, Prompt 3/17)[0m
[1;33m2025-09-21 00:26:02 - Running prompt generation...[0m
PROMPT GENERATION COMPLETE - Prompt #20
[0;32m2025-09-21 00:26:24 - Completed prompt #20[0m
[0;34m2025-09-21 00:26:29 - Generating prompt #21 (Section 2, Prompt 4/17)[0m
[1;33m2025-09-21 00:26:30 - Running prompt generation...[0m
PROMPT GENERATION COMPLETE - Prompt #21
[0;32m2025-09-21 00:26:50 - Completed prompt #21[0m
[0;34m2025-09-21 00:26:55 - Generating prompt #22 (Section 2, Prompt 5/17)[0m
[1;33m2025-09-21 00:26:55 - Running prompt generation...[0m
PROMPT GENERATION COMPLETE - Prompt #22
[0;32m2025-09-21 00:27:16 - Completed prompt #22[0m
[0;34m2025-09-21 00:27:21 - Generating prompt #23 (Section 2, Prompt 6/17)[0m
[1;33m2025-09-21 00:27:21 - Running prompt generation...[0m
PROMPT GENERATION COMPLETE - Prompt #23
[0;32m2025-09-21 00:27:42 - Completed prompt #23[0m
[0;34m2025-09-21 00:27:47 - Generating prompt #24 (Section 2, Prompt 7/17)[0m
[1;33m2025-09-21 00:27:47 - Running prompt generation...[0m
PROMPT GENERATION COMPLETE - Prompt #24
[0;32m2025-09-21 00:28:07 - Completed prompt #24[0m
[0;34m2025-09-21 00:28:12 - Generating prompt #25 (Section 2, Prompt 8/17)[0m
[1;33m2025-09-21 00:28:12 - Running prompt generation...[0m
PROMPT GENERATION COMPLETE - Prompt #25
[0;32m2025-09-21 00:28:35 - Completed prompt #25[0m
[0;34m2025-09-21 00:28:40 - Generating prompt #26 (Section 2, Prompt 9/17)[0m
[1;33m2025-09-21 00:28:40 - Running prompt generation...[0m
PROMPT GENERATION COMPLETE - Prompt #26
[0;32m2025-09-21 00:29:02 - Completed prompt #26[0m
[0;34m2025-09-21 00:29:07 - Generating prompt #27 (Section 2, Prompt 10/17)[0m
[1;33m2025-09-21 00:29:07 - Running prompt generation...[0m
PROMPT GENERATION COMPLETE - Prompt #27
[0;32m2025-09-21 00:29:27 - Completed prompt #27[0m
[0;34m2025-09-21 00:29:32 - Generating prompt #28 (Section 2, Prompt 11/17)[0m
[1;33m2025-09-21 00:29:32 - Running prompt generation...[0m
PROMPT GENERATION COMPLETE - Prompt #28
[0;32m2025-09-21 00:29:52 - Completed prompt #28[0m
[0;34m2025-09-21 00:29:57 - Generating prompt #29 (Section 2, Prompt 12/17)[0m
[1;33m2025-09-21 00:29:57 - Running prompt generation...[0m
PROMPT GENERATION COMPLETE - Prompt #29
[0;32m2025-09-21 00:30:17 - Completed prompt #29[0m
[0;34m2025-09-21 00:30:22 - Generating prompt #30 (Section 2, Prompt 13/17)[0m
[1;33m2025-09-21 00:30:22 - Running prompt generation...[0m
PROMPT GENERATION COMPLETE - Prompt #30
[0;32m2025-09-21 00:30:44 - Completed prompt #30[0m
[0;34m2025-09-21 00:30:49 - Generating prompt #31 (Section 2, Prompt 14/17)[0m
[1;33m2025-09-21 00:30:49 - Running prompt generation...[0m
PROMPT GENERATION COMPLETE - Prompt #31
[0;32m2025-09-21 00:31:09 - Completed prompt #31[0m
[0;34m2025-09-21 00:31:15 - Generating prompt #32 (Section 2, Prompt 15/17)[0m
[1;33m2025-09-21 00:31:15 - Running prompt generation...[0m
PROMPT GENERATION COMPLETE - Prompt #32
[0;32m2025-09-21 00:31:35 - Completed prompt #32[0m
[0;34m2025-09-21 00:31:40 - Generating prompt #33 (Section 2, Prompt 16/17)[0m
[1;33m2025-09-21 00:31:40 - Running prompt generation...[0m
PROMPT GENERATION COMPLETE - Prompt #33
[0;32m2025-09-21 00:32:00 - Completed prompt #33[0m
[0;34m2025-09-21 00:32:05 - Generating prompt #34 (Section 2, Prompt 17/17)[0m
[1;33m2025-09-21 00:32:05 - Running prompt generation...[0m
PROMPT GENERATION COMPLETE - Prompt #34
[0;32m2025-09-21 00:32:25 - Completed prompt #34[0m
[0;34m2025-09-21 00:32:30 - Generating prompt #35 (Section 3, Prompt 1/17)[0m
[1;33m2025-09-21 00:32:30 - Running prompt generation...[0m
PROMPT GENERATION COMPLETE - Prompt #35
[0;32m2025-09-21 00:32:51 - Completed prompt #35[0m
[0;34m2025-09-21 00:32:56 - Generating prompt #36 (Section 3, Prompt 2/17)[0m
[1;33m2025-09-21 00:32:56 - Running prompt generation...[0m
PROMPT GENERATION COMPLETE - Prompt #36
[0;32m2025-09-21 00:33:17 - Completed prompt #36[0m
[0;34m2025-09-21 00:33:22 - Generating prompt #37 (Section 3, Prompt 3/17)[0m
[1;33m2025-09-21 00:33:22 - Running prompt generation...[0m
PROMPT GENERATION COMPLETE - Prompt #37
[0;32m2025-09-21 00:33:49 - Completed prompt #37[0m
[0;34m2025-09-21 00:33:54 - Generating prompt #38 (Section 3, Prompt 4/17)[0m
[1;33m2025-09-21 00:33:54 - Running prompt generation...[0m
PROMPT GENERATION COMPLETE - Prompt #38
[0;32m2025-09-21 00:34:13 - Completed prompt #38[0m
[0;34m2025-09-21 00:34:18 - Generating prompt #39 (Section 3, Prompt 5/17)[0m
[1;33m2025-09-21 00:34:18 - Running prompt generation...[0m
PROMPT GENERATION COMPLETE - Prompt #39
[0;32m2025-09-21 00:34:39 - Completed prompt #39[0m
[0;34m2025-09-21 00:34:44 - Generating prompt #40 (Section 3, Prompt 6/17)[0m
[1;33m2025-09-21 00:34:44 - Running prompt generation...[0m
PROMPT GENERATION COMPLETE - Prompt #40
[0;32m2025-09-21 00:35:04 - Completed prompt #40[0m
[0;34m2025-09-21 00:35:09 - Generating prompt #41 (Section 3, Prompt 7/17)[0m
[1;33m2025-09-21 00:35:09 - Running prompt generation...[0m
PROMPT GENERATION COMPLETE - Prompt #41
[0;32m2025-09-21 00:35:30 - Completed prompt #41[0m
[0;34m2025-09-21 00:35:35 - Generating prompt #42 (Section 3, Prompt 8/17)[0m
[1;33m2025-09-21 00:35:35 - Running prompt generation...[0m
PROMPT GENERATION COMPLETE - Prompt #42
[0;32m2025-09-21 00:35:56 - Completed prompt #42[0m
[0;34m2025-09-21 00:36:01 - Generating prompt #43 (Section 3, Prompt 9/17)[0m
[1;33m2025-09-21 00:36:01 - Running prompt generation...[0m
PROMPT GENERATION COMPLETE - Prompt #43
[0;32m2025-09-21 00:36:22 - Completed prompt #43[0m
[0;34m2025-09-21 00:36:27 - Generating prompt #44 (Section 3, Prompt 10/17)[0m
[1;33m2025-09-21 00:36:27 - Running prompt generation...[0m
PROMPT GENERATION COMPLETE - Prompt #44
[0;32m2025-09-21 00:36:49 - Completed prompt #44[0m
[0;34m2025-09-21 00:36:54 - Generating prompt #45 (Section 3, Prompt 11/17)[0m
[1;33m2025-09-21 00:36:54 - Running prompt generation...[0m
PROMPT GENERATION COMPLETE - Prompt #45
[0;32m2025-09-21 00:37:15 - Completed prompt #45[0m
[0;34m2025-09-21 00:37:20 - Generating prompt #46 (Section 3, Prompt 12/17)[0m
[1;33m2025-09-21 00:37:20 - Running prompt generation...[0m
PROMPT GENERATION COMPLETE - Prompt #46
[0;32m2025-09-21 00:37:41 - Completed prompt #46[0m
[0;34m2025-09-21 00:37:46 - Generating prompt #47 (Section 3, Prompt 13/17)[0m
[1;33m2025-09-21 00:37:46 - Running prompt generation...[0m
<invoke name="Edit">
<parameter name="file_path">/Users/ikim1/Documents/GitHub/templata-weight-loss/src/data/prompts-weight-loss.ts</parameter>
<parameter name="old_string">  {
    id: 'prompt-46',
    prompt: 'Schedule weekly progress check-ins with yourself by setting aside 30 minutes to review your food diary, weight trends, and exercise consistency',
    category: 'action',
    helpText: 'Regular self-assessment is crucial for identifying patterns, celebrating progress, and making necessary adjustments to your weight loss approach. Schedule a consistent weekly time to review your tracking data, noting what worked well and what challenged you, then make specific plans for improvement in the upcoming week. This structured reflection helps you stay accountable to your goals and prevents small setbacks from becoming major derailments by catching issues early and adjusting your strategy accordingly.'
  }
];</parameter>
<parameter name="new_string">  {
    id: 'prompt-46',
    prompt: 'Schedule weekly progress check-ins with yourself by setting aside 30 minutes to review your food diary, weight trends, and exercise consistency',
    category: 'action',
    helpText: 'Regular self-assessment is crucial for identifying patterns, celebrating progress, and making necessary adjustments to your weight loss approach. Schedule a consistent weekly time to review your tracking data, noting what worked well and what challenged you, then make specific plans for improvement in the upcoming week. This structured reflection helps you stay accountable to your goals and prevents small setbacks from becoming major derailments by catching issues early and adjusting your strategy accordingly.'
  },
  {
    id: 'prompt-47',
    prompt: 'Schedule and complete a 45-minute meal prep session to batch cook and portion 3 days worth of balanced dinners with measured portions',
    category: 'action',
    helpText: 'Dedicated meal preparation removes the daily stress of dinner decisions and ensures you have portion-controlled, nutritious meals ready when you\'re tired or busy. Choose three balanced dinner recipes that can be made in larger quantities, then cook, portion, and store them in labeled containers with specific serving sizes. This proactive approach prevents ordering takeout or making impulsive food choices during hectic weekdays, keeping you consistently aligned with your weight loss goals.'
  }
];</parameter>
</invoke>
[0;32m2025-09-21 00:38:06 - Completed prompt #47[0m
[0;34m2025-09-21 00:38:11 - Generating prompt #48 (Section 3, Prompt 14/17)[0m
[1;33m2025-09-21 00:38:11 - Running prompt generation...[0m
PROMPT GENERATION COMPLETE - Prompt #48
[0;32m2025-09-21 00:38:32 - Completed prompt #48[0m
[0;34m2025-09-21 00:38:37 - Generating prompt #49 (Section 3, Prompt 15/17)[0m
[1;33m2025-09-21 00:38:37 - Running prompt generation...[0m
PROMPT GENERATION COMPLETE - Prompt #49
[0;32m2025-09-21 00:38:58 - Completed prompt #49[0m
[0;34m2025-09-21 00:39:03 - Generating prompt #50 (Section 3, Prompt 16/17)[0m
[1;33m2025-09-21 00:39:03 - Running prompt generation...[0m
PROMPT GENERATION COMPLETE - Prompt #50
[0;32m2025-09-21 00:39:24 - Completed prompt #50[0m
[0;34m2025-09-21 00:39:29 - Generating prompt #51 (Section 3, Prompt 17/17)[0m
[1;33m2025-09-21 00:39:29 - Running prompt generation...[0m
PROMPT GENERATION COMPLETE - Prompt #51
[0;32m2025-09-21 00:39:51 - Completed prompt #51[0m
[0;34m2025-09-21 00:39:56 - Generating prompt #52 (Section 4, Prompt 1/17)[0m
[1;33m2025-09-21 00:39:56 - Running prompt generation...[0m
PROMPT GENERATION COMPLETE - Prompt #52
[0;32m2025-09-21 00:40:18 - Completed prompt #52[0m
[0;34m2025-09-21 00:40:23 - Generating prompt #53 (Section 4, Prompt 2/17)[0m
[1;33m2025-09-21 00:40:23 - Running prompt generation...[0m
PROMPT GENERATION COMPLETE - Prompt #53
[0;32m2025-09-21 00:40:44 - Completed prompt #53[0m
[0;34m2025-09-21 00:40:49 - Generating prompt #54 (Section 4, Prompt 3/17)[0m
[1;33m2025-09-21 00:40:49 - Running prompt generation...[0m
PROMPT GENERATION COMPLETE - Prompt #54
[0;32m2025-09-21 00:41:10 - Completed prompt #54[0m
[0;34m2025-09-21 00:41:15 - Generating prompt #55 (Section 4, Prompt 4/17)[0m
[1;33m2025-09-21 00:41:15 - Running prompt generation...[0m
PROMPT GENERATION COMPLETE - Prompt #55
[0;32m2025-09-21 00:41:35 - Completed prompt #55[0m
[0;34m2025-09-21 00:41:40 - Generating prompt #56 (Section 4, Prompt 5/17)[0m
[1;33m2025-09-21 00:41:40 - Running prompt generation...[0m
PROMPT GENERATION COMPLETE - Prompt #56
[0;32m2025-09-21 00:42:01 - Completed prompt #56[0m
[0;34m2025-09-21 00:42:06 - Generating prompt #57 (Section 4, Prompt 6/17)[0m
[1;33m2025-09-21 00:42:06 - Running prompt generation...[0m
PROMPT GENERATION COMPLETE - Prompt #57
[0;32m2025-09-21 00:42:26 - Completed prompt #57[0m
[0;34m2025-09-21 00:42:31 - Generating prompt #58 (Section 4, Prompt 7/17)[0m
[1;33m2025-09-21 00:42:31 - Running prompt generation...[0m
PROMPT GENERATION COMPLETE - Prompt #58
[0;32m2025-09-21 00:42:52 - Completed prompt #58[0m
[0;34m2025-09-21 00:42:57 - Generating prompt #59 (Section 4, Prompt 8/17)[0m
[1;33m2025-09-21 00:42:57 - Running prompt generation...[0m
PROMPT GENERATION COMPLETE - Prompt #59
[0;32m2025-09-21 00:43:18 - Completed prompt #59[0m
[0;34m2025-09-21 00:43:23 - Generating prompt #60 (Section 4, Prompt 9/17)[0m
[1;33m2025-09-21 00:43:23 - Running prompt generation...[0m
PROMPT GENERATION COMPLETE - Prompt #60
[0;32m2025-09-21 00:43:45 - Completed prompt #60[0m
[0;34m2025-09-21 00:43:50 - Generating prompt #61 (Section 4, Prompt 10/17)[0m
[1;33m2025-09-21 00:43:50 - Running prompt generation...[0m
PROMPT GENERATION COMPLETE - Prompt #61
[0;32m2025-09-21 00:44:12 - Completed prompt #61[0m
[0;34m2025-09-21 00:44:17 - Generating prompt #62 (Section 4, Prompt 11/17)[0m
[1;33m2025-09-21 00:44:17 - Running prompt generation...[0m
PROMPT GENERATION COMPLETE - Prompt #62
[0;32m2025-09-21 00:44:41 - Completed prompt #62[0m
[0;34m2025-09-21 00:44:46 - Generating prompt #63 (Section 4, Prompt 12/17)[0m
[1;33m2025-09-21 00:44:46 - Running prompt generation...[0m
PROMPT GENERATION COMPLETE - Prompt #63
[0;32m2025-09-21 00:45:07 - Completed prompt #63[0m
[0;34m2025-09-21 00:45:12 - Generating prompt #64 (Section 4, Prompt 13/17)[0m
[1;33m2025-09-21 00:45:12 - Running prompt generation...[0m
PROMPT GENERATION COMPLETE - Prompt #64
[0;32m2025-09-21 00:45:34 - Completed prompt #64[0m
[0;34m2025-09-21 00:45:39 - Generating prompt #65 (Section 4, Prompt 14/17)[0m
[1;33m2025-09-21 00:45:39 - Running prompt generation...[0m
PROMPT GENERATION COMPLETE - Prompt #65
[0;32m2025-09-21 00:46:01 - Completed prompt #65[0m
[0;34m2025-09-21 00:46:06 - Generating prompt #66 (Section 4, Prompt 15/17)[0m
[1;33m2025-09-21 00:46:06 - Running prompt generation...[0m
PROMPT GENERATION COMPLETE - Prompt #66
[0;32m2025-09-21 00:46:30 - Completed prompt #66[0m
[0;34m2025-09-21 00:46:35 - Generating prompt #67 (Section 4, Prompt 16/17)[0m
[1;33m2025-09-21 00:46:35 - Running prompt generation...[0m
PROMPT GENERATION COMPLETE - Prompt #67
[0;32m2025-09-21 00:46:56 - Completed prompt #67[0m
[0;34m2025-09-21 00:47:01 - Generating prompt #68 (Section 4, Prompt 17/17)[0m
[1;33m2025-09-21 00:47:01 - Running prompt generation...[0m
PROMPT GENERATION COMPLETE - Prompt #68
[0;32m2025-09-21 00:47:24 - Completed prompt #68[0m
[0;34m2025-09-21 00:47:29 - Generating prompt #69 (Section 5, Prompt 1/17)[0m
[1;33m2025-09-21 00:47:29 - Running prompt generation...[0m
PROMPT GENERATION COMPLETE - Prompt #69
[0;32m2025-09-21 00:47:51 - Completed prompt #69[0m
[0;34m2025-09-21 00:47:56 - Generating prompt #70 (Section 5, Prompt 2/17)[0m
[1;33m2025-09-21 00:47:56 - Running prompt generation...[0m
PROMPT GENERATION COMPLETE - Prompt #70
[0;32m2025-09-21 00:48:17 - Completed prompt #70[0m
[0;34m2025-09-21 00:48:22 - Generating prompt #71 (Section 5, Prompt 3/17)[0m
[1;33m2025-09-21 00:48:22 - Running prompt generation...[0m
PROMPT GENERATION COMPLETE - Prompt #71
[0;32m2025-09-21 00:48:43 - Completed prompt #71[0m
[0;34m2025-09-21 00:48:48 - Generating prompt #72 (Section 5, Prompt 4/17)[0m
[1;33m2025-09-21 00:48:48 - Running prompt generation...[0m
PROMPT GENERATION COMPLETE - Prompt #72
[0;32m2025-09-21 00:49:08 - Completed prompt #72[0m
[0;34m2025-09-21 00:49:13 - Generating prompt #73 (Section 5, Prompt 5/17)[0m
[1;33m2025-09-21 00:49:13 - Running prompt generation...[0m
PROMPT GENERATION COMPLETE - Prompt #73
[0;32m2025-09-21 00:49:34 - Completed prompt #73[0m
[0;34m2025-09-21 00:49:39 - Generating prompt #74 (Section 5, Prompt 6/17)[0m
[1;33m2025-09-21 00:49:39 - Running prompt generation...[0m
PROMPT GENERATION COMPLETE - Prompt #74
[0;32m2025-09-21 00:49:59 - Completed prompt #74[0m
[0;34m2025-09-21 00:50:04 - Generating prompt #75 (Section 5, Prompt 7/17)[0m
[1;33m2025-09-21 00:50:04 - Running prompt generation...[0m
PROMPT GENERATION COMPLETE - Prompt #75
[0;32m2025-09-21 00:50:26 - Completed prompt #75[0m
[0;34m2025-09-21 00:50:31 - Generating prompt #76 (Section 5, Prompt 8/17)[0m
[1;33m2025-09-21 00:50:31 - Running prompt generation...[0m
PROMPT GENERATION COMPLETE - Prompt #76
[0;32m2025-09-21 00:50:52 - Completed prompt #76[0m
[0;34m2025-09-21 00:50:57 - Generating prompt #77 (Section 5, Prompt 9/17)[0m
[1;33m2025-09-21 00:50:57 - Running prompt generation...[0m
PROMPT GENERATION COMPLETE - Prompt #77
[0;32m2025-09-21 00:51:17 - Completed prompt #77[0m
[0;34m2025-09-21 00:51:22 - Generating prompt #78 (Section 5, Prompt 10/17)[0m
[1;33m2025-09-21 00:51:22 - Running prompt generation...[0m
PROMPT GENERATION COMPLETE - Prompt #78
[0;32m2025-09-21 00:51:42 - Completed prompt #78[0m
[0;34m2025-09-21 00:51:47 - Generating prompt #79 (Section 5, Prompt 11/17)[0m
[1;33m2025-09-21 00:51:47 - Running prompt generation...[0m
5-hour limit reached ∙ resets 5am
[0;32m2025-09-21 00:51:54 - Completed prompt #79[0m
[0;34m2025-09-21 00:51:59 - Generating prompt #80 (Section 5, Prompt 12/17)[0m
[1;33m2025-09-21 00:52:00 - Running prompt generation...[0m
5-hour limit reached ∙ resets 5am
[0;32m2025-09-21 00:52:12 - Completed prompt #80[0m
[0;34m2025-09-21 00:52:17 - Generating prompt #81 (Section 5, Prompt 13/17)[0m
[1;33m2025-09-21 00:52:17 - Running prompt generation...[0m
5-hour limit reached ∙ resets 5am
[0;32m2025-09-21 00:52:29 - Completed prompt #81[0m
[0;34m2025-09-21 00:52:34 - Generating prompt #82 (Section 5, Prompt 14/17)[0m
[1;33m2025-09-21 00:52:34 - Running prompt generation...[0m
5-hour limit reached ∙ resets 5am
[0;32m2025-09-21 00:52:44 - Completed prompt #82[0m
[0;34m2025-09-21 00:52:49 - Generating prompt #83 (Section 5, Prompt 15/17)[0m
[1;33m2025-09-21 00:52:49 - Running prompt generation...[0m
5-hour limit reached ∙ resets 5am
[0;32m2025-09-21 00:53:00 - Completed prompt #83[0m
[0;34m2025-09-21 00:53:05 - Generating prompt #84 (Section 5, Prompt 16/17)[0m
[1;33m2025-09-21 00:53:05 - Running prompt generation...[0m
5-hour limit reached ∙ resets 5am
[0;32m2025-09-21 00:53:14 - Completed prompt #84[0m
[0;34m2025-09-21 00:53:19 - Generating prompt #85 (Section 5, Prompt 17/17)[0m
[1;33m2025-09-21 00:53:19 - Running prompt generation...[0m
5-hour limit reached ∙ resets 5am
[0;32m2025-09-21 00:53:31 - Completed prompt #85[0m
[0;34m2025-09-21 00:53:36 - Generating prompt #86 (Section 6, Prompt 1/17)[0m
[1;33m2025-09-21 00:53:36 - Running prompt generation...[0m
5-hour limit reached ∙ resets 5am
[0;32m2025-09-21 00:53:47 - Completed prompt #86[0m
[0;34m2025-09-21 00:53:52 - Generating prompt #87 (Section 6, Prompt 2/17)[0m
[1;33m2025-09-21 00:53:52 - Running prompt generation...[0m
5-hour limit reached ∙ resets 5am
[0;32m2025-09-21 00:54:03 - Completed prompt #87[0m
[0;34m2025-09-21 00:54:08 - Generating prompt #88 (Section 6, Prompt 3/17)[0m
[1;33m2025-09-21 00:54:08 - Running prompt generation...[0m
5-hour limit reached ∙ resets 5am
[0;32m2025-09-21 00:54:19 - Completed prompt #88[0m
[0;34m2025-09-21 00:54:25 - Generating prompt #89 (Section 6, Prompt 4/17)[0m
[1;33m2025-09-21 00:54:25 - Running prompt generation...[0m
5-hour limit reached ∙ resets 5am
[0;32m2025-09-21 00:54:36 - Completed prompt #89[0m
[0;34m2025-09-21 00:54:41 - Generating prompt #90 (Section 6, Prompt 5/17)[0m
[1;33m2025-09-21 00:54:41 - Running prompt generation...[0m
5-hour limit reached ∙ resets 5am
[0;32m2025-09-21 00:54:54 - Completed prompt #90[0m
[0;34m2025-09-21 00:54:59 - Generating prompt #91 (Section 6, Prompt 6/17)[0m
[1;33m2025-09-21 00:54:59 - Running prompt generation...[0m
5-hour limit reached ∙ resets 5am
[0;32m2025-09-21 00:55:11 - Completed prompt #91[0m
[0;34m2025-09-21 00:55:16 - Generating prompt #92 (Section 6, Prompt 7/17)[0m
[1;33m2025-09-21 00:55:16 - Running prompt generation...[0m
5-hour limit reached ∙ resets 5am
[0;32m2025-09-21 00:55:26 - Completed prompt #92[0m
[0;34m2025-09-21 00:55:31 - Generating prompt #93 (Section 6, Prompt 8/17)[0m
[1;33m2025-09-21 00:55:31 - Running prompt generation...[0m
5-hour limit reached ∙ resets 5am
[0;32m2025-09-21 00:55:42 - Completed prompt #93[0m
[0;34m2025-09-21 00:55:47 - Generating prompt #94 (Section 6, Prompt 9/17)[0m
[1;33m2025-09-21 00:55:47 - Running prompt generation...[0m
5-hour limit reached ∙ resets 5am
[0;32m2025-09-21 00:55:57 - Completed prompt #94[0m
[0;34m2025-09-21 00:56:03 - Generating prompt #95 (Section 6, Prompt 10/17)[0m
[1;33m2025-09-21 00:56:03 - Running prompt generation...[0m
5-hour limit reached ∙ resets 5am
[0;32m2025-09-21 00:56:15 - Completed prompt #95[0m
[0;34m2025-09-21 00:56:20 - Generating prompt #96 (Section 6, Prompt 11/17)[0m
[1;33m2025-09-21 00:56:20 - Running prompt generation...[0m
5-hour limit reached ∙ resets 5am
[0;32m2025-09-21 00:56:31 - Completed prompt #96[0m
[0;34m2025-09-21 00:56:36 - Generating prompt #97 (Section 6, Prompt 12/17)[0m
[1;33m2025-09-21 00:56:36 - Running prompt generation...[0m
5-hour limit reached ∙ resets 5am
[0;32m2025-09-21 00:56:48 - Completed prompt #97[0m
[0;34m2025-09-21 00:56:53 - Generating prompt #98 (Section 6, Prompt 13/17)[0m
[1;33m2025-09-21 00:56:53 - Running prompt generation...[0m
5-hour limit reached ∙ resets 5am
[0;32m2025-09-21 00:57:06 - Completed prompt #98[0m
[0;34m2025-09-21 00:57:11 - Generating prompt #99 (Section 6, Prompt 14/17)[0m
[1;33m2025-09-21 00:57:11 - Running prompt generation...[0m
5-hour limit reached ∙ resets 5am
[0;32m2025-09-21 00:57:21 - Completed prompt #99[0m
[0;34m2025-09-21 00:57:26 - Generating prompt #100 (Section 6, Prompt 15/17)[0m
[1;33m2025-09-21 00:57:26 - Running prompt generation...[0m
5-hour limit reached ∙ resets 5am
[0;32m2025-09-21 00:57:38 - Completed prompt #100[0m
[0;34m2025-09-21 00:57:43 - Generating prompt #101 (Section 6, Prompt 16/17)[0m
[1;33m2025-09-21 00:57:44 - Running prompt generation...[0m
5-hour limit reached ∙ resets 5am
[0;32m2025-09-21 00:57:56 - Completed prompt #101[0m
[0;34m2025-09-21 00:58:01 - Generating prompt #102 (Section 6, Prompt 17/17)[0m
[1;33m2025-09-21 00:58:01 - Running prompt generation...[0m
5-hour limit reached ∙ resets 5am
[0;32m2025-09-21 00:58:11 - Completed prompt #102[0m
