[0;34m2025-09-19 20:10:17 - Starting Prompt Generation Cycle for template: online-course[0m
[0;32m2025-09-19 20:10:17 - Using existing worktree: ../templata-online-course[0m
[1;33m2025-09-19 20:10:17 - Creating template prompt file: prompts-online-course.ts[0m
[0;32m2025-09-19 20:10:17 - Created template prompt file: ../templata-online-course/src/data/prompts-online-course.ts[0m
[0;34m2025-09-19 20:10:17 - Generating prompt #1 (Section 1, Prompt 1/17)[0m
[1;33m2025-09-19 20:10:17 - Running prompt generation...[0m
PROMPT GENERATION COMPLETE - Prompt #1
[0;32m2025-09-19 20:10:34 - Completed prompt #1[0m
[0;34m2025-09-19 20:10:39 - Generating prompt #2 (Section 1, Prompt 2/17)[0m
[1;33m2025-09-19 20:10:39 - Running prompt generation...[0m
PROMPT GENERATION COMPLETE - Prompt #2
[0;32m2025-09-19 20:10:56 - Completed prompt #2[0m
[0;34m2025-09-19 20:11:02 - Generating prompt #3 (Section 1, Prompt 3/17)[0m
[1;33m2025-09-19 20:11:02 - Running prompt generation...[0m
PROMPT GENERATION COMPLETE - Prompt #3
[0;32m2025-09-19 20:11:21 - Completed prompt #3[0m
[0;34m2025-09-19 20:11:26 - Generating prompt #4 (Section 1, Prompt 4/17)[0m
[1;33m2025-09-19 20:11:26 - Running prompt generation...[0m
PROMPT GENERATION COMPLETE - Prompt #4
[0;32m2025-09-19 20:11:44 - Completed prompt #4[0m
[0;34m2025-09-19 20:11:49 - Generating prompt #5 (Section 1, Prompt 5/17)[0m
[1;33m2025-09-19 20:11:49 - Running prompt generation...[0m
PROMPT GENERATION COMPLETE - Prompt #5
[0;32m2025-09-19 20:12:10 - Completed prompt #5[0m
[0;34m2025-09-19 20:12:15 - Generating prompt #6 (Section 1, Prompt 6/17)[0m
[1;33m2025-09-19 20:12:15 - Running prompt generation...[0m
PROMPT GENERATION COMPLETE - Prompt #6
[0;32m2025-09-19 20:12:34 - Completed prompt #6[0m
[0;34m2025-09-19 20:12:39 - Generating prompt #7 (Section 1, Prompt 7/17)[0m
[1;33m2025-09-19 20:12:39 - Running prompt generation...[0m
PROMPT GENERATION COMPLETE - Prompt #7
[0;32m2025-09-19 20:12:59 - Completed prompt #7[0m
[0;34m2025-09-19 20:13:04 - Generating prompt #8 (Section 1, Prompt 8/17)[0m
[1;33m2025-09-19 20:13:04 - Running prompt generation...[0m
PROMPT GENERATION COMPLETE - Prompt #8
[0;32m2025-09-19 20:13:23 - Completed prompt #8[0m
[0;34m2025-09-19 20:13:29 - Generating prompt #9 (Section 1, Prompt 9/17)[0m
[1;33m2025-09-19 20:13:29 - Running prompt generation...[0m
PROMPT GENERATION COMPLETE - Prompt #9
[0;32m2025-09-19 20:13:51 - Completed prompt #9[0m
[0;34m2025-09-19 20:13:56 - Generating prompt #10 (Section 1, Prompt 10/17)[0m
[1;33m2025-09-19 20:13:56 - Running prompt generation...[0m
PROMPT GENERATION COMPLETE - Prompt #10
[0;32m2025-09-19 20:14:15 - Completed prompt #10[0m
[0;34m2025-09-19 20:14:20 - Generating prompt #11 (Section 1, Prompt 11/17)[0m
[1;33m2025-09-19 20:14:20 - Running prompt generation...[0m
PROMPT GENERATION COMPLETE - Prompt #11
[0;32m2025-09-19 20:14:40 - Completed prompt #11[0m
[0;34m2025-09-19 20:14:45 - Generating prompt #12 (Section 1, Prompt 12/17)[0m
[1;33m2025-09-19 20:14:45 - Running prompt generation...[0m
PROMPT GENERATION COMPLETE - Prompt #12
[0;32m2025-09-19 20:15:10 - Completed prompt #12[0m
[0;34m2025-09-19 20:15:15 - Generating prompt #13 (Section 1, Prompt 13/17)[0m
[1;33m2025-09-19 20:15:15 - Running prompt generation...[0m
PROMPT GENERATION COMPLETE - Prompt #13
[0;32m2025-09-19 20:15:35 - Completed prompt #13[0m
[0;34m2025-09-19 20:15:40 - Generating prompt #14 (Section 1, Prompt 14/17)[0m
[1;33m2025-09-19 20:15:40 - Running prompt generation...[0m
PROMPT GENERATION COMPLETE - Prompt #14
[0;32m2025-09-19 20:16:01 - Completed prompt #14[0m
[0;34m2025-09-19 20:16:06 - Generating prompt #15 (Section 1, Prompt 15/17)[0m
[1;33m2025-09-19 20:16:06 - Running prompt generation...[0m
PROMPT GENERATION COMPLETE - Prompt #15
[0;32m2025-09-19 20:16:26 - Completed prompt #15[0m
[0;34m2025-09-19 20:16:31 - Generating prompt #16 (Section 1, Prompt 16/17)[0m
[1;33m2025-09-19 20:16:31 - Running prompt generation...[0m
PROMPT GENERATION COMPLETE - Prompt #16
[0;32m2025-09-19 20:16:52 - Completed prompt #16[0m
[0;34m2025-09-19 20:16:57 - Generating prompt #17 (Section 1, Prompt 17/17)[0m
[1;33m2025-09-19 20:16:57 - Running prompt generation...[0m
PROMPT GENERATION COMPLETE - Prompt #17
[0;32m2025-09-19 20:17:18 - Completed prompt #17[0m
[0;34m2025-09-19 20:17:23 - Generating prompt #18 (Section 2, Prompt 1/17)[0m
[1;33m2025-09-19 20:17:23 - Running prompt generation...[0m
PROMPT GENERATION COMPLETE - Prompt #18
[0;32m2025-09-19 20:17:43 - Completed prompt #18[0m
[0;34m2025-09-19 20:17:48 - Generating prompt #19 (Section 2, Prompt 2/17)[0m
[1;33m2025-09-19 20:17:48 - Running prompt generation...[0m
PROMPT GENERATION COMPLETE - Prompt #19
[0;32m2025-09-19 20:18:09 - Completed prompt #19[0m
[0;34m2025-09-19 20:18:14 - Generating prompt #20 (Section 2, Prompt 3/17)[0m
[1;33m2025-09-19 20:18:14 - Running prompt generation...[0m
PROMPT GENERATION COMPLETE - Prompt #20
[0;32m2025-09-19 20:18:34 - Completed prompt #20[0m
[0;34m2025-09-19 20:18:39 - Generating prompt #21 (Section 2, Prompt 4/17)[0m
[1;33m2025-09-19 20:18:39 - Running prompt generation...[0m
PROMPT GENERATION COMPLETE - Prompt #21
[0;32m2025-09-19 20:18:59 - Completed prompt #21[0m
[0;34m2025-09-19 20:19:04 - Generating prompt #22 (Section 2, Prompt 5/17)[0m
[1;33m2025-09-19 20:19:04 - Running prompt generation...[0m
PROMPT GENERATION COMPLETE - Prompt #22
[0;32m2025-09-19 20:19:24 - Completed prompt #22[0m
[0;34m2025-09-19 20:19:29 - Generating prompt #23 (Section 2, Prompt 6/17)[0m
[1;33m2025-09-19 20:19:29 - Running prompt generation...[0m
PROMPT GENERATION COMPLETE - Prompt #23
[0;32m2025-09-19 20:19:51 - Completed prompt #23[0m
[0;34m2025-09-19 20:19:56 - Generating prompt #24 (Section 2, Prompt 7/17)[0m
[1;33m2025-09-19 20:19:56 - Running prompt generation...[0m
PROMPT GENERATION COMPLETE - Prompt #24
[0;32m2025-09-19 20:20:19 - Completed prompt #24[0m
[0;34m2025-09-19 20:20:24 - Generating prompt #25 (Section 2, Prompt 8/17)[0m
[1;33m2025-09-19 20:20:24 - Running prompt generation...[0m
PROMPT GENERATION COMPLETE - Prompt #25
[0;32m2025-09-19 20:20:45 - Completed prompt #25[0m
[0;34m2025-09-19 20:20:50 - Generating prompt #26 (Section 2, Prompt 9/17)[0m
[1;33m2025-09-19 20:20:50 - Running prompt generation...[0m
PROMPT GENERATION COMPLETE - Prompt #26
[0;32m2025-09-19 20:21:11 - Completed prompt #26[0m
[0;34m2025-09-19 20:21:16 - Generating prompt #27 (Section 2, Prompt 10/17)[0m
[1;33m2025-09-19 20:21:16 - Running prompt generation...[0m
PROMPT GENERATION COMPLETE - Prompt #27
[0;32m2025-09-19 20:21:39 - Completed prompt #27[0m
[0;34m2025-09-19 20:21:44 - Generating prompt #28 (Section 2, Prompt 11/17)[0m
[1;33m2025-09-19 20:21:44 - Running prompt generation...[0m
PROMPT GENERATION COMPLETE - Prompt #28
[0;32m2025-09-19 20:22:06 - Completed prompt #28[0m
[0;34m2025-09-19 20:22:11 - Generating prompt #29 (Section 2, Prompt 12/17)[0m
[1;33m2025-09-19 20:22:11 - Running prompt generation...[0m
PROMPT GENERATION COMPLETE - Prompt #29
[0;32m2025-09-19 20:22:30 - Completed prompt #29[0m
[0;34m2025-09-19 20:22:35 - Generating prompt #30 (Section 2, Prompt 13/17)[0m
[1;33m2025-09-19 20:22:35 - Running prompt generation...[0m
PROMPT GENERATION COMPLETE - Prompt #30
[0;32m2025-09-19 20:22:56 - Completed prompt #30[0m
[0;34m2025-09-19 20:23:01 - Generating prompt #31 (Section 2, Prompt 14/17)[0m
[1;33m2025-09-19 20:23:01 - Running prompt generation...[0m
PROMPT GENERATION COMPLETE - Prompt #31
[0;32m2025-09-19 20:23:21 - Completed prompt #31[0m
[0;34m2025-09-19 20:23:26 - Generating prompt #32 (Section 2, Prompt 15/17)[0m
[1;33m2025-09-19 20:23:26 - Running prompt generation...[0m
PROMPT GENERATION COMPLETE - Prompt #32
[0;32m2025-09-19 20:23:49 - Completed prompt #32[0m
[0;34m2025-09-19 20:23:54 - Generating prompt #33 (Section 2, Prompt 16/17)[0m
[1;33m2025-09-19 20:23:54 - Running prompt generation...[0m
PROMPT GENERATION COMPLETE - Prompt #33
[0;32m2025-09-19 20:24:12 - Completed prompt #33[0m
[0;34m2025-09-19 20:24:17 - Generating prompt #34 (Section 2, Prompt 17/17)[0m
[1;33m2025-09-19 20:24:17 - Running prompt generation...[0m
PROMPT GENERATION COMPLETE - Prompt #34
[0;32m2025-09-19 20:24:39 - Completed prompt #34[0m
[0;34m2025-09-19 20:24:44 - Generating prompt #35 (Section 3, Prompt 1/17)[0m
[1;33m2025-09-19 20:24:44 - Running prompt generation...[0m
PROMPT GENERATION COMPLETE - Prompt #35
[0;32m2025-09-19 20:25:03 - Completed prompt #35[0m
[0;34m2025-09-19 20:25:08 - Generating prompt #36 (Section 3, Prompt 2/17)[0m
[1;33m2025-09-19 20:25:08 - Running prompt generation...[0m
PROMPT GENERATION COMPLETE - Prompt #36
[0;32m2025-09-19 20:25:30 - Completed prompt #36[0m
[0;34m2025-09-19 20:25:35 - Generating prompt #37 (Section 3, Prompt 3/17)[0m
[1;33m2025-09-19 20:25:35 - Running prompt generation...[0m
PROMPT GENERATION COMPLETE - Prompt #37
[0;32m2025-09-19 20:25:56 - Completed prompt #37[0m
[0;34m2025-09-19 20:26:01 - Generating prompt #38 (Section 3, Prompt 4/17)[0m
[1;33m2025-09-19 20:26:01 - Running prompt generation...[0m
PROMPT GENERATION COMPLETE - Prompt #38
[0;32m2025-09-19 20:26:23 - Completed prompt #38[0m
[0;34m2025-09-19 20:26:28 - Generating prompt #39 (Section 3, Prompt 5/17)[0m
[1;33m2025-09-19 20:26:28 - Running prompt generation...[0m
PROMPT GENERATION COMPLETE - Prompt #39
[0;32m2025-09-19 20:26:49 - Completed prompt #39[0m
[0;34m2025-09-19 20:26:54 - Generating prompt #40 (Section 3, Prompt 6/17)[0m
[1;33m2025-09-19 20:26:54 - Running prompt generation...[0m
PROMPT GENERATION COMPLETE - Prompt #40
[0;32m2025-09-19 20:27:15 - Completed prompt #40[0m
[0;34m2025-09-19 20:27:20 - Generating prompt #41 (Section 3, Prompt 7/17)[0m
[1;33m2025-09-19 20:27:20 - Running prompt generation...[0m
PROMPT GENERATION COMPLETE - Prompt #41
[0;32m2025-09-19 20:27:41 - Completed prompt #41[0m
[0;34m2025-09-19 20:27:46 - Generating prompt #42 (Section 3, Prompt 8/17)[0m
[1;33m2025-09-19 20:27:46 - Running prompt generation...[0m
PROMPT GENERATION COMPLETE - Prompt #42
[0;32m2025-09-19 20:28:09 - Completed prompt #42[0m
[0;34m2025-09-19 20:28:14 - Generating prompt #43 (Section 3, Prompt 9/17)[0m
[1;33m2025-09-19 20:28:14 - Running prompt generation...[0m
PROMPT GENERATION COMPLETE - Prompt #43
[0;32m2025-09-19 20:28:33 - Completed prompt #43[0m
[0;34m2025-09-19 20:28:38 - Generating prompt #44 (Section 3, Prompt 10/17)[0m
[1;33m2025-09-19 20:28:38 - Running prompt generation...[0m
PROMPT GENERATION COMPLETE - Prompt #44
[0;32m2025-09-19 20:29:00 - Completed prompt #44[0m
[0;34m2025-09-19 20:29:05 - Generating prompt #45 (Section 3, Prompt 11/17)[0m
[1;33m2025-09-19 20:29:05 - Running prompt generation...[0m
PROMPT GENERATION COMPLETE - Prompt #45
[0;32m2025-09-19 20:29:26 - Completed prompt #45[0m
[0;34m2025-09-19 20:29:31 - Generating prompt #46 (Section 3, Prompt 12/17)[0m
[1;33m2025-09-19 20:29:31 - Running prompt generation...[0m
PROMPT GENERATION COMPLETE - Prompt #46
[0;32m2025-09-19 20:29:54 - Completed prompt #46[0m
[0;34m2025-09-19 20:29:59 - Generating prompt #47 (Section 3, Prompt 13/17)[0m
[1;33m2025-09-19 20:29:59 - Running prompt generation...[0m
PROMPT GENERATION COMPLETE - Prompt #47
[0;32m2025-09-19 20:30:29 - Completed prompt #47[0m
[0;34m2025-09-19 20:30:34 - Generating prompt #48 (Section 3, Prompt 14/17)[0m
[1;33m2025-09-19 20:30:34 - Running prompt generation...[0m
PROMPT GENERATION COMPLETE - Prompt #48
[0;32m2025-09-19 20:30:54 - Completed prompt #48[0m
[0;34m2025-09-19 20:30:59 - Generating prompt #49 (Section 3, Prompt 15/17)[0m
[1;33m2025-09-19 20:30:59 - Running prompt generation...[0m
5-hour limit reached ∙ resets 12am
[0;32m2025-09-19 20:31:05 - Completed prompt #49[0m
[0;34m2025-09-19 20:31:11 - Generating prompt #50 (Section 3, Prompt 16/17)[0m
[1;33m2025-09-19 20:31:11 - Running prompt generation...[0m
5-hour limit reached ∙ resets 12am
[0;32m2025-09-19 20:31:18 - Completed prompt #50[0m
[0;34m2025-09-19 20:31:23 - Generating prompt #51 (Section 3, Prompt 17/17)[0m
[1;33m2025-09-19 20:31:23 - Running prompt generation...[0m
5-hour limit reached ∙ resets 12am
[0;32m2025-09-19 20:31:30 - Completed prompt #51[0m
[0;34m2025-09-19 20:31:35 - Generating prompt #52 (Section 4, Prompt 1/17)[0m
[1;33m2025-09-19 20:31:35 - Running prompt generation...[0m
5-hour limit reached ∙ resets 12am
[0;32m2025-09-19 20:31:43 - Completed prompt #52[0m
[0;34m2025-09-19 20:31:48 - Generating prompt #53 (Section 4, Prompt 2/17)[0m
[1;33m2025-09-19 20:31:48 - Running prompt generation...[0m
5-hour limit reached ∙ resets 12am
[0;32m2025-09-19 20:31:55 - Completed prompt #53[0m
[0;34m2025-09-19 20:32:00 - Generating prompt #54 (Section 4, Prompt 3/17)[0m
[1;33m2025-09-19 20:32:00 - Running prompt generation...[0m
5-hour limit reached ∙ resets 12am
[0;32m2025-09-19 20:32:09 - Completed prompt #54[0m
[0;34m2025-09-19 20:32:14 - Generating prompt #55 (Section 4, Prompt 4/17)[0m
[1;33m2025-09-19 20:32:14 - Running prompt generation...[0m
5-hour limit reached ∙ resets 12am
[0;32m2025-09-19 20:32:22 - Completed prompt #55[0m
[0;34m2025-09-19 20:32:27 - Generating prompt #56 (Section 4, Prompt 5/17)[0m
[1;33m2025-09-19 20:32:27 - Running prompt generation...[0m
5-hour limit reached ∙ resets 12am
[0;32m2025-09-19 20:32:35 - Completed prompt #56[0m
[0;34m2025-09-19 20:32:40 - Generating prompt #57 (Section 4, Prompt 6/17)[0m
[1;33m2025-09-19 20:32:41 - Running prompt generation...[0m
5-hour limit reached ∙ resets 12am
[0;32m2025-09-19 20:32:48 - Completed prompt #57[0m
[0;34m2025-09-19 20:32:53 - Generating prompt #58 (Section 4, Prompt 7/17)[0m
[1;33m2025-09-19 20:32:53 - Running prompt generation...[0m
5-hour limit reached ∙ resets 12am
[0;32m2025-09-19 20:33:03 - Completed prompt #58[0m
[0;34m2025-09-19 20:33:08 - Generating prompt #59 (Section 4, Prompt 8/17)[0m
[1;33m2025-09-19 20:33:08 - Running prompt generation...[0m
5-hour limit reached ∙ resets 12am
[0;32m2025-09-19 20:33:16 - Completed prompt #59[0m
[0;34m2025-09-19 20:33:22 - Generating prompt #60 (Section 4, Prompt 9/17)[0m
[1;33m2025-09-19 20:33:22 - Running prompt generation...[0m
5-hour limit reached ∙ resets 12am
[0;32m2025-09-19 20:33:30 - Completed prompt #60[0m
[0;34m2025-09-19 20:33:35 - Generating prompt #61 (Section 4, Prompt 10/17)[0m
[1;33m2025-09-19 20:33:35 - Running prompt generation...[0m
5-hour limit reached ∙ resets 12am
[0;32m2025-09-19 20:33:44 - Completed prompt #61[0m
[0;34m2025-09-19 20:33:49 - Generating prompt #62 (Section 4, Prompt 11/17)[0m
[1;33m2025-09-19 20:33:49 - Running prompt generation...[0m
5-hour limit reached ∙ resets 12am
[0;32m2025-09-19 20:33:58 - Completed prompt #62[0m
[0;34m2025-09-19 20:34:03 - Generating prompt #63 (Section 4, Prompt 12/17)[0m
[1;33m2025-09-19 20:34:03 - Running prompt generation...[0m
5-hour limit reached ∙ resets 12am
[0;32m2025-09-19 20:34:12 - Completed prompt #63[0m
[0;34m2025-09-19 20:34:17 - Generating prompt #64 (Section 4, Prompt 13/17)[0m
[1;33m2025-09-19 20:34:17 - Running prompt generation...[0m
5-hour limit reached ∙ resets 12am
[0;32m2025-09-19 20:34:26 - Completed prompt #64[0m
[0;34m2025-09-19 20:34:31 - Generating prompt #65 (Section 4, Prompt 14/17)[0m
[1;33m2025-09-19 20:34:31 - Running prompt generation...[0m
5-hour limit reached ∙ resets 12am
[0;32m2025-09-19 20:34:39 - Completed prompt #65[0m
[0;34m2025-09-19 20:34:44 - Generating prompt #66 (Section 4, Prompt 15/17)[0m
[1;33m2025-09-19 20:34:44 - Running prompt generation...[0m
5-hour limit reached ∙ resets 12am
[0;32m2025-09-19 20:34:52 - Completed prompt #66[0m
[0;34m2025-09-19 20:34:57 - Generating prompt #67 (Section 4, Prompt 16/17)[0m
[1;33m2025-09-19 20:34:57 - Running prompt generation...[0m
5-hour limit reached ∙ resets 12am
[0;32m2025-09-19 20:35:05 - Completed prompt #67[0m
[0;34m2025-09-19 20:35:11 - Generating prompt #68 (Section 4, Prompt 17/17)[0m
[1;33m2025-09-19 20:35:11 - Running prompt generation...[0m
5-hour limit reached ∙ resets 12am
[0;32m2025-09-19 20:35:19 - Completed prompt #68[0m
[0;34m2025-09-19 20:35:24 - Generating prompt #69 (Section 5, Prompt 1/17)[0m
[1;33m2025-09-19 20:35:24 - Running prompt generation...[0m
5-hour limit reached ∙ resets 12am
[0;32m2025-09-19 20:35:33 - Completed prompt #69[0m
[0;34m2025-09-19 20:35:38 - Generating prompt #70 (Section 5, Prompt 2/17)[0m
[1;33m2025-09-19 20:35:38 - Running prompt generation...[0m
5-hour limit reached ∙ resets 12am
[0;32m2025-09-19 20:35:47 - Completed prompt #70[0m
[0;34m2025-09-19 20:35:52 - Generating prompt #71 (Section 5, Prompt 3/17)[0m
[1;33m2025-09-19 20:35:52 - Running prompt generation...[0m
5-hour limit reached ∙ resets 12am
[0;32m2025-09-19 20:36:00 - Completed prompt #71[0m
[0;34m2025-09-19 20:36:05 - Generating prompt #72 (Section 5, Prompt 4/17)[0m
[1;33m2025-09-19 20:36:05 - Running prompt generation...[0m
5-hour limit reached ∙ resets 12am
[0;32m2025-09-19 20:36:14 - Completed prompt #72[0m
[0;34m2025-09-19 20:36:19 - Generating prompt #73 (Section 5, Prompt 5/17)[0m
[1;33m2025-09-19 20:36:19 - Running prompt generation...[0m
5-hour limit reached ∙ resets 12am
[0;32m2025-09-19 20:36:27 - Completed prompt #73[0m
[0;34m2025-09-19 20:36:32 - Generating prompt #74 (Section 5, Prompt 6/17)[0m
[1;33m2025-09-19 20:36:32 - Running prompt generation...[0m
5-hour limit reached ∙ resets 12am
[0;32m2025-09-19 20:36:41 - Completed prompt #74[0m
[0;34m2025-09-19 20:36:46 - Generating prompt #75 (Section 5, Prompt 7/17)[0m
[1;33m2025-09-19 20:36:46 - Running prompt generation...[0m
5-hour limit reached ∙ resets 12am
[0;32m2025-09-19 20:36:55 - Completed prompt #75[0m
[0;34m2025-09-19 20:37:00 - Generating prompt #76 (Section 5, Prompt 8/17)[0m
[1;33m2025-09-19 20:37:00 - Running prompt generation...[0m
5-hour limit reached ∙ resets 12am
[0;32m2025-09-19 20:37:08 - Completed prompt #76[0m
[0;34m2025-09-19 20:37:14 - Generating prompt #77 (Section 5, Prompt 9/17)[0m
[1;33m2025-09-19 20:37:14 - Running prompt generation...[0m
5-hour limit reached ∙ resets 12am
[0;32m2025-09-19 20:37:22 - Completed prompt #77[0m
[0;34m2025-09-19 20:37:27 - Generating prompt #78 (Section 5, Prompt 10/17)[0m
[1;33m2025-09-19 20:37:27 - Running prompt generation...[0m
5-hour limit reached ∙ resets 12am
[0;32m2025-09-19 20:37:37 - Completed prompt #78[0m
[0;34m2025-09-19 20:37:42 - Generating prompt #79 (Section 5, Prompt 11/17)[0m
[1;33m2025-09-19 20:37:42 - Running prompt generation...[0m
5-hour limit reached ∙ resets 12am
[0;32m2025-09-19 20:37:51 - Completed prompt #79[0m
[0;34m2025-09-19 20:37:56 - Generating prompt #80 (Section 5, Prompt 12/17)[0m
[1;33m2025-09-19 20:37:56 - Running prompt generation...[0m
5-hour limit reached ∙ resets 12am
[0;32m2025-09-19 20:38:05 - Completed prompt #80[0m
[0;34m2025-09-19 20:38:10 - Generating prompt #81 (Section 5, Prompt 13/17)[0m
[1;33m2025-09-19 20:38:11 - Running prompt generation...[0m
5-hour limit reached ∙ resets 12am
[0;32m2025-09-19 20:38:19 - Completed prompt #81[0m
[0;34m2025-09-19 20:38:24 - Generating prompt #82 (Section 5, Prompt 14/17)[0m
[1;33m2025-09-19 20:38:24 - Running prompt generation...[0m
5-hour limit reached ∙ resets 12am
[0;32m2025-09-19 20:38:34 - Completed prompt #82[0m
[0;34m2025-09-19 20:38:39 - Generating prompt #83 (Section 5, Prompt 15/17)[0m
[1;33m2025-09-19 20:38:39 - Running prompt generation...[0m
5-hour limit reached ∙ resets 12am
[0;32m2025-09-19 20:38:48 - Completed prompt #83[0m
[0;34m2025-09-19 20:38:54 - Generating prompt #84 (Section 5, Prompt 16/17)[0m
[1;33m2025-09-19 20:38:54 - Running prompt generation...[0m
5-hour limit reached ∙ resets 12am
[0;32m2025-09-19 20:39:04 - Completed prompt #84[0m
[0;34m2025-09-19 20:39:09 - Generating prompt #85 (Section 5, Prompt 17/17)[0m
[1;33m2025-09-19 20:39:09 - Running prompt generation...[0m
5-hour limit reached ∙ resets 12am
[0;32m2025-09-19 20:39:17 - Completed prompt #85[0m
[0;34m2025-09-19 20:39:23 - Generating prompt #86 (Section 6, Prompt 1/17)[0m
[1;33m2025-09-19 20:39:23 - Running prompt generation...[0m
5-hour limit reached ∙ resets 12am
[0;32m2025-09-19 20:39:29 - Completed prompt #86[0m
[0;34m2025-09-19 20:39:34 - Generating prompt #87 (Section 6, Prompt 2/17)[0m
[1;33m2025-09-19 20:39:34 - Running prompt generation...[0m
5-hour limit reached ∙ resets 12am
[0;32m2025-09-19 20:39:42 - Completed prompt #87[0m
[0;34m2025-09-19 20:39:47 - Generating prompt #88 (Section 6, Prompt 3/17)[0m
[1;33m2025-09-19 20:39:47 - Running prompt generation...[0m
5-hour limit reached ∙ resets 12am
[0;32m2025-09-19 20:39:55 - Completed prompt #88[0m
[0;34m2025-09-19 20:40:00 - Generating prompt #89 (Section 6, Prompt 4/17)[0m
[1;33m2025-09-19 20:40:00 - Running prompt generation...[0m
5-hour limit reached ∙ resets 12am
[0;32m2025-09-19 20:40:09 - Completed prompt #89[0m
[0;34m2025-09-19 20:40:14 - Generating prompt #90 (Section 6, Prompt 5/17)[0m
[1;33m2025-09-19 20:40:14 - Running prompt generation...[0m
5-hour limit reached ∙ resets 12am
[0;32m2025-09-19 20:40:24 - Completed prompt #90[0m
[0;34m2025-09-19 20:40:29 - Generating prompt #91 (Section 6, Prompt 6/17)[0m
[1;33m2025-09-19 20:40:29 - Running prompt generation...[0m
5-hour limit reached ∙ resets 12am
[0;32m2025-09-19 20:40:38 - Completed prompt #91[0m
[0;34m2025-09-19 20:40:43 - Generating prompt #92 (Section 6, Prompt 7/17)[0m
[1;33m2025-09-19 20:40:43 - Running prompt generation...[0m
5-hour limit reached ∙ resets 12am
[0;32m2025-09-19 20:40:52 - Completed prompt #92[0m
[0;34m2025-09-19 20:40:57 - Generating prompt #93 (Section 6, Prompt 8/17)[0m
[1;33m2025-09-19 20:40:57 - Running prompt generation...[0m
5-hour limit reached ∙ resets 12am
[0;32m2025-09-19 20:41:05 - Completed prompt #93[0m
[0;34m2025-09-19 20:41:10 - Generating prompt #94 (Section 6, Prompt 9/17)[0m
[1;33m2025-09-19 20:41:10 - Running prompt generation...[0m
5-hour limit reached ∙ resets 12am
[0;32m2025-09-19 20:41:19 - Completed prompt #94[0m
[0;34m2025-09-19 20:41:24 - Generating prompt #95 (Section 6, Prompt 10/17)[0m
[1;33m2025-09-19 20:41:24 - Running prompt generation...[0m
5-hour limit reached ∙ resets 12am
[0;32m2025-09-19 20:41:32 - Completed prompt #95[0m
[0;34m2025-09-19 20:41:37 - Generating prompt #96 (Section 6, Prompt 11/17)[0m
[1;33m2025-09-19 20:41:37 - Running prompt generation...[0m
5-hour limit reached ∙ resets 12am
[0;32m2025-09-19 20:41:44 - Completed prompt #96[0m
[0;34m2025-09-19 20:41:49 - Generating prompt #97 (Section 6, Prompt 12/17)[0m
[1;33m2025-09-19 20:41:49 - Running prompt generation...[0m
5-hour limit reached ∙ resets 12am
[0;32m2025-09-19 20:41:56 - Completed prompt #97[0m
[0;34m2025-09-19 20:42:01 - Generating prompt #98 (Section 6, Prompt 13/17)[0m
[1;33m2025-09-19 20:42:01 - Running prompt generation...[0m
5-hour limit reached ∙ resets 12am
[0;32m2025-09-19 20:42:10 - Completed prompt #98[0m
[0;34m2025-09-19 20:42:15 - Generating prompt #99 (Section 6, Prompt 14/17)[0m
[1;33m2025-09-19 20:42:15 - Running prompt generation...[0m
5-hour limit reached ∙ resets 12am
[0;32m2025-09-19 20:42:23 - Completed prompt #99[0m
[0;34m2025-09-19 20:42:28 - Generating prompt #100 (Section 6, Prompt 15/17)[0m
[1;33m2025-09-19 20:42:28 - Running prompt generation...[0m
5-hour limit reached ∙ resets 12am
[0;32m2025-09-19 20:42:38 - Completed prompt #100[0m
[0;34m2025-09-19 20:42:43 - Generating prompt #101 (Section 6, Prompt 16/17)[0m
[1;33m2025-09-19 20:42:43 - Running prompt generation...[0m
5-hour limit reached ∙ resets 12am
[0;32m2025-09-19 20:42:51 - Completed prompt #101[0m
[0;34m2025-09-19 20:42:56 - Generating prompt #102 (Section 6, Prompt 17/17)[0m
[1;33m2025-09-19 20:42:56 - Running prompt generation...[0m
5-hour limit reached ∙ resets 12am
[0;32m2025-09-19 20:43:04 - Completed prompt #102[0m
[0;34m2025-09-20 00:04:33 - Starting Prompt Generation Cycle for template: online-course[0m
[0;32m2025-09-20 00:04:33 - Using existing worktree: ../templata-online-course[0m
[0;34m2025-09-20 00:04:33 - Generating prompt #49 (Section 3, Prompt 15/17)[0m
[1;33m2025-09-20 00:04:34 - Running prompt generation...[0m
PROMPT GENERATION COMPLETE - Prompt #49
[0;32m2025-09-20 00:05:11 - Completed prompt #49[0m
[0;34m2025-09-20 00:05:16 - Generating prompt #50 (Section 3, Prompt 16/17)[0m
[1;33m2025-09-20 00:05:16 - Running prompt generation...[0m
PROMPT GENERATION COMPLETE - Prompt #50
[0;32m2025-09-20 00:05:54 - Completed prompt #50[0m
[0;34m2025-09-20 00:05:59 - Generating prompt #51 (Section 3, Prompt 17/17)[0m
[1;33m2025-09-20 00:06:00 - Running prompt generation...[0m
PROMPT GENERATION COMPLETE - Prompt #51
[0;32m2025-09-20 00:06:37 - Completed prompt #51[0m
[0;34m2025-09-20 00:06:42 - Generating prompt #52 (Section 4, Prompt 1/17)[0m
[1;33m2025-09-20 00:06:42 - Running prompt generation...[0m
PROMPT GENERATION COMPLETE - Prompt #52
[0;32m2025-09-20 00:07:38 - Completed prompt #52[0m
[0;34m2025-09-20 00:07:43 - Generating prompt #53 (Section 4, Prompt 2/17)[0m
[1;33m2025-09-20 00:07:43 - Running prompt generation...[0m
PROMPT GENERATION COMPLETE - Prompt #53
[0;32m2025-09-20 00:08:18 - Completed prompt #53[0m
[0;34m2025-09-20 00:08:23 - Generating prompt #54 (Section 4, Prompt 3/17)[0m
[1;33m2025-09-20 00:08:23 - Running prompt generation...[0m
PROMPT GENERATION COMPLETE - Prompt #54
[0;32m2025-09-20 00:08:53 - Completed prompt #54[0m
[0;34m2025-09-20 00:08:59 - Generating prompt #55 (Section 4, Prompt 4/17)[0m
[1;33m2025-09-20 00:08:59 - Running prompt generation...[0m
PROMPT GENERATION COMPLETE - Prompt #55
[0;32m2025-09-20 00:09:35 - Completed prompt #55[0m
[0;34m2025-09-20 00:09:41 - Generating prompt #56 (Section 4, Prompt 5/17)[0m
[1;33m2025-09-20 00:09:41 - Running prompt generation...[0m
PROMPT GENERATION COMPLETE - Prompt #56
[0;32m2025-09-20 00:10:13 - Completed prompt #56[0m
[0;34m2025-09-20 00:10:18 - Generating prompt #57 (Section 4, Prompt 6/17)[0m
[1;33m2025-09-20 00:10:18 - Running prompt generation...[0m
PROMPT GENERATION COMPLETE - Prompt #57
[0;32m2025-09-20 00:10:52 - Completed prompt #57[0m
[0;34m2025-09-20 00:10:58 - Generating prompt #58 (Section 4, Prompt 7/17)[0m
[1;33m2025-09-20 00:10:58 - Running prompt generation...[0m
PROMPT GENERATION COMPLETE - Prompt #58
[0;32m2025-09-20 00:11:34 - Completed prompt #58[0m
[0;34m2025-09-20 00:11:39 - Generating prompt #59 (Section 4, Prompt 8/17)[0m
[1;33m2025-09-20 00:11:39 - Running prompt generation...[0m
[0;34m2025-09-20 19:10:49 - Starting Prompt Generation Cycle for template: online-course[0m
[0;32m2025-09-20 19:10:49 - Using existing worktree: ../templata-online-course[0m
[0;34m2025-09-20 19:10:49 - Generating prompt #59 (Section 4, Prompt 8/17)[0m
[1;33m2025-09-20 19:10:49 - Running prompt generation...[0m
PROMPT GENERATION COMPLETE - Prompt #59
[0;32m2025-09-20 19:11:31 - Completed prompt #59[0m
[0;34m2025-09-20 19:11:36 - Generating prompt #60 (Section 4, Prompt 9/17)[0m
[1;33m2025-09-20 19:11:36 - Running prompt generation...[0m
PROMPT GENERATION COMPLETE - Prompt #60
[0;34m2025-09-21 00:16:54 - Starting Prompt Generation Cycle for template: online-course[0m
[1;33m2025-09-21 00:16:54 - Override flag detected - resetting progress and recreating files[0m
[0;32m2025-09-21 00:16:54 - Progress reset to 0 for template: online-course[0m
[0;32m2025-09-21 00:16:54 - Using existing worktree: ../templata-online-course[0m
[1;33m2025-09-21 00:16:54 - Override flag detected - recreating template prompt file: prompts-online-course.ts[0m
[0;32m2025-09-21 00:16:54 - Created template prompt file: ../templata-online-course/src/data/prompts-online-course.ts[0m
[0;34m2025-09-21 00:16:54 - Generating prompt #1 (Section 1, Prompt 1/17)[0m
[1;33m2025-09-21 00:16:55 - Running prompt generation...[0m
PROMPT GENERATION COMPLETE - Prompt #1
[0;32m2025-09-21 00:17:14 - Completed prompt #1[0m
[0;34m2025-09-21 00:17:19 - Generating prompt #2 (Section 1, Prompt 2/17)[0m
[1;33m2025-09-21 00:17:19 - Running prompt generation...[0m
PROMPT GENERATION COMPLETE - Prompt #2
[0;32m2025-09-21 00:17:44 - Completed prompt #2[0m
[0;34m2025-09-21 00:17:50 - Generating prompt #3 (Section 1, Prompt 3/17)[0m
[1;33m2025-09-21 00:17:50 - Running prompt generation...[0m
PROMPT GENERATION COMPLETE - Prompt #3
[0;32m2025-09-21 00:18:16 - Completed prompt #3[0m
[0;34m2025-09-21 00:18:22 - Generating prompt #4 (Section 1, Prompt 4/17)[0m
[1;33m2025-09-21 00:18:22 - Running prompt generation...[0m
PROMPT GENERATION COMPLETE - Prompt #4
[0;32m2025-09-21 00:19:00 - Completed prompt #4[0m
[0;34m2025-09-21 00:19:05 - Generating prompt #5 (Section 1, Prompt 5/17)[0m
[1;33m2025-09-21 00:19:05 - Running prompt generation...[0m
PROMPT GENERATION COMPLETE - Prompt #5
[0;32m2025-09-21 00:19:31 - Completed prompt #5[0m
[0;34m2025-09-21 00:19:36 - Generating prompt #6 (Section 1, Prompt 6/17)[0m
[1;33m2025-09-21 00:19:36 - Running prompt generation...[0m
PROMPT GENERATION COMPLETE - Prompt #6
[0;32m2025-09-21 00:19:58 - Completed prompt #6[0m
[0;34m2025-09-21 00:20:03 - Generating prompt #7 (Section 1, Prompt 7/17)[0m
[1;33m2025-09-21 00:20:03 - Running prompt generation...[0m
PROMPT GENERATION COMPLETE - Prompt #7
[0;32m2025-09-21 00:20:30 - Completed prompt #7[0m
[0;34m2025-09-21 00:20:36 - Generating prompt #8 (Section 1, Prompt 8/17)[0m
[1;33m2025-09-21 00:20:36 - Running prompt generation...[0m
PROMPT GENERATION COMPLETE - Prompt #8
[0;32m2025-09-21 00:21:00 - Completed prompt #8[0m
[0;34m2025-09-21 00:21:05 - Generating prompt #9 (Section 1, Prompt 9/17)[0m
[1;33m2025-09-21 00:21:05 - Running prompt generation...[0m
PROMPT GENERATION COMPLETE - Prompt #9
[0;32m2025-09-21 00:21:27 - Completed prompt #9[0m
[0;34m2025-09-21 00:21:32 - Generating prompt #10 (Section 1, Prompt 10/17)[0m
[1;33m2025-09-21 00:21:32 - Running prompt generation...[0m
PROMPT GENERATION COMPLETE - Prompt #10
[0;32m2025-09-21 00:21:59 - Completed prompt #10[0m
[0;34m2025-09-21 00:22:04 - Generating prompt #11 (Section 1, Prompt 11/17)[0m
[1;33m2025-09-21 00:22:04 - Running prompt generation...[0m
PROMPT GENERATION COMPLETE - Prompt #11
[0;32m2025-09-21 00:22:26 - Completed prompt #11[0m
[0;34m2025-09-21 00:22:31 - Generating prompt #12 (Section 1, Prompt 12/17)[0m
[1;33m2025-09-21 00:22:31 - Running prompt generation...[0m
PROMPT GENERATION COMPLETE - Prompt #12
[0;32m2025-09-21 00:22:51 - Completed prompt #12[0m
[0;34m2025-09-21 00:22:56 - Generating prompt #13 (Section 1, Prompt 13/17)[0m
[1;33m2025-09-21 00:22:56 - Running prompt generation...[0m
PROMPT GENERATION COMPLETE - Prompt #13
[0;32m2025-09-21 00:23:16 - Completed prompt #13[0m
[0;34m2025-09-21 00:23:21 - Generating prompt #14 (Section 1, Prompt 14/17)[0m
[1;33m2025-09-21 00:23:21 - Running prompt generation...[0m
PROMPT GENERATION COMPLETE - Prompt #14
[0;32m2025-09-21 00:23:40 - Completed prompt #14[0m
[0;34m2025-09-21 00:23:45 - Generating prompt #15 (Section 1, Prompt 15/17)[0m
[1;33m2025-09-21 00:23:45 - Running prompt generation...[0m
PROMPT GENERATION COMPLETE - Prompt #15
[0;32m2025-09-21 00:24:05 - Completed prompt #15[0m
[0;34m2025-09-21 00:24:10 - Generating prompt #16 (Section 1, Prompt 16/17)[0m
[1;33m2025-09-21 00:24:10 - Running prompt generation...[0m
PROMPT GENERATION COMPLETE - Prompt #16
[0;32m2025-09-21 00:24:30 - Completed prompt #16[0m
[0;34m2025-09-21 00:24:35 - Generating prompt #17 (Section 1, Prompt 17/17)[0m
[1;33m2025-09-21 00:24:35 - Running prompt generation...[0m
PROMPT GENERATION COMPLETE - Prompt #17
[0;32m2025-09-21 00:24:57 - Completed prompt #17[0m
[0;34m2025-09-21 00:25:02 - Generating prompt #18 (Section 2, Prompt 1/17)[0m
[1;33m2025-09-21 00:25:02 - Running prompt generation...[0m
PROMPT GENERATION COMPLETE - Prompt #18
[0;32m2025-09-21 00:25:25 - Completed prompt #18[0m
[0;34m2025-09-21 00:25:30 - Generating prompt #19 (Section 2, Prompt 2/17)[0m
[1;33m2025-09-21 00:25:30 - Running prompt generation...[0m
PROMPT GENERATION COMPLETE - Prompt #19
[0;32m2025-09-21 00:25:52 - Completed prompt #19[0m
[0;34m2025-09-21 00:25:57 - Generating prompt #20 (Section 2, Prompt 3/17)[0m
[1;33m2025-09-21 00:25:57 - Running prompt generation...[0m
PROMPT GENERATION COMPLETE - Prompt #20
[0;32m2025-09-21 00:26:19 - Completed prompt #20[0m
[0;34m2025-09-21 00:26:24 - Generating prompt #21 (Section 2, Prompt 4/17)[0m
[1;33m2025-09-21 00:26:24 - Running prompt generation...[0m
PROMPT GENERATION COMPLETE - Prompt #21
[0;32m2025-09-21 00:26:44 - Completed prompt #21[0m
[0;34m2025-09-21 00:26:49 - Generating prompt #22 (Section 2, Prompt 5/17)[0m
[1;33m2025-09-21 00:26:49 - Running prompt generation...[0m
PROMPT GENERATION COMPLETE - Prompt #22
[0;32m2025-09-21 00:27:09 - Completed prompt #22[0m
[0;34m2025-09-21 00:27:14 - Generating prompt #23 (Section 2, Prompt 6/17)[0m
[1;33m2025-09-21 00:27:14 - Running prompt generation...[0m
PROMPT GENERATION COMPLETE - Prompt #23
[0;32m2025-09-21 00:27:34 - Completed prompt #23[0m
[0;34m2025-09-21 00:27:39 - Generating prompt #24 (Section 2, Prompt 7/17)[0m
[1;33m2025-09-21 00:27:39 - Running prompt generation...[0m
PROMPT GENERATION COMPLETE - Prompt #24
[0;32m2025-09-21 00:28:00 - Completed prompt #24[0m
[0;34m2025-09-21 00:28:05 - Generating prompt #25 (Section 2, Prompt 8/17)[0m
[1;33m2025-09-21 00:28:05 - Running prompt generation...[0m
PROMPT GENERATION COMPLETE - Prompt #25
[0;32m2025-09-21 00:28:27 - Completed prompt #25[0m
[0;34m2025-09-21 00:28:32 - Generating prompt #26 (Section 2, Prompt 9/17)[0m
[1;33m2025-09-21 00:28:32 - Running prompt generation...[0m
PROMPT GENERATION COMPLETE - Prompt #26
[0;32m2025-09-21 00:28:53 - Completed prompt #26[0m
[0;34m2025-09-21 00:28:58 - Generating prompt #27 (Section 2, Prompt 10/17)[0m
[1;33m2025-09-21 00:28:58 - Running prompt generation...[0m
PROMPT GENERATION COMPLETE - Prompt #27
[0;32m2025-09-21 00:29:21 - Completed prompt #27[0m
[0;34m2025-09-21 00:29:26 - Generating prompt #28 (Section 2, Prompt 11/17)[0m
[1;33m2025-09-21 00:29:26 - Running prompt generation...[0m
PROMPT GENERATION COMPLETE - Prompt #28
[0;32m2025-09-21 00:29:46 - Completed prompt #28[0m
[0;34m2025-09-21 00:29:51 - Generating prompt #29 (Section 2, Prompt 12/17)[0m
[1;33m2025-09-21 00:29:51 - Running prompt generation...[0m
PROMPT GENERATION COMPLETE - Prompt #29
[0;32m2025-09-21 00:30:12 - Completed prompt #29[0m
[0;34m2025-09-21 00:30:17 - Generating prompt #30 (Section 2, Prompt 13/17)[0m
[1;33m2025-09-21 00:30:17 - Running prompt generation...[0m
PROMPT GENERATION COMPLETE - Prompt #30
[0;32m2025-09-21 00:30:37 - Completed prompt #30[0m
[0;34m2025-09-21 00:30:42 - Generating prompt #31 (Section 2, Prompt 14/17)[0m
[1;33m2025-09-21 00:30:42 - Running prompt generation...[0m
PROMPT GENERATION COMPLETE - Prompt #31
[0;32m2025-09-21 00:31:03 - Completed prompt #31[0m
[0;34m2025-09-21 00:31:08 - Generating prompt #32 (Section 2, Prompt 15/17)[0m
[1;33m2025-09-21 00:31:08 - Running prompt generation...[0m
PROMPT GENERATION COMPLETE - Prompt #32
[0;32m2025-09-21 00:31:30 - Completed prompt #32[0m
[0;34m2025-09-21 00:31:35 - Generating prompt #33 (Section 2, Prompt 16/17)[0m
[1;33m2025-09-21 00:31:35 - Running prompt generation...[0m
PROMPT GENERATION COMPLETE - Prompt #33
[0;32m2025-09-21 00:31:55 - Completed prompt #33[0m
[0;34m2025-09-21 00:32:00 - Generating prompt #34 (Section 2, Prompt 17/17)[0m
[1;33m2025-09-21 00:32:00 - Running prompt generation...[0m
PROMPT GENERATION COMPLETE - Prompt #34
[0;32m2025-09-21 00:32:21 - Completed prompt #34[0m
[0;34m2025-09-21 00:32:26 - Generating prompt #35 (Section 3, Prompt 1/17)[0m
[1;33m2025-09-21 00:32:26 - Running prompt generation...[0m
PROMPT GENERATION COMPLETE - Prompt #35
[0;32m2025-09-21 00:32:45 - Completed prompt #35[0m
[0;34m2025-09-21 00:32:50 - Generating prompt #36 (Section 3, Prompt 2/17)[0m
[1;33m2025-09-21 00:32:50 - Running prompt generation...[0m
PROMPT GENERATION COMPLETE - Prompt #36
[0;32m2025-09-21 00:33:10 - Completed prompt #36[0m
[0;34m2025-09-21 00:33:15 - Generating prompt #37 (Section 3, Prompt 3/17)[0m
[1;33m2025-09-21 00:33:15 - Running prompt generation...[0m
PROMPT GENERATION COMPLETE - Prompt #37
[0;32m2025-09-21 00:33:36 - Completed prompt #37[0m
[0;34m2025-09-21 00:33:41 - Generating prompt #38 (Section 3, Prompt 4/17)[0m
[1;33m2025-09-21 00:33:41 - Running prompt generation...[0m
PROMPT GENERATION COMPLETE - Prompt #38
[0;32m2025-09-21 00:34:03 - Completed prompt #38[0m
[0;34m2025-09-21 00:34:08 - Generating prompt #39 (Section 3, Prompt 5/17)[0m
[1;33m2025-09-21 00:34:08 - Running prompt generation...[0m
PROMPT GENERATION COMPLETE - Prompt #39
[0;32m2025-09-21 00:34:30 - Completed prompt #39[0m
[0;34m2025-09-21 00:34:35 - Generating prompt #40 (Section 3, Prompt 6/17)[0m
[1;33m2025-09-21 00:34:35 - Running prompt generation...[0m
PROMPT GENERATION COMPLETE - Prompt #40
[0;32m2025-09-21 00:34:56 - Completed prompt #40[0m
[0;34m2025-09-21 00:35:01 - Generating prompt #41 (Section 3, Prompt 7/17)[0m
[1;33m2025-09-21 00:35:01 - Running prompt generation...[0m
PROMPT GENERATION COMPLETE - Prompt #41
[0;32m2025-09-21 00:35:22 - Completed prompt #41[0m
[0;34m2025-09-21 00:35:27 - Generating prompt #42 (Section 3, Prompt 8/17)[0m
[1;33m2025-09-21 00:35:27 - Running prompt generation...[0m
PROMPT GENERATION COMPLETE - Prompt #42
[0;32m2025-09-21 00:35:48 - Completed prompt #42[0m
[0;34m2025-09-21 00:35:53 - Generating prompt #43 (Section 3, Prompt 9/17)[0m
[1;33m2025-09-21 00:35:53 - Running prompt generation...[0m
PROMPT GENERATION COMPLETE - Prompt #43
[0;32m2025-09-21 00:36:14 - Completed prompt #43[0m
[0;34m2025-09-21 00:36:19 - Generating prompt #44 (Section 3, Prompt 10/17)[0m
[1;33m2025-09-21 00:36:19 - Running prompt generation...[0m
PROMPT GENERATION COMPLETE - Prompt #44
[0;32m2025-09-21 00:36:44 - Completed prompt #44[0m
[0;34m2025-09-21 00:36:49 - Generating prompt #45 (Section 3, Prompt 11/17)[0m
[1;33m2025-09-21 00:36:49 - Running prompt generation...[0m
PROMPT GENERATION COMPLETE - Prompt #45
[0;32m2025-09-21 00:37:11 - Completed prompt #45[0m
[0;34m2025-09-21 00:37:16 - Generating prompt #46 (Section 3, Prompt 12/17)[0m
[1;33m2025-09-21 00:37:16 - Running prompt generation...[0m
PROMPT GENERATION COMPLETE - Prompt #46
[0;32m2025-09-21 00:37:38 - Completed prompt #46[0m
[0;34m2025-09-21 00:37:43 - Generating prompt #47 (Section 3, Prompt 13/17)[0m
[1;33m2025-09-21 00:37:43 - Running prompt generation...[0m
PROMPT GENERATION COMPLETE - Prompt #47
[0;32m2025-09-21 00:38:04 - Completed prompt #47[0m
[0;34m2025-09-21 00:38:09 - Generating prompt #48 (Section 3, Prompt 14/17)[0m
[1;33m2025-09-21 00:38:09 - Running prompt generation...[0m
PROMPT GENERATION COMPLETE - Prompt #48
[0;32m2025-09-21 00:38:30 - Completed prompt #48[0m
[0;34m2025-09-21 00:38:35 - Generating prompt #49 (Section 3, Prompt 15/17)[0m
[1;33m2025-09-21 00:38:35 - Running prompt generation...[0m
PROMPT GENERATION COMPLETE - Prompt #49
[0;32m2025-09-21 00:38:55 - Completed prompt #49[0m
[0;34m2025-09-21 00:39:00 - Generating prompt #50 (Section 3, Prompt 16/17)[0m
[1;33m2025-09-21 00:39:00 - Running prompt generation...[0m
PROMPT GENERATION COMPLETE - Prompt #50
[0;32m2025-09-21 00:39:21 - Completed prompt #50[0m
[0;34m2025-09-21 00:39:26 - Generating prompt #51 (Section 3, Prompt 17/17)[0m
[1;33m2025-09-21 00:39:26 - Running prompt generation...[0m
PROMPT GENERATION COMPLETE - Prompt #51
[0;32m2025-09-21 00:39:46 - Completed prompt #51[0m
[0;34m2025-09-21 00:39:51 - Generating prompt #52 (Section 4, Prompt 1/17)[0m
[1;33m2025-09-21 00:39:51 - Running prompt generation...[0m
PROMPT GENERATION COMPLETE - Prompt #52
[0;32m2025-09-21 00:40:12 - Completed prompt #52[0m
[0;34m2025-09-21 00:40:17 - Generating prompt #53 (Section 4, Prompt 2/17)[0m
[1;33m2025-09-21 00:40:17 - Running prompt generation...[0m
PROMPT GENERATION COMPLETE - Prompt #53
[0;32m2025-09-21 00:40:38 - Completed prompt #53[0m
[0;34m2025-09-21 00:40:43 - Generating prompt #54 (Section 4, Prompt 3/17)[0m
[1;33m2025-09-21 00:40:43 - Running prompt generation...[0m
PROMPT GENERATION COMPLETE - Prompt #54
[0;32m2025-09-21 00:41:03 - Completed prompt #54[0m
[0;34m2025-09-21 00:41:08 - Generating prompt #55 (Section 4, Prompt 4/17)[0m
[1;33m2025-09-21 00:41:08 - Running prompt generation...[0m
PROMPT GENERATION COMPLETE - Prompt #55
[0;32m2025-09-21 00:41:30 - Completed prompt #55[0m
[0;34m2025-09-21 00:41:35 - Generating prompt #56 (Section 4, Prompt 5/17)[0m
[1;33m2025-09-21 00:41:35 - Running prompt generation...[0m
PROMPT GENERATION COMPLETE - Prompt #56
[0;32m2025-09-21 00:41:56 - Completed prompt #56[0m
[0;34m2025-09-21 00:42:01 - Generating prompt #57 (Section 4, Prompt 6/17)[0m
[1;33m2025-09-21 00:42:01 - Running prompt generation...[0m
PROMPT GENERATION COMPLETE - Prompt #57
[0;32m2025-09-21 00:42:22 - Completed prompt #57[0m
[0;34m2025-09-21 00:42:27 - Generating prompt #58 (Section 4, Prompt 7/17)[0m
[1;33m2025-09-21 00:42:27 - Running prompt generation...[0m
PROMPT GENERATION COMPLETE - Prompt #58
[0;32m2025-09-21 00:42:48 - Completed prompt #58[0m
[0;34m2025-09-21 00:42:53 - Generating prompt #59 (Section 4, Prompt 8/17)[0m
[1;33m2025-09-21 00:42:53 - Running prompt generation...[0m
PROMPT GENERATION COMPLETE - Prompt #59
[0;32m2025-09-21 00:43:12 - Completed prompt #59[0m
[0;34m2025-09-21 00:43:17 - Generating prompt #60 (Section 4, Prompt 9/17)[0m
[1;33m2025-09-21 00:43:18 - Running prompt generation...[0m
PROMPT GENERATION COMPLETE - Prompt #60
[0;32m2025-09-21 00:43:36 - Completed prompt #60[0m
[0;34m2025-09-21 00:43:41 - Generating prompt #61 (Section 4, Prompt 10/17)[0m
[1;33m2025-09-21 00:43:41 - Running prompt generation...[0m
PROMPT GENERATION COMPLETE - Prompt #61
[0;32m2025-09-21 00:44:04 - Completed prompt #61[0m
[0;34m2025-09-21 00:44:09 - Generating prompt #62 (Section 4, Prompt 11/17)[0m
[1;33m2025-09-21 00:44:09 - Running prompt generation...[0m
PROMPT GENERATION COMPLETE - Prompt #62
[0;32m2025-09-21 00:44:29 - Completed prompt #62[0m
[0;34m2025-09-21 00:44:34 - Generating prompt #63 (Section 4, Prompt 12/17)[0m
[1;33m2025-09-21 00:44:34 - Running prompt generation...[0m
PROMPT GENERATION COMPLETE - Prompt #63
[0;32m2025-09-21 00:44:53 - Completed prompt #63[0m
[0;34m2025-09-21 00:44:58 - Generating prompt #64 (Section 4, Prompt 13/17)[0m
[1;33m2025-09-21 00:44:59 - Running prompt generation...[0m
PROMPT GENERATION COMPLETE - Prompt #64
[0;32m2025-09-21 00:45:21 - Completed prompt #64[0m
[0;34m2025-09-21 00:45:26 - Generating prompt #65 (Section 4, Prompt 14/17)[0m
[1;33m2025-09-21 00:45:26 - Running prompt generation...[0m
PROMPT GENERATION COMPLETE - Prompt #65
[0;32m2025-09-21 00:45:46 - Completed prompt #65[0m
[0;34m2025-09-21 00:45:51 - Generating prompt #66 (Section 4, Prompt 15/17)[0m
[1;33m2025-09-21 00:45:51 - Running prompt generation...[0m
PROMPT GENERATION COMPLETE - Prompt #66
[0;32m2025-09-21 00:46:12 - Completed prompt #66[0m
[0;34m2025-09-21 00:46:17 - Generating prompt #67 (Section 4, Prompt 16/17)[0m
[1;33m2025-09-21 00:46:17 - Running prompt generation...[0m
PROMPT GENERATION COMPLETE - Prompt #67
[0;32m2025-09-21 00:46:38 - Completed prompt #67[0m
[0;34m2025-09-21 00:46:43 - Generating prompt #68 (Section 4, Prompt 17/17)[0m
[1;33m2025-09-21 00:46:43 - Running prompt generation...[0m
PROMPT GENERATION COMPLETE - Prompt #68
[0;32m2025-09-21 00:47:05 - Completed prompt #68[0m
[0;34m2025-09-21 00:47:10 - Generating prompt #69 (Section 5, Prompt 1/17)[0m
[1;33m2025-09-21 00:47:10 - Running prompt generation...[0m
PROMPT GENERATION COMPLETE - Prompt #69
[0;32m2025-09-21 00:47:34 - Completed prompt #69[0m
[0;34m2025-09-21 00:47:39 - Generating prompt #70 (Section 5, Prompt 2/17)[0m
[1;33m2025-09-21 00:47:39 - Running prompt generation...[0m
PROMPT GENERATION COMPLETE - Prompt #70
[0;32m2025-09-21 00:48:00 - Completed prompt #70[0m
[0;34m2025-09-21 00:48:05 - Generating prompt #71 (Section 5, Prompt 3/17)[0m
[1;33m2025-09-21 00:48:05 - Running prompt generation...[0m
PROMPT GENERATION COMPLETE - Prompt #71
[0;32m2025-09-21 00:48:25 - Completed prompt #71[0m
[0;34m2025-09-21 00:48:30 - Generating prompt #72 (Section 5, Prompt 4/17)[0m
[1;33m2025-09-21 00:48:30 - Running prompt generation...[0m
PROMPT GENERATION COMPLETE - Prompt #72
[0;32m2025-09-21 00:48:51 - Completed prompt #72[0m
[0;34m2025-09-21 00:48:56 - Generating prompt #73 (Section 5, Prompt 5/17)[0m
[1;33m2025-09-21 00:48:56 - Running prompt generation...[0m
PROMPT GENERATION COMPLETE - Prompt #73
[0;32m2025-09-21 00:49:17 - Completed prompt #73[0m
[0;34m2025-09-21 00:49:22 - Generating prompt #74 (Section 5, Prompt 6/17)[0m
[1;33m2025-09-21 00:49:22 - Running prompt generation...[0m
PROMPT GENERATION COMPLETE - Prompt #74
[0;32m2025-09-21 00:49:42 - Completed prompt #74[0m
[0;34m2025-09-21 00:49:47 - Generating prompt #75 (Section 5, Prompt 7/17)[0m
[1;33m2025-09-21 00:49:47 - Running prompt generation...[0m
PROMPT GENERATION COMPLETE - Prompt #75
[0;32m2025-09-21 00:50:06 - Completed prompt #75[0m
[0;34m2025-09-21 00:50:11 - Generating prompt #76 (Section 5, Prompt 8/17)[0m
[1;33m2025-09-21 00:50:11 - Running prompt generation...[0m
PROMPT GENERATION COMPLETE - Prompt #76
[0;32m2025-09-21 00:50:34 - Completed prompt #76[0m
[0;34m2025-09-21 00:50:39 - Generating prompt #77 (Section 5, Prompt 9/17)[0m
[1;33m2025-09-21 00:50:39 - Running prompt generation...[0m
PROMPT GENERATION COMPLETE - Prompt #77
[0;32m2025-09-21 00:51:00 - Completed prompt #77[0m
[0;34m2025-09-21 00:51:05 - Generating prompt #78 (Section 5, Prompt 10/17)[0m
[1;33m2025-09-21 00:51:05 - Running prompt generation...[0m
PROMPT GENERATION COMPLETE - Prompt #78
[0;32m2025-09-21 00:51:29 - Completed prompt #78[0m
[0;34m2025-09-21 00:51:34 - Generating prompt #79 (Section 5, Prompt 11/17)[0m
[1;33m2025-09-21 00:51:34 - Running prompt generation...[0m
5-hour limit reached ∙ resets 5am
[0;32m2025-09-21 00:51:54 - Completed prompt #79[0m
[0;34m2025-09-21 00:51:59 - Generating prompt #80 (Section 5, Prompt 12/17)[0m
[1;33m2025-09-21 00:51:59 - Running prompt generation...[0m
5-hour limit reached ∙ resets 5am
[0;32m2025-09-21 00:52:12 - Completed prompt #80[0m
[0;34m2025-09-21 00:52:17 - Generating prompt #81 (Section 5, Prompt 13/17)[0m
[1;33m2025-09-21 00:52:17 - Running prompt generation...[0m
5-hour limit reached ∙ resets 5am
[0;32m2025-09-21 00:52:28 - Completed prompt #81[0m
[0;34m2025-09-21 00:52:33 - Generating prompt #82 (Section 5, Prompt 14/17)[0m
[1;33m2025-09-21 00:52:33 - Running prompt generation...[0m
5-hour limit reached ∙ resets 5am
[0;32m2025-09-21 00:52:44 - Completed prompt #82[0m
[0;34m2025-09-21 00:52:49 - Generating prompt #83 (Section 5, Prompt 15/17)[0m
[1;33m2025-09-21 00:52:49 - Running prompt generation...[0m
5-hour limit reached ∙ resets 5am
[0;32m2025-09-21 00:53:00 - Completed prompt #83[0m
[0;34m2025-09-21 00:53:05 - Generating prompt #84 (Section 5, Prompt 16/17)[0m
[1;33m2025-09-21 00:53:05 - Running prompt generation...[0m
5-hour limit reached ∙ resets 5am
[0;32m2025-09-21 00:53:15 - Completed prompt #84[0m
[0;34m2025-09-21 00:53:20 - Generating prompt #85 (Section 5, Prompt 17/17)[0m
[1;33m2025-09-21 00:53:20 - Running prompt generation...[0m
5-hour limit reached ∙ resets 5am
[0;32m2025-09-21 00:53:31 - Completed prompt #85[0m
[0;34m2025-09-21 00:53:36 - Generating prompt #86 (Section 6, Prompt 1/17)[0m
[1;33m2025-09-21 00:53:36 - Running prompt generation...[0m
5-hour limit reached ∙ resets 5am
[0;32m2025-09-21 00:53:49 - Completed prompt #86[0m
[0;34m2025-09-21 00:53:54 - Generating prompt #87 (Section 6, Prompt 2/17)[0m
[1;33m2025-09-21 00:53:54 - Running prompt generation...[0m
5-hour limit reached ∙ resets 5am
[0;32m2025-09-21 00:54:06 - Completed prompt #87[0m
[0;34m2025-09-21 00:54:11 - Generating prompt #88 (Section 6, Prompt 3/17)[0m
[1;33m2025-09-21 00:54:11 - Running prompt generation...[0m
5-hour limit reached ∙ resets 5am
[0;32m2025-09-21 00:54:22 - Completed prompt #88[0m
[0;34m2025-09-21 00:54:27 - Generating prompt #89 (Section 6, Prompt 4/17)[0m
[1;33m2025-09-21 00:54:27 - Running prompt generation...[0m
5-hour limit reached ∙ resets 5am
[0;32m2025-09-21 00:54:40 - Completed prompt #89[0m
[0;34m2025-09-21 00:54:45 - Generating prompt #90 (Section 6, Prompt 5/17)[0m
[1;33m2025-09-21 00:54:45 - Running prompt generation...[0m
5-hour limit reached ∙ resets 5am
[0;32m2025-09-21 00:54:58 - Completed prompt #90[0m
[0;34m2025-09-21 00:55:03 - Generating prompt #91 (Section 6, Prompt 6/17)[0m
[1;33m2025-09-21 00:55:04 - Running prompt generation...[0m
5-hour limit reached ∙ resets 5am
[0;32m2025-09-21 00:55:15 - Completed prompt #91[0m
[0;34m2025-09-21 00:55:20 - Generating prompt #92 (Section 6, Prompt 7/17)[0m
[1;33m2025-09-21 00:55:20 - Running prompt generation...[0m
5-hour limit reached ∙ resets 5am
[0;32m2025-09-21 00:55:31 - Completed prompt #92[0m
[0;34m2025-09-21 00:55:36 - Generating prompt #93 (Section 6, Prompt 8/17)[0m
[1;33m2025-09-21 00:55:36 - Running prompt generation...[0m
5-hour limit reached ∙ resets 5am
[0;32m2025-09-21 00:55:50 - Completed prompt #93[0m
[0;34m2025-09-21 00:55:55 - Generating prompt #94 (Section 6, Prompt 9/17)[0m
[1;33m2025-09-21 00:55:55 - Running prompt generation...[0m
5-hour limit reached ∙ resets 5am
[0;32m2025-09-21 00:56:08 - Completed prompt #94[0m
[0;34m2025-09-21 00:56:13 - Generating prompt #95 (Section 6, Prompt 10/17)[0m
[1;33m2025-09-21 00:56:13 - Running prompt generation...[0m
5-hour limit reached ∙ resets 5am
[0;32m2025-09-21 00:56:24 - Completed prompt #95[0m
[0;34m2025-09-21 00:56:29 - Generating prompt #96 (Section 6, Prompt 11/17)[0m
[1;33m2025-09-21 00:56:29 - Running prompt generation...[0m
5-hour limit reached ∙ resets 5am
[0;32m2025-09-21 00:56:40 - Completed prompt #96[0m
[0;34m2025-09-21 00:56:45 - Generating prompt #97 (Section 6, Prompt 12/17)[0m
[1;33m2025-09-21 00:56:45 - Running prompt generation...[0m
5-hour limit reached ∙ resets 5am
[0;32m2025-09-21 00:56:56 - Completed prompt #97[0m
[0;34m2025-09-21 00:57:01 - Generating prompt #98 (Section 6, Prompt 13/17)[0m
[1;33m2025-09-21 00:57:01 - Running prompt generation...[0m
5-hour limit reached ∙ resets 5am
[0;32m2025-09-21 00:57:14 - Completed prompt #98[0m
[0;34m2025-09-21 00:57:19 - Generating prompt #99 (Section 6, Prompt 14/17)[0m
[1;33m2025-09-21 00:57:19 - Running prompt generation...[0m
5-hour limit reached ∙ resets 5am
[0;32m2025-09-21 00:57:28 - Completed prompt #99[0m
[0;34m2025-09-21 00:57:33 - Generating prompt #100 (Section 6, Prompt 15/17)[0m
[1;33m2025-09-21 00:57:33 - Running prompt generation...[0m
5-hour limit reached ∙ resets 5am
[0;32m2025-09-21 00:57:44 - Completed prompt #100[0m
[0;34m2025-09-21 00:57:49 - Generating prompt #101 (Section 6, Prompt 16/17)[0m
[1;33m2025-09-21 00:57:49 - Running prompt generation...[0m
5-hour limit reached ∙ resets 5am
[0;32m2025-09-21 00:58:03 - Completed prompt #101[0m
[0;34m2025-09-21 00:58:08 - Generating prompt #102 (Section 6, Prompt 17/17)[0m
[1;33m2025-09-21 00:58:08 - Running prompt generation...[0m
5-hour limit reached ∙ resets 5am
[0;32m2025-09-21 00:58:19 - Completed prompt #102[0m
