[0;34m2025-09-19 19:03:08 - Starting Prompt Generation Cycle for template: small-business[0m
[1;33m2025-09-19 19:03:08 - Creating worktree for template: small-business[0m
[0;32m2025-09-19 19:03:08 - Created branch: prompt-small-business[0m
[0;32m2025-09-19 19:03:11 - Created worktree: ../templata-small-business[0m
[1;33m2025-09-19 19:03:11 - Creating template prompt file: prompts-small-business.ts[0m
[0;32m2025-09-19 19:03:11 - Created template prompt file: ../templata-small-business/src/data/prompts-small-business.ts[0m
[0;34m2025-09-19 19:03:11 - Generating prompt #1 (Section 1, Prompt 1/17)[0m
[1;33m2025-09-19 19:03:11 - Running prompt generation...[0m
PROMPT GENERATION COMPLETE - Prompt #1
[0;32m2025-09-19 19:03:29 - Completed prompt #1[0m
[0;34m2025-09-19 19:03:34 - Generating prompt #2 (Section 1, Prompt 2/17)[0m
[1;33m2025-09-19 19:03:34 - Running prompt generation...[0m
PROMPT GENERATION COMPLETE - Prompt #2
[0;32m2025-09-19 19:03:55 - Completed prompt #2[0m
[0;34m2025-09-19 19:04:00 - Generating prompt #3 (Section 1, Prompt 3/17)[0m
[1;33m2025-09-19 19:04:00 - Running prompt generation...[0m
PROMPT GENERATION COMPLETE - Prompt #3
[0;32m2025-09-19 19:04:19 - Completed prompt #3[0m
[0;34m2025-09-19 19:04:24 - Generating prompt #4 (Section 1, Prompt 4/17)[0m
[1;33m2025-09-19 19:04:24 - Running prompt generation...[0m
PROMPT GENERATION COMPLETE - Prompt #4
[0;32m2025-09-19 19:04:44 - Completed prompt #4[0m
[0;34m2025-09-19 19:04:49 - Generating prompt #5 (Section 1, Prompt 5/17)[0m
[1;33m2025-09-19 19:04:49 - Running prompt generation...[0m
PROMPT GENERATION COMPLETE - Prompt #5
[0;32m2025-09-19 19:05:09 - Completed prompt #5[0m
[0;34m2025-09-19 19:05:14 - Generating prompt #6 (Section 1, Prompt 6/17)[0m
[1;33m2025-09-19 19:05:14 - Running prompt generation...[0m
PROMPT GENERATION COMPLETE - Prompt #6
[0;32m2025-09-19 19:05:35 - Completed prompt #6[0m
[0;34m2025-09-19 19:05:40 - Generating prompt #7 (Section 1, Prompt 7/17)[0m
[1;33m2025-09-19 19:05:40 - Running prompt generation...[0m
PROMPT GENERATION COMPLETE - Prompt #7
[0;32m2025-09-19 19:06:02 - Completed prompt #7[0m
[0;34m2025-09-19 19:06:07 - Generating prompt #8 (Section 1, Prompt 8/17)[0m
[1;33m2025-09-19 19:06:07 - Running prompt generation...[0m
PROMPT GENERATION COMPLETE - Prompt #8
[0;32m2025-09-19 19:06:27 - Completed prompt #8[0m
[0;34m2025-09-19 19:06:32 - Generating prompt #9 (Section 1, Prompt 9/17)[0m
[1;33m2025-09-19 19:06:32 - Running prompt generation...[0m
PROMPT GENERATION COMPLETE - Prompt #9
[0;32m2025-09-19 19:06:54 - Completed prompt #9[0m
[0;34m2025-09-19 19:06:59 - Generating prompt #10 (Section 1, Prompt 10/17)[0m
[1;33m2025-09-19 19:06:59 - Running prompt generation...[0m
PROMPT GENERATION COMPLETE - Prompt #10
[0;32m2025-09-19 19:07:20 - Completed prompt #10[0m
[0;34m2025-09-19 19:07:25 - Generating prompt #11 (Section 1, Prompt 11/17)[0m
[1;33m2025-09-19 19:07:25 - Running prompt generation...[0m
PROMPT GENERATION COMPLETE - Prompt #11
[0;32m2025-09-19 19:07:46 - Completed prompt #11[0m
[0;34m2025-09-19 19:07:51 - Generating prompt #12 (Section 1, Prompt 12/17)[0m
[1;33m2025-09-19 19:07:51 - Running prompt generation...[0m
PROMPT GENERATION COMPLETE - Prompt #12
[0;32m2025-09-19 19:08:13 - Completed prompt #12[0m
[0;34m2025-09-19 19:08:18 - Generating prompt #13 (Section 1, Prompt 13/17)[0m
[1;33m2025-09-19 19:08:18 - Running prompt generation...[0m
PROMPT GENERATION COMPLETE - Prompt #13
[0;32m2025-09-19 19:08:45 - Completed prompt #13[0m
[0;34m2025-09-19 19:08:50 - Generating prompt #14 (Section 1, Prompt 14/17)[0m
[1;33m2025-09-19 19:08:50 - Running prompt generation...[0m
PROMPT GENERATION COMPLETE - Prompt #14
[0;32m2025-09-19 19:09:13 - Completed prompt #14[0m
[0;34m2025-09-19 19:09:18 - Generating prompt #15 (Section 1, Prompt 15/17)[0m
[1;33m2025-09-19 19:09:18 - Running prompt generation...[0m
PROMPT GENERATION COMPLETE - Prompt #15
[0;32m2025-09-19 19:09:42 - Completed prompt #15[0m
[0;34m2025-09-19 19:09:47 - Generating prompt #16 (Section 1, Prompt 16/17)[0m
[1;33m2025-09-19 19:09:47 - Running prompt generation...[0m
PROMPT GENERATION COMPLETE - Prompt #16
[0;32m2025-09-19 19:10:11 - Completed prompt #16[0m
[0;34m2025-09-19 19:10:16 - Generating prompt #17 (Section 1, Prompt 17/17)[0m
[1;33m2025-09-19 19:10:16 - Running prompt generation...[0m
PROMPT GENERATION COMPLETE - Prompt #17
[0;32m2025-09-19 19:10:46 - Completed prompt #17[0m
[0;34m2025-09-19 19:10:51 - Generating prompt #18 (Section 2, Prompt 1/17)[0m
[1;33m2025-09-19 19:10:51 - Running prompt generation...[0m
PROMPT GENERATION COMPLETE - Prompt #18
[0;32m2025-09-19 19:11:15 - Completed prompt #18[0m
[0;34m2025-09-19 19:11:20 - Generating prompt #19 (Section 2, Prompt 2/17)[0m
[1;33m2025-09-19 19:11:20 - Running prompt generation...[0m
PROMPT GENERATION COMPLETE - Prompt #19
[0;32m2025-09-19 19:11:46 - Completed prompt #19[0m
[0;34m2025-09-19 19:11:51 - Generating prompt #20 (Section 2, Prompt 3/17)[0m
[1;33m2025-09-19 19:11:51 - Running prompt generation...[0m
PROMPT GENERATION COMPLETE - Prompt #20
[0;32m2025-09-19 19:12:15 - Completed prompt #20[0m
[0;34m2025-09-19 19:12:20 - Generating prompt #21 (Section 2, Prompt 4/17)[0m
[1;33m2025-09-19 19:12:20 - Running prompt generation...[0m
PROMPT GENERATION COMPLETE - Prompt #21
[0;32m2025-09-19 19:12:48 - Completed prompt #21[0m
[0;34m2025-09-19 19:12:53 - Generating prompt #22 (Section 2, Prompt 5/17)[0m
[1;33m2025-09-19 19:12:53 - Running prompt generation...[0m
PROMPT GENERATION COMPLETE - Prompt #22
[0;32m2025-09-19 19:13:19 - Completed prompt #22[0m
[0;34m2025-09-19 19:13:24 - Generating prompt #23 (Section 2, Prompt 6/17)[0m
[1;33m2025-09-19 19:13:24 - Running prompt generation...[0m
PROMPT GENERATION COMPLETE - Prompt #23
[0;32m2025-09-19 19:13:50 - Completed prompt #23[0m
[0;34m2025-09-19 19:13:55 - Generating prompt #24 (Section 2, Prompt 7/17)[0m
[1;33m2025-09-19 19:13:56 - Running prompt generation...[0m
PROMPT GENERATION COMPLETE - Prompt #24
[0;32m2025-09-19 19:14:17 - Completed prompt #24[0m
[0;34m2025-09-19 19:14:22 - Generating prompt #25 (Section 2, Prompt 8/17)[0m
[1;33m2025-09-19 19:14:22 - Running prompt generation...[0m
PROMPT GENERATION COMPLETE - Prompt #25
[0;32m2025-09-19 19:14:48 - Completed prompt #25[0m
[0;34m2025-09-19 19:14:53 - Generating prompt #26 (Section 2, Prompt 9/17)[0m
[1;33m2025-09-19 19:14:53 - Running prompt generation...[0m
PROMPT GENERATION COMPLETE - Prompt #26
[0;32m2025-09-19 19:15:19 - Completed prompt #26[0m
[0;34m2025-09-19 19:15:24 - Generating prompt #27 (Section 2, Prompt 10/17)[0m
[1;33m2025-09-19 19:15:24 - Running prompt generation...[0m
PROMPT GENERATION COMPLETE - Prompt #27
[0;32m2025-09-19 19:15:51 - Completed prompt #27[0m
[0;34m2025-09-19 19:15:56 - Generating prompt #28 (Section 2, Prompt 11/17)[0m
[1;33m2025-09-19 19:15:56 - Running prompt generation...[0m
PROMPT GENERATION COMPLETE - Prompt #28
[0;32m2025-09-19 19:16:24 - Completed prompt #28[0m
[0;34m2025-09-19 19:16:29 - Generating prompt #29 (Section 2, Prompt 12/17)[0m
[1;33m2025-09-19 19:16:29 - Running prompt generation...[0m
PROMPT GENERATION COMPLETE - Prompt #29
[0;32m2025-09-19 19:16:56 - Completed prompt #29[0m
[0;34m2025-09-19 19:17:01 - Generating prompt #30 (Section 2, Prompt 13/17)[0m
[1;33m2025-09-19 19:17:01 - Running prompt generation...[0m
PROMPT GENERATION COMPLETE - Prompt #30
[0;32m2025-09-19 19:17:26 - Completed prompt #30[0m
[0;34m2025-09-19 19:17:31 - Generating prompt #31 (Section 2, Prompt 14/17)[0m
[1;33m2025-09-19 19:17:31 - Running prompt generation...[0m
PROMPT GENERATION COMPLETE - Prompt #31
[0;32m2025-09-19 19:18:04 - Completed prompt #31[0m
[0;34m2025-09-19 19:18:09 - Generating prompt #32 (Section 2, Prompt 15/17)[0m
[1;33m2025-09-19 19:18:09 - Running prompt generation...[0m
PROMPT GENERATION COMPLETE - Prompt #32
[0;32m2025-09-19 19:18:48 - Completed prompt #32[0m
[0;34m2025-09-19 19:18:53 - Generating prompt #33 (Section 2, Prompt 16/17)[0m
[1;33m2025-09-19 19:18:53 - Running prompt generation...[0m
PROMPT GENERATION COMPLETE - Prompt #33
[0;32m2025-09-19 19:19:19 - Completed prompt #33[0m
[0;34m2025-09-19 19:19:24 - Generating prompt #34 (Section 2, Prompt 17/17)[0m
[1;33m2025-09-19 19:19:25 - Running prompt generation...[0m
PROMPT GENERATION COMPLETE - Prompt #34
[0;32m2025-09-19 19:19:52 - Completed prompt #34[0m
[0;34m2025-09-19 19:19:57 - Generating prompt #35 (Section 3, Prompt 1/17)[0m
[1;33m2025-09-19 19:19:58 - Running prompt generation...[0m
PROMPT GENERATION COMPLETE - Prompt #35
[0;32m2025-09-19 19:20:28 - Completed prompt #35[0m
[0;34m2025-09-19 19:20:33 - Generating prompt #36 (Section 3, Prompt 2/17)[0m
[1;33m2025-09-19 19:20:33 - Running prompt generation...[0m
PROMPT GENERATION COMPLETE - Prompt #36
[0;32m2025-09-19 19:20:59 - Completed prompt #36[0m
[0;34m2025-09-19 19:21:05 - Generating prompt #37 (Section 3, Prompt 3/17)[0m
[1;33m2025-09-19 19:21:05 - Running prompt generation...[0m
PROMPT GENERATION COMPLETE - Prompt #37
[0;32m2025-09-19 19:21:34 - Completed prompt #37[0m
[0;34m2025-09-19 19:21:39 - Generating prompt #38 (Section 3, Prompt 4/17)[0m
[1;33m2025-09-19 19:21:40 - Running prompt generation...[0m
PROMPT GENERATION COMPLETE - Prompt #38
[0;32m2025-09-19 19:22:05 - Completed prompt #38[0m
[0;34m2025-09-19 19:22:10 - Generating prompt #39 (Section 3, Prompt 5/17)[0m
[1;33m2025-09-19 19:22:10 - Running prompt generation...[0m
PROMPT GENERATION COMPLETE - Prompt #39
[0;32m2025-09-19 19:22:33 - Completed prompt #39[0m
[0;34m2025-09-19 19:22:38 - Generating prompt #40 (Section 3, Prompt 6/17)[0m
[1;33m2025-09-19 19:22:38 - Running prompt generation...[0m
PROMPT GENERATION COMPLETE - Prompt #40
[0;32m2025-09-19 19:23:04 - Completed prompt #40[0m
[0;34m2025-09-19 19:23:09 - Generating prompt #41 (Section 3, Prompt 7/17)[0m
[1;33m2025-09-19 19:23:10 - Running prompt generation...[0m
PROMPT GENERATION COMPLETE - Prompt #41
[0;32m2025-09-19 19:23:31 - Completed prompt #41[0m
[0;34m2025-09-19 19:23:36 - Generating prompt #42 (Section 3, Prompt 8/17)[0m
[1;33m2025-09-19 19:23:36 - Running prompt generation...[0m
PROMPT GENERATION COMPLETE - Prompt #42
[0;32m2025-09-19 19:24:13 - Completed prompt #42[0m
[0;34m2025-09-19 19:24:18 - Generating prompt #43 (Section 3, Prompt 9/17)[0m
[1;33m2025-09-19 19:24:18 - Running prompt generation...[0m
PROMPT GENERATION COMPLETE - Prompt #43
[0;32m2025-09-19 19:24:48 - Completed prompt #43[0m
[0;34m2025-09-19 19:24:53 - Generating prompt #44 (Section 3, Prompt 10/17)[0m
[1;33m2025-09-19 19:24:53 - Running prompt generation...[0m
PROMPT GENERATION COMPLETE - Prompt #44
[0;34m2025-09-20 00:04:43 - Starting Prompt Generation Cycle for template: small-business[0m
[0;32m2025-09-20 00:04:44 - Using existing worktree: ../templata-small-business[0m
[0;34m2025-09-20 00:04:44 - Generating prompt #45 (Section 3, Prompt 11/17)[0m
[1;33m2025-09-20 00:04:44 - Running prompt generation...[0m
PROMPT GENERATION COMPLETE - Prompt #45
[0;32m2025-09-20 00:05:35 - Completed prompt #45[0m
[0;34m2025-09-20 00:05:40 - Generating prompt #46 (Section 3, Prompt 12/17)[0m
[1;33m2025-09-20 00:05:40 - Running prompt generation...[0m
PROMPT GENERATION COMPLETE - Prompt #46
[0;32m2025-09-20 00:06:22 - Completed prompt #46[0m
[0;34m2025-09-20 00:06:27 - Generating prompt #47 (Section 3, Prompt 13/17)[0m
[1;33m2025-09-20 00:06:27 - Running prompt generation...[0m
PROMPT GENERATION COMPLETE - Prompt #47
[0;32m2025-09-20 00:07:05 - Completed prompt #47[0m
[0;34m2025-09-20 00:07:10 - Generating prompt #48 (Section 3, Prompt 14/17)[0m
[1;33m2025-09-20 00:07:12 - Running prompt generation...[0m
PROMPT GENERATION COMPLETE - Prompt #48
[0;32m2025-09-20 00:07:44 - Completed prompt #48[0m
[0;34m2025-09-20 00:07:49 - Generating prompt #49 (Section 3, Prompt 15/17)[0m
[1;33m2025-09-20 00:07:50 - Running prompt generation...[0m
PROMPT GENERATION COMPLETE - Prompt #49
[0;32m2025-09-20 00:08:29 - Completed prompt #49[0m
[0;34m2025-09-20 00:08:35 - Generating prompt #50 (Section 3, Prompt 16/17)[0m
[1;33m2025-09-20 00:08:35 - Running prompt generation...[0m
PROMPT GENERATION COMPLETE - Prompt #50
[0;32m2025-09-20 00:09:13 - Completed prompt #50[0m
[0;34m2025-09-20 00:09:18 - Generating prompt #51 (Section 3, Prompt 17/17)[0m
[1;33m2025-09-20 00:09:18 - Running prompt generation...[0m
PROMPT GENERATION COMPLETE - Prompt #51
[0;32m2025-09-20 00:09:52 - Completed prompt #51[0m
[0;34m2025-09-20 00:09:57 - Generating prompt #52 (Section 4, Prompt 1/17)[0m
[1;33m2025-09-20 00:09:58 - Running prompt generation...[0m
PROMPT GENERATION COMPLETE - Prompt #52
[0;32m2025-09-20 00:10:35 - Completed prompt #52[0m
[0;34m2025-09-20 00:10:40 - Generating prompt #53 (Section 4, Prompt 2/17)[0m
[1;33m2025-09-20 00:10:40 - Running prompt generation...[0m
PROMPT GENERATION COMPLETE - Prompt #53
[0;32m2025-09-20 00:11:14 - Completed prompt #53[0m
[0;34m2025-09-20 00:11:19 - Generating prompt #54 (Section 4, Prompt 3/17)[0m
[1;33m2025-09-20 00:11:19 - Running prompt generation...[0m
[0;34m2025-09-20 00:12:09 - Starting Prompt Generation Cycle for template: small-business[0m
[0;32m2025-09-20 00:12:09 - Using existing worktree: ../templata-small-business[0m
[0;34m2025-09-20 00:12:10 - Generating prompt #54 (Section 4, Prompt 3/17)[0m
[1;33m2025-09-20 00:12:12 - Running prompt generation...[0m
PROMPT GENERATION COMPLETE - Prompt #54
[0;32m2025-09-20 00:12:42 - Completed prompt #54[0m
[0;34m2025-09-20 00:12:48 - Generating prompt #55 (Section 4, Prompt 4/17)[0m
[1;33m2025-09-20 00:12:51 - Running prompt generation...[0m
