[0;34m2025-09-19 20:10:07 - Starting Prompt Generation Cycle for template: e-commerce-store[0m
[0;32m2025-09-19 20:10:07 - Using existing worktree: ../templata-e-commerce-store[0m
[1;33m2025-09-19 20:10:07 - Creating template prompt file: prompts-e-commerce-store.ts[0m
[0;32m2025-09-19 20:10:07 - Created template prompt file: ../templata-e-commerce-store/src/data/prompts-e-commerce-store.ts[0m
[0;34m2025-09-19 20:10:07 - Generating prompt #1 (Section 1, Prompt 1/17)[0m
[1;33m2025-09-19 20:10:07 - Running prompt generation...[0m
PROMPT GENERATION COMPLETE - Prompt #1
[0;32m2025-09-19 20:10:24 - Completed prompt #1[0m
[0;34m2025-09-19 20:10:29 - Generating prompt #2 (Section 1, Prompt 2/17)[0m
[1;33m2025-09-19 20:10:29 - Running prompt generation...[0m
PROMPT GENERATION COMPLETE - Prompt #2
[0;32m2025-09-19 20:10:49 - Completed prompt #2[0m
[0;34m2025-09-19 20:10:54 - Generating prompt #3 (Section 1, Prompt 3/17)[0m
[1;33m2025-09-19 20:10:54 - Running prompt generation...[0m
PROMPT GENERATION COMPLETE - Prompt #3
[0;32m2025-09-19 20:11:14 - Completed prompt #3[0m
[0;34m2025-09-19 20:11:19 - Generating prompt #4 (Section 1, Prompt 4/17)[0m
[1;33m2025-09-19 20:11:19 - Running prompt generation...[0m
PROMPT GENERATION COMPLETE - Prompt #4
[0;32m2025-09-19 20:11:39 - Completed prompt #4[0m
[0;34m2025-09-19 20:11:44 - Generating prompt #5 (Section 1, Prompt 5/17)[0m
[1;33m2025-09-19 20:11:44 - Running prompt generation...[0m
PROMPT GENERATION COMPLETE - Prompt #5
[0;32m2025-09-19 20:12:04 - Completed prompt #5[0m
[0;34m2025-09-19 20:12:09 - Generating prompt #6 (Section 1, Prompt 6/17)[0m
[1;33m2025-09-19 20:12:09 - Running prompt generation...[0m
PROMPT GENERATION COMPLETE - Prompt #6
[0;32m2025-09-19 20:12:30 - Completed prompt #6[0m
[0;34m2025-09-19 20:12:35 - Generating prompt #7 (Section 1, Prompt 7/17)[0m
[1;33m2025-09-19 20:12:35 - Running prompt generation...[0m
PROMPT GENERATION COMPLETE - Prompt #7
[0;32m2025-09-19 20:12:57 - Completed prompt #7[0m
[0;34m2025-09-19 20:13:02 - Generating prompt #8 (Section 1, Prompt 8/17)[0m
[1;33m2025-09-19 20:13:02 - Running prompt generation...[0m
PROMPT GENERATION COMPLETE - Prompt #8
[0;32m2025-09-19 20:13:22 - Completed prompt #8[0m
[0;34m2025-09-19 20:13:27 - Generating prompt #9 (Section 1, Prompt 9/17)[0m
[1;33m2025-09-19 20:13:27 - Running prompt generation...[0m
PROMPT GENERATION COMPLETE - Prompt #9
[0;32m2025-09-19 20:13:46 - Completed prompt #9[0m
[0;34m2025-09-19 20:13:51 - Generating prompt #10 (Section 1, Prompt 10/17)[0m
[1;33m2025-09-19 20:13:51 - Running prompt generation...[0m
PROMPT GENERATION COMPLETE - Prompt #10
[0;32m2025-09-19 20:14:12 - Completed prompt #10[0m
[0;34m2025-09-19 20:14:17 - Generating prompt #11 (Section 1, Prompt 11/17)[0m
[1;33m2025-09-19 20:14:17 - Running prompt generation...[0m
PROMPT GENERATION COMPLETE - Prompt #11
[0;32m2025-09-19 20:14:37 - Completed prompt #11[0m
[0;34m2025-09-19 20:14:42 - Generating prompt #12 (Section 1, Prompt 12/17)[0m
[1;33m2025-09-19 20:14:42 - Running prompt generation...[0m
PROMPT GENERATION COMPLETE - Prompt #12
[0;32m2025-09-19 20:15:02 - Completed prompt #12[0m
[0;34m2025-09-19 20:15:07 - Generating prompt #13 (Section 1, Prompt 13/17)[0m
[1;33m2025-09-19 20:15:07 - Running prompt generation...[0m
PROMPT GENERATION COMPLETE - Prompt #13
[0;32m2025-09-19 20:15:29 - Completed prompt #13[0m
[0;34m2025-09-19 20:15:34 - Generating prompt #14 (Section 1, Prompt 14/17)[0m
[1;33m2025-09-19 20:15:34 - Running prompt generation...[0m
PROMPT GENERATION COMPLETE - Prompt #14
[0;32m2025-09-19 20:15:56 - Completed prompt #14[0m
[0;34m2025-09-19 20:16:01 - Generating prompt #15 (Section 1, Prompt 15/17)[0m
[1;33m2025-09-19 20:16:01 - Running prompt generation...[0m
PROMPT GENERATION COMPLETE - Prompt #15
[0;32m2025-09-19 20:16:24 - Completed prompt #15[0m
[0;34m2025-09-19 20:16:29 - Generating prompt #16 (Section 1, Prompt 16/17)[0m
[1;33m2025-09-19 20:16:29 - Running prompt generation...[0m
PROMPT GENERATION COMPLETE - Prompt #16
[0;32m2025-09-19 20:16:50 - Completed prompt #16[0m
[0;34m2025-09-19 20:16:55 - Generating prompt #17 (Section 1, Prompt 17/17)[0m
[1;33m2025-09-19 20:16:55 - Running prompt generation...[0m
PROMPT GENERATION COMPLETE - Prompt #17
[0;32m2025-09-19 20:17:16 - Completed prompt #17[0m
[0;34m2025-09-19 20:17:22 - Generating prompt #18 (Section 2, Prompt 1/17)[0m
[1;33m2025-09-19 20:17:22 - Running prompt generation...[0m
PROMPT GENERATION COMPLETE - Prompt #18
[0;32m2025-09-19 20:17:43 - Completed prompt #18[0m
[0;34m2025-09-19 20:17:48 - Generating prompt #19 (Section 2, Prompt 2/17)[0m
[1;33m2025-09-19 20:17:48 - Running prompt generation...[0m
PROMPT GENERATION COMPLETE - Prompt #19
[0;32m2025-09-19 20:18:11 - Completed prompt #19[0m
[0;34m2025-09-19 20:18:16 - Generating prompt #20 (Section 2, Prompt 3/17)[0m
[1;33m2025-09-19 20:18:16 - Running prompt generation...[0m
PROMPT GENERATION COMPLETE - Prompt #20
[0;32m2025-09-19 20:18:38 - Completed prompt #20[0m
[0;34m2025-09-19 20:18:43 - Generating prompt #21 (Section 2, Prompt 4/17)[0m
[1;33m2025-09-19 20:18:43 - Running prompt generation...[0m
PROMPT GENERATION COMPLETE - Prompt #21
[0;32m2025-09-19 20:19:04 - Completed prompt #21[0m
[0;34m2025-09-19 20:19:09 - Generating prompt #22 (Section 2, Prompt 5/17)[0m
[1;33m2025-09-19 20:19:09 - Running prompt generation...[0m
PROMPT GENERATION COMPLETE - Prompt #22
[0;32m2025-09-19 20:19:31 - Completed prompt #22[0m
[0;34m2025-09-19 20:19:37 - Generating prompt #23 (Section 2, Prompt 6/17)[0m
[1;33m2025-09-19 20:19:37 - Running prompt generation...[0m
PROMPT GENERATION COMPLETE - Prompt #23
[0;32m2025-09-19 20:19:55 - Completed prompt #23[0m
[0;34m2025-09-19 20:20:00 - Generating prompt #24 (Section 2, Prompt 7/17)[0m
[1;33m2025-09-19 20:20:00 - Running prompt generation...[0m
PROMPT GENERATION COMPLETE - Prompt #24
[0;32m2025-09-19 20:20:22 - Completed prompt #24[0m
[0;34m2025-09-19 20:20:27 - Generating prompt #25 (Section 2, Prompt 8/17)[0m
[1;33m2025-09-19 20:20:27 - Running prompt generation...[0m
PROMPT GENERATION COMPLETE - Prompt #25
[0;32m2025-09-19 20:20:50 - Completed prompt #25[0m
[0;34m2025-09-19 20:20:55 - Generating prompt #26 (Section 2, Prompt 9/17)[0m
[1;33m2025-09-19 20:20:55 - Running prompt generation...[0m
PROMPT GENERATION COMPLETE - Prompt #26
[0;32m2025-09-19 20:21:19 - Completed prompt #26[0m
[0;34m2025-09-19 20:21:24 - Generating prompt #27 (Section 2, Prompt 10/17)[0m
[1;33m2025-09-19 20:21:24 - Running prompt generation...[0m
PROMPT GENERATION COMPLETE - Prompt #27
[0;32m2025-09-19 20:21:45 - Completed prompt #27[0m
[0;34m2025-09-19 20:21:50 - Generating prompt #28 (Section 2, Prompt 11/17)[0m
[1;33m2025-09-19 20:21:50 - Running prompt generation...[0m
PROMPT GENERATION COMPLETE - Prompt #28
[0;32m2025-09-19 20:22:12 - Completed prompt #28[0m
[0;34m2025-09-19 20:22:17 - Generating prompt #29 (Section 2, Prompt 12/17)[0m
[1;33m2025-09-19 20:22:17 - Running prompt generation...[0m
PROMPT GENERATION COMPLETE - Prompt #29
[0;32m2025-09-19 20:22:40 - Completed prompt #29[0m
[0;34m2025-09-19 20:22:45 - Generating prompt #30 (Section 2, Prompt 13/17)[0m
[1;33m2025-09-19 20:22:45 - Running prompt generation...[0m
PROMPT GENERATION COMPLETE - Prompt #30
[0;32m2025-09-19 20:23:10 - Completed prompt #30[0m
[0;34m2025-09-19 20:23:15 - Generating prompt #31 (Section 2, Prompt 14/17)[0m
[1;33m2025-09-19 20:23:15 - Running prompt generation...[0m
PROMPT GENERATION COMPLETE - Prompt #31
[0;32m2025-09-19 20:23:36 - Completed prompt #31[0m
[0;34m2025-09-19 20:23:41 - Generating prompt #32 (Section 2, Prompt 15/17)[0m
[1;33m2025-09-19 20:23:41 - Running prompt generation...[0m
PROMPT GENERATION COMPLETE - Prompt #32
[0;32m2025-09-19 20:24:05 - Completed prompt #32[0m
[0;34m2025-09-19 20:24:10 - Generating prompt #33 (Section 2, Prompt 16/17)[0m
[1;33m2025-09-19 20:24:10 - Running prompt generation...[0m
PROMPT GENERATION COMPLETE - Prompt #33
[0;32m2025-09-19 20:24:32 - Completed prompt #33[0m
[0;34m2025-09-19 20:24:37 - Generating prompt #34 (Section 2, Prompt 17/17)[0m
[1;33m2025-09-19 20:24:37 - Running prompt generation...[0m
PROMPT GENERATION COMPLETE - Prompt #34
[0;32m2025-09-19 20:25:00 - Completed prompt #34[0m
[0;34m2025-09-19 20:25:05 - Generating prompt #35 (Section 3, Prompt 1/17)[0m
[1;33m2025-09-19 20:25:06 - Running prompt generation...[0m
PROMPT GENERATION COMPLETE - Prompt #35
[0;32m2025-09-19 20:25:25 - Completed prompt #35[0m
[0;34m2025-09-19 20:25:31 - Generating prompt #36 (Section 3, Prompt 2/17)[0m
[1;33m2025-09-19 20:25:31 - Running prompt generation...[0m
PROMPT GENERATION COMPLETE - Prompt #36
[0;32m2025-09-19 20:25:53 - Completed prompt #36[0m
[0;34m2025-09-19 20:25:58 - Generating prompt #37 (Section 3, Prompt 3/17)[0m
[1;33m2025-09-19 20:25:58 - Running prompt generation...[0m
PROMPT GENERATION COMPLETE - Prompt #37
[0;32m2025-09-19 20:26:20 - Completed prompt #37[0m
[0;34m2025-09-19 20:26:25 - Generating prompt #38 (Section 3, Prompt 4/17)[0m
[1;33m2025-09-19 20:26:25 - Running prompt generation...[0m
PROMPT GENERATION COMPLETE - Prompt #38
[0;32m2025-09-19 20:26:44 - Completed prompt #38[0m
[0;34m2025-09-19 20:26:49 - Generating prompt #39 (Section 3, Prompt 5/17)[0m
[1;33m2025-09-19 20:26:49 - Running prompt generation...[0m
PROMPT GENERATION COMPLETE - Prompt #39
[0;32m2025-09-19 20:27:11 - Completed prompt #39[0m
[0;34m2025-09-19 20:27:16 - Generating prompt #40 (Section 3, Prompt 6/17)[0m
[1;33m2025-09-19 20:27:16 - Running prompt generation...[0m
PROMPT GENERATION COMPLETE - Prompt #40
[0;32m2025-09-19 20:27:41 - Completed prompt #40[0m
[0;34m2025-09-19 20:27:46 - Generating prompt #41 (Section 3, Prompt 7/17)[0m
[1;33m2025-09-19 20:27:46 - Running prompt generation...[0m
PROMPT GENERATION COMPLETE - Prompt #41
[0;32m2025-09-19 20:28:10 - Completed prompt #41[0m
[0;34m2025-09-19 20:28:15 - Generating prompt #42 (Section 3, Prompt 8/17)[0m
[1;33m2025-09-19 20:28:15 - Running prompt generation...[0m
PROMPT GENERATION COMPLETE - Prompt #42
[0;32m2025-09-19 20:28:38 - Completed prompt #42[0m
[0;34m2025-09-19 20:28:43 - Generating prompt #43 (Section 3, Prompt 9/17)[0m
[1;33m2025-09-19 20:28:43 - Running prompt generation...[0m
PROMPT GENERATION COMPLETE - Prompt #43
[0;32m2025-09-19 20:29:04 - Completed prompt #43[0m
[0;34m2025-09-19 20:29:09 - Generating prompt #44 (Section 3, Prompt 10/17)[0m
[1;33m2025-09-19 20:29:09 - Running prompt generation...[0m
PROMPT GENERATION COMPLETE - Prompt #44
[0;32m2025-09-19 20:29:32 - Completed prompt #44[0m
[0;34m2025-09-19 20:29:37 - Generating prompt #45 (Section 3, Prompt 11/17)[0m
[1;33m2025-09-19 20:29:37 - Running prompt generation...[0m
PROMPT GENERATION COMPLETE - Prompt #45
[0;32m2025-09-19 20:29:58 - Completed prompt #45[0m
[0;34m2025-09-19 20:30:04 - Generating prompt #46 (Section 3, Prompt 12/17)[0m
[1;33m2025-09-19 20:30:04 - Running prompt generation...[0m
PROMPT GENERATION COMPLETE - Prompt #46
[0;32m2025-09-19 20:30:25 - Completed prompt #46[0m
[0;34m2025-09-19 20:30:30 - Generating prompt #47 (Section 3, Prompt 13/17)[0m
[1;33m2025-09-19 20:30:30 - Running prompt generation...[0m
PROMPT GENERATION COMPLETE - Prompt #47
[0;32m2025-09-19 20:30:56 - Completed prompt #47[0m
[0;34m2025-09-19 20:31:01 - Generating prompt #48 (Section 3, Prompt 14/17)[0m
[1;33m2025-09-19 20:31:01 - Running prompt generation...[0m
5-hour limit reached ∙ resets 12am
[0;32m2025-09-19 20:31:07 - Completed prompt #48[0m
[0;34m2025-09-19 20:31:12 - Generating prompt #49 (Section 3, Prompt 15/17)[0m
[1;33m2025-09-19 20:31:12 - Running prompt generation...[0m
5-hour limit reached ∙ resets 12am
[0;32m2025-09-19 20:31:21 - Completed prompt #49[0m
[0;34m2025-09-19 20:31:26 - Generating prompt #50 (Section 3, Prompt 16/17)[0m
[1;33m2025-09-19 20:31:26 - Running prompt generation...[0m
5-hour limit reached ∙ resets 12am
[0;32m2025-09-19 20:31:34 - Completed prompt #50[0m
[0;34m2025-09-19 20:31:39 - Generating prompt #51 (Section 3, Prompt 17/17)[0m
[1;33m2025-09-19 20:31:39 - Running prompt generation...[0m
5-hour limit reached ∙ resets 12am
[0;32m2025-09-19 20:31:47 - Completed prompt #51[0m
[0;34m2025-09-19 20:31:52 - Generating prompt #52 (Section 4, Prompt 1/17)[0m
[1;33m2025-09-19 20:31:52 - Running prompt generation...[0m
5-hour limit reached ∙ resets 12am
[0;32m2025-09-19 20:32:01 - Completed prompt #52[0m
[0;34m2025-09-19 20:32:06 - Generating prompt #53 (Section 4, Prompt 2/17)[0m
[1;33m2025-09-19 20:32:06 - Running prompt generation...[0m
5-hour limit reached ∙ resets 12am
[0;32m2025-09-19 20:32:15 - Completed prompt #53[0m
[0;34m2025-09-19 20:32:20 - Generating prompt #54 (Section 4, Prompt 3/17)[0m
[1;33m2025-09-19 20:32:20 - Running prompt generation...[0m
5-hour limit reached ∙ resets 12am
[0;32m2025-09-19 20:32:28 - Completed prompt #54[0m
[0;34m2025-09-19 20:32:33 - Generating prompt #55 (Section 4, Prompt 4/17)[0m
[1;33m2025-09-19 20:32:33 - Running prompt generation...[0m
5-hour limit reached ∙ resets 12am
[0;32m2025-09-19 20:32:41 - Completed prompt #55[0m
[0;34m2025-09-19 20:32:47 - Generating prompt #56 (Section 4, Prompt 5/17)[0m
[1;33m2025-09-19 20:32:47 - Running prompt generation...[0m
5-hour limit reached ∙ resets 12am
[0;32m2025-09-19 20:32:56 - Completed prompt #56[0m
[0;34m2025-09-19 20:33:01 - Generating prompt #57 (Section 4, Prompt 6/17)[0m
[1;33m2025-09-19 20:33:01 - Running prompt generation...[0m
5-hour limit reached ∙ resets 12am
[0;32m2025-09-19 20:33:10 - Completed prompt #57[0m
[0;34m2025-09-19 20:33:15 - Generating prompt #58 (Section 4, Prompt 7/17)[0m
[1;33m2025-09-19 20:33:15 - Running prompt generation...[0m
5-hour limit reached ∙ resets 12am
[0;32m2025-09-19 20:33:24 - Completed prompt #58[0m
[0;34m2025-09-19 20:33:29 - Generating prompt #59 (Section 4, Prompt 8/17)[0m
[1;33m2025-09-19 20:33:29 - Running prompt generation...[0m
5-hour limit reached ∙ resets 12am
[0;32m2025-09-19 20:33:38 - Completed prompt #59[0m
[0;34m2025-09-19 20:33:43 - Generating prompt #60 (Section 4, Prompt 9/17)[0m
[1;33m2025-09-19 20:33:43 - Running prompt generation...[0m
5-hour limit reached ∙ resets 12am
[0;32m2025-09-19 20:33:52 - Completed prompt #60[0m
[0;34m2025-09-19 20:33:57 - Generating prompt #61 (Section 4, Prompt 10/17)[0m
[1;33m2025-09-19 20:33:57 - Running prompt generation...[0m
5-hour limit reached ∙ resets 12am
[0;32m2025-09-19 20:34:05 - Completed prompt #61[0m
[0;34m2025-09-19 20:34:10 - Generating prompt #62 (Section 4, Prompt 11/17)[0m
[1;33m2025-09-19 20:34:10 - Running prompt generation...[0m
5-hour limit reached ∙ resets 12am
[0;32m2025-09-19 20:34:18 - Completed prompt #62[0m
[0;34m2025-09-19 20:34:23 - Generating prompt #63 (Section 4, Prompt 12/17)[0m
[1;33m2025-09-19 20:34:23 - Running prompt generation...[0m
5-hour limit reached ∙ resets 12am
[0;32m2025-09-19 20:34:31 - Completed prompt #63[0m
[0;34m2025-09-19 20:34:36 - Generating prompt #64 (Section 4, Prompt 13/17)[0m
[1;33m2025-09-19 20:34:36 - Running prompt generation...[0m
5-hour limit reached ∙ resets 12am
[0;32m2025-09-19 20:34:44 - Completed prompt #64[0m
[0;34m2025-09-19 20:34:49 - Generating prompt #65 (Section 4, Prompt 14/17)[0m
[1;33m2025-09-19 20:34:49 - Running prompt generation...[0m
5-hour limit reached ∙ resets 12am
[0;32m2025-09-19 20:34:59 - Completed prompt #65[0m
[0;34m2025-09-19 20:35:04 - Generating prompt #66 (Section 4, Prompt 15/17)[0m
[1;33m2025-09-19 20:35:04 - Running prompt generation...[0m
5-hour limit reached ∙ resets 12am
[0;32m2025-09-19 20:35:13 - Completed prompt #66[0m
[0;34m2025-09-19 20:35:18 - Generating prompt #67 (Section 4, Prompt 16/17)[0m
[1;33m2025-09-19 20:35:18 - Running prompt generation...[0m
5-hour limit reached ∙ resets 12am
[0;32m2025-09-19 20:35:26 - Completed prompt #67[0m
[0;34m2025-09-19 20:35:31 - Generating prompt #68 (Section 4, Prompt 17/17)[0m
[1;33m2025-09-19 20:35:31 - Running prompt generation...[0m
5-hour limit reached ∙ resets 12am
[0;32m2025-09-19 20:35:40 - Completed prompt #68[0m
[0;34m2025-09-19 20:35:45 - Generating prompt #69 (Section 5, Prompt 1/17)[0m
[1;33m2025-09-19 20:35:45 - Running prompt generation...[0m
5-hour limit reached ∙ resets 12am
[0;32m2025-09-19 20:35:54 - Completed prompt #69[0m
[0;34m2025-09-19 20:35:59 - Generating prompt #70 (Section 5, Prompt 2/17)[0m
[1;33m2025-09-19 20:35:59 - Running prompt generation...[0m
5-hour limit reached ∙ resets 12am
[0;32m2025-09-19 20:36:07 - Completed prompt #70[0m
[0;34m2025-09-19 20:36:12 - Generating prompt #71 (Section 5, Prompt 3/17)[0m
[1;33m2025-09-19 20:36:12 - Running prompt generation...[0m
5-hour limit reached ∙ resets 12am
[0;32m2025-09-19 20:36:21 - Completed prompt #71[0m
[0;34m2025-09-19 20:36:26 - Generating prompt #72 (Section 5, Prompt 4/17)[0m
[1;33m2025-09-19 20:36:26 - Running prompt generation...[0m
5-hour limit reached ∙ resets 12am
[0;32m2025-09-19 20:36:35 - Completed prompt #72[0m
[0;34m2025-09-19 20:36:40 - Generating prompt #73 (Section 5, Prompt 5/17)[0m
[1;33m2025-09-19 20:36:40 - Running prompt generation...[0m
5-hour limit reached ∙ resets 12am
[0;32m2025-09-19 20:36:48 - Completed prompt #73[0m
[0;34m2025-09-19 20:36:53 - Generating prompt #74 (Section 5, Prompt 6/17)[0m
[1;33m2025-09-19 20:36:53 - Running prompt generation...[0m
5-hour limit reached ∙ resets 12am
[0;32m2025-09-19 20:37:02 - Completed prompt #74[0m
[0;34m2025-09-19 20:37:07 - Generating prompt #75 (Section 5, Prompt 7/17)[0m
[1;33m2025-09-19 20:37:07 - Running prompt generation...[0m
5-hour limit reached ∙ resets 12am
[0;32m2025-09-19 20:37:15 - Completed prompt #75[0m
[0;34m2025-09-19 20:37:20 - Generating prompt #76 (Section 5, Prompt 8/17)[0m
[1;33m2025-09-19 20:37:20 - Running prompt generation...[0m
5-hour limit reached ∙ resets 12am
[0;32m2025-09-19 20:37:28 - Completed prompt #76[0m
[0;34m2025-09-19 20:37:33 - Generating prompt #77 (Section 5, Prompt 9/17)[0m
[1;33m2025-09-19 20:37:33 - Running prompt generation...[0m
5-hour limit reached ∙ resets 12am
[0;32m2025-09-19 20:37:42 - Completed prompt #77[0m
[0;34m2025-09-19 20:37:47 - Generating prompt #78 (Section 5, Prompt 10/17)[0m
[1;33m2025-09-19 20:37:47 - Running prompt generation...[0m
5-hour limit reached ∙ resets 12am
[0;32m2025-09-19 20:37:56 - Completed prompt #78[0m
[0;34m2025-09-19 20:38:01 - Generating prompt #79 (Section 5, Prompt 11/17)[0m
[1;33m2025-09-19 20:38:01 - Running prompt generation...[0m
5-hour limit reached ∙ resets 12am
[0;32m2025-09-19 20:38:10 - Completed prompt #79[0m
[0;34m2025-09-19 20:38:16 - Generating prompt #80 (Section 5, Prompt 12/17)[0m
[1;33m2025-09-19 20:38:16 - Running prompt generation...[0m
5-hour limit reached ∙ resets 12am
[0;32m2025-09-19 20:38:24 - Completed prompt #80[0m
[0;34m2025-09-19 20:38:29 - Generating prompt #81 (Section 5, Prompt 13/17)[0m
[1;33m2025-09-19 20:38:29 - Running prompt generation...[0m
5-hour limit reached ∙ resets 12am
[0;32m2025-09-19 20:38:39 - Completed prompt #81[0m
[0;34m2025-09-19 20:38:44 - Generating prompt #82 (Section 5, Prompt 14/17)[0m
[1;33m2025-09-19 20:38:44 - Running prompt generation...[0m
5-hour limit reached ∙ resets 12am
[0;32m2025-09-19 20:38:54 - Completed prompt #82[0m
[0;34m2025-09-19 20:38:59 - Generating prompt #83 (Section 5, Prompt 15/17)[0m
[1;33m2025-09-19 20:38:59 - Running prompt generation...[0m
5-hour limit reached ∙ resets 12am
[0;32m2025-09-19 20:39:08 - Completed prompt #83[0m
[0;34m2025-09-19 20:39:13 - Generating prompt #84 (Section 5, Prompt 16/17)[0m
[1;33m2025-09-19 20:39:13 - Running prompt generation...[0m
5-hour limit reached ∙ resets 12am
[0;32m2025-09-19 20:39:23 - Completed prompt #84[0m
[0;34m2025-09-19 20:39:28 - Generating prompt #85 (Section 5, Prompt 17/17)[0m
[1;33m2025-09-19 20:39:29 - Running prompt generation...[0m
5-hour limit reached ∙ resets 12am
[0;32m2025-09-19 20:39:38 - Completed prompt #85[0m
[0;34m2025-09-19 20:39:43 - Generating prompt #86 (Section 6, Prompt 1/17)[0m
[1;33m2025-09-19 20:39:43 - Running prompt generation...[0m
5-hour limit reached ∙ resets 12am
[0;32m2025-09-19 20:39:53 - Completed prompt #86[0m
[0;34m2025-09-19 20:39:58 - Generating prompt #87 (Section 6, Prompt 2/17)[0m
[1;33m2025-09-19 20:39:58 - Running prompt generation...[0m
5-hour limit reached ∙ resets 12am
[0;32m2025-09-19 20:40:07 - Completed prompt #87[0m
[0;34m2025-09-19 20:40:12 - Generating prompt #88 (Section 6, Prompt 3/17)[0m
[1;33m2025-09-19 20:40:12 - Running prompt generation...[0m
5-hour limit reached ∙ resets 12am
[0;32m2025-09-19 20:40:21 - Completed prompt #88[0m
[0;34m2025-09-19 20:40:26 - Generating prompt #89 (Section 6, Prompt 4/17)[0m
[1;33m2025-09-19 20:40:26 - Running prompt generation...[0m
5-hour limit reached ∙ resets 12am
[0;32m2025-09-19 20:40:34 - Completed prompt #89[0m
[0;34m2025-09-19 20:40:39 - Generating prompt #90 (Section 6, Prompt 5/17)[0m
[1;33m2025-09-19 20:40:39 - Running prompt generation...[0m
5-hour limit reached ∙ resets 12am
[0;32m2025-09-19 20:40:47 - Completed prompt #90[0m
[0;34m2025-09-19 20:40:52 - Generating prompt #91 (Section 6, Prompt 6/17)[0m
[1;33m2025-09-19 20:40:52 - Running prompt generation...[0m
5-hour limit reached ∙ resets 12am
[0;32m2025-09-19 20:40:59 - Completed prompt #91[0m
[0;34m2025-09-19 20:41:04 - Generating prompt #92 (Section 6, Prompt 7/17)[0m
[1;33m2025-09-19 20:41:04 - Running prompt generation...[0m
5-hour limit reached ∙ resets 12am
[0;32m2025-09-19 20:41:12 - Completed prompt #92[0m
[0;34m2025-09-19 20:41:17 - Generating prompt #93 (Section 6, Prompt 8/17)[0m
[1;33m2025-09-19 20:41:17 - Running prompt generation...[0m
5-hour limit reached ∙ resets 12am
[0;32m2025-09-19 20:41:25 - Completed prompt #93[0m
[0;34m2025-09-19 20:41:30 - Generating prompt #94 (Section 6, Prompt 9/17)[0m
[1;33m2025-09-19 20:41:30 - Running prompt generation...[0m
5-hour limit reached ∙ resets 12am
[0;32m2025-09-19 20:41:39 - Completed prompt #94[0m
[0;34m2025-09-19 20:41:44 - Generating prompt #95 (Section 6, Prompt 10/17)[0m
[1;33m2025-09-19 20:41:44 - Running prompt generation...[0m
5-hour limit reached ∙ resets 12am
[0;32m2025-09-19 20:41:52 - Completed prompt #95[0m
[0;34m2025-09-19 20:41:57 - Generating prompt #96 (Section 6, Prompt 11/17)[0m
[1;33m2025-09-19 20:41:57 - Running prompt generation...[0m
5-hour limit reached ∙ resets 12am
[0;32m2025-09-19 20:42:06 - Completed prompt #96[0m
[0;34m2025-09-19 20:42:11 - Generating prompt #97 (Section 6, Prompt 12/17)[0m
[1;33m2025-09-19 20:42:11 - Running prompt generation...[0m
5-hour limit reached ∙ resets 12am
[0;32m2025-09-19 20:42:19 - Completed prompt #97[0m
[0;34m2025-09-19 20:42:24 - Generating prompt #98 (Section 6, Prompt 13/17)[0m
[1;33m2025-09-19 20:42:24 - Running prompt generation...[0m
5-hour limit reached ∙ resets 12am
[0;32m2025-09-19 20:42:33 - Completed prompt #98[0m
[0;34m2025-09-19 20:42:38 - Generating prompt #99 (Section 6, Prompt 14/17)[0m
[1;33m2025-09-19 20:42:38 - Running prompt generation...[0m
5-hour limit reached ∙ resets 12am
[0;32m2025-09-19 20:42:46 - Completed prompt #99[0m
[0;34m2025-09-19 20:42:51 - Generating prompt #100 (Section 6, Prompt 15/17)[0m
[1;33m2025-09-19 20:42:51 - Running prompt generation...[0m
5-hour limit reached ∙ resets 12am
[0;32m2025-09-19 20:42:58 - Completed prompt #100[0m
[0;34m2025-09-19 20:43:03 - Generating prompt #101 (Section 6, Prompt 16/17)[0m
[1;33m2025-09-19 20:43:03 - Running prompt generation...[0m
5-hour limit reached ∙ resets 12am
[0;32m2025-09-19 20:43:11 - Completed prompt #101[0m
[0;34m2025-09-19 20:43:16 - Generating prompt #102 (Section 6, Prompt 17/17)[0m
[1;33m2025-09-19 20:43:16 - Running prompt generation...[0m
5-hour limit reached ∙ resets 12am
[0;32m2025-09-19 20:43:23 - Completed prompt #102[0m
[0;34m2025-09-20 00:04:08 - Starting Prompt Generation Cycle for template: e-commerce-store[0m
[0;32m2025-09-20 00:04:08 - Using existing worktree: ../templata-e-commerce-store[0m
[0;34m2025-09-20 00:04:08 - Generating prompt #48 (Section 3, Prompt 14/17)[0m
[1;33m2025-09-20 00:04:08 - Running prompt generation...[0m
PROMPT GENERATION COMPLETE - Prompt #48
[0;32m2025-09-20 00:04:33 - Completed prompt #48[0m
[0;34m2025-09-20 00:04:38 - Generating prompt #49 (Section 3, Prompt 15/17)[0m
[1;33m2025-09-20 00:04:38 - Running prompt generation...[0m
PROMPT GENERATION COMPLETE - Prompt #49
[0;32m2025-09-20 00:05:34 - Completed prompt #49[0m
[0;34m2025-09-20 00:05:39 - Generating prompt #50 (Section 3, Prompt 16/17)[0m
[1;33m2025-09-20 00:05:39 - Running prompt generation...[0m
PROMPT GENERATION COMPLETE - Prompt #50
[0;32m2025-09-20 00:06:22 - Completed prompt #50[0m
[0;34m2025-09-20 00:06:27 - Generating prompt #51 (Section 3, Prompt 17/17)[0m
[1;33m2025-09-20 00:06:27 - Running prompt generation...[0m
PROMPT GENERATION COMPLETE - Prompt #51
[0;32m2025-09-20 00:06:59 - Completed prompt #51[0m
[0;34m2025-09-20 00:07:04 - Generating prompt #52 (Section 4, Prompt 1/17)[0m
[1;33m2025-09-20 00:07:04 - Running prompt generation...[0m
PROMPT GENERATION COMPLETE - Prompt #52
[0;32m2025-09-20 00:07:40 - Completed prompt #52[0m
[0;34m2025-09-20 00:07:45 - Generating prompt #53 (Section 4, Prompt 2/17)[0m
[1;33m2025-09-20 00:07:45 - Running prompt generation...[0m
PROMPT GENERATION COMPLETE - Prompt #53
[0;32m2025-09-20 00:08:25 - Completed prompt #53[0m
[0;34m2025-09-20 00:08:30 - Generating prompt #54 (Section 4, Prompt 3/17)[0m
[1;33m2025-09-20 00:08:31 - Running prompt generation...[0m
PROMPT GENERATION COMPLETE - Prompt #54
[0;32m2025-09-20 00:09:01 - Completed prompt #54[0m
[0;34m2025-09-20 00:09:06 - Generating prompt #55 (Section 4, Prompt 4/17)[0m
[1;33m2025-09-20 00:09:07 - Running prompt generation...[0m
PROMPT GENERATION COMPLETE - Prompt #55
[0;32m2025-09-20 00:09:50 - Completed prompt #55[0m
[0;34m2025-09-20 00:09:55 - Generating prompt #56 (Section 4, Prompt 5/17)[0m
[1;33m2025-09-20 00:09:55 - Running prompt generation...[0m
PROMPT GENERATION COMPLETE - Prompt #56
[0;32m2025-09-20 00:10:45 - Completed prompt #56[0m
[0;34m2025-09-20 00:10:50 - Generating prompt #57 (Section 4, Prompt 6/17)[0m
[1;33m2025-09-20 00:10:50 - Running prompt generation...[0m
PROMPT GENERATION COMPLETE - Prompt #57
[0;32m2025-09-20 00:11:34 - Completed prompt #57[0m
[0;34m2025-09-20 00:11:34 - Starting Prompt Generation Cycle for template: e-commerce-store[0m
[0;32m2025-09-20 00:11:34 - Using existing worktree: ../templata-e-commerce-store[0m
[0;34m2025-09-20 00:11:34 - Generating prompt #58 (Section 4, Prompt 7/17)[0m
[1;33m2025-09-20 00:11:35 - Running prompt generation...[0m
[0;34m2025-09-20 00:11:39 - Generating prompt #58 (Section 4, Prompt 7/17)[0m
[1;33m2025-09-20 00:11:39 - Running prompt generation...[0m
[0;34m2025-09-20 18:51:12 - Starting Prompt Generation Cycle for template: e-commerce-store[0m
[0;32m2025-09-20 18:51:12 - Using existing worktree: ../templata-e-commerce-store[0m
[0;34m2025-09-20 18:51:12 - Generating prompt #58 (Section 4, Prompt 7/17)[0m
[1;33m2025-09-20 18:51:12 - Running prompt generation...[0m
PROMPT GENERATION COMPLETE - Prompt #58
[0;32m2025-09-20 18:51:33 - Completed prompt #58[0m
[0;34m2025-09-20 18:51:38 - Generating prompt #59 (Section 4, Prompt 8/17)[0m
[1;33m2025-09-20 18:51:38 - Running prompt generation...[0m
PROMPT GENERATION COMPLETE - Prompt #59
[0;32m2025-09-20 18:51:57 - Completed prompt #59[0m
[0;34m2025-09-20 18:52:02 - Generating prompt #60 (Section 4, Prompt 9/17)[0m
[1;33m2025-09-20 18:52:02 - Running prompt generation...[0m
PROMPT GENERATION COMPLETE - Prompt #60
[0;32m2025-09-20 18:52:23 - Completed prompt #60[0m
[0;34m2025-09-20 18:52:28 - Generating prompt #61 (Section 4, Prompt 10/17)[0m
[1;33m2025-09-20 18:52:28 - Running prompt generation...[0m
PROMPT GENERATION COMPLETE - Prompt #61
[0;32m2025-09-20 18:52:48 - Completed prompt #61[0m
[0;34m2025-09-20 18:52:53 - Generating prompt #62 (Section 4, Prompt 11/17)[0m
[1;33m2025-09-20 18:52:53 - Running prompt generation...[0m
PROMPT GENERATION COMPLETE - Prompt #62
[0;32m2025-09-20 18:53:12 - Completed prompt #62[0m
[0;34m2025-09-20 18:53:17 - Generating prompt #63 (Section 4, Prompt 12/17)[0m
[1;33m2025-09-20 18:53:17 - Running prompt generation...[0m
PROMPT GENERATION COMPLETE - Prompt #63
[0;32m2025-09-20 18:53:38 - Completed prompt #63[0m
[0;34m2025-09-20 18:53:43 - Generating prompt #64 (Section 4, Prompt 13/17)[0m
[1;33m2025-09-20 18:53:43 - Running prompt generation...[0m
PROMPT GENERATION COMPLETE - Prompt #64
[0;32m2025-09-20 18:54:03 - Completed prompt #64[0m
[0;34m2025-09-20 18:54:08 - Generating prompt #65 (Section 4, Prompt 14/17)[0m
[1;33m2025-09-20 18:54:08 - Running prompt generation...[0m
PROMPT GENERATION COMPLETE - Prompt #65
[0;32m2025-09-20 18:54:27 - Completed prompt #65[0m
[0;34m2025-09-20 18:54:32 - Generating prompt #66 (Section 4, Prompt 15/17)[0m
[1;33m2025-09-20 18:54:32 - Running prompt generation...[0m
PROMPT GENERATION COMPLETE - Prompt #66
[0;32m2025-09-20 18:54:51 - Completed prompt #66[0m
[0;34m2025-09-20 18:54:56 - Generating prompt #67 (Section 4, Prompt 16/17)[0m
[1;33m2025-09-20 18:54:56 - Running prompt generation...[0m
PROMPT GENERATION COMPLETE - Prompt #67
[0;32m2025-09-20 18:55:17 - Completed prompt #67[0m
[0;34m2025-09-20 18:55:22 - Generating prompt #68 (Section 4, Prompt 17/17)[0m
[1;33m2025-09-20 18:55:22 - Running prompt generation...[0m
PROMPT GENERATION COMPLETE - Prompt #68
[0;32m2025-09-20 18:55:45 - Completed prompt #68[0m
[0;34m2025-09-20 18:55:50 - Generating prompt #69 (Section 5, Prompt 1/17)[0m
[1;33m2025-09-20 18:55:50 - Running prompt generation...[0m
PROMPT GENERATION COMPLETE - Prompt #69
[0;32m2025-09-20 18:56:09 - Completed prompt #69[0m
[0;34m2025-09-20 18:56:14 - Generating prompt #70 (Section 5, Prompt 2/17)[0m
[1;33m2025-09-20 18:56:14 - Running prompt generation...[0m
PROMPT GENERATION COMPLETE - Prompt #70
[0;32m2025-09-20 18:56:33 - Completed prompt #70[0m
[0;34m2025-09-20 18:56:38 - Generating prompt #71 (Section 5, Prompt 3/17)[0m
[1;33m2025-09-20 18:56:38 - Running prompt generation...[0m
PROMPT GENERATION COMPLETE - Prompt #71
[0;32m2025-09-20 18:56:58 - Completed prompt #71[0m
[0;34m2025-09-20 18:57:03 - Generating prompt #72 (Section 5, Prompt 4/17)[0m
[1;33m2025-09-20 18:57:03 - Running prompt generation...[0m
PROMPT GENERATION COMPLETE - Prompt #72
[0;32m2025-09-20 18:57:24 - Completed prompt #72[0m
[0;34m2025-09-20 18:57:29 - Generating prompt #73 (Section 5, Prompt 5/17)[0m
[1;33m2025-09-20 18:57:29 - Running prompt generation...[0m
PROMPT GENERATION COMPLETE - Prompt #73
[0;32m2025-09-20 18:57:49 - Completed prompt #73[0m
[0;34m2025-09-20 18:57:54 - Generating prompt #74 (Section 5, Prompt 6/17)[0m
[1;33m2025-09-20 18:57:54 - Running prompt generation...[0m
PROMPT GENERATION COMPLETE - Prompt #74
[0;32m2025-09-20 18:58:14 - Completed prompt #74[0m
[0;34m2025-09-20 18:58:19 - Generating prompt #75 (Section 5, Prompt 7/17)[0m
[1;33m2025-09-20 18:58:19 - Running prompt generation...[0m
PROMPT GENERATION COMPLETE - Prompt #75
[0;32m2025-09-20 18:58:40 - Completed prompt #75[0m
[0;34m2025-09-20 18:58:45 - Generating prompt #76 (Section 5, Prompt 8/17)[0m
[1;33m2025-09-20 18:58:45 - Running prompt generation...[0m
PROMPT GENERATION COMPLETE - Prompt #76
[0;32m2025-09-20 18:59:07 - Completed prompt #76[0m
[0;34m2025-09-20 18:59:12 - Generating prompt #77 (Section 5, Prompt 9/17)[0m
[1;33m2025-09-20 18:59:12 - Running prompt generation...[0m
PROMPT GENERATION COMPLETE - Prompt #77
[0;32m2025-09-20 18:59:32 - Completed prompt #77[0m
[0;34m2025-09-20 18:59:37 - Generating prompt #78 (Section 5, Prompt 10/17)[0m
[1;33m2025-09-20 18:59:37 - Running prompt generation...[0m
PROMPT GENERATION COMPLETE - Prompt #78
[0;32m2025-09-20 18:59:59 - Completed prompt #78[0m
[0;34m2025-09-20 19:00:04 - Generating prompt #79 (Section 5, Prompt 11/17)[0m
[1;33m2025-09-20 19:00:04 - Running prompt generation...[0m
PROMPT GENERATION COMPLETE - Prompt #79
[0;32m2025-09-20 19:00:23 - Completed prompt #79[0m
[0;34m2025-09-20 19:00:28 - Generating prompt #80 (Section 5, Prompt 12/17)[0m
[1;33m2025-09-20 19:00:28 - Running prompt generation...[0m
PROMPT GENERATION COMPLETE - Prompt #80
[0;32m2025-09-20 19:00:51 - Completed prompt #80[0m
[0;34m2025-09-20 19:00:56 - Generating prompt #81 (Section 5, Prompt 13/17)[0m
[1;33m2025-09-20 19:00:56 - Running prompt generation...[0m
PROMPT GENERATION COMPLETE - Prompt #81
[0;32m2025-09-20 19:01:21 - Completed prompt #81[0m
[0;34m2025-09-20 19:01:26 - Generating prompt #82 (Section 5, Prompt 14/17)[0m
[1;33m2025-09-20 19:01:26 - Running prompt generation...[0m
PROMPT GENERATION COMPLETE - Prompt #82
[0;32m2025-09-20 19:01:49 - Completed prompt #82[0m
[0;34m2025-09-20 19:01:54 - Generating prompt #83 (Section 5, Prompt 15/17)[0m
[1;33m2025-09-20 19:01:54 - Running prompt generation...[0m
PROMPT GENERATION COMPLETE - Prompt #83
[0;32m2025-09-20 19:02:13 - Completed prompt #83[0m
[0;34m2025-09-20 19:02:18 - Generating prompt #84 (Section 5, Prompt 16/17)[0m
[1;33m2025-09-20 19:02:18 - Running prompt generation...[0m
PROMPT GENERATION COMPLETE - Prompt #84
[0;32m2025-09-20 19:02:38 - Completed prompt #84[0m
[0;34m2025-09-20 19:02:43 - Generating prompt #85 (Section 5, Prompt 17/17)[0m
[1;33m2025-09-20 19:02:43 - Running prompt generation...[0m
PROMPT GENERATION COMPLETE - Prompt #85
[0;32m2025-09-20 19:03:04 - Completed prompt #85[0m
[0;34m2025-09-20 19:03:09 - Generating prompt #86 (Section 6, Prompt 1/17)[0m
[1;33m2025-09-20 19:03:09 - Running prompt generation...[0m
PROMPT GENERATION COMPLETE - Prompt #86
[0;32m2025-09-20 19:03:29 - Completed prompt #86[0m
[0;34m2025-09-20 19:03:34 - Generating prompt #87 (Section 6, Prompt 2/17)[0m
[1;33m2025-09-20 19:03:34 - Running prompt generation...[0m
PROMPT GENERATION COMPLETE - Prompt #87
[0;32m2025-09-20 19:03:55 - Completed prompt #87[0m
[0;34m2025-09-20 19:04:00 - Generating prompt #88 (Section 6, Prompt 3/17)[0m
[1;33m2025-09-20 19:04:00 - Running prompt generation...[0m
PROMPT GENERATION COMPLETE - Prompt #88
[0;32m2025-09-20 19:04:25 - Completed prompt #88[0m
[0;34m2025-09-20 19:04:30 - Generating prompt #89 (Section 6, Prompt 4/17)[0m
[1;33m2025-09-20 19:04:30 - Running prompt generation...[0m
PROMPT GENERATION COMPLETE - Prompt #89
[0;32m2025-09-20 19:04:50 - Completed prompt #89[0m
[0;34m2025-09-20 19:04:56 - Generating prompt #90 (Section 6, Prompt 5/17)[0m
[1;33m2025-09-20 19:04:56 - Running prompt generation...[0m
PROMPT GENERATION COMPLETE - Prompt #90
[0;32m2025-09-20 19:05:15 - Completed prompt #90[0m
[0;34m2025-09-20 19:05:20 - Generating prompt #91 (Section 6, Prompt 6/17)[0m
[1;33m2025-09-20 19:05:20 - Running prompt generation...[0m
PROMPT GENERATION COMPLETE - Prompt #91
[0;32m2025-09-20 19:05:42 - Completed prompt #91[0m
[0;34m2025-09-20 19:05:47 - Generating prompt #92 (Section 6, Prompt 7/17)[0m
[1;33m2025-09-20 19:05:47 - Running prompt generation...[0m
PROMPT GENERATION COMPLETE - Prompt #92
[0;32m2025-09-20 19:06:07 - Completed prompt #92[0m
[0;34m2025-09-20 19:06:13 - Generating prompt #93 (Section 6, Prompt 8/17)[0m
[1;33m2025-09-20 19:06:13 - Running prompt generation...[0m
PROMPT GENERATION COMPLETE - Prompt #93
[0;32m2025-09-20 19:06:33 - Completed prompt #93[0m
[0;34m2025-09-20 19:06:38 - Generating prompt #94 (Section 6, Prompt 9/17)[0m
[1;33m2025-09-20 19:06:38 - Running prompt generation...[0m
PROMPT GENERATION COMPLETE - Prompt #94
[0;32m2025-09-20 19:06:57 - Completed prompt #94[0m
[0;34m2025-09-20 19:07:02 - Generating prompt #95 (Section 6, Prompt 10/17)[0m
[1;33m2025-09-20 19:07:02 - Running prompt generation...[0m
PROMPT GENERATION COMPLETE - Prompt #95
[0;32m2025-09-20 19:07:23 - Completed prompt #95[0m
[0;34m2025-09-20 19:07:28 - Generating prompt #96 (Section 6, Prompt 11/17)[0m
[1;33m2025-09-20 19:07:28 - Running prompt generation...[0m
PROMPT GENERATION COMPLETE - Prompt #96
[0;32m2025-09-20 19:07:48 - Completed prompt #96[0m
[0;34m2025-09-20 19:07:53 - Generating prompt #97 (Section 6, Prompt 12/17)[0m
[1;33m2025-09-20 19:07:53 - Running prompt generation...[0m
PROMPT GENERATION COMPLETE - Prompt #97
[0;32m2025-09-20 19:08:14 - Completed prompt #97[0m
[0;34m2025-09-20 19:08:19 - Generating prompt #98 (Section 6, Prompt 13/17)[0m
[1;33m2025-09-20 19:08:19 - Running prompt generation...[0m
PROMPT GENERATION COMPLETE - Prompt #98
[0;32m2025-09-20 19:08:42 - Completed prompt #98[0m
[0;34m2025-09-20 19:08:47 - Generating prompt #99 (Section 6, Prompt 14/17)[0m
[1;33m2025-09-20 19:08:47 - Running prompt generation...[0m
PROMPT GENERATION COMPLETE - Prompt #99
[0;32m2025-09-20 19:09:09 - Completed prompt #99[0m
[0;34m2025-09-20 19:09:14 - Generating prompt #100 (Section 6, Prompt 15/17)[0m
[1;33m2025-09-20 19:09:14 - Running prompt generation...[0m
PROMPT GENERATION COMPLETE - Prompt #100
[0;32m2025-09-20 19:09:35 - Completed prompt #100[0m
[0;34m2025-09-20 19:09:40 - Generating prompt #101 (Section 6, Prompt 16/17)[0m
[1;33m2025-09-20 19:09:40 - Running prompt generation...[0m
PROMPT GENERATION COMPLETE - Prompt #101
[0;32m2025-09-20 19:10:00 - Completed prompt #101[0m
[0;34m2025-09-20 19:10:06 - Generating prompt #102 (Section 6, Prompt 17/17)[0m
[1;33m2025-09-20 19:10:06 - Running prompt generation...[0m
PROMPT GENERATION COMPLETE - Prompt #102
[0;32m2025-09-20 19:10:27 - Completed prompt #102[0m
[0;34m2025-09-20 19:10:44 - Starting Prompt Generation Cycle for template: e-commerce-store[0m
[0;32m2025-09-20 19:10:44 - Using existing worktree: ../templata-e-commerce-store[0m
[0;34m2025-09-20 19:24:07 - Starting Prompt Generation Cycle for template: e-commerce-store[0m
[1;33m2025-09-20 19:24:07 - Override flag detected - resetting progress and recreating files[0m
[0;32m2025-09-20 19:24:07 - Progress reset to 0 for template: e-commerce-store[0m
[0;32m2025-09-20 19:24:07 - Using existing worktree: ../templata-e-commerce-store[0m
[1;33m2025-09-20 19:24:07 - Override flag detected - recreating template prompt file: prompts-e-commerce-store.ts[0m
[0;32m2025-09-20 19:24:07 - Created template prompt file: ../templata-e-commerce-store/src/data/prompts-e-commerce-store.ts[0m
[0;34m2025-09-20 19:24:07 - Generating prompt #1 (Section 1, Prompt 1/17)[0m
[1;33m2025-09-20 19:24:07 - Running prompt generation...[0m
PROMPT GENERATION COMPLETE - Prompt #1
[0;32m2025-09-20 19:24:24 - Completed prompt #1[0m
[0;34m2025-09-20 19:24:29 - Generating prompt #2 (Section 1, Prompt 2/17)[0m
[1;33m2025-09-20 19:24:29 - Running prompt generation...[0m
PROMPT GENERATION COMPLETE - Prompt #2
[0;32m2025-09-20 19:24:47 - Completed prompt #2[0m
[0;34m2025-09-20 19:24:52 - Generating prompt #3 (Section 1, Prompt 3/17)[0m
[1;33m2025-09-20 19:24:52 - Running prompt generation...[0m
PROMPT GENERATION COMPLETE - Prompt #3
[0;32m2025-09-20 19:25:09 - Completed prompt #3[0m
[0;34m2025-09-20 19:25:14 - Generating prompt #4 (Section 1, Prompt 4/17)[0m
[1;33m2025-09-20 19:25:14 - Running prompt generation...[0m
PROMPT GENERATION COMPLETE - Prompt #4
[0;32m2025-09-20 19:25:32 - Completed prompt #4[0m
[0;34m2025-09-20 19:25:37 - Generating prompt #5 (Section 1, Prompt 5/17)[0m
[1;33m2025-09-20 19:25:37 - Running prompt generation...[0m
PROMPT GENERATION COMPLETE - Prompt #5
[0;32m2025-09-20 19:25:56 - Completed prompt #5[0m
[0;34m2025-09-20 19:26:01 - Generating prompt #6 (Section 1, Prompt 6/17)[0m
[1;33m2025-09-20 19:26:01 - Running prompt generation...[0m
PROMPT GENERATION COMPLETE - Prompt #6
[0;32m2025-09-20 19:26:19 - Completed prompt #6[0m
[0;34m2025-09-20 19:26:24 - Generating prompt #7 (Section 1, Prompt 7/17)[0m
[1;33m2025-09-20 19:26:24 - Running prompt generation...[0m
PROMPT GENERATION COMPLETE - Prompt #7
[0;32m2025-09-20 19:26:45 - Completed prompt #7[0m
[0;34m2025-09-20 19:26:50 - Generating prompt #8 (Section 1, Prompt 8/17)[0m
[1;33m2025-09-20 19:26:50 - Running prompt generation...[0m
PROMPT GENERATION COMPLETE - Prompt #8
[0;32m2025-09-20 19:27:09 - Completed prompt #8[0m
[0;34m2025-09-20 19:27:14 - Generating prompt #9 (Section 1, Prompt 9/17)[0m
[1;33m2025-09-20 19:27:14 - Running prompt generation...[0m
PROMPT GENERATION COMPLETE - Prompt #9
[0;32m2025-09-20 19:27:33 - Completed prompt #9[0m
[0;34m2025-09-20 19:27:38 - Generating prompt #10 (Section 1, Prompt 10/17)[0m
[1;33m2025-09-20 19:27:38 - Running prompt generation...[0m
PROMPT GENERATION COMPLETE - Prompt #10
[0;32m2025-09-20 19:27:58 - Completed prompt #10[0m
[0;34m2025-09-20 19:28:03 - Generating prompt #11 (Section 1, Prompt 11/17)[0m
[1;33m2025-09-20 19:28:03 - Running prompt generation...[0m
PROMPT GENERATION COMPLETE - Prompt #11
[0;32m2025-09-20 19:28:23 - Completed prompt #11[0m
[0;34m2025-09-20 19:28:28 - Generating prompt #12 (Section 1, Prompt 12/17)[0m
[1;33m2025-09-20 19:28:28 - Running prompt generation...[0m
PROMPT GENERATION COMPLETE - Prompt #12
[0;32m2025-09-20 19:28:47 - Completed prompt #12[0m
[0;34m2025-09-20 19:28:52 - Generating prompt #13 (Section 1, Prompt 13/17)[0m
[1;33m2025-09-20 19:28:52 - Running prompt generation...[0m
PROMPT GENERATION COMPLETE - Prompt #13
[0;32m2025-09-20 19:29:10 - Completed prompt #13[0m
[0;34m2025-09-20 19:29:15 - Generating prompt #14 (Section 1, Prompt 14/17)[0m
[1;33m2025-09-20 19:29:15 - Running prompt generation...[0m
PROMPT GENERATION COMPLETE - Prompt #14
[0;32m2025-09-20 19:29:35 - Completed prompt #14[0m
[0;34m2025-09-20 19:29:40 - Generating prompt #15 (Section 1, Prompt 15/17)[0m
[1;33m2025-09-20 19:29:40 - Running prompt generation...[0m
PROMPT GENERATION COMPLETE - Prompt #15
[0;32m2025-09-20 19:30:00 - Completed prompt #15[0m
[0;34m2025-09-20 19:30:05 - Generating prompt #16 (Section 1, Prompt 16/17)[0m
[1;33m2025-09-20 19:30:05 - Running prompt generation...[0m
PROMPT GENERATION COMPLETE - Prompt #16
[0;32m2025-09-20 19:30:25 - Completed prompt #16[0m
[0;34m2025-09-20 19:30:30 - Generating prompt #17 (Section 1, Prompt 17/17)[0m
[1;33m2025-09-20 19:30:30 - Running prompt generation...[0m
PROMPT GENERATION COMPLETE - Prompt #17
[0;32m2025-09-20 19:30:51 - Completed prompt #17[0m
[0;34m2025-09-20 19:30:56 - Generating prompt #18 (Section 2, Prompt 1/17)[0m
[1;33m2025-09-20 19:30:56 - Running prompt generation...[0m
PROMPT GENERATION COMPLETE - Prompt #18
[0;32m2025-09-20 19:31:15 - Completed prompt #18[0m
[0;34m2025-09-20 19:31:20 - Generating prompt #19 (Section 2, Prompt 2/17)[0m
[1;33m2025-09-20 19:31:20 - Running prompt generation...[0m
PROMPT GENERATION COMPLETE - Prompt #19
[0;32m2025-09-20 19:31:40 - Completed prompt #19[0m
[0;34m2025-09-20 19:31:45 - Generating prompt #20 (Section 2, Prompt 3/17)[0m
[1;33m2025-09-20 19:31:45 - Running prompt generation...[0m
PROMPT GENERATION COMPLETE - Prompt #20
[0;32m2025-09-20 19:32:03 - Completed prompt #20[0m
[0;34m2025-09-20 19:32:08 - Generating prompt #21 (Section 2, Prompt 4/17)[0m
[1;33m2025-09-20 19:32:08 - Running prompt generation...[0m
PROMPT GENERATION COMPLETE - Prompt #21
[0;32m2025-09-20 19:32:30 - Completed prompt #21[0m
[0;34m2025-09-20 19:32:35 - Generating prompt #22 (Section 2, Prompt 5/17)[0m
[1;33m2025-09-20 19:32:35 - Running prompt generation...[0m
PROMPT GENERATION COMPLETE - Prompt #22
[0;32m2025-09-20 19:32:55 - Completed prompt #22[0m
[0;34m2025-09-20 19:33:00 - Generating prompt #23 (Section 2, Prompt 6/17)[0m
[1;33m2025-09-20 19:33:00 - Running prompt generation...[0m
PROMPT GENERATION COMPLETE - Prompt #23
[0;32m2025-09-20 19:33:20 - Completed prompt #23[0m
[0;34m2025-09-20 19:33:25 - Generating prompt #24 (Section 2, Prompt 7/17)[0m
[1;33m2025-09-20 19:33:25 - Running prompt generation...[0m
PROMPT GENERATION COMPLETE - Prompt #24
[0;32m2025-09-20 19:33:46 - Completed prompt #24[0m
[0;34m2025-09-20 19:33:51 - Generating prompt #25 (Section 2, Prompt 8/17)[0m
[1;33m2025-09-20 19:33:52 - Running prompt generation...[0m
PROMPT GENERATION COMPLETE - Prompt #25
[0;32m2025-09-20 19:34:12 - Completed prompt #25[0m
[0;34m2025-09-20 19:34:17 - Generating prompt #26 (Section 2, Prompt 9/17)[0m
[1;33m2025-09-20 19:34:17 - Running prompt generation...[0m
PROMPT GENERATION COMPLETE - Prompt #26
[0;32m2025-09-20 19:34:37 - Completed prompt #26[0m
[0;34m2025-09-20 19:34:42 - Generating prompt #27 (Section 2, Prompt 10/17)[0m
[1;33m2025-09-20 19:34:42 - Running prompt generation...[0m
PROMPT GENERATION COMPLETE - Prompt #27
[0;32m2025-09-20 19:35:01 - Completed prompt #27[0m
[0;34m2025-09-20 19:35:06 - Generating prompt #28 (Section 2, Prompt 11/17)[0m
[1;33m2025-09-20 19:35:06 - Running prompt generation...[0m
PROMPT GENERATION COMPLETE - Prompt #28
[0;32m2025-09-20 19:35:27 - Completed prompt #28[0m
[0;34m2025-09-20 19:35:32 - Generating prompt #29 (Section 2, Prompt 12/17)[0m
[1;33m2025-09-20 19:35:32 - Running prompt generation...[0m
PROMPT GENERATION COMPLETE - Prompt #29
[0;32m2025-09-20 19:35:53 - Completed prompt #29[0m
[0;34m2025-09-20 19:35:58 - Generating prompt #30 (Section 2, Prompt 13/17)[0m
[1;33m2025-09-20 19:35:58 - Running prompt generation...[0m
PROMPT GENERATION COMPLETE - Prompt #30
[0;32m2025-09-20 19:36:18 - Completed prompt #30[0m
[0;34m2025-09-20 19:36:23 - Generating prompt #31 (Section 2, Prompt 14/17)[0m
[1;33m2025-09-20 19:36:23 - Running prompt generation...[0m
PROMPT GENERATION COMPLETE - Prompt #31
[0;32m2025-09-20 19:36:47 - Completed prompt #31[0m
[0;34m2025-09-20 19:36:52 - Generating prompt #32 (Section 2, Prompt 15/17)[0m
[1;33m2025-09-20 19:36:52 - Running prompt generation...[0m
PROMPT GENERATION COMPLETE - Prompt #32
[0;32m2025-09-20 19:37:11 - Completed prompt #32[0m
[0;34m2025-09-20 19:37:16 - Generating prompt #33 (Section 2, Prompt 16/17)[0m
[1;33m2025-09-20 19:37:17 - Running prompt generation...[0m
PROMPT GENERATION COMPLETE - Prompt #33
[0;32m2025-09-20 19:37:39 - Completed prompt #33[0m
[0;34m2025-09-20 19:37:44 - Generating prompt #34 (Section 2, Prompt 17/17)[0m
[1;33m2025-09-20 19:37:44 - Running prompt generation...[0m
PROMPT GENERATION COMPLETE - Prompt #34
[0;32m2025-09-20 19:38:04 - Completed prompt #34[0m
[0;34m2025-09-20 19:38:09 - Generating prompt #35 (Section 3, Prompt 1/17)[0m
[1;33m2025-09-20 19:38:10 - Running prompt generation...[0m
PROMPT GENERATION COMPLETE - Prompt #35
[0;32m2025-09-20 19:38:33 - Completed prompt #35[0m
[0;34m2025-09-20 19:38:38 - Generating prompt #36 (Section 3, Prompt 2/17)[0m
[1;33m2025-09-20 19:38:38 - Running prompt generation...[0m
PROMPT GENERATION COMPLETE - Prompt #36
[0;32m2025-09-20 19:38:59 - Completed prompt #36[0m
[0;34m2025-09-20 19:39:04 - Generating prompt #37 (Section 3, Prompt 3/17)[0m
[1;33m2025-09-20 19:39:04 - Running prompt generation...[0m
PROMPT GENERATION COMPLETE - Prompt #37
[0;32m2025-09-20 19:39:30 - Completed prompt #37[0m
[0;34m2025-09-20 19:39:35 - Generating prompt #38 (Section 3, Prompt 4/17)[0m
[1;33m2025-09-20 19:39:35 - Running prompt generation...[0m
PROMPT GENERATION COMPLETE - Prompt #38
[0;32m2025-09-20 19:39:55 - Completed prompt #38[0m
[0;34m2025-09-20 19:40:00 - Generating prompt #39 (Section 3, Prompt 5/17)[0m
[1;33m2025-09-20 19:40:00 - Running prompt generation...[0m
PROMPT GENERATION COMPLETE - Prompt #39
[0;32m2025-09-20 19:40:21 - Completed prompt #39[0m
[0;34m2025-09-20 19:40:26 - Generating prompt #40 (Section 3, Prompt 6/17)[0m
[1;33m2025-09-20 19:40:26 - Running prompt generation...[0m
PROMPT GENERATION COMPLETE - Prompt #40
[0;32m2025-09-20 19:40:48 - Completed prompt #40[0m
[0;34m2025-09-20 19:40:53 - Generating prompt #41 (Section 3, Prompt 7/17)[0m
[1;33m2025-09-20 19:40:53 - Running prompt generation...[0m
PROMPT GENERATION COMPLETE - Prompt #41
[0;32m2025-09-20 19:41:13 - Completed prompt #41[0m
[0;34m2025-09-20 19:41:18 - Generating prompt #42 (Section 3, Prompt 8/17)[0m
[1;33m2025-09-20 19:41:18 - Running prompt generation...[0m
PROMPT GENERATION COMPLETE - Prompt #42
[0;32m2025-09-20 19:41:40 - Completed prompt #42[0m
[0;34m2025-09-20 19:41:45 - Generating prompt #43 (Section 3, Prompt 9/17)[0m
[1;33m2025-09-20 19:41:45 - Running prompt generation...[0m
PROMPT GENERATION COMPLETE - Prompt #43
[0;32m2025-09-20 19:42:04 - Completed prompt #43[0m
[0;34m2025-09-20 19:42:10 - Generating prompt #44 (Section 3, Prompt 10/17)[0m
[1;33m2025-09-20 19:42:10 - Running prompt generation...[0m
PROMPT GENERATION COMPLETE - Prompt #44
[0;32m2025-09-20 19:42:30 - Completed prompt #44[0m
[0;34m2025-09-20 19:42:35 - Generating prompt #45 (Section 3, Prompt 11/17)[0m
[1;33m2025-09-20 19:42:35 - Running prompt generation...[0m
PROMPT GENERATION COMPLETE - Prompt #45
[0;32m2025-09-20 19:42:55 - Completed prompt #45[0m
[0;34m2025-09-20 19:43:00 - Generating prompt #46 (Section 3, Prompt 12/17)[0m
[1;33m2025-09-20 19:43:00 - Running prompt generation...[0m
PROMPT GENERATION COMPLETE - Prompt #46
[0;32m2025-09-20 19:43:22 - Completed prompt #46[0m
[0;34m2025-09-20 19:43:27 - Generating prompt #47 (Section 3, Prompt 13/17)[0m
[1;33m2025-09-20 19:43:27 - Running prompt generation...[0m
PROMPT GENERATION COMPLETE - Prompt #47
[0;32m2025-09-20 19:43:49 - Completed prompt #47[0m
[0;34m2025-09-20 19:43:54 - Generating prompt #48 (Section 3, Prompt 14/17)[0m
[1;33m2025-09-20 19:43:55 - Running prompt generation...[0m
PROMPT GENERATION COMPLETE - Prompt #48
[0;32m2025-09-20 19:44:16 - Completed prompt #48[0m
[0;34m2025-09-20 19:44:21 - Generating prompt #49 (Section 3, Prompt 15/17)[0m
[1;33m2025-09-20 19:44:21 - Running prompt generation...[0m
PROMPT GENERATION COMPLETE - Prompt #49
[0;32m2025-09-20 19:44:43 - Completed prompt #49[0m
[0;34m2025-09-20 19:44:48 - Generating prompt #50 (Section 3, Prompt 16/17)[0m
[1;33m2025-09-20 19:44:48 - Running prompt generation...[0m
PROMPT GENERATION COMPLETE - Prompt #50
[0;32m2025-09-20 19:45:07 - Completed prompt #50[0m
[0;34m2025-09-20 19:45:12 - Generating prompt #51 (Section 3, Prompt 17/17)[0m
[1;33m2025-09-20 19:45:12 - Running prompt generation...[0m
PROMPT GENERATION COMPLETE - Prompt #51
[0;32m2025-09-20 19:45:33 - Completed prompt #51[0m
[0;34m2025-09-20 19:45:38 - Generating prompt #52 (Section 4, Prompt 1/17)[0m
[1;33m2025-09-20 19:45:38 - Running prompt generation...[0m
PROMPT GENERATION COMPLETE - Prompt #52
[0;32m2025-09-20 19:46:01 - Completed prompt #52[0m
[0;34m2025-09-20 19:46:06 - Generating prompt #53 (Section 4, Prompt 2/17)[0m
[1;33m2025-09-20 19:46:06 - Running prompt generation...[0m
PROMPT GENERATION COMPLETE - Prompt #53
[0;32m2025-09-20 19:46:26 - Completed prompt #53[0m
[0;34m2025-09-20 19:46:31 - Generating prompt #54 (Section 4, Prompt 3/17)[0m
[1;33m2025-09-20 19:46:31 - Running prompt generation...[0m
PROMPT GENERATION COMPLETE - Prompt #54
[0;32m2025-09-20 19:46:53 - Completed prompt #54[0m
[0;34m2025-09-20 19:46:58 - Generating prompt #55 (Section 4, Prompt 4/17)[0m
[1;33m2025-09-20 19:46:58 - Running prompt generation...[0m
PROMPT GENERATION COMPLETE - Prompt #55
[0;32m2025-09-20 19:47:22 - Completed prompt #55[0m
[0;34m2025-09-20 19:47:27 - Generating prompt #56 (Section 4, Prompt 5/17)[0m
[1;33m2025-09-20 19:47:27 - Running prompt generation...[0m
PROMPT GENERATION COMPLETE - Prompt #56
[0;32m2025-09-20 19:47:48 - Completed prompt #56[0m
[0;34m2025-09-20 19:47:53 - Generating prompt #57 (Section 4, Prompt 6/17)[0m
[1;33m2025-09-20 19:47:53 - Running prompt generation...[0m
PROMPT GENERATION COMPLETE - Prompt #57
[0;32m2025-09-20 19:48:14 - Completed prompt #57[0m
[0;34m2025-09-20 19:48:19 - Generating prompt #58 (Section 4, Prompt 7/17)[0m
[1;33m2025-09-20 19:48:19 - Running prompt generation...[0m
PROMPT GENERATION COMPLETE - Prompt #58
[0;32m2025-09-20 19:48:39 - Completed prompt #58[0m
[0;34m2025-09-20 19:48:44 - Generating prompt #59 (Section 4, Prompt 8/17)[0m
[1;33m2025-09-20 19:48:44 - Running prompt generation...[0m
PROMPT GENERATION COMPLETE - Prompt #59
[0;32m2025-09-20 19:49:05 - Completed prompt #59[0m
[0;34m2025-09-20 19:49:10 - Generating prompt #60 (Section 4, Prompt 9/17)[0m
[1;33m2025-09-20 19:49:10 - Running prompt generation...[0m
PROMPT GENERATION COMPLETE - Prompt #60
[0;32m2025-09-20 19:49:31 - Completed prompt #60[0m
[0;34m2025-09-20 19:49:36 - Generating prompt #61 (Section 4, Prompt 10/17)[0m
[1;33m2025-09-20 19:49:36 - Running prompt generation...[0m
PROMPT GENERATION COMPLETE - Prompt #61
[0;32m2025-09-20 19:49:57 - Completed prompt #61[0m
[0;34m2025-09-20 19:50:02 - Generating prompt #62 (Section 4, Prompt 11/17)[0m
[1;33m2025-09-20 19:50:02 - Running prompt generation...[0m
PROMPT GENERATION COMPLETE - Prompt #62
[0;32m2025-09-20 19:50:25 - Completed prompt #62[0m
[0;34m2025-09-20 19:50:30 - Generating prompt #63 (Section 4, Prompt 12/17)[0m
[1;33m2025-09-20 19:50:30 - Running prompt generation...[0m
PROMPT GENERATION COMPLETE - Prompt #63
[0;32m2025-09-20 19:50:51 - Completed prompt #63[0m
[0;34m2025-09-20 19:50:56 - Generating prompt #64 (Section 4, Prompt 13/17)[0m
[1;33m2025-09-20 19:50:56 - Running prompt generation...[0m
PROMPT GENERATION COMPLETE - Prompt #64
[0;32m2025-09-20 19:51:16 - Completed prompt #64[0m
[0;34m2025-09-20 19:51:21 - Generating prompt #65 (Section 4, Prompt 14/17)[0m
[1;33m2025-09-20 19:51:21 - Running prompt generation...[0m
PROMPT GENERATION COMPLETE - Prompt #65
[0;32m2025-09-20 19:51:42 - Completed prompt #65[0m
[0;34m2025-09-20 19:51:47 - Generating prompt #66 (Section 4, Prompt 15/17)[0m
[1;33m2025-09-20 19:51:47 - Running prompt generation...[0m
PROMPT GENERATION COMPLETE - Prompt #66
[0;32m2025-09-20 19:52:07 - Completed prompt #66[0m
[0;34m2025-09-20 19:52:12 - Generating prompt #67 (Section 4, Prompt 16/17)[0m
[1;33m2025-09-20 19:52:12 - Running prompt generation...[0m
PROMPT GENERATION COMPLETE - Prompt #67
[0;32m2025-09-20 19:52:32 - Completed prompt #67[0m
[0;34m2025-09-20 19:52:37 - Generating prompt #68 (Section 4, Prompt 17/17)[0m
[1;33m2025-09-20 19:52:37 - Running prompt generation...[0m
PROMPT GENERATION COMPLETE - Prompt #68
[0;32m2025-09-20 19:52:58 - Completed prompt #68[0m
[0;34m2025-09-20 19:53:03 - Generating prompt #69 (Section 5, Prompt 1/17)[0m
[1;33m2025-09-20 19:53:03 - Running prompt generation...[0m
PROMPT GENERATION COMPLETE - Prompt #69
[0;32m2025-09-20 19:53:21 - Completed prompt #69[0m
[0;34m2025-09-20 19:53:26 - Generating prompt #70 (Section 5, Prompt 2/17)[0m
[1;33m2025-09-20 19:53:26 - Running prompt generation...[0m
PROMPT GENERATION COMPLETE - Prompt #70
[0;32m2025-09-20 19:53:46 - Completed prompt #70[0m
[0;34m2025-09-20 19:53:51 - Generating prompt #71 (Section 5, Prompt 3/17)[0m
[1;33m2025-09-20 19:53:51 - Running prompt generation...[0m
PROMPT GENERATION COMPLETE - Prompt #71
[0;32m2025-09-20 19:54:11 - Completed prompt #71[0m
[0;34m2025-09-20 19:54:16 - Generating prompt #72 (Section 5, Prompt 4/17)[0m
[1;33m2025-09-20 19:54:16 - Running prompt generation...[0m
PROMPT GENERATION COMPLETE - Prompt #72
[0;32m2025-09-20 19:54:39 - Completed prompt #72[0m
[0;34m2025-09-20 19:54:44 - Generating prompt #73 (Section 5, Prompt 5/17)[0m
[1;33m2025-09-20 19:54:44 - Running prompt generation...[0m
PROMPT GENERATION COMPLETE - Prompt #73
[0;32m2025-09-20 19:55:05 - Completed prompt #73[0m
[0;34m2025-09-20 19:55:10 - Generating prompt #74 (Section 5, Prompt 6/17)[0m
[1;33m2025-09-20 19:55:10 - Running prompt generation...[0m
PROMPT GENERATION COMPLETE - Prompt #74
[0;32m2025-09-20 19:55:30 - Completed prompt #74[0m
[0;34m2025-09-20 19:55:35 - Generating prompt #75 (Section 5, Prompt 7/17)[0m
[1;33m2025-09-20 19:55:35 - Running prompt generation...[0m
PROMPT GENERATION COMPLETE - Prompt #75
[0;32m2025-09-20 19:55:56 - Completed prompt #75[0m
[0;34m2025-09-20 19:56:01 - Generating prompt #76 (Section 5, Prompt 8/17)[0m
[1;33m2025-09-20 19:56:01 - Running prompt generation...[0m
PROMPT GENERATION COMPLETE - Prompt #76
[0;32m2025-09-20 19:56:23 - Completed prompt #76[0m
[0;34m2025-09-20 19:56:28 - Generating prompt #77 (Section 5, Prompt 9/17)[0m
[1;33m2025-09-20 19:56:28 - Running prompt generation...[0m
PROMPT GENERATION COMPLETE - Prompt #77
[0;32m2025-09-20 19:56:49 - Completed prompt #77[0m
[0;34m2025-09-20 19:56:54 - Generating prompt #78 (Section 5, Prompt 10/17)[0m
[1;33m2025-09-20 19:56:54 - Running prompt generation...[0m
PROMPT GENERATION COMPLETE - Prompt #78
[0;32m2025-09-20 19:57:12 - Completed prompt #78[0m
[0;34m2025-09-20 19:57:17 - Generating prompt #79 (Section 5, Prompt 11/17)[0m
[1;33m2025-09-20 19:57:17 - Running prompt generation...[0m
PROMPT GENERATION COMPLETE - Prompt #79
[0;32m2025-09-20 19:57:41 - Completed prompt #79[0m
[0;34m2025-09-20 19:57:46 - Generating prompt #80 (Section 5, Prompt 12/17)[0m
[1;33m2025-09-20 19:57:46 - Running prompt generation...[0m
PROMPT GENERATION COMPLETE - Prompt #80
[0;32m2025-09-20 19:58:09 - Completed prompt #80[0m
[0;34m2025-09-20 19:58:14 - Generating prompt #81 (Section 5, Prompt 13/17)[0m
[1;33m2025-09-20 19:58:14 - Running prompt generation...[0m
PROMPT GENERATION COMPLETE - Prompt #81
[0;32m2025-09-20 19:58:36 - Completed prompt #81[0m
[0;34m2025-09-20 19:58:41 - Generating prompt #82 (Section 5, Prompt 14/17)[0m
[1;33m2025-09-20 19:58:41 - Running prompt generation...[0m
PROMPT GENERATION COMPLETE - Prompt #82
[0;32m2025-09-20 19:59:04 - Completed prompt #82[0m
[0;34m2025-09-20 19:59:09 - Generating prompt #83 (Section 5, Prompt 15/17)[0m
[1;33m2025-09-20 19:59:09 - Running prompt generation...[0m
PROMPT GENERATION COMPLETE - Prompt #83
[0;32m2025-09-20 19:59:32 - Completed prompt #83[0m
[0;34m2025-09-20 19:59:37 - Generating prompt #84 (Section 5, Prompt 16/17)[0m
[1;33m2025-09-20 19:59:37 - Running prompt generation...[0m
PROMPT GENERATION COMPLETE - Prompt #84
[0;32m2025-09-20 19:59:58 - Completed prompt #84[0m
[0;34m2025-09-20 20:00:03 - Generating prompt #85 (Section 5, Prompt 17/17)[0m
[1;33m2025-09-20 20:00:03 - Running prompt generation...[0m
PROMPT GENERATION COMPLETE - Prompt #85
[0;32m2025-09-20 20:00:22 - Completed prompt #85[0m
[0;34m2025-09-20 20:00:27 - Generating prompt #86 (Section 6, Prompt 1/17)[0m
[1;33m2025-09-20 20:00:27 - Running prompt generation...[0m
PROMPT GENERATION COMPLETE - Prompt #86
[0;32m2025-09-20 20:00:47 - Completed prompt #86[0m
[0;34m2025-09-20 20:00:52 - Generating prompt #87 (Section 6, Prompt 2/17)[0m
[1;33m2025-09-20 20:00:52 - Running prompt generation...[0m
PROMPT GENERATION COMPLETE - Prompt #87
[0;32m2025-09-20 20:01:17 - Completed prompt #87[0m
[0;34m2025-09-20 20:01:22 - Generating prompt #88 (Section 6, Prompt 3/17)[0m
[1;33m2025-09-20 20:01:22 - Running prompt generation...[0m
PROMPT GENERATION COMPLETE - Prompt #88
[0;32m2025-09-20 20:01:46 - Completed prompt #88[0m
[0;34m2025-09-20 20:01:51 - Generating prompt #89 (Section 6, Prompt 4/17)[0m
[1;33m2025-09-20 20:01:51 - Running prompt generation...[0m
PROMPT GENERATION COMPLETE - Prompt #89
[0;32m2025-09-20 20:02:09 - Completed prompt #89[0m
[0;34m2025-09-20 20:02:14 - Generating prompt #90 (Section 6, Prompt 5/17)[0m
[1;33m2025-09-20 20:02:15 - Running prompt generation...[0m
PROMPT GENERATION COMPLETE - Prompt #90
[0;32m2025-09-20 20:02:38 - Completed prompt #90[0m
[0;34m2025-09-20 20:02:43 - Generating prompt #91 (Section 6, Prompt 6/17)[0m
[1;33m2025-09-20 20:02:43 - Running prompt generation...[0m
PROMPT GENERATION COMPLETE - Prompt #91
[0;32m2025-09-20 20:03:04 - Completed prompt #91[0m
[0;34m2025-09-20 20:03:09 - Generating prompt #92 (Section 6, Prompt 7/17)[0m
[1;33m2025-09-20 20:03:09 - Running prompt generation...[0m
PROMPT GENERATION COMPLETE - Prompt #92
[0;32m2025-09-20 20:03:30 - Completed prompt #92[0m
[0;34m2025-09-20 20:03:35 - Generating prompt #93 (Section 6, Prompt 8/17)[0m
[1;33m2025-09-20 20:03:35 - Running prompt generation...[0m
PROMPT GENERATION COMPLETE - Prompt #93
[0;32m2025-09-20 20:03:58 - Completed prompt #93[0m
[0;34m2025-09-20 20:04:03 - Generating prompt #94 (Section 6, Prompt 9/17)[0m
[1;33m2025-09-20 20:04:03 - Running prompt generation...[0m
PROMPT GENERATION COMPLETE - Prompt #94
[0;32m2025-09-20 20:04:22 - Completed prompt #94[0m
[0;34m2025-09-20 20:04:27 - Generating prompt #95 (Section 6, Prompt 10/17)[0m
[1;33m2025-09-20 20:04:27 - Running prompt generation...[0m
PROMPT GENERATION COMPLETE - Prompt #95
[0;32m2025-09-20 20:04:45 - Completed prompt #95[0m
[0;34m2025-09-20 20:04:50 - Generating prompt #96 (Section 6, Prompt 11/17)[0m
[1;33m2025-09-20 20:04:50 - Running prompt generation...[0m
PROMPT GENERATION COMPLETE - Prompt #96
[0;32m2025-09-20 20:05:11 - Completed prompt #96[0m
[0;34m2025-09-20 20:05:16 - Generating prompt #97 (Section 6, Prompt 12/17)[0m
[1;33m2025-09-20 20:05:16 - Running prompt generation...[0m
PROMPT GENERATION COMPLETE - Prompt #97
[0;32m2025-09-20 20:05:36 - Completed prompt #97[0m
[0;34m2025-09-20 20:05:41 - Generating prompt #98 (Section 6, Prompt 13/17)[0m
[1;33m2025-09-20 20:05:41 - Running prompt generation...[0m
PROMPT GENERATION COMPLETE - Prompt #98
[0;32m2025-09-20 20:06:02 - Completed prompt #98[0m
[0;34m2025-09-20 20:06:07 - Generating prompt #99 (Section 6, Prompt 14/17)[0m
[1;33m2025-09-20 20:06:07 - Running prompt generation...[0m
PROMPT GENERATION COMPLETE - Prompt #99
[0;32m2025-09-20 20:06:30 - Completed prompt #99[0m
[0;34m2025-09-20 20:06:35 - Generating prompt #100 (Section 6, Prompt 15/17)[0m
[1;33m2025-09-20 20:06:35 - Running prompt generation...[0m
5-hour limit reached ∙ resets 12am
[0;32m2025-09-20 20:06:43 - Completed prompt #100[0m
[0;34m2025-09-20 20:06:48 - Generating prompt #101 (Section 6, Prompt 16/17)[0m
[1;33m2025-09-20 20:06:48 - Running prompt generation...[0m
5-hour limit reached ∙ resets 12am
[0;32m2025-09-20 20:06:54 - Completed prompt #101[0m
[0;34m2025-09-20 20:06:59 - Generating prompt #102 (Section 6, Prompt 17/17)[0m
[1;33m2025-09-20 20:06:59 - Running prompt generation...[0m
5-hour limit reached ∙ resets 12am
[0;32m2025-09-20 20:07:06 - Completed prompt #102[0m
[0;34m2025-09-21 00:03:25 - Starting Prompt Generation Cycle for template: e-commerce-store[0m
[0;32m2025-09-21 00:03:25 - Using existing worktree: ../templata-e-commerce-store[0m
[0;34m2025-09-21 00:07:44 - Starting Prompt Generation Cycle for template: e-commerce-store[0m
[0;32m2025-09-21 00:07:44 - Using existing worktree: ../templata-e-commerce-store[0m
[0;34m2025-09-21 00:13:21 - Starting Prompt Generation Cycle for template: e-commerce-store[0m
[0;32m2025-09-21 00:13:21 - Using existing worktree: ../templata-e-commerce-store[0m
[0;34m2025-09-21 00:13:21 - Generating prompt #100 (Section 6, Prompt 15/17)[0m
[1;33m2025-09-21 00:13:21 - Running prompt generation...[0m
[0;34m2025-09-21 00:13:53 - Starting Prompt Generation Cycle for template: e-commerce-store[0m
[0;32m2025-09-21 00:13:53 - Using existing worktree: ../templata-e-commerce-store[0m
[0;34m2025-09-21 00:13:53 - Generating prompt #100 (Section 6, Prompt 15/17)[0m
[1;33m2025-09-21 00:13:53 - Running prompt generation...[0m
PROMPT GENERATION COMPLETE - Prompt #100
[0;32m2025-09-21 00:14:11 - Completed prompt #100[0m
[0;34m2025-09-21 00:14:16 - Generating prompt #101 (Section 6, Prompt 16/17)[0m
[1;33m2025-09-21 00:14:16 - Running prompt generation...[0m
PROMPT GENERATION COMPLETE - Prompt #101
[0;32m2025-09-21 00:14:35 - Completed prompt #101[0m
[0;34m2025-09-21 00:14:37 - Starting Prompt Generation Cycle for template: e-commerce-store[0m
[0;32m2025-09-21 00:14:37 - Using existing worktree: ../templata-e-commerce-store[0m
[0;34m2025-09-21 00:14:37 - Generating prompt #102 (Section 6, Prompt 17/17)[0m
[1;33m2025-09-21 00:14:37 - Running prompt generation...[0m
[0;34m2025-09-21 00:14:40 - Generating prompt #102 (Section 6, Prompt 17/17)[0m
[1;33m2025-09-21 00:14:40 - Running prompt generation...[0m
PROMPT GENERATION COMPLETE - Prompt #102
PROMPT GENERATION COMPLETE - Prompt #102
[0;32m2025-09-21 00:15:08 - Completed prompt #102[0m
[0;32m2025-09-21 00:15:09 - Completed prompt #102[0m
