[0;34m2025-09-19 19:10:08 - Starting Prompt Generation Cycle for template: music-production[0m
[0;32m2025-09-19 19:10:08 - Using existing worktree: ../templata-music-production[0m
[1;33m2025-09-19 19:10:08 - Creating template prompt file: prompts-music-production.ts[0m
[0;32m2025-09-19 19:10:08 - Created template prompt file: ../templata-music-production/src/data/prompts-music-production.ts[0m
[0;34m2025-09-19 19:10:08 - Generating prompt #1 (Section 1, Prompt 1/17)[0m
[1;33m2025-09-19 19:10:08 - Running prompt generation...[0m
PROMPT GENERATION COMPLETE - Prompt #1
[0;32m2025-09-19 19:10:34 - Completed prompt #1[0m
[0;34m2025-09-19 19:10:39 - Generating prompt #2 (Section 1, Prompt 2/17)[0m
[1;33m2025-09-19 19:10:39 - Running prompt generation...[0m
PROMPT GENERATION COMPLETE - Prompt #2
[0;32m2025-09-19 19:11:02 - Completed prompt #2[0m
[0;34m2025-09-19 19:11:07 - Generating prompt #3 (Section 1, Prompt 3/17)[0m
[1;33m2025-09-19 19:11:07 - Running prompt generation...[0m
PROMPT GENERATION COMPLETE - Prompt #3
[0;32m2025-09-19 19:11:29 - Completed prompt #3[0m
[0;34m2025-09-19 19:11:34 - Generating prompt #4 (Section 1, Prompt 4/17)[0m
[1;33m2025-09-19 19:11:34 - Running prompt generation...[0m
PROMPT GENERATION COMPLETE - Prompt #4
[0;32m2025-09-19 19:11:59 - Completed prompt #4[0m
[0;34m2025-09-19 19:12:04 - Generating prompt #5 (Section 1, Prompt 5/17)[0m
[1;33m2025-09-19 19:12:04 - Running prompt generation...[0m
PROMPT GENERATION COMPLETE - Prompt #5
[0;32m2025-09-19 19:12:29 - Completed prompt #5[0m
[0;34m2025-09-19 19:12:34 - Generating prompt #6 (Section 1, Prompt 6/17)[0m
[1;33m2025-09-19 19:12:34 - Running prompt generation...[0m
PROMPT GENERATION COMPLETE - Prompt #6
[0;32m2025-09-19 19:12:56 - Completed prompt #6[0m
[0;34m2025-09-19 19:13:01 - Generating prompt #7 (Section 1, Prompt 7/17)[0m
[1;33m2025-09-19 19:13:01 - Running prompt generation...[0m
PROMPT GENERATION COMPLETE - Prompt #7
[0;32m2025-09-19 19:13:23 - Completed prompt #7[0m
[0;34m2025-09-19 19:13:28 - Generating prompt #8 (Section 1, Prompt 8/17)[0m
[1;33m2025-09-19 19:13:28 - Running prompt generation...[0m
PROMPT GENERATION COMPLETE - Prompt #8
[0;32m2025-09-19 19:13:51 - Completed prompt #8[0m
[0;34m2025-09-19 19:13:56 - Generating prompt #9 (Section 1, Prompt 9/17)[0m
[1;33m2025-09-19 19:13:56 - Running prompt generation...[0m
PROMPT GENERATION COMPLETE - Prompt #9
[0;32m2025-09-19 19:14:21 - Completed prompt #9[0m
[0;34m2025-09-19 19:14:26 - Generating prompt #10 (Section 1, Prompt 10/17)[0m
[1;33m2025-09-19 19:14:26 - Running prompt generation...[0m
PROMPT GENERATION COMPLETE - Prompt #10
[0;32m2025-09-19 19:14:49 - Completed prompt #10[0m
[0;34m2025-09-19 19:14:54 - Generating prompt #11 (Section 1, Prompt 11/17)[0m
[1;33m2025-09-19 19:14:54 - Running prompt generation...[0m
PROMPT GENERATION COMPLETE - Prompt #11
[0;32m2025-09-19 19:15:19 - Completed prompt #11[0m
[0;34m2025-09-19 19:15:24 - Generating prompt #12 (Section 1, Prompt 12/17)[0m
[1;33m2025-09-19 19:15:24 - Running prompt generation...[0m
PROMPT GENERATION COMPLETE - Prompt #12
[0;32m2025-09-19 19:15:50 - Completed prompt #12[0m
[0;34m2025-09-19 19:15:55 - Generating prompt #13 (Section 1, Prompt 13/17)[0m
[1;33m2025-09-19 19:15:55 - Running prompt generation...[0m
PROMPT GENERATION COMPLETE - Prompt #13
[0;32m2025-09-19 19:16:19 - Completed prompt #13[0m
[0;34m2025-09-19 19:16:24 - Generating prompt #14 (Section 1, Prompt 14/17)[0m
[1;33m2025-09-19 19:16:24 - Running prompt generation...[0m
PROMPT GENERATION COMPLETE - Prompt #14
[0;32m2025-09-19 19:16:51 - Completed prompt #14[0m
[0;34m2025-09-19 19:16:56 - Generating prompt #15 (Section 1, Prompt 15/17)[0m
[1;33m2025-09-19 19:16:56 - Running prompt generation...[0m
PROMPT GENERATION COMPLETE - Prompt #15
[0;32m2025-09-19 19:17:21 - Completed prompt #15[0m
[0;34m2025-09-19 19:17:26 - Generating prompt #16 (Section 1, Prompt 16/17)[0m
[1;33m2025-09-19 19:17:26 - Running prompt generation...[0m
PROMPT GENERATION COMPLETE - Prompt #16
[0;32m2025-09-19 19:17:56 - Completed prompt #16[0m
[0;34m2025-09-19 19:18:01 - Generating prompt #17 (Section 1, Prompt 17/17)[0m
[1;33m2025-09-19 19:18:01 - Running prompt generation...[0m
PROMPT GENERATION COMPLETE - Prompt #17
[0;32m2025-09-19 19:18:30 - Completed prompt #17[0m
[0;34m2025-09-19 19:18:35 - Generating prompt #18 (Section 2, Prompt 1/17)[0m
[1;33m2025-09-19 19:18:35 - Running prompt generation...[0m
PROMPT GENERATION COMPLETE - Prompt #18
[0;32m2025-09-19 19:19:07 - Completed prompt #18[0m
[0;34m2025-09-19 19:19:12 - Generating prompt #19 (Section 2, Prompt 2/17)[0m
[1;33m2025-09-19 19:19:13 - Running prompt generation...[0m
PROMPT GENERATION COMPLETE - Prompt #19
[0;32m2025-09-19 19:19:44 - Completed prompt #19[0m
[0;34m2025-09-19 19:19:49 - Generating prompt #20 (Section 2, Prompt 3/17)[0m
[1;33m2025-09-19 19:19:49 - Running prompt generation...[0m
PROMPT GENERATION COMPLETE - Prompt #20
[0;32m2025-09-19 19:20:15 - Completed prompt #20[0m
[0;34m2025-09-19 19:20:20 - Generating prompt #21 (Section 2, Prompt 4/17)[0m
[1;33m2025-09-19 19:20:20 - Running prompt generation...[0m
PROMPT GENERATION COMPLETE - Prompt #21
[0;32m2025-09-19 19:20:47 - Completed prompt #21[0m
[0;34m2025-09-19 19:20:52 - Generating prompt #22 (Section 2, Prompt 5/17)[0m
[1;33m2025-09-19 19:20:52 - Running prompt generation...[0m
PROMPT GENERATION COMPLETE - Prompt #22
[0;32m2025-09-19 19:21:18 - Completed prompt #22[0m
[0;34m2025-09-19 19:21:23 - Generating prompt #23 (Section 2, Prompt 6/17)[0m
[1;33m2025-09-19 19:21:24 - Running prompt generation...[0m
PROMPT GENERATION COMPLETE - Prompt #23
[0;32m2025-09-19 19:21:54 - Completed prompt #23[0m
[0;34m2025-09-19 19:21:59 - Generating prompt #24 (Section 2, Prompt 7/17)[0m
[1;33m2025-09-19 19:21:59 - Running prompt generation...[0m
PROMPT GENERATION COMPLETE - Prompt #24
[0;32m2025-09-19 19:22:22 - Completed prompt #24[0m
[0;34m2025-09-19 19:22:27 - Generating prompt #25 (Section 2, Prompt 8/17)[0m
[1;33m2025-09-19 19:22:28 - Running prompt generation...[0m
PROMPT GENERATION COMPLETE - Prompt #25
[0;32m2025-09-19 19:22:59 - Completed prompt #25[0m
[0;34m2025-09-19 19:23:04 - Generating prompt #26 (Section 2, Prompt 9/17)[0m
[1;33m2025-09-19 19:23:04 - Running prompt generation...[0m
PROMPT GENERATION COMPLETE - Prompt #26
[0;32m2025-09-19 19:23:33 - Completed prompt #26[0m
[0;34m2025-09-19 19:23:38 - Generating prompt #27 (Section 2, Prompt 10/17)[0m
[1;33m2025-09-19 19:23:39 - Running prompt generation...[0m
PROMPT GENERATION COMPLETE - Prompt #27
[0;32m2025-09-19 19:24:15 - Completed prompt #27[0m
[0;34m2025-09-19 19:24:20 - Generating prompt #28 (Section 2, Prompt 11/17)[0m
[1;33m2025-09-19 19:24:20 - Running prompt generation...[0m
PROMPT GENERATION COMPLETE - Prompt #28
[0;32m2025-09-19 19:24:54 - Completed prompt #28[0m
[0;34m2025-09-19 19:24:59 - Generating prompt #29 (Section 2, Prompt 12/17)[0m
[0;34m2025-09-20 00:04:31 - Starting Prompt Generation Cycle for template: music-production[0m
[0;32m2025-09-20 00:04:31 - Using existing worktree: ../templata-music-production[0m
[0;34m2025-09-20 00:04:31 - Generating prompt #29 (Section 2, Prompt 12/17)[0m
[1;33m2025-09-20 00:04:31 - Running prompt generation...[0m
PROMPT GENERATION COMPLETE - Prompt #29
[0;32m2025-09-20 00:05:15 - Completed prompt #29[0m
[0;34m2025-09-20 00:05:20 - Generating prompt #30 (Section 2, Prompt 13/17)[0m
[1;33m2025-09-20 00:05:20 - Running prompt generation...[0m
PROMPT GENERATION COMPLETE - Prompt #30
[0;32m2025-09-20 00:05:48 - Completed prompt #30[0m
[0;34m2025-09-20 00:05:53 - Generating prompt #31 (Section 2, Prompt 14/17)[0m
[1;33m2025-09-20 00:05:54 - Running prompt generation...[0m
PROMPT GENERATION COMPLETE - Prompt #31
[0;32m2025-09-20 00:06:36 - Completed prompt #31[0m
[0;34m2025-09-20 00:06:41 - Generating prompt #32 (Section 2, Prompt 15/17)[0m
[1;33m2025-09-20 00:06:41 - Running prompt generation...[0m
PROMPT GENERATION COMPLETE - Prompt #32
[0;32m2025-09-20 00:07:25 - Completed prompt #32[0m
[0;34m2025-09-20 00:07:30 - Generating prompt #33 (Section 2, Prompt 16/17)[0m
[1;33m2025-09-20 00:07:30 - Running prompt generation...[0m
PROMPT GENERATION COMPLETE - Prompt #33
[0;32m2025-09-20 00:08:05 - Completed prompt #33[0m
[0;34m2025-09-20 00:08:10 - Generating prompt #34 (Section 2, Prompt 17/17)[0m
[1;33m2025-09-20 00:08:10 - Running prompt generation...[0m
PROMPT GENERATION COMPLETE - Prompt #34
[0;32m2025-09-20 00:08:49 - Completed prompt #34[0m
[0;34m2025-09-20 00:08:54 - Generating prompt #35 (Section 3, Prompt 1/17)[0m
[1;33m2025-09-20 00:08:54 - Running prompt generation...[0m
PROMPT GENERATION COMPLETE - Prompt #35
[0;32m2025-09-20 00:09:36 - Completed prompt #35[0m
[0;34m2025-09-20 00:09:41 - Generating prompt #36 (Section 3, Prompt 2/17)[0m
[1;33m2025-09-20 00:09:41 - Running prompt generation...[0m
PROMPT GENERATION COMPLETE - Prompt #36
[0;32m2025-09-20 00:10:17 - Completed prompt #36[0m
[0;34m2025-09-20 00:10:22 - Generating prompt #37 (Section 3, Prompt 3/17)[0m
[1;33m2025-09-20 00:10:22 - Running prompt generation...[0m
PROMPT GENERATION COMPLETE - Prompt #37
[0;32m2025-09-20 00:10:56 - Completed prompt #37[0m
[0;34m2025-09-20 00:11:01 - Generating prompt #38 (Section 3, Prompt 4/17)[0m
[1;33m2025-09-20 00:11:02 - Running prompt generation...[0m
PROMPT GENERATION COMPLETE - Prompt #38
[0;32m2025-09-20 00:11:40 - Completed prompt #38[0m
[0;34m2025-09-20 00:11:47 - Generating prompt #39 (Section 3, Prompt 5/17)[0m
[1;33m2025-09-20 00:11:48 - Running prompt generation...[0m
[0;34m2025-09-20 00:11:59 - Starting Prompt Generation Cycle for template: music-production[0m
[0;32m2025-09-20 00:11:59 - Using existing worktree: ../templata-music-production[0m
[0;34m2025-09-20 00:12:00 - Generating prompt #39 (Section 3, Prompt 5/17)[0m
[1;33m2025-09-20 00:12:01 - Running prompt generation...[0m
[0;34m2025-09-20 17:36:08 - Starting Prompt Generation Cycle for template: music-production[0m
[0;32m2025-09-20 17:36:08 - Using existing worktree: ../templata-music-production[0m
[0;34m2025-09-20 17:36:08 - Generating prompt #39 (Section 3, Prompt 5/17)[0m
[1;33m2025-09-20 17:36:08 - Running prompt generation...[0m
PROMPT GENERATION COMPLETE - Prompt #39
[0;32m2025-09-20 17:36:42 - Completed prompt #39[0m
[0;34m2025-09-20 17:36:47 - Generating prompt #40 (Section 3, Prompt 6/17)[0m
[1;33m2025-09-20 17:36:47 - Running prompt generation...[0m
PROMPT GENERATION COMPLETE - Prompt #40
[0;32m2025-09-20 17:37:06 - Completed prompt #40[0m
[0;34m2025-09-20 17:37:11 - Generating prompt #41 (Section 3, Prompt 7/17)[0m
[1;33m2025-09-20 17:37:11 - Running prompt generation...[0m
PROMPT GENERATION COMPLETE - Prompt #41
[0;32m2025-09-20 17:37:31 - Completed prompt #41[0m
[0;34m2025-09-20 17:37:36 - Generating prompt #42 (Section 3, Prompt 8/17)[0m
[1;33m2025-09-20 17:37:36 - Running prompt generation...[0m
PROMPT GENERATION COMPLETE - Prompt #42
[0;32m2025-09-20 17:37:57 - Completed prompt #42[0m
[0;34m2025-09-20 17:38:02 - Generating prompt #43 (Section 3, Prompt 9/17)[0m
[1;33m2025-09-20 17:38:02 - Running prompt generation...[0m
PROMPT GENERATION COMPLETE - Prompt #43
[0;32m2025-09-20 17:38:25 - Completed prompt #43[0m
[0;34m2025-09-20 17:38:30 - Generating prompt #44 (Section 3, Prompt 10/17)[0m
[1;33m2025-09-20 17:38:30 - Running prompt generation...[0m
PROMPT GENERATION COMPLETE - Prompt #44
[0;32m2025-09-20 17:38:52 - Completed prompt #44[0m
[0;34m2025-09-20 17:38:57 - Generating prompt #45 (Section 3, Prompt 11/17)[0m
[1;33m2025-09-20 17:38:57 - Running prompt generation...[0m
PROMPT GENERATION COMPLETE - Prompt #45
[0;32m2025-09-20 17:39:18 - Completed prompt #45[0m
[0;34m2025-09-20 17:39:23 - Generating prompt #46 (Section 3, Prompt 12/17)[0m
[1;33m2025-09-20 17:39:23 - Running prompt generation...[0m
PROMPT GENERATION COMPLETE - Prompt #46
[0;32m2025-09-20 17:39:44 - Completed prompt #46[0m
[0;34m2025-09-20 17:39:49 - Generating prompt #47 (Section 3, Prompt 13/17)[0m
[1;33m2025-09-20 17:39:49 - Running prompt generation...[0m
PROMPT GENERATION COMPLETE - Prompt #47
[0;32m2025-09-20 17:40:10 - Completed prompt #47[0m
[0;34m2025-09-20 17:40:15 - Generating prompt #48 (Section 3, Prompt 14/17)[0m
[1;33m2025-09-20 17:40:15 - Running prompt generation...[0m
PROMPT GENERATION COMPLETE - Prompt #48
[0;32m2025-09-20 17:40:36 - Completed prompt #48[0m
[0;34m2025-09-20 17:40:41 - Generating prompt #49 (Section 3, Prompt 15/17)[0m
[1;33m2025-09-20 17:40:41 - Running prompt generation...[0m
PROMPT GENERATION COMPLETE - Prompt #49
[0;32m2025-09-20 17:41:04 - Completed prompt #49[0m
[0;34m2025-09-20 17:41:09 - Generating prompt #50 (Section 3, Prompt 16/17)[0m
[1;33m2025-09-20 17:41:09 - Running prompt generation...[0m
PROMPT GENERATION COMPLETE - Prompt #50
[0;32m2025-09-20 17:41:31 - Completed prompt #50[0m
[0;34m2025-09-20 17:41:36 - Generating prompt #51 (Section 3, Prompt 17/17)[0m
[1;33m2025-09-20 17:41:36 - Running prompt generation...[0m
PROMPT GENERATION COMPLETE - Prompt #51
[0;32m2025-09-20 17:42:05 - Completed prompt #51[0m
[0;34m2025-09-20 17:42:10 - Generating prompt #52 (Section 4, Prompt 1/17)[0m
[1;33m2025-09-20 17:42:10 - Running prompt generation...[0m
PROMPT GENERATION COMPLETE - Prompt #52
[0;32m2025-09-20 17:42:31 - Completed prompt #52[0m
[0;34m2025-09-20 17:42:36 - Generating prompt #53 (Section 4, Prompt 2/17)[0m
[1;33m2025-09-20 17:42:36 - Running prompt generation...[0m
PROMPT GENERATION COMPLETE - Prompt #53
[0;32m2025-09-20 17:42:59 - Completed prompt #53[0m
[0;34m2025-09-20 17:43:04 - Generating prompt #54 (Section 4, Prompt 3/17)[0m
[1;33m2025-09-20 17:43:04 - Running prompt generation...[0m
PROMPT GENERATION COMPLETE - Prompt #54
[0;32m2025-09-20 17:43:26 - Completed prompt #54[0m
[0;34m2025-09-20 17:43:31 - Generating prompt #55 (Section 4, Prompt 4/17)[0m
[1;33m2025-09-20 17:43:31 - Running prompt generation...[0m
PROMPT GENERATION COMPLETE - Prompt #55
[0;32m2025-09-20 17:43:52 - Completed prompt #55[0m
[0;34m2025-09-20 17:43:57 - Generating prompt #56 (Section 4, Prompt 5/17)[0m
[1;33m2025-09-20 17:43:57 - Running prompt generation...[0m
PROMPT GENERATION COMPLETE - Prompt #56
[0;32m2025-09-20 17:44:20 - Completed prompt #56[0m
[0;34m2025-09-20 17:44:25 - Generating prompt #57 (Section 4, Prompt 6/17)[0m
[1;33m2025-09-20 17:44:25 - Running prompt generation...[0m
PROMPT GENERATION COMPLETE - Prompt #57
[0;32m2025-09-20 17:44:48 - Completed prompt #57[0m
[0;34m2025-09-20 17:44:53 - Generating prompt #58 (Section 4, Prompt 7/17)[0m
[1;33m2025-09-20 17:44:53 - Running prompt generation...[0m
PROMPT GENERATION COMPLETE - Prompt #58
[0;32m2025-09-20 17:45:14 - Completed prompt #58[0m
[0;34m2025-09-20 17:45:19 - Generating prompt #59 (Section 4, Prompt 8/17)[0m
[1;33m2025-09-20 17:45:19 - Running prompt generation...[0m
PROMPT GENERATION COMPLETE - Prompt #59
[0;32m2025-09-20 17:45:40 - Completed prompt #59[0m
[0;34m2025-09-20 17:45:45 - Generating prompt #60 (Section 4, Prompt 9/17)[0m
[1;33m2025-09-20 17:45:45 - Running prompt generation...[0m
PROMPT GENERATION COMPLETE - Prompt #60
[0;32m2025-09-20 17:46:05 - Completed prompt #60[0m
[0;34m2025-09-20 17:46:10 - Generating prompt #61 (Section 4, Prompt 10/17)[0m
[1;33m2025-09-20 17:46:10 - Running prompt generation...[0m
PROMPT GENERATION COMPLETE - Prompt #61
[0;32m2025-09-20 17:46:32 - Completed prompt #61[0m
[0;34m2025-09-20 17:46:37 - Generating prompt #62 (Section 4, Prompt 11/17)[0m
[1;33m2025-09-20 17:46:37 - Running prompt generation...[0m
PROMPT GENERATION COMPLETE - Prompt #62
[0;32m2025-09-20 17:46:59 - Completed prompt #62[0m
[0;34m2025-09-20 17:47:04 - Generating prompt #63 (Section 4, Prompt 12/17)[0m
[1;33m2025-09-20 17:47:04 - Running prompt generation...[0m
PROMPT GENERATION COMPLETE - Prompt #63
[0;32m2025-09-20 17:47:24 - Completed prompt #63[0m
[0;34m2025-09-20 17:47:29 - Generating prompt #64 (Section 4, Prompt 13/17)[0m
[1;33m2025-09-20 17:47:29 - Running prompt generation...[0m
PROMPT GENERATION COMPLETE - Prompt #64
[0;32m2025-09-20 17:47:50 - Completed prompt #64[0m
[0;34m2025-09-20 17:47:55 - Generating prompt #65 (Section 4, Prompt 14/17)[0m
[1;33m2025-09-20 17:47:55 - Running prompt generation...[0m
PROMPT GENERATION COMPLETE - Prompt #65
[0;32m2025-09-20 17:48:15 - Completed prompt #65[0m
[0;34m2025-09-20 17:48:20 - Generating prompt #66 (Section 4, Prompt 15/17)[0m
[1;33m2025-09-20 17:48:20 - Running prompt generation...[0m
PROMPT GENERATION COMPLETE - Prompt #66
[0;32m2025-09-20 17:48:44 - Completed prompt #66[0m
[0;34m2025-09-20 17:48:49 - Generating prompt #67 (Section 4, Prompt 16/17)[0m
[1;33m2025-09-20 17:48:49 - Running prompt generation...[0m
PROMPT GENERATION COMPLETE - Prompt #67
[0;32m2025-09-20 17:49:12 - Completed prompt #67[0m
[0;34m2025-09-20 17:49:17 - Generating prompt #68 (Section 4, Prompt 17/17)[0m
[1;33m2025-09-20 17:49:17 - Running prompt generation...[0m
PROMPT GENERATION COMPLETE - Prompt #68
[0;32m2025-09-20 17:49:37 - Completed prompt #68[0m
[0;34m2025-09-20 17:49:42 - Generating prompt #69 (Section 5, Prompt 1/17)[0m
[1;33m2025-09-20 17:49:42 - Running prompt generation...[0m
PROMPT GENERATION COMPLETE - Prompt #69
[0;32m2025-09-20 17:50:03 - Completed prompt #69[0m
[0;34m2025-09-20 17:50:08 - Generating prompt #70 (Section 5, Prompt 2/17)[0m
[1;33m2025-09-20 17:50:08 - Running prompt generation...[0m
PROMPT GENERATION COMPLETE - Prompt #70
[0;32m2025-09-20 17:50:30 - Completed prompt #70[0m
[0;34m2025-09-20 17:50:35 - Generating prompt #71 (Section 5, Prompt 3/17)[0m
[1;33m2025-09-20 17:50:35 - Running prompt generation...[0m
PROMPT GENERATION COMPLETE - Prompt #71
[0;32m2025-09-20 17:50:58 - Completed prompt #71[0m
[0;34m2025-09-20 17:51:03 - Generating prompt #72 (Section 5, Prompt 4/17)[0m
[1;33m2025-09-20 17:51:03 - Running prompt generation...[0m
PROMPT GENERATION COMPLETE - Prompt #72
[0;32m2025-09-20 17:51:25 - Completed prompt #72[0m
[0;34m2025-09-20 17:51:30 - Generating prompt #73 (Section 5, Prompt 5/17)[0m
[1;33m2025-09-20 17:51:30 - Running prompt generation...[0m
PROMPT GENERATION COMPLETE - Prompt #73
[0;32m2025-09-20 17:51:50 - Completed prompt #73[0m
[0;34m2025-09-20 17:51:55 - Generating prompt #74 (Section 5, Prompt 6/17)[0m
[1;33m2025-09-20 17:51:55 - Running prompt generation...[0m
PROMPT GENERATION COMPLETE - Prompt #74
[0;32m2025-09-20 17:52:15 - Completed prompt #74[0m
[0;34m2025-09-20 17:52:20 - Generating prompt #75 (Section 5, Prompt 7/17)[0m
[1;33m2025-09-20 17:52:20 - Running prompt generation...[0m
PROMPT GENERATION COMPLETE - Prompt #75
[0;32m2025-09-20 17:52:42 - Completed prompt #75[0m
[0;34m2025-09-20 17:52:47 - Generating prompt #76 (Section 5, Prompt 8/17)[0m
[1;33m2025-09-20 17:52:47 - Running prompt generation...[0m
PROMPT GENERATION COMPLETE - Prompt #76
[0;32m2025-09-20 17:53:12 - Completed prompt #76[0m
[0;34m2025-09-20 17:53:17 - Generating prompt #77 (Section 5, Prompt 9/17)[0m
[1;33m2025-09-20 17:53:17 - Running prompt generation...[0m
PROMPT GENERATION COMPLETE - Prompt #77
[0;32m2025-09-20 17:53:38 - Completed prompt #77[0m
[0;34m2025-09-20 17:53:43 - Generating prompt #78 (Section 5, Prompt 10/17)[0m
[1;33m2025-09-20 17:53:43 - Running prompt generation...[0m
