[0;34m2025-09-19 20:10:09 - Starting Prompt Generation Cycle for template: app-development[0m
[0;32m2025-09-19 20:10:09 - Using existing worktree: ../templata-app-development[0m
[1;33m2025-09-19 20:10:09 - Creating template prompt file: prompts-app-development.ts[0m
[0;32m2025-09-19 20:10:09 - Created template prompt file: ../templata-app-development/src/data/prompts-app-development.ts[0m
[0;34m2025-09-19 20:10:09 - Generating prompt #1 (Section 1, Prompt 1/17)[0m
[1;33m2025-09-19 20:10:09 - Running prompt generation...[0m
PROMPT GENERATION COMPLETE - Prompt #1
[0;32m2025-09-19 20:10:25 - Completed prompt #1[0m
[0;34m2025-09-19 20:10:30 - Generating prompt #2 (Section 1, Prompt 2/17)[0m
[1;33m2025-09-19 20:10:30 - Running prompt generation...[0m
PROMPT GENERATION COMPLETE - Prompt #2
[0;32m2025-09-19 20:10:48 - Completed prompt #2[0m
[0;34m2025-09-19 20:10:53 - Generating prompt #3 (Section 1, Prompt 3/17)[0m
[1;33m2025-09-19 20:10:53 - Running prompt generation...[0m
PROMPT GENERATION COMPLETE - Prompt #3
[0;32m2025-09-19 20:11:12 - Completed prompt #3[0m
[0;34m2025-09-19 20:11:17 - Generating prompt #4 (Section 1, Prompt 4/17)[0m
[1;33m2025-09-19 20:11:17 - Running prompt generation...[0m
PROMPT GENERATION COMPLETE - Prompt #4
[0;32m2025-09-19 20:11:35 - Completed prompt #4[0m
[0;34m2025-09-19 20:11:40 - Generating prompt #5 (Section 1, Prompt 5/17)[0m
[1;33m2025-09-19 20:11:40 - Running prompt generation...[0m
PROMPT GENERATION COMPLETE - Prompt #5
[0;32m2025-09-19 20:11:59 - Completed prompt #5[0m
[0;34m2025-09-19 20:12:04 - Generating prompt #6 (Section 1, Prompt 6/17)[0m
[1;33m2025-09-19 20:12:04 - Running prompt generation...[0m
PROMPT GENERATION COMPLETE - Prompt #6
[0;32m2025-09-19 20:12:24 - Completed prompt #6[0m
[0;34m2025-09-19 20:12:29 - Generating prompt #7 (Section 1, Prompt 7/17)[0m
[1;33m2025-09-19 20:12:29 - Running prompt generation...[0m
PROMPT GENERATION COMPLETE - Prompt #7
[0;32m2025-09-19 20:12:50 - Completed prompt #7[0m
[0;34m2025-09-19 20:12:55 - Generating prompt #8 (Section 1, Prompt 8/17)[0m
[1;33m2025-09-19 20:12:55 - Running prompt generation...[0m
PROMPT GENERATION COMPLETE - Prompt #8
[0;32m2025-09-19 20:13:16 - Completed prompt #8[0m
[0;34m2025-09-19 20:13:21 - Generating prompt #9 (Section 1, Prompt 9/17)[0m
[1;33m2025-09-19 20:13:21 - Running prompt generation...[0m
PROMPT GENERATION COMPLETE - Prompt #9
[0;32m2025-09-19 20:13:41 - Completed prompt #9[0m
[0;34m2025-09-19 20:13:46 - Generating prompt #10 (Section 1, Prompt 10/17)[0m
[1;33m2025-09-19 20:13:46 - Running prompt generation...[0m
PROMPT GENERATION COMPLETE - Prompt #10
[0;32m2025-09-19 20:14:06 - Completed prompt #10[0m
[0;34m2025-09-19 20:14:11 - Generating prompt #11 (Section 1, Prompt 11/17)[0m
[1;33m2025-09-19 20:14:11 - Running prompt generation...[0m
PROMPT GENERATION COMPLETE - Prompt #11
[0;32m2025-09-19 20:14:31 - Completed prompt #11[0m
[0;34m2025-09-19 20:14:36 - Generating prompt #12 (Section 1, Prompt 12/17)[0m
[1;33m2025-09-19 20:14:36 - Running prompt generation...[0m
PROMPT GENERATION COMPLETE - Prompt #12
[0;32m2025-09-19 20:14:56 - Completed prompt #12[0m
[0;34m2025-09-19 20:15:01 - Generating prompt #13 (Section 1, Prompt 13/17)[0m
[1;33m2025-09-19 20:15:01 - Running prompt generation...[0m
PROMPT GENERATION COMPLETE - Prompt #13
[0;32m2025-09-19 20:15:21 - Completed prompt #13[0m
[0;34m2025-09-19 20:15:26 - Generating prompt #14 (Section 1, Prompt 14/17)[0m
[1;33m2025-09-19 20:15:26 - Running prompt generation...[0m
PROMPT GENERATION COMPLETE - Prompt #14
[0;32m2025-09-19 20:15:47 - Completed prompt #14[0m
[0;34m2025-09-19 20:15:52 - Generating prompt #15 (Section 1, Prompt 15/17)[0m
[1;33m2025-09-19 20:15:52 - Running prompt generation...[0m
PROMPT GENERATION COMPLETE - Prompt #15
[0;32m2025-09-19 20:16:16 - Completed prompt #15[0m
[0;34m2025-09-19 20:16:21 - Generating prompt #16 (Section 1, Prompt 16/17)[0m
[1;33m2025-09-19 20:16:21 - Running prompt generation...[0m
PROMPT GENERATION COMPLETE - Prompt #16
[0;32m2025-09-19 20:16:42 - Completed prompt #16[0m
[0;34m2025-09-19 20:16:47 - Generating prompt #17 (Section 1, Prompt 17/17)[0m
[1;33m2025-09-19 20:16:47 - Running prompt generation...[0m
PROMPT GENERATION COMPLETE - Prompt #17
[0;32m2025-09-19 20:17:08 - Completed prompt #17[0m
[0;34m2025-09-19 20:17:13 - Generating prompt #18 (Section 2, Prompt 1/17)[0m
[1;33m2025-09-19 20:17:13 - Running prompt generation...[0m
PROMPT GENERATION COMPLETE - Prompt #18
[0;32m2025-09-19 20:17:34 - Completed prompt #18[0m
[0;34m2025-09-19 20:17:39 - Generating prompt #19 (Section 2, Prompt 2/17)[0m
[1;33m2025-09-19 20:17:39 - Running prompt generation...[0m
PROMPT GENERATION COMPLETE - Prompt #19
[0;32m2025-09-19 20:18:01 - Completed prompt #19[0m
[0;34m2025-09-19 20:18:06 - Generating prompt #20 (Section 2, Prompt 3/17)[0m
[1;33m2025-09-19 20:18:06 - Running prompt generation...[0m
PROMPT GENERATION COMPLETE - Prompt #20
[0;32m2025-09-19 20:18:27 - Completed prompt #20[0m
[0;34m2025-09-19 20:18:32 - Generating prompt #21 (Section 2, Prompt 4/17)[0m
[1;33m2025-09-19 20:18:32 - Running prompt generation...[0m
PROMPT GENERATION COMPLETE - Prompt #21
[0;32m2025-09-19 20:18:54 - Completed prompt #21[0m
[0;34m2025-09-19 20:18:59 - Generating prompt #22 (Section 2, Prompt 5/17)[0m
[1;33m2025-09-19 20:18:59 - Running prompt generation...[0m
PROMPT GENERATION COMPLETE - Prompt #22
[0;32m2025-09-19 20:19:20 - Completed prompt #22[0m
[0;34m2025-09-19 20:19:25 - Generating prompt #23 (Section 2, Prompt 6/17)[0m
[1;33m2025-09-19 20:19:25 - Running prompt generation...[0m
PROMPT GENERATION COMPLETE - Prompt #23
[0;32m2025-09-19 20:19:48 - Completed prompt #23[0m
[0;34m2025-09-19 20:19:54 - Generating prompt #24 (Section 2, Prompt 7/17)[0m
[1;33m2025-09-19 20:19:54 - Running prompt generation...[0m
PROMPT GENERATION COMPLETE - Prompt #24
[0;32m2025-09-19 20:20:16 - Completed prompt #24[0m
[0;34m2025-09-19 20:20:21 - Generating prompt #25 (Section 2, Prompt 8/17)[0m
[1;33m2025-09-19 20:20:21 - Running prompt generation...[0m
PROMPT GENERATION COMPLETE - Prompt #25
[0;32m2025-09-19 20:20:44 - Completed prompt #25[0m
[0;34m2025-09-19 20:20:49 - Generating prompt #26 (Section 2, Prompt 9/17)[0m
[1;33m2025-09-19 20:20:49 - Running prompt generation...[0m
PROMPT GENERATION COMPLETE - Prompt #26
[0;32m2025-09-19 20:21:12 - Completed prompt #26[0m
[0;34m2025-09-19 20:21:17 - Generating prompt #27 (Section 2, Prompt 10/17)[0m
[1;33m2025-09-19 20:21:17 - Running prompt generation...[0m
PROMPT GENERATION COMPLETE - Prompt #27
[0;32m2025-09-19 20:21:39 - Completed prompt #27[0m
[0;34m2025-09-19 20:21:44 - Generating prompt #28 (Section 2, Prompt 11/17)[0m
[1;33m2025-09-19 20:21:44 - Running prompt generation...[0m
PROMPT GENERATION COMPLETE - Prompt #28
[0;32m2025-09-19 20:22:07 - Completed prompt #28[0m
[0;34m2025-09-19 20:22:12 - Generating prompt #29 (Section 2, Prompt 12/17)[0m
[1;33m2025-09-19 20:22:12 - Running prompt generation...[0m
PROMPT GENERATION COMPLETE - Prompt #29
[0;32m2025-09-19 20:22:35 - Completed prompt #29[0m
[0;34m2025-09-19 20:22:40 - Generating prompt #30 (Section 2, Prompt 13/17)[0m
[1;33m2025-09-19 20:22:40 - Running prompt generation...[0m
PROMPT GENERATION COMPLETE - Prompt #30
[0;32m2025-09-19 20:23:03 - Completed prompt #30[0m
[0;34m2025-09-19 20:23:08 - Generating prompt #31 (Section 2, Prompt 14/17)[0m
[1;33m2025-09-19 20:23:08 - Running prompt generation...[0m
PROMPT GENERATION COMPLETE - Prompt #31
[0;32m2025-09-19 20:23:30 - Completed prompt #31[0m
[0;34m2025-09-19 20:23:35 - Generating prompt #32 (Section 2, Prompt 15/17)[0m
[1;33m2025-09-19 20:23:35 - Running prompt generation...[0m
PROMPT GENERATION COMPLETE - Prompt #32
[0;32m2025-09-19 20:23:57 - Completed prompt #32[0m
[0;34m2025-09-19 20:24:02 - Generating prompt #33 (Section 2, Prompt 16/17)[0m
[1;33m2025-09-19 20:24:02 - Running prompt generation...[0m
PROMPT GENERATION COMPLETE - Prompt #33
[0;32m2025-09-19 20:24:24 - Completed prompt #33[0m
[0;34m2025-09-19 20:24:29 - Generating prompt #34 (Section 2, Prompt 17/17)[0m
[1;33m2025-09-19 20:24:29 - Running prompt generation...[0m
PROMPT GENERATION COMPLETE - Prompt #34
[0;32m2025-09-19 20:24:50 - Completed prompt #34[0m
[0;34m2025-09-19 20:24:55 - Generating prompt #35 (Section 3, Prompt 1/17)[0m
[1;33m2025-09-19 20:24:55 - Running prompt generation...[0m
PROMPT GENERATION COMPLETE - Prompt #35
[0;32m2025-09-19 20:25:16 - Completed prompt #35[0m
[0;34m2025-09-19 20:25:21 - Generating prompt #36 (Section 3, Prompt 2/17)[0m
[1;33m2025-09-19 20:25:21 - Running prompt generation...[0m
PROMPT GENERATION COMPLETE - Prompt #36
[0;32m2025-09-19 20:25:43 - Completed prompt #36[0m
[0;34m2025-09-19 20:25:48 - Generating prompt #37 (Section 3, Prompt 3/17)[0m
[1;33m2025-09-19 20:25:48 - Running prompt generation...[0m
PROMPT GENERATION COMPLETE - Prompt #37
[0;32m2025-09-19 20:26:11 - Completed prompt #37[0m
[0;34m2025-09-19 20:26:16 - Generating prompt #38 (Section 3, Prompt 4/17)[0m
[1;33m2025-09-19 20:26:16 - Running prompt generation...[0m
PROMPT GENERATION COMPLETE - Prompt #38
[0;32m2025-09-19 20:26:38 - Completed prompt #38[0m
[0;34m2025-09-19 20:26:43 - Generating prompt #39 (Section 3, Prompt 5/17)[0m
[1;33m2025-09-19 20:26:43 - Running prompt generation...[0m
PROMPT GENERATION COMPLETE - Prompt #39
[0;32m2025-09-19 20:27:01 - Completed prompt #39[0m
[0;34m2025-09-19 20:27:06 - Generating prompt #40 (Section 3, Prompt 6/17)[0m
[1;33m2025-09-19 20:27:06 - Running prompt generation...[0m
PROMPT GENERATION COMPLETE - Prompt #40
[0;32m2025-09-19 20:27:28 - Completed prompt #40[0m
[0;34m2025-09-19 20:27:33 - Generating prompt #41 (Section 3, Prompt 7/17)[0m
[1;33m2025-09-19 20:27:33 - Running prompt generation...[0m
PROMPT GENERATION COMPLETE - Prompt #41
[0;32m2025-09-19 20:27:52 - Completed prompt #41[0m
[0;34m2025-09-19 20:27:57 - Generating prompt #42 (Section 3, Prompt 8/17)[0m
[1;33m2025-09-19 20:27:57 - Running prompt generation...[0m
PROMPT GENERATION COMPLETE - Prompt #42
[0;32m2025-09-19 20:28:19 - Completed prompt #42[0m
[0;34m2025-09-19 20:28:24 - Generating prompt #43 (Section 3, Prompt 9/17)[0m
[1;33m2025-09-19 20:28:24 - Running prompt generation...[0m
PROMPT GENERATION COMPLETE - Prompt #43
[0;32m2025-09-19 20:28:46 - Completed prompt #43[0m
[0;34m2025-09-19 20:28:51 - Generating prompt #44 (Section 3, Prompt 10/17)[0m
[1;33m2025-09-19 20:28:51 - Running prompt generation...[0m
PROMPT GENERATION COMPLETE - Prompt #44
[0;32m2025-09-19 20:29:09 - Completed prompt #44[0m
[0;34m2025-09-19 20:29:14 - Generating prompt #45 (Section 3, Prompt 11/17)[0m
[1;33m2025-09-19 20:29:14 - Running prompt generation...[0m
PROMPT GENERATION COMPLETE - Prompt #45
[0;32m2025-09-19 20:29:33 - Completed prompt #45[0m
[0;34m2025-09-19 20:29:38 - Generating prompt #46 (Section 3, Prompt 12/17)[0m
[1;33m2025-09-19 20:29:38 - Running prompt generation...[0m
PROMPT GENERATION COMPLETE - Prompt #46
[0;32m2025-09-19 20:30:01 - Completed prompt #46[0m
[0;34m2025-09-19 20:30:06 - Generating prompt #47 (Section 3, Prompt 13/17)[0m
[1;33m2025-09-19 20:30:06 - Running prompt generation...[0m
PROMPT GENERATION COMPLETE - Prompt #47
[0;32m2025-09-19 20:30:35 - Completed prompt #47[0m
[0;34m2025-09-19 20:30:40 - Generating prompt #48 (Section 3, Prompt 14/17)[0m
[1;33m2025-09-19 20:30:40 - Running prompt generation...[0m
5-hour limit reached ∙ resets 12am
[0;32m2025-09-19 20:31:05 - Completed prompt #48[0m
[0;34m2025-09-19 20:31:10 - Generating prompt #49 (Section 3, Prompt 15/17)[0m
[1;33m2025-09-19 20:31:10 - Running prompt generation...[0m
5-hour limit reached ∙ resets 12am
[0;32m2025-09-19 20:31:18 - Completed prompt #49[0m
[0;34m2025-09-19 20:31:23 - Generating prompt #50 (Section 3, Prompt 16/17)[0m
[1;33m2025-09-19 20:31:23 - Running prompt generation...[0m
5-hour limit reached ∙ resets 12am
[0;32m2025-09-19 20:31:30 - Completed prompt #50[0m
[0;34m2025-09-19 20:31:35 - Generating prompt #51 (Section 3, Prompt 17/17)[0m
[1;33m2025-09-19 20:31:35 - Running prompt generation...[0m
5-hour limit reached ∙ resets 12am
[0;32m2025-09-19 20:31:42 - Completed prompt #51[0m
[0;34m2025-09-19 20:31:47 - Generating prompt #52 (Section 4, Prompt 1/17)[0m
[1;33m2025-09-19 20:31:47 - Running prompt generation...[0m
5-hour limit reached ∙ resets 12am
[0;32m2025-09-19 20:31:56 - Completed prompt #52[0m
[0;34m2025-09-19 20:32:01 - Generating prompt #53 (Section 4, Prompt 2/17)[0m
[1;33m2025-09-19 20:32:01 - Running prompt generation...[0m
5-hour limit reached ∙ resets 12am
[0;32m2025-09-19 20:32:09 - Completed prompt #53[0m
[0;34m2025-09-19 20:32:14 - Generating prompt #54 (Section 4, Prompt 3/17)[0m
[1;33m2025-09-19 20:32:15 - Running prompt generation...[0m
5-hour limit reached ∙ resets 12am
[0;32m2025-09-19 20:32:22 - Completed prompt #54[0m
[0;34m2025-09-19 20:32:27 - Generating prompt #55 (Section 4, Prompt 4/17)[0m
[1;33m2025-09-19 20:32:27 - Running prompt generation...[0m
5-hour limit reached ∙ resets 12am
[0;32m2025-09-19 20:32:36 - Completed prompt #55[0m
[0;34m2025-09-19 20:32:41 - Generating prompt #56 (Section 4, Prompt 5/17)[0m
[1;33m2025-09-19 20:32:41 - Running prompt generation...[0m
5-hour limit reached ∙ resets 12am
[0;32m2025-09-19 20:32:48 - Completed prompt #56[0m
[0;34m2025-09-19 20:32:54 - Generating prompt #57 (Section 4, Prompt 6/17)[0m
[1;33m2025-09-19 20:32:54 - Running prompt generation...[0m
5-hour limit reached ∙ resets 12am
[0;32m2025-09-19 20:33:02 - Completed prompt #57[0m
[0;34m2025-09-19 20:33:07 - Generating prompt #58 (Section 4, Prompt 7/17)[0m
[1;33m2025-09-19 20:33:07 - Running prompt generation...[0m
5-hour limit reached ∙ resets 12am
[0;32m2025-09-19 20:33:16 - Completed prompt #58[0m
[0;34m2025-09-19 20:33:21 - Generating prompt #59 (Section 4, Prompt 8/17)[0m
[1;33m2025-09-19 20:33:21 - Running prompt generation...[0m
5-hour limit reached ∙ resets 12am
[0;32m2025-09-19 20:33:30 - Completed prompt #59[0m
[0;34m2025-09-19 20:33:35 - Generating prompt #60 (Section 4, Prompt 9/17)[0m
[1;33m2025-09-19 20:33:35 - Running prompt generation...[0m
5-hour limit reached ∙ resets 12am
[0;32m2025-09-19 20:33:43 - Completed prompt #60[0m
[0;34m2025-09-19 20:33:48 - Generating prompt #61 (Section 4, Prompt 10/17)[0m
[1;33m2025-09-19 20:33:48 - Running prompt generation...[0m
5-hour limit reached ∙ resets 12am
[0;32m2025-09-19 20:33:57 - Completed prompt #61[0m
[0;34m2025-09-19 20:34:02 - Generating prompt #62 (Section 4, Prompt 11/17)[0m
[1;33m2025-09-19 20:34:02 - Running prompt generation...[0m
5-hour limit reached ∙ resets 12am
[0;32m2025-09-19 20:34:11 - Completed prompt #62[0m
[0;34m2025-09-19 20:34:16 - Generating prompt #63 (Section 4, Prompt 12/17)[0m
[1;33m2025-09-19 20:34:16 - Running prompt generation...[0m
5-hour limit reached ∙ resets 12am
[0;32m2025-09-19 20:34:25 - Completed prompt #63[0m
[0;34m2025-09-19 20:34:30 - Generating prompt #64 (Section 4, Prompt 13/17)[0m
[1;33m2025-09-19 20:34:30 - Running prompt generation...[0m
5-hour limit reached ∙ resets 12am
[0;32m2025-09-19 20:34:39 - Completed prompt #64[0m
[0;34m2025-09-19 20:34:44 - Generating prompt #65 (Section 4, Prompt 14/17)[0m
[1;33m2025-09-19 20:34:44 - Running prompt generation...[0m
5-hour limit reached ∙ resets 12am
[0;32m2025-09-19 20:34:53 - Completed prompt #65[0m
[0;34m2025-09-19 20:34:58 - Generating prompt #66 (Section 4, Prompt 15/17)[0m
[1;33m2025-09-19 20:34:58 - Running prompt generation...[0m
5-hour limit reached ∙ resets 12am
[0;32m2025-09-19 20:35:06 - Completed prompt #66[0m
[0;34m2025-09-19 20:35:11 - Generating prompt #67 (Section 4, Prompt 16/17)[0m
[1;33m2025-09-19 20:35:11 - Running prompt generation...[0m
5-hour limit reached ∙ resets 12am
[0;32m2025-09-19 20:35:19 - Completed prompt #67[0m
[0;34m2025-09-19 20:35:24 - Generating prompt #68 (Section 4, Prompt 17/17)[0m
[1;33m2025-09-19 20:35:24 - Running prompt generation...[0m
5-hour limit reached ∙ resets 12am
[0;32m2025-09-19 20:35:33 - Completed prompt #68[0m
[0;34m2025-09-19 20:35:38 - Generating prompt #69 (Section 5, Prompt 1/17)[0m
[1;33m2025-09-19 20:35:38 - Running prompt generation...[0m
5-hour limit reached ∙ resets 12am
[0;32m2025-09-19 20:35:46 - Completed prompt #69[0m
[0;34m2025-09-19 20:35:52 - Generating prompt #70 (Section 5, Prompt 2/17)[0m
[1;33m2025-09-19 20:35:52 - Running prompt generation...[0m
5-hour limit reached ∙ resets 12am
[0;32m2025-09-19 20:36:00 - Completed prompt #70[0m
[0;34m2025-09-19 20:36:05 - Generating prompt #71 (Section 5, Prompt 3/17)[0m
[1;33m2025-09-19 20:36:05 - Running prompt generation...[0m
5-hour limit reached ∙ resets 12am
[0;32m2025-09-19 20:36:14 - Completed prompt #71[0m
[0;34m2025-09-19 20:36:19 - Generating prompt #72 (Section 5, Prompt 4/17)[0m
[1;33m2025-09-19 20:36:19 - Running prompt generation...[0m
5-hour limit reached ∙ resets 12am
[0;32m2025-09-19 20:36:27 - Completed prompt #72[0m
[0;34m2025-09-19 20:36:32 - Generating prompt #73 (Section 5, Prompt 5/17)[0m
[1;33m2025-09-19 20:36:32 - Running prompt generation...[0m
5-hour limit reached ∙ resets 12am
[0;32m2025-09-19 20:36:41 - Completed prompt #73[0m
[0;34m2025-09-19 20:36:46 - Generating prompt #74 (Section 5, Prompt 6/17)[0m
[1;33m2025-09-19 20:36:46 - Running prompt generation...[0m
5-hour limit reached ∙ resets 12am
[0;32m2025-09-19 20:36:55 - Completed prompt #74[0m
[0;34m2025-09-19 20:37:00 - Generating prompt #75 (Section 5, Prompt 7/17)[0m
[1;33m2025-09-19 20:37:00 - Running prompt generation...[0m
5-hour limit reached ∙ resets 12am
[0;32m2025-09-19 20:37:09 - Completed prompt #75[0m
[0;34m2025-09-19 20:37:14 - Generating prompt #76 (Section 5, Prompt 8/17)[0m
[1;33m2025-09-19 20:37:14 - Running prompt generation...[0m
5-hour limit reached ∙ resets 12am
[0;32m2025-09-19 20:37:23 - Completed prompt #76[0m
[0;34m2025-09-19 20:37:28 - Generating prompt #77 (Section 5, Prompt 9/17)[0m
[1;33m2025-09-19 20:37:28 - Running prompt generation...[0m
5-hour limit reached ∙ resets 12am
[0;32m2025-09-19 20:37:37 - Completed prompt #77[0m
[0;34m2025-09-19 20:37:42 - Generating prompt #78 (Section 5, Prompt 10/17)[0m
[1;33m2025-09-19 20:37:42 - Running prompt generation...[0m
5-hour limit reached ∙ resets 12am
[0;32m2025-09-19 20:37:51 - Completed prompt #78[0m
[0;34m2025-09-19 20:37:56 - Generating prompt #79 (Section 5, Prompt 11/17)[0m
[1;33m2025-09-19 20:37:56 - Running prompt generation...[0m
5-hour limit reached ∙ resets 12am
[0;32m2025-09-19 20:38:05 - Completed prompt #79[0m
[0;34m2025-09-19 20:38:10 - Generating prompt #80 (Section 5, Prompt 12/17)[0m
[1;33m2025-09-19 20:38:10 - Running prompt generation...[0m
5-hour limit reached ∙ resets 12am
[0;32m2025-09-19 20:38:18 - Completed prompt #80[0m
[0;34m2025-09-19 20:38:24 - Generating prompt #81 (Section 5, Prompt 13/17)[0m
[1;33m2025-09-19 20:38:24 - Running prompt generation...[0m
5-hour limit reached ∙ resets 12am
[0;32m2025-09-19 20:38:34 - Completed prompt #81[0m
[0;34m2025-09-19 20:38:39 - Generating prompt #82 (Section 5, Prompt 14/17)[0m
[1;33m2025-09-19 20:38:39 - Running prompt generation...[0m
5-hour limit reached ∙ resets 12am
[0;32m2025-09-19 20:38:49 - Completed prompt #82[0m
[0;34m2025-09-19 20:38:54 - Generating prompt #83 (Section 5, Prompt 15/17)[0m
[1;33m2025-09-19 20:38:54 - Running prompt generation...[0m
5-hour limit reached ∙ resets 12am
[0;32m2025-09-19 20:39:04 - Completed prompt #83[0m
[0;34m2025-09-19 20:39:09 - Generating prompt #84 (Section 5, Prompt 16/17)[0m
[1;33m2025-09-19 20:39:09 - Running prompt generation...[0m
5-hour limit reached ∙ resets 12am
[0;32m2025-09-19 20:39:20 - Completed prompt #84[0m
[0;34m2025-09-19 20:39:25 - Generating prompt #85 (Section 5, Prompt 17/17)[0m
[1;33m2025-09-19 20:39:25 - Running prompt generation...[0m
5-hour limit reached ∙ resets 12am
[0;32m2025-09-19 20:39:32 - Completed prompt #85[0m
[0;34m2025-09-19 20:39:37 - Generating prompt #86 (Section 6, Prompt 1/17)[0m
[1;33m2025-09-19 20:39:37 - Running prompt generation...[0m
5-hour limit reached ∙ resets 12am
[0;32m2025-09-19 20:39:44 - Completed prompt #86[0m
[0;34m2025-09-19 20:39:49 - Generating prompt #87 (Section 6, Prompt 2/17)[0m
[1;33m2025-09-19 20:39:49 - Running prompt generation...[0m
5-hour limit reached ∙ resets 12am
[0;32m2025-09-19 20:39:57 - Completed prompt #87[0m
[0;34m2025-09-19 20:40:02 - Generating prompt #88 (Section 6, Prompt 3/17)[0m
[1;33m2025-09-19 20:40:02 - Running prompt generation...[0m
5-hour limit reached ∙ resets 12am
[0;32m2025-09-19 20:40:10 - Completed prompt #88[0m
[0;34m2025-09-19 20:40:15 - Generating prompt #89 (Section 6, Prompt 4/17)[0m
[1;33m2025-09-19 20:40:15 - Running prompt generation...[0m
5-hour limit reached ∙ resets 12am
[0;32m2025-09-19 20:40:25 - Completed prompt #89[0m
[0;34m2025-09-19 20:40:30 - Generating prompt #90 (Section 6, Prompt 5/17)[0m
[1;33m2025-09-19 20:40:30 - Running prompt generation...[0m
5-hour limit reached ∙ resets 12am
[0;32m2025-09-19 20:40:38 - Completed prompt #90[0m
[0;34m2025-09-19 20:40:43 - Generating prompt #91 (Section 6, Prompt 6/17)[0m
[1;33m2025-09-19 20:40:44 - Running prompt generation...[0m
5-hour limit reached ∙ resets 12am
[0;32m2025-09-19 20:40:51 - Completed prompt #91[0m
[0;34m2025-09-19 20:40:56 - Generating prompt #92 (Section 6, Prompt 7/17)[0m
[1;33m2025-09-19 20:40:56 - Running prompt generation...[0m
5-hour limit reached ∙ resets 12am
[0;32m2025-09-19 20:41:04 - Completed prompt #92[0m
[0;34m2025-09-19 20:41:09 - Generating prompt #93 (Section 6, Prompt 8/17)[0m
[1;33m2025-09-19 20:41:09 - Running prompt generation...[0m
5-hour limit reached ∙ resets 12am
[0;32m2025-09-19 20:41:18 - Completed prompt #93[0m
[0;34m2025-09-19 20:41:23 - Generating prompt #94 (Section 6, Prompt 9/17)[0m
[1;33m2025-09-19 20:41:23 - Running prompt generation...[0m
5-hour limit reached ∙ resets 12am
[0;32m2025-09-19 20:41:32 - Completed prompt #94[0m
[0;34m2025-09-19 20:41:37 - Generating prompt #95 (Section 6, Prompt 10/17)[0m
[1;33m2025-09-19 20:41:37 - Running prompt generation...[0m
5-hour limit reached ∙ resets 12am
[0;32m2025-09-19 20:41:44 - Completed prompt #95[0m
[0;34m2025-09-19 20:41:49 - Generating prompt #96 (Section 6, Prompt 11/17)[0m
[1;33m2025-09-19 20:41:49 - Running prompt generation...[0m
5-hour limit reached ∙ resets 12am
[0;32m2025-09-19 20:41:56 - Completed prompt #96[0m
[0;34m2025-09-19 20:42:01 - Generating prompt #97 (Section 6, Prompt 12/17)[0m
[1;33m2025-09-19 20:42:01 - Running prompt generation...[0m
5-hour limit reached ∙ resets 12am
[0;32m2025-09-19 20:42:10 - Completed prompt #97[0m
[0;34m2025-09-19 20:42:15 - Generating prompt #98 (Section 6, Prompt 13/17)[0m
[1;33m2025-09-19 20:42:15 - Running prompt generation...[0m
5-hour limit reached ∙ resets 12am
[0;32m2025-09-19 20:42:24 - Completed prompt #98[0m
[0;34m2025-09-19 20:42:29 - Generating prompt #99 (Section 6, Prompt 14/17)[0m
[1;33m2025-09-19 20:42:29 - Running prompt generation...[0m
5-hour limit reached ∙ resets 12am
[0;32m2025-09-19 20:42:37 - Completed prompt #99[0m
[0;34m2025-09-19 20:42:42 - Generating prompt #100 (Section 6, Prompt 15/17)[0m
[1;33m2025-09-19 20:42:42 - Running prompt generation...[0m
5-hour limit reached ∙ resets 12am
[0;32m2025-09-19 20:42:51 - Completed prompt #100[0m
[0;34m2025-09-19 20:42:56 - Generating prompt #101 (Section 6, Prompt 16/17)[0m
[1;33m2025-09-19 20:42:56 - Running prompt generation...[0m
5-hour limit reached ∙ resets 12am
[0;32m2025-09-19 20:43:04 - Completed prompt #101[0m
[0;34m2025-09-19 20:43:09 - Generating prompt #102 (Section 6, Prompt 17/17)[0m
[1;33m2025-09-19 20:43:09 - Running prompt generation...[0m
5-hour limit reached ∙ resets 12am
[0;32m2025-09-19 20:43:16 - Completed prompt #102[0m
[0;34m2025-09-20 00:03:59 - Starting Prompt Generation Cycle for template: app-development[0m
[0;32m2025-09-20 00:03:59 - Using existing worktree: ../templata-app-development[0m
[0;34m2025-09-20 00:03:59 - Generating prompt #49 (Section 3, Prompt 15/17)[0m
[1;33m2025-09-20 00:03:59 - Running prompt generation...[0m
[0;32m2025-09-20 00:04:02 - Completed prompt #49[0m
[0;34m2025-09-20 00:04:07 - Generating prompt #50 (Section 3, Prompt 16/17)[0m
[1;33m2025-09-20 00:04:07 - Running prompt generation...[0m
PROMPT GENERATION COMPLETE - Prompt #50
[0;32m2025-09-20 00:04:32 - Completed prompt #50[0m
[0;34m2025-09-20 00:04:37 - Generating prompt #51 (Section 3, Prompt 17/17)[0m
[1;33m2025-09-20 00:04:37 - Running prompt generation...[0m
PROMPT GENERATION COMPLETE - Prompt #51
[0;32m2025-09-20 00:05:17 - Completed prompt #51[0m
[0;34m2025-09-20 00:05:23 - Generating prompt #52 (Section 4, Prompt 1/17)[0m
[1;33m2025-09-20 00:05:23 - Running prompt generation...[0m
PROMPT GENERATION COMPLETE - Prompt #52
[0;32m2025-09-20 00:06:02 - Completed prompt #52[0m
[0;34m2025-09-20 00:06:08 - Generating prompt #53 (Section 4, Prompt 2/17)[0m
[1;33m2025-09-20 00:06:08 - Running prompt generation...[0m
PROMPT GENERATION COMPLETE - Prompt #53
[0;32m2025-09-20 00:06:43 - Completed prompt #53[0m
[0;34m2025-09-20 00:06:48 - Generating prompt #54 (Section 4, Prompt 3/17)[0m
[1;33m2025-09-20 00:06:48 - Running prompt generation...[0m
PROMPT GENERATION COMPLETE - Prompt #54
[0;32m2025-09-20 00:07:46 - Completed prompt #54[0m
[0;34m2025-09-20 00:07:51 - Generating prompt #55 (Section 4, Prompt 4/17)[0m
[1;33m2025-09-20 00:07:51 - Running prompt generation...[0m
PROMPT GENERATION COMPLETE - Prompt #55
[0;32m2025-09-20 00:08:32 - Completed prompt #55[0m
[0;34m2025-09-20 00:08:37 - Generating prompt #56 (Section 4, Prompt 5/17)[0m
[1;33m2025-09-20 00:08:37 - Running prompt generation...[0m
PROMPT GENERATION COMPLETE - Prompt #56
[0;32m2025-09-20 00:09:15 - Completed prompt #56[0m
[0;34m2025-09-20 00:09:20 - Generating prompt #57 (Section 4, Prompt 6/17)[0m
[1;33m2025-09-20 00:09:20 - Running prompt generation...[0m
PROMPT GENERATION COMPLETE - Prompt #57
[0;32m2025-09-20 00:09:48 - Completed prompt #57[0m
[0;34m2025-09-20 00:09:53 - Generating prompt #58 (Section 4, Prompt 7/17)[0m
[1;33m2025-09-20 00:09:53 - Running prompt generation...[0m
PROMPT GENERATION COMPLETE - Prompt #58
[0;32m2025-09-20 00:10:29 - Completed prompt #58[0m
[0;34m2025-09-20 00:10:34 - Generating prompt #59 (Section 4, Prompt 8/17)[0m
[1;33m2025-09-20 00:10:34 - Running prompt generation...[0m
PROMPT GENERATION COMPLETE - Prompt #59
[0;32m2025-09-20 00:11:05 - Completed prompt #59[0m
[0;34m2025-09-20 00:11:10 - Generating prompt #60 (Section 4, Prompt 9/17)[0m
[1;33m2025-09-20 00:11:11 - Running prompt generation...[0m
[0;34m2025-09-20 00:11:25 - Starting Prompt Generation Cycle for template: app-development[0m
[0;32m2025-09-20 00:11:25 - Using existing worktree: ../templata-app-development[0m
[0;34m2025-09-20 00:11:25 - Generating prompt #60 (Section 4, Prompt 9/17)[0m
[1;33m2025-09-20 00:11:25 - Running prompt generation...[0m
PROMPT GENERATION COMPLETE - Prompt #60
[0;32m2025-09-20 00:11:47 - Completed prompt #60[0m
[0;34m2025-09-20 00:11:53 - Generating prompt #61 (Section 4, Prompt 10/17)[0m
[1;33m2025-09-20 00:11:54 - Running prompt generation...[0m
PROMPT GENERATION COMPLETE - Prompt #60
[0;32m2025-09-20 00:13:12 - Completed prompt #60[0m
[0;34m2025-09-20 00:13:19 - Generating prompt #62 (Section 4, Prompt 11/17)[0m
[1;33m2025-09-20 00:13:21 - Running prompt generation...[0m
[0;34m2025-09-20 19:10:45 - Starting Prompt Generation Cycle for template: app-development[0m
[0;32m2025-09-20 19:10:45 - Using existing worktree: ../templata-app-development[0m
[0;34m2025-09-20 19:10:45 - Generating prompt #62 (Section 4, Prompt 11/17)[0m
[1;33m2025-09-20 19:10:45 - Running prompt generation...[0m
PROMPT GENERATION COMPLETE - Prompt #62
[0;32m2025-09-20 19:11:15 - Completed prompt #62[0m
[0;34m2025-09-20 19:11:20 - Generating prompt #63 (Section 4, Prompt 12/17)[0m
[1;33m2025-09-20 19:11:20 - Running prompt generation...[0m
PROMPT GENERATION COMPLETE - Prompt #63
[0;32m2025-09-20 19:11:41 - Completed prompt #63[0m
[0;34m2025-09-20 19:11:46 - Generating prompt #64 (Section 4, Prompt 13/17)[0m
[1;33m2025-09-20 19:11:46 - Running prompt generation...[0m
PROMPT GENERATION COMPLETE - Prompt #64
[0;34m2025-09-20 19:23:55 - Starting Prompt Generation Cycle for template: app-development[0m
[1;33m2025-09-20 19:23:55 - Override flag detected - resetting progress and recreating files[0m
[0;32m2025-09-20 19:23:55 - Progress reset to 0 for template: app-development[0m
[0;32m2025-09-20 19:23:55 - Using existing worktree: ../templata-app-development[0m
[1;33m2025-09-20 19:23:55 - Override flag detected - recreating template prompt file: prompts-app-development.ts[0m
[0;32m2025-09-20 19:23:55 - Created template prompt file: ../templata-app-development/src/data/prompts-app-development.ts[0m
[0;34m2025-09-20 19:23:55 - Generating prompt #1 (Section 1, Prompt 1/17)[0m
[1;33m2025-09-20 19:23:55 - Running prompt generation...[0m
PROMPT GENERATION COMPLETE - Prompt #1
[0;32m2025-09-20 19:24:13 - Completed prompt #1[0m
[0;34m2025-09-20 19:24:18 - Generating prompt #2 (Section 1, Prompt 2/17)[0m
[1;33m2025-09-20 19:24:18 - Running prompt generation...[0m
PROMPT GENERATION COMPLETE - Prompt #2
[0;32m2025-09-20 19:24:37 - Completed prompt #2[0m
[0;34m2025-09-20 19:24:42 - Generating prompt #3 (Section 1, Prompt 3/17)[0m
[1;33m2025-09-20 19:24:42 - Running prompt generation...[0m
PROMPT GENERATION COMPLETE - Prompt #3
[0;32m2025-09-20 19:25:00 - Completed prompt #3[0m
[0;34m2025-09-20 19:25:05 - Generating prompt #4 (Section 1, Prompt 4/17)[0m
[1;33m2025-09-20 19:25:05 - Running prompt generation...[0m
PROMPT GENERATION COMPLETE - Prompt #4
[0;32m2025-09-20 19:25:23 - Completed prompt #4[0m
[0;34m2025-09-20 19:25:28 - Generating prompt #5 (Section 1, Prompt 5/17)[0m
[1;33m2025-09-20 19:25:28 - Running prompt generation...[0m
PROMPT GENERATION COMPLETE - Prompt #5
[0;32m2025-09-20 19:25:45 - Completed prompt #5[0m
[0;34m2025-09-20 19:25:50 - Generating prompt #6 (Section 1, Prompt 6/17)[0m
[1;33m2025-09-20 19:25:51 - Running prompt generation...[0m
PROMPT GENERATION COMPLETE - Prompt #6
[0;32m2025-09-20 19:26:08 - Completed prompt #6[0m
[0;34m2025-09-20 19:26:13 - Generating prompt #7 (Section 1, Prompt 7/17)[0m
[1;33m2025-09-20 19:26:13 - Running prompt generation...[0m
PROMPT GENERATION COMPLETE - Prompt #7
[0;32m2025-09-20 19:26:30 - Completed prompt #7[0m
[0;34m2025-09-20 19:26:35 - Generating prompt #8 (Section 1, Prompt 8/17)[0m
[1;33m2025-09-20 19:26:35 - Running prompt generation...[0m
PROMPT GENERATION COMPLETE - Prompt #8
[0;32m2025-09-20 19:26:54 - Completed prompt #8[0m
[0;34m2025-09-20 19:26:59 - Generating prompt #9 (Section 1, Prompt 9/17)[0m
[1;33m2025-09-20 19:27:00 - Running prompt generation...[0m
PROMPT GENERATION COMPLETE - Prompt #9
[0;32m2025-09-20 19:27:18 - Completed prompt #9[0m
[0;34m2025-09-20 19:27:23 - Generating prompt #10 (Section 1, Prompt 10/17)[0m
[1;33m2025-09-20 19:27:23 - Running prompt generation...[0m
PROMPT GENERATION COMPLETE - Prompt #10
[0;32m2025-09-20 19:27:40 - Completed prompt #10[0m
[0;34m2025-09-20 19:27:45 - Generating prompt #11 (Section 1, Prompt 11/17)[0m
[1;33m2025-09-20 19:27:45 - Running prompt generation...[0m
PROMPT GENERATION COMPLETE - Prompt #11
[0;32m2025-09-20 19:28:04 - Completed prompt #11[0m
[0;34m2025-09-20 19:28:09 - Generating prompt #12 (Section 1, Prompt 12/17)[0m
[1;33m2025-09-20 19:28:09 - Running prompt generation...[0m
PROMPT GENERATION COMPLETE - Prompt #12
[0;32m2025-09-20 19:28:29 - Completed prompt #12[0m
[0;34m2025-09-20 19:28:34 - Generating prompt #13 (Section 1, Prompt 13/17)[0m
[1;33m2025-09-20 19:28:34 - Running prompt generation...[0m
PROMPT GENERATION COMPLETE - Prompt #13
[0;32m2025-09-20 19:28:53 - Completed prompt #13[0m
[0;34m2025-09-20 19:28:58 - Generating prompt #14 (Section 1, Prompt 14/17)[0m
[1;33m2025-09-20 19:28:58 - Running prompt generation...[0m
PROMPT GENERATION COMPLETE - Prompt #14
[0;32m2025-09-20 19:29:21 - Completed prompt #14[0m
[0;34m2025-09-20 19:29:26 - Generating prompt #15 (Section 1, Prompt 15/17)[0m
[1;33m2025-09-20 19:29:26 - Running prompt generation...[0m
PROMPT GENERATION COMPLETE - Prompt #15
[0;32m2025-09-20 19:29:48 - Completed prompt #15[0m
[0;34m2025-09-20 19:29:53 - Generating prompt #16 (Section 1, Prompt 16/17)[0m
[1;33m2025-09-20 19:29:53 - Running prompt generation...[0m
PROMPT GENERATION COMPLETE - Prompt #16
[0;32m2025-09-20 19:30:12 - Completed prompt #16[0m
[0;34m2025-09-20 19:30:17 - Generating prompt #17 (Section 1, Prompt 17/17)[0m
[1;33m2025-09-20 19:30:17 - Running prompt generation...[0m
PROMPT GENERATION COMPLETE - Prompt #17
[0;32m2025-09-20 19:30:36 - Completed prompt #17[0m
[0;34m2025-09-20 19:30:41 - Generating prompt #18 (Section 2, Prompt 1/17)[0m
[1;33m2025-09-20 19:30:41 - Running prompt generation...[0m
PROMPT GENERATION COMPLETE - Prompt #18
[0;32m2025-09-20 19:31:00 - Completed prompt #18[0m
[0;34m2025-09-20 19:31:05 - Generating prompt #19 (Section 2, Prompt 2/17)[0m
[1;33m2025-09-20 19:31:05 - Running prompt generation...[0m
PROMPT GENERATION COMPLETE - Prompt #19
[0;32m2025-09-20 19:31:25 - Completed prompt #19[0m
[0;34m2025-09-20 19:31:30 - Generating prompt #20 (Section 2, Prompt 3/17)[0m
[1;33m2025-09-20 19:31:30 - Running prompt generation...[0m
PROMPT GENERATION COMPLETE - Prompt #20
[0;32m2025-09-20 19:31:49 - Completed prompt #20[0m
[0;34m2025-09-20 19:31:55 - Generating prompt #21 (Section 2, Prompt 4/17)[0m
[1;33m2025-09-20 19:31:55 - Running prompt generation...[0m
PROMPT GENERATION COMPLETE - Prompt #21
[0;32m2025-09-20 19:32:18 - Completed prompt #21[0m
[0;34m2025-09-20 19:32:23 - Generating prompt #22 (Section 2, Prompt 5/17)[0m
[1;33m2025-09-20 19:32:23 - Running prompt generation...[0m
PROMPT GENERATION COMPLETE - Prompt #22
[0;32m2025-09-20 19:32:48 - Completed prompt #22[0m
[0;34m2025-09-20 19:32:53 - Generating prompt #23 (Section 2, Prompt 6/17)[0m
[1;33m2025-09-20 19:32:53 - Running prompt generation...[0m
PROMPT GENERATION COMPLETE - Prompt #23
[0;32m2025-09-20 19:33:12 - Completed prompt #23[0m
[0;34m2025-09-20 19:33:17 - Generating prompt #24 (Section 2, Prompt 7/17)[0m
[1;33m2025-09-20 19:33:17 - Running prompt generation...[0m
PROMPT GENERATION COMPLETE - Prompt #24
[0;32m2025-09-20 19:33:40 - Completed prompt #24[0m
[0;34m2025-09-20 19:33:45 - Generating prompt #25 (Section 2, Prompt 8/17)[0m
[1;33m2025-09-20 19:33:45 - Running prompt generation...[0m
PROMPT GENERATION COMPLETE - Prompt #25
[0;32m2025-09-20 19:34:04 - Completed prompt #25[0m
[0;34m2025-09-20 19:34:09 - Generating prompt #26 (Section 2, Prompt 9/17)[0m
[1;33m2025-09-20 19:34:10 - Running prompt generation...[0m
PROMPT GENERATION COMPLETE - Prompt #26
[0;32m2025-09-20 19:34:30 - Completed prompt #26[0m
[0;34m2025-09-20 19:34:35 - Generating prompt #27 (Section 2, Prompt 10/17)[0m
[1;33m2025-09-20 19:34:35 - Running prompt generation...[0m
PROMPT GENERATION COMPLETE - Prompt #27
[0;32m2025-09-20 19:34:57 - Completed prompt #27[0m
[0;34m2025-09-20 19:35:02 - Generating prompt #28 (Section 2, Prompt 11/17)[0m
[1;33m2025-09-20 19:35:02 - Running prompt generation...[0m
PROMPT GENERATION COMPLETE - Prompt #28
[0;32m2025-09-20 19:35:22 - Completed prompt #28[0m
[0;34m2025-09-20 19:35:27 - Generating prompt #29 (Section 2, Prompt 12/17)[0m
[1;33m2025-09-20 19:35:27 - Running prompt generation...[0m
PROMPT GENERATION COMPLETE - Prompt #29
[0;32m2025-09-20 19:35:46 - Completed prompt #29[0m
[0;34m2025-09-20 19:35:51 - Generating prompt #30 (Section 2, Prompt 13/17)[0m
[1;33m2025-09-20 19:35:51 - Running prompt generation...[0m
PROMPT GENERATION COMPLETE - Prompt #30
[0;32m2025-09-20 19:36:10 - Completed prompt #30[0m
[0;34m2025-09-20 19:36:15 - Generating prompt #31 (Section 2, Prompt 14/17)[0m
[1;33m2025-09-20 19:36:15 - Running prompt generation...[0m
PROMPT GENERATION COMPLETE - Prompt #31
[0;32m2025-09-20 19:36:35 - Completed prompt #31[0m
[0;34m2025-09-20 19:36:40 - Generating prompt #32 (Section 2, Prompt 15/17)[0m
[1;33m2025-09-20 19:36:40 - Running prompt generation...[0m
PROMPT GENERATION COMPLETE - Prompt #32
[0;32m2025-09-20 19:37:01 - Completed prompt #32[0m
[0;34m2025-09-20 19:37:06 - Generating prompt #33 (Section 2, Prompt 16/17)[0m
[1;33m2025-09-20 19:37:06 - Running prompt generation...[0m
PROMPT GENERATION COMPLETE - Prompt #33
[0;32m2025-09-20 19:37:25 - Completed prompt #33[0m
[0;34m2025-09-20 19:37:30 - Generating prompt #34 (Section 2, Prompt 17/17)[0m
[1;33m2025-09-20 19:37:30 - Running prompt generation...[0m
PROMPT GENERATION COMPLETE - Prompt #34
[0;32m2025-09-20 19:37:51 - Completed prompt #34[0m
[0;34m2025-09-20 19:37:56 - Generating prompt #35 (Section 3, Prompt 1/17)[0m
[1;33m2025-09-20 19:37:56 - Running prompt generation...[0m
PROMPT GENERATION COMPLETE - Prompt #35
[0;32m2025-09-20 19:38:17 - Completed prompt #35[0m
[0;34m2025-09-20 19:38:22 - Generating prompt #36 (Section 3, Prompt 2/17)[0m
[1;33m2025-09-20 19:38:22 - Running prompt generation...[0m
PROMPT GENERATION COMPLETE - Prompt #36
[0;32m2025-09-20 19:38:45 - Completed prompt #36[0m
[0;34m2025-09-20 19:38:50 - Generating prompt #37 (Section 3, Prompt 3/17)[0m
[1;33m2025-09-20 19:38:50 - Running prompt generation...[0m
PROMPT GENERATION COMPLETE - Prompt #37
[0;32m2025-09-20 19:39:11 - Completed prompt #37[0m
[0;34m2025-09-20 19:39:16 - Generating prompt #38 (Section 3, Prompt 4/17)[0m
[1;33m2025-09-20 19:39:16 - Running prompt generation...[0m
PROMPT GENERATION COMPLETE - Prompt #38
[0;32m2025-09-20 19:39:36 - Completed prompt #38[0m
[0;34m2025-09-20 19:39:41 - Generating prompt #39 (Section 3, Prompt 5/17)[0m
[1;33m2025-09-20 19:39:41 - Running prompt generation...[0m
PROMPT GENERATION COMPLETE - Prompt #39
[0;32m2025-09-20 19:39:59 - Completed prompt #39[0m
[0;34m2025-09-20 19:40:04 - Generating prompt #40 (Section 3, Prompt 6/17)[0m
[1;33m2025-09-20 19:40:04 - Running prompt generation...[0m
PROMPT GENERATION COMPLETE - Prompt #40
[0;32m2025-09-20 19:40:24 - Completed prompt #40[0m
[0;34m2025-09-20 19:40:29 - Generating prompt #41 (Section 3, Prompt 7/17)[0m
[1;33m2025-09-20 19:40:29 - Running prompt generation...[0m
PROMPT GENERATION COMPLETE - Prompt #41
[0;32m2025-09-20 19:40:48 - Completed prompt #41[0m
[0;34m2025-09-20 19:40:53 - Generating prompt #42 (Section 3, Prompt 8/17)[0m
[1;33m2025-09-20 19:40:53 - Running prompt generation...[0m
PROMPT GENERATION COMPLETE - Prompt #42
[0;32m2025-09-20 19:41:15 - Completed prompt #42[0m
[0;34m2025-09-20 19:41:20 - Generating prompt #43 (Section 3, Prompt 9/17)[0m
[1;33m2025-09-20 19:41:20 - Running prompt generation...[0m
PROMPT GENERATION COMPLETE - Prompt #43
[0;32m2025-09-20 19:41:39 - Completed prompt #43[0m
[0;34m2025-09-20 19:41:44 - Generating prompt #44 (Section 3, Prompt 10/17)[0m
[1;33m2025-09-20 19:41:44 - Running prompt generation...[0m
PROMPT GENERATION COMPLETE - Prompt #44
[0;32m2025-09-20 19:42:03 - Completed prompt #44[0m
[0;34m2025-09-20 19:42:08 - Generating prompt #45 (Section 3, Prompt 11/17)[0m
[1;33m2025-09-20 19:42:08 - Running prompt generation...[0m
PROMPT GENERATION COMPLETE - Prompt #45
[0;32m2025-09-20 19:42:29 - Completed prompt #45[0m
[0;34m2025-09-20 19:42:34 - Generating prompt #46 (Section 3, Prompt 12/17)[0m
[1;33m2025-09-20 19:42:34 - Running prompt generation...[0m
PROMPT GENERATION COMPLETE - Prompt #46
[0;32m2025-09-20 19:42:53 - Completed prompt #46[0m
[0;34m2025-09-20 19:42:58 - Generating prompt #47 (Section 3, Prompt 13/17)[0m
[1;33m2025-09-20 19:42:58 - Running prompt generation...[0m
PROMPT GENERATION COMPLETE - Prompt #47
[0;32m2025-09-20 19:43:17 - Completed prompt #47[0m
[0;34m2025-09-20 19:43:22 - Generating prompt #48 (Section 3, Prompt 14/17)[0m
[1;33m2025-09-20 19:43:22 - Running prompt generation...[0m
PROMPT GENERATION COMPLETE - Prompt #48
[0;32m2025-09-20 19:43:44 - Completed prompt #48[0m
[0;34m2025-09-20 19:43:49 - Generating prompt #49 (Section 3, Prompt 15/17)[0m
[1;33m2025-09-20 19:43:49 - Running prompt generation...[0m
PROMPT GENERATION COMPLETE - Prompt #49
[0;32m2025-09-20 19:44:09 - Completed prompt #49[0m
[0;34m2025-09-20 19:44:14 - Generating prompt #50 (Section 3, Prompt 16/17)[0m
[1;33m2025-09-20 19:44:14 - Running prompt generation...[0m
PROMPT GENERATION COMPLETE - Prompt #50
[0;32m2025-09-20 19:44:33 - Completed prompt #50[0m
[0;34m2025-09-20 19:44:38 - Generating prompt #51 (Section 3, Prompt 17/17)[0m
[1;33m2025-09-20 19:44:38 - Running prompt generation...[0m
PROMPT GENERATION COMPLETE - Prompt #51
[0;32m2025-09-20 19:44:58 - Completed prompt #51[0m
[0;34m2025-09-20 19:45:03 - Generating prompt #52 (Section 4, Prompt 1/17)[0m
[1;33m2025-09-20 19:45:03 - Running prompt generation...[0m
PROMPT GENERATION COMPLETE - Prompt #52
[0;32m2025-09-20 19:45:23 - Completed prompt #52[0m
[0;34m2025-09-20 19:45:28 - Generating prompt #53 (Section 4, Prompt 2/17)[0m
[1;33m2025-09-20 19:45:28 - Running prompt generation...[0m
PROMPT GENERATION COMPLETE - Prompt #53
[0;32m2025-09-20 19:45:52 - Completed prompt #53[0m
[0;34m2025-09-20 19:45:57 - Generating prompt #54 (Section 4, Prompt 3/17)[0m
[1;33m2025-09-20 19:45:57 - Running prompt generation...[0m
PROMPT GENERATION COMPLETE - Prompt #54
[0;32m2025-09-20 19:46:17 - Completed prompt #54[0m
[0;34m2025-09-20 19:46:22 - Generating prompt #55 (Section 4, Prompt 4/17)[0m
[1;33m2025-09-20 19:46:22 - Running prompt generation...[0m
PROMPT GENERATION COMPLETE - Prompt #55
[0;32m2025-09-20 19:46:42 - Completed prompt #55[0m
[0;34m2025-09-20 19:46:47 - Generating prompt #56 (Section 4, Prompt 5/17)[0m
[1;33m2025-09-20 19:46:47 - Running prompt generation...[0m
PROMPT GENERATION COMPLETE - Prompt #56
[0;32m2025-09-20 19:47:08 - Completed prompt #56[0m
[0;34m2025-09-20 19:47:13 - Generating prompt #57 (Section 4, Prompt 6/17)[0m
[1;33m2025-09-20 19:47:13 - Running prompt generation...[0m
PROMPT GENERATION COMPLETE - Prompt #57
[0;32m2025-09-20 19:47:33 - Completed prompt #57[0m
[0;34m2025-09-20 19:47:38 - Generating prompt #58 (Section 4, Prompt 7/17)[0m
[1;33m2025-09-20 19:47:38 - Running prompt generation...[0m
PROMPT GENERATION COMPLETE - Prompt #58
[0;32m2025-09-20 19:47:59 - Completed prompt #58[0m
[0;34m2025-09-20 19:48:04 - Generating prompt #59 (Section 4, Prompt 8/17)[0m
[1;33m2025-09-20 19:48:04 - Running prompt generation...[0m
PROMPT GENERATION COMPLETE - Prompt #59
[0;32m2025-09-20 19:48:22 - Completed prompt #59[0m
[0;34m2025-09-20 19:48:27 - Generating prompt #60 (Section 4, Prompt 9/17)[0m
[1;33m2025-09-20 19:48:27 - Running prompt generation...[0m
PROMPT GENERATION COMPLETE - Prompt #60
[0;32m2025-09-20 19:48:47 - Completed prompt #60[0m
[0;34m2025-09-20 19:48:52 - Generating prompt #61 (Section 4, Prompt 10/17)[0m
[1;33m2025-09-20 19:48:52 - Running prompt generation...[0m
PROMPT GENERATION COMPLETE - Prompt #61
[0;32m2025-09-20 19:49:13 - Completed prompt #61[0m
[0;34m2025-09-20 19:49:18 - Generating prompt #62 (Section 4, Prompt 11/17)[0m
[1;33m2025-09-20 19:49:18 - Running prompt generation...[0m
PROMPT GENERATION COMPLETE - Prompt #62
[0;32m2025-09-20 19:49:39 - Completed prompt #62[0m
[0;34m2025-09-20 19:49:44 - Generating prompt #63 (Section 4, Prompt 12/17)[0m
[1;33m2025-09-20 19:49:44 - Running prompt generation...[0m
PROMPT GENERATION COMPLETE - Prompt #63
[0;32m2025-09-20 19:50:04 - Completed prompt #63[0m
[0;34m2025-09-20 19:50:09 - Generating prompt #64 (Section 4, Prompt 13/17)[0m
[1;33m2025-09-20 19:50:09 - Running prompt generation...[0m
PROMPT GENERATION COMPLETE - Prompt #64
[0;32m2025-09-20 19:50:30 - Completed prompt #64[0m
[0;34m2025-09-20 19:50:35 - Generating prompt #65 (Section 4, Prompt 14/17)[0m
[1;33m2025-09-20 19:50:35 - Running prompt generation...[0m
PROMPT GENERATION COMPLETE - Prompt #65
[0;32m2025-09-20 19:50:56 - Completed prompt #65[0m
[0;34m2025-09-20 19:51:01 - Generating prompt #66 (Section 4, Prompt 15/17)[0m
[1;33m2025-09-20 19:51:01 - Running prompt generation...[0m
PROMPT GENERATION COMPLETE - Prompt #66
[0;32m2025-09-20 19:51:23 - Completed prompt #66[0m
[0;34m2025-09-20 19:51:28 - Generating prompt #67 (Section 4, Prompt 16/17)[0m
[1;33m2025-09-20 19:51:28 - Running prompt generation...[0m
PROMPT GENERATION COMPLETE - Prompt #67
[0;32m2025-09-20 19:51:49 - Completed prompt #67[0m
[0;34m2025-09-20 19:51:54 - Generating prompt #68 (Section 4, Prompt 17/17)[0m
[1;33m2025-09-20 19:51:54 - Running prompt generation...[0m
PROMPT GENERATION COMPLETE - Prompt #68
[0;32m2025-09-20 19:52:15 - Completed prompt #68[0m
[0;34m2025-09-20 19:52:20 - Generating prompt #69 (Section 5, Prompt 1/17)[0m
[1;33m2025-09-20 19:52:20 - Running prompt generation...[0m
PROMPT GENERATION COMPLETE - Prompt #69
[0;32m2025-09-20 19:52:40 - Completed prompt #69[0m
[0;34m2025-09-20 19:52:45 - Generating prompt #70 (Section 5, Prompt 2/17)[0m
[1;33m2025-09-20 19:52:45 - Running prompt generation...[0m
PROMPT GENERATION COMPLETE - Prompt #70
[0;32m2025-09-20 19:53:05 - Completed prompt #70[0m
[0;34m2025-09-20 19:53:10 - Generating prompt #71 (Section 5, Prompt 3/17)[0m
[1;33m2025-09-20 19:53:10 - Running prompt generation...[0m
PROMPT GENERATION COMPLETE - Prompt #71
[0;32m2025-09-20 19:53:35 - Completed prompt #71[0m
[0;34m2025-09-20 19:53:40 - Generating prompt #72 (Section 5, Prompt 4/17)[0m
[1;33m2025-09-20 19:53:40 - Running prompt generation...[0m
PROMPT GENERATION COMPLETE - Prompt #72
[0;32m2025-09-20 19:53:59 - Completed prompt #72[0m
[0;34m2025-09-20 19:54:04 - Generating prompt #73 (Section 5, Prompt 5/17)[0m
[1;33m2025-09-20 19:54:04 - Running prompt generation...[0m
PROMPT GENERATION COMPLETE - Prompt #73
[0;32m2025-09-20 19:54:24 - Completed prompt #73[0m
[0;34m2025-09-20 19:54:29 - Generating prompt #74 (Section 5, Prompt 6/17)[0m
[1;33m2025-09-20 19:54:29 - Running prompt generation...[0m
PROMPT GENERATION COMPLETE - Prompt #74
[0;32m2025-09-20 19:54:48 - Completed prompt #74[0m
[0;34m2025-09-20 19:54:53 - Generating prompt #75 (Section 5, Prompt 7/17)[0m
[1;33m2025-09-20 19:54:53 - Running prompt generation...[0m
PROMPT GENERATION COMPLETE - Prompt #75
[0;32m2025-09-20 19:55:14 - Completed prompt #75[0m
[0;34m2025-09-20 19:55:19 - Generating prompt #76 (Section 5, Prompt 8/17)[0m
[1;33m2025-09-20 19:55:19 - Running prompt generation...[0m
PROMPT GENERATION COMPLETE - Prompt #76
[0;32m2025-09-20 19:55:40 - Completed prompt #76[0m
[0;34m2025-09-20 19:55:45 - Generating prompt #77 (Section 5, Prompt 9/17)[0m
[1;33m2025-09-20 19:55:45 - Running prompt generation...[0m
PROMPT GENERATION COMPLETE - Prompt #77
[0;32m2025-09-20 19:56:05 - Completed prompt #77[0m
[0;34m2025-09-20 19:56:10 - Generating prompt #78 (Section 5, Prompt 10/17)[0m
[1;33m2025-09-20 19:56:10 - Running prompt generation...[0m
PROMPT GENERATION COMPLETE - Prompt #78
[0;32m2025-09-20 19:56:31 - Completed prompt #78[0m
[0;34m2025-09-20 19:56:36 - Generating prompt #79 (Section 5, Prompt 11/17)[0m
[1;33m2025-09-20 19:56:36 - Running prompt generation...[0m
PROMPT GENERATION COMPLETE - Prompt #79
[0;32m2025-09-20 19:56:59 - Completed prompt #79[0m
[0;34m2025-09-20 19:57:04 - Generating prompt #80 (Section 5, Prompt 12/17)[0m
[1;33m2025-09-20 19:57:04 - Running prompt generation...[0m
PROMPT GENERATION COMPLETE - Prompt #80
[0;32m2025-09-20 19:57:24 - Completed prompt #80[0m
[0;34m2025-09-20 19:57:29 - Generating prompt #81 (Section 5, Prompt 13/17)[0m
[1;33m2025-09-20 19:57:29 - Running prompt generation...[0m
PROMPT GENERATION COMPLETE - Prompt #81
[0;32m2025-09-20 19:57:50 - Completed prompt #81[0m
[0;34m2025-09-20 19:57:55 - Generating prompt #82 (Section 5, Prompt 14/17)[0m
[1;33m2025-09-20 19:57:55 - Running prompt generation...[0m
PROMPT GENERATION COMPLETE - Prompt #82
[0;32m2025-09-20 19:58:15 - Completed prompt #82[0m
[0;34m2025-09-20 19:58:20 - Generating prompt #83 (Section 5, Prompt 15/17)[0m
[1;33m2025-09-20 19:58:20 - Running prompt generation...[0m
PROMPT GENERATION COMPLETE - Prompt #83
[0;32m2025-09-20 19:58:40 - Completed prompt #83[0m
[0;34m2025-09-20 19:58:45 - Generating prompt #84 (Section 5, Prompt 16/17)[0m
[1;33m2025-09-20 19:58:45 - Running prompt generation...[0m
PROMPT GENERATION COMPLETE - Prompt #84
[0;32m2025-09-20 19:59:05 - Completed prompt #84[0m
[0;34m2025-09-20 19:59:11 - Generating prompt #85 (Section 5, Prompt 17/17)[0m
[1;33m2025-09-20 19:59:11 - Running prompt generation...[0m
PROMPT GENERATION COMPLETE - Prompt #85
[0;32m2025-09-20 19:59:31 - Completed prompt #85[0m
[0;34m2025-09-20 19:59:36 - Generating prompt #86 (Section 6, Prompt 1/17)[0m
[1;33m2025-09-20 19:59:36 - Running prompt generation...[0m
PROMPT GENERATION COMPLETE - Prompt #86
[0;32m2025-09-20 19:59:56 - Completed prompt #86[0m
[0;34m2025-09-20 20:00:01 - Generating prompt #87 (Section 6, Prompt 2/17)[0m
[1;33m2025-09-20 20:00:01 - Running prompt generation...[0m
PROMPT GENERATION COMPLETE - Prompt #87
[0;32m2025-09-20 20:00:22 - Completed prompt #87[0m
[0;34m2025-09-20 20:00:27 - Generating prompt #88 (Section 6, Prompt 3/17)[0m
[1;33m2025-09-20 20:00:27 - Running prompt generation...[0m
PROMPT GENERATION COMPLETE - Prompt #88
[0;32m2025-09-20 20:00:47 - Completed prompt #88[0m
[0;34m2025-09-20 20:00:52 - Generating prompt #89 (Section 6, Prompt 4/17)[0m
[1;33m2025-09-20 20:00:52 - Running prompt generation...[0m
PROMPT GENERATION COMPLETE - Prompt #89
[0;32m2025-09-20 20:01:12 - Completed prompt #89[0m
[0;34m2025-09-20 20:01:17 - Generating prompt #90 (Section 6, Prompt 5/17)[0m
[1;33m2025-09-20 20:01:17 - Running prompt generation...[0m
PROMPT GENERATION COMPLETE - Prompt #90
[0;32m2025-09-20 20:01:38 - Completed prompt #90[0m
[0;34m2025-09-20 20:01:43 - Generating prompt #91 (Section 6, Prompt 6/17)[0m
[1;33m2025-09-20 20:01:43 - Running prompt generation...[0m
PROMPT GENERATION COMPLETE - Prompt #91
[0;32m2025-09-20 20:02:04 - Completed prompt #91[0m
[0;34m2025-09-20 20:02:09 - Generating prompt #92 (Section 6, Prompt 7/17)[0m
[1;33m2025-09-20 20:02:09 - Running prompt generation...[0m
PROMPT GENERATION COMPLETE - Prompt #92
[0;32m2025-09-20 20:02:29 - Completed prompt #92[0m
[0;34m2025-09-20 20:02:34 - Generating prompt #93 (Section 6, Prompt 8/17)[0m
[1;33m2025-09-20 20:02:34 - Running prompt generation...[0m
PROMPT GENERATION COMPLETE - Prompt #93
[0;32m2025-09-20 20:02:54 - Completed prompt #93[0m
[0;34m2025-09-20 20:02:59 - Generating prompt #94 (Section 6, Prompt 9/17)[0m
[1;33m2025-09-20 20:02:59 - Running prompt generation...[0m
PROMPT GENERATION COMPLETE - Prompt #94
[0;32m2025-09-20 20:03:17 - Completed prompt #94[0m
[0;34m2025-09-20 20:03:22 - Generating prompt #95 (Section 6, Prompt 10/17)[0m
[1;33m2025-09-20 20:03:22 - Running prompt generation...[0m
PROMPT GENERATION COMPLETE - Prompt #95
[0;32m2025-09-20 20:03:43 - Completed prompt #95[0m
[0;34m2025-09-20 20:03:48 - Generating prompt #96 (Section 6, Prompt 11/17)[0m
[1;33m2025-09-20 20:03:48 - Running prompt generation...[0m
PROMPT GENERATION COMPLETE - Prompt #96
[0;32m2025-09-20 20:04:06 - Completed prompt #96[0m
[0;34m2025-09-20 20:04:11 - Generating prompt #97 (Section 6, Prompt 12/17)[0m
[1;33m2025-09-20 20:04:11 - Running prompt generation...[0m
PROMPT GENERATION COMPLETE - Prompt #97
[0;32m2025-09-20 20:04:32 - Completed prompt #97[0m
[0;34m2025-09-20 20:04:37 - Generating prompt #98 (Section 6, Prompt 13/17)[0m
[1;33m2025-09-20 20:04:37 - Running prompt generation...[0m
PROMPT GENERATION COMPLETE - Prompt #98
[0;32m2025-09-20 20:05:00 - Completed prompt #98[0m
[0;34m2025-09-20 20:05:05 - Generating prompt #99 (Section 6, Prompt 14/17)[0m
[1;33m2025-09-20 20:05:05 - Running prompt generation...[0m
PROMPT GENERATION COMPLETE - Prompt #99
[0;32m2025-09-20 20:05:26 - Completed prompt #99[0m
[0;34m2025-09-20 20:05:31 - Generating prompt #100 (Section 6, Prompt 15/17)[0m
[1;33m2025-09-20 20:05:31 - Running prompt generation...[0m
PROMPT GENERATION COMPLETE - Prompt #100
[0;32m2025-09-20 20:05:49 - Completed prompt #100[0m
[0;34m2025-09-20 20:05:54 - Generating prompt #101 (Section 6, Prompt 16/17)[0m
[1;33m2025-09-20 20:05:54 - Running prompt generation...[0m
PROMPT GENERATION COMPLETE - Prompt #101
[0;32m2025-09-20 20:06:14 - Completed prompt #101[0m
[0;34m2025-09-20 20:06:19 - Generating prompt #102 (Section 6, Prompt 17/17)[0m
[1;33m2025-09-20 20:06:19 - Running prompt generation...[0m
5-hour limit reached ∙ resets 12am
[0;32m2025-09-20 20:06:29 - Completed prompt #102[0m
[0;34m2025-09-21 00:03:25 - Starting Prompt Generation Cycle for template: app-development[0m
[0;32m2025-09-21 00:03:25 - Using existing worktree: ../templata-app-development[0m
[0;34m2025-09-21 00:07:44 - Starting Prompt Generation Cycle for template: app-development[0m
[0;32m2025-09-21 00:07:44 - Using existing worktree: ../templata-app-development[0m
[0;34m2025-09-21 00:14:37 - Starting Prompt Generation Cycle for template: app-development[0m
[0;32m2025-09-21 00:14:37 - Using existing worktree: ../templata-app-development[0m
[0;34m2025-09-21 00:14:37 - Generating prompt #102 (Section 6, Prompt 17/17)[0m
[1;33m2025-09-21 00:14:37 - Running prompt generation...[0m
PROMPT GENERATION COMPLETE - Prompt #102
[0;32m2025-09-21 00:15:05 - Completed prompt #102[0m
