[0;34m2025-09-22 00:07:51 - Starting Prompt Generation Cycle for template: roommate-navigation[0m
[1;33m2025-09-22 00:07:51 - Override flag detected - resetting progress and recreating files[0m
[0;32m2025-09-22 00:07:51 - Progress reset to 0 for template: roommate-navigation[0m
[0;32m2025-09-22 00:07:51 - Using existing worktree: ../templata-roommate-navigation[0m
[1;33m2025-09-22 00:07:51 - Creating template prompt file: prompts-roommate-navigation.ts[0m
[0;32m2025-09-22 00:07:51 - Created template prompt file: ../templata-roommate-navigation/src/data/prompts-roommate-navigation.ts[0m
[0;34m2025-09-22 00:07:51 - Generating prompt #1 (Section 1, Prompt 1/17)[0m
[1;33m2025-09-22 00:07:51 - Running prompt generation...[0m
PROMPT GENERATION COMPLETE - Prompt #1
[0;32m2025-09-22 00:08:18 - Completed prompt #1[0m
[0;34m2025-09-22 00:08:23 - Generating prompt #2 (Section 1, Prompt 2/17)[0m
[1;33m2025-09-22 00:08:23 - Running prompt generation...[0m
PROMPT GENERATION COMPLETE - Prompt #2
[0;32m2025-09-22 00:08:50 - Completed prompt #2[0m
[0;34m2025-09-22 00:08:55 - Generating prompt #3 (Section 1, Prompt 3/17)[0m
[1;33m2025-09-22 00:08:55 - Running prompt generation...[0m
PROMPT GENERATION COMPLETE - Prompt #3
[0;32m2025-09-22 00:09:21 - Completed prompt #3[0m
[0;34m2025-09-22 00:09:26 - Generating prompt #4 (Section 1, Prompt 4/17)[0m
[1;33m2025-09-22 00:09:26 - Running prompt generation...[0m
PROMPT GENERATION COMPLETE - Prompt #4
[0;32m2025-09-22 00:09:47 - Completed prompt #4[0m
[0;34m2025-09-22 00:09:52 - Generating prompt #5 (Section 1, Prompt 5/17)[0m
[1;33m2025-09-22 00:09:52 - Running prompt generation...[0m
PROMPT GENERATION COMPLETE - Prompt #5
[0;32m2025-09-22 00:10:12 - Completed prompt #5[0m
[0;34m2025-09-22 00:10:17 - Generating prompt #6 (Section 1, Prompt 6/17)[0m
[1;33m2025-09-22 00:10:17 - Running prompt generation...[0m
PROMPT GENERATION COMPLETE - Prompt #6
[0;32m2025-09-22 00:10:40 - Completed prompt #6[0m
[0;34m2025-09-22 00:10:45 - Generating prompt #7 (Section 1, Prompt 7/17)[0m
[1;33m2025-09-22 00:10:45 - Running prompt generation...[0m
PROMPT GENERATION COMPLETE - Prompt #7
[0;32m2025-09-22 00:11:06 - Completed prompt #7[0m
[0;34m2025-09-22 00:11:11 - Generating prompt #8 (Section 1, Prompt 8/17)[0m
[1;33m2025-09-22 00:11:11 - Running prompt generation...[0m
PROMPT GENERATION COMPLETE - Prompt #8
[0;32m2025-09-22 00:11:32 - Completed prompt #8[0m
[0;34m2025-09-22 00:11:37 - Generating prompt #9 (Section 1, Prompt 9/17)[0m
[1;33m2025-09-22 00:11:37 - Running prompt generation...[0m
PROMPT GENERATION COMPLETE - Prompt #9
[0;32m2025-09-22 00:12:01 - Completed prompt #9[0m
[0;34m2025-09-22 00:12:06 - Generating prompt #10 (Section 1, Prompt 10/17)[0m
[1;33m2025-09-22 00:12:06 - Running prompt generation...[0m
PROMPT GENERATION COMPLETE - Prompt #10
[0;32m2025-09-22 00:12:27 - Completed prompt #10[0m
[0;34m2025-09-22 00:12:32 - Generating prompt #11 (Section 1, Prompt 11/17)[0m
[1;33m2025-09-22 00:12:32 - Running prompt generation...[0m
PROMPT GENERATION COMPLETE - Prompt #11
[0;32m2025-09-22 00:12:55 - Completed prompt #11[0m
[0;34m2025-09-22 00:13:00 - Generating prompt #12 (Section 1, Prompt 12/17)[0m
[1;33m2025-09-22 00:13:00 - Running prompt generation...[0m
PROMPT GENERATION COMPLETE - Prompt #12
[0;32m2025-09-22 00:13:23 - Completed prompt #12[0m
[0;34m2025-09-22 00:57:07 - Starting Prompt Generation Cycle for template: roommate-navigation[0m
[0;32m2025-09-22 00:57:07 - Using existing worktree: ../templata-roommate-navigation[0m
[0;34m2025-09-22 00:57:07 - Generating prompt #12 (Section 1, Prompt 12/17)[0m
[1;33m2025-09-22 00:57:07 - Running prompt generation...[0m
I can see that prompt #12 already exists in the file. The current prompt is:

"Schedule and complete a detailed housing inspection checklist for your current or potential living space"

This is already a practical, actionable task focused on "Foundation and Understanding" for roommate navigation. The prompt is correctly categorized as 'action' and includes helpful explanatory text about why conducting a housing inspection is important for roommate compatibility and setting realistic expectations.

PROMPT GENERATION COMPLETE - Prompt #12
[0;32m2025-09-22 00:57:27 - Completed prompt #12[0m
[0;34m2025-09-22 00:57:32 - Generating prompt #13 (Section 1, Prompt 13/17)[0m
[1;33m2025-09-22 00:57:32 - Running prompt generation...[0m
PROMPT GENERATION COMPLETE - Prompt #13
[0;32m2025-09-22 00:57:54 - Completed prompt #13[0m
[0;34m2025-09-22 00:57:59 - Generating prompt #14 (Section 1, Prompt 14/17)[0m
[1;33m2025-09-22 00:57:59 - Running prompt generation...[0m
PROMPT GENERATION COMPLETE - Prompt #14
[0;32m2025-09-22 00:58:21 - Completed prompt #14[0m
[0;34m2025-09-22 00:58:26 - Generating prompt #15 (Section 1, Prompt 15/17)[0m
[1;33m2025-09-22 00:58:27 - Running prompt generation...[0m
PROMPT GENERATION COMPLETE - Prompt #15
[0;32m2025-09-22 00:58:48 - Completed prompt #15[0m
[0;34m2025-09-22 00:58:53 - Generating prompt #16 (Section 1, Prompt 16/17)[0m
[1;33m2025-09-22 00:58:53 - Running prompt generation...[0m
PROMPT GENERATION COMPLETE - Prompt #16
[0;32m2025-09-22 00:59:15 - Completed prompt #16[0m
[0;34m2025-09-22 00:59:20 - Generating prompt #17 (Section 1, Prompt 17/17)[0m
[1;33m2025-09-22 00:59:20 - Running prompt generation...[0m
PROMPT GENERATION COMPLETE - Prompt #17
[0;32m2025-09-22 00:59:40 - Completed prompt #17[0m
[0;34m2025-09-22 00:59:45 - Generating prompt #18 (Section 2, Prompt 1/17)[0m
[1;33m2025-09-22 00:59:46 - Running prompt generation...[0m
PROMPT GENERATION COMPLETE - Prompt #18
[0;32m2025-09-22 01:00:06 - Completed prompt #18[0m
[0;34m2025-09-22 01:00:11 - Generating prompt #19 (Section 2, Prompt 2/17)[0m
[1;33m2025-09-22 01:00:11 - Running prompt generation...[0m
PROMPT GENERATION COMPLETE - Prompt #19
[0;32m2025-09-22 01:00:32 - Completed prompt #19[0m
[0;34m2025-09-22 01:00:37 - Generating prompt #20 (Section 2, Prompt 3/17)[0m
[1;33m2025-09-22 01:00:37 - Running prompt generation...[0m
PROMPT GENERATION COMPLETE - Prompt #20
[0;32m2025-09-22 01:01:01 - Completed prompt #20[0m
[0;34m2025-09-22 01:01:06 - Generating prompt #21 (Section 2, Prompt 4/17)[0m
[1;33m2025-09-22 01:01:06 - Running prompt generation...[0m
PROMPT GENERATION COMPLETE - Prompt #21
[0;32m2025-09-22 01:01:28 - Completed prompt #21[0m
[0;34m2025-09-22 01:01:33 - Generating prompt #22 (Section 2, Prompt 5/17)[0m
[1;33m2025-09-22 01:01:33 - Running prompt generation...[0m
PROMPT GENERATION COMPLETE - Prompt #22
[0;32m2025-09-22 01:01:54 - Completed prompt #22[0m
[0;34m2025-09-22 01:01:59 - Generating prompt #23 (Section 2, Prompt 6/17)[0m
[1;33m2025-09-22 01:01:59 - Running prompt generation...[0m
PROMPT GENERATION COMPLETE - Prompt #23
[0;32m2025-09-22 01:02:20 - Completed prompt #23[0m
[0;34m2025-09-22 01:02:25 - Generating prompt #24 (Section 2, Prompt 7/17)[0m
[1;33m2025-09-22 01:02:25 - Running prompt generation...[0m
PROMPT GENERATION COMPLETE - Prompt #24
[0;32m2025-09-22 01:02:47 - Completed prompt #24[0m
[0;34m2025-09-22 01:02:52 - Generating prompt #25 (Section 2, Prompt 8/17)[0m
[1;33m2025-09-22 01:02:52 - Running prompt generation...[0m
PROMPT GENERATION COMPLETE - Prompt #25
[0;32m2025-09-22 01:03:15 - Completed prompt #25[0m
[0;34m2025-09-22 01:03:20 - Generating prompt #26 (Section 2, Prompt 9/17)[0m
[1;33m2025-09-22 01:03:20 - Running prompt generation...[0m
PROMPT GENERATION COMPLETE - Prompt #26
[0;32m2025-09-22 01:03:45 - Completed prompt #26[0m
[0;34m2025-09-22 01:03:50 - Generating prompt #27 (Section 2, Prompt 10/17)[0m
[1;33m2025-09-22 01:03:50 - Running prompt generation...[0m
PROMPT GENERATION COMPLETE - Prompt #27
[0;32m2025-09-22 01:04:12 - Completed prompt #27[0m
[0;34m2025-09-22 01:04:17 - Generating prompt #28 (Section 2, Prompt 11/17)[0m
[1;33m2025-09-22 01:04:17 - Running prompt generation...[0m
PROMPT GENERATION COMPLETE - Prompt #28
[0;32m2025-09-22 01:04:40 - Completed prompt #28[0m
[0;34m2025-09-22 01:04:45 - Generating prompt #29 (Section 2, Prompt 12/17)[0m
[1;33m2025-09-22 01:04:45 - Running prompt generation...[0m
PROMPT GENERATION COMPLETE - Prompt #29
[0;32m2025-09-22 01:05:09 - Completed prompt #29[0m
[0;34m2025-09-22 01:05:14 - Generating prompt #30 (Section 2, Prompt 13/17)[0m
[1;33m2025-09-22 01:05:14 - Running prompt generation...[0m
PROMPT GENERATION COMPLETE - Prompt #30
[0;32m2025-09-22 01:05:37 - Completed prompt #30[0m
[0;34m2025-09-22 01:05:42 - Generating prompt #31 (Section 2, Prompt 14/17)[0m
[1;33m2025-09-22 01:05:42 - Running prompt generation...[0m
PROMPT GENERATION COMPLETE - Prompt #31
[0;32m2025-09-22 01:06:05 - Completed prompt #31[0m
[0;34m2025-09-22 01:06:10 - Generating prompt #32 (Section 2, Prompt 15/17)[0m
[1;33m2025-09-22 01:06:10 - Running prompt generation...[0m
PROMPT GENERATION COMPLETE - Prompt #32
[0;32m2025-09-22 01:06:33 - Completed prompt #32[0m
[0;34m2025-09-22 01:06:38 - Generating prompt #33 (Section 2, Prompt 16/17)[0m
[1;33m2025-09-22 01:06:38 - Running prompt generation...[0m
PROMPT GENERATION COMPLETE - Prompt #33
[0;32m2025-09-22 01:07:02 - Completed prompt #33[0m
[0;34m2025-09-22 01:07:07 - Generating prompt #34 (Section 2, Prompt 17/17)[0m
[1;33m2025-09-22 01:07:07 - Running prompt generation...[0m
PROMPT GENERATION COMPLETE - Prompt #34
[0;32m2025-09-22 01:07:31 - Completed prompt #34[0m
[0;34m2025-09-22 01:07:36 - Generating prompt #35 (Section 3, Prompt 1/17)[0m
[1;33m2025-09-22 01:07:36 - Running prompt generation...[0m
<invoke name="Edit">
<parameter name="file_path">/Users/ikim1/Documents/GitHub/templata-roommate-navigation/src/data/prompts-roommate-navigation.ts</parameter>
<parameter name="old_string">  {
    id: 'prompt-34',
    prompt: 'Create a detailed household communication charter with weekly meeting schedules, issue escalation procedures, and positive interaction goals',
    category: 'planning',
    helpText: 'Establishing structured communication protocols prevents small issues from becoming major conflicts and builds a foundation for respectful roommate relationships. Include regular weekly check-in schedules, step-by-step procedures for addressing concerns before they escalate, and specific goals for maintaining positive interactions to create accountability and ensure ongoing harmony in your shared living space.'
  }
];</parameter>
<parameter name="new_string">  {
    id: 'prompt-34',
    prompt: 'Create a detailed household communication charter with weekly meeting schedules, issue escalation procedures, and positive interaction goals',
    category: 'planning',
    helpText: 'Establishing structured communication protocols prevents small issues from becoming major conflicts and builds a foundation for respectful roommate relationships. Include regular weekly check-in schedules, step-by-step procedures for addressing concerns before they escalate, and specific goals for maintaining positive interactions to create accountability and ensure ongoing harmony in your shared living space.'
  },
  {
    id: 'prompt-35',
    prompt: 'Schedule and complete in-person meetings with 2-3 potential roommates to assess personality compatibility and communication styles',
    category: 'action',
    helpText: 'Face-to-face interactions reveal personality traits and communication patterns that can\'t be assessed through online messages or phone calls alone. Use these meetings to observe body language, conversation flow, and how they handle questions about sensitive topics like boundaries and conflict resolution to make more informed decisions about long-term compatibility.'
  }
];</parameter>
</invoke>
[0;32m2025-09-22 01:07:54 - Completed prompt #35[0m
[0;34m2025-09-22 01:07:59 - Generating prompt #36 (Section 3, Prompt 2/17)[0m
[1;33m2025-09-22 01:07:59 - Running prompt generation...[0m
PROMPT GENERATION COMPLETE - Prompt #36
[0;32m2025-09-22 01:08:22 - Completed prompt #36[0m
[0;34m2025-09-22 01:08:27 - Generating prompt #37 (Section 3, Prompt 3/17)[0m
[1;33m2025-09-22 01:08:27 - Running prompt generation...[0m
PROMPT GENERATION COMPLETE - Prompt #37
[0;32m2025-09-22 01:08:50 - Completed prompt #37[0m
[0;34m2025-09-22 01:08:55 - Generating prompt #38 (Section 3, Prompt 4/17)[0m
[1;33m2025-09-22 01:08:55 - Running prompt generation...[0m
PROMPT GENERATION COMPLETE - Prompt #38
[0;32m2025-09-22 01:09:22 - Completed prompt #38[0m
[0;34m2025-09-22 01:09:27 - Generating prompt #39 (Section 3, Prompt 5/17)[0m
[1;33m2025-09-22 01:09:27 - Running prompt generation...[0m
PROMPT GENERATION COMPLETE - Prompt #39
[0;32m2025-09-22 01:09:51 - Completed prompt #39[0m
[0;34m2025-09-22 01:09:56 - Generating prompt #40 (Section 3, Prompt 6/17)[0m
[1;33m2025-09-22 01:09:56 - Running prompt generation...[0m
PROMPT GENERATION COMPLETE - Prompt #40
[0;32m2025-09-22 01:10:20 - Completed prompt #40[0m
[0;34m2025-09-22 01:10:25 - Generating prompt #41 (Section 3, Prompt 7/17)[0m
[1;33m2025-09-22 01:10:25 - Running prompt generation...[0m
PROMPT GENERATION COMPLETE - Prompt #41
[0;32m2025-09-22 01:10:47 - Completed prompt #41[0m
[0;34m2025-09-22 01:10:52 - Generating prompt #42 (Section 3, Prompt 8/17)[0m
[1;33m2025-09-22 01:10:52 - Running prompt generation...[0m
PROMPT GENERATION COMPLETE - Prompt #42
[0;32m2025-09-22 01:11:16 - Completed prompt #42[0m
[0;34m2025-09-22 01:11:21 - Generating prompt #43 (Section 3, Prompt 9/17)[0m
[1;33m2025-09-22 01:11:21 - Running prompt generation...[0m
PROMPT GENERATION COMPLETE - Prompt #43
[0;32m2025-09-22 01:11:44 - Completed prompt #43[0m
[0;34m2025-09-22 01:11:49 - Generating prompt #44 (Section 3, Prompt 10/17)[0m
[1;33m2025-09-22 01:11:49 - Running prompt generation...[0m
<invoke name="Edit">
<parameter name="file_path">/Users/ikim1/Documents/GitHub/templata-roommate-navigation/src/data/prompts-roommate-navigation.ts</parameter>
<parameter name="old_string">  {
    id: 'prompt-43',
    prompt: 'Complete thorough reference checks by calling 2-3 former landlords or roommates for each potential roommate candidate',
    category: 'action',
    helpText: 'Verifying references through direct phone conversations provides crucial insights into a potential roommate\'s reliability, cleanliness, and interpersonal behavior that written applications cannot reveal. Ask specific questions about payment history, respect for shared spaces, communication style, and any issues that arose during previous living arrangements to make informed decisions and avoid problematic roommate situations that could impact your safety, finances, or well-being.'
  }
];</parameter>
<parameter name="new_string">  {
    id: 'prompt-43',
    prompt: 'Complete thorough reference checks by calling 2-3 former landlords or roommates for each potential roommate candidate',
    category: 'action',
    helpText: 'Verifying references through direct phone conversations provides crucial insights into a potential roommate\'s reliability, cleanliness, and interpersonal behavior that written applications cannot reveal. Ask specific questions about payment history, respect for shared spaces, communication style, and any issues that arose during previous living arrangements to make informed decisions and avoid problematic roommate situations that could impact your safety, finances, or well-being.'
  },
  {
    id: 'prompt-44',
    prompt: 'Schedule and conduct a comprehensive move-out inspection with your roommate documenting all shared spaces, belongings, and condition assessments',
    category: 'action',
    helpText: 'Completing a thorough move-out process protects your security deposit and maintains positive relationships even when living arrangements end. Document the condition of all shared areas with photos, create inventories of shared items and their ownership, and address any damage or cleaning issues together to ensure fair resolution of deposits and prevent future disputes about property conditions or missing belongings.'
  }
];</parameter>
</invoke>
[0;32m2025-09-22 01:12:09 - Completed prompt #44[0m
[0;34m2025-09-22 01:12:14 - Generating prompt #45 (Section 3, Prompt 11/17)[0m
[1;33m2025-09-22 01:12:14 - Running prompt generation...[0m
PROMPT GENERATION COMPLETE - Prompt #45
[0;32m2025-09-22 01:12:35 - Completed prompt #45[0m
[0;34m2025-09-22 01:12:40 - Generating prompt #46 (Section 3, Prompt 12/17)[0m
[1;33m2025-09-22 01:12:40 - Running prompt generation...[0m
PROMPT GENERATION COMPLETE - Prompt #46
[0;32m2025-09-22 01:13:02 - Completed prompt #46[0m
[0;34m2025-09-22 01:13:07 - Generating prompt #47 (Section 3, Prompt 13/17)[0m
[1;33m2025-09-22 01:13:07 - Running prompt generation...[0m
PROMPT GENERATION COMPLETE - Prompt #47
[0;32m2025-09-22 01:13:30 - Completed prompt #47[0m
[0;34m2025-09-22 01:13:35 - Generating prompt #48 (Section 3, Prompt 14/17)[0m
[1;33m2025-09-22 01:13:35 - Running prompt generation...[0m
<invoke name="Edit">
<parameter name="file_path">/Users/ikim1/Documents/GitHub/templata-roommate-navigation/src/data/prompts-roommate-navigation.ts</parameter>
<parameter name="old_string">  },
  {
    id: 'prompt-47',
    prompt: 'Complete a comprehensive roommate compatibility assessment by scheduling and conducting structured video calls with 3-5 potential roommate candidates',
    category: 'action',
    helpText: 'Moving beyond initial messages to face-to-face conversations reveals crucial compatibility factors that written communication cannot capture, including communication styles, personality dynamics, and genuine comfort levels. Schedule 30-45 minute video calls to discuss specific living scenarios, observe how they handle questions about boundaries and responsibilities, and assess whether their energy and communication approach feels like a good fit for creating a harmonious shared living environment.'
  }
];</parameter>
<parameter name="new_string">  },
  {
    id: 'prompt-47',
    prompt: 'Complete a comprehensive roommate compatibility assessment by scheduling and conducting structured video calls with 3-5 potential roommate candidates',
    category: 'action',
    helpText: 'Moving beyond initial messages to face-to-face conversations reveals crucial compatibility factors that written communication cannot capture, including communication styles, personality dynamics, and genuine comfort levels. Schedule 30-45 minute video calls to discuss specific living scenarios, observe how they handle questions about boundaries and responsibilities, and assess whether their energy and communication approach feels like a good fit for creating a harmonious shared living environment.'
  },
  {
    id: 'prompt-48',
    prompt: 'Set up shared utility accounts and establish automatic payment systems with clear cost-splitting arrangements for your new living space',
    category: 'action',
    helpText: 'Coordinating utility setup and payment systems prevents service disruptions and financial confusion that can strain roommate relationships. Contact providers to establish or transfer electricity, gas, water, internet, and trash services with agreed-upon payment responsibilities, then set up automatic payments or shared payment apps to ensure bills are paid on time and costs are split fairly according to your roommate agreement.'
  }
];</parameter>
</invoke>
[0;32m2025-09-22 01:13:55 - Completed prompt #48[0m
[0;34m2025-09-22 01:14:00 - Generating prompt #49 (Section 3, Prompt 15/17)[0m
[1;33m2025-09-22 01:14:00 - Running prompt generation...[0m
PROMPT GENERATION COMPLETE - Prompt #49
[0;32m2025-09-22 01:14:23 - Completed prompt #49[0m
[0;34m2025-09-22 01:14:28 - Generating prompt #50 (Section 3, Prompt 16/17)[0m
[1;33m2025-09-22 01:14:28 - Running prompt generation...[0m
PROMPT GENERATION COMPLETE - Prompt #50
[0;32m2025-09-22 01:14:50 - Completed prompt #50[0m
[0;34m2025-09-22 01:14:55 - Generating prompt #51 (Section 3, Prompt 17/17)[0m
[1;33m2025-09-22 01:14:56 - Running prompt generation...[0m
PROMPT GENERATION COMPLETE - Prompt #51
[0;32m2025-09-22 01:15:20 - Completed prompt #51[0m
[0;34m2025-09-22 01:15:25 - Generating prompt #52 (Section 4, Prompt 1/17)[0m
[1;33m2025-09-22 01:15:25 - Running prompt generation...[0m
PROMPT GENERATION COMPLETE - Prompt #52
[0;32m2025-09-22 01:15:46 - Completed prompt #52[0m
[0;34m2025-09-22 01:15:52 - Generating prompt #53 (Section 4, Prompt 2/17)[0m
[1;33m2025-09-22 01:15:52 - Running prompt generation...[0m
PROMPT GENERATION COMPLETE - Prompt #53
[0;32m2025-09-22 01:16:13 - Completed prompt #53[0m
[0;34m2025-09-22 01:16:18 - Generating prompt #54 (Section 4, Prompt 3/17)[0m
[1;33m2025-09-22 01:16:18 - Running prompt generation...[0m
PROMPT GENERATION COMPLETE - Prompt #54
[0;32m2025-09-22 01:16:40 - Completed prompt #54[0m
[0;34m2025-09-22 01:16:45 - Generating prompt #55 (Section 4, Prompt 4/17)[0m
[1;33m2025-09-22 01:16:45 - Running prompt generation...[0m
PROMPT GENERATION COMPLETE - Prompt #55
[0;32m2025-09-22 01:17:06 - Completed prompt #55[0m
[0;34m2025-09-22 01:17:11 - Generating prompt #56 (Section 4, Prompt 5/17)[0m
[1;33m2025-09-22 01:17:11 - Running prompt generation...[0m
PROMPT GENERATION COMPLETE - Prompt #56
[0;32m2025-09-22 01:17:34 - Completed prompt #56[0m
[0;34m2025-09-22 01:17:39 - Generating prompt #57 (Section 4, Prompt 6/17)[0m
[1;33m2025-09-22 01:17:39 - Running prompt generation...[0m
PROMPT GENERATION COMPLETE - Prompt #57
[0;32m2025-09-22 01:18:02 - Completed prompt #57[0m
[0;34m2025-09-22 01:18:07 - Generating prompt #58 (Section 4, Prompt 7/17)[0m
[1;33m2025-09-22 01:18:07 - Running prompt generation...[0m
PROMPT GENERATION COMPLETE - Prompt #58
[0;32m2025-09-22 01:18:29 - Completed prompt #58[0m
[0;34m2025-09-22 01:18:34 - Generating prompt #59 (Section 4, Prompt 8/17)[0m
[1;33m2025-09-22 01:18:34 - Running prompt generation...[0m
PROMPT GENERATION COMPLETE - Prompt #59
[0;32m2025-09-22 01:18:55 - Completed prompt #59[0m
[0;34m2025-09-22 01:19:00 - Generating prompt #60 (Section 4, Prompt 9/17)[0m
[1;33m2025-09-22 01:19:00 - Running prompt generation...[0m
PROMPT GENERATION COMPLETE - Prompt #60
[0;32m2025-09-22 01:19:22 - Completed prompt #60[0m
[0;34m2025-09-22 01:19:27 - Generating prompt #61 (Section 4, Prompt 10/17)[0m
[1;33m2025-09-22 01:19:27 - Running prompt generation...[0m
PROMPT GENERATION COMPLETE - Prompt #61
[0;32m2025-09-22 01:19:52 - Completed prompt #61[0m
[0;34m2025-09-22 01:19:57 - Generating prompt #62 (Section 4, Prompt 11/17)[0m
[1;33m2025-09-22 01:19:57 - Running prompt generation...[0m
PROMPT GENERATION COMPLETE - Prompt #62
[0;32m2025-09-22 01:20:20 - Completed prompt #62[0m
[0;34m2025-09-22 01:20:25 - Generating prompt #63 (Section 4, Prompt 12/17)[0m
[1;33m2025-09-22 01:20:25 - Running prompt generation...[0m
PROMPT GENERATION COMPLETE - Prompt #63
[0;32m2025-09-22 01:20:47 - Completed prompt #63[0m
[0;34m2025-09-22 01:20:52 - Generating prompt #64 (Section 4, Prompt 13/17)[0m
[1;33m2025-09-22 01:20:52 - Running prompt generation...[0m
PROMPT GENERATION COMPLETE - Prompt #64
[0;32m2025-09-22 01:21:14 - Completed prompt #64[0m
[0;34m2025-09-22 01:21:19 - Generating prompt #65 (Section 4, Prompt 14/17)[0m
[1;33m2025-09-22 01:21:19 - Running prompt generation...[0m
PROMPT GENERATION COMPLETE - Prompt #65
[0;32m2025-09-22 01:21:42 - Completed prompt #65[0m
[0;34m2025-09-22 01:21:47 - Generating prompt #66 (Section 4, Prompt 15/17)[0m
[1;33m2025-09-22 01:21:47 - Running prompt generation...[0m
PROMPT GENERATION COMPLETE - Prompt #66
[0;32m2025-09-22 01:22:08 - Completed prompt #66[0m
[0;34m2025-09-22 01:22:13 - Generating prompt #67 (Section 4, Prompt 16/17)[0m
[1;33m2025-09-22 01:22:13 - Running prompt generation...[0m
PROMPT GENERATION COMPLETE - Prompt #67
[0;32m2025-09-22 01:22:37 - Completed prompt #67[0m
[0;34m2025-09-22 01:22:42 - Generating prompt #68 (Section 4, Prompt 17/17)[0m
[1;33m2025-09-22 01:22:42 - Running prompt generation...[0m
PROMPT GENERATION COMPLETE - Prompt #68
[0;32m2025-09-22 01:23:04 - Completed prompt #68[0m
[0;34m2025-09-22 01:23:09 - Generating prompt #69 (Section 5, Prompt 1/17)[0m
[1;33m2025-09-22 01:23:09 - Running prompt generation...[0m
PROMPT GENERATION COMPLETE - Prompt #69
[0;32m2025-09-22 01:23:31 - Completed prompt #69[0m
[0;34m2025-09-22 01:23:36 - Generating prompt #70 (Section 5, Prompt 2/17)[0m
[1;33m2025-09-22 01:23:36 - Running prompt generation...[0m
PROMPT GENERATION COMPLETE - Prompt #70
[0;32m2025-09-22 01:24:01 - Completed prompt #70[0m
[0;34m2025-09-22 01:24:06 - Generating prompt #71 (Section 5, Prompt 3/17)[0m
[1;33m2025-09-22 01:24:06 - Running prompt generation...[0m
PROMPT GENERATION COMPLETE - Prompt #71
[0;32m2025-09-22 01:24:29 - Completed prompt #71[0m
[0;34m2025-09-22 01:24:34 - Generating prompt #72 (Section 5, Prompt 4/17)[0m
[1;33m2025-09-22 01:24:34 - Running prompt generation...[0m
PROMPT GENERATION COMPLETE - Prompt #72
[0;32m2025-09-22 01:24:57 - Completed prompt #72[0m
[0;34m2025-09-22 01:25:02 - Generating prompt #73 (Section 5, Prompt 5/17)[0m
[1;33m2025-09-22 01:25:02 - Running prompt generation...[0m
PROMPT GENERATION COMPLETE - Prompt #73
[0;32m2025-09-22 01:25:24 - Completed prompt #73[0m
[0;34m2025-09-22 01:25:30 - Generating prompt #74 (Section 5, Prompt 6/17)[0m
[1;33m2025-09-22 01:25:30 - Running prompt generation...[0m
PROMPT GENERATION COMPLETE - Prompt #74
[0;32m2025-09-22 01:25:51 - Completed prompt #74[0m
[0;34m2025-09-22 01:25:56 - Generating prompt #75 (Section 5, Prompt 7/17)[0m
[1;33m2025-09-22 01:25:56 - Running prompt generation...[0m
PROMPT GENERATION COMPLETE - Prompt #75
[0;32m2025-09-22 01:26:18 - Completed prompt #75[0m
[0;34m2025-09-22 01:26:23 - Generating prompt #76 (Section 5, Prompt 8/17)[0m
[1;33m2025-09-22 01:26:23 - Running prompt generation...[0m
PROMPT GENERATION COMPLETE - Prompt #76
[0;32m2025-09-22 01:26:45 - Completed prompt #76[0m
[0;34m2025-09-22 01:26:50 - Generating prompt #77 (Section 5, Prompt 9/17)[0m
[1;33m2025-09-22 01:26:51 - Running prompt generation...[0m
PROMPT GENERATION COMPLETE - Prompt #77
[0;32m2025-09-22 01:27:13 - Completed prompt #77[0m
[0;34m2025-09-22 01:27:18 - Generating prompt #78 (Section 5, Prompt 10/17)[0m
[1;33m2025-09-22 01:27:18 - Running prompt generation...[0m
PROMPT GENERATION COMPLETE - Prompt #78
[0;32m2025-09-22 01:27:42 - Completed prompt #78[0m
[0;34m2025-09-22 01:27:47 - Generating prompt #79 (Section 5, Prompt 11/17)[0m
[1;33m2025-09-22 01:27:47 - Running prompt generation...[0m
PROMPT GENERATION COMPLETE - Prompt #79
[0;32m2025-09-22 01:28:10 - Completed prompt #79[0m
[0;34m2025-09-22 01:28:15 - Generating prompt #80 (Section 5, Prompt 12/17)[0m
[1;33m2025-09-22 01:28:15 - Running prompt generation...[0m
PROMPT GENERATION COMPLETE - Prompt #80
[0;32m2025-09-22 01:28:38 - Completed prompt #80[0m
[0;34m2025-09-22 01:28:43 - Generating prompt #81 (Section 5, Prompt 13/17)[0m
[1;33m2025-09-22 01:28:43 - Running prompt generation...[0m
PROMPT GENERATION COMPLETE - Prompt #81
[0;32m2025-09-22 01:29:06 - Completed prompt #81[0m
[0;34m2025-09-22 01:29:11 - Generating prompt #82 (Section 5, Prompt 14/17)[0m
[1;33m2025-09-22 01:29:11 - Running prompt generation...[0m
PROMPT GENERATION COMPLETE - Prompt #82
[0;32m2025-09-22 01:29:33 - Completed prompt #82[0m
[0;34m2025-09-22 01:29:38 - Generating prompt #83 (Section 5, Prompt 15/17)[0m
[1;33m2025-09-22 01:29:38 - Running prompt generation...[0m
PROMPT GENERATION COMPLETE - Prompt #83
[0;32m2025-09-22 01:30:00 - Completed prompt #83[0m
[0;34m2025-09-22 01:30:05 - Generating prompt #84 (Section 5, Prompt 16/17)[0m
[1;33m2025-09-22 01:30:05 - Running prompt generation...[0m
PROMPT GENERATION COMPLETE - Prompt #84
[0;32m2025-09-22 01:30:29 - Completed prompt #84[0m
[0;34m2025-09-22 01:30:35 - Generating prompt #85 (Section 5, Prompt 17/17)[0m
[1;33m2025-09-22 01:30:35 - Running prompt generation...[0m
PROMPT GENERATION COMPLETE - Prompt #85
[0;32m2025-09-22 01:31:01 - Completed prompt #85[0m
[0;34m2025-09-22 01:31:06 - Generating prompt #86 (Section 6, Prompt 1/17)[0m
[1;33m2025-09-22 01:31:06 - Running prompt generation...[0m
PROMPT GENERATION COMPLETE - Prompt #86
[0;32m2025-09-22 01:31:30 - Completed prompt #86[0m
[0;34m2025-09-22 01:31:35 - Generating prompt #87 (Section 6, Prompt 2/17)[0m
[1;33m2025-09-22 01:31:35 - Running prompt generation...[0m
PROMPT GENERATION COMPLETE - Prompt #87
[0;32m2025-09-22 01:31:55 - Completed prompt #87[0m
[0;34m2025-09-22 01:32:00 - Generating prompt #88 (Section 6, Prompt 3/17)[0m
[1;33m2025-09-22 01:32:00 - Running prompt generation...[0m
PROMPT GENERATION COMPLETE - Prompt #88
[0;32m2025-09-22 01:32:24 - Completed prompt #88[0m
[0;34m2025-09-22 01:32:29 - Generating prompt #89 (Section 6, Prompt 4/17)[0m
[1;33m2025-09-22 01:32:29 - Running prompt generation...[0m
PROMPT GENERATION COMPLETE - Prompt #89
[0;32m2025-09-22 01:32:52 - Completed prompt #89[0m
[0;34m2025-09-22 01:32:57 - Generating prompt #90 (Section 6, Prompt 5/17)[0m
[1;33m2025-09-22 01:32:57 - Running prompt generation...[0m
PROMPT GENERATION COMPLETE - Prompt #90
[0;32m2025-09-22 01:33:19 - Completed prompt #90[0m
[0;34m2025-09-22 01:33:24 - Generating prompt #91 (Section 6, Prompt 6/17)[0m
[1;33m2025-09-22 01:33:24 - Running prompt generation...[0m
PROMPT GENERATION COMPLETE - Prompt #91
[0;32m2025-09-22 01:33:44 - Completed prompt #91[0m
[0;34m2025-09-22 01:33:49 - Generating prompt #92 (Section 6, Prompt 7/17)[0m
[1;33m2025-09-22 01:33:49 - Running prompt generation...[0m
PROMPT GENERATION COMPLETE - Prompt #92
[0;32m2025-09-22 01:34:14 - Completed prompt #92[0m
[0;34m2025-09-22 01:34:19 - Generating prompt #93 (Section 6, Prompt 8/17)[0m
[1;33m2025-09-22 01:34:19 - Running prompt generation...[0m
PROMPT GENERATION COMPLETE - Prompt #93
[0;32m2025-09-22 01:34:46 - Completed prompt #93[0m
[0;34m2025-09-22 01:34:51 - Generating prompt #94 (Section 6, Prompt 9/17)[0m
[1;33m2025-09-22 01:34:51 - Running prompt generation...[0m
PROMPT GENERATION COMPLETE - Prompt #94
[0;32m2025-09-22 01:35:18 - Completed prompt #94[0m
[0;34m2025-09-22 01:35:23 - Generating prompt #95 (Section 6, Prompt 10/17)[0m
[1;33m2025-09-22 01:35:23 - Running prompt generation...[0m
PROMPT GENERATION COMPLETE - Prompt #95
[0;32m2025-09-22 01:35:48 - Completed prompt #95[0m
[0;34m2025-09-22 01:35:53 - Generating prompt #96 (Section 6, Prompt 11/17)[0m
[1;33m2025-09-22 01:35:53 - Running prompt generation...[0m
PROMPT GENERATION COMPLETE - Prompt #96
[0;32m2025-09-22 01:36:16 - Completed prompt #96[0m
[0;34m2025-09-22 01:36:21 - Generating prompt #97 (Section 6, Prompt 12/17)[0m
[1;33m2025-09-22 01:36:21 - Running prompt generation...[0m
PROMPT GENERATION COMPLETE - Prompt #97
[0;32m2025-09-22 01:36:46 - Completed prompt #97[0m
[0;34m2025-09-22 01:36:51 - Generating prompt #98 (Section 6, Prompt 13/17)[0m
[1;33m2025-09-22 01:36:51 - Running prompt generation...[0m
PROMPT GENERATION COMPLETE - Prompt #98
[0;32m2025-09-22 01:37:13 - Completed prompt #98[0m
[0;34m2025-09-22 01:37:18 - Generating prompt #99 (Section 6, Prompt 14/17)[0m
[1;33m2025-09-22 01:37:18 - Running prompt generation...[0m
PROMPT GENERATION COMPLETE - Prompt #99
[0;32m2025-09-22 01:37:41 - Completed prompt #99[0m
[0;34m2025-09-22 01:37:46 - Generating prompt #100 (Section 6, Prompt 15/17)[0m
[1;33m2025-09-22 01:37:46 - Running prompt generation...[0m
PROMPT GENERATION COMPLETE - Prompt #100
[0;32m2025-09-22 01:38:07 - Completed prompt #100[0m
[0;34m2025-09-22 01:38:12 - Generating prompt #101 (Section 6, Prompt 16/17)[0m
[1;33m2025-09-22 01:38:12 - Running prompt generation...[0m
PROMPT GENERATION COMPLETE - Prompt #101
[0;32m2025-09-22 01:38:38 - Completed prompt #101[0m
[0;34m2025-09-22 01:38:43 - Generating prompt #102 (Section 6, Prompt 17/17)[0m
[1;33m2025-09-22 01:38:43 - Running prompt generation...[0m
PROMPT GENERATION COMPLETE - Prompt #102
[0;32m2025-09-22 01:39:03 - Completed prompt #102[0m
