[0;34m2025-09-21 23:05:45 - Starting Prompt Generation Cycle for template: military-veteran-transition[0m
[1;33m2025-09-21 23:05:45 - Override flag detected - resetting progress and recreating files[0m
[0;32m2025-09-21 23:05:45 - Progress reset to 0 for template: military-veteran-transition[0m
[0;32m2025-09-21 23:05:45 - Using existing worktree: ../templata-military-veteran-transition[0m
[1;33m2025-09-21 23:05:45 - Creating template prompt file: prompts-military-veteran-transition.ts[0m
[0;32m2025-09-21 23:05:46 - Created template prompt file: ../templata-military-veteran-transition/src/data/prompts-military-veteran-transition.ts[0m
[0;34m2025-09-21 23:05:46 - Generating prompt #1 (Section 1, Prompt 1/17)[0m
[1;33m2025-09-21 23:05:46 - Running prompt generation...[0m
PROMPT GENERATION COMPLETE - Prompt #1
[0;32m2025-09-21 23:06:08 - Completed prompt #1[0m
[0;34m2025-09-21 23:06:13 - Generating prompt #2 (Section 1, Prompt 2/17)[0m
[1;33m2025-09-21 23:06:13 - Running prompt generation...[0m
PROMPT GENERATION COMPLETE - Prompt #2
[0;32m2025-09-21 23:06:37 - Completed prompt #2[0m
[0;34m2025-09-21 23:06:42 - Generating prompt #3 (Section 1, Prompt 3/17)[0m
[1;33m2025-09-21 23:06:42 - Running prompt generation...[0m
PROMPT GENERATION COMPLETE - Prompt #3
[0;32m2025-09-21 23:07:04 - Completed prompt #3[0m
[0;34m2025-09-21 23:07:09 - Generating prompt #4 (Section 1, Prompt 4/17)[0m
[1;33m2025-09-21 23:07:09 - Running prompt generation...[0m
PROMPT GENERATION COMPLETE - Prompt #4
[0;32m2025-09-21 23:07:30 - Completed prompt #4[0m
[0;34m2025-09-21 23:07:35 - Generating prompt #5 (Section 1, Prompt 5/17)[0m
[1;33m2025-09-21 23:07:35 - Running prompt generation...[0m
PROMPT GENERATION COMPLETE - Prompt #5
[0;32m2025-09-21 23:07:57 - Completed prompt #5[0m
[0;34m2025-09-21 23:08:02 - Generating prompt #6 (Section 1, Prompt 6/17)[0m
[1;33m2025-09-21 23:08:02 - Running prompt generation...[0m
PROMPT GENERATION COMPLETE - Prompt #6
[0;32m2025-09-21 23:08:25 - Completed prompt #6[0m
[0;34m2025-09-21 23:08:30 - Generating prompt #7 (Section 1, Prompt 7/17)[0m
[1;33m2025-09-21 23:08:30 - Running prompt generation...[0m
PROMPT GENERATION COMPLETE - Prompt #7
[0;32m2025-09-21 23:08:54 - Completed prompt #7[0m
[0;34m2025-09-21 23:08:59 - Generating prompt #8 (Section 1, Prompt 8/17)[0m
[1;33m2025-09-21 23:08:59 - Running prompt generation...[0m
PROMPT GENERATION COMPLETE - Prompt #8
[0;32m2025-09-21 23:09:23 - Completed prompt #8[0m
[0;34m2025-09-21 23:09:28 - Generating prompt #9 (Section 1, Prompt 9/17)[0m
[1;33m2025-09-21 23:09:28 - Running prompt generation...[0m
PROMPT GENERATION COMPLETE - Prompt #9
[0;32m2025-09-21 23:09:51 - Completed prompt #9[0m
[0;34m2025-09-21 23:09:56 - Generating prompt #10 (Section 1, Prompt 10/17)[0m
[1;33m2025-09-21 23:09:56 - Running prompt generation...[0m
PROMPT GENERATION COMPLETE - Prompt #10
[0;32m2025-09-21 23:10:20 - Completed prompt #10[0m
[0;34m2025-09-21 23:10:25 - Generating prompt #11 (Section 1, Prompt 11/17)[0m
[1;33m2025-09-21 23:10:25 - Running prompt generation...[0m
PROMPT GENERATION COMPLETE - Prompt #11
[0;32m2025-09-21 23:10:47 - Completed prompt #11[0m
[0;34m2025-09-21 23:10:52 - Generating prompt #12 (Section 1, Prompt 12/17)[0m
[1;33m2025-09-21 23:10:52 - Running prompt generation...[0m
PROMPT GENERATION COMPLETE - Prompt #12
[0;32m2025-09-21 23:11:17 - Completed prompt #12[0m
[0;34m2025-09-21 23:11:22 - Generating prompt #13 (Section 1, Prompt 13/17)[0m
[1;33m2025-09-21 23:11:22 - Running prompt generation...[0m
PROMPT GENERATION COMPLETE - Prompt #13
[0;32m2025-09-21 23:11:44 - Completed prompt #13[0m
[0;34m2025-09-21 23:11:49 - Generating prompt #14 (Section 1, Prompt 14/17)[0m
[1;33m2025-09-21 23:11:49 - Running prompt generation...[0m
PROMPT GENERATION COMPLETE - Prompt #14
[0;32m2025-09-21 23:12:13 - Completed prompt #14[0m
[0;34m2025-09-21 23:12:18 - Generating prompt #15 (Section 1, Prompt 15/17)[0m
[1;33m2025-09-21 23:12:18 - Running prompt generation...[0m
PROMPT GENERATION COMPLETE - Prompt #15
[0;32m2025-09-21 23:12:40 - Completed prompt #15[0m
[0;34m2025-09-21 23:12:45 - Generating prompt #16 (Section 1, Prompt 16/17)[0m
[1;33m2025-09-21 23:12:45 - Running prompt generation...[0m
PROMPT GENERATION COMPLETE - Prompt #16
[0;32m2025-09-21 23:13:08 - Completed prompt #16[0m
[0;34m2025-09-21 23:13:13 - Generating prompt #17 (Section 1, Prompt 17/17)[0m
[1;33m2025-09-21 23:13:13 - Running prompt generation...[0m
PROMPT GENERATION COMPLETE - Prompt #17
[0;32m2025-09-21 23:13:37 - Completed prompt #17[0m
[0;34m2025-09-21 23:13:42 - Generating prompt #18 (Section 2, Prompt 1/17)[0m
[1;33m2025-09-21 23:13:42 - Running prompt generation...[0m
PROMPT GENERATION COMPLETE - Prompt #18
[0;32m2025-09-21 23:14:05 - Completed prompt #18[0m
[0;34m2025-09-21 23:14:10 - Generating prompt #19 (Section 2, Prompt 2/17)[0m
[1;33m2025-09-21 23:14:10 - Running prompt generation...[0m
PROMPT GENERATION COMPLETE - Prompt #19
[0;32m2025-09-21 23:14:33 - Completed prompt #19[0m
[0;34m2025-09-21 23:14:38 - Generating prompt #20 (Section 2, Prompt 3/17)[0m
[1;33m2025-09-21 23:14:38 - Running prompt generation...[0m
PROMPT GENERATION COMPLETE - Prompt #20
[0;32m2025-09-21 23:15:00 - Completed prompt #20[0m
[0;34m2025-09-21 23:15:05 - Generating prompt #21 (Section 2, Prompt 4/17)[0m
[1;33m2025-09-21 23:15:05 - Running prompt generation...[0m
PROMPT GENERATION COMPLETE - Prompt #21
[0;32m2025-09-21 23:15:27 - Completed prompt #21[0m
[0;34m2025-09-21 23:15:33 - Generating prompt #22 (Section 2, Prompt 5/17)[0m
[1;33m2025-09-21 23:15:33 - Running prompt generation...[0m
PROMPT GENERATION COMPLETE - Prompt #22
[0;32m2025-09-21 23:15:55 - Completed prompt #22[0m
[0;34m2025-09-21 23:16:00 - Generating prompt #23 (Section 2, Prompt 6/17)[0m
[1;33m2025-09-21 23:16:00 - Running prompt generation...[0m
PROMPT GENERATION COMPLETE - Prompt #23
[0;32m2025-09-21 23:16:23 - Completed prompt #23[0m
[0;34m2025-09-21 23:16:28 - Generating prompt #24 (Section 2, Prompt 7/17)[0m
[1;33m2025-09-21 23:16:28 - Running prompt generation...[0m
PROMPT GENERATION COMPLETE - Prompt #24
[0;32m2025-09-21 23:16:50 - Completed prompt #24[0m
[0;34m2025-09-21 23:16:55 - Generating prompt #25 (Section 2, Prompt 8/17)[0m
[1;33m2025-09-21 23:16:55 - Running prompt generation...[0m
PROMPT GENERATION COMPLETE - Prompt #25
[0;32m2025-09-21 23:17:17 - Completed prompt #25[0m
[0;34m2025-09-21 23:17:22 - Generating prompt #26 (Section 2, Prompt 9/17)[0m
[1;33m2025-09-21 23:17:22 - Running prompt generation...[0m
PROMPT GENERATION COMPLETE - Prompt #26
[0;32m2025-09-21 23:17:46 - Completed prompt #26[0m
[0;34m2025-09-21 23:17:51 - Generating prompt #27 (Section 2, Prompt 10/17)[0m
[1;33m2025-09-21 23:17:51 - Running prompt generation...[0m
PROMPT GENERATION COMPLETE - Prompt #27
[0;32m2025-09-21 23:18:15 - Completed prompt #27[0m
[0;34m2025-09-21 23:18:20 - Generating prompt #28 (Section 2, Prompt 11/17)[0m
[1;33m2025-09-21 23:18:20 - Running prompt generation...[0m
PROMPT GENERATION COMPLETE - Prompt #28
[0;32m2025-09-21 23:18:43 - Completed prompt #28[0m
[0;34m2025-09-21 23:18:48 - Generating prompt #29 (Section 2, Prompt 12/17)[0m
[1;33m2025-09-21 23:18:48 - Running prompt generation...[0m
PROMPT GENERATION COMPLETE - Prompt #29
[0;32m2025-09-21 23:19:11 - Completed prompt #29[0m
[0;34m2025-09-21 23:19:16 - Generating prompt #30 (Section 2, Prompt 13/17)[0m
[1;33m2025-09-21 23:19:16 - Running prompt generation...[0m
PROMPT GENERATION COMPLETE - Prompt #30
[0;32m2025-09-21 23:19:39 - Completed prompt #30[0m
[0;34m2025-09-21 23:19:44 - Generating prompt #31 (Section 2, Prompt 14/17)[0m
[1;33m2025-09-21 23:19:44 - Running prompt generation...[0m
PROMPT GENERATION COMPLETE - Prompt #31
[0;32m2025-09-21 23:20:07 - Completed prompt #31[0m
[0;34m2025-09-21 23:20:12 - Generating prompt #32 (Section 2, Prompt 15/17)[0m
[1;33m2025-09-21 23:20:12 - Running prompt generation...[0m
PROMPT GENERATION COMPLETE - Prompt #32
[0;32m2025-09-21 23:20:37 - Completed prompt #32[0m
[0;34m2025-09-21 23:20:42 - Generating prompt #33 (Section 2, Prompt 16/17)[0m
[1;33m2025-09-21 23:20:42 - Running prompt generation...[0m
<invoke name="Edit">
<parameter name="file_path">/Users/ikim1/Documents/GitHub/templata-military-veteran-transition/src/data/prompts-military-veteran-transition.ts</parameter>
<parameter name="old_string">  {
    id: 'prompt-32',
    prompt: 'Complete a comprehensive education benefits briefing and submit your Certificate of Eligibility (COE) application for GI Bill benefits',
    category: 'action',
    helpText: 'Understanding the full scope of your education benefits and obtaining your COE is essential for accessing education funding and planning your career development timeline. The COE process can take several weeks and is required before you can enroll in educational programs or training courses using your GI Bill benefits. Schedule your education benefits briefing early in your transition to understand different benefit options, transfer possibilities to family members, and how to maximize your education funding for long-term career success.'
  }
];</parameter>
<parameter name="new_string">  {
    id: 'prompt-32',
    prompt: 'Complete a comprehensive education benefits briefing and submit your Certificate of Eligibility (COE) application for GI Bill benefits',
    category: 'action',
    helpText: 'Understanding the full scope of your education benefits and obtaining your COE is essential for accessing education funding and planning your career development timeline. The COE process can take several weeks and is required before you can enroll in educational programs or training courses using your GI Bill benefits. Schedule your education benefits briefing early in your transition to understand different benefit options, transfer possibilities to family members, and how to maximize your education funding for long-term career success.'
  },
  {
    id: 'prompt-33',
    prompt: 'Develop a detailed post-separation career development plan with specific skill-building milestones for your first 12 months in civilian employment',
    category: 'planning',
    helpText: 'Creating a structured professional development roadmap helps you continue growing in your civilian career and demonstrates career commitment to employers who invest in veteran talent. Map out specific skills you need to develop, industry certifications to pursue, and professional relationships to build during your first year to accelerate your career progression. This proactive approach positions you for advancement opportunities and salary increases while building confidence in your new civilian role through continuous improvement and measurable achievements.'
  }
];</parameter>
</invoke>
[0;32m2025-09-21 23:21:03 - Completed prompt #33[0m
[0;34m2025-09-21 23:21:08 - Generating prompt #34 (Section 2, Prompt 17/17)[0m
[1;33m2025-09-21 23:21:08 - Running prompt generation...[0m
PROMPT GENERATION COMPLETE - Prompt #34
[0;32m2025-09-21 23:21:34 - Completed prompt #34[0m
[0;34m2025-09-21 23:21:39 - Generating prompt #35 (Section 3, Prompt 1/17)[0m
[1;33m2025-09-21 23:21:39 - Running prompt generation...[0m
PROMPT GENERATION COMPLETE - Prompt #35
[0;32m2025-09-21 23:22:02 - Completed prompt #35[0m
[0;34m2025-09-21 23:22:07 - Generating prompt #36 (Section 3, Prompt 2/17)[0m
[1;33m2025-09-21 23:22:07 - Running prompt generation...[0m
PROMPT GENERATION COMPLETE - Prompt #36
[0;32m2025-09-21 23:22:29 - Completed prompt #36[0m
[0;34m2025-09-21 23:22:34 - Generating prompt #37 (Section 3, Prompt 3/17)[0m
[1;33m2025-09-21 23:22:34 - Running prompt generation...[0m
PROMPT GENERATION COMPLETE - Prompt #37
[0;32m2025-09-21 23:22:56 - Completed prompt #37[0m
[0;34m2025-09-21 23:23:01 - Generating prompt #38 (Section 3, Prompt 4/17)[0m
[1;33m2025-09-21 23:23:01 - Running prompt generation...[0m
PROMPT GENERATION COMPLETE - Prompt #38
[0;32m2025-09-21 23:23:26 - Completed prompt #38[0m
[0;34m2025-09-21 23:23:31 - Generating prompt #39 (Section 3, Prompt 5/17)[0m
[1;33m2025-09-21 23:23:31 - Running prompt generation...[0m
PROMPT GENERATION COMPLETE - Prompt #39
[0;32m2025-09-21 23:23:56 - Completed prompt #39[0m
[0;34m2025-09-21 23:24:01 - Generating prompt #40 (Section 3, Prompt 6/17)[0m
[1;33m2025-09-21 23:24:01 - Running prompt generation...[0m
PROMPT GENERATION COMPLETE - Prompt #40
[0;32m2025-09-21 23:24:24 - Completed prompt #40[0m
[0;34m2025-09-21 23:24:29 - Generating prompt #41 (Section 3, Prompt 7/17)[0m
[1;33m2025-09-21 23:24:29 - Running prompt generation...[0m
PROMPT GENERATION COMPLETE - Prompt #41
[0;32m2025-09-21 23:24:51 - Completed prompt #41[0m
[0;34m2025-09-21 23:24:56 - Generating prompt #42 (Section 3, Prompt 8/17)[0m
[1;33m2025-09-21 23:24:56 - Running prompt generation...[0m
<invoke name="Edit">
<parameter name="file_path">/Users/ikim1/Documents/GitHub/templata-military-veteran-transition/src/data/prompts-military-veteran-transition.ts</parameter>
<parameter name="old_string">  {
    id: 'prompt-41',
    prompt: 'Contact and schedule informational interviews with 5 civilian hiring managers in your target industry to understand their veteran recruitment perspectives',
    category: 'action',
    helpText: 'Understanding how civilian hiring managers perceive military experience helps you tailor your application materials and interview approach to address their specific concerns and highlight your most relevant qualifications. Many civilian managers have misconceptions about military experience or don\'t understand how to evaluate military skills, so these conversations provide critical insights into what resonates with decision-makers. Use these interviews to practice translating your military experience into civilian terms while building relationships that could lead to job opportunities or valuable referrals.'
  }</parameter>
<parameter name="new_string">  {
    id: 'prompt-41',
    prompt: 'Contact and schedule informational interviews with 5 civilian hiring managers in your target industry to understand their veteran recruitment perspectives',
    category: 'action',
    helpText: 'Understanding how civilian hiring managers perceive military experience helps you tailor your application materials and interview approach to address their specific concerns and highlight your most relevant qualifications. Many civilian managers have misconceptions about military experience or don\'t understand how to evaluate military skills, so these conversations provide critical insights into what resonates with decision-makers. Use these interviews to practice translating your military experience into civilian terms while building relationships that could lead to job opportunities or valuable referrals.'
  },
  {
    id: 'prompt-42',
    prompt: 'Register for 3 professional associations or industry groups relevant to your target civilian career field',
    category: 'action',
    helpText: 'Professional association membership demonstrates your commitment to your new career field and provides access to industry resources, continuing education, and networking opportunities that are crucial for long-term success. Many associations offer veteran discounts or special transition programs that include mentorship, job boards, and industry certification pathways. Active participation in professional organizations helps you stay current with industry trends, build credibility with civilian colleagues, and access insider knowledge about career advancement opportunities that aren\'t available through general job search channels.'
  }</parameter>
</invoke>
[0;32m2025-09-21 23:25:15 - Completed prompt #42[0m
[0;34m2025-09-21 23:25:20 - Generating prompt #43 (Section 3, Prompt 9/17)[0m
[1;33m2025-09-21 23:25:20 - Running prompt generation...[0m
PROMPT GENERATION COMPLETE - Prompt #43
[0;32m2025-09-21 23:25:47 - Completed prompt #43[0m
[0;34m2025-09-21 23:25:52 - Generating prompt #44 (Section 3, Prompt 10/17)[0m
[1;33m2025-09-21 23:25:52 - Running prompt generation...[0m
PROMPT GENERATION COMPLETE - Prompt #44
[0;32m2025-09-21 23:26:17 - Completed prompt #44[0m
[0;34m2025-09-21 23:26:22 - Generating prompt #45 (Section 3, Prompt 11/17)[0m
[1;33m2025-09-21 23:26:22 - Running prompt generation...[0m
PROMPT GENERATION COMPLETE - Prompt #45
[0;32m2025-09-21 23:26:46 - Completed prompt #45[0m
[0;34m2025-09-21 23:26:51 - Generating prompt #46 (Section 3, Prompt 12/17)[0m
[1;33m2025-09-21 23:26:51 - Running prompt generation...[0m
PROMPT GENERATION COMPLETE - Prompt #46
[0;32m2025-09-21 23:27:13 - Completed prompt #46[0m
[0;34m2025-09-21 23:27:18 - Generating prompt #47 (Section 3, Prompt 13/17)[0m
[1;33m2025-09-21 23:27:18 - Running prompt generation...[0m
PROMPT GENERATION COMPLETE - Prompt #47
[0;32m2025-09-21 23:27:41 - Completed prompt #47[0m
[0;34m2025-09-21 23:27:46 - Generating prompt #48 (Section 3, Prompt 14/17)[0m
[1;33m2025-09-21 23:27:46 - Running prompt generation...[0m
<invoke name="Edit">
<parameter name="file_path">/Users/ikim1/Documents/GitHub/templata-military-veteran-transition/src/data/prompts-military-veteran-transition.ts</parameter>
<parameter name="old_string">  {
    id: 'prompt-47',
    prompt: 'Schedule and attend mandatory transition job placement assistance at your nearest American Job Center or Veterans Employment Representative office',
    category: 'action',
    helpText: 'American Job Centers and Veterans Employment Representatives provide specialized job search support including resume writing, interview coaching, and direct connections to employers actively hiring veterans in your local area. These federally funded services are specifically designed to help veterans navigate civilian job markets and can provide personalized assistance that general career services cannot match. Attending these sessions connects you with local resources, employer partnerships, and follow-up support throughout your job search process.'
  }
];</parameter>
<parameter name="new_string">  {
    id: 'prompt-47',
    prompt: 'Schedule and attend mandatory transition job placement assistance at your nearest American Job Center or Veterans Employment Representative office',
    category: 'action',
    helpText: 'American Job Centers and Veterans Employment Representatives provide specialized job search support including resume writing, interview coaching, and direct connections to employers actively hiring veterans in your local area. These federally funded services are specifically designed to help veterans navigate civilian job markets and can provide personalized assistance that general career services cannot match. Attending these sessions connects you with local resources, employer partnerships, and follow-up support throughout your job search process.'
  },
  {
    id: 'prompt-48',
    prompt: 'Create a civilian network maintenance schedule to regularly engage with professional contacts and mentor relationships',
    category: 'action',
    helpText: 'Maintaining professional relationships requires ongoing effort beyond the initial job search, as civilian networking operates differently from military unit cohesion and requires deliberate cultivation to remain effective. Schedule monthly check-ins with key mentors, quarterly industry event attendance, and regular LinkedIn engagement to keep relationships active and mutually beneficial. This systematic approach ensures your network continues growing throughout your civilian career and provides ongoing support for promotions, career changes, and professional development opportunities.'
  }
];</parameter>
</invoke>
[0;32m2025-09-21 23:28:06 - Completed prompt #48[0m
[0;34m2025-09-21 23:28:11 - Generating prompt #49 (Section 3, Prompt 15/17)[0m
[1;33m2025-09-21 23:28:11 - Running prompt generation...[0m
PROMPT GENERATION COMPLETE - Prompt #49
[0;32m2025-09-21 23:28:43 - Completed prompt #49[0m
[0;34m2025-09-21 23:28:48 - Generating prompt #50 (Section 3, Prompt 16/17)[0m
[1;33m2025-09-21 23:28:48 - Running prompt generation...[0m
PROMPT GENERATION COMPLETE - Prompt #50
[0;32m2025-09-21 23:29:12 - Completed prompt #50[0m
[0;34m2025-09-21 23:29:17 - Generating prompt #51 (Section 3, Prompt 17/17)[0m
[1;33m2025-09-21 23:29:17 - Running prompt generation...[0m
PROMPT GENERATION COMPLETE - Prompt #51
[0;32m2025-09-21 23:29:41 - Completed prompt #51[0m
[0;34m2025-09-21 23:29:46 - Generating prompt #52 (Section 4, Prompt 1/17)[0m
[1;33m2025-09-21 23:29:46 - Running prompt generation...[0m
PROMPT GENERATION COMPLETE - Prompt #52
[0;32m2025-09-21 23:30:09 - Completed prompt #52[0m
[0;34m2025-09-21 23:30:14 - Generating prompt #53 (Section 4, Prompt 2/17)[0m
[1;33m2025-09-21 23:30:14 - Running prompt generation...[0m
PROMPT GENERATION COMPLETE - Prompt #53
[0;32m2025-09-21 23:30:39 - Completed prompt #53[0m
[0;34m2025-09-21 23:30:44 - Generating prompt #54 (Section 4, Prompt 3/17)[0m
[1;33m2025-09-21 23:30:44 - Running prompt generation...[0m
PROMPT GENERATION COMPLETE - Prompt #54
[0;32m2025-09-21 23:31:07 - Completed prompt #54[0m
[0;34m2025-09-21 23:31:12 - Generating prompt #55 (Section 4, Prompt 4/17)[0m
[1;33m2025-09-21 23:31:12 - Running prompt generation...[0m
PROMPT GENERATION COMPLETE - Prompt #55
[0;32m2025-09-21 23:31:35 - Completed prompt #55[0m
[0;34m2025-09-21 23:31:40 - Generating prompt #56 (Section 4, Prompt 5/17)[0m
[1;33m2025-09-21 23:31:41 - Running prompt generation...[0m
PROMPT GENERATION COMPLETE - Prompt #56
[0;32m2025-09-21 23:32:07 - Completed prompt #56[0m
[0;34m2025-09-21 23:32:12 - Generating prompt #57 (Section 4, Prompt 6/17)[0m
[1;33m2025-09-21 23:32:12 - Running prompt generation...[0m
PROMPT GENERATION COMPLETE - Prompt #57
[0;32m2025-09-21 23:32:31 - Completed prompt #57[0m
[0;34m2025-09-21 23:32:36 - Generating prompt #58 (Section 4, Prompt 7/17)[0m
[1;33m2025-09-21 23:32:36 - Running prompt generation...[0m
PROMPT GENERATION COMPLETE - Prompt #58
[0;32m2025-09-21 23:32:59 - Completed prompt #58[0m
[0;34m2025-09-21 23:33:04 - Generating prompt #59 (Section 4, Prompt 8/17)[0m
[1;33m2025-09-21 23:33:04 - Running prompt generation...[0m
PROMPT GENERATION COMPLETE - Prompt #59
[0;32m2025-09-21 23:33:26 - Completed prompt #59[0m
[0;34m2025-09-21 23:33:31 - Generating prompt #60 (Section 4, Prompt 9/17)[0m
[1;33m2025-09-21 23:33:31 - Running prompt generation...[0m
PROMPT GENERATION COMPLETE - Prompt #60
[0;32m2025-09-21 23:33:56 - Completed prompt #60[0m
[0;34m2025-09-21 23:34:01 - Generating prompt #61 (Section 4, Prompt 10/17)[0m
[1;33m2025-09-21 23:34:01 - Running prompt generation...[0m
PROMPT GENERATION COMPLETE - Prompt #61
[0;32m2025-09-21 23:34:29 - Completed prompt #61[0m
[0;34m2025-09-21 23:34:34 - Generating prompt #62 (Section 4, Prompt 11/17)[0m
[1;33m2025-09-21 23:34:34 - Running prompt generation...[0m
PROMPT GENERATION COMPLETE - Prompt #62
[0;32m2025-09-21 23:34:57 - Completed prompt #62[0m
[0;34m2025-09-21 23:35:02 - Generating prompt #63 (Section 4, Prompt 12/17)[0m
[1;33m2025-09-21 23:35:02 - Running prompt generation...[0m
PROMPT GENERATION COMPLETE - Prompt #63
[0;32m2025-09-21 23:35:24 - Completed prompt #63[0m
[0;34m2025-09-21 23:35:29 - Generating prompt #64 (Section 4, Prompt 13/17)[0m
[1;33m2025-09-21 23:35:29 - Running prompt generation...[0m
5-hour limit reached ∙ resets 12am
[0;32m2025-09-21 23:35:36 - Completed prompt #64[0m
[0;34m2025-09-21 23:35:41 - Generating prompt #65 (Section 4, Prompt 14/17)[0m
[1;33m2025-09-21 23:35:42 - Running prompt generation...[0m
5-hour limit reached ∙ resets 12am
[0;32m2025-09-21 23:35:49 - Completed prompt #65[0m
[0;34m2025-09-21 23:35:54 - Generating prompt #66 (Section 4, Prompt 15/17)[0m
[1;33m2025-09-21 23:35:54 - Running prompt generation...[0m
5-hour limit reached ∙ resets 12am
[0;32m2025-09-21 23:36:02 - Completed prompt #66[0m
[0;34m2025-09-21 23:36:07 - Generating prompt #67 (Section 4, Prompt 16/17)[0m
[1;33m2025-09-21 23:36:07 - Running prompt generation...[0m
5-hour limit reached ∙ resets 12am
[0;32m2025-09-21 23:36:14 - Completed prompt #67[0m
[0;34m2025-09-21 23:36:19 - Generating prompt #68 (Section 4, Prompt 17/17)[0m
[1;33m2025-09-21 23:36:19 - Running prompt generation...[0m
5-hour limit reached ∙ resets 12am
[0;32m2025-09-21 23:36:27 - Completed prompt #68[0m
[0;34m2025-09-21 23:36:32 - Generating prompt #69 (Section 5, Prompt 1/17)[0m
[1;33m2025-09-21 23:36:32 - Running prompt generation...[0m
5-hour limit reached ∙ resets 12am
[0;32m2025-09-21 23:36:39 - Completed prompt #69[0m
[0;34m2025-09-21 23:36:44 - Generating prompt #70 (Section 5, Prompt 2/17)[0m
[1;33m2025-09-21 23:36:44 - Running prompt generation...[0m
5-hour limit reached ∙ resets 12am
[0;32m2025-09-21 23:36:51 - Completed prompt #70[0m
[0;34m2025-09-21 23:36:56 - Generating prompt #71 (Section 5, Prompt 3/17)[0m
[1;33m2025-09-21 23:36:56 - Running prompt generation...[0m
5-hour limit reached ∙ resets 12am
[0;32m2025-09-21 23:37:04 - Completed prompt #71[0m
[0;34m2025-09-21 23:37:09 - Generating prompt #72 (Section 5, Prompt 4/17)[0m
[1;33m2025-09-21 23:37:09 - Running prompt generation...[0m
5-hour limit reached ∙ resets 12am
[0;32m2025-09-21 23:37:16 - Completed prompt #72[0m
[0;34m2025-09-21 23:37:21 - Generating prompt #73 (Section 5, Prompt 5/17)[0m
[1;33m2025-09-21 23:37:21 - Running prompt generation...[0m
5-hour limit reached ∙ resets 12am
[0;32m2025-09-21 23:37:28 - Completed prompt #73[0m
[0;34m2025-09-21 23:37:33 - Generating prompt #74 (Section 5, Prompt 6/17)[0m
[1;33m2025-09-21 23:37:33 - Running prompt generation...[0m
5-hour limit reached ∙ resets 12am
[0;32m2025-09-21 23:37:41 - Completed prompt #74[0m
[0;34m2025-09-21 23:37:46 - Generating prompt #75 (Section 5, Prompt 7/17)[0m
[1;33m2025-09-21 23:37:46 - Running prompt generation...[0m
5-hour limit reached ∙ resets 12am
[0;32m2025-09-21 23:37:53 - Completed prompt #75[0m
[0;34m2025-09-21 23:37:59 - Generating prompt #76 (Section 5, Prompt 8/17)[0m
[1;33m2025-09-21 23:37:59 - Running prompt generation...[0m
5-hour limit reached ∙ resets 12am
[0;32m2025-09-21 23:38:06 - Completed prompt #76[0m
[0;34m2025-09-21 23:38:11 - Generating prompt #77 (Section 5, Prompt 9/17)[0m
[1;33m2025-09-21 23:38:11 - Running prompt generation...[0m
5-hour limit reached ∙ resets 12am
[0;32m2025-09-21 23:38:19 - Completed prompt #77[0m
[0;34m2025-09-21 23:38:24 - Generating prompt #78 (Section 5, Prompt 10/17)[0m
[1;33m2025-09-21 23:38:24 - Running prompt generation...[0m
5-hour limit reached ∙ resets 12am
[0;32m2025-09-21 23:38:31 - Completed prompt #78[0m
[0;34m2025-09-21 23:38:36 - Generating prompt #79 (Section 5, Prompt 11/17)[0m
[1;33m2025-09-21 23:38:36 - Running prompt generation...[0m
5-hour limit reached ∙ resets 12am
[0;32m2025-09-21 23:38:44 - Completed prompt #79[0m
[0;34m2025-09-21 23:38:49 - Generating prompt #80 (Section 5, Prompt 12/17)[0m
[1;33m2025-09-21 23:38:49 - Running prompt generation...[0m
5-hour limit reached ∙ resets 12am
[0;32m2025-09-21 23:38:56 - Completed prompt #80[0m
[0;34m2025-09-21 23:39:02 - Generating prompt #81 (Section 5, Prompt 13/17)[0m
[1;33m2025-09-21 23:39:02 - Running prompt generation...[0m
5-hour limit reached ∙ resets 12am
[0;32m2025-09-21 23:39:09 - Completed prompt #81[0m
[0;34m2025-09-21 23:39:14 - Generating prompt #82 (Section 5, Prompt 14/17)[0m
[1;33m2025-09-21 23:39:14 - Running prompt generation...[0m
5-hour limit reached ∙ resets 12am
[0;32m2025-09-21 23:39:21 - Completed prompt #82[0m
[0;34m2025-09-21 23:39:26 - Generating prompt #83 (Section 5, Prompt 15/17)[0m
[1;33m2025-09-21 23:39:26 - Running prompt generation...[0m
5-hour limit reached ∙ resets 12am
[0;32m2025-09-21 23:39:34 - Completed prompt #83[0m
[0;34m2025-09-21 23:39:39 - Generating prompt #84 (Section 5, Prompt 16/17)[0m
[1;33m2025-09-21 23:39:39 - Running prompt generation...[0m
5-hour limit reached ∙ resets 12am
[0;32m2025-09-21 23:39:46 - Completed prompt #84[0m
[0;34m2025-09-21 23:39:51 - Generating prompt #85 (Section 5, Prompt 17/17)[0m
[1;33m2025-09-21 23:39:51 - Running prompt generation...[0m
5-hour limit reached ∙ resets 12am
[0;32m2025-09-21 23:39:59 - Completed prompt #85[0m
[0;34m2025-09-21 23:40:04 - Generating prompt #86 (Section 6, Prompt 1/17)[0m
[1;33m2025-09-21 23:40:04 - Running prompt generation...[0m
5-hour limit reached ∙ resets 12am
[0;32m2025-09-21 23:40:11 - Completed prompt #86[0m
[0;34m2025-09-21 23:40:16 - Generating prompt #87 (Section 6, Prompt 2/17)[0m
[1;33m2025-09-21 23:40:16 - Running prompt generation...[0m
5-hour limit reached ∙ resets 12am
[0;32m2025-09-21 23:40:24 - Completed prompt #87[0m
[0;34m2025-09-21 23:40:29 - Generating prompt #88 (Section 6, Prompt 3/17)[0m
[1;33m2025-09-21 23:40:29 - Running prompt generation...[0m
5-hour limit reached ∙ resets 12am
[0;32m2025-09-21 23:40:36 - Completed prompt #88[0m
[0;34m2025-09-21 23:40:41 - Generating prompt #89 (Section 6, Prompt 4/17)[0m
[1;33m2025-09-21 23:40:41 - Running prompt generation...[0m
5-hour limit reached ∙ resets 12am
[0;32m2025-09-21 23:40:49 - Completed prompt #89[0m
[0;34m2025-09-21 23:40:54 - Generating prompt #90 (Section 6, Prompt 5/17)[0m
[1;33m2025-09-21 23:40:54 - Running prompt generation...[0m
5-hour limit reached ∙ resets 12am
[0;32m2025-09-21 23:41:01 - Completed prompt #90[0m
[0;34m2025-09-21 23:41:06 - Generating prompt #91 (Section 6, Prompt 6/17)[0m
[1;33m2025-09-21 23:41:06 - Running prompt generation...[0m
5-hour limit reached ∙ resets 12am
[0;32m2025-09-21 23:41:14 - Completed prompt #91[0m
[0;34m2025-09-21 23:41:19 - Generating prompt #92 (Section 6, Prompt 7/17)[0m
[1;33m2025-09-21 23:41:19 - Running prompt generation...[0m
5-hour limit reached ∙ resets 12am
[0;32m2025-09-21 23:41:26 - Completed prompt #92[0m
[0;34m2025-09-21 23:41:31 - Generating prompt #93 (Section 6, Prompt 8/17)[0m
[1;33m2025-09-21 23:41:31 - Running prompt generation...[0m
5-hour limit reached ∙ resets 12am
[0;32m2025-09-21 23:41:39 - Completed prompt #93[0m
[0;34m2025-09-21 23:41:44 - Generating prompt #94 (Section 6, Prompt 9/17)[0m
[1;33m2025-09-21 23:41:44 - Running prompt generation...[0m
5-hour limit reached ∙ resets 12am
[0;32m2025-09-21 23:41:51 - Completed prompt #94[0m
[0;34m2025-09-21 23:41:56 - Generating prompt #95 (Section 6, Prompt 10/17)[0m
[1;33m2025-09-21 23:41:56 - Running prompt generation...[0m
5-hour limit reached ∙ resets 12am
[0;32m2025-09-21 23:42:04 - Completed prompt #95[0m
[0;34m2025-09-21 23:42:09 - Generating prompt #96 (Section 6, Prompt 11/17)[0m
[1;33m2025-09-21 23:42:09 - Running prompt generation...[0m
5-hour limit reached ∙ resets 12am
[0;32m2025-09-21 23:42:16 - Completed prompt #96[0m
[0;34m2025-09-21 23:42:22 - Generating prompt #97 (Section 6, Prompt 12/17)[0m
[1;33m2025-09-21 23:42:22 - Running prompt generation...[0m
5-hour limit reached ∙ resets 12am
[0;32m2025-09-21 23:42:29 - Completed prompt #97[0m
[0;34m2025-09-21 23:42:34 - Generating prompt #98 (Section 6, Prompt 13/17)[0m
[1;33m2025-09-21 23:42:34 - Running prompt generation...[0m
5-hour limit reached ∙ resets 12am
[0;32m2025-09-21 23:42:42 - Completed prompt #98[0m
[0;34m2025-09-21 23:42:47 - Generating prompt #99 (Section 6, Prompt 14/17)[0m
[1;33m2025-09-21 23:42:47 - Running prompt generation...[0m
5-hour limit reached ∙ resets 12am
[0;32m2025-09-21 23:42:54 - Completed prompt #99[0m
[0;34m2025-09-21 23:42:59 - Generating prompt #100 (Section 6, Prompt 15/17)[0m
[1;33m2025-09-21 23:42:59 - Running prompt generation...[0m
5-hour limit reached ∙ resets 12am
[0;32m2025-09-21 23:43:06 - Completed prompt #100[0m
[0;34m2025-09-21 23:43:11 - Generating prompt #101 (Section 6, Prompt 16/17)[0m
[1;33m2025-09-21 23:43:11 - Running prompt generation...[0m
5-hour limit reached ∙ resets 12am
[0;32m2025-09-21 23:43:19 - Completed prompt #101[0m
[0;34m2025-09-21 23:43:24 - Generating prompt #102 (Section 6, Prompt 17/17)[0m
[1;33m2025-09-21 23:43:24 - Running prompt generation...[0m
5-hour limit reached ∙ resets 12am
[0;32m2025-09-21 23:43:31 - Completed prompt #102[0m
[0;34m2025-09-22 00:06:19 - Starting Prompt Generation Cycle for template: military-veteran-transition[0m
[0;32m2025-09-22 00:06:19 - Using existing worktree: ../templata-military-veteran-transition[0m
[0;34m2025-09-22 00:06:19 - Generating prompt #63 (Section 4, Prompt 12/17)[0m
[1;33m2025-09-22 00:06:19 - Running prompt generation...[0m
PROMPT GENERATION COMPLETE - Prompt #63
[0;32m2025-09-22 00:06:41 - Completed prompt #63[0m
[0;34m2025-09-22 00:06:46 - Generating prompt #64 (Section 4, Prompt 13/17)[0m
[1;33m2025-09-22 00:06:46 - Running prompt generation...[0m
PROMPT GENERATION COMPLETE - Prompt #64
[0;32m2025-09-22 00:07:09 - Completed prompt #64[0m
[0;34m2025-09-22 00:07:14 - Generating prompt #65 (Section 4, Prompt 14/17)[0m
[1;33m2025-09-22 00:07:14 - Running prompt generation...[0m
PROMPT GENERATION COMPLETE - Prompt #65
[0;32m2025-09-22 00:07:35 - Completed prompt #65[0m
[0;34m2025-09-22 00:07:40 - Generating prompt #66 (Section 4, Prompt 15/17)[0m
[1;33m2025-09-22 00:07:40 - Running prompt generation...[0m
PROMPT GENERATION COMPLETE - Prompt #66
[0;32m2025-09-22 00:08:07 - Completed prompt #66[0m
[0;34m2025-09-22 00:08:12 - Generating prompt #67 (Section 4, Prompt 16/17)[0m
[1;33m2025-09-22 00:08:12 - Running prompt generation...[0m
PROMPT GENERATION COMPLETE - Prompt #67
[0;32m2025-09-22 00:08:36 - Completed prompt #67[0m
[0;34m2025-09-22 00:08:41 - Generating prompt #68 (Section 4, Prompt 17/17)[0m
[1;33m2025-09-22 00:08:42 - Running prompt generation...[0m
PROMPT GENERATION COMPLETE - Prompt #68
[0;32m2025-09-22 00:09:07 - Completed prompt #68[0m
[0;34m2025-09-22 00:09:12 - Generating prompt #69 (Section 5, Prompt 1/17)[0m
[1;33m2025-09-22 00:09:12 - Running prompt generation...[0m
PROMPT GENERATION COMPLETE - Prompt #69
[0;32m2025-09-22 00:09:35 - Completed prompt #69[0m
[0;34m2025-09-22 00:09:40 - Generating prompt #70 (Section 5, Prompt 2/17)[0m
[1;33m2025-09-22 00:09:40 - Running prompt generation...[0m
PROMPT GENERATION COMPLETE - Prompt #70
[0;32m2025-09-22 00:10:05 - Completed prompt #70[0m
[0;34m2025-09-22 00:10:10 - Generating prompt #71 (Section 5, Prompt 3/17)[0m
[1;33m2025-09-22 00:10:10 - Running prompt generation...[0m
PROMPT GENERATION COMPLETE - Prompt #71
[0;32m2025-09-22 00:10:32 - Completed prompt #71[0m
[0;34m2025-09-22 00:10:37 - Generating prompt #72 (Section 5, Prompt 4/17)[0m
[1;33m2025-09-22 00:10:37 - Running prompt generation...[0m
PROMPT GENERATION COMPLETE - Prompt #72
[0;32m2025-09-22 00:11:00 - Completed prompt #72[0m
[0;34m2025-09-22 00:11:05 - Generating prompt #73 (Section 5, Prompt 5/17)[0m
[1;33m2025-09-22 00:11:05 - Running prompt generation...[0m
PROMPT GENERATION COMPLETE - Prompt #73
[0;32m2025-09-22 00:11:29 - Completed prompt #73[0m
[0;34m2025-09-22 00:11:34 - Generating prompt #74 (Section 5, Prompt 6/17)[0m
[1;33m2025-09-22 00:11:34 - Running prompt generation...[0m
PROMPT GENERATION COMPLETE - Prompt #74
[0;32m2025-09-22 00:11:59 - Completed prompt #74[0m
[0;34m2025-09-22 00:12:04 - Generating prompt #75 (Section 5, Prompt 7/17)[0m
[1;33m2025-09-22 00:12:04 - Running prompt generation...[0m
PROMPT GENERATION COMPLETE - Prompt #75
[0;32m2025-09-22 00:12:30 - Completed prompt #75[0m
[0;34m2025-09-22 00:12:35 - Generating prompt #76 (Section 5, Prompt 8/17)[0m
[1;33m2025-09-22 00:12:35 - Running prompt generation...[0m
PROMPT GENERATION COMPLETE - Prompt #76
[0;32m2025-09-22 00:13:00 - Completed prompt #76[0m
[0;34m2025-09-22 00:13:05 - Generating prompt #77 (Section 5, Prompt 9/17)[0m
[1;33m2025-09-22 00:13:05 - Running prompt generation...[0m
PROMPT GENERATION COMPLETE - Prompt #77
[0;34m2025-09-22 00:57:07 - Starting Prompt Generation Cycle for template: military-veteran-transition[0m
[0;32m2025-09-22 00:57:07 - Using existing worktree: ../templata-military-veteran-transition[0m
[0;34m2025-09-22 00:57:07 - Generating prompt #77 (Section 5, Prompt 9/17)[0m
[1;33m2025-09-22 00:57:07 - Running prompt generation...[0m
PROMPT GENERATION COMPLETE - Prompt #77
[0;32m2025-09-22 00:57:35 - Completed prompt #77[0m
[0;34m2025-09-22 00:57:40 - Generating prompt #78 (Section 5, Prompt 10/17)[0m
[1;33m2025-09-22 00:57:40 - Running prompt generation...[0m
PROMPT GENERATION COMPLETE - Prompt #78
[0;32m2025-09-22 00:58:07 - Completed prompt #78[0m
[0;34m2025-09-22 00:58:12 - Generating prompt #79 (Section 5, Prompt 11/17)[0m
[1;33m2025-09-22 00:58:12 - Running prompt generation...[0m
PROMPT GENERATION COMPLETE - Prompt #79
[0;32m2025-09-22 00:58:37 - Completed prompt #79[0m
[0;34m2025-09-22 00:58:42 - Generating prompt #80 (Section 5, Prompt 12/17)[0m
[1;33m2025-09-22 00:58:42 - Running prompt generation...[0m
PROMPT GENERATION COMPLETE - Prompt #80
[0;32m2025-09-22 00:59:06 - Completed prompt #80[0m
[0;34m2025-09-22 00:59:11 - Generating prompt #81 (Section 5, Prompt 13/17)[0m
[1;33m2025-09-22 00:59:11 - Running prompt generation...[0m
PROMPT GENERATION COMPLETE - Prompt #81
[0;32m2025-09-22 00:59:36 - Completed prompt #81[0m
[0;34m2025-09-22 00:59:41 - Generating prompt #82 (Section 5, Prompt 14/17)[0m
[1;33m2025-09-22 00:59:41 - Running prompt generation...[0m
PROMPT GENERATION COMPLETE - Prompt #82
[0;32m2025-09-22 01:00:03 - Completed prompt #82[0m
[0;34m2025-09-22 01:00:08 - Generating prompt #83 (Section 5, Prompt 15/17)[0m
[1;33m2025-09-22 01:00:08 - Running prompt generation...[0m
PROMPT GENERATION COMPLETE - Prompt #83
[0;32m2025-09-22 01:00:33 - Completed prompt #83[0m
[0;34m2025-09-22 01:00:38 - Generating prompt #84 (Section 5, Prompt 16/17)[0m
[1;33m2025-09-22 01:00:38 - Running prompt generation...[0m
PROMPT GENERATION COMPLETE - Prompt #84
[0;32m2025-09-22 01:01:03 - Completed prompt #84[0m
[0;34m2025-09-22 01:01:08 - Generating prompt #85 (Section 5, Prompt 17/17)[0m
[1;33m2025-09-22 01:01:08 - Running prompt generation...[0m
PROMPT GENERATION COMPLETE - Prompt #85
[0;32m2025-09-22 01:01:32 - Completed prompt #85[0m
[0;34m2025-09-22 01:01:37 - Generating prompt #86 (Section 6, Prompt 1/17)[0m
[1;33m2025-09-22 01:01:37 - Running prompt generation...[0m
PROMPT GENERATION COMPLETE - Prompt #86
[0;32m2025-09-22 01:02:01 - Completed prompt #86[0m
[0;34m2025-09-22 01:02:07 - Generating prompt #87 (Section 6, Prompt 2/17)[0m
[1;33m2025-09-22 01:02:07 - Running prompt generation...[0m
PROMPT GENERATION COMPLETE - Prompt #87
[0;32m2025-09-22 01:02:31 - Completed prompt #87[0m
[0;34m2025-09-22 01:02:36 - Generating prompt #88 (Section 6, Prompt 3/17)[0m
[1;33m2025-09-22 01:02:36 - Running prompt generation...[0m
PROMPT GENERATION COMPLETE - Prompt #88
[0;32m2025-09-22 01:03:00 - Completed prompt #88[0m
[0;34m2025-09-22 01:03:05 - Generating prompt #89 (Section 6, Prompt 4/17)[0m
[1;33m2025-09-22 01:03:05 - Running prompt generation...[0m
PROMPT GENERATION COMPLETE - Prompt #89
[0;32m2025-09-22 01:03:28 - Completed prompt #89[0m
[0;34m2025-09-22 01:03:33 - Generating prompt #90 (Section 6, Prompt 5/17)[0m
[1;33m2025-09-22 01:03:33 - Running prompt generation...[0m
PROMPT GENERATION COMPLETE - Prompt #90
[0;32m2025-09-22 01:03:57 - Completed prompt #90[0m
[0;34m2025-09-22 01:04:02 - Generating prompt #91 (Section 6, Prompt 6/17)[0m
[1;33m2025-09-22 01:04:02 - Running prompt generation...[0m
PROMPT GENERATION COMPLETE - Prompt #91
[0;32m2025-09-22 01:04:26 - Completed prompt #91[0m
[0;34m2025-09-22 01:04:31 - Generating prompt #92 (Section 6, Prompt 7/17)[0m
[1;33m2025-09-22 01:04:31 - Running prompt generation...[0m
PROMPT GENERATION COMPLETE - Prompt #92
[0;32m2025-09-22 01:04:55 - Completed prompt #92[0m
[0;34m2025-09-22 01:05:00 - Generating prompt #93 (Section 6, Prompt 8/17)[0m
[1;33m2025-09-22 01:05:00 - Running prompt generation...[0m
PROMPT GENERATION COMPLETE - Prompt #93
[0;32m2025-09-22 01:05:21 - Completed prompt #93[0m
[0;34m2025-09-22 01:05:26 - Generating prompt #94 (Section 6, Prompt 9/17)[0m
[1;33m2025-09-22 01:05:26 - Running prompt generation...[0m
PROMPT GENERATION COMPLETE - Prompt #94
[0;32m2025-09-22 01:05:49 - Completed prompt #94[0m
[0;34m2025-09-22 01:05:54 - Generating prompt #95 (Section 6, Prompt 10/17)[0m
[1;33m2025-09-22 01:05:54 - Running prompt generation...[0m
PROMPT GENERATION COMPLETE - Prompt #95
[0;32m2025-09-22 01:06:19 - Completed prompt #95[0m
[0;34m2025-09-22 01:06:24 - Generating prompt #96 (Section 6, Prompt 11/17)[0m
[1;33m2025-09-22 01:06:24 - Running prompt generation...[0m
PROMPT GENERATION COMPLETE - Prompt #96
[0;32m2025-09-22 01:06:49 - Completed prompt #96[0m
[0;34m2025-09-22 01:06:54 - Generating prompt #97 (Section 6, Prompt 12/17)[0m
[1;33m2025-09-22 01:06:54 - Running prompt generation...[0m
PROMPT GENERATION COMPLETE - Prompt #97
[0;32m2025-09-22 01:07:19 - Completed prompt #97[0m
[0;34m2025-09-22 01:07:24 - Generating prompt #98 (Section 6, Prompt 13/17)[0m
[1;33m2025-09-22 01:07:24 - Running prompt generation...[0m
PROMPT GENERATION COMPLETE - Prompt #98
[0;32m2025-09-22 01:07:50 - Completed prompt #98[0m
[0;34m2025-09-22 01:07:55 - Generating prompt #99 (Section 6, Prompt 14/17)[0m
[1;33m2025-09-22 01:07:55 - Running prompt generation...[0m
PROMPT GENERATION COMPLETE - Prompt #99
[0;32m2025-09-22 01:08:20 - Completed prompt #99[0m
[0;34m2025-09-22 01:08:25 - Generating prompt #100 (Section 6, Prompt 15/17)[0m
[1;33m2025-09-22 01:08:25 - Running prompt generation...[0m
PROMPT GENERATION COMPLETE - Prompt #100
[0;32m2025-09-22 01:08:50 - Completed prompt #100[0m
[0;34m2025-09-22 01:08:55 - Generating prompt #101 (Section 6, Prompt 16/17)[0m
[1;33m2025-09-22 01:08:55 - Running prompt generation...[0m
PROMPT GENERATION COMPLETE - Prompt #101
[0;32m2025-09-22 01:09:22 - Completed prompt #101[0m
[0;34m2025-09-22 01:09:27 - Generating prompt #102 (Section 6, Prompt 17/17)[0m
[1;33m2025-09-22 01:09:27 - Running prompt generation...[0m
PROMPT GENERATION COMPLETE - Prompt #102
[0;32m2025-09-22 01:09:54 - Completed prompt #102[0m
