[0;34m2025-09-22 08:36:13 - Starting Prompt Generation Cycle for template: end-of-life-planning[0m
[1;33m2025-09-22 08:36:13 - Override flag detected - resetting progress and recreating files[0m
[0;32m2025-09-22 08:36:13 - Progress reset to 0 for template: end-of-life-planning[0m
[0;32m2025-09-22 08:36:13 - Using existing worktree: ../templata-end-of-life-planning[0m
[1;33m2025-09-22 08:36:13 - Creating template prompt file: prompts-end-of-life-planning.ts[0m
[0;32m2025-09-22 08:36:13 - Created template prompt file: ../templata-end-of-life-planning/src/data/prompts-end-of-life-planning.ts[0m
[0;34m2025-09-22 08:36:13 - Generating prompt #1 (Section 1, Prompt 1/17)[0m
[1;33m2025-09-22 08:36:13 - Running prompt generation...[0m
PROMPT GENERATION COMPLETE - Prompt #1
[0;32m2025-09-22 08:36:42 - Completed prompt #1[0m
[0;34m2025-09-22 08:36:47 - Generating prompt #2 (Section 1, Prompt 2/17)[0m
[1;33m2025-09-22 08:36:47 - Running prompt generation...[0m
PROMPT GENERATION COMPLETE - Prompt #2
[0;32m2025-09-22 08:37:17 - Completed prompt #2[0m
[0;34m2025-09-22 08:37:22 - Generating prompt #3 (Section 1, Prompt 3/17)[0m
[1;33m2025-09-22 08:37:22 - Running prompt generation...[0m
PROMPT GENERATION COMPLETE - Prompt #3
[0;32m2025-09-22 08:37:51 - Completed prompt #3[0m
[0;34m2025-09-22 08:37:56 - Generating prompt #4 (Section 1, Prompt 4/17)[0m
[1;33m2025-09-22 08:37:56 - Running prompt generation...[0m
<invoke name="Edit">
<parameter name="file_path">/Users/ikim1/Documents/GitHub/templata-end-of-life-planning/src/data/prompts-end-of-life-planning.ts</parameter>
<parameter name="old_string">  {
    id: 'prompt-3',
    prompt: 'Create a comprehensive list of all financial accounts, debts, and assets with account numbers and contact information',
    category: 'planning',
    helpText: 'Having a detailed financial inventory helps your executor and beneficiaries understand your complete financial picture and locate all accounts that need to be managed or closed. Include bank accounts, investment accounts, retirement funds, insurance policies, debts, real estate, and valuable personal property with specific account numbers, institution contact details, and approximate values.'
  }
];</parameter>
<parameter name="new_string">  {
    id: 'prompt-3',
    prompt: 'Create a comprehensive list of all financial accounts, debts, and assets with account numbers and contact information',
    category: 'planning',
    helpText: 'Having a detailed financial inventory helps your executor and beneficiaries understand your complete financial picture and locate all accounts that need to be managed or closed. Include bank accounts, investment accounts, retirement funds, insurance policies, debts, real estate, and valuable personal property with specific account numbers, institution contact details, and approximate values.'
  },
  {
    id: 'prompt-4',
    prompt: 'Schedule appointments with your primary care physician and specialists to discuss your current health status and prognosis',
    category: 'action',
    helpText: 'Understanding your current health condition and potential future scenarios helps you make informed decisions about medical care preferences and end-of-life planning. These conversations with your healthcare providers will give you and your family realistic expectations and help guide decisions about advance directives, treatment preferences, and care planning.'
  }
];</parameter>
</invoke>
[0;32m2025-09-22 08:38:18 - Completed prompt #4[0m
[0;34m2025-09-22 08:38:23 - Generating prompt #5 (Section 1, Prompt 5/17)[0m
[1;33m2025-09-22 08:38:23 - Running prompt generation...[0m
PROMPT GENERATION COMPLETE - Prompt #5
[0;32m2025-09-22 08:38:45 - Completed prompt #5[0m
[0;34m2025-09-22 08:38:50 - Generating prompt #6 (Section 1, Prompt 6/17)[0m
[1;33m2025-09-22 08:38:50 - Running prompt generation...[0m
PROMPT GENERATION COMPLETE - Prompt #6
[0;34m2025-09-22 08:56:35 - Starting Prompt Generation Cycle for template: end-of-life-planning[0m
[0;32m2025-09-22 08:56:35 - Using existing worktree: ../templata-end-of-life-planning[0m
[0;34m2025-09-22 08:56:35 - Generating prompt #6 (Section 1, Prompt 6/17)[0m
[1;33m2025-09-22 08:56:35 - Running prompt generation...[0m
PROMPT GENERATION COMPLETE - Prompt #6
[0;32m2025-09-22 08:57:01 - Completed prompt #6[0m
[0;34m2025-09-22 08:57:06 - Generating prompt #7 (Section 1, Prompt 7/17)[0m
[1;33m2025-09-22 08:57:06 - Running prompt generation...[0m
PROMPT GENERATION COMPLETE - Prompt #7
[0;32m2025-09-22 08:57:27 - Completed prompt #7[0m
[0;34m2025-09-22 08:57:32 - Generating prompt #8 (Section 1, Prompt 8/17)[0m
[1;33m2025-09-22 08:57:32 - Running prompt generation...[0m
PROMPT GENERATION COMPLETE - Prompt #8
[0;32m2025-09-22 08:58:02 - Completed prompt #8[0m
[0;34m2025-09-22 08:58:07 - Generating prompt #9 (Section 1, Prompt 9/17)[0m
[1;33m2025-09-22 08:58:07 - Running prompt generation...[0m
PROMPT GENERATION COMPLETE - Prompt #9
[0;32m2025-09-22 08:58:29 - Completed prompt #9[0m
[0;34m2025-09-22 08:58:35 - Generating prompt #10 (Section 1, Prompt 10/17)[0m
[1;33m2025-09-22 08:58:35 - Running prompt generation...[0m
PROMPT GENERATION COMPLETE - Prompt #10
[0;32m2025-09-22 08:58:58 - Completed prompt #10[0m
[0;34m2025-09-22 08:59:03 - Generating prompt #11 (Section 1, Prompt 11/17)[0m
[1;33m2025-09-22 08:59:03 - Running prompt generation...[0m
PROMPT GENERATION COMPLETE - Prompt #11
[0;32m2025-09-22 08:59:27 - Completed prompt #11[0m
[0;34m2025-09-22 08:59:32 - Generating prompt #12 (Section 1, Prompt 12/17)[0m
[1;33m2025-09-22 08:59:32 - Running prompt generation...[0m
