[0;34m2025-09-19 19:03:08 - Starting Prompt Generation Cycle for template: personal-growth[0m
[0;32m2025-09-19 19:03:08 - Using existing worktree: ../templata-personal-growth[0m
[1;33m2025-09-19 19:03:08 - Creating template prompt file: prompts-personal-growth.ts[0m
[0;34m2025-09-19 19:11:38 - Starting Prompt Generation Cycle for template: personal-growth[0m
[0;32m2025-09-19 19:11:38 - Using existing worktree: ../templata-personal-growth[0m
[1;33m2025-09-19 19:11:38 - Creating template prompt file: prompts-personal-growth.ts[0m
[0;34m2025-09-19 19:16:39 - Starting Prompt Generation Cycle for template: personal-growth[0m
[0;32m2025-09-19 19:16:39 - Using existing worktree: ../templata-personal-growth[0m
[1;33m2025-09-19 19:16:39 - Creating template prompt file: prompts-personal-growth.ts[0m
[0;32m2025-09-19 19:16:39 - Created template prompt file: ../templata-personal-growth/src/data/prompts-personal-growth.ts[0m
[0;34m2025-09-19 19:16:39 - Generating prompt #1 (Section 1, Prompt 1/17)[0m
[1;33m2025-09-19 19:16:39 - Running prompt generation...[0m
PROMPT GENERATION COMPLETE - Prompt #1
[0;32m2025-09-19 19:17:00 - Completed prompt #1[0m
[0;34m2025-09-19 19:17:05 - Generating prompt #2 (Section 1, Prompt 2/17)[0m
[1;33m2025-09-19 19:17:05 - Running prompt generation...[0m
PROMPT GENERATION COMPLETE - Prompt #2
[0;32m2025-09-19 19:17:30 - Completed prompt #2[0m
[0;34m2025-09-19 19:17:35 - Generating prompt #3 (Section 1, Prompt 3/17)[0m
[1;33m2025-09-19 19:17:35 - Running prompt generation...[0m
PROMPT GENERATION COMPLETE - Prompt #3
[0;32m2025-09-19 19:17:56 - Completed prompt #3[0m
[0;34m2025-09-19 19:18:01 - Generating prompt #4 (Section 1, Prompt 4/17)[0m
[1;33m2025-09-19 19:18:01 - Running prompt generation...[0m
PROMPT GENERATION COMPLETE - Prompt #4
[0;32m2025-09-19 19:18:24 - Completed prompt #4[0m
[0;34m2025-09-19 19:18:29 - Generating prompt #5 (Section 1, Prompt 5/17)[0m
[1;33m2025-09-19 19:18:29 - Running prompt generation...[0m
PROMPT GENERATION COMPLETE - Prompt #5
[0;32m2025-09-19 19:18:57 - Completed prompt #5[0m
[0;34m2025-09-19 19:19:02 - Generating prompt #6 (Section 1, Prompt 6/17)[0m
[1;33m2025-09-19 19:19:02 - Running prompt generation...[0m
PROMPT GENERATION COMPLETE - Prompt #6
[0;32m2025-09-19 19:19:25 - Completed prompt #6[0m
[0;34m2025-09-19 19:19:30 - Generating prompt #7 (Section 1, Prompt 7/17)[0m
[1;33m2025-09-19 19:19:30 - Running prompt generation...[0m
PROMPT GENERATION COMPLETE - Prompt #7
[0;32m2025-09-19 19:19:52 - Completed prompt #7[0m
[0;34m2025-09-19 19:19:57 - Generating prompt #8 (Section 1, Prompt 8/17)[0m
[1;33m2025-09-19 19:19:57 - Running prompt generation...[0m
PROMPT GENERATION COMPLETE - Prompt #8
[0;32m2025-09-19 19:20:25 - Completed prompt #8[0m
[0;34m2025-09-19 19:20:30 - Generating prompt #9 (Section 1, Prompt 9/17)[0m
[1;33m2025-09-19 19:20:30 - Running prompt generation...[0m
PROMPT GENERATION COMPLETE - Prompt #9
[0;32m2025-09-19 19:20:54 - Completed prompt #9[0m
[0;34m2025-09-19 19:20:59 - Generating prompt #10 (Section 1, Prompt 10/17)[0m
[1;33m2025-09-19 19:20:59 - Running prompt generation...[0m
PROMPT GENERATION COMPLETE - Prompt #10
[0;32m2025-09-19 19:21:24 - Completed prompt #10[0m
[0;34m2025-09-19 19:21:29 - Generating prompt #11 (Section 1, Prompt 11/17)[0m
[1;33m2025-09-19 19:21:29 - Running prompt generation...[0m
PROMPT GENERATION COMPLETE - Prompt #11
[0;32m2025-09-19 19:21:58 - Completed prompt #11[0m
[0;34m2025-09-19 19:22:03 - Generating prompt #12 (Section 1, Prompt 12/17)[0m
[1;33m2025-09-19 19:22:03 - Running prompt generation...[0m
PROMPT GENERATION COMPLETE - Prompt #12
[0;32m2025-09-19 19:22:24 - Completed prompt #12[0m
[0;34m2025-09-19 19:22:29 - Generating prompt #13 (Section 1, Prompt 13/17)[0m
[1;33m2025-09-19 19:22:29 - Running prompt generation...[0m
PROMPT GENERATION COMPLETE - Prompt #13
[0;32m2025-09-19 19:22:53 - Completed prompt #13[0m
[0;34m2025-09-19 19:22:59 - Generating prompt #14 (Section 1, Prompt 14/17)[0m
[1;33m2025-09-19 19:22:59 - Running prompt generation...[0m
PROMPT GENERATION COMPLETE - Prompt #14
[0;32m2025-09-19 19:23:30 - Completed prompt #14[0m
[0;34m2025-09-19 19:23:35 - Generating prompt #15 (Section 1, Prompt 15/17)[0m
[1;33m2025-09-19 19:23:35 - Running prompt generation...[0m
PROMPT GENERATION COMPLETE - Prompt #15
[0;32m2025-09-19 19:24:09 - Completed prompt #15[0m
[0;34m2025-09-19 19:24:14 - Generating prompt #16 (Section 1, Prompt 16/17)[0m
[1;33m2025-09-19 19:24:14 - Running prompt generation...[0m
PROMPT GENERATION COMPLETE - Prompt #16
[0;32m2025-09-19 19:24:40 - Completed prompt #16[0m
[0;34m2025-09-19 19:24:45 - Generating prompt #17 (Section 1, Prompt 17/17)[0m
[1;33m2025-09-19 19:24:45 - Running prompt generation...[0m
PROMPT GENERATION COMPLETE - Prompt #17
[0;34m2025-09-20 00:04:35 - Starting Prompt Generation Cycle for template: personal-growth[0m
[0;32m2025-09-20 00:04:35 - Using existing worktree: ../templata-personal-growth[0m
[0;34m2025-09-20 00:04:35 - Generating prompt #18 (Section 2, Prompt 1/17)[0m
[1;33m2025-09-20 00:04:36 - Running prompt generation...[0m
PROMPT GENERATION COMPLETE - Prompt #18
[0;32m2025-09-20 00:05:25 - Completed prompt #18[0m
[0;34m2025-09-20 00:05:30 - Generating prompt #19 (Section 2, Prompt 2/17)[0m
[1;33m2025-09-20 00:05:30 - Running prompt generation...[0m
PROMPT GENERATION COMPLETE - Prompt #19
[0;32m2025-09-20 00:05:58 - Completed prompt #19[0m
[0;34m2025-09-20 00:06:04 - Generating prompt #20 (Section 2, Prompt 3/17)[0m
[1;33m2025-09-20 00:06:04 - Running prompt generation...[0m
PROMPT GENERATION COMPLETE - Prompt #20
[0;32m2025-09-20 00:06:39 - Completed prompt #20[0m
[0;34m2025-09-20 00:06:44 - Generating prompt #21 (Section 2, Prompt 4/17)[0m
[1;33m2025-09-20 00:06:44 - Running prompt generation...[0m
PROMPT GENERATION COMPLETE - Prompt #21
[0;32m2025-09-20 00:07:30 - Completed prompt #21[0m
[0;34m2025-09-20 00:07:36 - Generating prompt #22 (Section 2, Prompt 5/17)[0m
[1;33m2025-09-20 00:07:36 - Running prompt generation...[0m
PROMPT GENERATION COMPLETE - Prompt #22
[0;32m2025-09-20 00:08:11 - Completed prompt #22[0m
[0;34m2025-09-20 00:08:17 - Generating prompt #23 (Section 2, Prompt 6/17)[0m
[1;33m2025-09-20 00:08:17 - Running prompt generation...[0m
PROMPT GENERATION COMPLETE - Prompt #23
[0;32m2025-09-20 00:08:48 - Completed prompt #23[0m
[0;34m2025-09-20 00:08:54 - Generating prompt #24 (Section 2, Prompt 7/17)[0m
[1;33m2025-09-20 00:08:54 - Running prompt generation...[0m
PROMPT GENERATION COMPLETE - Prompt #24
[0;32m2025-09-20 00:09:31 - Completed prompt #24[0m
[0;34m2025-09-20 00:09:36 - Generating prompt #25 (Section 2, Prompt 8/17)[0m
[1;33m2025-09-20 00:09:36 - Running prompt generation...[0m
PROMPT GENERATION COMPLETE - Prompt #25
[0;32m2025-09-20 00:10:09 - Completed prompt #25[0m
[0;34m2025-09-20 00:10:15 - Generating prompt #26 (Section 2, Prompt 9/17)[0m
[1;33m2025-09-20 00:10:15 - Running prompt generation...[0m
PROMPT GENERATION COMPLETE - Prompt #26
[0;32m2025-09-20 00:10:52 - Completed prompt #26[0m
[0;34m2025-09-20 00:10:58 - Generating prompt #27 (Section 2, Prompt 10/17)[0m
[1;33m2025-09-20 00:10:58 - Running prompt generation...[0m
PROMPT GENERATION COMPLETE - Prompt #27
[0;32m2025-09-20 00:11:33 - Completed prompt #27[0m
[0;34m2025-09-20 00:11:38 - Generating prompt #28 (Section 2, Prompt 11/17)[0m
[1;33m2025-09-20 00:11:39 - Running prompt generation...[0m
