[0;34m2025-09-22 02:40:33 - Starting Prompt Generation Cycle for template: apartment-hunting[0m
[1;33m2025-09-22 02:40:33 - Override flag detected - resetting progress and recreating files[0m
[0;32m2025-09-22 02:40:33 - Progress reset to 0 for template: apartment-hunting[0m
[0;32m2025-09-22 02:40:33 - Using existing worktree: ../templata-apartment-hunting[0m
[1;33m2025-09-22 02:40:33 - Creating template prompt file: prompts-apartment-hunting.ts[0m
[0;32m2025-09-22 02:40:33 - Created template prompt file: ../templata-apartment-hunting/src/data/prompts-apartment-hunting.ts[0m
[0;34m2025-09-22 02:40:33 - Generating prompt #1 (Section 1, Prompt 1/17)[0m
[1;33m2025-09-22 02:40:33 - Running prompt generation...[0m
PROMPT GENERATION COMPLETE - Prompt #1
[0;32m2025-09-22 02:40:57 - Completed prompt #1[0m
[0;34m2025-09-22 02:41:02 - Generating prompt #2 (Section 1, Prompt 2/17)[0m
[1;33m2025-09-22 02:41:02 - Running prompt generation...[0m
PROMPT GENERATION COMPLETE - Prompt #2
[0;32m2025-09-22 02:41:26 - Completed prompt #2[0m
[0;34m2025-09-22 02:41:31 - Generating prompt #3 (Section 1, Prompt 3/17)[0m
[1;33m2025-09-22 02:41:31 - Running prompt generation...[0m
PROMPT GENERATION COMPLETE - Prompt #3
[0;32m2025-09-22 02:41:55 - Completed prompt #3[0m
[0;34m2025-09-22 02:42:00 - Generating prompt #4 (Section 1, Prompt 4/17)[0m
[1;33m2025-09-22 02:42:00 - Running prompt generation...[0m
PROMPT GENERATION COMPLETE - Prompt #4
[0;32m2025-09-22 02:42:24 - Completed prompt #4[0m
[0;34m2025-09-22 02:42:29 - Generating prompt #5 (Section 1, Prompt 5/17)[0m
[1;33m2025-09-22 02:42:29 - Running prompt generation...[0m
PROMPT GENERATION COMPLETE - Prompt #5
[0;32m2025-09-22 02:42:51 - Completed prompt #5[0m
[0;34m2025-09-22 02:42:56 - Generating prompt #6 (Section 1, Prompt 6/17)[0m
[1;33m2025-09-22 02:42:56 - Running prompt generation...[0m
PROMPT GENERATION COMPLETE - Prompt #6
[0;32m2025-09-22 02:43:17 - Completed prompt #6[0m
[0;34m2025-09-22 02:43:22 - Generating prompt #7 (Section 1, Prompt 7/17)[0m
[1;33m2025-09-22 02:43:22 - Running prompt generation...[0m
PROMPT GENERATION COMPLETE - Prompt #7
[0;32m2025-09-22 02:43:44 - Completed prompt #7[0m
[0;34m2025-09-22 02:43:49 - Generating prompt #8 (Section 1, Prompt 8/17)[0m
[1;33m2025-09-22 02:43:49 - Running prompt generation...[0m
PROMPT GENERATION COMPLETE - Prompt #8
[0;32m2025-09-22 02:44:11 - Completed prompt #8[0m
[0;34m2025-09-22 02:44:16 - Generating prompt #9 (Section 1, Prompt 9/17)[0m
[1;33m2025-09-22 02:44:16 - Running prompt generation...[0m
PROMPT GENERATION COMPLETE - Prompt #9
[0;32m2025-09-22 02:44:39 - Completed prompt #9[0m
[0;34m2025-09-22 02:44:44 - Generating prompt #10 (Section 1, Prompt 10/17)[0m
[1;33m2025-09-22 02:44:44 - Running prompt generation...[0m
PROMPT GENERATION COMPLETE - Prompt #10
[0;32m2025-09-22 02:45:05 - Completed prompt #10[0m
[0;34m2025-09-22 02:45:10 - Generating prompt #11 (Section 1, Prompt 11/17)[0m
[1;33m2025-09-22 02:45:10 - Running prompt generation...[0m
PROMPT GENERATION COMPLETE - Prompt #11
[0;32m2025-09-22 02:45:33 - Completed prompt #11[0m
[0;34m2025-09-22 02:45:38 - Generating prompt #12 (Section 1, Prompt 12/17)[0m
[1;33m2025-09-22 02:45:38 - Running prompt generation...[0m
PROMPT GENERATION COMPLETE - Prompt #12
[0;32m2025-09-22 02:45:59 - Completed prompt #12[0m
[0;34m2025-09-22 02:46:04 - Generating prompt #13 (Section 1, Prompt 13/17)[0m
[1;33m2025-09-22 02:46:04 - Running prompt generation...[0m
PROMPT GENERATION COMPLETE - Prompt #13
[0;32m2025-09-22 02:46:24 - Completed prompt #13[0m
[0;34m2025-09-22 02:46:29 - Generating prompt #14 (Section 1, Prompt 14/17)[0m
[1;33m2025-09-22 02:46:29 - Running prompt generation...[0m
PROMPT GENERATION COMPLETE - Prompt #14
[0;32m2025-09-22 02:46:51 - Completed prompt #14[0m
[0;34m2025-09-22 02:46:56 - Generating prompt #15 (Section 1, Prompt 15/17)[0m
[1;33m2025-09-22 02:46:56 - Running prompt generation...[0m
PROMPT GENERATION COMPLETE - Prompt #15
[0;32m2025-09-22 02:47:19 - Completed prompt #15[0m
[0;34m2025-09-22 02:47:24 - Generating prompt #16 (Section 1, Prompt 16/17)[0m
[1;33m2025-09-22 02:47:24 - Running prompt generation...[0m
PROMPT GENERATION COMPLETE - Prompt #16
[0;32m2025-09-22 02:47:45 - Completed prompt #16[0m
[0;34m2025-09-22 02:47:50 - Generating prompt #17 (Section 1, Prompt 17/17)[0m
[1;33m2025-09-22 02:47:50 - Running prompt generation...[0m
PROMPT GENERATION COMPLETE - Prompt #17
[0;32m2025-09-22 02:48:13 - Completed prompt #17[0m
[0;34m2025-09-22 02:48:18 - Generating prompt #18 (Section 2, Prompt 1/17)[0m
[1;33m2025-09-22 02:48:18 - Running prompt generation...[0m
PROMPT GENERATION COMPLETE - Prompt #18
[0;32m2025-09-22 02:48:39 - Completed prompt #18[0m
[0;34m2025-09-22 02:48:44 - Generating prompt #19 (Section 2, Prompt 2/17)[0m
[1;33m2025-09-22 02:48:44 - Running prompt generation...[0m
PROMPT GENERATION COMPLETE - Prompt #19
[0;32m2025-09-22 02:49:05 - Completed prompt #19[0m
[0;34m2025-09-22 02:49:10 - Generating prompt #20 (Section 2, Prompt 3/17)[0m
[1;33m2025-09-22 02:49:10 - Running prompt generation...[0m
PROMPT GENERATION COMPLETE - Prompt #20
[0;32m2025-09-22 02:49:32 - Completed prompt #20[0m
[0;34m2025-09-22 02:49:37 - Generating prompt #21 (Section 2, Prompt 4/17)[0m
[1;33m2025-09-22 02:49:37 - Running prompt generation...[0m
PROMPT GENERATION COMPLETE - Prompt #21
[0;32m2025-09-22 02:49:58 - Completed prompt #21[0m
[0;34m2025-09-22 02:50:03 - Generating prompt #22 (Section 2, Prompt 5/17)[0m
[1;33m2025-09-22 02:50:03 - Running prompt generation...[0m
PROMPT GENERATION COMPLETE - Prompt #22
[0;32m2025-09-22 02:50:25 - Completed prompt #22[0m
[0;34m2025-09-22 02:50:30 - Generating prompt #23 (Section 2, Prompt 6/17)[0m
[1;33m2025-09-22 02:50:30 - Running prompt generation...[0m
PROMPT GENERATION COMPLETE - Prompt #23
[0;32m2025-09-22 02:50:54 - Completed prompt #23[0m
[0;34m2025-09-22 02:50:59 - Generating prompt #24 (Section 2, Prompt 7/17)[0m
[1;33m2025-09-22 02:50:59 - Running prompt generation...[0m
PROMPT GENERATION COMPLETE - Prompt #24
[0;32m2025-09-22 02:51:25 - Completed prompt #24[0m
[0;34m2025-09-22 02:51:30 - Generating prompt #25 (Section 2, Prompt 8/17)[0m
[1;33m2025-09-22 02:51:30 - Running prompt generation...[0m
PROMPT GENERATION COMPLETE - Prompt #25
[0;32m2025-09-22 02:51:54 - Completed prompt #25[0m
[0;34m2025-09-22 02:51:59 - Generating prompt #26 (Section 2, Prompt 9/17)[0m
[1;33m2025-09-22 02:51:59 - Running prompt generation...[0m
PROMPT GENERATION COMPLETE - Prompt #26
[0;32m2025-09-22 02:52:21 - Completed prompt #26[0m
[0;34m2025-09-22 02:52:26 - Generating prompt #27 (Section 2, Prompt 10/17)[0m
[1;33m2025-09-22 02:52:26 - Running prompt generation...[0m
PROMPT GENERATION COMPLETE - Prompt #27
[0;32m2025-09-22 02:52:49 - Completed prompt #27[0m
[0;34m2025-09-22 02:52:55 - Generating prompt #28 (Section 2, Prompt 11/17)[0m
[1;33m2025-09-22 02:52:55 - Running prompt generation...[0m
PROMPT GENERATION COMPLETE - Prompt #28
[0;32m2025-09-22 02:53:17 - Completed prompt #28[0m
[0;34m2025-09-22 02:53:22 - Generating prompt #29 (Section 2, Prompt 12/17)[0m
[1;33m2025-09-22 02:53:22 - Running prompt generation...[0m
PROMPT GENERATION COMPLETE - Prompt #29
[0;32m2025-09-22 02:53:44 - Completed prompt #29[0m
[0;34m2025-09-22 02:53:49 - Generating prompt #30 (Section 2, Prompt 13/17)[0m
[1;33m2025-09-22 02:53:49 - Running prompt generation...[0m
PROMPT GENERATION COMPLETE - Prompt #30
[0;32m2025-09-22 02:54:12 - Completed prompt #30[0m
[0;34m2025-09-22 02:54:17 - Generating prompt #31 (Section 2, Prompt 14/17)[0m
[1;33m2025-09-22 02:54:17 - Running prompt generation...[0m
PROMPT GENERATION COMPLETE - Prompt #31
[0;32m2025-09-22 02:54:39 - Completed prompt #31[0m
[0;34m2025-09-22 02:54:44 - Generating prompt #32 (Section 2, Prompt 15/17)[0m
[1;33m2025-09-22 02:54:44 - Running prompt generation...[0m
PROMPT GENERATION COMPLETE - Prompt #32
[0;32m2025-09-22 02:55:06 - Completed prompt #32[0m
[0;34m2025-09-22 02:55:11 - Generating prompt #33 (Section 2, Prompt 16/17)[0m
[1;33m2025-09-22 02:55:11 - Running prompt generation...[0m
PROMPT GENERATION COMPLETE - Prompt #33
[0;32m2025-09-22 02:55:35 - Completed prompt #33[0m
[0;34m2025-09-22 02:55:40 - Generating prompt #34 (Section 2, Prompt 17/17)[0m
[1;33m2025-09-22 02:55:40 - Running prompt generation...[0m
PROMPT GENERATION COMPLETE - Prompt #34
[0;32m2025-09-22 02:56:06 - Completed prompt #34[0m
[0;34m2025-09-22 02:56:11 - Generating prompt #35 (Section 3, Prompt 1/17)[0m
[1;33m2025-09-22 02:56:11 - Running prompt generation...[0m
PROMPT GENERATION COMPLETE - Prompt #35
[0;32m2025-09-22 02:56:34 - Completed prompt #35[0m
[0;34m2025-09-22 02:56:39 - Generating prompt #36 (Section 3, Prompt 2/17)[0m
[1;33m2025-09-22 02:56:39 - Running prompt generation...[0m
PROMPT GENERATION COMPLETE - Prompt #36
[0;32m2025-09-22 02:57:04 - Completed prompt #36[0m
[0;34m2025-09-22 02:57:09 - Generating prompt #37 (Section 3, Prompt 3/17)[0m
[1;33m2025-09-22 02:57:09 - Running prompt generation...[0m
PROMPT GENERATION COMPLETE - Prompt #37
[0;32m2025-09-22 02:57:31 - Completed prompt #37[0m
[0;34m2025-09-22 02:57:36 - Generating prompt #38 (Section 3, Prompt 4/17)[0m
[1;33m2025-09-22 02:57:36 - Running prompt generation...[0m
PROMPT GENERATION COMPLETE - Prompt #38
[0;32m2025-09-22 02:57:58 - Completed prompt #38[0m
[0;34m2025-09-22 02:58:03 - Generating prompt #39 (Section 3, Prompt 5/17)[0m
[1;33m2025-09-22 02:58:04 - Running prompt generation...[0m
PROMPT GENERATION COMPLETE - Prompt #39
[0;32m2025-09-22 02:58:32 - Completed prompt #39[0m
[0;34m2025-09-22 02:58:37 - Generating prompt #40 (Section 3, Prompt 6/17)[0m
[1;33m2025-09-22 02:58:37 - Running prompt generation...[0m
PROMPT GENERATION COMPLETE - Prompt #40
[0;32m2025-09-22 02:59:00 - Completed prompt #40[0m
[0;34m2025-09-22 02:59:05 - Generating prompt #41 (Section 3, Prompt 7/17)[0m
[1;33m2025-09-22 02:59:05 - Running prompt generation...[0m
PROMPT GENERATION COMPLETE - Prompt #41
[0;32m2025-09-22 02:59:28 - Completed prompt #41[0m
[0;34m2025-09-22 02:59:33 - Generating prompt #42 (Section 3, Prompt 8/17)[0m
[1;33m2025-09-22 02:59:33 - Running prompt generation...[0m
PROMPT GENERATION COMPLETE - Prompt #42
[0;32m2025-09-22 02:59:58 - Completed prompt #42[0m
[0;34m2025-09-22 03:00:03 - Generating prompt #43 (Section 3, Prompt 9/17)[0m
[1;33m2025-09-22 03:00:03 - Running prompt generation...[0m
PROMPT GENERATION COMPLETE - Prompt #43
[0;32m2025-09-22 03:00:26 - Completed prompt #43[0m
[0;34m2025-09-22 03:00:31 - Generating prompt #44 (Section 3, Prompt 10/17)[0m
[1;33m2025-09-22 03:00:31 - Running prompt generation...[0m
PROMPT GENERATION COMPLETE - Prompt #44
[0;32m2025-09-22 03:00:54 - Completed prompt #44[0m
[0;34m2025-09-22 03:00:59 - Generating prompt #45 (Section 3, Prompt 11/17)[0m
[1;33m2025-09-22 03:00:59 - Running prompt generation...[0m
PROMPT GENERATION COMPLETE - Prompt #45
[0;32m2025-09-22 03:01:20 - Completed prompt #45[0m
[0;34m2025-09-22 03:01:25 - Generating prompt #46 (Section 3, Prompt 12/17)[0m
[1;33m2025-09-22 03:01:25 - Running prompt generation...[0m
PROMPT GENERATION COMPLETE - Prompt #46
[0;32m2025-09-22 03:01:48 - Completed prompt #46[0m
[0;34m2025-09-22 03:01:53 - Generating prompt #47 (Section 3, Prompt 13/17)[0m
[1;33m2025-09-22 03:01:53 - Running prompt generation...[0m
PROMPT GENERATION COMPLETE - Prompt #47
[0;32m2025-09-22 03:02:14 - Completed prompt #47[0m
[0;34m2025-09-22 03:02:20 - Generating prompt #48 (Section 3, Prompt 14/17)[0m
[1;33m2025-09-22 03:02:20 - Running prompt generation...[0m
PROMPT GENERATION COMPLETE - Prompt #48
[0;32m2025-09-22 03:02:42 - Completed prompt #48[0m
[0;34m2025-09-22 03:02:47 - Generating prompt #49 (Section 3, Prompt 15/17)[0m
[1;33m2025-09-22 03:02:47 - Running prompt generation...[0m
PROMPT GENERATION COMPLETE - Prompt #49
[0;32m2025-09-22 03:03:10 - Completed prompt #49[0m
[0;34m2025-09-22 03:03:15 - Generating prompt #50 (Section 3, Prompt 16/17)[0m
[1;33m2025-09-22 03:03:15 - Running prompt generation...[0m
PROMPT GENERATION COMPLETE - Prompt #50
[0;32m2025-09-22 03:03:37 - Completed prompt #50[0m
[0;34m2025-09-22 03:03:42 - Generating prompt #51 (Section 3, Prompt 17/17)[0m
[1;33m2025-09-22 03:03:42 - Running prompt generation...[0m
PROMPT GENERATION COMPLETE - Prompt #51
[0;32m2025-09-22 03:04:04 - Completed prompt #51[0m
[0;34m2025-09-22 03:04:09 - Generating prompt #52 (Section 4, Prompt 1/17)[0m
[1;33m2025-09-22 03:04:09 - Running prompt generation...[0m
PROMPT GENERATION COMPLETE - Prompt #52
[0;32m2025-09-22 03:04:34 - Completed prompt #52[0m
[0;34m2025-09-22 03:04:39 - Generating prompt #53 (Section 4, Prompt 2/17)[0m
[1;33m2025-09-22 03:04:39 - Running prompt generation...[0m
<invoke name="Edit">
<parameter name="file_path">/Users/ikim1/Documents/GitHub/templata-apartment-hunting/src/data/prompts-apartment-hunting.ts</parameter>
<parameter name="old_string">  {
    id: 'prompt-52',
    prompt: 'Schedule and conduct reference calls with 3-4 previous landlords or property managers to build credibility for your rental applications',
    category: 'action',
    helpText: 'Proactively reaching out to previous landlords to confirm they\'ll provide positive references strengthens your rental applications and speeds up the approval process. Contact former landlords to verify they have your correct contact information, confirm they remember you positively, and ask if they\'re comfortable being listed as references, as having responsive, enthusiastic references can make the difference between approval and rejection in competitive markets.'
  }
];</parameter>
<parameter name="new_string">  {
    id: 'prompt-52',
    prompt: 'Schedule and conduct reference calls with 3-4 previous landlords or property managers to build credibility for your rental applications',
    category: 'action',
    helpText: 'Proactively reaching out to previous landlords to confirm they\'ll provide positive references strengthens your rental applications and speeds up the approval process. Contact former landlords to verify they have your correct contact information, confirm they remember you positively, and ask if they\'re comfortable being listed as references, as having responsive, enthusiastic references can make the difference between approval and rejection in competitive markets.'
  },
  {
    id: 'prompt-53',
    prompt: 'Schedule a meeting with your potential roommate or partner to establish communication protocols and living arrangement expectations',
    category: 'action',
    helpText: 'Clear communication expectations prevent misunderstandings and conflicts that can make apartment living stressful and damage important relationships. Discuss how you\'ll handle household decisions, guest policies, cleaning responsibilities, and conflict resolution before moving in together, as establishing these communication patterns early creates a foundation for successful cohabitation and helps prevent small issues from becoming major problems.'
  }
];</parameter>
</invoke>
[0;32m2025-09-22 03:04:58 - Completed prompt #53[0m
[0;34m2025-09-22 03:05:03 - Generating prompt #54 (Section 4, Prompt 3/17)[0m
[1;33m2025-09-22 03:05:03 - Running prompt generation...[0m
PROMPT GENERATION COMPLETE - Prompt #54
[0;32m2025-09-22 03:05:29 - Completed prompt #54[0m
[0;34m2025-09-22 03:05:34 - Generating prompt #55 (Section 4, Prompt 4/17)[0m
[1;33m2025-09-22 03:05:34 - Running prompt generation...[0m
PROMPT GENERATION COMPLETE - Prompt #55
[0;32m2025-09-22 03:06:00 - Completed prompt #55[0m
[0;34m2025-09-22 03:06:05 - Generating prompt #56 (Section 4, Prompt 5/17)[0m
[1;33m2025-09-22 03:06:05 - Running prompt generation...[0m
PROMPT GENERATION COMPLETE - Prompt #56
[0;32m2025-09-22 03:06:33 - Completed prompt #56[0m
[0;34m2025-09-22 03:06:38 - Generating prompt #57 (Section 4, Prompt 6/17)[0m
[1;33m2025-09-22 03:06:38 - Running prompt generation...[0m
PROMPT GENERATION COMPLETE - Prompt #57
[0;32m2025-09-22 03:07:01 - Completed prompt #57[0m
[0;34m2025-09-22 03:07:06 - Generating prompt #58 (Section 4, Prompt 7/17)[0m
[1;33m2025-09-22 03:07:06 - Running prompt generation...[0m
PROMPT GENERATION COMPLETE - Prompt #58
[0;32m2025-09-22 03:07:27 - Completed prompt #58[0m
[0;34m2025-09-22 03:07:32 - Generating prompt #59 (Section 4, Prompt 8/17)[0m
[1;33m2025-09-22 03:07:32 - Running prompt generation...[0m
PROMPT GENERATION COMPLETE - Prompt #59
[0;32m2025-09-22 03:07:54 - Completed prompt #59[0m
[0;34m2025-09-22 03:07:59 - Generating prompt #60 (Section 4, Prompt 9/17)[0m
[1;33m2025-09-22 03:07:59 - Running prompt generation...[0m
PROMPT GENERATION COMPLETE - Prompt #60
[0;32m2025-09-22 03:08:22 - Completed prompt #60[0m
[0;34m2025-09-22 03:08:27 - Generating prompt #61 (Section 4, Prompt 10/17)[0m
[1;33m2025-09-22 03:08:27 - Running prompt generation...[0m
PROMPT GENERATION COMPLETE - Prompt #61
[0;32m2025-09-22 03:08:55 - Completed prompt #61[0m
[0;34m2025-09-22 03:09:00 - Generating prompt #62 (Section 4, Prompt 11/17)[0m
[1;33m2025-09-22 03:09:00 - Running prompt generation...[0m
PROMPT GENERATION COMPLETE - Prompt #62
[0;32m2025-09-22 03:09:22 - Completed prompt #62[0m
[0;34m2025-09-22 03:09:27 - Generating prompt #63 (Section 4, Prompt 12/17)[0m
[1;33m2025-09-22 03:09:27 - Running prompt generation...[0m
PROMPT GENERATION COMPLETE - Prompt #63
[0;32m2025-09-22 03:09:47 - Completed prompt #63[0m
[0;34m2025-09-22 03:09:52 - Generating prompt #64 (Section 4, Prompt 13/17)[0m
[1;33m2025-09-22 03:09:52 - Running prompt generation...[0m
PROMPT GENERATION COMPLETE - Prompt #64
[0;32m2025-09-22 03:10:15 - Completed prompt #64[0m
[0;34m2025-09-22 03:10:20 - Generating prompt #65 (Section 4, Prompt 14/17)[0m
[1;33m2025-09-22 03:10:20 - Running prompt generation...[0m
PROMPT GENERATION COMPLETE - Prompt #65
[0;32m2025-09-22 03:10:48 - Completed prompt #65[0m
[0;34m2025-09-22 03:10:53 - Generating prompt #66 (Section 4, Prompt 15/17)[0m
[1;33m2025-09-22 03:10:53 - Running prompt generation...[0m
PROMPT GENERATION COMPLETE - Prompt #66
[0;32m2025-09-22 03:11:15 - Completed prompt #66[0m
[0;34m2025-09-22 03:11:20 - Generating prompt #67 (Section 4, Prompt 16/17)[0m
[1;33m2025-09-22 03:11:20 - Running prompt generation...[0m
PROMPT GENERATION COMPLETE - Prompt #67
[0;32m2025-09-22 03:11:43 - Completed prompt #67[0m
[0;34m2025-09-22 03:11:48 - Generating prompt #68 (Section 4, Prompt 17/17)[0m
[1;33m2025-09-22 03:11:48 - Running prompt generation...[0m
PROMPT GENERATION COMPLETE - Prompt #68
[0;32m2025-09-22 03:12:11 - Completed prompt #68[0m
[0;34m2025-09-22 03:12:16 - Generating prompt #69 (Section 5, Prompt 1/17)[0m
[1;33m2025-09-22 03:12:16 - Running prompt generation...[0m
PROMPT GENERATION COMPLETE - Prompt #69
[0;32m2025-09-22 03:12:38 - Completed prompt #69[0m
[0;34m2025-09-22 03:12:43 - Generating prompt #70 (Section 5, Prompt 2/17)[0m
[1;33m2025-09-22 03:12:43 - Running prompt generation...[0m
PROMPT GENERATION COMPLETE - Prompt #70
[0;32m2025-09-22 03:13:06 - Completed prompt #70[0m
[0;34m2025-09-22 03:13:11 - Generating prompt #71 (Section 5, Prompt 3/17)[0m
[1;33m2025-09-22 03:13:11 - Running prompt generation...[0m
PROMPT GENERATION COMPLETE - Prompt #71
[0;32m2025-09-22 03:13:34 - Completed prompt #71[0m
[0;34m2025-09-22 03:13:39 - Generating prompt #72 (Section 5, Prompt 4/17)[0m
[1;33m2025-09-22 03:13:39 - Running prompt generation...[0m
PROMPT GENERATION COMPLETE - Prompt #72
[0;32m2025-09-22 03:14:07 - Completed prompt #72[0m
[0;34m2025-09-22 03:14:12 - Generating prompt #73 (Section 5, Prompt 5/17)[0m
[1;33m2025-09-22 03:14:12 - Running prompt generation...[0m
PROMPT GENERATION COMPLETE - Prompt #73
[0;32m2025-09-22 03:14:36 - Completed prompt #73[0m
[0;34m2025-09-22 03:14:41 - Generating prompt #74 (Section 5, Prompt 6/17)[0m
[1;33m2025-09-22 03:14:41 - Running prompt generation...[0m
PROMPT GENERATION COMPLETE - Prompt #74
[0;32m2025-09-22 03:15:09 - Completed prompt #74[0m
[0;34m2025-09-22 03:15:14 - Generating prompt #75 (Section 5, Prompt 7/17)[0m
[1;33m2025-09-22 03:15:14 - Running prompt generation...[0m
5-hour limit reached ∙ resets 5am
[0;32m2025-09-22 03:15:25 - Completed prompt #75[0m
[0;34m2025-09-22 03:15:30 - Generating prompt #76 (Section 5, Prompt 8/17)[0m
[1;33m2025-09-22 03:15:30 - Running prompt generation...[0m
5-hour limit reached ∙ resets 5am
[0;32m2025-09-22 03:15:39 - Completed prompt #76[0m
[0;34m2025-09-22 03:15:44 - Generating prompt #77 (Section 5, Prompt 9/17)[0m
[1;33m2025-09-22 03:15:44 - Running prompt generation...[0m
5-hour limit reached ∙ resets 5am
[0;32m2025-09-22 03:15:52 - Completed prompt #77[0m
[0;34m2025-09-22 03:15:57 - Generating prompt #78 (Section 5, Prompt 10/17)[0m
[1;33m2025-09-22 03:15:57 - Running prompt generation...[0m
5-hour limit reached ∙ resets 5am
[0;32m2025-09-22 03:16:06 - Completed prompt #78[0m
[0;34m2025-09-22 03:16:11 - Generating prompt #79 (Section 5, Prompt 11/17)[0m
[1;33m2025-09-22 03:16:11 - Running prompt generation...[0m
5-hour limit reached ∙ resets 5am
[0;32m2025-09-22 03:16:19 - Completed prompt #79[0m
[0;34m2025-09-22 03:16:24 - Generating prompt #80 (Section 5, Prompt 12/17)[0m
[1;33m2025-09-22 03:16:24 - Running prompt generation...[0m
5-hour limit reached ∙ resets 5am
[0;32m2025-09-22 03:16:33 - Completed prompt #80[0m
[0;34m2025-09-22 03:16:38 - Generating prompt #81 (Section 5, Prompt 13/17)[0m
[1;33m2025-09-22 03:16:38 - Running prompt generation...[0m
5-hour limit reached ∙ resets 5am
[0;32m2025-09-22 03:16:47 - Completed prompt #81[0m
[0;34m2025-09-22 03:16:52 - Generating prompt #82 (Section 5, Prompt 14/17)[0m
[1;33m2025-09-22 03:16:52 - Running prompt generation...[0m
5-hour limit reached ∙ resets 5am
[0;32m2025-09-22 03:17:01 - Completed prompt #82[0m
[0;34m2025-09-22 03:17:06 - Generating prompt #83 (Section 5, Prompt 15/17)[0m
[1;33m2025-09-22 03:17:06 - Running prompt generation...[0m
5-hour limit reached ∙ resets 5am
[0;32m2025-09-22 03:17:16 - Completed prompt #83[0m
[0;34m2025-09-22 03:17:21 - Generating prompt #84 (Section 5, Prompt 16/17)[0m
[1;33m2025-09-22 03:17:21 - Running prompt generation...[0m
5-hour limit reached ∙ resets 5am
[0;32m2025-09-22 03:17:30 - Completed prompt #84[0m
[0;34m2025-09-22 03:17:35 - Generating prompt #85 (Section 5, Prompt 17/17)[0m
[1;33m2025-09-22 03:17:35 - Running prompt generation...[0m
5-hour limit reached ∙ resets 5am
[0;32m2025-09-22 03:17:43 - Completed prompt #85[0m
[0;34m2025-09-22 03:17:48 - Generating prompt #86 (Section 6, Prompt 1/17)[0m
[1;33m2025-09-22 03:17:48 - Running prompt generation...[0m
5-hour limit reached ∙ resets 5am
[0;32m2025-09-22 03:17:56 - Completed prompt #86[0m
[0;34m2025-09-22 03:18:01 - Generating prompt #87 (Section 6, Prompt 2/17)[0m
[1;33m2025-09-22 03:18:01 - Running prompt generation...[0m
5-hour limit reached ∙ resets 5am
[0;32m2025-09-22 03:18:08 - Completed prompt #87[0m
[0;34m2025-09-22 03:18:13 - Generating prompt #88 (Section 6, Prompt 3/17)[0m
[1;33m2025-09-22 03:18:13 - Running prompt generation...[0m
5-hour limit reached ∙ resets 5am
[0;32m2025-09-22 03:18:21 - Completed prompt #88[0m
[0;34m2025-09-22 03:18:26 - Generating prompt #89 (Section 6, Prompt 4/17)[0m
[1;33m2025-09-22 03:18:26 - Running prompt generation...[0m
5-hour limit reached ∙ resets 5am
[0;32m2025-09-22 03:18:34 - Completed prompt #89[0m
[0;34m2025-09-22 03:18:39 - Generating prompt #90 (Section 6, Prompt 5/17)[0m
[1;33m2025-09-22 03:18:39 - Running prompt generation...[0m
5-hour limit reached ∙ resets 5am
[0;32m2025-09-22 03:18:47 - Completed prompt #90[0m
[0;34m2025-09-22 03:18:52 - Generating prompt #91 (Section 6, Prompt 6/17)[0m
[1;33m2025-09-22 03:18:52 - Running prompt generation...[0m
5-hour limit reached ∙ resets 5am
[0;32m2025-09-22 03:19:01 - Completed prompt #91[0m
[0;34m2025-09-22 03:19:06 - Generating prompt #92 (Section 6, Prompt 7/17)[0m
[1;33m2025-09-22 03:19:06 - Running prompt generation...[0m
5-hour limit reached ∙ resets 5am
[0;32m2025-09-22 03:19:16 - Completed prompt #92[0m
[0;34m2025-09-22 03:19:21 - Generating prompt #93 (Section 6, Prompt 8/17)[0m
[1;33m2025-09-22 03:19:21 - Running prompt generation...[0m
5-hour limit reached ∙ resets 5am
[0;32m2025-09-22 03:19:30 - Completed prompt #93[0m
[0;34m2025-09-22 03:19:35 - Generating prompt #94 (Section 6, Prompt 9/17)[0m
[1;33m2025-09-22 03:19:35 - Running prompt generation...[0m
5-hour limit reached ∙ resets 5am
[0;32m2025-09-22 03:19:45 - Completed prompt #94[0m
[0;34m2025-09-22 03:19:50 - Generating prompt #95 (Section 6, Prompt 10/17)[0m
[1;33m2025-09-22 03:19:50 - Running prompt generation...[0m
5-hour limit reached ∙ resets 5am
[0;32m2025-09-22 03:19:59 - Completed prompt #95[0m
[0;34m2025-09-22 03:20:04 - Generating prompt #96 (Section 6, Prompt 11/17)[0m
[1;33m2025-09-22 03:20:05 - Running prompt generation...[0m
5-hour limit reached ∙ resets 5am
[0;32m2025-09-22 03:20:15 - Completed prompt #96[0m
[0;34m2025-09-22 03:20:20 - Generating prompt #97 (Section 6, Prompt 12/17)[0m
[1;33m2025-09-22 03:20:20 - Running prompt generation...[0m
5-hour limit reached ∙ resets 5am
[0;32m2025-09-22 03:20:29 - Completed prompt #97[0m
[0;34m2025-09-22 03:20:34 - Generating prompt #98 (Section 6, Prompt 13/17)[0m
[1;33m2025-09-22 03:20:34 - Running prompt generation...[0m
5-hour limit reached ∙ resets 5am
[0;32m2025-09-22 03:20:45 - Completed prompt #98[0m
[0;34m2025-09-22 03:20:50 - Generating prompt #99 (Section 6, Prompt 14/17)[0m
[1;33m2025-09-22 03:20:50 - Running prompt generation...[0m
5-hour limit reached ∙ resets 5am
[0;32m2025-09-22 03:21:00 - Completed prompt #99[0m
[0;34m2025-09-22 03:21:05 - Generating prompt #100 (Section 6, Prompt 15/17)[0m
[1;33m2025-09-22 03:21:05 - Running prompt generation...[0m
5-hour limit reached ∙ resets 5am
[0;32m2025-09-22 03:21:15 - Completed prompt #100[0m
[0;34m2025-09-22 03:21:20 - Generating prompt #101 (Section 6, Prompt 16/17)[0m
[1;33m2025-09-22 03:21:20 - Running prompt generation...[0m
5-hour limit reached ∙ resets 5am
[0;32m2025-09-22 03:21:30 - Completed prompt #101[0m
[0;34m2025-09-22 03:21:35 - Generating prompt #102 (Section 6, Prompt 17/17)[0m
[1;33m2025-09-22 03:21:35 - Running prompt generation...[0m
5-hour limit reached ∙ resets 5am
[0;32m2025-09-22 03:21:45 - Completed prompt #102[0m
[0;34m2025-09-22 08:30:40 - Starting Prompt Generation Cycle for template: apartment-hunting[0m
[0;32m2025-09-22 08:30:40 - Using existing worktree: ../templata-apartment-hunting[0m
[0;34m2025-09-22 08:30:40 - Generating prompt #75 (Section 5, Prompt 7/17)[0m
[1;33m2025-09-22 08:30:40 - Running prompt generation...[0m
PROMPT GENERATION COMPLETE - Prompt #75
[0;32m2025-09-22 08:31:06 - Completed prompt #75[0m
[0;34m2025-09-22 08:31:11 - Generating prompt #76 (Section 5, Prompt 8/17)[0m
[1;33m2025-09-22 08:31:11 - Running prompt generation...[0m
PROMPT GENERATION COMPLETE - Prompt #76
[0;32m2025-09-22 08:31:34 - Completed prompt #76[0m
[0;34m2025-09-22 08:31:39 - Generating prompt #77 (Section 5, Prompt 9/17)[0m
[1;33m2025-09-22 08:31:39 - Running prompt generation...[0m
PROMPT GENERATION COMPLETE - Prompt #77
[0;32m2025-09-22 08:32:03 - Completed prompt #77[0m
[0;34m2025-09-22 08:32:08 - Generating prompt #78 (Section 5, Prompt 10/17)[0m
[1;33m2025-09-22 08:32:08 - Running prompt generation...[0m
PROMPT GENERATION COMPLETE - Prompt #78
[0;32m2025-09-22 08:32:33 - Completed prompt #78[0m
[0;34m2025-09-22 08:32:38 - Generating prompt #79 (Section 5, Prompt 11/17)[0m
[1;33m2025-09-22 08:32:38 - Running prompt generation...[0m
PROMPT GENERATION COMPLETE - Prompt #79
[0;32m2025-09-22 08:33:03 - Completed prompt #79[0m
[0;34m2025-09-22 08:33:08 - Generating prompt #80 (Section 5, Prompt 12/17)[0m
[1;33m2025-09-22 08:33:08 - Running prompt generation...[0m
PROMPT GENERATION COMPLETE - Prompt #80
[0;32m2025-09-22 08:33:32 - Completed prompt #80[0m
[0;34m2025-09-22 08:33:37 - Generating prompt #81 (Section 5, Prompt 13/17)[0m
[1;33m2025-09-22 08:33:37 - Running prompt generation...[0m
PROMPT GENERATION COMPLETE - Prompt #81
[0;32m2025-09-22 08:34:00 - Completed prompt #81[0m
[0;34m2025-09-22 08:34:05 - Generating prompt #82 (Section 5, Prompt 14/17)[0m
[1;33m2025-09-22 08:34:05 - Running prompt generation...[0m
PROMPT GENERATION COMPLETE - Prompt #82
[0;32m2025-09-22 08:34:29 - Completed prompt #82[0m
[0;34m2025-09-22 08:34:34 - Generating prompt #83 (Section 5, Prompt 15/17)[0m
[1;33m2025-09-22 08:34:34 - Running prompt generation...[0m
PROMPT GENERATION COMPLETE - Prompt #83
[0;32m2025-09-22 08:34:54 - Completed prompt #83[0m
[0;34m2025-09-22 08:34:59 - Generating prompt #84 (Section 5, Prompt 16/17)[0m
[1;33m2025-09-22 08:34:59 - Running prompt generation...[0m
PROMPT GENERATION COMPLETE - Prompt #84
[0;32m2025-09-22 08:35:22 - Completed prompt #84[0m
[0;34m2025-09-22 08:35:27 - Generating prompt #85 (Section 5, Prompt 17/17)[0m
[1;33m2025-09-22 08:35:27 - Running prompt generation...[0m
PROMPT GENERATION COMPLETE - Prompt #85
[0;32m2025-09-22 08:35:49 - Completed prompt #85[0m
[0;34m2025-09-22 08:35:54 - Generating prompt #86 (Section 6, Prompt 1/17)[0m
[1;33m2025-09-22 08:35:54 - Running prompt generation...[0m
PROMPT GENERATION COMPLETE - Prompt #86
[0;32m2025-09-22 08:36:18 - Completed prompt #86[0m
[0;34m2025-09-22 08:36:23 - Generating prompt #87 (Section 6, Prompt 2/17)[0m
[1;33m2025-09-22 08:36:23 - Running prompt generation...[0m
PROMPT GENERATION COMPLETE - Prompt #87
[0;32m2025-09-22 08:36:48 - Completed prompt #87[0m
[0;34m2025-09-22 08:36:53 - Generating prompt #88 (Section 6, Prompt 3/17)[0m
[1;33m2025-09-22 08:36:54 - Running prompt generation...[0m
PROMPT GENERATION COMPLETE - Prompt #88
[0;32m2025-09-22 08:37:27 - Completed prompt #88[0m
[0;34m2025-09-22 08:37:32 - Generating prompt #89 (Section 6, Prompt 4/17)[0m
[1;33m2025-09-22 08:37:32 - Running prompt generation...[0m
PROMPT GENERATION COMPLETE - Prompt #89
[0;32m2025-09-22 08:37:58 - Completed prompt #89[0m
[0;34m2025-09-22 08:38:03 - Generating prompt #90 (Section 6, Prompt 5/17)[0m
[1;33m2025-09-22 08:38:03 - Running prompt generation...[0m
PROMPT GENERATION COMPLETE - Prompt #90
[0;32m2025-09-22 08:38:29 - Completed prompt #90[0m
[0;34m2025-09-22 08:38:34 - Generating prompt #91 (Section 6, Prompt 6/17)[0m
[1;33m2025-09-22 08:38:34 - Running prompt generation...[0m
PROMPT GENERATION COMPLETE - Prompt #91
[0;32m2025-09-22 08:38:58 - Completed prompt #91[0m
[0;34m2025-09-22 08:39:03 - Generating prompt #92 (Section 6, Prompt 7/17)[0m
[1;33m2025-09-22 08:39:03 - Running prompt generation...[0m
PROMPT GENERATION COMPLETE - Prompt #92
[0;32m2025-09-22 08:39:26 - Completed prompt #92[0m
[0;34m2025-09-22 08:39:31 - Generating prompt #93 (Section 6, Prompt 8/17)[0m
[1;33m2025-09-22 08:39:31 - Running prompt generation...[0m
PROMPT GENERATION COMPLETE - Prompt #93
[0;32m2025-09-22 08:39:55 - Completed prompt #93[0m
[0;34m2025-09-22 08:40:00 - Generating prompt #94 (Section 6, Prompt 9/17)[0m
[1;33m2025-09-22 08:40:00 - Running prompt generation...[0m
PROMPT GENERATION COMPLETE - Prompt #94
[0;32m2025-09-22 08:40:22 - Completed prompt #94[0m
[0;34m2025-09-22 08:40:27 - Generating prompt #95 (Section 6, Prompt 10/17)[0m
[1;33m2025-09-22 08:40:27 - Running prompt generation...[0m
PROMPT GENERATION COMPLETE - Prompt #95
[0;32m2025-09-22 08:40:50 - Completed prompt #95[0m
[0;34m2025-09-22 08:40:55 - Generating prompt #96 (Section 6, Prompt 11/17)[0m
[1;33m2025-09-22 08:40:55 - Running prompt generation...[0m
PROMPT GENERATION COMPLETE - Prompt #96
[0;32m2025-09-22 08:41:15 - Completed prompt #96[0m
[0;34m2025-09-22 08:41:20 - Generating prompt #97 (Section 6, Prompt 12/17)[0m
[1;33m2025-09-22 08:41:20 - Running prompt generation...[0m
PROMPT GENERATION COMPLETE - Prompt #97
[0;32m2025-09-22 08:41:47 - Completed prompt #97[0m
[0;34m2025-09-22 08:41:52 - Generating prompt #98 (Section 6, Prompt 13/17)[0m
[1;33m2025-09-22 08:41:52 - Running prompt generation...[0m
PROMPT GENERATION COMPLETE - Prompt #98
[0;32m2025-09-22 08:42:12 - Completed prompt #98[0m
[0;34m2025-09-22 08:42:17 - Generating prompt #99 (Section 6, Prompt 14/17)[0m
[1;33m2025-09-22 08:42:17 - Running prompt generation...[0m
PROMPT GENERATION COMPLETE - Prompt #99
[0;32m2025-09-22 08:42:41 - Completed prompt #99[0m
[0;34m2025-09-22 08:42:46 - Generating prompt #100 (Section 6, Prompt 15/17)[0m
[1;33m2025-09-22 08:42:46 - Running prompt generation...[0m
PROMPT GENERATION COMPLETE - Prompt #100
[0;32m2025-09-22 08:43:08 - Completed prompt #100[0m
[0;34m2025-09-22 08:43:13 - Generating prompt #101 (Section 6, Prompt 16/17)[0m
[1;33m2025-09-22 08:43:13 - Running prompt generation...[0m
PROMPT GENERATION COMPLETE - Prompt #101
[0;32m2025-09-22 08:43:38 - Completed prompt #101[0m
[0;34m2025-09-22 08:43:43 - Generating prompt #102 (Section 6, Prompt 17/17)[0m
[1;33m2025-09-22 08:43:43 - Running prompt generation...[0m
PROMPT GENERATION COMPLETE - Prompt #102
[0;32m2025-09-22 08:44:07 - Completed prompt #102[0m
