[0;34m2025-09-19 20:10:19 - Starting Prompt Generation Cycle for template: dropshipping[0m
[0;32m2025-09-19 20:10:19 - Using existing worktree: ../templata-dropshipping[0m
[1;33m2025-09-19 20:10:19 - Creating template prompt file: prompts-dropshipping.ts[0m
[0;32m2025-09-19 20:10:19 - Created template prompt file: ../templata-dropshipping/src/data/prompts-dropshipping.ts[0m
[0;34m2025-09-19 20:10:19 - Generating prompt #1 (Section 1, Prompt 1/17)[0m
[1;33m2025-09-19 20:10:19 - Running prompt generation...[0m
PROMPT GENERATION COMPLETE - Prompt #1
[0;32m2025-09-19 20:10:35 - Completed prompt #1[0m
[0;34m2025-09-19 20:10:40 - Generating prompt #2 (Section 1, Prompt 2/17)[0m
[1;33m2025-09-19 20:10:40 - Running prompt generation...[0m
PROMPT GENERATION COMPLETE - Prompt #2
[0;32m2025-09-19 20:10:58 - Completed prompt #2[0m
[0;34m2025-09-19 20:11:03 - Generating prompt #3 (Section 1, Prompt 3/17)[0m
[1;33m2025-09-19 20:11:03 - Running prompt generation...[0m
PROMPT GENERATION COMPLETE - Prompt #3
[0;32m2025-09-19 20:11:22 - Completed prompt #3[0m
[0;34m2025-09-19 20:11:27 - Generating prompt #4 (Section 1, Prompt 4/17)[0m
[1;33m2025-09-19 20:11:27 - Running prompt generation...[0m
PROMPT GENERATION COMPLETE - Prompt #4
[0;32m2025-09-19 20:11:46 - Completed prompt #4[0m
[0;34m2025-09-19 20:11:51 - Generating prompt #5 (Section 1, Prompt 5/17)[0m
[1;33m2025-09-19 20:11:51 - Running prompt generation...[0m
PROMPT GENERATION COMPLETE - Prompt #5
[0;32m2025-09-19 20:12:09 - Completed prompt #5[0m
[0;34m2025-09-19 20:12:14 - Generating prompt #6 (Section 1, Prompt 6/17)[0m
[1;33m2025-09-19 20:12:14 - Running prompt generation...[0m
PROMPT GENERATION COMPLETE - Prompt #6
[0;32m2025-09-19 20:12:33 - Completed prompt #6[0m
[0;34m2025-09-19 20:12:38 - Generating prompt #7 (Section 1, Prompt 7/17)[0m
[1;33m2025-09-19 20:12:38 - Running prompt generation...[0m
PROMPT GENERATION COMPLETE - Prompt #7
[0;32m2025-09-19 20:12:59 - Completed prompt #7[0m
[0;34m2025-09-19 20:13:04 - Generating prompt #8 (Section 1, Prompt 8/17)[0m
[1;33m2025-09-19 20:13:04 - Running prompt generation...[0m
PROMPT GENERATION COMPLETE - Prompt #8
[0;32m2025-09-19 20:13:24 - Completed prompt #8[0m
[0;34m2025-09-19 20:13:29 - Generating prompt #9 (Section 1, Prompt 9/17)[0m
[1;33m2025-09-19 20:13:29 - Running prompt generation...[0m
PROMPT GENERATION COMPLETE - Prompt #9
[0;32m2025-09-19 20:13:49 - Completed prompt #9[0m
[0;34m2025-09-19 20:13:54 - Generating prompt #10 (Section 1, Prompt 10/17)[0m
[1;33m2025-09-19 20:13:54 - Running prompt generation...[0m
PROMPT GENERATION COMPLETE - Prompt #10
[0;32m2025-09-19 20:14:13 - Completed prompt #10[0m
[0;34m2025-09-19 20:14:18 - Generating prompt #11 (Section 1, Prompt 11/17)[0m
[1;33m2025-09-19 20:14:18 - Running prompt generation...[0m
PROMPT GENERATION COMPLETE - Prompt #11
[0;32m2025-09-19 20:14:40 - Completed prompt #11[0m
[0;34m2025-09-19 20:14:45 - Generating prompt #12 (Section 1, Prompt 12/17)[0m
[1;33m2025-09-19 20:14:45 - Running prompt generation...[0m
PROMPT GENERATION COMPLETE - Prompt #12
[0;32m2025-09-19 20:15:05 - Completed prompt #12[0m
[0;34m2025-09-19 20:15:10 - Generating prompt #13 (Section 1, Prompt 13/17)[0m
[1;33m2025-09-19 20:15:10 - Running prompt generation...[0m
PROMPT GENERATION COMPLETE - Prompt #13
[0;32m2025-09-19 20:15:30 - Completed prompt #13[0m
[0;34m2025-09-19 20:15:35 - Generating prompt #14 (Section 1, Prompt 14/17)[0m
[1;33m2025-09-19 20:15:35 - Running prompt generation...[0m
PROMPT GENERATION COMPLETE - Prompt #14
[0;32m2025-09-19 20:15:55 - Completed prompt #14[0m
[0;34m2025-09-19 20:16:00 - Generating prompt #15 (Section 1, Prompt 15/17)[0m
[1;33m2025-09-19 20:16:00 - Running prompt generation...[0m
PROMPT GENERATION COMPLETE - Prompt #15
[0;32m2025-09-19 20:16:20 - Completed prompt #15[0m
[0;34m2025-09-19 20:16:25 - Generating prompt #16 (Section 1, Prompt 16/17)[0m
[1;33m2025-09-19 20:16:25 - Running prompt generation...[0m
PROMPT GENERATION COMPLETE - Prompt #16
[0;32m2025-09-19 20:16:46 - Completed prompt #16[0m
[0;34m2025-09-19 20:16:51 - Generating prompt #17 (Section 1, Prompt 17/17)[0m
[1;33m2025-09-19 20:16:51 - Running prompt generation...[0m
PROMPT GENERATION COMPLETE - Prompt #17
[0;32m2025-09-19 20:17:12 - Completed prompt #17[0m
[0;34m2025-09-19 20:17:17 - Generating prompt #18 (Section 2, Prompt 1/17)[0m
[1;33m2025-09-19 20:17:17 - Running prompt generation...[0m
PROMPT GENERATION COMPLETE - Prompt #18
[0;32m2025-09-19 20:17:38 - Completed prompt #18[0m
[0;34m2025-09-19 20:17:43 - Generating prompt #19 (Section 2, Prompt 2/17)[0m
[1;33m2025-09-19 20:17:43 - Running prompt generation...[0m
PROMPT GENERATION COMPLETE - Prompt #19
[0;32m2025-09-19 20:18:04 - Completed prompt #19[0m
[0;34m2025-09-19 20:18:09 - Generating prompt #20 (Section 2, Prompt 3/17)[0m
[1;33m2025-09-19 20:18:09 - Running prompt generation...[0m
PROMPT GENERATION COMPLETE - Prompt #20
[0;32m2025-09-19 20:18:30 - Completed prompt #20[0m
[0;34m2025-09-19 20:18:35 - Generating prompt #21 (Section 2, Prompt 4/17)[0m
[1;33m2025-09-19 20:18:35 - Running prompt generation...[0m
PROMPT GENERATION COMPLETE - Prompt #21
[0;32m2025-09-19 20:18:56 - Completed prompt #21[0m
[0;34m2025-09-19 20:19:01 - Generating prompt #22 (Section 2, Prompt 5/17)[0m
[1;33m2025-09-19 20:19:01 - Running prompt generation...[0m
PROMPT GENERATION COMPLETE - Prompt #22
[0;32m2025-09-19 20:19:24 - Completed prompt #22[0m
[0;34m2025-09-19 20:19:29 - Generating prompt #23 (Section 2, Prompt 6/17)[0m
[1;33m2025-09-19 20:19:29 - Running prompt generation...[0m
PROMPT GENERATION COMPLETE - Prompt #23
[0;32m2025-09-19 20:19:50 - Completed prompt #23[0m
[0;34m2025-09-19 20:19:55 - Generating prompt #24 (Section 2, Prompt 7/17)[0m
[1;33m2025-09-19 20:19:55 - Running prompt generation...[0m
PROMPT GENERATION COMPLETE - Prompt #24
[0;32m2025-09-19 20:20:16 - Completed prompt #24[0m
[0;34m2025-09-19 20:20:21 - Generating prompt #25 (Section 2, Prompt 8/17)[0m
[1;33m2025-09-19 20:20:22 - Running prompt generation...[0m
PROMPT GENERATION COMPLETE - Prompt #25
[0;32m2025-09-19 20:20:48 - Completed prompt #25[0m
[0;34m2025-09-19 20:20:53 - Generating prompt #26 (Section 2, Prompt 9/17)[0m
[1;33m2025-09-19 20:20:53 - Running prompt generation...[0m
PROMPT GENERATION COMPLETE - Prompt #26
[0;32m2025-09-19 20:21:14 - Completed prompt #26[0m
[0;34m2025-09-19 20:21:19 - Generating prompt #27 (Section 2, Prompt 10/17)[0m
[1;33m2025-09-19 20:21:19 - Running prompt generation...[0m
PROMPT GENERATION COMPLETE - Prompt #27
[0;32m2025-09-19 20:21:41 - Completed prompt #27[0m
[0;34m2025-09-19 20:21:46 - Generating prompt #28 (Section 2, Prompt 11/17)[0m
[1;33m2025-09-19 20:21:46 - Running prompt generation...[0m
PROMPT GENERATION COMPLETE - Prompt #28
[0;32m2025-09-19 20:22:07 - Completed prompt #28[0m
[0;34m2025-09-19 20:22:12 - Generating prompt #29 (Section 2, Prompt 12/17)[0m
[1;33m2025-09-19 20:22:12 - Running prompt generation...[0m
PROMPT GENERATION COMPLETE - Prompt #29
[0;32m2025-09-19 20:22:36 - Completed prompt #29[0m
[0;34m2025-09-19 20:22:41 - Generating prompt #30 (Section 2, Prompt 13/17)[0m
[1;33m2025-09-19 20:22:41 - Running prompt generation...[0m
PROMPT GENERATION COMPLETE - Prompt #30
[0;32m2025-09-19 20:23:03 - Completed prompt #30[0m
[0;34m2025-09-19 20:23:08 - Generating prompt #31 (Section 2, Prompt 14/17)[0m
[1;33m2025-09-19 20:23:08 - Running prompt generation...[0m
PROMPT GENERATION COMPLETE - Prompt #31
[0;32m2025-09-19 20:23:30 - Completed prompt #31[0m
[0;34m2025-09-19 20:23:35 - Generating prompt #32 (Section 2, Prompt 15/17)[0m
[1;33m2025-09-19 20:23:35 - Running prompt generation...[0m
PROMPT GENERATION COMPLETE - Prompt #32
[0;32m2025-09-19 20:23:56 - Completed prompt #32[0m
[0;34m2025-09-19 20:24:01 - Generating prompt #33 (Section 2, Prompt 16/17)[0m
[1;33m2025-09-19 20:24:01 - Running prompt generation...[0m
PROMPT GENERATION COMPLETE - Prompt #33
[0;32m2025-09-19 20:24:22 - Completed prompt #33[0m
[0;34m2025-09-19 20:24:27 - Generating prompt #34 (Section 2, Prompt 17/17)[0m
[1;33m2025-09-19 20:24:27 - Running prompt generation...[0m
PROMPT GENERATION COMPLETE - Prompt #34
[0;32m2025-09-19 20:24:47 - Completed prompt #34[0m
[0;34m2025-09-19 20:24:52 - Generating prompt #35 (Section 3, Prompt 1/17)[0m
[1;33m2025-09-19 20:24:52 - Running prompt generation...[0m
PROMPT GENERATION COMPLETE - Prompt #35
[0;32m2025-09-19 20:25:14 - Completed prompt #35[0m
[0;34m2025-09-19 20:25:19 - Generating prompt #36 (Section 3, Prompt 2/17)[0m
[1;33m2025-09-19 20:25:19 - Running prompt generation...[0m
PROMPT GENERATION COMPLETE - Prompt #36
[0;32m2025-09-19 20:25:41 - Completed prompt #36[0m
[0;34m2025-09-19 20:25:46 - Generating prompt #37 (Section 3, Prompt 3/17)[0m
[1;33m2025-09-19 20:25:46 - Running prompt generation...[0m
PROMPT GENERATION COMPLETE - Prompt #37
[0;32m2025-09-19 20:26:05 - Completed prompt #37[0m
[0;34m2025-09-19 20:26:10 - Generating prompt #38 (Section 3, Prompt 4/17)[0m
[1;33m2025-09-19 20:26:10 - Running prompt generation...[0m
PROMPT GENERATION COMPLETE - Prompt #38
[0;32m2025-09-19 20:26:31 - Completed prompt #38[0m
[0;34m2025-09-19 20:26:36 - Generating prompt #39 (Section 3, Prompt 5/17)[0m
[1;33m2025-09-19 20:26:36 - Running prompt generation...[0m
PROMPT GENERATION COMPLETE - Prompt #39
[0;32m2025-09-19 20:27:00 - Completed prompt #39[0m
[0;34m2025-09-19 20:27:05 - Generating prompt #40 (Section 3, Prompt 6/17)[0m
[1;33m2025-09-19 20:27:05 - Running prompt generation...[0m
PROMPT GENERATION COMPLETE - Prompt #40
[0;32m2025-09-19 20:27:27 - Completed prompt #40[0m
[0;34m2025-09-19 20:27:32 - Generating prompt #41 (Section 3, Prompt 7/17)[0m
[1;33m2025-09-19 20:27:32 - Running prompt generation...[0m
PROMPT GENERATION COMPLETE - Prompt #41
[0;32m2025-09-19 20:27:54 - Completed prompt #41[0m
[0;34m2025-09-19 20:27:59 - Generating prompt #42 (Section 3, Prompt 8/17)[0m
[1;33m2025-09-19 20:27:59 - Running prompt generation...[0m
PROMPT GENERATION COMPLETE - Prompt #42
[0;32m2025-09-19 20:28:19 - Completed prompt #42[0m
[0;34m2025-09-19 20:28:24 - Generating prompt #43 (Section 3, Prompt 9/17)[0m
[1;33m2025-09-19 20:28:24 - Running prompt generation...[0m
PROMPT GENERATION COMPLETE - Prompt #43
[0;32m2025-09-19 20:28:45 - Completed prompt #43[0m
[0;34m2025-09-19 20:28:50 - Generating prompt #44 (Section 3, Prompt 10/17)[0m
[1;33m2025-09-19 20:28:50 - Running prompt generation...[0m
PROMPT GENERATION COMPLETE - Prompt #44
[0;32m2025-09-19 20:29:11 - Completed prompt #44[0m
[0;34m2025-09-19 20:29:16 - Generating prompt #45 (Section 3, Prompt 11/17)[0m
[1;33m2025-09-19 20:29:16 - Running prompt generation...[0m
PROMPT GENERATION COMPLETE - Prompt #45
[0;32m2025-09-19 20:29:38 - Completed prompt #45[0m
[0;34m2025-09-19 20:29:43 - Generating prompt #46 (Section 3, Prompt 12/17)[0m
[1;33m2025-09-19 20:29:43 - Running prompt generation...[0m
PROMPT GENERATION COMPLETE - Prompt #46
[0;32m2025-09-19 20:30:05 - Completed prompt #46[0m
[0;34m2025-09-19 20:30:10 - Generating prompt #47 (Section 3, Prompt 13/17)[0m
[1;33m2025-09-19 20:30:10 - Running prompt generation...[0m
PROMPT GENERATION COMPLETE - Prompt #47
[0;32m2025-09-19 20:30:35 - Completed prompt #47[0m
[0;34m2025-09-19 20:30:40 - Generating prompt #48 (Section 3, Prompt 14/17)[0m
[1;33m2025-09-19 20:30:40 - Running prompt generation...[0m
5-hour limit reached ∙ resets 12am
[0;32m2025-09-19 20:31:03 - Completed prompt #48[0m
[0;34m2025-09-19 20:31:08 - Generating prompt #49 (Section 3, Prompt 15/17)[0m
[1;33m2025-09-19 20:31:08 - Running prompt generation...[0m
5-hour limit reached ∙ resets 12am
[0;32m2025-09-19 20:31:15 - Completed prompt #49[0m
[0;34m2025-09-19 20:31:20 - Generating prompt #50 (Section 3, Prompt 16/17)[0m
[1;33m2025-09-19 20:31:20 - Running prompt generation...[0m
5-hour limit reached ∙ resets 12am
[0;32m2025-09-19 20:31:29 - Completed prompt #50[0m
[0;34m2025-09-19 20:31:34 - Generating prompt #51 (Section 3, Prompt 17/17)[0m
[1;33m2025-09-19 20:31:34 - Running prompt generation...[0m
5-hour limit reached ∙ resets 12am
[0;32m2025-09-19 20:31:42 - Completed prompt #51[0m
[0;34m2025-09-19 20:31:47 - Generating prompt #52 (Section 4, Prompt 1/17)[0m
[1;33m2025-09-19 20:31:47 - Running prompt generation...[0m
5-hour limit reached ∙ resets 12am
[0;32m2025-09-19 20:31:55 - Completed prompt #52[0m
[0;34m2025-09-19 20:32:00 - Generating prompt #53 (Section 4, Prompt 2/17)[0m
[1;33m2025-09-19 20:32:00 - Running prompt generation...[0m
5-hour limit reached ∙ resets 12am
[0;32m2025-09-19 20:32:09 - Completed prompt #53[0m
[0;34m2025-09-19 20:32:14 - Generating prompt #54 (Section 4, Prompt 3/17)[0m
[1;33m2025-09-19 20:32:15 - Running prompt generation...[0m
5-hour limit reached ∙ resets 12am
[0;32m2025-09-19 20:32:22 - Completed prompt #54[0m
[0;34m2025-09-19 20:32:27 - Generating prompt #55 (Section 4, Prompt 4/17)[0m
[1;33m2025-09-19 20:32:27 - Running prompt generation...[0m
5-hour limit reached ∙ resets 12am
[0;32m2025-09-19 20:32:35 - Completed prompt #55[0m
[0;34m2025-09-19 20:32:40 - Generating prompt #56 (Section 4, Prompt 5/17)[0m
[1;33m2025-09-19 20:32:40 - Running prompt generation...[0m
5-hour limit reached ∙ resets 12am
[0;32m2025-09-19 20:32:48 - Completed prompt #56[0m
[0;34m2025-09-19 20:32:53 - Generating prompt #57 (Section 4, Prompt 6/17)[0m
[1;33m2025-09-19 20:32:53 - Running prompt generation...[0m
5-hour limit reached ∙ resets 12am
[0;32m2025-09-19 20:33:03 - Completed prompt #57[0m
[0;34m2025-09-19 20:33:08 - Generating prompt #58 (Section 4, Prompt 7/17)[0m
[1;33m2025-09-19 20:33:08 - Running prompt generation...[0m
5-hour limit reached ∙ resets 12am
[0;32m2025-09-19 20:33:17 - Completed prompt #58[0m
[0;34m2025-09-19 20:33:22 - Generating prompt #59 (Section 4, Prompt 8/17)[0m
[1;33m2025-09-19 20:33:22 - Running prompt generation...[0m
5-hour limit reached ∙ resets 12am
[0;32m2025-09-19 20:33:30 - Completed prompt #59[0m
[0;34m2025-09-19 20:33:35 - Generating prompt #60 (Section 4, Prompt 9/17)[0m
[1;33m2025-09-19 20:33:35 - Running prompt generation...[0m
5-hour limit reached ∙ resets 12am
[0;32m2025-09-19 20:33:44 - Completed prompt #60[0m
[0;34m2025-09-19 20:33:49 - Generating prompt #61 (Section 4, Prompt 10/17)[0m
[1;33m2025-09-19 20:33:49 - Running prompt generation...[0m
5-hour limit reached ∙ resets 12am
[0;32m2025-09-19 20:33:57 - Completed prompt #61[0m
[0;34m2025-09-19 20:34:02 - Generating prompt #62 (Section 4, Prompt 11/17)[0m
[1;33m2025-09-19 20:34:02 - Running prompt generation...[0m
5-hour limit reached ∙ resets 12am
[0;32m2025-09-19 20:34:11 - Completed prompt #62[0m
[0;34m2025-09-19 20:34:16 - Generating prompt #63 (Section 4, Prompt 12/17)[0m
[1;33m2025-09-19 20:34:16 - Running prompt generation...[0m
5-hour limit reached ∙ resets 12am
[0;32m2025-09-19 20:34:26 - Completed prompt #63[0m
[0;34m2025-09-19 20:34:31 - Generating prompt #64 (Section 4, Prompt 13/17)[0m
[1;33m2025-09-19 20:34:31 - Running prompt generation...[0m
5-hour limit reached ∙ resets 12am
[0;32m2025-09-19 20:34:39 - Completed prompt #64[0m
[0;34m2025-09-19 20:34:45 - Generating prompt #65 (Section 4, Prompt 14/17)[0m
[1;33m2025-09-19 20:34:45 - Running prompt generation...[0m
5-hour limit reached ∙ resets 12am
[0;32m2025-09-19 20:34:52 - Completed prompt #65[0m
[0;34m2025-09-19 20:34:57 - Generating prompt #66 (Section 4, Prompt 15/17)[0m
[1;33m2025-09-19 20:34:57 - Running prompt generation...[0m
5-hour limit reached ∙ resets 12am
[0;32m2025-09-19 20:35:05 - Completed prompt #66[0m
[0;34m2025-09-19 20:35:11 - Generating prompt #67 (Section 4, Prompt 16/17)[0m
[1;33m2025-09-19 20:35:11 - Running prompt generation...[0m
5-hour limit reached ∙ resets 12am
[0;32m2025-09-19 20:35:19 - Completed prompt #67[0m
[0;34m2025-09-19 20:35:24 - Generating prompt #68 (Section 4, Prompt 17/17)[0m
[1;33m2025-09-19 20:35:24 - Running prompt generation...[0m
5-hour limit reached ∙ resets 12am
[0;32m2025-09-19 20:35:33 - Completed prompt #68[0m
[0;34m2025-09-19 20:35:38 - Generating prompt #69 (Section 5, Prompt 1/17)[0m
[1;33m2025-09-19 20:35:38 - Running prompt generation...[0m
5-hour limit reached ∙ resets 12am
[0;32m2025-09-19 20:35:46 - Completed prompt #69[0m
[0;34m2025-09-19 20:35:52 - Generating prompt #70 (Section 5, Prompt 2/17)[0m
[1;33m2025-09-19 20:35:52 - Running prompt generation...[0m
5-hour limit reached ∙ resets 12am
[0;32m2025-09-19 20:36:00 - Completed prompt #70[0m
[0;34m2025-09-19 20:36:05 - Generating prompt #71 (Section 5, Prompt 3/17)[0m
[1;33m2025-09-19 20:36:05 - Running prompt generation...[0m
5-hour limit reached ∙ resets 12am
[0;32m2025-09-19 20:36:14 - Completed prompt #71[0m
[0;34m2025-09-19 20:36:19 - Generating prompt #72 (Section 5, Prompt 4/17)[0m
[1;33m2025-09-19 20:36:19 - Running prompt generation...[0m
5-hour limit reached ∙ resets 12am
[0;32m2025-09-19 20:36:27 - Completed prompt #72[0m
[0;34m2025-09-19 20:36:32 - Generating prompt #73 (Section 5, Prompt 5/17)[0m
[1;33m2025-09-19 20:36:32 - Running prompt generation...[0m
5-hour limit reached ∙ resets 12am
[0;32m2025-09-19 20:36:41 - Completed prompt #73[0m
[0;34m2025-09-19 20:36:46 - Generating prompt #74 (Section 5, Prompt 6/17)[0m
[1;33m2025-09-19 20:36:46 - Running prompt generation...[0m
5-hour limit reached ∙ resets 12am
[0;32m2025-09-19 20:36:55 - Completed prompt #74[0m
[0;34m2025-09-19 20:37:00 - Generating prompt #75 (Section 5, Prompt 7/17)[0m
[1;33m2025-09-19 20:37:00 - Running prompt generation...[0m
5-hour limit reached ∙ resets 12am
[0;32m2025-09-19 20:37:08 - Completed prompt #75[0m
[0;34m2025-09-19 20:37:13 - Generating prompt #76 (Section 5, Prompt 8/17)[0m
[1;33m2025-09-19 20:37:13 - Running prompt generation...[0m
5-hour limit reached ∙ resets 12am
[0;32m2025-09-19 20:37:23 - Completed prompt #76[0m
[0;34m2025-09-19 20:37:28 - Generating prompt #77 (Section 5, Prompt 9/17)[0m
[1;33m2025-09-19 20:37:28 - Running prompt generation...[0m
5-hour limit reached ∙ resets 12am
[0;32m2025-09-19 20:37:37 - Completed prompt #77[0m
[0;34m2025-09-19 20:37:42 - Generating prompt #78 (Section 5, Prompt 10/17)[0m
[1;33m2025-09-19 20:37:42 - Running prompt generation...[0m
5-hour limit reached ∙ resets 12am
[0;32m2025-09-19 20:37:51 - Completed prompt #78[0m
[0;34m2025-09-19 20:37:56 - Generating prompt #79 (Section 5, Prompt 11/17)[0m
[1;33m2025-09-19 20:37:56 - Running prompt generation...[0m
5-hour limit reached ∙ resets 12am
[0;32m2025-09-19 20:38:04 - Completed prompt #79[0m
[0;34m2025-09-19 20:38:10 - Generating prompt #80 (Section 5, Prompt 12/17)[0m
[1;33m2025-09-19 20:38:10 - Running prompt generation...[0m
5-hour limit reached ∙ resets 12am
[0;32m2025-09-19 20:38:19 - Completed prompt #80[0m
[0;34m2025-09-19 20:38:24 - Generating prompt #81 (Section 5, Prompt 13/17)[0m
[1;33m2025-09-19 20:38:24 - Running prompt generation...[0m
5-hour limit reached ∙ resets 12am
[0;32m2025-09-19 20:38:34 - Completed prompt #81[0m
[0;34m2025-09-19 20:38:39 - Generating prompt #82 (Section 5, Prompt 14/17)[0m
[1;33m2025-09-19 20:38:39 - Running prompt generation...[0m
5-hour limit reached ∙ resets 12am
[0;32m2025-09-19 20:38:49 - Completed prompt #82[0m
[0;34m2025-09-19 20:38:54 - Generating prompt #83 (Section 5, Prompt 15/17)[0m
[1;33m2025-09-19 20:38:54 - Running prompt generation...[0m
5-hour limit reached ∙ resets 12am
[0;32m2025-09-19 20:39:04 - Completed prompt #83[0m
[0;34m2025-09-19 20:39:09 - Generating prompt #84 (Section 5, Prompt 16/17)[0m
[1;33m2025-09-19 20:39:09 - Running prompt generation...[0m
5-hour limit reached ∙ resets 12am
[0;32m2025-09-19 20:39:19 - Completed prompt #84[0m
[0;34m2025-09-19 20:39:24 - Generating prompt #85 (Section 5, Prompt 17/17)[0m
[1;33m2025-09-19 20:39:24 - Running prompt generation...[0m
5-hour limit reached ∙ resets 12am
[0;32m2025-09-19 20:39:30 - Completed prompt #85[0m
[0;34m2025-09-19 20:39:35 - Generating prompt #86 (Section 6, Prompt 1/17)[0m
[1;33m2025-09-19 20:39:35 - Running prompt generation...[0m
5-hour limit reached ∙ resets 12am
[0;32m2025-09-19 20:39:43 - Completed prompt #86[0m
[0;34m2025-09-19 20:39:48 - Generating prompt #87 (Section 6, Prompt 2/17)[0m
[1;33m2025-09-19 20:39:48 - Running prompt generation...[0m
5-hour limit reached ∙ resets 12am
[0;32m2025-09-19 20:39:57 - Completed prompt #87[0m
[0;34m2025-09-19 20:40:02 - Generating prompt #88 (Section 6, Prompt 3/17)[0m
[1;33m2025-09-19 20:40:02 - Running prompt generation...[0m
5-hour limit reached ∙ resets 12am
[0;32m2025-09-19 20:40:09 - Completed prompt #88[0m
[0;34m2025-09-19 20:40:14 - Generating prompt #89 (Section 6, Prompt 4/17)[0m
[1;33m2025-09-19 20:40:14 - Running prompt generation...[0m
5-hour limit reached ∙ resets 12am
[0;32m2025-09-19 20:40:24 - Completed prompt #89[0m
[0;34m2025-09-19 20:40:29 - Generating prompt #90 (Section 6, Prompt 5/17)[0m
[1;33m2025-09-19 20:40:29 - Running prompt generation...[0m
5-hour limit reached ∙ resets 12am
[0;32m2025-09-19 20:40:38 - Completed prompt #90[0m
[0;34m2025-09-19 20:40:43 - Generating prompt #91 (Section 6, Prompt 6/17)[0m
[1;33m2025-09-19 20:40:43 - Running prompt generation...[0m
5-hour limit reached ∙ resets 12am
[0;32m2025-09-19 20:40:51 - Completed prompt #91[0m
[0;34m2025-09-19 20:40:56 - Generating prompt #92 (Section 6, Prompt 7/17)[0m
[1;33m2025-09-19 20:40:56 - Running prompt generation...[0m
5-hour limit reached ∙ resets 12am
[0;32m2025-09-19 20:41:04 - Completed prompt #92[0m
[0;34m2025-09-19 20:41:09 - Generating prompt #93 (Section 6, Prompt 8/17)[0m
[1;33m2025-09-19 20:41:09 - Running prompt generation...[0m
5-hour limit reached ∙ resets 12am
[0;32m2025-09-19 20:41:18 - Completed prompt #93[0m
[0;34m2025-09-19 20:41:23 - Generating prompt #94 (Section 6, Prompt 9/17)[0m
[1;33m2025-09-19 20:41:23 - Running prompt generation...[0m
5-hour limit reached ∙ resets 12am
[0;32m2025-09-19 20:41:32 - Completed prompt #94[0m
[0;34m2025-09-19 20:41:37 - Generating prompt #95 (Section 6, Prompt 10/17)[0m
[1;33m2025-09-19 20:41:37 - Running prompt generation...[0m
5-hour limit reached ∙ resets 12am
[0;32m2025-09-19 20:41:44 - Completed prompt #95[0m
[0;34m2025-09-19 20:41:49 - Generating prompt #96 (Section 6, Prompt 11/17)[0m
[1;33m2025-09-19 20:41:49 - Running prompt generation...[0m
5-hour limit reached ∙ resets 12am
[0;32m2025-09-19 20:41:57 - Completed prompt #96[0m
[0;34m2025-09-19 20:42:02 - Generating prompt #97 (Section 6, Prompt 12/17)[0m
[1;33m2025-09-19 20:42:02 - Running prompt generation...[0m
5-hour limit reached ∙ resets 12am
[0;32m2025-09-19 20:42:09 - Completed prompt #97[0m
[0;34m2025-09-19 20:42:14 - Generating prompt #98 (Section 6, Prompt 13/17)[0m
[1;33m2025-09-19 20:42:14 - Running prompt generation...[0m
5-hour limit reached ∙ resets 12am
[0;32m2025-09-19 20:42:21 - Completed prompt #98[0m
[0;34m2025-09-19 20:42:26 - Generating prompt #99 (Section 6, Prompt 14/17)[0m
[1;33m2025-09-19 20:42:27 - Running prompt generation...[0m
5-hour limit reached ∙ resets 12am
[0;32m2025-09-19 20:42:36 - Completed prompt #99[0m
[0;34m2025-09-19 20:42:41 - Generating prompt #100 (Section 6, Prompt 15/17)[0m
[1;33m2025-09-19 20:42:41 - Running prompt generation...[0m
5-hour limit reached ∙ resets 12am
[0;32m2025-09-19 20:42:49 - Completed prompt #100[0m
[0;34m2025-09-19 20:42:54 - Generating prompt #101 (Section 6, Prompt 16/17)[0m
[1;33m2025-09-19 20:42:54 - Running prompt generation...[0m
5-hour limit reached ∙ resets 12am
[0;32m2025-09-19 20:43:02 - Completed prompt #101[0m
[0;34m2025-09-19 20:43:07 - Generating prompt #102 (Section 6, Prompt 17/17)[0m
[1;33m2025-09-19 20:43:07 - Running prompt generation...[0m
5-hour limit reached ∙ resets 12am
[0;32m2025-09-19 20:43:15 - Completed prompt #102[0m
[0;34m2025-09-20 00:04:07 - Starting Prompt Generation Cycle for template: dropshipping[0m
[0;32m2025-09-20 00:04:07 - Using existing worktree: ../templata-dropshipping[0m
[0;34m2025-09-20 00:04:07 - Generating prompt #49 (Section 3, Prompt 15/17)[0m
[1;33m2025-09-20 00:04:07 - Running prompt generation...[0m
PROMPT GENERATION COMPLETE - Prompt #49
[0;32m2025-09-20 00:04:30 - Completed prompt #49[0m
[0;34m2025-09-20 00:04:35 - Generating prompt #50 (Section 3, Prompt 16/17)[0m
[1;33m2025-09-20 00:04:35 - Running prompt generation...[0m
PROMPT GENERATION COMPLETE - Prompt #50
[0;32m2025-09-20 00:05:30 - Completed prompt #50[0m
[0;34m2025-09-20 00:05:35 - Generating prompt #51 (Section 3, Prompt 17/17)[0m
[1;33m2025-09-20 00:05:35 - Running prompt generation...[0m
PROMPT GENERATION COMPLETE - Prompt #51
[0;32m2025-09-20 00:06:14 - Completed prompt #51[0m
[0;34m2025-09-20 00:06:20 - Generating prompt #52 (Section 4, Prompt 1/17)[0m
[1;33m2025-09-20 00:06:20 - Running prompt generation...[0m
PROMPT GENERATION COMPLETE - Prompt #52
[0;32m2025-09-20 00:06:50 - Completed prompt #52[0m
[0;34m2025-09-20 00:06:55 - Generating prompt #53 (Section 4, Prompt 2/17)[0m
[1;33m2025-09-20 00:06:56 - Running prompt generation...[0m
PROMPT GENERATION COMPLETE - Prompt #53
[0;32m2025-09-20 00:07:40 - Completed prompt #53[0m
[0;34m2025-09-20 00:07:46 - Generating prompt #54 (Section 4, Prompt 3/17)[0m
[1;33m2025-09-20 00:07:46 - Running prompt generation...[0m
PROMPT GENERATION COMPLETE - Prompt #54
[0;32m2025-09-20 00:08:27 - Completed prompt #54[0m
[0;34m2025-09-20 00:08:32 - Generating prompt #55 (Section 4, Prompt 4/17)[0m
[1;33m2025-09-20 00:08:32 - Running prompt generation...[0m
PROMPT GENERATION COMPLETE - Prompt #55
[0;32m2025-09-20 00:09:06 - Completed prompt #55[0m
[0;34m2025-09-20 00:09:12 - Generating prompt #56 (Section 4, Prompt 5/17)[0m
[1;33m2025-09-20 00:09:13 - Running prompt generation...[0m
PROMPT GENERATION COMPLETE - Prompt #56
[0;32m2025-09-20 00:09:45 - Completed prompt #56[0m
[0;34m2025-09-20 00:09:50 - Generating prompt #57 (Section 4, Prompt 6/17)[0m
[1;33m2025-09-20 00:09:50 - Running prompt generation...[0m
PROMPT GENERATION COMPLETE - Prompt #57
[0;32m2025-09-20 00:10:27 - Completed prompt #57[0m
[0;34m2025-09-20 00:10:32 - Generating prompt #58 (Section 4, Prompt 7/17)[0m
[1;33m2025-09-20 00:10:32 - Running prompt generation...[0m
PROMPT GENERATION COMPLETE - Prompt #58
[0;32m2025-09-20 00:10:56 - Completed prompt #58[0m
[0;34m2025-09-20 00:11:01 - Generating prompt #59 (Section 4, Prompt 8/17)[0m
[1;33m2025-09-20 00:11:01 - Running prompt generation...[0m
[0;34m2025-09-20 00:11:33 - Starting Prompt Generation Cycle for template: dropshipping[0m
[0;32m2025-09-20 00:11:33 - Using existing worktree: ../templata-dropshipping[0m
[0;34m2025-09-20 00:11:33 - Generating prompt #59 (Section 4, Prompt 8/17)[0m
[1;33m2025-09-20 00:11:33 - Running prompt generation...[0m
PROMPT GENERATION COMPLETE - Prompt #59
[0;32m2025-09-20 00:11:48 - Completed prompt #59[0m
[0;34m2025-09-20 00:11:54 - Generating prompt #60 (Section 4, Prompt 9/17)[0m
[1;33m2025-09-20 00:11:56 - Running prompt generation...[0m
