[0;34m2025-09-22 08:36:13 - Starting Prompt Generation Cycle for template: teenage-parenting[0m
[1;33m2025-09-22 08:36:13 - Override flag detected - resetting progress and recreating files[0m
[0;32m2025-09-22 08:36:13 - Progress reset to 0 for template: teenage-parenting[0m
[0;32m2025-09-22 08:36:13 - Using existing worktree: ../templata-teenage-parenting[0m
[1;33m2025-09-22 08:36:13 - Creating template prompt file: prompts-teenage-parenting.ts[0m
[0;32m2025-09-22 08:36:13 - Created template prompt file: ../templata-teenage-parenting/src/data/prompts-teenage-parenting.ts[0m
[0;34m2025-09-22 08:36:13 - Generating prompt #1 (Section 1, Prompt 1/17)[0m
[1;33m2025-09-22 08:36:13 - Running prompt generation...[0m
PROMPT GENERATION COMPLETE - Prompt #1
[0;32m2025-09-22 08:36:42 - Completed prompt #1[0m
[0;34m2025-09-22 08:36:47 - Generating prompt #2 (Section 1, Prompt 2/17)[0m
[1;33m2025-09-22 08:36:47 - Running prompt generation...[0m
PROMPT GENERATION COMPLETE - Prompt #2
[0;32m2025-09-22 08:37:18 - Completed prompt #2[0m
[0;34m2025-09-22 08:37:23 - Generating prompt #3 (Section 1, Prompt 3/17)[0m
[1;33m2025-09-22 08:37:24 - Running prompt generation...[0m
PROMPT GENERATION COMPLETE - Prompt #3
[0;32m2025-09-22 08:37:51 - Completed prompt #3[0m
[0;34m2025-09-22 08:37:56 - Generating prompt #4 (Section 1, Prompt 4/17)[0m
[1;33m2025-09-22 08:37:56 - Running prompt generation...[0m
PROMPT GENERATION COMPLETE - Prompt #4
[0;32m2025-09-22 08:38:22 - Completed prompt #4[0m
[0;34m2025-09-22 08:38:27 - Generating prompt #5 (Section 1, Prompt 5/17)[0m
[1;33m2025-09-22 08:38:27 - Running prompt generation...[0m
PROMPT GENERATION COMPLETE - Prompt #5
[0;32m2025-09-22 08:38:52 - Completed prompt #5[0m
[0;34m2025-09-22 08:38:57 - Generating prompt #6 (Section 1, Prompt 6/17)[0m
[1;33m2025-09-22 08:38:57 - Running prompt generation...[0m
PROMPT GENERATION COMPLETE - Prompt #6
[0;34m2025-09-22 08:56:35 - Starting Prompt Generation Cycle for template: teenage-parenting[0m
[0;32m2025-09-22 08:56:35 - Using existing worktree: ../templata-teenage-parenting[0m
[0;34m2025-09-22 08:56:35 - Generating prompt #6 (Section 1, Prompt 6/17)[0m
[1;33m2025-09-22 08:56:35 - Running prompt generation...[0m
I can see that prompt-6 already exists in the file, which is a budget planning prompt. Since you're asking for prompt #6 and it already exists, I'll provide the confirmation that this prompt is already in place.

Looking at the existing prompt-6, it's already a practical action focused on "Foundation and Understanding" - creating a detailed monthly budget for baby-related expenses, which is fundamental planning for teenage parents.

PROMPT GENERATION COMPLETE - Prompt #6
[0;32m2025-09-22 08:56:55 - Completed prompt #6[0m
[0;34m2025-09-22 08:57:01 - Generating prompt #7 (Section 1, Prompt 7/17)[0m
[1;33m2025-09-22 08:57:01 - Running prompt generation...[0m
PROMPT GENERATION COMPLETE - Prompt #7
[0;32m2025-09-22 08:57:24 - Completed prompt #7[0m
[0;34m2025-09-22 08:57:29 - Generating prompt #8 (Section 1, Prompt 8/17)[0m
[1;33m2025-09-22 08:57:29 - Running prompt generation...[0m
PROMPT GENERATION COMPLETE - Prompt #8
[0;32m2025-09-22 08:57:54 - Completed prompt #8[0m
[0;34m2025-09-22 08:57:59 - Generating prompt #9 (Section 1, Prompt 9/17)[0m
[1;33m2025-09-22 08:57:59 - Running prompt generation...[0m
PROMPT GENERATION COMPLETE - Prompt #9
[0;32m2025-09-22 08:58:22 - Completed prompt #9[0m
[0;34m2025-09-22 08:58:27 - Generating prompt #10 (Section 1, Prompt 10/17)[0m
[1;33m2025-09-22 08:58:27 - Running prompt generation...[0m
PROMPT GENERATION COMPLETE - Prompt #10
[0;32m2025-09-22 08:58:53 - Completed prompt #10[0m
[0;34m2025-09-22 08:58:58 - Generating prompt #11 (Section 1, Prompt 11/17)[0m
[1;33m2025-09-22 08:58:58 - Running prompt generation...[0m
PROMPT GENERATION COMPLETE - Prompt #11
[0;32m2025-09-22 08:59:21 - Completed prompt #11[0m
[0;34m2025-09-22 08:59:26 - Generating prompt #12 (Section 1, Prompt 12/17)[0m
[1;33m2025-09-22 08:59:26 - Running prompt generation...[0m
