[0;34m2025-09-22 00:07:51 - Starting Prompt Generation Cycle for template: workforce-reentry[0m
[1;33m2025-09-22 00:07:51 - Override flag detected - resetting progress and recreating files[0m
[0;32m2025-09-22 00:07:51 - Progress reset to 0 for template: workforce-reentry[0m
[0;32m2025-09-22 00:07:51 - Using existing worktree: ../templata-workforce-reentry[0m
[1;33m2025-09-22 00:07:51 - Creating template prompt file: prompts-workforce-reentry.ts[0m
[0;32m2025-09-22 00:07:51 - Created template prompt file: ../templata-workforce-reentry/src/data/prompts-workforce-reentry.ts[0m
[0;34m2025-09-22 00:07:51 - Generating prompt #1 (Section 1, Prompt 1/17)[0m
[1;33m2025-09-22 00:07:51 - Running prompt generation...[0m
PROMPT GENERATION COMPLETE - Prompt #1
[0;32m2025-09-22 00:08:18 - Completed prompt #1[0m
[0;34m2025-09-22 00:08:23 - Generating prompt #2 (Section 1, Prompt 2/17)[0m
[1;33m2025-09-22 00:08:23 - Running prompt generation...[0m
PROMPT GENERATION COMPLETE - Prompt #2
[0;32m2025-09-22 00:08:52 - Completed prompt #2[0m
[0;34m2025-09-22 00:08:57 - Generating prompt #3 (Section 1, Prompt 3/17)[0m
[1;33m2025-09-22 00:08:57 - Running prompt generation...[0m
PROMPT GENERATION COMPLETE - Prompt #3
[0;32m2025-09-22 00:09:23 - Completed prompt #3[0m
[0;34m2025-09-22 00:09:28 - Generating prompt #4 (Section 1, Prompt 4/17)[0m
[1;33m2025-09-22 00:09:28 - Running prompt generation...[0m
PROMPT GENERATION COMPLETE - Prompt #4
[0;32m2025-09-22 00:09:53 - Completed prompt #4[0m
[0;34m2025-09-22 00:09:58 - Generating prompt #5 (Section 1, Prompt 5/17)[0m
[1;33m2025-09-22 00:09:58 - Running prompt generation...[0m
PROMPT GENERATION COMPLETE - Prompt #5
[0;32m2025-09-22 00:10:23 - Completed prompt #5[0m
[0;34m2025-09-22 00:10:28 - Generating prompt #6 (Section 1, Prompt 6/17)[0m
[1;33m2025-09-22 00:10:29 - Running prompt generation...[0m
PROMPT GENERATION COMPLETE - Prompt #6
[0;32m2025-09-22 00:10:51 - Completed prompt #6[0m
[0;34m2025-09-22 00:10:56 - Generating prompt #7 (Section 1, Prompt 7/17)[0m
[1;33m2025-09-22 00:10:56 - Running prompt generation...[0m
PROMPT GENERATION COMPLETE - Prompt #7
[0;32m2025-09-22 00:11:21 - Completed prompt #7[0m
[0;34m2025-09-22 00:11:26 - Generating prompt #8 (Section 1, Prompt 8/17)[0m
[1;33m2025-09-22 00:11:26 - Running prompt generation...[0m
PROMPT GENERATION COMPLETE - Prompt #8
[0;32m2025-09-22 00:11:51 - Completed prompt #8[0m
[0;34m2025-09-22 00:11:56 - Generating prompt #9 (Section 1, Prompt 9/17)[0m
[1;33m2025-09-22 00:11:56 - Running prompt generation...[0m
PROMPT GENERATION COMPLETE - Prompt #9
[0;32m2025-09-22 00:12:19 - Completed prompt #9[0m
[0;34m2025-09-22 00:12:24 - Generating prompt #10 (Section 1, Prompt 10/17)[0m
[1;33m2025-09-22 00:12:24 - Running prompt generation...[0m
PROMPT GENERATION COMPLETE - Prompt #10
[0;32m2025-09-22 00:12:46 - Completed prompt #10[0m
[0;34m2025-09-22 00:12:51 - Generating prompt #11 (Section 1, Prompt 11/17)[0m
[1;33m2025-09-22 00:12:51 - Running prompt generation...[0m
PROMPT GENERATION COMPLETE - Prompt #11
[0;32m2025-09-22 00:13:14 - Completed prompt #11[0m
[0;34m2025-09-22 00:13:19 - Generating prompt #12 (Section 1, Prompt 12/17)[0m
[1;33m2025-09-22 00:13:19 - Running prompt generation...[0m
PROMPT GENERATION COMPLETE - Prompt #12
[0;34m2025-09-22 00:57:07 - Starting Prompt Generation Cycle for template: workforce-reentry[0m
[0;32m2025-09-22 00:57:07 - Using existing worktree: ../templata-workforce-reentry[0m
[0;34m2025-09-22 00:57:07 - Generating prompt #12 (Section 1, Prompt 12/17)[0m
[1;33m2025-09-22 00:57:07 - Running prompt generation...[0m
I see that prompt #12 already exists in the file. Based on the requirements asking for Prompt #12 in Section 1 "Foundation and Understanding", it appears the existing prompt is already appropriate for this section. The current prompt focuses on financial readiness assessment, which is a foundational understanding task for workforce reentry.

The existing prompt #12:
- **Prompt**: "Complete a comprehensive assessment of your financial readiness for workforce reentry by calculating your minimum salary needs and evaluating your budget flexibility"
- **Category**: 'planning' 
- **HelpText**: Explains why understanding financial requirements is crucial for setting realistic expectations and making informed career decisions

This prompt fits the "Foundation and Understanding" theme perfectly as it helps someone understand their financial baseline before re-entering the workforce, which is fundamental knowledge needed for the journey.

PROMPT GENERATION COMPLETE - Prompt #12
[0;32m2025-09-22 00:57:30 - Completed prompt #12[0m
[0;34m2025-09-22 00:57:35 - Generating prompt #13 (Section 1, Prompt 13/17)[0m
[1;33m2025-09-22 00:57:35 - Running prompt generation...[0m
PROMPT GENERATION COMPLETE - Prompt #13
[0;32m2025-09-22 00:57:57 - Completed prompt #13[0m
[0;34m2025-09-22 00:58:03 - Generating prompt #14 (Section 1, Prompt 14/17)[0m
[1;33m2025-09-22 00:58:03 - Running prompt generation...[0m
PROMPT GENERATION COMPLETE - Prompt #14
[0;32m2025-09-22 00:58:24 - Completed prompt #14[0m
[0;34m2025-09-22 00:58:29 - Generating prompt #15 (Section 1, Prompt 15/17)[0m
[1;33m2025-09-22 00:58:29 - Running prompt generation...[0m
PROMPT GENERATION COMPLETE - Prompt #15
[0;32m2025-09-22 00:58:53 - Completed prompt #15[0m
[0;34m2025-09-22 00:58:58 - Generating prompt #16 (Section 1, Prompt 16/17)[0m
[1;33m2025-09-22 00:58:58 - Running prompt generation...[0m
PROMPT GENERATION COMPLETE - Prompt #16
[0;32m2025-09-22 00:59:22 - Completed prompt #16[0m
[0;34m2025-09-22 00:59:27 - Generating prompt #17 (Section 1, Prompt 17/17)[0m
[1;33m2025-09-22 00:59:27 - Running prompt generation...[0m
PROMPT GENERATION COMPLETE - Prompt #17
[0;32m2025-09-22 00:59:50 - Completed prompt #17[0m
[0;34m2025-09-22 00:59:55 - Generating prompt #18 (Section 2, Prompt 1/17)[0m
[1;33m2025-09-22 00:59:55 - Running prompt generation...[0m
PROMPT GENERATION COMPLETE - Prompt #18
[0;32m2025-09-22 01:00:17 - Completed prompt #18[0m
[0;34m2025-09-22 01:00:22 - Generating prompt #19 (Section 2, Prompt 2/17)[0m
[1;33m2025-09-22 01:00:22 - Running prompt generation...[0m
PROMPT GENERATION COMPLETE - Prompt #19
[0;32m2025-09-22 01:00:44 - Completed prompt #19[0m
[0;34m2025-09-22 01:00:49 - Generating prompt #20 (Section 2, Prompt 3/17)[0m
[1;33m2025-09-22 01:00:49 - Running prompt generation...[0m
PROMPT GENERATION COMPLETE - Prompt #20
[0;32m2025-09-22 01:01:12 - Completed prompt #20[0m
[0;34m2025-09-22 01:01:17 - Generating prompt #21 (Section 2, Prompt 4/17)[0m
[1;33m2025-09-22 01:01:17 - Running prompt generation...[0m
PROMPT GENERATION COMPLETE - Prompt #21
[0;32m2025-09-22 01:01:39 - Completed prompt #21[0m
[0;34m2025-09-22 01:01:44 - Generating prompt #22 (Section 2, Prompt 5/17)[0m
[1;33m2025-09-22 01:01:44 - Running prompt generation...[0m
<invoke name="Edit">
<parameter name="file_path">/Users/ikim1/Documents/GitHub/templata-workforce-reentry/src/data/prompts-workforce-reentry.ts</parameter>
<parameter name="old_string">  {
    id: 'prompt-21',
    prompt: 'Schedule and attend 2 mock interviews with career counselors or trusted professionals to practice discussing your career break and current qualifications',
    category: 'action',
    helpText: 'Mock interviews are essential for rebuilding interview confidence after time away from the workforce and help you practice addressing potential employer concerns about your career gap. These practice sessions allow you to refine your responses about your time away, demonstrate your current knowledge, and receive feedback on your presentation and communication skills. Schedule these early in your preparation process so you have time to address any weaknesses before real interviews begin.'
  }
];</parameter>
<parameter name="new_string">  {
    id: 'prompt-21',
    prompt: 'Schedule and attend 2 mock interviews with career counselors or trusted professionals to practice discussing your career break and current qualifications',
    category: 'action',
    helpText: 'Mock interviews are essential for rebuilding interview confidence after time away from the workforce and help you practice addressing potential employer concerns about your career gap. These practice sessions allow you to refine your responses about your time away, demonstrate your current knowledge, and receive feedback on your presentation and communication skills. Schedule these early in your preparation process so you have time to address any weaknesses before real interviews begin.'
  },
  {
    id: 'prompt-22',
    prompt: 'Research and compile a comprehensive benefits comparison checklist covering health insurance, retirement plans, paid time off, and professional development opportunities for potential job offers',
    category: 'research',
    helpText: 'Understanding the full compensation package is crucial when evaluating job offers after a career break, as your priorities and needs may have changed during your time away. Create a detailed checklist that goes beyond salary to include health benefits, retirement contributions, flexible work arrangements, and learning opportunities. This research helps you make informed decisions about offers and negotiate more effectively by understanding the total value of each opportunity.'
  }
];</parameter>
</invoke>
[0;32m2025-09-22 01:02:04 - Completed prompt #22[0m
[0;34m2025-09-22 01:02:10 - Generating prompt #23 (Section 2, Prompt 6/17)[0m
[1;33m2025-09-22 01:02:10 - Running prompt generation...[0m
PROMPT GENERATION COMPLETE - Prompt #23
[0;32m2025-09-22 01:02:36 - Completed prompt #23[0m
[0;34m2025-09-22 01:02:41 - Generating prompt #24 (Section 2, Prompt 7/17)[0m
[1;33m2025-09-22 01:02:41 - Running prompt generation...[0m
PROMPT GENERATION COMPLETE - Prompt #24
[0;32m2025-09-22 01:03:04 - Completed prompt #24[0m
[0;34m2025-09-22 01:03:09 - Generating prompt #25 (Section 2, Prompt 8/17)[0m
[1;33m2025-09-22 01:03:09 - Running prompt generation...[0m
PROMPT GENERATION COMPLETE - Prompt #25
[0;32m2025-09-22 01:03:33 - Completed prompt #25[0m
[0;34m2025-09-22 01:03:38 - Generating prompt #26 (Section 2, Prompt 9/17)[0m
[1;33m2025-09-22 01:03:38 - Running prompt generation...[0m
<invoke name="Edit">
<parameter name="file_path">/Users/ikim1/Documents/GitHub/templata-workforce-reentry/src/data/prompts-workforce-reentry.ts</parameter>
<parameter name="old_string">  {
    id: 'prompt-25',
    prompt: 'Schedule and complete a professional headshot photo session to update your LinkedIn profile and other professional materials',
    category: 'action',
    helpText: 'A current, high-quality professional headshot significantly impacts your online presence and first impressions with potential employers and networking contacts. Your photo may be outdated from your previous career phase, and workplace photography standards have evolved to be more approachable yet polished. Invest in a professional photographer who specializes in corporate headshots to ensure proper lighting, background, and styling that reflects current professional standards.'
  }
];</parameter>
<parameter name="new_string">  {
    id: 'prompt-25',
    prompt: 'Schedule and complete a professional headshot photo session to update your LinkedIn profile and other professional materials',
    category: 'action',
    helpText: 'A current, high-quality professional headshot significantly impacts your online presence and first impressions with potential employers and networking contacts. Your photo may be outdated from your previous career phase, and workplace photography standards have evolved to be more approachable yet polished. Invest in a professional photographer who specializes in corporate headshots to ensure proper lighting, background, and styling that reflects current professional standards.'
  },
  {
    id: 'prompt-26',
    prompt: 'Research and compile a list of 5 professional staffing agencies and recruiters who specialize in your industry and schedule introductory meetings with them',
    category: 'research',
    helpText: 'Staffing agencies and specialized recruiters can be valuable allies in workforce reentry as they understand current market conditions, employer expectations, and may have relationships with companies open to hiring returning workers. Look for agencies that specialize in your field rather than general staffing firms, and prepare to discuss your career gap honestly. These professionals can provide market insights, salary guidance, and access to opportunities that may not be publicly posted.'
  }
];</parameter>
</invoke>
[0;32m2025-09-22 01:03:58 - Completed prompt #26[0m
[0;34m2025-09-22 01:04:03 - Generating prompt #27 (Section 2, Prompt 10/17)[0m
[1;33m2025-09-22 01:04:03 - Running prompt generation...[0m
PROMPT GENERATION COMPLETE - Prompt #27
[0;32m2025-09-22 01:04:30 - Completed prompt #27[0m
[0;34m2025-09-22 01:04:35 - Generating prompt #28 (Section 2, Prompt 11/17)[0m
[1;33m2025-09-22 01:04:35 - Running prompt generation...[0m
PROMPT GENERATION COMPLETE - Prompt #28
[0;32m2025-09-22 01:04:59 - Completed prompt #28[0m
[0;34m2025-09-22 01:05:05 - Generating prompt #29 (Section 2, Prompt 12/17)[0m
[1;33m2025-09-22 01:05:05 - Running prompt generation...[0m
PROMPT GENERATION COMPLETE - Prompt #29
[0;32m2025-09-22 01:05:29 - Completed prompt #29[0m
[0;34m2025-09-22 01:05:34 - Generating prompt #30 (Section 2, Prompt 13/17)[0m
[1;33m2025-09-22 01:05:34 - Running prompt generation...[0m
<invoke name="Edit">
<parameter name="file_path">/Users/ikim1/Documents/GitHub/templata-workforce-reentry/src/data/prompts-workforce-reentry.ts</parameter>
<parameter name="old_string">    helpText: 'A detailed tracking system prevents missed opportunities and helps you maintain professional follow-up during your job search process. Include columns for company names, contact information, application dates, interview stages, and next steps to stay organized as your search intensifies. This systematic approach demonstrates professionalism, helps you identify patterns in your search success, and ensures no potential opportunities fall through the cracks due to poor organization.'
  }
];</parameter>
<parameter name="new_string">    helpText: 'A detailed tracking system prevents missed opportunities and helps you maintain professional follow-up during your job search process. Include columns for company names, contact information, application dates, interview stages, and next steps to stay organized as your search intensifies. This systematic approach demonstrates professionalism, helps you identify patterns in your search success, and ensures no potential opportunities fall through the cracks due to poor organization.'
  },
  {
    id: 'prompt-30',
    prompt: 'Research and create a professional portfolio or work samples that demonstrate your skills and accomplishments from before your career break',
    category: 'action',
    helpText: 'A well-organized portfolio provides concrete evidence of your professional capabilities and helps address potential employer concerns about your skills after a career break. Gather previous work samples, project summaries, performance reviews, or awards that showcase your expertise and achievements. Create both digital and physical versions that you can easily share during interviews or networking conversations to demonstrate your proven track record and professional competence.'
  }
];</parameter>
</invoke>
[0;32m2025-09-22 01:05:55 - Completed prompt #30[0m
[0;34m2025-09-22 01:06:00 - Generating prompt #31 (Section 2, Prompt 14/17)[0m
[1;33m2025-09-22 01:06:00 - Running prompt generation...[0m
PROMPT GENERATION COMPLETE - Prompt #31
[0;32m2025-09-22 01:06:26 - Completed prompt #31[0m
[0;34m2025-09-22 01:06:31 - Generating prompt #32 (Section 2, Prompt 15/17)[0m
[1;33m2025-09-22 01:06:31 - Running prompt generation...[0m
PROMPT GENERATION COMPLETE - Prompt #32
[0;32m2025-09-22 01:06:52 - Completed prompt #32[0m
[0;34m2025-09-22 01:06:57 - Generating prompt #33 (Section 2, Prompt 16/17)[0m
[1;33m2025-09-22 01:06:58 - Running prompt generation...[0m
PROMPT GENERATION COMPLETE - Prompt #33
[0;32m2025-09-22 01:07:19 - Completed prompt #33[0m
[0;34m2025-09-22 01:07:24 - Generating prompt #34 (Section 2, Prompt 17/17)[0m
[1;33m2025-09-22 01:07:24 - Running prompt generation...[0m
PROMPT GENERATION COMPLETE - Prompt #34
[0;32m2025-09-22 01:07:48 - Completed prompt #34[0m
[0;34m2025-09-22 01:07:53 - Generating prompt #35 (Section 3, Prompt 1/17)[0m
[1;33m2025-09-22 01:07:53 - Running prompt generation...[0m
PROMPT GENERATION COMPLETE - Prompt #35
[0;32m2025-09-22 01:08:15 - Completed prompt #35[0m
[0;34m2025-09-22 01:08:20 - Generating prompt #36 (Section 3, Prompt 2/17)[0m
[1;33m2025-09-22 01:08:20 - Running prompt generation...[0m
PROMPT GENERATION COMPLETE - Prompt #36
[0;32m2025-09-22 01:08:43 - Completed prompt #36[0m
[0;34m2025-09-22 01:08:48 - Generating prompt #37 (Section 3, Prompt 3/17)[0m
[1;33m2025-09-22 01:08:48 - Running prompt generation...[0m
PROMPT GENERATION COMPLETE - Prompt #37
[0;32m2025-09-22 01:09:11 - Completed prompt #37[0m
[0;34m2025-09-22 01:09:17 - Generating prompt #38 (Section 3, Prompt 4/17)[0m
[1;33m2025-09-22 01:09:17 - Running prompt generation...[0m
<invoke name="Edit">
<parameter name="file_path">/Users/ikim1/Documents/GitHub/templata-workforce-reentry/src/data/prompts-workforce-reentry.ts</parameter>
<parameter name="old_string">  {
    id: 'prompt-37',
    prompt: 'Schedule and complete 2 practice interviews with industry professionals to rehearse discussing your career transition and demonstrate your updated skills',
    category: 'action',
    helpText: 'Practice interviews specifically focused on workforce reentry help you confidently address potential employer concerns about your time away while showcasing your refreshed capabilities. These sessions allow you to rehearse your transition story, practice discussing how your skills have evolved, and receive feedback on your interview performance. Having multiple practice rounds builds the confidence and polish needed to excel in real interviews when opportunities arise.'
  }</parameter>
<parameter name="new_string">  {
    id: 'prompt-37',
    prompt: 'Schedule and complete 2 practice interviews with industry professionals to rehearse discussing your career transition and demonstrate your updated skills',
    category: 'action',
    helpText: 'Practice interviews specifically focused on workforce reentry help you confidently address potential employer concerns about your time away while showcasing your refreshed capabilities. These sessions allow you to rehearse your transition story, practice discussing how your skills have evolved, and receive feedback on your interview performance. Having multiple practice rounds builds the confidence and polish needed to excel in real interviews when opportunities arise.'
  },
  {
    id: 'prompt-38',
    prompt: 'Research and attend 2 local job fairs or career events specifically targeting returning workers or professionals in your field',
    category: 'action',
    helpText: 'Job fairs and career events provide face-to-face networking opportunities and allow you to practice your elevator pitch in a supportive environment designed for job seekers. Many employers at these events are specifically looking for diverse candidates, including those returning to work after career breaks. These events help you build interview confidence, gather industry intelligence, and potentially connect directly with hiring managers who understand the value of experienced returning workers.'
  }</parameter>
</invoke>
[0;32m2025-09-22 01:09:37 - Completed prompt #38[0m
[0;34m2025-09-22 01:09:42 - Generating prompt #39 (Section 3, Prompt 5/17)[0m
[1;33m2025-09-22 01:09:42 - Running prompt generation...[0m
PROMPT GENERATION COMPLETE - Prompt #39
[0;32m2025-09-22 01:10:05 - Completed prompt #39[0m
[0;34m2025-09-22 01:10:10 - Generating prompt #40 (Section 3, Prompt 6/17)[0m
[1;33m2025-09-22 01:10:10 - Running prompt generation...[0m
PROMPT GENERATION COMPLETE - Prompt #40
[0;32m2025-09-22 01:10:35 - Completed prompt #40[0m
[0;34m2025-09-22 01:10:40 - Generating prompt #41 (Section 3, Prompt 7/17)[0m
[1;33m2025-09-22 01:10:40 - Running prompt generation...[0m
PROMPT GENERATION COMPLETE - Prompt #41
[0;32m2025-09-22 01:11:03 - Completed prompt #41[0m
[0;34m2025-09-22 01:11:08 - Generating prompt #42 (Section 3, Prompt 8/17)[0m
[1;33m2025-09-22 01:11:08 - Running prompt generation...[0m
PROMPT GENERATION COMPLETE - Prompt #42
[0;32m2025-09-22 01:11:32 - Completed prompt #42[0m
[0;34m2025-09-22 01:11:37 - Generating prompt #43 (Section 3, Prompt 9/17)[0m
[1;33m2025-09-22 01:11:37 - Running prompt generation...[0m
PROMPT GENERATION COMPLETE - Prompt #43
[0;32m2025-09-22 01:12:01 - Completed prompt #43[0m
[0;34m2025-09-22 01:12:06 - Generating prompt #44 (Section 3, Prompt 10/17)[0m
[1;33m2025-09-22 01:12:06 - Running prompt generation...[0m
PROMPT GENERATION COMPLETE - Prompt #44
[0;32m2025-09-22 01:12:30 - Completed prompt #44[0m
[0;34m2025-09-22 01:12:35 - Generating prompt #45 (Section 3, Prompt 11/17)[0m
[1;33m2025-09-22 01:12:35 - Running prompt generation...[0m
PROMPT GENERATION COMPLETE - Prompt #45
[0;32m2025-09-22 01:12:59 - Completed prompt #45[0m
[0;34m2025-09-22 01:13:04 - Generating prompt #46 (Section 3, Prompt 12/17)[0m
[1;33m2025-09-22 01:13:04 - Running prompt generation...[0m
PROMPT GENERATION COMPLETE - Prompt #46
[0;32m2025-09-22 01:13:25 - Completed prompt #46[0m
[0;34m2025-09-22 01:13:30 - Generating prompt #47 (Section 3, Prompt 13/17)[0m
[1;33m2025-09-22 01:13:31 - Running prompt generation...[0m
PROMPT GENERATION COMPLETE - Prompt #47
[0;32m2025-09-22 01:13:59 - Completed prompt #47[0m
[0;34m2025-09-22 01:14:04 - Generating prompt #48 (Section 3, Prompt 14/17)[0m
[1;33m2025-09-22 01:14:04 - Running prompt generation...[0m
PROMPT GENERATION COMPLETE - Prompt #48
[0;32m2025-09-22 01:14:28 - Completed prompt #48[0m
[0;34m2025-09-22 01:14:33 - Generating prompt #49 (Section 3, Prompt 15/17)[0m
[1;33m2025-09-22 01:14:33 - Running prompt generation...[0m
PROMPT GENERATION COMPLETE - Prompt #49
[0;32m2025-09-22 01:14:55 - Completed prompt #49[0m
[0;34m2025-09-22 01:15:00 - Generating prompt #50 (Section 3, Prompt 16/17)[0m
[1;33m2025-09-22 01:15:00 - Running prompt generation...[0m
PROMPT GENERATION COMPLETE - Prompt #50
[0;32m2025-09-22 01:15:22 - Completed prompt #50[0m
[0;34m2025-09-22 01:15:27 - Generating prompt #51 (Section 3, Prompt 17/17)[0m
[1;33m2025-09-22 01:15:27 - Running prompt generation...[0m
PROMPT GENERATION COMPLETE - Prompt #51
[0;32m2025-09-22 01:15:49 - Completed prompt #51[0m
[0;34m2025-09-22 01:15:54 - Generating prompt #52 (Section 4, Prompt 1/17)[0m
[1;33m2025-09-22 01:15:54 - Running prompt generation...[0m
PROMPT GENERATION COMPLETE - Prompt #52
[0;32m2025-09-22 01:16:17 - Completed prompt #52[0m
[0;34m2025-09-22 01:16:22 - Generating prompt #53 (Section 4, Prompt 2/17)[0m
[1;33m2025-09-22 01:16:22 - Running prompt generation...[0m
PROMPT GENERATION COMPLETE - Prompt #53
[0;32m2025-09-22 01:16:47 - Completed prompt #53[0m
[0;34m2025-09-22 01:16:52 - Generating prompt #54 (Section 4, Prompt 3/17)[0m
[1;33m2025-09-22 01:16:52 - Running prompt generation...[0m
PROMPT GENERATION COMPLETE - Prompt #54
[0;32m2025-09-22 01:17:14 - Completed prompt #54[0m
[0;34m2025-09-22 01:17:19 - Generating prompt #55 (Section 4, Prompt 4/17)[0m
[1;33m2025-09-22 01:17:19 - Running prompt generation...[0m
PROMPT GENERATION COMPLETE - Prompt #55
[0;32m2025-09-22 01:17:42 - Completed prompt #55[0m
[0;34m2025-09-22 01:17:47 - Generating prompt #56 (Section 4, Prompt 5/17)[0m
[1;33m2025-09-22 01:17:47 - Running prompt generation...[0m
PROMPT GENERATION COMPLETE - Prompt #56
[0;32m2025-09-22 01:18:10 - Completed prompt #56[0m
[0;34m2025-09-22 01:18:15 - Generating prompt #57 (Section 4, Prompt 6/17)[0m
[1;33m2025-09-22 01:18:15 - Running prompt generation...[0m
PROMPT GENERATION COMPLETE - Prompt #57
[0;32m2025-09-22 01:18:38 - Completed prompt #57[0m
[0;34m2025-09-22 01:18:43 - Generating prompt #58 (Section 4, Prompt 7/17)[0m
[1;33m2025-09-22 01:18:43 - Running prompt generation...[0m
PROMPT GENERATION COMPLETE - Prompt #58
[0;32m2025-09-22 01:19:09 - Completed prompt #58[0m
[0;34m2025-09-22 01:19:14 - Generating prompt #59 (Section 4, Prompt 8/17)[0m
[1;33m2025-09-22 01:19:14 - Running prompt generation...[0m
PROMPT GENERATION COMPLETE - Prompt #59
[0;32m2025-09-22 01:19:37 - Completed prompt #59[0m
[0;34m2025-09-22 01:19:43 - Generating prompt #60 (Section 4, Prompt 9/17)[0m
[1;33m2025-09-22 01:19:43 - Running prompt generation...[0m
PROMPT GENERATION COMPLETE - Prompt #60
[0;32m2025-09-22 01:20:05 - Completed prompt #60[0m
[0;34m2025-09-22 01:20:10 - Generating prompt #61 (Section 4, Prompt 10/17)[0m
[1;33m2025-09-22 01:20:10 - Running prompt generation...[0m
PROMPT GENERATION COMPLETE - Prompt #61
[0;32m2025-09-22 01:20:31 - Completed prompt #61[0m
[0;34m2025-09-22 01:20:36 - Generating prompt #62 (Section 4, Prompt 11/17)[0m
[1;33m2025-09-22 01:20:36 - Running prompt generation...[0m
PROMPT GENERATION COMPLETE - Prompt #62
[0;32m2025-09-22 01:20:57 - Completed prompt #62[0m
[0;34m2025-09-22 01:21:02 - Generating prompt #63 (Section 4, Prompt 12/17)[0m
[1;33m2025-09-22 01:21:02 - Running prompt generation...[0m
PROMPT GENERATION COMPLETE - Prompt #63
[0;32m2025-09-22 01:21:29 - Completed prompt #63[0m
[0;34m2025-09-22 01:21:34 - Generating prompt #64 (Section 4, Prompt 13/17)[0m
[1;33m2025-09-22 01:21:34 - Running prompt generation...[0m
PROMPT GENERATION COMPLETE - Prompt #64
[0;32m2025-09-22 01:21:58 - Completed prompt #64[0m
[0;34m2025-09-22 01:22:03 - Generating prompt #65 (Section 4, Prompt 14/17)[0m
[1;33m2025-09-22 01:22:03 - Running prompt generation...[0m
PROMPT GENERATION COMPLETE - Prompt #65
[0;32m2025-09-22 01:22:25 - Completed prompt #65[0m
[0;34m2025-09-22 01:22:30 - Generating prompt #66 (Section 4, Prompt 15/17)[0m
[1;33m2025-09-22 01:22:30 - Running prompt generation...[0m
PROMPT GENERATION COMPLETE - Prompt #66
[0;32m2025-09-22 01:22:52 - Completed prompt #66[0m
[0;34m2025-09-22 01:22:57 - Generating prompt #67 (Section 4, Prompt 16/17)[0m
[1;33m2025-09-22 01:22:57 - Running prompt generation...[0m
PROMPT GENERATION COMPLETE - Prompt #67
[0;32m2025-09-22 01:23:19 - Completed prompt #67[0m
[0;34m2025-09-22 01:23:24 - Generating prompt #68 (Section 4, Prompt 17/17)[0m
[1;33m2025-09-22 01:23:24 - Running prompt generation...[0m
PROMPT GENERATION COMPLETE - Prompt #68
[0;32m2025-09-22 01:23:47 - Completed prompt #68[0m
[0;34m2025-09-22 01:23:52 - Generating prompt #69 (Section 5, Prompt 1/17)[0m
[1;33m2025-09-22 01:23:52 - Running prompt generation...[0m
PROMPT GENERATION COMPLETE - Prompt #69
[0;32m2025-09-22 01:24:15 - Completed prompt #69[0m
[0;34m2025-09-22 01:24:20 - Generating prompt #70 (Section 5, Prompt 2/17)[0m
[1;33m2025-09-22 01:24:20 - Running prompt generation...[0m
PROMPT GENERATION COMPLETE - Prompt #70
[0;32m2025-09-22 01:24:43 - Completed prompt #70[0m
[0;34m2025-09-22 01:24:48 - Generating prompt #71 (Section 5, Prompt 3/17)[0m
[1;33m2025-09-22 01:24:48 - Running prompt generation...[0m
PROMPT GENERATION COMPLETE - Prompt #71
[0;32m2025-09-22 01:25:10 - Completed prompt #71[0m
[0;34m2025-09-22 01:25:15 - Generating prompt #72 (Section 5, Prompt 4/17)[0m
[1;33m2025-09-22 01:25:15 - Running prompt generation...[0m
PROMPT GENERATION COMPLETE - Prompt #72
[0;32m2025-09-22 01:25:37 - Completed prompt #72[0m
[0;34m2025-09-22 01:25:42 - Generating prompt #73 (Section 5, Prompt 5/17)[0m
[1;33m2025-09-22 01:25:43 - Running prompt generation...[0m
PROMPT GENERATION COMPLETE - Prompt #73
[0;32m2025-09-22 01:26:05 - Completed prompt #73[0m
[0;34m2025-09-22 01:26:10 - Generating prompt #74 (Section 5, Prompt 6/17)[0m
[1;33m2025-09-22 01:26:10 - Running prompt generation...[0m
PROMPT GENERATION COMPLETE - Prompt #74
[0;32m2025-09-22 01:26:31 - Completed prompt #74[0m
[0;34m2025-09-22 01:26:36 - Generating prompt #75 (Section 5, Prompt 7/17)[0m
[1;33m2025-09-22 01:26:36 - Running prompt generation...[0m
PROMPT GENERATION COMPLETE - Prompt #75
[0;32m2025-09-22 01:26:58 - Completed prompt #75[0m
[0;34m2025-09-22 01:27:03 - Generating prompt #76 (Section 5, Prompt 8/17)[0m
[1;33m2025-09-22 01:27:03 - Running prompt generation...[0m
PROMPT GENERATION COMPLETE - Prompt #76
[0;32m2025-09-22 01:27:27 - Completed prompt #76[0m
[0;34m2025-09-22 01:27:32 - Generating prompt #77 (Section 5, Prompt 9/17)[0m
[1;33m2025-09-22 01:27:32 - Running prompt generation...[0m
PROMPT GENERATION COMPLETE - Prompt #77
[0;32m2025-09-22 01:27:52 - Completed prompt #77[0m
[0;34m2025-09-22 01:27:57 - Generating prompt #78 (Section 5, Prompt 10/17)[0m
[1;33m2025-09-22 01:27:57 - Running prompt generation...[0m
PROMPT GENERATION COMPLETE - Prompt #78
[0;32m2025-09-22 01:28:20 - Completed prompt #78[0m
[0;34m2025-09-22 01:28:25 - Generating prompt #79 (Section 5, Prompt 11/17)[0m
[1;33m2025-09-22 01:28:25 - Running prompt generation...[0m
PROMPT GENERATION COMPLETE - Prompt #79
[0;32m2025-09-22 01:28:50 - Completed prompt #79[0m
[0;34m2025-09-22 01:28:55 - Generating prompt #80 (Section 5, Prompt 12/17)[0m
[1;33m2025-09-22 01:28:55 - Running prompt generation...[0m
PROMPT GENERATION COMPLETE - Prompt #80
[0;32m2025-09-22 01:29:20 - Completed prompt #80[0m
[0;34m2025-09-22 01:29:25 - Generating prompt #81 (Section 5, Prompt 13/17)[0m
[1;33m2025-09-22 01:29:25 - Running prompt generation...[0m
PROMPT GENERATION COMPLETE - Prompt #81
[0;32m2025-09-22 01:29:48 - Completed prompt #81[0m
[0;34m2025-09-22 01:29:53 - Generating prompt #82 (Section 5, Prompt 14/17)[0m
[1;33m2025-09-22 01:29:53 - Running prompt generation...[0m
PROMPT GENERATION COMPLETE - Prompt #82
[0;32m2025-09-22 01:30:17 - Completed prompt #82[0m
[0;34m2025-09-22 01:30:22 - Generating prompt #83 (Section 5, Prompt 15/17)[0m
[1;33m2025-09-22 01:30:22 - Running prompt generation...[0m
PROMPT GENERATION COMPLETE - Prompt #83
[0;32m2025-09-22 01:30:50 - Completed prompt #83[0m
[0;34m2025-09-22 01:30:55 - Generating prompt #84 (Section 5, Prompt 16/17)[0m
[1;33m2025-09-22 01:30:55 - Running prompt generation...[0m
PROMPT GENERATION COMPLETE - Prompt #84
[0;32m2025-09-22 01:31:15 - Completed prompt #84[0m
[0;34m2025-09-22 01:31:20 - Generating prompt #85 (Section 5, Prompt 17/17)[0m
[1;33m2025-09-22 01:31:20 - Running prompt generation...[0m
PROMPT GENERATION COMPLETE - Prompt #85
[0;32m2025-09-22 01:31:51 - Completed prompt #85[0m
[0;34m2025-09-22 01:31:56 - Generating prompt #86 (Section 6, Prompt 1/17)[0m
[1;33m2025-09-22 01:31:56 - Running prompt generation...[0m
PROMPT GENERATION COMPLETE - Prompt #86
[0;32m2025-09-22 01:32:17 - Completed prompt #86[0m
[0;34m2025-09-22 01:32:22 - Generating prompt #87 (Section 6, Prompt 2/17)[0m
[1;33m2025-09-22 01:32:22 - Running prompt generation...[0m
PROMPT GENERATION COMPLETE - Prompt #87
[0;32m2025-09-22 01:32:46 - Completed prompt #87[0m
[0;34m2025-09-22 01:32:51 - Generating prompt #88 (Section 6, Prompt 3/17)[0m
[1;33m2025-09-22 01:32:51 - Running prompt generation...[0m
PROMPT GENERATION COMPLETE - Prompt #88
[0;32m2025-09-22 01:33:17 - Completed prompt #88[0m
[0;34m2025-09-22 01:33:22 - Generating prompt #89 (Section 6, Prompt 4/17)[0m
[1;33m2025-09-22 01:33:22 - Running prompt generation...[0m
PROMPT GENERATION COMPLETE - Prompt #89
[0;32m2025-09-22 01:33:43 - Completed prompt #89[0m
[0;34m2025-09-22 01:33:48 - Generating prompt #90 (Section 6, Prompt 5/17)[0m
[1;33m2025-09-22 01:33:48 - Running prompt generation...[0m
PROMPT GENERATION COMPLETE - Prompt #90
[0;32m2025-09-22 01:34:09 - Completed prompt #90[0m
[0;34m2025-09-22 01:34:14 - Generating prompt #91 (Section 6, Prompt 6/17)[0m
[1;33m2025-09-22 01:34:15 - Running prompt generation...[0m
PROMPT GENERATION COMPLETE - Prompt #91
[0;32m2025-09-22 01:34:38 - Completed prompt #91[0m
[0;34m2025-09-22 01:34:43 - Generating prompt #92 (Section 6, Prompt 7/17)[0m
[1;33m2025-09-22 01:34:43 - Running prompt generation...[0m
PROMPT GENERATION COMPLETE - Prompt #92
[0;32m2025-09-22 01:35:07 - Completed prompt #92[0m
[0;34m2025-09-22 01:35:12 - Generating prompt #93 (Section 6, Prompt 8/17)[0m
[1;33m2025-09-22 01:35:12 - Running prompt generation...[0m
PROMPT GENERATION COMPLETE - Prompt #93
[0;32m2025-09-22 01:35:36 - Completed prompt #93[0m
[0;34m2025-09-22 01:35:41 - Generating prompt #94 (Section 6, Prompt 9/17)[0m
[1;33m2025-09-22 01:35:41 - Running prompt generation...[0m
PROMPT GENERATION COMPLETE - Prompt #94
[0;32m2025-09-22 01:36:05 - Completed prompt #94[0m
[0;34m2025-09-22 01:36:10 - Generating prompt #95 (Section 6, Prompt 10/17)[0m
[1;33m2025-09-22 01:36:10 - Running prompt generation...[0m
PROMPT GENERATION COMPLETE - Prompt #95
[0;32m2025-09-22 01:36:33 - Completed prompt #95[0m
[0;34m2025-09-22 01:36:38 - Generating prompt #96 (Section 6, Prompt 11/17)[0m
[1;33m2025-09-22 01:36:38 - Running prompt generation...[0m
PROMPT GENERATION COMPLETE - Prompt #96
[0;32m2025-09-22 01:37:01 - Completed prompt #96[0m
[0;34m2025-09-22 01:37:06 - Generating prompt #97 (Section 6, Prompt 12/17)[0m
[1;33m2025-09-22 01:37:06 - Running prompt generation...[0m
PROMPT GENERATION COMPLETE - Prompt #97
[0;32m2025-09-22 01:37:37 - Completed prompt #97[0m
[0;34m2025-09-22 01:37:42 - Generating prompt #98 (Section 6, Prompt 13/17)[0m
[1;33m2025-09-22 01:37:43 - Running prompt generation...[0m
PROMPT GENERATION COMPLETE - Prompt #98
[0;32m2025-09-22 01:38:03 - Completed prompt #98[0m
[0;34m2025-09-22 01:38:08 - Generating prompt #99 (Section 6, Prompt 14/17)[0m
[1;33m2025-09-22 01:38:08 - Running prompt generation...[0m
PROMPT GENERATION COMPLETE - Prompt #99
[0;32m2025-09-22 01:38:32 - Completed prompt #99[0m
[0;34m2025-09-22 01:38:37 - Generating prompt #100 (Section 6, Prompt 15/17)[0m
[1;33m2025-09-22 01:38:37 - Running prompt generation...[0m
PROMPT GENERATION COMPLETE - Prompt #100
[0;32m2025-09-22 01:39:02 - Completed prompt #100[0m
[0;34m2025-09-22 01:39:07 - Generating prompt #101 (Section 6, Prompt 16/17)[0m
[1;33m2025-09-22 01:39:07 - Running prompt generation...[0m
PROMPT GENERATION COMPLETE - Prompt #101
[0;32m2025-09-22 01:39:28 - Completed prompt #101[0m
[0;34m2025-09-22 01:39:33 - Generating prompt #102 (Section 6, Prompt 17/17)[0m
[1;33m2025-09-22 01:39:33 - Running prompt generation...[0m
PROMPT GENERATION COMPLETE - Prompt #102
[0;32m2025-09-22 01:40:02 - Completed prompt #102[0m
