[0;34m2025-09-19 20:10:03 - Starting Prompt Generation Cycle for template: content-creation[0m
[0;32m2025-09-19 20:10:03 - Using existing worktree: ../templata-content-creation[0m
[1;33m2025-09-19 20:10:03 - Creating template prompt file: prompts-content-creation.ts[0m
[0;32m2025-09-19 20:10:03 - Created template prompt file: ../templata-content-creation/src/data/prompts-content-creation.ts[0m
[0;34m2025-09-19 20:10:03 - Generating prompt #1 (Section 1, Prompt 1/17)[0m
[1;33m2025-09-19 20:10:03 - Running prompt generation...[0m
PROMPT GENERATION COMPLETE - Prompt #1
[0;32m2025-09-19 20:10:20 - Completed prompt #1[0m
[0;34m2025-09-19 20:10:25 - Generating prompt #2 (Section 1, Prompt 2/17)[0m
[1;33m2025-09-19 20:10:25 - Running prompt generation...[0m
PROMPT GENERATION COMPLETE - Prompt #2
[0;32m2025-09-19 20:10:44 - Completed prompt #2[0m
[0;34m2025-09-19 20:10:49 - Generating prompt #3 (Section 1, Prompt 3/17)[0m
[1;33m2025-09-19 20:10:49 - Running prompt generation...[0m
PROMPT GENERATION COMPLETE - Prompt #3
[0;32m2025-09-19 20:11:09 - Completed prompt #3[0m
[0;34m2025-09-19 20:11:14 - Generating prompt #4 (Section 1, Prompt 4/17)[0m
[1;33m2025-09-19 20:11:14 - Running prompt generation...[0m
PROMPT GENERATION COMPLETE - Prompt #4
[0;32m2025-09-19 20:11:33 - Completed prompt #4[0m
[0;34m2025-09-19 20:11:38 - Generating prompt #5 (Section 1, Prompt 5/17)[0m
[1;33m2025-09-19 20:11:38 - Running prompt generation...[0m
PROMPT GENERATION COMPLETE - Prompt #5
[0;32m2025-09-19 20:11:58 - Completed prompt #5[0m
[0;34m2025-09-19 20:12:03 - Generating prompt #6 (Section 1, Prompt 6/17)[0m
[1;33m2025-09-19 20:12:03 - Running prompt generation...[0m
PROMPT GENERATION COMPLETE - Prompt #6
[0;32m2025-09-19 20:12:24 - Completed prompt #6[0m
[0;34m2025-09-19 20:12:29 - Generating prompt #7 (Section 1, Prompt 7/17)[0m
[1;33m2025-09-19 20:12:29 - Running prompt generation...[0m
PROMPT GENERATION COMPLETE - Prompt #7
[0;32m2025-09-19 20:12:50 - Completed prompt #7[0m
[0;34m2025-09-19 20:12:56 - Generating prompt #8 (Section 1, Prompt 8/17)[0m
[1;33m2025-09-19 20:12:56 - Running prompt generation...[0m
PROMPT GENERATION COMPLETE - Prompt #8
[0;32m2025-09-19 20:13:16 - Completed prompt #8[0m
[0;34m2025-09-19 20:13:21 - Generating prompt #9 (Section 1, Prompt 9/17)[0m
[1;33m2025-09-19 20:13:21 - Running prompt generation...[0m
PROMPT GENERATION COMPLETE - Prompt #9
[0;32m2025-09-19 20:13:42 - Completed prompt #9[0m
[0;34m2025-09-19 20:13:47 - Generating prompt #10 (Section 1, Prompt 10/17)[0m
[1;33m2025-09-19 20:13:47 - Running prompt generation...[0m
PROMPT GENERATION COMPLETE - Prompt #10
[0;32m2025-09-19 20:14:07 - Completed prompt #10[0m
[0;34m2025-09-19 20:14:12 - Generating prompt #11 (Section 1, Prompt 11/17)[0m
[1;33m2025-09-19 20:14:12 - Running prompt generation...[0m
PROMPT GENERATION COMPLETE - Prompt #11
[0;32m2025-09-19 20:14:32 - Completed prompt #11[0m
[0;34m2025-09-19 20:14:37 - Generating prompt #12 (Section 1, Prompt 12/17)[0m
[1;33m2025-09-19 20:14:37 - Running prompt generation...[0m
PROMPT GENERATION COMPLETE - Prompt #12
[0;32m2025-09-19 20:14:58 - Completed prompt #12[0m
[0;34m2025-09-19 20:15:03 - Generating prompt #13 (Section 1, Prompt 13/17)[0m
[1;33m2025-09-19 20:15:03 - Running prompt generation...[0m
PROMPT GENERATION COMPLETE - Prompt #13
[0;32m2025-09-19 20:15:26 - Completed prompt #13[0m
[0;34m2025-09-19 20:15:31 - Generating prompt #14 (Section 1, Prompt 14/17)[0m
[1;33m2025-09-19 20:15:31 - Running prompt generation...[0m
PROMPT GENERATION COMPLETE - Prompt #14
[0;32m2025-09-19 20:15:52 - Completed prompt #14[0m
[0;34m2025-09-19 20:15:57 - Generating prompt #15 (Section 1, Prompt 15/17)[0m
[1;33m2025-09-19 20:15:57 - Running prompt generation...[0m
PROMPT GENERATION COMPLETE - Prompt #15
[0;32m2025-09-19 20:16:19 - Completed prompt #15[0m
[0;34m2025-09-19 20:16:24 - Generating prompt #16 (Section 1, Prompt 16/17)[0m
[1;33m2025-09-19 20:16:24 - Running prompt generation...[0m
PROMPT GENERATION COMPLETE - Prompt #16
[0;32m2025-09-19 20:16:45 - Completed prompt #16[0m
[0;34m2025-09-19 20:16:50 - Generating prompt #17 (Section 1, Prompt 17/17)[0m
[1;33m2025-09-19 20:16:50 - Running prompt generation...[0m
PROMPT GENERATION COMPLETE - Prompt #17
[0;32m2025-09-19 20:17:14 - Completed prompt #17[0m
[0;34m2025-09-19 20:17:19 - Generating prompt #18 (Section 2, Prompt 1/17)[0m
[1;33m2025-09-19 20:17:19 - Running prompt generation...[0m
PROMPT GENERATION COMPLETE - Prompt #18
[0;32m2025-09-19 20:17:40 - Completed prompt #18[0m
[0;34m2025-09-19 20:17:45 - Generating prompt #19 (Section 2, Prompt 2/17)[0m
[1;33m2025-09-19 20:17:45 - Running prompt generation...[0m
PROMPT GENERATION COMPLETE - Prompt #19
[0;32m2025-09-19 20:18:06 - Completed prompt #19[0m
[0;34m2025-09-19 20:18:11 - Generating prompt #20 (Section 2, Prompt 3/17)[0m
[1;33m2025-09-19 20:18:11 - Running prompt generation...[0m
PROMPT GENERATION COMPLETE - Prompt #20
[0;32m2025-09-19 20:18:32 - Completed prompt #20[0m
[0;34m2025-09-19 20:18:37 - Generating prompt #21 (Section 2, Prompt 4/17)[0m
[1;33m2025-09-19 20:18:37 - Running prompt generation...[0m
PROMPT GENERATION COMPLETE - Prompt #21
[0;32m2025-09-19 20:18:57 - Completed prompt #21[0m
[0;34m2025-09-19 20:19:02 - Generating prompt #22 (Section 2, Prompt 5/17)[0m
[1;33m2025-09-19 20:19:02 - Running prompt generation...[0m
PROMPT GENERATION COMPLETE - Prompt #22
[0;32m2025-09-19 20:19:24 - Completed prompt #22[0m
[0;34m2025-09-19 20:19:29 - Generating prompt #23 (Section 2, Prompt 6/17)[0m
[1;33m2025-09-19 20:19:30 - Running prompt generation...[0m
PROMPT GENERATION COMPLETE - Prompt #23
[0;32m2025-09-19 20:19:52 - Completed prompt #23[0m
[0;34m2025-09-19 20:19:57 - Generating prompt #24 (Section 2, Prompt 7/17)[0m
[1;33m2025-09-19 20:19:57 - Running prompt generation...[0m
PROMPT GENERATION COMPLETE - Prompt #24
[0;32m2025-09-19 20:20:19 - Completed prompt #24[0m
[0;34m2025-09-19 20:20:24 - Generating prompt #25 (Section 2, Prompt 8/17)[0m
[1;33m2025-09-19 20:20:24 - Running prompt generation...[0m
PROMPT GENERATION COMPLETE - Prompt #25
[0;32m2025-09-19 20:20:46 - Completed prompt #25[0m
[0;34m2025-09-19 20:20:51 - Generating prompt #26 (Section 2, Prompt 9/17)[0m
[1;33m2025-09-19 20:20:51 - Running prompt generation...[0m
PROMPT GENERATION COMPLETE - Prompt #26
[0;32m2025-09-19 20:21:16 - Completed prompt #26[0m
[0;34m2025-09-19 20:21:21 - Generating prompt #27 (Section 2, Prompt 10/17)[0m
[1;33m2025-09-19 20:21:21 - Running prompt generation...[0m
PROMPT GENERATION COMPLETE - Prompt #27
[0;32m2025-09-19 20:21:44 - Completed prompt #27[0m
[0;34m2025-09-19 20:21:49 - Generating prompt #28 (Section 2, Prompt 11/17)[0m
[1;33m2025-09-19 20:21:49 - Running prompt generation...[0m
PROMPT GENERATION COMPLETE - Prompt #28
[0;32m2025-09-19 20:22:08 - Completed prompt #28[0m
[0;34m2025-09-19 20:22:13 - Generating prompt #29 (Section 2, Prompt 12/17)[0m
[1;33m2025-09-19 20:22:14 - Running prompt generation...[0m
PROMPT GENERATION COMPLETE - Prompt #29
[0;32m2025-09-19 20:22:39 - Completed prompt #29[0m
[0;34m2025-09-19 20:22:44 - Generating prompt #30 (Section 2, Prompt 13/17)[0m
[1;33m2025-09-19 20:22:44 - Running prompt generation...[0m
PROMPT GENERATION COMPLETE - Prompt #30
[0;32m2025-09-19 20:23:06 - Completed prompt #30[0m
[0;34m2025-09-19 20:23:11 - Generating prompt #31 (Section 2, Prompt 14/17)[0m
[1;33m2025-09-19 20:23:11 - Running prompt generation...[0m
PROMPT GENERATION COMPLETE - Prompt #31
[0;32m2025-09-19 20:23:32 - Completed prompt #31[0m
[0;34m2025-09-19 20:23:37 - Generating prompt #32 (Section 2, Prompt 15/17)[0m
[1;33m2025-09-19 20:23:37 - Running prompt generation...[0m
PROMPT GENERATION COMPLETE - Prompt #32
[0;32m2025-09-19 20:24:00 - Completed prompt #32[0m
[0;34m2025-09-19 20:24:05 - Generating prompt #33 (Section 2, Prompt 16/17)[0m
[1;33m2025-09-19 20:24:05 - Running prompt generation...[0m
PROMPT GENERATION COMPLETE - Prompt #33
[0;32m2025-09-19 20:24:26 - Completed prompt #33[0m
[0;34m2025-09-19 20:24:31 - Generating prompt #34 (Section 2, Prompt 17/17)[0m
[1;33m2025-09-19 20:24:31 - Running prompt generation...[0m
PROMPT GENERATION COMPLETE - Prompt #34
[0;32m2025-09-19 20:24:54 - Completed prompt #34[0m
[0;34m2025-09-19 20:24:59 - Generating prompt #35 (Section 3, Prompt 1/17)[0m
[1;33m2025-09-19 20:24:59 - Running prompt generation...[0m
PROMPT GENERATION COMPLETE - Prompt #35
[0;32m2025-09-19 20:25:20 - Completed prompt #35[0m
[0;34m2025-09-19 20:25:25 - Generating prompt #36 (Section 3, Prompt 2/17)[0m
[1;33m2025-09-19 20:25:25 - Running prompt generation...[0m
PROMPT GENERATION COMPLETE - Prompt #36
[0;32m2025-09-19 20:25:46 - Completed prompt #36[0m
[0;34m2025-09-19 20:25:51 - Generating prompt #37 (Section 3, Prompt 3/17)[0m
[1;33m2025-09-19 20:25:51 - Running prompt generation...[0m
PROMPT GENERATION COMPLETE - Prompt #37
[0;32m2025-09-19 20:26:16 - Completed prompt #37[0m
[0;34m2025-09-19 20:26:21 - Generating prompt #38 (Section 3, Prompt 4/17)[0m
[1;33m2025-09-19 20:26:21 - Running prompt generation...[0m
PROMPT GENERATION COMPLETE - Prompt #38
[0;32m2025-09-19 20:26:45 - Completed prompt #38[0m
[0;34m2025-09-19 20:26:50 - Generating prompt #39 (Section 3, Prompt 5/17)[0m
[1;33m2025-09-19 20:26:50 - Running prompt generation...[0m
PROMPT GENERATION COMPLETE - Prompt #39
[0;32m2025-09-19 20:27:14 - Completed prompt #39[0m
[0;34m2025-09-19 20:27:19 - Generating prompt #40 (Section 3, Prompt 6/17)[0m
[1;33m2025-09-19 20:27:19 - Running prompt generation...[0m
PROMPT GENERATION COMPLETE - Prompt #40
[0;32m2025-09-19 20:27:43 - Completed prompt #40[0m
[0;34m2025-09-19 20:27:48 - Generating prompt #41 (Section 3, Prompt 7/17)[0m
[1;33m2025-09-19 20:27:48 - Running prompt generation...[0m
PROMPT GENERATION COMPLETE - Prompt #41
[0;32m2025-09-19 20:28:10 - Completed prompt #41[0m
[0;34m2025-09-19 20:28:15 - Generating prompt #42 (Section 3, Prompt 8/17)[0m
[1;33m2025-09-19 20:28:15 - Running prompt generation...[0m
PROMPT GENERATION COMPLETE - Prompt #42
[0;32m2025-09-19 20:28:36 - Completed prompt #42[0m
[0;34m2025-09-19 20:28:41 - Generating prompt #43 (Section 3, Prompt 9/17)[0m
[1;33m2025-09-19 20:28:41 - Running prompt generation...[0m
PROMPT GENERATION COMPLETE - Prompt #43
[0;32m2025-09-19 20:29:05 - Completed prompt #43[0m
[0;34m2025-09-19 20:29:10 - Generating prompt #44 (Section 3, Prompt 10/17)[0m
[1;33m2025-09-19 20:29:10 - Running prompt generation...[0m
PROMPT GENERATION COMPLETE - Prompt #44
[0;32m2025-09-19 20:29:35 - Completed prompt #44[0m
[0;34m2025-09-19 20:29:40 - Generating prompt #45 (Section 3, Prompt 11/17)[0m
[1;33m2025-09-19 20:29:40 - Running prompt generation...[0m
PROMPT GENERATION COMPLETE - Prompt #45
[0;32m2025-09-19 20:29:59 - Completed prompt #45[0m
[0;34m2025-09-19 20:30:04 - Generating prompt #46 (Section 3, Prompt 12/17)[0m
[1;33m2025-09-19 20:30:04 - Running prompt generation...[0m
PROMPT GENERATION COMPLETE - Prompt #46
[0;32m2025-09-19 20:30:28 - Completed prompt #46[0m
[0;34m2025-09-19 20:30:33 - Generating prompt #47 (Section 3, Prompt 13/17)[0m
[1;33m2025-09-19 20:30:33 - Running prompt generation...[0m
PROMPT GENERATION COMPLETE - Prompt #47
[0;32m2025-09-19 20:30:59 - Completed prompt #47[0m
[0;34m2025-09-19 20:31:04 - Generating prompt #48 (Section 3, Prompt 14/17)[0m
[1;33m2025-09-19 20:31:04 - Running prompt generation...[0m
5-hour limit reached ∙ resets 12am
[0;32m2025-09-19 20:31:10 - Completed prompt #48[0m
[0;34m2025-09-19 20:31:15 - Generating prompt #49 (Section 3, Prompt 15/17)[0m
[1;33m2025-09-19 20:31:15 - Running prompt generation...[0m
5-hour limit reached ∙ resets 12am
[0;32m2025-09-19 20:31:22 - Completed prompt #49[0m
[0;34m2025-09-19 20:31:27 - Generating prompt #50 (Section 3, Prompt 16/17)[0m
[1;33m2025-09-19 20:31:27 - Running prompt generation...[0m
5-hour limit reached ∙ resets 12am
[0;32m2025-09-19 20:31:35 - Completed prompt #50[0m
[0;34m2025-09-19 20:31:40 - Generating prompt #51 (Section 3, Prompt 17/17)[0m
[1;33m2025-09-19 20:31:40 - Running prompt generation...[0m
5-hour limit reached ∙ resets 12am
[0;32m2025-09-19 20:31:49 - Completed prompt #51[0m
[0;34m2025-09-19 20:31:54 - Generating prompt #52 (Section 4, Prompt 1/17)[0m
[1;33m2025-09-19 20:31:54 - Running prompt generation...[0m
5-hour limit reached ∙ resets 12am
[0;32m2025-09-19 20:32:04 - Completed prompt #52[0m
[0;34m2025-09-19 20:32:09 - Generating prompt #53 (Section 4, Prompt 2/17)[0m
[1;33m2025-09-19 20:32:09 - Running prompt generation...[0m
5-hour limit reached ∙ resets 12am
[0;32m2025-09-19 20:32:16 - Completed prompt #53[0m
[0;34m2025-09-19 20:32:21 - Generating prompt #54 (Section 4, Prompt 3/17)[0m
[1;33m2025-09-19 20:32:21 - Running prompt generation...[0m
5-hour limit reached ∙ resets 12am
[0;32m2025-09-19 20:32:29 - Completed prompt #54[0m
[0;34m2025-09-19 20:32:34 - Generating prompt #55 (Section 4, Prompt 4/17)[0m
[1;33m2025-09-19 20:32:34 - Running prompt generation...[0m
5-hour limit reached ∙ resets 12am
[0;32m2025-09-19 20:32:42 - Completed prompt #55[0m
[0;34m2025-09-19 20:32:47 - Generating prompt #56 (Section 4, Prompt 5/17)[0m
[1;33m2025-09-19 20:32:47 - Running prompt generation...[0m
5-hour limit reached ∙ resets 12am
[0;32m2025-09-19 20:32:56 - Completed prompt #56[0m
[0;34m2025-09-19 20:33:01 - Generating prompt #57 (Section 4, Prompt 6/17)[0m
[1;33m2025-09-19 20:33:01 - Running prompt generation...[0m
5-hour limit reached ∙ resets 12am
[0;32m2025-09-19 20:33:10 - Completed prompt #57[0m
[0;34m2025-09-19 20:33:15 - Generating prompt #58 (Section 4, Prompt 7/17)[0m
[1;33m2025-09-19 20:33:15 - Running prompt generation...[0m
5-hour limit reached ∙ resets 12am
[0;32m2025-09-19 20:33:24 - Completed prompt #58[0m
[0;34m2025-09-19 20:33:29 - Generating prompt #59 (Section 4, Prompt 8/17)[0m
[1;33m2025-09-19 20:33:29 - Running prompt generation...[0m
5-hour limit reached ∙ resets 12am
[0;32m2025-09-19 20:33:37 - Completed prompt #59[0m
[0;34m2025-09-19 20:33:42 - Generating prompt #60 (Section 4, Prompt 9/17)[0m
[1;33m2025-09-19 20:33:42 - Running prompt generation...[0m
5-hour limit reached ∙ resets 12am
[0;32m2025-09-19 20:33:52 - Completed prompt #60[0m
[0;34m2025-09-19 20:33:57 - Generating prompt #61 (Section 4, Prompt 10/17)[0m
[1;33m2025-09-19 20:33:57 - Running prompt generation...[0m
5-hour limit reached ∙ resets 12am
[0;32m2025-09-19 20:34:06 - Completed prompt #61[0m
[0;34m2025-09-19 20:34:11 - Generating prompt #62 (Section 4, Prompt 11/17)[0m
[1;33m2025-09-19 20:34:11 - Running prompt generation...[0m
5-hour limit reached ∙ resets 12am
[0;32m2025-09-19 20:34:19 - Completed prompt #62[0m
[0;34m2025-09-19 20:34:24 - Generating prompt #63 (Section 4, Prompt 12/17)[0m
[1;33m2025-09-19 20:34:24 - Running prompt generation...[0m
5-hour limit reached ∙ resets 12am
[0;32m2025-09-19 20:34:32 - Completed prompt #63[0m
[0;34m2025-09-19 20:34:37 - Generating prompt #64 (Section 4, Prompt 13/17)[0m
[1;33m2025-09-19 20:34:37 - Running prompt generation...[0m
5-hour limit reached ∙ resets 12am
[0;32m2025-09-19 20:34:45 - Completed prompt #64[0m
[0;34m2025-09-19 20:34:50 - Generating prompt #65 (Section 4, Prompt 14/17)[0m
[1;33m2025-09-19 20:34:50 - Running prompt generation...[0m
5-hour limit reached ∙ resets 12am
[0;32m2025-09-19 20:34:59 - Completed prompt #65[0m
[0;34m2025-09-19 20:35:04 - Generating prompt #66 (Section 4, Prompt 15/17)[0m
[1;33m2025-09-19 20:35:04 - Running prompt generation...[0m
5-hour limit reached ∙ resets 12am
[0;32m2025-09-19 20:35:13 - Completed prompt #66[0m
[0;34m2025-09-19 20:35:18 - Generating prompt #67 (Section 4, Prompt 16/17)[0m
[1;33m2025-09-19 20:35:18 - Running prompt generation...[0m
5-hour limit reached ∙ resets 12am
[0;32m2025-09-19 20:35:26 - Completed prompt #67[0m
[0;34m2025-09-19 20:35:31 - Generating prompt #68 (Section 4, Prompt 17/17)[0m
[1;33m2025-09-19 20:35:31 - Running prompt generation...[0m
5-hour limit reached ∙ resets 12am
[0;32m2025-09-19 20:35:40 - Completed prompt #68[0m
[0;34m2025-09-19 20:35:45 - Generating prompt #69 (Section 5, Prompt 1/17)[0m
[1;33m2025-09-19 20:35:45 - Running prompt generation...[0m
5-hour limit reached ∙ resets 12am
[0;32m2025-09-19 20:35:54 - Completed prompt #69[0m
[0;34m2025-09-19 20:35:59 - Generating prompt #70 (Section 5, Prompt 2/17)[0m
[1;33m2025-09-19 20:35:59 - Running prompt generation...[0m
5-hour limit reached ∙ resets 12am
[0;32m2025-09-19 20:36:07 - Completed prompt #70[0m
[0;34m2025-09-19 20:36:12 - Generating prompt #71 (Section 5, Prompt 3/17)[0m
[1;33m2025-09-19 20:36:12 - Running prompt generation...[0m
5-hour limit reached ∙ resets 12am
[0;32m2025-09-19 20:36:21 - Completed prompt #71[0m
[0;34m2025-09-19 20:36:26 - Generating prompt #72 (Section 5, Prompt 4/17)[0m
[1;33m2025-09-19 20:36:26 - Running prompt generation...[0m
5-hour limit reached ∙ resets 12am
[0;32m2025-09-19 20:36:35 - Completed prompt #72[0m
[0;34m2025-09-19 20:36:40 - Generating prompt #73 (Section 5, Prompt 5/17)[0m
[1;33m2025-09-19 20:36:40 - Running prompt generation...[0m
5-hour limit reached ∙ resets 12am
[0;32m2025-09-19 20:36:49 - Completed prompt #73[0m
[0;34m2025-09-19 20:36:54 - Generating prompt #74 (Section 5, Prompt 6/17)[0m
[1;33m2025-09-19 20:36:54 - Running prompt generation...[0m
5-hour limit reached ∙ resets 12am
[0;32m2025-09-19 20:37:02 - Completed prompt #74[0m
[0;34m2025-09-19 20:37:07 - Generating prompt #75 (Section 5, Prompt 7/17)[0m
[1;33m2025-09-19 20:37:07 - Running prompt generation...[0m
5-hour limit reached ∙ resets 12am
[0;32m2025-09-19 20:37:15 - Completed prompt #75[0m
[0;34m2025-09-19 20:37:20 - Generating prompt #76 (Section 5, Prompt 8/17)[0m
[1;33m2025-09-19 20:37:20 - Running prompt generation...[0m
5-hour limit reached ∙ resets 12am
[0;32m2025-09-19 20:37:28 - Completed prompt #76[0m
[0;34m2025-09-19 20:37:33 - Generating prompt #77 (Section 5, Prompt 9/17)[0m
[1;33m2025-09-19 20:37:33 - Running prompt generation...[0m
5-hour limit reached ∙ resets 12am
[0;32m2025-09-19 20:37:41 - Completed prompt #77[0m
[0;34m2025-09-19 20:37:47 - Generating prompt #78 (Section 5, Prompt 10/17)[0m
[1;33m2025-09-19 20:37:47 - Running prompt generation...[0m
5-hour limit reached ∙ resets 12am
[0;32m2025-09-19 20:37:56 - Completed prompt #78[0m
[0;34m2025-09-19 20:38:01 - Generating prompt #79 (Section 5, Prompt 11/17)[0m
[1;33m2025-09-19 20:38:01 - Running prompt generation...[0m
5-hour limit reached ∙ resets 12am
[0;32m2025-09-19 20:38:10 - Completed prompt #79[0m
[0;34m2025-09-19 20:38:16 - Generating prompt #80 (Section 5, Prompt 12/17)[0m
[1;33m2025-09-19 20:38:16 - Running prompt generation...[0m
5-hour limit reached ∙ resets 12am
[0;32m2025-09-19 20:38:24 - Completed prompt #80[0m
[0;34m2025-09-19 20:38:29 - Generating prompt #81 (Section 5, Prompt 13/17)[0m
[1;33m2025-09-19 20:38:29 - Running prompt generation...[0m
5-hour limit reached ∙ resets 12am
[0;32m2025-09-19 20:38:39 - Completed prompt #81[0m
[0;34m2025-09-19 20:38:44 - Generating prompt #82 (Section 5, Prompt 14/17)[0m
[1;33m2025-09-19 20:38:44 - Running prompt generation...[0m
5-hour limit reached ∙ resets 12am
[0;32m2025-09-19 20:38:54 - Completed prompt #82[0m
[0;34m2025-09-19 20:38:59 - Generating prompt #83 (Section 5, Prompt 15/17)[0m
[1;33m2025-09-19 20:38:59 - Running prompt generation...[0m
5-hour limit reached ∙ resets 12am
[0;32m2025-09-19 20:39:07 - Completed prompt #83[0m
[0;34m2025-09-19 20:39:13 - Generating prompt #84 (Section 5, Prompt 16/17)[0m
[1;33m2025-09-19 20:39:13 - Running prompt generation...[0m
5-hour limit reached ∙ resets 12am
[0;32m2025-09-19 20:39:23 - Completed prompt #84[0m
[0;34m2025-09-19 20:39:29 - Generating prompt #85 (Section 5, Prompt 17/17)[0m
[1;33m2025-09-19 20:39:29 - Running prompt generation...[0m
5-hour limit reached ∙ resets 12am
[0;32m2025-09-19 20:39:38 - Completed prompt #85[0m
[0;34m2025-09-19 20:39:43 - Generating prompt #86 (Section 6, Prompt 1/17)[0m
[1;33m2025-09-19 20:39:43 - Running prompt generation...[0m
5-hour limit reached ∙ resets 12am
[0;32m2025-09-19 20:39:53 - Completed prompt #86[0m
[0;34m2025-09-19 20:39:58 - Generating prompt #87 (Section 6, Prompt 2/17)[0m
[1;33m2025-09-19 20:39:58 - Running prompt generation...[0m
5-hour limit reached ∙ resets 12am
[0;32m2025-09-19 20:40:08 - Completed prompt #87[0m
[0;34m2025-09-19 20:40:13 - Generating prompt #88 (Section 6, Prompt 3/17)[0m
[1;33m2025-09-19 20:40:13 - Running prompt generation...[0m
5-hour limit reached ∙ resets 12am
[0;32m2025-09-19 20:40:21 - Completed prompt #88[0m
[0;34m2025-09-19 20:40:26 - Generating prompt #89 (Section 6, Prompt 4/17)[0m
[1;33m2025-09-19 20:40:26 - Running prompt generation...[0m
5-hour limit reached ∙ resets 12am
[0;32m2025-09-19 20:40:34 - Completed prompt #89[0m
[0;34m2025-09-19 20:40:39 - Generating prompt #90 (Section 6, Prompt 5/17)[0m
[1;33m2025-09-19 20:40:39 - Running prompt generation...[0m
5-hour limit reached ∙ resets 12am
[0;32m2025-09-19 20:40:46 - Completed prompt #90[0m
[0;34m2025-09-19 20:40:51 - Generating prompt #91 (Section 6, Prompt 6/17)[0m
[1;33m2025-09-19 20:40:51 - Running prompt generation...[0m
5-hour limit reached ∙ resets 12am
[0;32m2025-09-19 20:41:00 - Completed prompt #91[0m
[0;34m2025-09-19 20:41:05 - Generating prompt #92 (Section 6, Prompt 7/17)[0m
[1;33m2025-09-19 20:41:05 - Running prompt generation...[0m
5-hour limit reached ∙ resets 12am
[0;32m2025-09-19 20:41:14 - Completed prompt #92[0m
[0;34m2025-09-19 20:41:19 - Generating prompt #93 (Section 6, Prompt 8/17)[0m
[1;33m2025-09-19 20:41:19 - Running prompt generation...[0m
5-hour limit reached ∙ resets 12am
[0;32m2025-09-19 20:41:27 - Completed prompt #93[0m
[0;34m2025-09-19 20:41:32 - Generating prompt #94 (Section 6, Prompt 9/17)[0m
[1;33m2025-09-19 20:41:32 - Running prompt generation...[0m
5-hour limit reached ∙ resets 12am
[0;32m2025-09-19 20:41:40 - Completed prompt #94[0m
[0;34m2025-09-19 20:41:45 - Generating prompt #95 (Section 6, Prompt 10/17)[0m
[1;33m2025-09-19 20:41:45 - Running prompt generation...[0m
5-hour limit reached ∙ resets 12am
[0;32m2025-09-19 20:41:55 - Completed prompt #95[0m
[0;34m2025-09-19 20:42:00 - Generating prompt #96 (Section 6, Prompt 11/17)[0m
[1;33m2025-09-19 20:42:00 - Running prompt generation...[0m
5-hour limit reached ∙ resets 12am
[0;32m2025-09-19 20:42:08 - Completed prompt #96[0m
[0;34m2025-09-19 20:42:13 - Generating prompt #97 (Section 6, Prompt 12/17)[0m
[1;33m2025-09-19 20:42:13 - Running prompt generation...[0m
5-hour limit reached ∙ resets 12am
[0;32m2025-09-19 20:42:23 - Completed prompt #97[0m
[0;34m2025-09-19 20:42:28 - Generating prompt #98 (Section 6, Prompt 13/17)[0m
[1;33m2025-09-19 20:42:28 - Running prompt generation...[0m
5-hour limit reached ∙ resets 12am
[0;32m2025-09-19 20:42:37 - Completed prompt #98[0m
[0;34m2025-09-19 20:42:42 - Generating prompt #99 (Section 6, Prompt 14/17)[0m
[1;33m2025-09-19 20:42:42 - Running prompt generation...[0m
5-hour limit reached ∙ resets 12am
[0;32m2025-09-19 20:42:51 - Completed prompt #99[0m
[0;34m2025-09-19 20:42:56 - Generating prompt #100 (Section 6, Prompt 15/17)[0m
[1;33m2025-09-19 20:42:56 - Running prompt generation...[0m
5-hour limit reached ∙ resets 12am
[0;32m2025-09-19 20:43:04 - Completed prompt #100[0m
[0;34m2025-09-19 20:43:09 - Generating prompt #101 (Section 6, Prompt 16/17)[0m
[1;33m2025-09-19 20:43:09 - Running prompt generation...[0m
5-hour limit reached ∙ resets 12am
[0;32m2025-09-19 20:43:15 - Completed prompt #101[0m
[0;34m2025-09-19 20:43:20 - Generating prompt #102 (Section 6, Prompt 17/17)[0m
[1;33m2025-09-19 20:43:20 - Running prompt generation...[0m
5-hour limit reached ∙ resets 12am
[0;32m2025-09-19 20:43:27 - Completed prompt #102[0m
[0;34m2025-09-20 00:04:04 - Starting Prompt Generation Cycle for template: content-creation[0m
[0;32m2025-09-20 00:04:04 - Using existing worktree: ../templata-content-creation[0m
[0;34m2025-09-20 00:04:04 - Generating prompt #48 (Section 3, Prompt 14/17)[0m
[1;33m2025-09-20 00:04:04 - Running prompt generation...[0m
PROMPT GENERATION COMPLETE - Prompt #48
[0;32m2025-09-20 00:04:28 - Completed prompt #48[0m
[0;34m2025-09-20 00:04:33 - Generating prompt #49 (Section 3, Prompt 15/17)[0m
[1;33m2025-09-20 00:04:34 - Running prompt generation...[0m
PROMPT GENERATION COMPLETE - Prompt #49
[0;32m2025-09-20 00:05:19 - Completed prompt #49[0m
[0;34m2025-09-20 00:05:24 - Generating prompt #50 (Section 3, Prompt 16/17)[0m
[1;33m2025-09-20 00:05:24 - Running prompt generation...[0m
PROMPT GENERATION COMPLETE - Prompt #50
[0;32m2025-09-20 00:06:03 - Completed prompt #50[0m
[0;34m2025-09-20 00:06:09 - Generating prompt #51 (Section 3, Prompt 17/17)[0m
[1;33m2025-09-20 00:06:09 - Running prompt generation...[0m
PROMPT GENERATION COMPLETE - Prompt #51
[0;32m2025-09-20 00:06:38 - Completed prompt #51[0m
[0;34m2025-09-20 00:06:43 - Generating prompt #52 (Section 4, Prompt 1/17)[0m
[1;33m2025-09-20 00:06:44 - Running prompt generation...[0m
PROMPT GENERATION COMPLETE - Prompt #52
[0;32m2025-09-20 00:07:38 - Completed prompt #52[0m
[0;34m2025-09-20 00:07:43 - Generating prompt #53 (Section 4, Prompt 2/17)[0m
[1;33m2025-09-20 00:07:43 - Running prompt generation...[0m
PROMPT GENERATION COMPLETE - Prompt #53
[0;32m2025-09-20 00:08:16 - Completed prompt #53[0m
[0;34m2025-09-20 00:08:21 - Generating prompt #54 (Section 4, Prompt 3/17)[0m
[1;33m2025-09-20 00:08:21 - Running prompt generation...[0m
PROMPT GENERATION COMPLETE - Prompt #54
[0;32m2025-09-20 00:08:56 - Completed prompt #54[0m
[0;34m2025-09-20 00:09:01 - Generating prompt #55 (Section 4, Prompt 4/17)[0m
[1;33m2025-09-20 00:09:01 - Running prompt generation...[0m
PROMPT GENERATION COMPLETE - Prompt #55
[0;32m2025-09-20 00:09:38 - Completed prompt #55[0m
[0;34m2025-09-20 00:09:43 - Generating prompt #56 (Section 4, Prompt 5/17)[0m
[1;33m2025-09-20 00:09:43 - Running prompt generation...[0m
PROMPT GENERATION COMPLETE - Prompt #56
[0;32m2025-09-20 00:10:11 - Completed prompt #56[0m
[0;34m2025-09-20 00:10:17 - Generating prompt #57 (Section 4, Prompt 6/17)[0m
[1;33m2025-09-20 00:10:17 - Running prompt generation...[0m
PROMPT GENERATION COMPLETE - Prompt #57
[0;32m2025-09-20 00:11:00 - Completed prompt #57[0m
[0;34m2025-09-20 00:11:06 - Generating prompt #58 (Section 4, Prompt 7/17)[0m
[1;33m2025-09-20 00:11:07 - Running prompt generation...[0m
[0;34m2025-09-20 00:11:30 - Starting Prompt Generation Cycle for template: content-creation[0m
[0;32m2025-09-20 00:11:30 - Using existing worktree: ../templata-content-creation[0m
[0;34m2025-09-20 00:11:30 - Generating prompt #58 (Section 4, Prompt 7/17)[0m
[1;33m2025-09-20 00:11:30 - Running prompt generation...[0m
PROMPT GENERATION COMPLETE - Prompt #58
[0;32m2025-09-20 00:12:26 - Completed prompt #58[0m
[0;34m2025-09-20 00:12:33 - Generating prompt #59 (Section 4, Prompt 8/17)[0m
[1;33m2025-09-20 00:12:37 - Running prompt generation...[0m
PROMPT GENERATION COMPLETE - Prompt #58
[0;32m2025-09-20 00:15:22 - Completed prompt #58[0m
[0;34m2025-09-20 00:15:49 - Generating prompt #60 (Section 4, Prompt 9/17)[0m
[1;33m2025-09-20 00:15:53 - Running prompt generation...[0m
[0;34m2025-09-20 19:10:42 - Starting Prompt Generation Cycle for template: content-creation[0m
[0;32m2025-09-20 19:10:42 - Using existing worktree: ../templata-content-creation[0m
[0;34m2025-09-20 19:10:42 - Generating prompt #60 (Section 4, Prompt 9/17)[0m
[1;33m2025-09-20 19:10:42 - Running prompt generation...[0m
PROMPT GENERATION COMPLETE - Prompt #60
[0;32m2025-09-20 19:11:15 - Completed prompt #60[0m
[0;34m2025-09-20 19:11:21 - Generating prompt #61 (Section 4, Prompt 10/17)[0m
[1;33m2025-09-20 19:11:21 - Running prompt generation...[0m
PROMPT GENERATION COMPLETE - Prompt #61
[0;32m2025-09-20 19:11:41 - Completed prompt #61[0m
[0;34m2025-09-20 19:11:46 - Generating prompt #62 (Section 4, Prompt 11/17)[0m
[1;33m2025-09-20 19:11:46 - Running prompt generation...[0m
PROMPT GENERATION COMPLETE - Prompt #62
[0;34m2025-09-20 19:23:56 - Starting Prompt Generation Cycle for template: content-creation[0m
[1;33m2025-09-20 19:23:56 - Override flag detected - resetting progress and recreating files[0m
[0;32m2025-09-20 19:23:56 - Progress reset to 0 for template: content-creation[0m
[0;32m2025-09-20 19:23:56 - Using existing worktree: ../templata-content-creation[0m
[1;33m2025-09-20 19:23:56 - Override flag detected - recreating template prompt file: prompts-content-creation.ts[0m
[0;32m2025-09-20 19:23:56 - Created template prompt file: ../templata-content-creation/src/data/prompts-content-creation.ts[0m
[0;34m2025-09-20 19:23:56 - Generating prompt #1 (Section 1, Prompt 1/17)[0m
[1;33m2025-09-20 19:23:56 - Running prompt generation...[0m
PROMPT GENERATION COMPLETE - Prompt #1
[0;32m2025-09-20 19:24:14 - Completed prompt #1[0m
[0;34m2025-09-20 19:24:19 - Generating prompt #2 (Section 1, Prompt 2/17)[0m
[1;33m2025-09-20 19:24:19 - Running prompt generation...[0m
PROMPT GENERATION COMPLETE - Prompt #2
[0;32m2025-09-20 19:24:37 - Completed prompt #2[0m
[0;34m2025-09-20 19:24:42 - Generating prompt #3 (Section 1, Prompt 3/17)[0m
[1;33m2025-09-20 19:24:42 - Running prompt generation...[0m
PROMPT GENERATION COMPLETE - Prompt #3
[0;32m2025-09-20 19:24:59 - Completed prompt #3[0m
[0;34m2025-09-20 19:25:05 - Generating prompt #4 (Section 1, Prompt 4/17)[0m
[1;33m2025-09-20 19:25:05 - Running prompt generation...[0m
PROMPT GENERATION COMPLETE - Prompt #4
[0;32m2025-09-20 19:25:23 - Completed prompt #4[0m
[0;34m2025-09-20 19:25:28 - Generating prompt #5 (Section 1, Prompt 5/17)[0m
[1;33m2025-09-20 19:25:28 - Running prompt generation...[0m
PROMPT GENERATION COMPLETE - Prompt #5
[0;32m2025-09-20 19:25:46 - Completed prompt #5[0m
[0;34m2025-09-20 19:25:51 - Generating prompt #6 (Section 1, Prompt 6/17)[0m
[1;33m2025-09-20 19:25:51 - Running prompt generation...[0m
PROMPT GENERATION COMPLETE - Prompt #6
[0;32m2025-09-20 19:26:09 - Completed prompt #6[0m
[0;34m2025-09-20 19:26:14 - Generating prompt #7 (Section 1, Prompt 7/17)[0m
[1;33m2025-09-20 19:26:14 - Running prompt generation...[0m
PROMPT GENERATION COMPLETE - Prompt #7
[0;32m2025-09-20 19:26:34 - Completed prompt #7[0m
[0;34m2025-09-20 19:26:39 - Generating prompt #8 (Section 1, Prompt 8/17)[0m
[1;33m2025-09-20 19:26:39 - Running prompt generation...[0m
PROMPT GENERATION COMPLETE - Prompt #8
[0;32m2025-09-20 19:26:58 - Completed prompt #8[0m
[0;34m2025-09-20 19:27:03 - Generating prompt #9 (Section 1, Prompt 9/17)[0m
[1;33m2025-09-20 19:27:03 - Running prompt generation...[0m
PROMPT GENERATION COMPLETE - Prompt #9
[0;32m2025-09-20 19:27:23 - Completed prompt #9[0m
[0;34m2025-09-20 19:27:28 - Generating prompt #10 (Section 1, Prompt 10/17)[0m
[1;33m2025-09-20 19:27:28 - Running prompt generation...[0m
PROMPT GENERATION COMPLETE - Prompt #10
[0;32m2025-09-20 19:27:46 - Completed prompt #10[0m
[0;34m2025-09-20 19:27:51 - Generating prompt #11 (Section 1, Prompt 11/17)[0m
[1;33m2025-09-20 19:27:51 - Running prompt generation...[0m
PROMPT GENERATION COMPLETE - Prompt #11
[0;32m2025-09-20 19:28:11 - Completed prompt #11[0m
[0;34m2025-09-20 19:28:16 - Generating prompt #12 (Section 1, Prompt 12/17)[0m
[1;33m2025-09-20 19:28:16 - Running prompt generation...[0m
PROMPT GENERATION COMPLETE - Prompt #12
[0;32m2025-09-20 19:28:37 - Completed prompt #12[0m
[0;34m2025-09-20 19:28:42 - Generating prompt #13 (Section 1, Prompt 13/17)[0m
[1;33m2025-09-20 19:28:42 - Running prompt generation...[0m
PROMPT GENERATION COMPLETE - Prompt #13
[0;32m2025-09-20 19:29:03 - Completed prompt #13[0m
[0;34m2025-09-20 19:29:08 - Generating prompt #14 (Section 1, Prompt 14/17)[0m
[1;33m2025-09-20 19:29:08 - Running prompt generation...[0m
PROMPT GENERATION COMPLETE - Prompt #14
[0;32m2025-09-20 19:29:29 - Completed prompt #14[0m
[0;34m2025-09-20 19:29:34 - Generating prompt #15 (Section 1, Prompt 15/17)[0m
[1;33m2025-09-20 19:29:34 - Running prompt generation...[0m
PROMPT GENERATION COMPLETE - Prompt #15
[0;32m2025-09-20 19:29:55 - Completed prompt #15[0m
[0;34m2025-09-20 19:30:00 - Generating prompt #16 (Section 1, Prompt 16/17)[0m
[1;33m2025-09-20 19:30:00 - Running prompt generation...[0m
PROMPT GENERATION COMPLETE - Prompt #16
[0;32m2025-09-20 19:30:20 - Completed prompt #16[0m
[0;34m2025-09-20 19:30:25 - Generating prompt #17 (Section 1, Prompt 17/17)[0m
[1;33m2025-09-20 19:30:25 - Running prompt generation...[0m
PROMPT GENERATION COMPLETE - Prompt #17
[0;32m2025-09-20 19:30:44 - Completed prompt #17[0m
[0;34m2025-09-20 19:30:49 - Generating prompt #18 (Section 2, Prompt 1/17)[0m
[1;33m2025-09-20 19:30:49 - Running prompt generation...[0m
PROMPT GENERATION COMPLETE - Prompt #18
[0;32m2025-09-20 19:31:09 - Completed prompt #18[0m
[0;34m2025-09-20 19:31:14 - Generating prompt #19 (Section 2, Prompt 2/17)[0m
[1;33m2025-09-20 19:31:14 - Running prompt generation...[0m
PROMPT GENERATION COMPLETE - Prompt #19
[0;32m2025-09-20 19:31:36 - Completed prompt #19[0m
[0;34m2025-09-20 19:31:41 - Generating prompt #20 (Section 2, Prompt 3/17)[0m
[1;33m2025-09-20 19:31:41 - Running prompt generation...[0m
PROMPT GENERATION COMPLETE - Prompt #20
[0;32m2025-09-20 19:32:02 - Completed prompt #20[0m
[0;34m2025-09-20 19:32:07 - Generating prompt #21 (Section 2, Prompt 4/17)[0m
[1;33m2025-09-20 19:32:07 - Running prompt generation...[0m
PROMPT GENERATION COMPLETE - Prompt #21
[0;32m2025-09-20 19:32:31 - Completed prompt #21[0m
[0;34m2025-09-20 19:32:36 - Generating prompt #22 (Section 2, Prompt 5/17)[0m
[1;33m2025-09-20 19:32:36 - Running prompt generation...[0m
PROMPT GENERATION COMPLETE - Prompt #22
[0;32m2025-09-20 19:32:56 - Completed prompt #22[0m
[0;34m2025-09-20 19:33:01 - Generating prompt #23 (Section 2, Prompt 6/17)[0m
[1;33m2025-09-20 19:33:01 - Running prompt generation...[0m
PROMPT GENERATION COMPLETE - Prompt #23
[0;32m2025-09-20 19:33:22 - Completed prompt #23[0m
[0;34m2025-09-20 19:33:27 - Generating prompt #24 (Section 2, Prompt 7/17)[0m
[1;33m2025-09-20 19:33:27 - Running prompt generation...[0m
PROMPT GENERATION COMPLETE - Prompt #24
[0;32m2025-09-20 19:33:47 - Completed prompt #24[0m
[0;34m2025-09-20 19:33:52 - Generating prompt #25 (Section 2, Prompt 8/17)[0m
[1;33m2025-09-20 19:33:52 - Running prompt generation...[0m
PROMPT GENERATION COMPLETE - Prompt #25
[0;32m2025-09-20 19:34:19 - Completed prompt #25[0m
[0;34m2025-09-20 19:34:24 - Generating prompt #26 (Section 2, Prompt 9/17)[0m
[1;33m2025-09-20 19:34:24 - Running prompt generation...[0m
PROMPT GENERATION COMPLETE - Prompt #26
[0;32m2025-09-20 19:34:44 - Completed prompt #26[0m
[0;34m2025-09-20 19:34:49 - Generating prompt #27 (Section 2, Prompt 10/17)[0m
[1;33m2025-09-20 19:34:49 - Running prompt generation...[0m
PROMPT GENERATION COMPLETE - Prompt #27
[0;32m2025-09-20 19:35:09 - Completed prompt #27[0m
[0;34m2025-09-20 19:35:14 - Generating prompt #28 (Section 2, Prompt 11/17)[0m
[1;33m2025-09-20 19:35:14 - Running prompt generation...[0m
PROMPT GENERATION COMPLETE - Prompt #28
[0;32m2025-09-20 19:35:36 - Completed prompt #28[0m
[0;34m2025-09-20 19:35:41 - Generating prompt #29 (Section 2, Prompt 12/17)[0m
[1;33m2025-09-20 19:35:41 - Running prompt generation...[0m
PROMPT GENERATION COMPLETE - Prompt #29
[0;32m2025-09-20 19:36:02 - Completed prompt #29[0m
[0;34m2025-09-20 19:36:07 - Generating prompt #30 (Section 2, Prompt 13/17)[0m
[1;33m2025-09-20 19:36:07 - Running prompt generation...[0m
PROMPT GENERATION COMPLETE - Prompt #30
[0;32m2025-09-20 19:36:28 - Completed prompt #30[0m
[0;34m2025-09-20 19:36:33 - Generating prompt #31 (Section 2, Prompt 14/17)[0m
[1;33m2025-09-20 19:36:33 - Running prompt generation...[0m
PROMPT GENERATION COMPLETE - Prompt #31
[0;32m2025-09-20 19:36:53 - Completed prompt #31[0m
[0;34m2025-09-20 19:36:58 - Generating prompt #32 (Section 2, Prompt 15/17)[0m
[1;33m2025-09-20 19:36:58 - Running prompt generation...[0m
PROMPT GENERATION COMPLETE - Prompt #32
[0;32m2025-09-20 19:37:19 - Completed prompt #32[0m
[0;34m2025-09-20 19:37:24 - Generating prompt #33 (Section 2, Prompt 16/17)[0m
[1;33m2025-09-20 19:37:24 - Running prompt generation...[0m
PROMPT GENERATION COMPLETE - Prompt #33
[0;32m2025-09-20 19:37:46 - Completed prompt #33[0m
[0;34m2025-09-20 19:37:51 - Generating prompt #34 (Section 2, Prompt 17/17)[0m
[1;33m2025-09-20 19:37:51 - Running prompt generation...[0m
PROMPT GENERATION COMPLETE - Prompt #34
[0;32m2025-09-20 19:38:11 - Completed prompt #34[0m
[0;34m2025-09-20 19:38:16 - Generating prompt #35 (Section 3, Prompt 1/17)[0m
[1;33m2025-09-20 19:38:16 - Running prompt generation...[0m
PROMPT GENERATION COMPLETE - Prompt #35
[0;32m2025-09-20 19:38:36 - Completed prompt #35[0m
[0;34m2025-09-20 19:38:41 - Generating prompt #36 (Section 3, Prompt 2/17)[0m
[1;33m2025-09-20 19:38:41 - Running prompt generation...[0m
PROMPT GENERATION COMPLETE - Prompt #36
[0;32m2025-09-20 19:39:02 - Completed prompt #36[0m
[0;34m2025-09-20 19:39:07 - Generating prompt #37 (Section 3, Prompt 3/17)[0m
[1;33m2025-09-20 19:39:07 - Running prompt generation...[0m
PROMPT GENERATION COMPLETE - Prompt #37
[0;32m2025-09-20 19:39:26 - Completed prompt #37[0m
[0;34m2025-09-20 19:39:31 - Generating prompt #38 (Section 3, Prompt 4/17)[0m
[1;33m2025-09-20 19:39:31 - Running prompt generation...[0m
PROMPT GENERATION COMPLETE - Prompt #38
[0;32m2025-09-20 19:39:51 - Completed prompt #38[0m
[0;34m2025-09-20 19:39:56 - Generating prompt #39 (Section 3, Prompt 5/17)[0m
[1;33m2025-09-20 19:39:56 - Running prompt generation...[0m
PROMPT GENERATION COMPLETE - Prompt #39
[0;32m2025-09-20 19:40:17 - Completed prompt #39[0m
[0;34m2025-09-20 19:40:22 - Generating prompt #40 (Section 3, Prompt 6/17)[0m
[1;33m2025-09-20 19:40:22 - Running prompt generation...[0m
PROMPT GENERATION COMPLETE - Prompt #40
[0;32m2025-09-20 19:40:42 - Completed prompt #40[0m
[0;34m2025-09-20 19:40:47 - Generating prompt #41 (Section 3, Prompt 7/17)[0m
[1;33m2025-09-20 19:40:47 - Running prompt generation...[0m
PROMPT GENERATION COMPLETE - Prompt #41
[0;32m2025-09-20 19:41:06 - Completed prompt #41[0m
[0;34m2025-09-20 19:41:11 - Generating prompt #42 (Section 3, Prompt 8/17)[0m
[1;33m2025-09-20 19:41:11 - Running prompt generation...[0m
PROMPT GENERATION COMPLETE - Prompt #42
[0;32m2025-09-20 19:41:31 - Completed prompt #42[0m
[0;34m2025-09-20 19:41:36 - Generating prompt #43 (Section 3, Prompt 9/17)[0m
[1;33m2025-09-20 19:41:36 - Running prompt generation...[0m
PROMPT GENERATION COMPLETE - Prompt #43
[0;32m2025-09-20 19:41:57 - Completed prompt #43[0m
[0;34m2025-09-20 19:42:02 - Generating prompt #44 (Section 3, Prompt 10/17)[0m
[1;33m2025-09-20 19:42:02 - Running prompt generation...[0m
PROMPT GENERATION COMPLETE - Prompt #44
[0;32m2025-09-20 19:42:23 - Completed prompt #44[0m
[0;34m2025-09-20 19:42:28 - Generating prompt #45 (Section 3, Prompt 11/17)[0m
[1;33m2025-09-20 19:42:28 - Running prompt generation...[0m
PROMPT GENERATION COMPLETE - Prompt #45
[0;32m2025-09-20 19:42:49 - Completed prompt #45[0m
[0;34m2025-09-20 19:42:55 - Generating prompt #46 (Section 3, Prompt 12/17)[0m
[1;33m2025-09-20 19:42:55 - Running prompt generation...[0m
PROMPT GENERATION COMPLETE - Prompt #46
[0;32m2025-09-20 19:43:17 - Completed prompt #46[0m
[0;34m2025-09-20 19:43:22 - Generating prompt #47 (Section 3, Prompt 13/17)[0m
[1;33m2025-09-20 19:43:22 - Running prompt generation...[0m
PROMPT GENERATION COMPLETE - Prompt #47
[0;32m2025-09-20 19:43:44 - Completed prompt #47[0m
[0;34m2025-09-20 19:43:49 - Generating prompt #48 (Section 3, Prompt 14/17)[0m
[1;33m2025-09-20 19:43:49 - Running prompt generation...[0m
PROMPT GENERATION COMPLETE - Prompt #48
[0;32m2025-09-20 19:44:10 - Completed prompt #48[0m
[0;34m2025-09-20 19:44:15 - Generating prompt #49 (Section 3, Prompt 15/17)[0m
[1;33m2025-09-20 19:44:15 - Running prompt generation...[0m
PROMPT GENERATION COMPLETE - Prompt #49
[0;32m2025-09-20 19:44:35 - Completed prompt #49[0m
[0;34m2025-09-20 19:44:40 - Generating prompt #50 (Section 3, Prompt 16/17)[0m
[1;33m2025-09-20 19:44:40 - Running prompt generation...[0m
PROMPT GENERATION COMPLETE - Prompt #50
[0;32m2025-09-20 19:45:01 - Completed prompt #50[0m
[0;34m2025-09-20 19:45:06 - Generating prompt #51 (Section 3, Prompt 17/17)[0m
[1;33m2025-09-20 19:45:06 - Running prompt generation...[0m
PROMPT GENERATION COMPLETE - Prompt #51
[0;32m2025-09-20 19:45:26 - Completed prompt #51[0m
[0;34m2025-09-20 19:45:31 - Generating prompt #52 (Section 4, Prompt 1/17)[0m
[1;33m2025-09-20 19:45:31 - Running prompt generation...[0m
PROMPT GENERATION COMPLETE - Prompt #52
[0;32m2025-09-20 19:45:53 - Completed prompt #52[0m
[0;34m2025-09-20 19:45:58 - Generating prompt #53 (Section 4, Prompt 2/17)[0m
[1;33m2025-09-20 19:45:58 - Running prompt generation...[0m
PROMPT GENERATION COMPLETE - Prompt #53
[0;32m2025-09-20 19:46:19 - Completed prompt #53[0m
[0;34m2025-09-20 19:46:24 - Generating prompt #54 (Section 4, Prompt 3/17)[0m
[1;33m2025-09-20 19:46:24 - Running prompt generation...[0m
PROMPT GENERATION COMPLETE - Prompt #54
[0;32m2025-09-20 19:46:43 - Completed prompt #54[0m
[0;34m2025-09-20 19:46:48 - Generating prompt #55 (Section 4, Prompt 4/17)[0m
[1;33m2025-09-20 19:46:48 - Running prompt generation...[0m
PROMPT GENERATION COMPLETE - Prompt #55
[0;32m2025-09-20 19:47:10 - Completed prompt #55[0m
[0;34m2025-09-20 19:47:15 - Generating prompt #56 (Section 4, Prompt 5/17)[0m
[1;33m2025-09-20 19:47:15 - Running prompt generation...[0m
PROMPT GENERATION COMPLETE - Prompt #56
[0;32m2025-09-20 19:47:36 - Completed prompt #56[0m
[0;34m2025-09-20 19:47:41 - Generating prompt #57 (Section 4, Prompt 6/17)[0m
[1;33m2025-09-20 19:47:41 - Running prompt generation...[0m
PROMPT GENERATION COMPLETE - Prompt #57
[0;32m2025-09-20 19:48:01 - Completed prompt #57[0m
[0;34m2025-09-20 19:48:06 - Generating prompt #58 (Section 4, Prompt 7/17)[0m
[1;33m2025-09-20 19:48:06 - Running prompt generation...[0m
PROMPT GENERATION COMPLETE - Prompt #58
[0;32m2025-09-20 19:48:27 - Completed prompt #58[0m
[0;34m2025-09-20 19:48:32 - Generating prompt #59 (Section 4, Prompt 8/17)[0m
[1;33m2025-09-20 19:48:32 - Running prompt generation...[0m
PROMPT GENERATION COMPLETE - Prompt #59
[0;32m2025-09-20 19:48:52 - Completed prompt #59[0m
[0;34m2025-09-20 19:48:57 - Generating prompt #60 (Section 4, Prompt 9/17)[0m
[1;33m2025-09-20 19:48:57 - Running prompt generation...[0m
PROMPT GENERATION COMPLETE - Prompt #60
[0;32m2025-09-20 19:49:20 - Completed prompt #60[0m
[0;34m2025-09-20 19:49:25 - Generating prompt #61 (Section 4, Prompt 10/17)[0m
[1;33m2025-09-20 19:49:25 - Running prompt generation...[0m
PROMPT GENERATION COMPLETE - Prompt #61
[0;32m2025-09-20 19:49:45 - Completed prompt #61[0m
[0;34m2025-09-20 19:49:50 - Generating prompt #62 (Section 4, Prompt 11/17)[0m
[1;33m2025-09-20 19:49:50 - Running prompt generation...[0m
PROMPT GENERATION COMPLETE - Prompt #62
[0;32m2025-09-20 19:50:15 - Completed prompt #62[0m
[0;34m2025-09-20 19:50:20 - Generating prompt #63 (Section 4, Prompt 12/17)[0m
[1;33m2025-09-20 19:50:20 - Running prompt generation...[0m
PROMPT GENERATION COMPLETE - Prompt #63
[0;32m2025-09-20 19:50:40 - Completed prompt #63[0m
[0;34m2025-09-20 19:50:45 - Generating prompt #64 (Section 4, Prompt 13/17)[0m
[1;33m2025-09-20 19:50:45 - Running prompt generation...[0m
PROMPT GENERATION COMPLETE - Prompt #64
[0;32m2025-09-20 19:51:07 - Completed prompt #64[0m
[0;34m2025-09-20 19:51:12 - Generating prompt #65 (Section 4, Prompt 14/17)[0m
[1;33m2025-09-20 19:51:12 - Running prompt generation...[0m
PROMPT GENERATION COMPLETE - Prompt #65
[0;32m2025-09-20 19:51:32 - Completed prompt #65[0m
[0;34m2025-09-20 19:51:38 - Generating prompt #66 (Section 4, Prompt 15/17)[0m
[1;33m2025-09-20 19:51:38 - Running prompt generation...[0m
PROMPT GENERATION COMPLETE - Prompt #66
[0;32m2025-09-20 19:51:58 - Completed prompt #66[0m
[0;34m2025-09-20 19:52:03 - Generating prompt #67 (Section 4, Prompt 16/17)[0m
[1;33m2025-09-20 19:52:03 - Running prompt generation...[0m
PROMPT GENERATION COMPLETE - Prompt #67
[0;32m2025-09-20 19:52:27 - Completed prompt #67[0m
[0;34m2025-09-20 19:52:32 - Generating prompt #68 (Section 4, Prompt 17/17)[0m
[1;33m2025-09-20 19:52:32 - Running prompt generation...[0m
PROMPT GENERATION COMPLETE - Prompt #68
[0;32m2025-09-20 19:52:52 - Completed prompt #68[0m
[0;34m2025-09-20 19:52:57 - Generating prompt #69 (Section 5, Prompt 1/17)[0m
[1;33m2025-09-20 19:52:57 - Running prompt generation...[0m
PROMPT GENERATION COMPLETE - Prompt #69
[0;32m2025-09-20 19:53:18 - Completed prompt #69[0m
[0;34m2025-09-20 19:53:23 - Generating prompt #70 (Section 5, Prompt 2/17)[0m
[1;33m2025-09-20 19:53:23 - Running prompt generation...[0m
PROMPT GENERATION COMPLETE - Prompt #70
[0;32m2025-09-20 19:53:43 - Completed prompt #70[0m
[0;34m2025-09-20 19:53:48 - Generating prompt #71 (Section 5, Prompt 3/17)[0m
[1;33m2025-09-20 19:53:48 - Running prompt generation...[0m
PROMPT GENERATION COMPLETE - Prompt #71
[0;32m2025-09-20 19:54:10 - Completed prompt #71[0m
[0;34m2025-09-20 19:54:15 - Generating prompt #72 (Section 5, Prompt 4/17)[0m
[1;33m2025-09-20 19:54:15 - Running prompt generation...[0m
PROMPT GENERATION COMPLETE - Prompt #72
[0;32m2025-09-20 19:54:37 - Completed prompt #72[0m
[0;34m2025-09-20 19:54:42 - Generating prompt #73 (Section 5, Prompt 5/17)[0m
[1;33m2025-09-20 19:54:42 - Running prompt generation...[0m
PROMPT GENERATION COMPLETE - Prompt #73
[0;32m2025-09-20 19:55:01 - Completed prompt #73[0m
[0;34m2025-09-20 19:55:07 - Generating prompt #74 (Section 5, Prompt 6/17)[0m
[1;33m2025-09-20 19:55:07 - Running prompt generation...[0m
PROMPT GENERATION COMPLETE - Prompt #74
[0;32m2025-09-20 19:55:27 - Completed prompt #74[0m
[0;34m2025-09-20 19:55:32 - Generating prompt #75 (Section 5, Prompt 7/17)[0m
[1;33m2025-09-20 19:55:32 - Running prompt generation...[0m
PROMPT GENERATION COMPLETE - Prompt #75
[0;32m2025-09-20 19:55:53 - Completed prompt #75[0m
[0;34m2025-09-20 19:55:58 - Generating prompt #76 (Section 5, Prompt 8/17)[0m
[1;33m2025-09-20 19:55:58 - Running prompt generation...[0m
PROMPT GENERATION COMPLETE - Prompt #76
[0;32m2025-09-20 19:56:18 - Completed prompt #76[0m
[0;34m2025-09-20 19:56:23 - Generating prompt #77 (Section 5, Prompt 9/17)[0m
[1;33m2025-09-20 19:56:23 - Running prompt generation...[0m
PROMPT GENERATION COMPLETE - Prompt #77
[0;32m2025-09-20 19:56:44 - Completed prompt #77[0m
[0;34m2025-09-20 19:56:49 - Generating prompt #78 (Section 5, Prompt 10/17)[0m
[1;33m2025-09-20 19:56:49 - Running prompt generation...[0m
PROMPT GENERATION COMPLETE - Prompt #78
[0;32m2025-09-20 19:57:10 - Completed prompt #78[0m
[0;34m2025-09-20 19:57:15 - Generating prompt #79 (Section 5, Prompt 11/17)[0m
[1;33m2025-09-20 19:57:15 - Running prompt generation...[0m
PROMPT GENERATION COMPLETE - Prompt #79
[0;32m2025-09-20 19:57:38 - Completed prompt #79[0m
[0;34m2025-09-20 19:57:44 - Generating prompt #80 (Section 5, Prompt 12/17)[0m
[1;33m2025-09-20 19:57:44 - Running prompt generation...[0m
PROMPT GENERATION COMPLETE - Prompt #80
[0;32m2025-09-20 19:58:04 - Completed prompt #80[0m
[0;34m2025-09-20 19:58:09 - Generating prompt #81 (Section 5, Prompt 13/17)[0m
[1;33m2025-09-20 19:58:09 - Running prompt generation...[0m
PROMPT GENERATION COMPLETE - Prompt #81
[0;32m2025-09-20 19:58:31 - Completed prompt #81[0m
[0;34m2025-09-20 19:58:36 - Generating prompt #82 (Section 5, Prompt 14/17)[0m
[1;33m2025-09-20 19:58:36 - Running prompt generation...[0m
PROMPT GENERATION COMPLETE - Prompt #82
[0;32m2025-09-20 19:58:57 - Completed prompt #82[0m
[0;34m2025-09-20 19:59:02 - Generating prompt #83 (Section 5, Prompt 15/17)[0m
[1;33m2025-09-20 19:59:02 - Running prompt generation...[0m
PROMPT GENERATION COMPLETE - Prompt #83
[0;32m2025-09-20 19:59:20 - Completed prompt #83[0m
[0;34m2025-09-20 19:59:25 - Generating prompt #84 (Section 5, Prompt 16/17)[0m
[1;33m2025-09-20 19:59:25 - Running prompt generation...[0m
PROMPT GENERATION COMPLETE - Prompt #84
[0;32m2025-09-20 19:59:44 - Completed prompt #84[0m
[0;34m2025-09-20 19:59:49 - Generating prompt #85 (Section 5, Prompt 17/17)[0m
[1;33m2025-09-20 19:59:49 - Running prompt generation...[0m
PROMPT GENERATION COMPLETE - Prompt #85
[0;32m2025-09-20 20:00:09 - Completed prompt #85[0m
[0;34m2025-09-20 20:00:14 - Generating prompt #86 (Section 6, Prompt 1/17)[0m
[1;33m2025-09-20 20:00:14 - Running prompt generation...[0m
PROMPT GENERATION COMPLETE - Prompt #86
[0;32m2025-09-20 20:00:35 - Completed prompt #86[0m
[0;34m2025-09-20 20:00:40 - Generating prompt #87 (Section 6, Prompt 2/17)[0m
[1;33m2025-09-20 20:00:40 - Running prompt generation...[0m
PROMPT GENERATION COMPLETE - Prompt #87
[0;32m2025-09-20 20:01:02 - Completed prompt #87[0m
[0;34m2025-09-20 20:01:07 - Generating prompt #88 (Section 6, Prompt 3/17)[0m
[1;33m2025-09-20 20:01:07 - Running prompt generation...[0m
PROMPT GENERATION COMPLETE - Prompt #88
[0;32m2025-09-20 20:01:27 - Completed prompt #88[0m
[0;34m2025-09-20 20:01:32 - Generating prompt #89 (Section 6, Prompt 4/17)[0m
[1;33m2025-09-20 20:01:32 - Running prompt generation...[0m
PROMPT GENERATION COMPLETE - Prompt #89
[0;32m2025-09-20 20:01:52 - Completed prompt #89[0m
[0;34m2025-09-20 20:01:57 - Generating prompt #90 (Section 6, Prompt 5/17)[0m
[1;33m2025-09-20 20:01:57 - Running prompt generation...[0m
PROMPT GENERATION COMPLETE - Prompt #90
[0;32m2025-09-20 20:02:18 - Completed prompt #90[0m
[0;34m2025-09-20 20:02:23 - Generating prompt #91 (Section 6, Prompt 6/17)[0m
[1;33m2025-09-20 20:02:23 - Running prompt generation...[0m
PROMPT GENERATION COMPLETE - Prompt #91
[0;32m2025-09-20 20:02:43 - Completed prompt #91[0m
[0;34m2025-09-20 20:02:48 - Generating prompt #92 (Section 6, Prompt 7/17)[0m
[1;33m2025-09-20 20:02:48 - Running prompt generation...[0m
PROMPT GENERATION COMPLETE - Prompt #92
[0;32m2025-09-20 20:03:08 - Completed prompt #92[0m
[0;34m2025-09-20 20:03:13 - Generating prompt #93 (Section 6, Prompt 8/17)[0m
[1;33m2025-09-20 20:03:13 - Running prompt generation...[0m
PROMPT GENERATION COMPLETE - Prompt #93
[0;32m2025-09-20 20:03:36 - Completed prompt #93[0m
[0;34m2025-09-20 20:03:41 - Generating prompt #94 (Section 6, Prompt 9/17)[0m
[1;33m2025-09-20 20:03:41 - Running prompt generation...[0m
PROMPT GENERATION COMPLETE - Prompt #94
[0;32m2025-09-20 20:04:01 - Completed prompt #94[0m
[0;34m2025-09-20 20:04:06 - Generating prompt #95 (Section 6, Prompt 10/17)[0m
[1;33m2025-09-20 20:04:06 - Running prompt generation...[0m
PROMPT GENERATION COMPLETE - Prompt #95
[0;32m2025-09-20 20:04:24 - Completed prompt #95[0m
[0;34m2025-09-20 20:04:29 - Generating prompt #96 (Section 6, Prompt 11/17)[0m
[1;33m2025-09-20 20:04:29 - Running prompt generation...[0m
PROMPT GENERATION COMPLETE - Prompt #96
[0;32m2025-09-20 20:04:50 - Completed prompt #96[0m
[0;34m2025-09-20 20:04:55 - Generating prompt #97 (Section 6, Prompt 12/17)[0m
[1;33m2025-09-20 20:04:55 - Running prompt generation...[0m
PROMPT GENERATION COMPLETE - Prompt #97
[0;32m2025-09-20 20:05:13 - Completed prompt #97[0m
[0;34m2025-09-20 20:05:18 - Generating prompt #98 (Section 6, Prompt 13/17)[0m
[1;33m2025-09-20 20:05:19 - Running prompt generation...[0m
PROMPT GENERATION COMPLETE - Prompt #98
[0;32m2025-09-20 20:05:36 - Completed prompt #98[0m
[0;34m2025-09-20 20:05:41 - Generating prompt #99 (Section 6, Prompt 14/17)[0m
[1;33m2025-09-20 20:05:41 - Running prompt generation...[0m
PROMPT GENERATION COMPLETE - Prompt #99
[0;32m2025-09-20 20:06:03 - Completed prompt #99[0m
[0;34m2025-09-20 20:06:08 - Generating prompt #100 (Section 6, Prompt 15/17)[0m
[1;33m2025-09-20 20:06:08 - Running prompt generation...[0m
5-hour limit reached ∙ resets 12am
[0;32m2025-09-20 20:06:27 - Completed prompt #100[0m
[0;34m2025-09-20 20:06:32 - Generating prompt #101 (Section 6, Prompt 16/17)[0m
[1;33m2025-09-20 20:06:32 - Running prompt generation...[0m
5-hour limit reached ∙ resets 12am
[0;32m2025-09-20 20:06:39 - Completed prompt #101[0m
[0;34m2025-09-20 20:06:44 - Generating prompt #102 (Section 6, Prompt 17/17)[0m
[1;33m2025-09-20 20:06:44 - Running prompt generation...[0m
5-hour limit reached ∙ resets 12am
[0;32m2025-09-20 20:06:50 - Completed prompt #102[0m
[0;34m2025-09-21 00:03:25 - Starting Prompt Generation Cycle for template: content-creation[0m
[0;32m2025-09-21 00:03:25 - Using existing worktree: ../templata-content-creation[0m
[0;34m2025-09-21 00:07:44 - Starting Prompt Generation Cycle for template: content-creation[0m
[0;32m2025-09-21 00:07:44 - Using existing worktree: ../templata-content-creation[0m
[0;34m2025-09-21 00:11:59 - Starting Prompt Generation Cycle for template: content-creation[0m
[0;32m2025-09-21 00:11:59 - Using existing worktree: ../templata-content-creation[0m
[0;34m2025-09-21 00:11:59 - Generating prompt #101 (Section 6, Prompt 16/17)[0m
[1;33m2025-09-21 00:11:59 - Running prompt generation...[0m
PROMPT GENERATION COMPLETE - Prompt #101
[0;32m2025-09-21 00:12:21 - Completed prompt #101[0m
[0;34m2025-09-21 00:12:26 - Generating prompt #102 (Section 6, Prompt 17/17)[0m
[1;33m2025-09-21 00:12:27 - Running prompt generation...[0m
PROMPT GENERATION COMPLETE - Prompt #102
[0;32m2025-09-21 00:12:49 - Completed prompt #102[0m
