[0;34m2025-09-22 08:36:13 - Starting Prompt Generation Cycle for template: downsizing-decisions[0m
[1;33m2025-09-22 08:36:13 - Override flag detected - resetting progress and recreating files[0m
[0;32m2025-09-22 08:36:13 - Progress reset to 0 for template: downsizing-decisions[0m
[0;32m2025-09-22 08:36:13 - Using existing worktree: ../templata-downsizing-decisions[0m
[1;33m2025-09-22 08:36:13 - Creating template prompt file: prompts-downsizing-decisions.ts[0m
[0;32m2025-09-22 08:36:13 - Created template prompt file: ../templata-downsizing-decisions/src/data/prompts-downsizing-decisions.ts[0m
[0;34m2025-09-22 08:36:13 - Generating prompt #1 (Section 1, Prompt 1/17)[0m
[1;33m2025-09-22 08:36:13 - Running prompt generation...[0m
PROMPT GENERATION COMPLETE - Prompt #1
[0;32m2025-09-22 08:36:42 - Completed prompt #1[0m
[0;34m2025-09-22 08:36:47 - Generating prompt #2 (Section 1, Prompt 2/17)[0m
[1;33m2025-09-22 08:36:47 - Running prompt generation...[0m
PROMPT GENERATION COMPLETE - Prompt #2
[0;32m2025-09-22 08:37:20 - Completed prompt #2[0m
[0;34m2025-09-22 08:37:25 - Generating prompt #3 (Section 1, Prompt 3/17)[0m
[1;33m2025-09-22 08:37:25 - Running prompt generation...[0m
PROMPT GENERATION COMPLETE - Prompt #3
[0;32m2025-09-22 08:37:52 - Completed prompt #3[0m
[0;34m2025-09-22 08:37:57 - Generating prompt #4 (Section 1, Prompt 4/17)[0m
[1;33m2025-09-22 08:37:58 - Running prompt generation...[0m
PROMPT GENERATION COMPLETE - Prompt #4
[0;32m2025-09-22 08:38:22 - Completed prompt #4[0m
[0;34m2025-09-22 08:38:27 - Generating prompt #5 (Section 1, Prompt 5/17)[0m
[1;33m2025-09-22 08:38:27 - Running prompt generation...[0m
PROMPT GENERATION COMPLETE - Prompt #5
[0;32m2025-09-22 08:38:51 - Completed prompt #5[0m
[0;34m2025-09-22 08:38:56 - Generating prompt #6 (Section 1, Prompt 6/17)[0m
[1;33m2025-09-22 08:38:56 - Running prompt generation...[0m
PROMPT GENERATION COMPLETE - Prompt #6
[0;34m2025-09-22 08:56:35 - Starting Prompt Generation Cycle for template: downsizing-decisions[0m
[0;32m2025-09-22 08:56:35 - Using existing worktree: ../templata-downsizing-decisions[0m
[0;34m2025-09-22 08:56:35 - Generating prompt #6 (Section 1, Prompt 6/17)[0m
[1;33m2025-09-22 08:56:35 - Running prompt generation...[0m
I can see that prompt #6 already exists in the file with a timeline planning task. Since you asked me to generate prompt #6 for the "Foundation and Understanding" theme, I notice the current prompt #6 is already a good foundation task focused on planning and timeline creation.

The existing prompt #6 is:
- Create a detailed timeline for your downsizing process with specific milestones and deadlines
- Category: planning
- Focused on foundational planning which fits the "Foundation and Understanding" theme

This prompt is already well-suited for the Foundation and Understanding section as it helps establish the fundamental framework for the entire downsizing process.

PROMPT GENERATION COMPLETE - Prompt #6
[0;32m2025-09-22 08:56:55 - Completed prompt #6[0m
[0;34m2025-09-22 08:57:00 - Generating prompt #7 (Section 1, Prompt 7/17)[0m
[1;33m2025-09-22 08:57:00 - Running prompt generation...[0m
PROMPT GENERATION COMPLETE - Prompt #7
[0;32m2025-09-22 08:57:23 - Completed prompt #7[0m
[0;34m2025-09-22 08:57:28 - Generating prompt #8 (Section 1, Prompt 8/17)[0m
[1;33m2025-09-22 08:57:28 - Running prompt generation...[0m
PROMPT GENERATION COMPLETE - Prompt #8
[0;32m2025-09-22 08:57:51 - Completed prompt #8[0m
[0;34m2025-09-22 08:57:56 - Generating prompt #9 (Section 1, Prompt 9/17)[0m
[1;33m2025-09-22 08:57:56 - Running prompt generation...[0m
PROMPT GENERATION COMPLETE - Prompt #9
[0;32m2025-09-22 08:58:17 - Completed prompt #9[0m
[0;34m2025-09-22 08:58:22 - Generating prompt #10 (Section 1, Prompt 10/17)[0m
[1;33m2025-09-22 08:58:22 - Running prompt generation...[0m
PROMPT GENERATION COMPLETE - Prompt #10
[0;32m2025-09-22 08:58:44 - Completed prompt #10[0m
[0;34m2025-09-22 08:58:49 - Generating prompt #11 (Section 1, Prompt 11/17)[0m
[1;33m2025-09-22 08:58:49 - Running prompt generation...[0m
PROMPT GENERATION COMPLETE - Prompt #11
[0;32m2025-09-22 08:59:11 - Completed prompt #11[0m
[0;34m2025-09-22 08:59:16 - Generating prompt #12 (Section 1, Prompt 12/17)[0m
[1;33m2025-09-22 08:59:16 - Running prompt generation...[0m
PROMPT GENERATION COMPLETE - Prompt #12
