[0;34m2025-09-22 02:40:33 - Starting Prompt Generation Cycle for template: mental-health-college[0m
[1;33m2025-09-22 02:40:33 - Override flag detected - resetting progress and recreating files[0m
[0;32m2025-09-22 02:40:33 - Progress reset to 0 for template: mental-health-college[0m
[0;32m2025-09-22 02:40:33 - Using existing worktree: ../templata-mental-health-college[0m
[1;33m2025-09-22 02:40:33 - Creating template prompt file: prompts-mental-health-college.ts[0m
[0;32m2025-09-22 02:40:33 - Created template prompt file: ../templata-mental-health-college/src/data/prompts-mental-health-college.ts[0m
[0;34m2025-09-22 02:40:33 - Generating prompt #1 (Section 1, Prompt 1/17)[0m
[1;33m2025-09-22 02:40:33 - Running prompt generation...[0m
PROMPT GENERATION COMPLETE - Prompt #1
[0;32m2025-09-22 02:40:57 - Completed prompt #1[0m
[0;34m2025-09-22 02:41:02 - Generating prompt #2 (Section 1, Prompt 2/17)[0m
[1;33m2025-09-22 02:41:02 - Running prompt generation...[0m
PROMPT GENERATION COMPLETE - Prompt #2
[0;32m2025-09-22 02:41:26 - Completed prompt #2[0m
[0;34m2025-09-22 02:41:31 - Generating prompt #3 (Section 1, Prompt 3/17)[0m
[1;33m2025-09-22 02:41:31 - Running prompt generation...[0m
PROMPT GENERATION COMPLETE - Prompt #3
[0;32m2025-09-22 02:41:55 - Completed prompt #3[0m
[0;34m2025-09-22 02:42:00 - Generating prompt #4 (Section 1, Prompt 4/17)[0m
[1;33m2025-09-22 02:42:00 - Running prompt generation...[0m
PROMPT GENERATION COMPLETE - Prompt #4
[0;32m2025-09-22 02:42:25 - Completed prompt #4[0m
[0;34m2025-09-22 02:42:30 - Generating prompt #5 (Section 1, Prompt 5/17)[0m
[1;33m2025-09-22 02:42:30 - Running prompt generation...[0m
PROMPT GENERATION COMPLETE - Prompt #5
[0;32m2025-09-22 02:42:55 - Completed prompt #5[0m
[0;34m2025-09-22 02:43:00 - Generating prompt #6 (Section 1, Prompt 6/17)[0m
[1;33m2025-09-22 02:43:00 - Running prompt generation...[0m
PROMPT GENERATION COMPLETE - Prompt #6
[0;32m2025-09-22 02:43:25 - Completed prompt #6[0m
[0;34m2025-09-22 02:43:30 - Generating prompt #7 (Section 1, Prompt 7/17)[0m
[1;33m2025-09-22 02:43:30 - Running prompt generation...[0m
PROMPT GENERATION COMPLETE - Prompt #7
[0;32m2025-09-22 02:43:52 - Completed prompt #7[0m
[0;34m2025-09-22 02:43:57 - Generating prompt #8 (Section 1, Prompt 8/17)[0m
[1;33m2025-09-22 02:43:57 - Running prompt generation...[0m
PROMPT GENERATION COMPLETE - Prompt #8
[0;32m2025-09-22 02:44:21 - Completed prompt #8[0m
[0;34m2025-09-22 02:44:26 - Generating prompt #9 (Section 1, Prompt 9/17)[0m
[1;33m2025-09-22 02:44:26 - Running prompt generation...[0m
PROMPT GENERATION COMPLETE - Prompt #9
[0;32m2025-09-22 02:44:53 - Completed prompt #9[0m
[0;34m2025-09-22 02:44:58 - Generating prompt #10 (Section 1, Prompt 10/17)[0m
[1;33m2025-09-22 02:44:58 - Running prompt generation...[0m
PROMPT GENERATION COMPLETE - Prompt #10
[0;32m2025-09-22 02:45:20 - Completed prompt #10[0m
[0;34m2025-09-22 02:45:25 - Generating prompt #11 (Section 1, Prompt 11/17)[0m
[1;33m2025-09-22 02:45:25 - Running prompt generation...[0m
PROMPT GENERATION COMPLETE - Prompt #11
[0;32m2025-09-22 02:45:49 - Completed prompt #11[0m
[0;34m2025-09-22 02:45:54 - Generating prompt #12 (Section 1, Prompt 12/17)[0m
[1;33m2025-09-22 02:45:54 - Running prompt generation...[0m
PROMPT GENERATION COMPLETE - Prompt #12
[0;32m2025-09-22 02:46:15 - Completed prompt #12[0m
[0;34m2025-09-22 02:46:20 - Generating prompt #13 (Section 1, Prompt 13/17)[0m
[1;33m2025-09-22 02:46:20 - Running prompt generation...[0m
PROMPT GENERATION COMPLETE - Prompt #13
[0;32m2025-09-22 02:46:42 - Completed prompt #13[0m
[0;34m2025-09-22 02:46:47 - Generating prompt #14 (Section 1, Prompt 14/17)[0m
[1;33m2025-09-22 02:46:47 - Running prompt generation...[0m
PROMPT GENERATION COMPLETE - Prompt #14
[0;32m2025-09-22 02:47:11 - Completed prompt #14[0m
[0;34m2025-09-22 02:47:16 - Generating prompt #15 (Section 1, Prompt 15/17)[0m
[1;33m2025-09-22 02:47:16 - Running prompt generation...[0m
PROMPT GENERATION COMPLETE - Prompt #15
[0;32m2025-09-22 02:47:39 - Completed prompt #15[0m
[0;34m2025-09-22 02:47:44 - Generating prompt #16 (Section 1, Prompt 16/17)[0m
[1;33m2025-09-22 02:47:44 - Running prompt generation...[0m
PROMPT GENERATION COMPLETE - Prompt #16
[0;32m2025-09-22 02:48:10 - Completed prompt #16[0m
[0;34m2025-09-22 02:48:15 - Generating prompt #17 (Section 1, Prompt 17/17)[0m
[1;33m2025-09-22 02:48:15 - Running prompt generation...[0m
PROMPT GENERATION COMPLETE - Prompt #17
[0;32m2025-09-22 02:48:38 - Completed prompt #17[0m
[0;34m2025-09-22 02:48:43 - Generating prompt #18 (Section 2, Prompt 1/17)[0m
[1;33m2025-09-22 02:48:43 - Running prompt generation...[0m
PROMPT GENERATION COMPLETE - Prompt #18
[0;32m2025-09-22 02:49:08 - Completed prompt #18[0m
[0;34m2025-09-22 02:49:13 - Generating prompt #19 (Section 2, Prompt 2/17)[0m
[1;33m2025-09-22 02:49:13 - Running prompt generation...[0m
PROMPT GENERATION COMPLETE - Prompt #19
[0;32m2025-09-22 02:49:35 - Completed prompt #19[0m
[0;34m2025-09-22 02:49:41 - Generating prompt #20 (Section 2, Prompt 3/17)[0m
[1;33m2025-09-22 02:49:41 - Running prompt generation...[0m
PROMPT GENERATION COMPLETE - Prompt #20
[0;32m2025-09-22 02:50:04 - Completed prompt #20[0m
[0;34m2025-09-22 02:50:10 - Generating prompt #21 (Section 2, Prompt 4/17)[0m
[1;33m2025-09-22 02:50:10 - Running prompt generation...[0m
PROMPT GENERATION COMPLETE - Prompt #21
[0;32m2025-09-22 02:50:33 - Completed prompt #21[0m
[0;34m2025-09-22 02:50:38 - Generating prompt #22 (Section 2, Prompt 5/17)[0m
[1;33m2025-09-22 02:50:38 - Running prompt generation...[0m
PROMPT GENERATION COMPLETE - Prompt #22
[0;32m2025-09-22 02:51:00 - Completed prompt #22[0m
[0;34m2025-09-22 02:51:05 - Generating prompt #23 (Section 2, Prompt 6/17)[0m
[1;33m2025-09-22 02:51:05 - Running prompt generation...[0m
PROMPT GENERATION COMPLETE - Prompt #23
[0;32m2025-09-22 02:51:28 - Completed prompt #23[0m
[0;34m2025-09-22 02:51:33 - Generating prompt #24 (Section 2, Prompt 7/17)[0m
[1;33m2025-09-22 02:51:34 - Running prompt generation...[0m
PROMPT GENERATION COMPLETE - Prompt #24
[0;32m2025-09-22 02:51:59 - Completed prompt #24[0m
[0;34m2025-09-22 02:52:04 - Generating prompt #25 (Section 2, Prompt 8/17)[0m
[1;33m2025-09-22 02:52:04 - Running prompt generation...[0m
PROMPT GENERATION COMPLETE - Prompt #25
[0;32m2025-09-22 02:52:26 - Completed prompt #25[0m
[0;34m2025-09-22 02:52:31 - Generating prompt #26 (Section 2, Prompt 9/17)[0m
[1;33m2025-09-22 02:52:31 - Running prompt generation...[0m
PROMPT GENERATION COMPLETE - Prompt #26
[0;32m2025-09-22 02:52:55 - Completed prompt #26[0m
[0;34m2025-09-22 02:53:00 - Generating prompt #27 (Section 2, Prompt 10/17)[0m
[1;33m2025-09-22 02:53:01 - Running prompt generation...[0m
PROMPT GENERATION COMPLETE - Prompt #27
[0;32m2025-09-22 02:53:27 - Completed prompt #27[0m
[0;34m2025-09-22 02:53:32 - Generating prompt #28 (Section 2, Prompt 11/17)[0m
[1;33m2025-09-22 02:53:32 - Running prompt generation...[0m
<invoke name="Edit">
<parameter name="file_path">/Users/ikim1/Documents/GitHub/templata-mental-health-college/src/data/prompts-mental-health-college.ts</parameter>
<parameter name="old_string">  {
    id: 'prompt-27',
    prompt: 'Research and create a detailed financial aid emergency plan including mental health-related expense categories and funding sources for unexpected therapy or medication costs',
    category: 'planning',
    helpText: 'Mental health treatment costs can create additional stress during college, especially when unexpected needs arise for therapy, medications, or crisis interventions. Research your college\'s emergency financial aid programs, mental health-specific grants or scholarships, and community resources that help students afford mental health care. Creating a financial plan for potential mental health expenses removes financial barriers to seeking help and reduces anxiety about the cost of treatment when you need it most.'
  }
];</parameter>
<parameter name="new_string">  {
    id: 'prompt-27',
    prompt: 'Research and create a detailed financial aid emergency plan including mental health-related expense categories and funding sources for unexpected therapy or medication costs',
    category: 'planning',
    helpText: 'Mental health treatment costs can create additional stress during college, especially when unexpected needs arise for therapy, medications, or crisis interventions. Research your college\'s emergency financial aid programs, mental health-specific grants or scholarships, and community resources that help students afford mental health care. Creating a financial plan for potential mental health expenses removes financial barriers to seeking help and reduces anxiety about the cost of treatment when you need it most.'
  },
  {
    id: 'prompt-28',
    prompt: 'Create a comprehensive semester-by-semester academic plan that accounts for your mental health patterns and builds in preventive wellness strategies',
    category: 'planning',
    helpText: 'Planning your academic trajectory with mental health considerations helps you make strategic decisions about course timing, workload management, and semester balance before you\'re in crisis mode. Map out your degree requirements across all semesters, noting which periods might be more challenging and building in lighter course loads during traditionally stressful times like finals or major life transitions. This proactive approach helps you graduate successfully while maintaining your mental wellness throughout your college journey.'
  }
];</parameter>
</invoke>
[0;32m2025-09-22 02:53:52 - Completed prompt #28[0m
[0;34m2025-09-22 02:53:57 - Generating prompt #29 (Section 2, Prompt 12/17)[0m
[1;33m2025-09-22 02:53:57 - Running prompt generation...[0m
PROMPT GENERATION COMPLETE - Prompt #29
[0;32m2025-09-22 02:54:30 - Completed prompt #29[0m
[0;34m2025-09-22 02:54:35 - Generating prompt #30 (Section 2, Prompt 13/17)[0m
[1;33m2025-09-22 02:54:35 - Running prompt generation...[0m
PROMPT GENERATION COMPLETE - Prompt #30
[0;32m2025-09-22 02:55:01 - Completed prompt #30[0m
[0;34m2025-09-22 02:55:06 - Generating prompt #31 (Section 2, Prompt 14/17)[0m
[1;33m2025-09-22 02:55:06 - Running prompt generation...[0m
<invoke name="Edit">
<parameter name="file_path">/Users/ikim1/Documents/GitHub/templata-mental-health-college/src/data/prompts-mental-health-college.ts</parameter>
<parameter name="old_string">    category: 'research',
    helpText: 'Campus counseling centers can become overwhelmed with demand, especially during high-stress periods like finals or major life transitions, making external provider options essential for continuity of care. Research therapists, psychiatrists, and counseling centers in your college area who accept your insurance and specialize in young adult or college student mental health. Having established backup providers ensures you can access professional support even when campus services have long wait times or limited availability.'
  }
];</parameter>
<parameter name="new_string">    category: 'research',
    helpText: 'Campus counseling centers can become overwhelmed with demand, especially during high-stress periods like finals or major life transitions, making external provider options essential for continuity of care. Research therapists, psychiatrists, and counseling centers in your college area who accept your insurance and specialize in young adult or college student mental health. Having established backup providers ensures you can access professional support even when campus services have long wait times or limited availability.'
  },
  {
    id: 'prompt-31',
    prompt: 'Create a detailed daily routine template that balances academic demands with consistent mental health maintenance activities like exercise, meditation, or journaling',
    category: 'planning',
    helpText: 'Establishing a sustainable daily routine that prioritizes mental health alongside academic responsibilities creates structure and prevents wellness activities from being sacrificed during stressful periods. Your routine should include consistent wake and sleep times, dedicated blocks for mental health practices, regular meals, and realistic study schedules that account for breaks and self-care. Having a written template helps you maintain stability during chaotic college periods and ensures that essential mental wellness activities remain non-negotiable parts of your day.'
  }
];</parameter>
</invoke>
[0;32m2025-09-22 02:55:25 - Completed prompt #31[0m
[0;34m2025-09-22 02:55:30 - Generating prompt #32 (Section 2, Prompt 15/17)[0m
[1;33m2025-09-22 02:55:30 - Running prompt generation...[0m
PROMPT GENERATION COMPLETE - Prompt #32
[0;32m2025-09-22 02:55:57 - Completed prompt #32[0m
[0;34m2025-09-22 02:56:02 - Generating prompt #33 (Section 2, Prompt 16/17)[0m
[1;33m2025-09-22 02:56:03 - Running prompt generation...[0m
PROMPT GENERATION COMPLETE - Prompt #33
[0;32m2025-09-22 02:56:26 - Completed prompt #33[0m
[0;34m2025-09-22 02:56:31 - Generating prompt #34 (Section 2, Prompt 17/17)[0m
[1;33m2025-09-22 02:56:31 - Running prompt generation...[0m
PROMPT GENERATION COMPLETE - Prompt #34
[0;32m2025-09-22 02:56:52 - Completed prompt #34[0m
[0;34m2025-09-22 02:56:57 - Generating prompt #35 (Section 3, Prompt 1/17)[0m
[1;33m2025-09-22 02:56:57 - Running prompt generation...[0m
PROMPT GENERATION COMPLETE - Prompt #35
[0;32m2025-09-22 02:57:20 - Completed prompt #35[0m
[0;34m2025-09-22 02:57:25 - Generating prompt #36 (Section 3, Prompt 2/17)[0m
[1;33m2025-09-22 02:57:25 - Running prompt generation...[0m
PROMPT GENERATION COMPLETE - Prompt #36
[0;32m2025-09-22 02:57:49 - Completed prompt #36[0m
[0;34m2025-09-22 02:57:54 - Generating prompt #37 (Section 3, Prompt 3/17)[0m
[1;33m2025-09-22 02:57:54 - Running prompt generation...[0m
PROMPT GENERATION COMPLETE - Prompt #37
[0;32m2025-09-22 02:58:17 - Completed prompt #37[0m
[0;34m2025-09-22 02:58:22 - Generating prompt #38 (Section 3, Prompt 4/17)[0m
[1;33m2025-09-22 02:58:22 - Running prompt generation...[0m
PROMPT GENERATION COMPLETE - Prompt #38
[0;32m2025-09-22 02:58:45 - Completed prompt #38[0m
[0;34m2025-09-22 02:58:50 - Generating prompt #39 (Section 3, Prompt 5/17)[0m
[1;33m2025-09-22 02:58:50 - Running prompt generation...[0m
PROMPT GENERATION COMPLETE - Prompt #39
[0;32m2025-09-22 02:59:15 - Completed prompt #39[0m
[0;34m2025-09-22 02:59:20 - Generating prompt #40 (Section 3, Prompt 6/17)[0m
[1;33m2025-09-22 02:59:20 - Running prompt generation...[0m
PROMPT GENERATION COMPLETE - Prompt #40
[0;32m2025-09-22 02:59:43 - Completed prompt #40[0m
[0;34m2025-09-22 02:59:48 - Generating prompt #41 (Section 3, Prompt 7/17)[0m
[1;33m2025-09-22 02:59:48 - Running prompt generation...[0m
PROMPT GENERATION COMPLETE - Prompt #41
[0;32m2025-09-22 03:00:12 - Completed prompt #41[0m
[0;34m2025-09-22 03:00:17 - Generating prompt #42 (Section 3, Prompt 8/17)[0m
[1;33m2025-09-22 03:00:17 - Running prompt generation...[0m
PROMPT GENERATION COMPLETE - Prompt #42
[0;32m2025-09-22 03:00:41 - Completed prompt #42[0m
[0;34m2025-09-22 03:00:46 - Generating prompt #43 (Section 3, Prompt 9/17)[0m
[1;33m2025-09-22 03:00:46 - Running prompt generation...[0m
PROMPT GENERATION COMPLETE - Prompt #43
[0;32m2025-09-22 03:01:11 - Completed prompt #43[0m
[0;34m2025-09-22 03:01:16 - Generating prompt #44 (Section 3, Prompt 10/17)[0m
[1;33m2025-09-22 03:01:16 - Running prompt generation...[0m
PROMPT GENERATION COMPLETE - Prompt #44
[0;32m2025-09-22 03:01:39 - Completed prompt #44[0m
[0;34m2025-09-22 03:01:44 - Generating prompt #45 (Section 3, Prompt 11/17)[0m
[1;33m2025-09-22 03:01:44 - Running prompt generation...[0m
PROMPT GENERATION COMPLETE - Prompt #45
[0;32m2025-09-22 03:02:07 - Completed prompt #45[0m
[0;34m2025-09-22 03:02:12 - Generating prompt #46 (Section 3, Prompt 12/17)[0m
[1;33m2025-09-22 03:02:12 - Running prompt generation...[0m
<invoke name="Edit">
<parameter name="file_path">/Users/ikim1/Documents/GitHub/templata-mental-health-college/src/data/prompts-mental-health-college.ts</parameter>
<parameter name="old_string">  {
    id: 'prompt-45',
    prompt: 'Research and complete the application process for mental health accommodations through your college\'s disability services office',
    category: 'action',
    helpText: 'Applying for mental health accommodations establishes formal documentation of your needs and creates official support systems before you encounter academic challenges. This process typically requires documentation from a mental health professional and can provide accommodations like extended test time, private testing rooms, or flexible attendance policies. Having approved accommodations in place gives you legal protections and immediate access to support when mental health symptoms impact your academic performance, removing barriers to success during difficult periods.'
  }
];</parameter>
<parameter name="new_string">  {
    id: 'prompt-45',
    prompt: 'Research and complete the application process for mental health accommodations through your college\'s disability services office',
    category: 'action',
    helpText: 'Applying for mental health accommodations establishes formal documentation of your needs and creates official support systems before you encounter academic challenges. This process typically requires documentation from a mental health professional and can provide accommodations like extended test time, private testing rooms, or flexible attendance policies. Having approved accommodations in place gives you legal protections and immediate access to support when mental health symptoms impact your academic performance, removing barriers to success during difficult periods.'
  },
  {
    id: 'prompt-46',
    prompt: 'Register for and actively participate in a campus physical fitness class or recreational activity to establish regular exercise as part of your mental health maintenance routine',
    category: 'action',
    helpText: 'Regular physical exercise is one of the most powerful tools for managing anxiety, depression, and stress during college, with benefits comparable to medication for many mental health conditions. Enrolling in a structured fitness class or joining a recreational sports team creates accountability and social connection while establishing this crucial mental health practice. Whether it\'s yoga, swimming, intramural sports, or group fitness classes, having scheduled physical activity helps regulate mood, improve sleep, and build resilience against college stressors.'
  }
];</parameter>
</invoke>
[0;32m2025-09-22 03:02:33 - Completed prompt #46[0m
[0;34m2025-09-22 03:02:38 - Generating prompt #47 (Section 3, Prompt 13/17)[0m
[1;33m2025-09-22 03:02:38 - Running prompt generation...[0m
PROMPT GENERATION COMPLETE - Prompt #47
[0;32m2025-09-22 03:03:02 - Completed prompt #47[0m
[0;34m2025-09-22 03:03:07 - Generating prompt #48 (Section 3, Prompt 14/17)[0m
[1;33m2025-09-22 03:03:07 - Running prompt generation...[0m
PROMPT GENERATION COMPLETE - Prompt #48
[0;32m2025-09-22 03:03:34 - Completed prompt #48[0m
[0;34m2025-09-22 03:03:39 - Generating prompt #49 (Section 3, Prompt 15/17)[0m
[1;33m2025-09-22 03:03:39 - Running prompt generation...[0m
PROMPT GENERATION COMPLETE - Prompt #49
[0;32m2025-09-22 03:04:03 - Completed prompt #49[0m
[0;34m2025-09-22 03:04:08 - Generating prompt #50 (Section 3, Prompt 16/17)[0m
[1;33m2025-09-22 03:04:08 - Running prompt generation...[0m
PROMPT GENERATION COMPLETE - Prompt #50
[0;32m2025-09-22 03:04:32 - Completed prompt #50[0m
[0;34m2025-09-22 03:04:37 - Generating prompt #51 (Section 3, Prompt 17/17)[0m
[1;33m2025-09-22 03:04:37 - Running prompt generation...[0m
PROMPT GENERATION COMPLETE - Prompt #51
[0;32m2025-09-22 03:05:00 - Completed prompt #51[0m
[0;34m2025-09-22 03:05:05 - Generating prompt #52 (Section 4, Prompt 1/17)[0m
[1;33m2025-09-22 03:05:05 - Running prompt generation...[0m
PROMPT GENERATION COMPLETE - Prompt #52
[0;32m2025-09-22 03:05:29 - Completed prompt #52[0m
[0;34m2025-09-22 03:05:34 - Generating prompt #53 (Section 4, Prompt 2/17)[0m
[1;33m2025-09-22 03:05:34 - Running prompt generation...[0m
PROMPT GENERATION COMPLETE - Prompt #53
[0;32m2025-09-22 03:05:57 - Completed prompt #53[0m
[0;34m2025-09-22 03:06:02 - Generating prompt #54 (Section 4, Prompt 3/17)[0m
[1;33m2025-09-22 03:06:02 - Running prompt generation...[0m
PROMPT GENERATION COMPLETE - Prompt #54
[0;32m2025-09-22 03:06:24 - Completed prompt #54[0m
[0;34m2025-09-22 03:06:29 - Generating prompt #55 (Section 4, Prompt 4/17)[0m
[1;33m2025-09-22 03:06:29 - Running prompt generation...[0m
PROMPT GENERATION COMPLETE - Prompt #55
[0;32m2025-09-22 03:06:52 - Completed prompt #55[0m
[0;34m2025-09-22 03:06:57 - Generating prompt #56 (Section 4, Prompt 5/17)[0m
[1;33m2025-09-22 03:06:57 - Running prompt generation...[0m
PROMPT GENERATION COMPLETE - Prompt #56
[0;32m2025-09-22 03:07:20 - Completed prompt #56[0m
[0;34m2025-09-22 03:07:25 - Generating prompt #57 (Section 4, Prompt 6/17)[0m
[1;33m2025-09-22 03:07:25 - Running prompt generation...[0m
PROMPT GENERATION COMPLETE - Prompt #57
[0;32m2025-09-22 03:07:45 - Completed prompt #57[0m
[0;34m2025-09-22 03:07:50 - Generating prompt #58 (Section 4, Prompt 7/17)[0m
[1;33m2025-09-22 03:07:50 - Running prompt generation...[0m
PROMPT GENERATION COMPLETE - Prompt #58
[0;32m2025-09-22 03:08:12 - Completed prompt #58[0m
[0;34m2025-09-22 03:08:17 - Generating prompt #59 (Section 4, Prompt 8/17)[0m
[1;33m2025-09-22 03:08:17 - Running prompt generation...[0m
PROMPT GENERATION COMPLETE - Prompt #59
[0;32m2025-09-22 03:08:46 - Completed prompt #59[0m
[0;34m2025-09-22 03:08:51 - Generating prompt #60 (Section 4, Prompt 9/17)[0m
[1;33m2025-09-22 03:08:51 - Running prompt generation...[0m
PROMPT GENERATION COMPLETE - Prompt #60
[0;32m2025-09-22 03:09:13 - Completed prompt #60[0m
[0;34m2025-09-22 03:09:18 - Generating prompt #61 (Section 4, Prompt 10/17)[0m
[1;33m2025-09-22 03:09:18 - Running prompt generation...[0m
PROMPT GENERATION COMPLETE - Prompt #61
[0;32m2025-09-22 03:09:40 - Completed prompt #61[0m
[0;34m2025-09-22 03:09:45 - Generating prompt #62 (Section 4, Prompt 11/17)[0m
[1;33m2025-09-22 03:09:45 - Running prompt generation...[0m
PROMPT GENERATION COMPLETE - Prompt #62
[0;32m2025-09-22 03:10:09 - Completed prompt #62[0m
[0;34m2025-09-22 03:10:14 - Generating prompt #63 (Section 4, Prompt 12/17)[0m
[1;33m2025-09-22 03:10:14 - Running prompt generation...[0m
PROMPT GENERATION COMPLETE - Prompt #63
[0;32m2025-09-22 03:10:37 - Completed prompt #63[0m
[0;34m2025-09-22 03:10:42 - Generating prompt #64 (Section 4, Prompt 13/17)[0m
[1;33m2025-09-22 03:10:42 - Running prompt generation...[0m
PROMPT GENERATION COMPLETE - Prompt #64
[0;32m2025-09-22 03:11:06 - Completed prompt #64[0m
[0;34m2025-09-22 03:11:11 - Generating prompt #65 (Section 4, Prompt 14/17)[0m
[1;33m2025-09-22 03:11:11 - Running prompt generation...[0m
PROMPT GENERATION COMPLETE - Prompt #65
[0;32m2025-09-22 03:11:34 - Completed prompt #65[0m
[0;34m2025-09-22 03:11:39 - Generating prompt #66 (Section 4, Prompt 15/17)[0m
[1;33m2025-09-22 03:11:39 - Running prompt generation...[0m
PROMPT GENERATION COMPLETE - Prompt #66
[0;32m2025-09-22 03:11:59 - Completed prompt #66[0m
[0;34m2025-09-22 03:12:04 - Generating prompt #67 (Section 4, Prompt 16/17)[0m
[1;33m2025-09-22 03:12:04 - Running prompt generation...[0m
PROMPT GENERATION COMPLETE - Prompt #67
[0;32m2025-09-22 03:12:27 - Completed prompt #67[0m
[0;34m2025-09-22 03:12:32 - Generating prompt #68 (Section 4, Prompt 17/17)[0m
[1;33m2025-09-22 03:12:32 - Running prompt generation...[0m
PROMPT GENERATION COMPLETE - Prompt #68
[0;32m2025-09-22 03:12:54 - Completed prompt #68[0m
[0;34m2025-09-22 03:12:59 - Generating prompt #69 (Section 5, Prompt 1/17)[0m
[1;33m2025-09-22 03:12:59 - Running prompt generation...[0m
PROMPT GENERATION COMPLETE - Prompt #69
[0;32m2025-09-22 03:13:24 - Completed prompt #69[0m
[0;34m2025-09-22 03:13:29 - Generating prompt #70 (Section 5, Prompt 2/17)[0m
[1;33m2025-09-22 03:13:29 - Running prompt generation...[0m
PROMPT GENERATION COMPLETE - Prompt #70
[0;32m2025-09-22 03:13:54 - Completed prompt #70[0m
[0;34m2025-09-22 03:13:59 - Generating prompt #71 (Section 5, Prompt 3/17)[0m
[1;33m2025-09-22 03:13:59 - Running prompt generation...[0m
PROMPT GENERATION COMPLETE - Prompt #71
[0;32m2025-09-22 03:14:23 - Completed prompt #71[0m
[0;34m2025-09-22 03:14:28 - Generating prompt #72 (Section 5, Prompt 4/17)[0m
[1;33m2025-09-22 03:14:28 - Running prompt generation...[0m
PROMPT GENERATION COMPLETE - Prompt #72
[0;32m2025-09-22 03:14:51 - Completed prompt #72[0m
[0;34m2025-09-22 03:14:56 - Generating prompt #73 (Section 5, Prompt 5/17)[0m
[1;33m2025-09-22 03:14:56 - Running prompt generation...[0m
PROMPT GENERATION COMPLETE - Prompt #73
[0;32m2025-09-22 03:15:16 - Completed prompt #73[0m
[0;34m2025-09-22 03:15:21 - Generating prompt #74 (Section 5, Prompt 6/17)[0m
[1;33m2025-09-22 03:15:21 - Running prompt generation...[0m
5-hour limit reached ∙ resets 5am
[0;32m2025-09-22 03:15:28 - Completed prompt #74[0m
[0;34m2025-09-22 03:15:33 - Generating prompt #75 (Section 5, Prompt 7/17)[0m
[1;33m2025-09-22 03:15:33 - Running prompt generation...[0m
5-hour limit reached ∙ resets 5am
[0;32m2025-09-22 03:15:41 - Completed prompt #75[0m
[0;34m2025-09-22 03:15:46 - Generating prompt #76 (Section 5, Prompt 8/17)[0m
[1;33m2025-09-22 03:15:46 - Running prompt generation...[0m
5-hour limit reached ∙ resets 5am
[0;32m2025-09-22 03:15:54 - Completed prompt #76[0m
[0;34m2025-09-22 03:15:59 - Generating prompt #77 (Section 5, Prompt 9/17)[0m
[1;33m2025-09-22 03:15:59 - Running prompt generation...[0m
5-hour limit reached ∙ resets 5am
[0;32m2025-09-22 03:16:07 - Completed prompt #77[0m
[0;34m2025-09-22 03:16:12 - Generating prompt #78 (Section 5, Prompt 10/17)[0m
[1;33m2025-09-22 03:16:12 - Running prompt generation...[0m
5-hour limit reached ∙ resets 5am
[0;32m2025-09-22 03:16:21 - Completed prompt #78[0m
[0;34m2025-09-22 03:16:26 - Generating prompt #79 (Section 5, Prompt 11/17)[0m
[1;33m2025-09-22 03:16:26 - Running prompt generation...[0m
5-hour limit reached ∙ resets 5am
[0;32m2025-09-22 03:16:34 - Completed prompt #79[0m
[0;34m2025-09-22 03:16:39 - Generating prompt #80 (Section 5, Prompt 12/17)[0m
[1;33m2025-09-22 03:16:39 - Running prompt generation...[0m
5-hour limit reached ∙ resets 5am
[0;32m2025-09-22 03:16:48 - Completed prompt #80[0m
[0;34m2025-09-22 03:16:53 - Generating prompt #81 (Section 5, Prompt 13/17)[0m
[1;33m2025-09-22 03:16:53 - Running prompt generation...[0m
5-hour limit reached ∙ resets 5am
[0;32m2025-09-22 03:17:03 - Completed prompt #81[0m
[0;34m2025-09-22 03:17:08 - Generating prompt #82 (Section 5, Prompt 14/17)[0m
[1;33m2025-09-22 03:17:08 - Running prompt generation...[0m
5-hour limit reached ∙ resets 5am
[0;32m2025-09-22 03:17:18 - Completed prompt #82[0m
[0;34m2025-09-22 03:17:23 - Generating prompt #83 (Section 5, Prompt 15/17)[0m
[1;33m2025-09-22 03:17:23 - Running prompt generation...[0m
5-hour limit reached ∙ resets 5am
[0;32m2025-09-22 03:17:33 - Completed prompt #83[0m
[0;34m2025-09-22 03:17:38 - Generating prompt #84 (Section 5, Prompt 16/17)[0m
[1;33m2025-09-22 03:17:38 - Running prompt generation...[0m
5-hour limit reached ∙ resets 5am
[0;32m2025-09-22 03:17:48 - Completed prompt #84[0m
[0;34m2025-09-22 03:17:53 - Generating prompt #85 (Section 5, Prompt 17/17)[0m
[1;33m2025-09-22 03:17:53 - Running prompt generation...[0m
5-hour limit reached ∙ resets 5am
[0;32m2025-09-22 03:18:02 - Completed prompt #85[0m
[0;34m2025-09-22 03:18:07 - Generating prompt #86 (Section 6, Prompt 1/17)[0m
[1;33m2025-09-22 03:18:07 - Running prompt generation...[0m
5-hour limit reached ∙ resets 5am
[0;32m2025-09-22 03:18:16 - Completed prompt #86[0m
[0;34m2025-09-22 03:18:21 - Generating prompt #87 (Section 6, Prompt 2/17)[0m
[1;33m2025-09-22 03:18:21 - Running prompt generation...[0m
5-hour limit reached ∙ resets 5am
[0;32m2025-09-22 03:18:30 - Completed prompt #87[0m
[0;34m2025-09-22 03:18:35 - Generating prompt #88 (Section 6, Prompt 3/17)[0m
[1;33m2025-09-22 03:18:35 - Running prompt generation...[0m
5-hour limit reached ∙ resets 5am
[0;32m2025-09-22 03:18:45 - Completed prompt #88[0m
[0;34m2025-09-22 03:18:50 - Generating prompt #89 (Section 6, Prompt 4/17)[0m
[1;33m2025-09-22 03:18:50 - Running prompt generation...[0m
5-hour limit reached ∙ resets 5am
[0;32m2025-09-22 03:19:00 - Completed prompt #89[0m
[0;34m2025-09-22 03:19:05 - Generating prompt #90 (Section 6, Prompt 5/17)[0m
[1;33m2025-09-22 03:19:05 - Running prompt generation...[0m
5-hour limit reached ∙ resets 5am
[0;32m2025-09-22 03:19:15 - Completed prompt #90[0m
[0;34m2025-09-22 03:19:20 - Generating prompt #91 (Section 6, Prompt 6/17)[0m
[1;33m2025-09-22 03:19:20 - Running prompt generation...[0m
5-hour limit reached ∙ resets 5am
[0;32m2025-09-22 03:19:30 - Completed prompt #91[0m
[0;34m2025-09-22 03:19:35 - Generating prompt #92 (Section 6, Prompt 7/17)[0m
[1;33m2025-09-22 03:19:35 - Running prompt generation...[0m
5-hour limit reached ∙ resets 5am
[0;32m2025-09-22 03:19:45 - Completed prompt #92[0m
[0;34m2025-09-22 03:19:50 - Generating prompt #93 (Section 6, Prompt 8/17)[0m
[1;33m2025-09-22 03:19:50 - Running prompt generation...[0m
5-hour limit reached ∙ resets 5am
[0;32m2025-09-22 03:19:59 - Completed prompt #93[0m
[0;34m2025-09-22 03:20:04 - Generating prompt #94 (Section 6, Prompt 9/17)[0m
[1;33m2025-09-22 03:20:04 - Running prompt generation...[0m
5-hour limit reached ∙ resets 5am
[0;32m2025-09-22 03:20:15 - Completed prompt #94[0m
[0;34m2025-09-22 03:20:20 - Generating prompt #95 (Section 6, Prompt 10/17)[0m
[1;33m2025-09-22 03:20:20 - Running prompt generation...[0m
5-hour limit reached ∙ resets 5am
[0;32m2025-09-22 03:20:29 - Completed prompt #95[0m
[0;34m2025-09-22 03:20:34 - Generating prompt #96 (Section 6, Prompt 11/17)[0m
[1;33m2025-09-22 03:20:34 - Running prompt generation...[0m
5-hour limit reached ∙ resets 5am
[0;32m2025-09-22 03:20:45 - Completed prompt #96[0m
[0;34m2025-09-22 03:20:50 - Generating prompt #97 (Section 6, Prompt 12/17)[0m
[1;33m2025-09-22 03:20:50 - Running prompt generation...[0m
5-hour limit reached ∙ resets 5am
[0;32m2025-09-22 03:21:00 - Completed prompt #97[0m
[0;34m2025-09-22 03:21:05 - Generating prompt #98 (Section 6, Prompt 13/17)[0m
[1;33m2025-09-22 03:21:05 - Running prompt generation...[0m
5-hour limit reached ∙ resets 5am
[0;32m2025-09-22 03:21:15 - Completed prompt #98[0m
[0;34m2025-09-22 03:21:20 - Generating prompt #99 (Section 6, Prompt 14/17)[0m
[1;33m2025-09-22 03:21:20 - Running prompt generation...[0m
5-hour limit reached ∙ resets 5am
[0;32m2025-09-22 03:21:30 - Completed prompt #99[0m
[0;34m2025-09-22 03:21:35 - Generating prompt #100 (Section 6, Prompt 15/17)[0m
[1;33m2025-09-22 03:21:35 - Running prompt generation...[0m
5-hour limit reached ∙ resets 5am
[0;32m2025-09-22 03:21:46 - Completed prompt #100[0m
[0;34m2025-09-22 03:21:51 - Generating prompt #101 (Section 6, Prompt 16/17)[0m
[1;33m2025-09-22 03:21:51 - Running prompt generation...[0m
5-hour limit reached ∙ resets 5am
[0;32m2025-09-22 03:22:00 - Completed prompt #101[0m
[0;34m2025-09-22 03:22:05 - Generating prompt #102 (Section 6, Prompt 17/17)[0m
[1;33m2025-09-22 03:22:05 - Running prompt generation...[0m
5-hour limit reached ∙ resets 5am
[0;32m2025-09-22 03:22:13 - Completed prompt #102[0m
[0;34m2025-09-22 08:30:40 - Starting Prompt Generation Cycle for template: mental-health-college[0m
[0;32m2025-09-22 08:30:40 - Using existing worktree: ../templata-mental-health-college[0m
[0;34m2025-09-22 08:30:40 - Generating prompt #74 (Section 5, Prompt 6/17)[0m
[1;33m2025-09-22 08:30:40 - Running prompt generation...[0m
PROMPT GENERATION COMPLETE - Prompt #74
[0;32m2025-09-22 08:31:33 - Completed prompt #74[0m
[0;34m2025-09-22 08:31:38 - Generating prompt #75 (Section 5, Prompt 7/17)[0m
[1;33m2025-09-22 08:31:38 - Running prompt generation...[0m
PROMPT GENERATION COMPLETE - Prompt #75
[0;32m2025-09-22 08:32:00 - Completed prompt #75[0m
[0;34m2025-09-22 08:32:05 - Generating prompt #76 (Section 5, Prompt 8/17)[0m
[1;33m2025-09-22 08:32:05 - Running prompt generation...[0m
PROMPT GENERATION COMPLETE - Prompt #76
[0;32m2025-09-22 08:32:28 - Completed prompt #76[0m
[0;34m2025-09-22 08:32:33 - Generating prompt #77 (Section 5, Prompt 9/17)[0m
[1;33m2025-09-22 08:32:33 - Running prompt generation...[0m
PROMPT GENERATION COMPLETE - Prompt #77
[0;32m2025-09-22 08:32:59 - Completed prompt #77[0m
[0;34m2025-09-22 08:33:04 - Generating prompt #78 (Section 5, Prompt 10/17)[0m
[1;33m2025-09-22 08:33:04 - Running prompt generation...[0m
PROMPT GENERATION COMPLETE - Prompt #78
[0;32m2025-09-22 08:33:27 - Completed prompt #78[0m
[0;34m2025-09-22 08:33:32 - Generating prompt #79 (Section 5, Prompt 11/17)[0m
[1;33m2025-09-22 08:33:32 - Running prompt generation...[0m
PROMPT GENERATION COMPLETE - Prompt #79
[0;32m2025-09-22 08:33:56 - Completed prompt #79[0m
[0;34m2025-09-22 08:34:01 - Generating prompt #80 (Section 5, Prompt 12/17)[0m
[1;33m2025-09-22 08:34:01 - Running prompt generation...[0m
PROMPT GENERATION COMPLETE - Prompt #80
[0;32m2025-09-22 08:34:33 - Completed prompt #80[0m
[0;34m2025-09-22 08:34:38 - Generating prompt #81 (Section 5, Prompt 13/17)[0m
[1;33m2025-09-22 08:34:38 - Running prompt generation...[0m
PROMPT GENERATION COMPLETE - Prompt #81
[0;32m2025-09-22 08:35:01 - Completed prompt #81[0m
[0;34m2025-09-22 08:35:06 - Generating prompt #82 (Section 5, Prompt 14/17)[0m
[1;33m2025-09-22 08:35:06 - Running prompt generation...[0m
PROMPT GENERATION COMPLETE - Prompt #82
[0;32m2025-09-22 08:35:28 - Completed prompt #82[0m
[0;34m2025-09-22 08:35:33 - Generating prompt #83 (Section 5, Prompt 15/17)[0m
[1;33m2025-09-22 08:35:33 - Running prompt generation...[0m
PROMPT GENERATION COMPLETE - Prompt #83
[0;32m2025-09-22 08:36:03 - Completed prompt #83[0m
[0;34m2025-09-22 08:36:08 - Generating prompt #84 (Section 5, Prompt 16/17)[0m
[1;33m2025-09-22 08:36:08 - Running prompt generation...[0m
PROMPT GENERATION COMPLETE - Prompt #84
[0;32m2025-09-22 08:36:39 - Completed prompt #84[0m
[0;34m2025-09-22 08:36:44 - Generating prompt #85 (Section 5, Prompt 17/17)[0m
[1;33m2025-09-22 08:36:44 - Running prompt generation...[0m
PROMPT GENERATION COMPLETE - Prompt #85
[0;32m2025-09-22 08:37:14 - Completed prompt #85[0m
[0;34m2025-09-22 08:37:19 - Generating prompt #86 (Section 6, Prompt 1/17)[0m
[1;33m2025-09-22 08:37:19 - Running prompt generation...[0m
PROMPT GENERATION COMPLETE - Prompt #86
[0;32m2025-09-22 08:37:45 - Completed prompt #86[0m
[0;34m2025-09-22 08:37:50 - Generating prompt #87 (Section 6, Prompt 2/17)[0m
[1;33m2025-09-22 08:37:50 - Running prompt generation...[0m
PROMPT GENERATION COMPLETE - Prompt #87
[0;32m2025-09-22 08:38:15 - Completed prompt #87[0m
[0;34m2025-09-22 08:38:20 - Generating prompt #88 (Section 6, Prompt 3/17)[0m
[1;33m2025-09-22 08:38:20 - Running prompt generation...[0m
PROMPT GENERATION COMPLETE - Prompt #88
[0;32m2025-09-22 08:38:45 - Completed prompt #88[0m
[0;34m2025-09-22 08:38:50 - Generating prompt #89 (Section 6, Prompt 4/17)[0m
[1;33m2025-09-22 08:38:50 - Running prompt generation...[0m
PROMPT GENERATION COMPLETE - Prompt #89
[0;32m2025-09-22 08:39:16 - Completed prompt #89[0m
[0;34m2025-09-22 08:39:21 - Generating prompt #90 (Section 6, Prompt 5/17)[0m
[1;33m2025-09-22 08:39:21 - Running prompt generation...[0m
PROMPT GENERATION COMPLETE - Prompt #90
[0;32m2025-09-22 08:39:44 - Completed prompt #90[0m
[0;34m2025-09-22 08:39:49 - Generating prompt #91 (Section 6, Prompt 6/17)[0m
[1;33m2025-09-22 08:39:49 - Running prompt generation...[0m
PROMPT GENERATION COMPLETE - Prompt #91
[0;32m2025-09-22 08:40:12 - Completed prompt #91[0m
[0;34m2025-09-22 08:40:17 - Generating prompt #92 (Section 6, Prompt 7/17)[0m
[1;33m2025-09-22 08:40:17 - Running prompt generation...[0m
PROMPT GENERATION COMPLETE - Prompt #92
[0;32m2025-09-22 08:40:42 - Completed prompt #92[0m
[0;34m2025-09-22 08:40:47 - Generating prompt #93 (Section 6, Prompt 8/17)[0m
[1;33m2025-09-22 08:40:47 - Running prompt generation...[0m
PROMPT GENERATION COMPLETE - Prompt #93
[0;32m2025-09-22 08:41:12 - Completed prompt #93[0m
[0;34m2025-09-22 08:41:17 - Generating prompt #94 (Section 6, Prompt 9/17)[0m
[1;33m2025-09-22 08:41:17 - Running prompt generation...[0m
PROMPT GENERATION COMPLETE - Prompt #94
[0;32m2025-09-22 08:41:48 - Completed prompt #94[0m
[0;34m2025-09-22 08:41:53 - Generating prompt #95 (Section 6, Prompt 10/17)[0m
[1;33m2025-09-22 08:41:53 - Running prompt generation...[0m
PROMPT GENERATION COMPLETE - Prompt #95
[0;32m2025-09-22 08:42:20 - Completed prompt #95[0m
[0;34m2025-09-22 08:42:25 - Generating prompt #96 (Section 6, Prompt 11/17)[0m
[1;33m2025-09-22 08:42:25 - Running prompt generation...[0m
PROMPT GENERATION COMPLETE - Prompt #96
[0;32m2025-09-22 08:42:49 - Completed prompt #96[0m
[0;34m2025-09-22 08:42:54 - Generating prompt #97 (Section 6, Prompt 12/17)[0m
[1;33m2025-09-22 08:42:54 - Running prompt generation...[0m
PROMPT GENERATION COMPLETE - Prompt #97
[0;32m2025-09-22 08:43:20 - Completed prompt #97[0m
[0;34m2025-09-22 08:43:25 - Generating prompt #98 (Section 6, Prompt 13/17)[0m
[1;33m2025-09-22 08:43:25 - Running prompt generation...[0m
PROMPT GENERATION COMPLETE - Prompt #98
[0;32m2025-09-22 08:43:51 - Completed prompt #98[0m
[0;34m2025-09-22 08:43:56 - Generating prompt #99 (Section 6, Prompt 14/17)[0m
[1;33m2025-09-22 08:43:56 - Running prompt generation...[0m
PROMPT GENERATION COMPLETE - Prompt #99
[0;32m2025-09-22 08:44:21 - Completed prompt #99[0m
[0;34m2025-09-22 08:44:26 - Generating prompt #100 (Section 6, Prompt 15/17)[0m
[1;33m2025-09-22 08:44:26 - Running prompt generation...[0m
PROMPT GENERATION COMPLETE - Prompt #100
[0;32m2025-09-22 08:44:47 - Completed prompt #100[0m
[0;34m2025-09-22 08:44:52 - Generating prompt #101 (Section 6, Prompt 16/17)[0m
[1;33m2025-09-22 08:44:52 - Running prompt generation...[0m
PROMPT GENERATION COMPLETE - Prompt #101
[0;32m2025-09-22 08:45:20 - Completed prompt #101[0m
[0;34m2025-09-22 08:45:25 - Generating prompt #102 (Section 6, Prompt 17/17)[0m
[1;33m2025-09-22 08:45:25 - Running prompt generation...[0m
PROMPT GENERATION COMPLETE - Prompt #102
[0;32m2025-09-22 08:45:53 - Completed prompt #102[0m
