[0;34m2025-09-19 20:10:05 - Starting Prompt Generation Cycle for template: consulting-business[0m
[0;32m2025-09-19 20:10:05 - Using existing worktree: ../templata-consulting-business[0m
[1;33m2025-09-19 20:10:05 - Creating template prompt file: prompts-consulting-business.ts[0m
[0;32m2025-09-19 20:10:05 - Created template prompt file: ../templata-consulting-business/src/data/prompts-consulting-business.ts[0m
[0;34m2025-09-19 20:10:05 - Generating prompt #1 (Section 1, Prompt 1/17)[0m
[1;33m2025-09-19 20:10:05 - Running prompt generation...[0m
PROMPT GENERATION COMPLETE - Prompt #1
[0;32m2025-09-19 20:10:21 - Completed prompt #1[0m
[0;34m2025-09-19 20:10:26 - Generating prompt #2 (Section 1, Prompt 2/17)[0m
[1;33m2025-09-19 20:10:26 - Running prompt generation...[0m
PROMPT GENERATION COMPLETE - Prompt #2
[0;32m2025-09-19 20:10:44 - Completed prompt #2[0m
[0;34m2025-09-19 20:10:49 - Generating prompt #3 (Section 1, Prompt 3/17)[0m
[1;33m2025-09-19 20:10:49 - Running prompt generation...[0m
PROMPT GENERATION COMPLETE - Prompt #3
[0;32m2025-09-19 20:11:07 - Completed prompt #3[0m
[0;34m2025-09-19 20:11:12 - Generating prompt #4 (Section 1, Prompt 4/17)[0m
[1;33m2025-09-19 20:11:12 - Running prompt generation...[0m
PROMPT GENERATION COMPLETE - Prompt #4
[0;32m2025-09-19 20:11:31 - Completed prompt #4[0m
[0;34m2025-09-19 20:11:36 - Generating prompt #5 (Section 1, Prompt 5/17)[0m
[1;33m2025-09-19 20:11:36 - Running prompt generation...[0m
PROMPT GENERATION COMPLETE - Prompt #5
[0;32m2025-09-19 20:11:56 - Completed prompt #5[0m
[0;34m2025-09-19 20:12:01 - Generating prompt #6 (Section 1, Prompt 6/17)[0m
[1;33m2025-09-19 20:12:01 - Running prompt generation...[0m
PROMPT GENERATION COMPLETE - Prompt #6
[0;32m2025-09-19 20:12:22 - Completed prompt #6[0m
[0;34m2025-09-19 20:12:27 - Generating prompt #7 (Section 1, Prompt 7/17)[0m
[1;33m2025-09-19 20:12:27 - Running prompt generation...[0m
PROMPT GENERATION COMPLETE - Prompt #7
[0;32m2025-09-19 20:12:47 - Completed prompt #7[0m
[0;34m2025-09-19 20:12:52 - Generating prompt #8 (Section 1, Prompt 8/17)[0m
[1;33m2025-09-19 20:12:52 - Running prompt generation...[0m
PROMPT GENERATION COMPLETE - Prompt #8
[0;32m2025-09-19 20:13:12 - Completed prompt #8[0m
[0;34m2025-09-19 20:13:18 - Generating prompt #9 (Section 1, Prompt 9/17)[0m
[1;33m2025-09-19 20:13:18 - Running prompt generation...[0m
PROMPT GENERATION COMPLETE - Prompt #9
[0;32m2025-09-19 20:13:37 - Completed prompt #9[0m
[0;34m2025-09-19 20:13:42 - Generating prompt #10 (Section 1, Prompt 10/17)[0m
[1;33m2025-09-19 20:13:42 - Running prompt generation...[0m
PROMPT GENERATION COMPLETE - Prompt #10
[0;32m2025-09-19 20:14:02 - Completed prompt #10[0m
[0;34m2025-09-19 20:14:07 - Generating prompt #11 (Section 1, Prompt 11/17)[0m
[1;33m2025-09-19 20:14:07 - Running prompt generation...[0m
PROMPT GENERATION COMPLETE - Prompt #11
[0;32m2025-09-19 20:14:28 - Completed prompt #11[0m
[0;34m2025-09-19 20:14:33 - Generating prompt #12 (Section 1, Prompt 12/17)[0m
[1;33m2025-09-19 20:14:33 - Running prompt generation...[0m
PROMPT GENERATION COMPLETE - Prompt #12
[0;32m2025-09-19 20:14:53 - Completed prompt #12[0m
[0;34m2025-09-19 20:14:58 - Generating prompt #13 (Section 1, Prompt 13/17)[0m
[1;33m2025-09-19 20:14:58 - Running prompt generation...[0m
PROMPT GENERATION COMPLETE - Prompt #13
[0;32m2025-09-19 20:15:19 - Completed prompt #13[0m
[0;34m2025-09-19 20:15:24 - Generating prompt #14 (Section 1, Prompt 14/17)[0m
[1;33m2025-09-19 20:15:24 - Running prompt generation...[0m
PROMPT GENERATION COMPLETE - Prompt #14
[0;32m2025-09-19 20:15:45 - Completed prompt #14[0m
[0;34m2025-09-19 20:15:50 - Generating prompt #15 (Section 1, Prompt 15/17)[0m
[1;33m2025-09-19 20:15:50 - Running prompt generation...[0m
PROMPT GENERATION COMPLETE - Prompt #15
[0;32m2025-09-19 20:16:12 - Completed prompt #15[0m
[0;34m2025-09-19 20:16:17 - Generating prompt #16 (Section 1, Prompt 16/17)[0m
[1;33m2025-09-19 20:16:17 - Running prompt generation...[0m
PROMPT GENERATION COMPLETE - Prompt #16
[0;32m2025-09-19 20:16:38 - Completed prompt #16[0m
[0;34m2025-09-19 20:16:43 - Generating prompt #17 (Section 1, Prompt 17/17)[0m
[1;33m2025-09-19 20:16:43 - Running prompt generation...[0m
PROMPT GENERATION COMPLETE - Prompt #17
[0;32m2025-09-19 20:17:04 - Completed prompt #17[0m
[0;34m2025-09-19 20:17:09 - Generating prompt #18 (Section 2, Prompt 1/17)[0m
[1;33m2025-09-19 20:17:09 - Running prompt generation...[0m
PROMPT GENERATION COMPLETE - Prompt #18
[0;32m2025-09-19 20:17:31 - Completed prompt #18[0m
[0;34m2025-09-19 20:17:36 - Generating prompt #19 (Section 2, Prompt 2/17)[0m
[1;33m2025-09-19 20:17:36 - Running prompt generation...[0m
PROMPT GENERATION COMPLETE - Prompt #19
[0;32m2025-09-19 20:17:57 - Completed prompt #19[0m
[0;34m2025-09-19 20:18:02 - Generating prompt #20 (Section 2, Prompt 3/17)[0m
[1;33m2025-09-19 20:18:02 - Running prompt generation...[0m
PROMPT GENERATION COMPLETE - Prompt #20
[0;32m2025-09-19 20:18:31 - Completed prompt #20[0m
[0;34m2025-09-19 20:18:36 - Generating prompt #21 (Section 2, Prompt 4/17)[0m
[1;33m2025-09-19 20:18:36 - Running prompt generation...[0m
PROMPT GENERATION COMPLETE - Prompt #21
[0;32m2025-09-19 20:18:57 - Completed prompt #21[0m
[0;34m2025-09-19 20:19:02 - Generating prompt #22 (Section 2, Prompt 5/17)[0m
[1;33m2025-09-19 20:19:02 - Running prompt generation...[0m
PROMPT GENERATION COMPLETE - Prompt #22
[0;32m2025-09-19 20:19:22 - Completed prompt #22[0m
[0;34m2025-09-19 20:19:27 - Generating prompt #23 (Section 2, Prompt 6/17)[0m
[1;33m2025-09-19 20:19:27 - Running prompt generation...[0m
PROMPT GENERATION COMPLETE - Prompt #23
[0;32m2025-09-19 20:19:50 - Completed prompt #23[0m
[0;34m2025-09-19 20:19:55 - Generating prompt #24 (Section 2, Prompt 7/17)[0m
[1;33m2025-09-19 20:19:55 - Running prompt generation...[0m
PROMPT GENERATION COMPLETE - Prompt #24
[0;32m2025-09-19 20:20:17 - Completed prompt #24[0m
[0;34m2025-09-19 20:20:22 - Generating prompt #25 (Section 2, Prompt 8/17)[0m
[1;33m2025-09-19 20:20:22 - Running prompt generation...[0m
PROMPT GENERATION COMPLETE - Prompt #25
[0;32m2025-09-19 20:20:44 - Completed prompt #25[0m
[0;34m2025-09-19 20:20:49 - Generating prompt #26 (Section 2, Prompt 9/17)[0m
[1;33m2025-09-19 20:20:49 - Running prompt generation...[0m
PROMPT GENERATION COMPLETE - Prompt #26
[0;32m2025-09-19 20:21:10 - Completed prompt #26[0m
[0;34m2025-09-19 20:21:15 - Generating prompt #27 (Section 2, Prompt 10/17)[0m
[1;33m2025-09-19 20:21:15 - Running prompt generation...[0m
PROMPT GENERATION COMPLETE - Prompt #27
[0;32m2025-09-19 20:21:37 - Completed prompt #27[0m
[0;34m2025-09-19 20:21:42 - Generating prompt #28 (Section 2, Prompt 11/17)[0m
[1;33m2025-09-19 20:21:42 - Running prompt generation...[0m
PROMPT GENERATION COMPLETE - Prompt #28
[0;32m2025-09-19 20:22:04 - Completed prompt #28[0m
[0;34m2025-09-19 20:22:09 - Generating prompt #29 (Section 2, Prompt 12/17)[0m
[1;33m2025-09-19 20:22:09 - Running prompt generation...[0m
PROMPT GENERATION COMPLETE - Prompt #29
[0;32m2025-09-19 20:22:31 - Completed prompt #29[0m
[0;34m2025-09-19 20:22:36 - Generating prompt #30 (Section 2, Prompt 13/17)[0m
[1;33m2025-09-19 20:22:36 - Running prompt generation...[0m
PROMPT GENERATION COMPLETE - Prompt #30
[0;32m2025-09-19 20:22:58 - Completed prompt #30[0m
[0;34m2025-09-19 20:23:03 - Generating prompt #31 (Section 2, Prompt 14/17)[0m
[1;33m2025-09-19 20:23:03 - Running prompt generation...[0m
PROMPT GENERATION COMPLETE - Prompt #31
[0;32m2025-09-19 20:23:25 - Completed prompt #31[0m
[0;34m2025-09-19 20:23:30 - Generating prompt #32 (Section 2, Prompt 15/17)[0m
[1;33m2025-09-19 20:23:30 - Running prompt generation...[0m
PROMPT GENERATION COMPLETE - Prompt #32
[0;32m2025-09-19 20:23:51 - Completed prompt #32[0m
[0;34m2025-09-19 20:23:56 - Generating prompt #33 (Section 2, Prompt 16/17)[0m
[1;33m2025-09-19 20:23:56 - Running prompt generation...[0m
PROMPT GENERATION COMPLETE - Prompt #33
[0;32m2025-09-19 20:24:15 - Completed prompt #33[0m
[0;34m2025-09-19 20:24:20 - Generating prompt #34 (Section 2, Prompt 17/17)[0m
[1;33m2025-09-19 20:24:20 - Running prompt generation...[0m
PROMPT GENERATION COMPLETE - Prompt #34
[0;32m2025-09-19 20:24:43 - Completed prompt #34[0m
[0;34m2025-09-19 20:24:48 - Generating prompt #35 (Section 3, Prompt 1/17)[0m
[1;33m2025-09-19 20:24:48 - Running prompt generation...[0m
PROMPT GENERATION COMPLETE - Prompt #35
[0;32m2025-09-19 20:25:10 - Completed prompt #35[0m
[0;34m2025-09-19 20:25:15 - Generating prompt #36 (Section 3, Prompt 2/17)[0m
[1;33m2025-09-19 20:25:15 - Running prompt generation...[0m
PROMPT GENERATION COMPLETE - Prompt #36
[0;32m2025-09-19 20:25:37 - Completed prompt #36[0m
[0;34m2025-09-19 20:25:42 - Generating prompt #37 (Section 3, Prompt 3/17)[0m
[1;33m2025-09-19 20:25:42 - Running prompt generation...[0m
PROMPT GENERATION COMPLETE - Prompt #37
[0;32m2025-09-19 20:26:03 - Completed prompt #37[0m
[0;34m2025-09-19 20:26:08 - Generating prompt #38 (Section 3, Prompt 4/17)[0m
[1;33m2025-09-19 20:26:08 - Running prompt generation...[0m
PROMPT GENERATION COMPLETE - Prompt #38
[0;32m2025-09-19 20:26:29 - Completed prompt #38[0m
[0;34m2025-09-19 20:26:34 - Generating prompt #39 (Section 3, Prompt 5/17)[0m
[1;33m2025-09-19 20:26:34 - Running prompt generation...[0m
PROMPT GENERATION COMPLETE - Prompt #39
[0;32m2025-09-19 20:26:56 - Completed prompt #39[0m
[0;34m2025-09-19 20:27:01 - Generating prompt #40 (Section 3, Prompt 6/17)[0m
[1;33m2025-09-19 20:27:01 - Running prompt generation...[0m
PROMPT GENERATION COMPLETE - Prompt #40
[0;32m2025-09-19 20:27:22 - Completed prompt #40[0m
[0;34m2025-09-19 20:27:28 - Generating prompt #41 (Section 3, Prompt 7/17)[0m
[1;33m2025-09-19 20:27:28 - Running prompt generation...[0m
PROMPT GENERATION COMPLETE - Prompt #41
[0;32m2025-09-19 20:27:48 - Completed prompt #41[0m
[0;34m2025-09-19 20:27:53 - Generating prompt #42 (Section 3, Prompt 8/17)[0m
[1;33m2025-09-19 20:27:53 - Running prompt generation...[0m
PROMPT GENERATION COMPLETE - Prompt #42
[0;32m2025-09-19 20:28:14 - Completed prompt #42[0m
[0;34m2025-09-19 20:28:19 - Generating prompt #43 (Section 3, Prompt 9/17)[0m
[1;33m2025-09-19 20:28:19 - Running prompt generation...[0m
PROMPT GENERATION COMPLETE - Prompt #43
[0;32m2025-09-19 20:28:39 - Completed prompt #43[0m
[0;34m2025-09-19 20:28:44 - Generating prompt #44 (Section 3, Prompt 10/17)[0m
[1;33m2025-09-19 20:28:44 - Running prompt generation...[0m
PROMPT GENERATION COMPLETE - Prompt #44
[0;32m2025-09-19 20:29:04 - Completed prompt #44[0m
[0;34m2025-09-19 20:29:09 - Generating prompt #45 (Section 3, Prompt 11/17)[0m
[1;33m2025-09-19 20:29:09 - Running prompt generation...[0m
PROMPT GENERATION COMPLETE - Prompt #45
[0;32m2025-09-19 20:29:30 - Completed prompt #45[0m
[0;34m2025-09-19 20:29:35 - Generating prompt #46 (Section 3, Prompt 12/17)[0m
[1;33m2025-09-19 20:29:35 - Running prompt generation...[0m
PROMPT GENERATION COMPLETE - Prompt #46
[0;32m2025-09-19 20:29:57 - Completed prompt #46[0m
[0;34m2025-09-19 20:30:02 - Generating prompt #47 (Section 3, Prompt 13/17)[0m
[1;33m2025-09-19 20:30:02 - Running prompt generation...[0m
PROMPT GENERATION COMPLETE - Prompt #47
[0;32m2025-09-19 20:30:24 - Completed prompt #47[0m
[0;34m2025-09-19 20:30:29 - Generating prompt #48 (Section 3, Prompt 14/17)[0m
[1;33m2025-09-19 20:30:29 - Running prompt generation...[0m
PROMPT GENERATION COMPLETE - Prompt #48
[0;32m2025-09-19 20:30:50 - Completed prompt #48[0m
[0;34m2025-09-19 20:30:55 - Generating prompt #49 (Section 3, Prompt 15/17)[0m
[1;33m2025-09-19 20:30:55 - Running prompt generation...[0m
5-hour limit reached ∙ resets 12am
[0;32m2025-09-19 20:31:02 - Completed prompt #49[0m
[0;34m2025-09-19 20:31:07 - Generating prompt #50 (Section 3, Prompt 16/17)[0m
[1;33m2025-09-19 20:31:07 - Running prompt generation...[0m
5-hour limit reached ∙ resets 12am
[0;32m2025-09-19 20:31:14 - Completed prompt #50[0m
[0;34m2025-09-19 20:31:19 - Generating prompt #51 (Section 3, Prompt 17/17)[0m
[1;33m2025-09-19 20:31:19 - Running prompt generation...[0m
5-hour limit reached ∙ resets 12am
[0;32m2025-09-19 20:31:27 - Completed prompt #51[0m
[0;34m2025-09-19 20:31:32 - Generating prompt #52 (Section 4, Prompt 1/17)[0m
[1;33m2025-09-19 20:31:32 - Running prompt generation...[0m
5-hour limit reached ∙ resets 12am
[0;32m2025-09-19 20:31:40 - Completed prompt #52[0m
[0;34m2025-09-19 20:31:45 - Generating prompt #53 (Section 4, Prompt 2/17)[0m
[1;33m2025-09-19 20:31:45 - Running prompt generation...[0m
5-hour limit reached ∙ resets 12am
[0;32m2025-09-19 20:31:54 - Completed prompt #53[0m
[0;34m2025-09-19 20:31:59 - Generating prompt #54 (Section 4, Prompt 3/17)[0m
[1;33m2025-09-19 20:31:59 - Running prompt generation...[0m
5-hour limit reached ∙ resets 12am
[0;32m2025-09-19 20:32:08 - Completed prompt #54[0m
[0;34m2025-09-19 20:32:13 - Generating prompt #55 (Section 4, Prompt 4/17)[0m
[1;33m2025-09-19 20:32:13 - Running prompt generation...[0m
5-hour limit reached ∙ resets 12am
[0;32m2025-09-19 20:32:21 - Completed prompt #55[0m
[0;34m2025-09-19 20:32:26 - Generating prompt #56 (Section 4, Prompt 5/17)[0m
[1;33m2025-09-19 20:32:26 - Running prompt generation...[0m
5-hour limit reached ∙ resets 12am
[0;32m2025-09-19 20:32:34 - Completed prompt #56[0m
[0;34m2025-09-19 20:32:39 - Generating prompt #57 (Section 4, Prompt 6/17)[0m
[1;33m2025-09-19 20:32:39 - Running prompt generation...[0m
5-hour limit reached ∙ resets 12am
[0;32m2025-09-19 20:32:48 - Completed prompt #57[0m
[0;34m2025-09-19 20:32:53 - Generating prompt #58 (Section 4, Prompt 7/17)[0m
[1;33m2025-09-19 20:32:53 - Running prompt generation...[0m
5-hour limit reached ∙ resets 12am
[0;32m2025-09-19 20:33:03 - Completed prompt #58[0m
[0;34m2025-09-19 20:33:08 - Generating prompt #59 (Section 4, Prompt 8/17)[0m
[1;33m2025-09-19 20:33:08 - Running prompt generation...[0m
5-hour limit reached ∙ resets 12am
[0;32m2025-09-19 20:33:16 - Completed prompt #59[0m
[0;34m2025-09-19 20:33:22 - Generating prompt #60 (Section 4, Prompt 9/17)[0m
[1;33m2025-09-19 20:33:22 - Running prompt generation...[0m
5-hour limit reached ∙ resets 12am
[0;32m2025-09-19 20:33:30 - Completed prompt #60[0m
[0;34m2025-09-19 20:33:36 - Generating prompt #61 (Section 4, Prompt 10/17)[0m
[1;33m2025-09-19 20:33:36 - Running prompt generation...[0m
5-hour limit reached ∙ resets 12am
[0;32m2025-09-19 20:33:44 - Completed prompt #61[0m
[0;34m2025-09-19 20:33:49 - Generating prompt #62 (Section 4, Prompt 11/17)[0m
[1;33m2025-09-19 20:33:49 - Running prompt generation...[0m
5-hour limit reached ∙ resets 12am
[0;32m2025-09-19 20:33:58 - Completed prompt #62[0m
[0;34m2025-09-19 20:34:03 - Generating prompt #63 (Section 4, Prompt 12/17)[0m
[1;33m2025-09-19 20:34:03 - Running prompt generation...[0m
5-hour limit reached ∙ resets 12am
[0;32m2025-09-19 20:34:12 - Completed prompt #63[0m
[0;34m2025-09-19 20:34:17 - Generating prompt #64 (Section 4, Prompt 13/17)[0m
[1;33m2025-09-19 20:34:17 - Running prompt generation...[0m
5-hour limit reached ∙ resets 12am
[0;32m2025-09-19 20:34:26 - Completed prompt #64[0m
[0;34m2025-09-19 20:34:31 - Generating prompt #65 (Section 4, Prompt 14/17)[0m
[1;33m2025-09-19 20:34:31 - Running prompt generation...[0m
5-hour limit reached ∙ resets 12am
[0;32m2025-09-19 20:34:39 - Completed prompt #65[0m
[0;34m2025-09-19 20:34:44 - Generating prompt #66 (Section 4, Prompt 15/17)[0m
[1;33m2025-09-19 20:34:44 - Running prompt generation...[0m
5-hour limit reached ∙ resets 12am
[0;32m2025-09-19 20:34:53 - Completed prompt #66[0m
[0;34m2025-09-19 20:34:58 - Generating prompt #67 (Section 4, Prompt 16/17)[0m
[1;33m2025-09-19 20:34:58 - Running prompt generation...[0m
5-hour limit reached ∙ resets 12am
[0;32m2025-09-19 20:35:06 - Completed prompt #67[0m
[0;34m2025-09-19 20:35:11 - Generating prompt #68 (Section 4, Prompt 17/17)[0m
[1;33m2025-09-19 20:35:11 - Running prompt generation...[0m
5-hour limit reached ∙ resets 12am
[0;32m2025-09-19 20:35:19 - Completed prompt #68[0m
[0;34m2025-09-19 20:35:24 - Generating prompt #69 (Section 5, Prompt 1/17)[0m
[1;33m2025-09-19 20:35:24 - Running prompt generation...[0m
5-hour limit reached ∙ resets 12am
[0;32m2025-09-19 20:35:33 - Completed prompt #69[0m
[0;34m2025-09-19 20:35:38 - Generating prompt #70 (Section 5, Prompt 2/17)[0m
[1;33m2025-09-19 20:35:38 - Running prompt generation...[0m
5-hour limit reached ∙ resets 12am
[0;32m2025-09-19 20:35:46 - Completed prompt #70[0m
[0;34m2025-09-19 20:35:52 - Generating prompt #71 (Section 5, Prompt 3/17)[0m
[1;33m2025-09-19 20:35:52 - Running prompt generation...[0m
5-hour limit reached ∙ resets 12am
[0;32m2025-09-19 20:36:00 - Completed prompt #71[0m
[0;34m2025-09-19 20:36:05 - Generating prompt #72 (Section 5, Prompt 4/17)[0m
[1;33m2025-09-19 20:36:05 - Running prompt generation...[0m
5-hour limit reached ∙ resets 12am
[0;32m2025-09-19 20:36:14 - Completed prompt #72[0m
[0;34m2025-09-19 20:36:19 - Generating prompt #73 (Section 5, Prompt 5/17)[0m
[1;33m2025-09-19 20:36:19 - Running prompt generation...[0m
5-hour limit reached ∙ resets 12am
[0;32m2025-09-19 20:36:27 - Completed prompt #73[0m
[0;34m2025-09-19 20:36:32 - Generating prompt #74 (Section 5, Prompt 6/17)[0m
[1;33m2025-09-19 20:36:32 - Running prompt generation...[0m
5-hour limit reached ∙ resets 12am
[0;32m2025-09-19 20:36:41 - Completed prompt #74[0m
[0;34m2025-09-19 20:36:46 - Generating prompt #75 (Section 5, Prompt 7/17)[0m
[1;33m2025-09-19 20:36:46 - Running prompt generation...[0m
5-hour limit reached ∙ resets 12am
[0;32m2025-09-19 20:36:55 - Completed prompt #75[0m
[0;34m2025-09-19 20:37:00 - Generating prompt #76 (Section 5, Prompt 8/17)[0m
[1;33m2025-09-19 20:37:00 - Running prompt generation...[0m
5-hour limit reached ∙ resets 12am
[0;32m2025-09-19 20:37:08 - Completed prompt #76[0m
[0;34m2025-09-19 20:37:13 - Generating prompt #77 (Section 5, Prompt 9/17)[0m
[1;33m2025-09-19 20:37:13 - Running prompt generation...[0m
5-hour limit reached ∙ resets 12am
[0;32m2025-09-19 20:37:22 - Completed prompt #77[0m
[0;34m2025-09-19 20:37:27 - Generating prompt #78 (Section 5, Prompt 10/17)[0m
[1;33m2025-09-19 20:37:27 - Running prompt generation...[0m
5-hour limit reached ∙ resets 12am
[0;32m2025-09-19 20:37:37 - Completed prompt #78[0m
[0;34m2025-09-19 20:37:42 - Generating prompt #79 (Section 5, Prompt 11/17)[0m
[1;33m2025-09-19 20:37:42 - Running prompt generation...[0m
5-hour limit reached ∙ resets 12am
[0;32m2025-09-19 20:37:51 - Completed prompt #79[0m
[0;34m2025-09-19 20:37:56 - Generating prompt #80 (Section 5, Prompt 12/17)[0m
[1;33m2025-09-19 20:37:56 - Running prompt generation...[0m
5-hour limit reached ∙ resets 12am
[0;32m2025-09-19 20:38:04 - Completed prompt #80[0m
[0;34m2025-09-19 20:38:09 - Generating prompt #81 (Section 5, Prompt 13/17)[0m
[1;33m2025-09-19 20:38:10 - Running prompt generation...[0m
5-hour limit reached ∙ resets 12am
[0;32m2025-09-19 20:38:19 - Completed prompt #81[0m
[0;34m2025-09-19 20:38:24 - Generating prompt #82 (Section 5, Prompt 14/17)[0m
[1;33m2025-09-19 20:38:24 - Running prompt generation...[0m
5-hour limit reached ∙ resets 12am
[0;32m2025-09-19 20:38:34 - Completed prompt #82[0m
[0;34m2025-09-19 20:38:39 - Generating prompt #83 (Section 5, Prompt 15/17)[0m
[1;33m2025-09-19 20:38:39 - Running prompt generation...[0m
5-hour limit reached ∙ resets 12am
[0;32m2025-09-19 20:38:49 - Completed prompt #83[0m
[0;34m2025-09-19 20:38:54 - Generating prompt #84 (Section 5, Prompt 16/17)[0m
[1;33m2025-09-19 20:38:54 - Running prompt generation...[0m
5-hour limit reached ∙ resets 12am
[0;32m2025-09-19 20:39:04 - Completed prompt #84[0m
[0;34m2025-09-19 20:39:09 - Generating prompt #85 (Section 5, Prompt 17/17)[0m
[1;33m2025-09-19 20:39:09 - Running prompt generation...[0m
5-hour limit reached ∙ resets 12am
[0;32m2025-09-19 20:39:20 - Completed prompt #85[0m
[0;34m2025-09-19 20:39:25 - Generating prompt #86 (Section 6, Prompt 1/17)[0m
[1;33m2025-09-19 20:39:25 - Running prompt generation...[0m
5-hour limit reached ∙ resets 12am
[0;32m2025-09-19 20:39:32 - Completed prompt #86[0m
[0;34m2025-09-19 20:39:37 - Generating prompt #87 (Section 6, Prompt 2/17)[0m
[1;33m2025-09-19 20:39:37 - Running prompt generation...[0m
5-hour limit reached ∙ resets 12am
[0;32m2025-09-19 20:39:44 - Completed prompt #87[0m
[0;34m2025-09-19 20:39:49 - Generating prompt #88 (Section 6, Prompt 3/17)[0m
[1;33m2025-09-19 20:39:49 - Running prompt generation...[0m
5-hour limit reached ∙ resets 12am
[0;32m2025-09-19 20:39:57 - Completed prompt #88[0m
[0;34m2025-09-19 20:40:02 - Generating prompt #89 (Section 6, Prompt 4/17)[0m
[1;33m2025-09-19 20:40:02 - Running prompt generation...[0m
5-hour limit reached ∙ resets 12am
[0;32m2025-09-19 20:40:10 - Completed prompt #89[0m
[0;34m2025-09-19 20:40:15 - Generating prompt #90 (Section 6, Prompt 5/17)[0m
[1;33m2025-09-19 20:40:15 - Running prompt generation...[0m
5-hour limit reached ∙ resets 12am
[0;32m2025-09-19 20:40:24 - Completed prompt #90[0m
[0;34m2025-09-19 20:40:29 - Generating prompt #91 (Section 6, Prompt 6/17)[0m
[1;33m2025-09-19 20:40:29 - Running prompt generation...[0m
5-hour limit reached ∙ resets 12am
[0;32m2025-09-19 20:40:36 - Completed prompt #91[0m
[0;34m2025-09-19 20:40:41 - Generating prompt #92 (Section 6, Prompt 7/17)[0m
[1;33m2025-09-19 20:40:41 - Running prompt generation...[0m
5-hour limit reached ∙ resets 12am
[0;32m2025-09-19 20:40:49 - Completed prompt #92[0m
[0;34m2025-09-19 20:40:54 - Generating prompt #93 (Section 6, Prompt 8/17)[0m
[1;33m2025-09-19 20:40:54 - Running prompt generation...[0m
5-hour limit reached ∙ resets 12am
[0;32m2025-09-19 20:41:02 - Completed prompt #93[0m
[0;34m2025-09-19 20:41:07 - Generating prompt #94 (Section 6, Prompt 9/17)[0m
[1;33m2025-09-19 20:41:07 - Running prompt generation...[0m
5-hour limit reached ∙ resets 12am
[0;32m2025-09-19 20:41:16 - Completed prompt #94[0m
[0;34m2025-09-19 20:41:21 - Generating prompt #95 (Section 6, Prompt 10/17)[0m
[1;33m2025-09-19 20:41:21 - Running prompt generation...[0m
5-hour limit reached ∙ resets 12am
[0;32m2025-09-19 20:41:28 - Completed prompt #95[0m
[0;34m2025-09-19 20:41:33 - Generating prompt #96 (Section 6, Prompt 11/17)[0m
[1;33m2025-09-19 20:41:33 - Running prompt generation...[0m
5-hour limit reached ∙ resets 12am
[0;32m2025-09-19 20:41:41 - Completed prompt #96[0m
[0;34m2025-09-19 20:41:46 - Generating prompt #97 (Section 6, Prompt 12/17)[0m
[1;33m2025-09-19 20:41:46 - Running prompt generation...[0m
5-hour limit reached ∙ resets 12am
[0;32m2025-09-19 20:41:55 - Completed prompt #97[0m
[0;34m2025-09-19 20:42:00 - Generating prompt #98 (Section 6, Prompt 13/17)[0m
[1;33m2025-09-19 20:42:00 - Running prompt generation...[0m
5-hour limit reached ∙ resets 12am
[0;32m2025-09-19 20:42:09 - Completed prompt #98[0m
[0;34m2025-09-19 20:42:14 - Generating prompt #99 (Section 6, Prompt 14/17)[0m
[1;33m2025-09-19 20:42:14 - Running prompt generation...[0m
5-hour limit reached ∙ resets 12am
[0;32m2025-09-19 20:42:22 - Completed prompt #99[0m
[0;34m2025-09-19 20:42:27 - Generating prompt #100 (Section 6, Prompt 15/17)[0m
[1;33m2025-09-19 20:42:27 - Running prompt generation...[0m
5-hour limit reached ∙ resets 12am
[0;32m2025-09-19 20:42:36 - Completed prompt #100[0m
[0;34m2025-09-19 20:42:41 - Generating prompt #101 (Section 6, Prompt 16/17)[0m
[1;33m2025-09-19 20:42:41 - Running prompt generation...[0m
5-hour limit reached ∙ resets 12am
[0;32m2025-09-19 20:42:49 - Completed prompt #101[0m
[0;34m2025-09-19 20:42:54 - Generating prompt #102 (Section 6, Prompt 17/17)[0m
[1;33m2025-09-19 20:42:54 - Running prompt generation...[0m
5-hour limit reached ∙ resets 12am
[0;32m2025-09-19 20:43:03 - Completed prompt #102[0m
[0;34m2025-09-20 00:04:03 - Starting Prompt Generation Cycle for template: consulting-business[0m
[0;32m2025-09-20 00:04:03 - Using existing worktree: ../templata-consulting-business[0m
[0;34m2025-09-20 00:04:03 - Generating prompt #49 (Section 3, Prompt 15/17)[0m
[1;33m2025-09-20 00:04:03 - Running prompt generation...[0m
PROMPT GENERATION COMPLETE - Prompt #49
[0;32m2025-09-20 00:04:27 - Completed prompt #49[0m
[0;34m2025-09-20 00:04:32 - Generating prompt #50 (Section 3, Prompt 16/17)[0m
[1;33m2025-09-20 00:04:32 - Running prompt generation...[0m
PROMPT GENERATION COMPLETE - Prompt #50
[0;32m2025-09-20 00:05:13 - Completed prompt #50[0m
[0;34m2025-09-20 00:05:19 - Generating prompt #51 (Section 3, Prompt 17/17)[0m
[1;33m2025-09-20 00:05:19 - Running prompt generation...[0m
PROMPT GENERATION COMPLETE - Prompt #51
[0;32m2025-09-20 00:05:45 - Completed prompt #51[0m
[0;34m2025-09-20 00:05:50 - Generating prompt #52 (Section 4, Prompt 1/17)[0m
[1;33m2025-09-20 00:05:50 - Running prompt generation...[0m
PROMPT GENERATION COMPLETE - Prompt #52
[0;32m2025-09-20 00:06:29 - Completed prompt #52[0m
[0;34m2025-09-20 00:06:34 - Generating prompt #53 (Section 4, Prompt 2/17)[0m
[1;33m2025-09-20 00:06:34 - Running prompt generation...[0m
PROMPT GENERATION COMPLETE - Prompt #53
[0;32m2025-09-20 00:07:10 - Completed prompt #53[0m
[0;34m2025-09-20 00:07:15 - Generating prompt #54 (Section 4, Prompt 3/17)[0m
[1;33m2025-09-20 00:07:16 - Running prompt generation...[0m
PROMPT GENERATION COMPLETE - Prompt #54
[0;32m2025-09-20 00:07:41 - Completed prompt #54[0m
[0;34m2025-09-20 00:07:46 - Generating prompt #55 (Section 4, Prompt 4/17)[0m
[1;33m2025-09-20 00:07:46 - Running prompt generation...[0m
PROMPT GENERATION COMPLETE - Prompt #55
[0;32m2025-09-20 00:08:30 - Completed prompt #55[0m
[0;34m2025-09-20 00:08:35 - Generating prompt #56 (Section 4, Prompt 5/17)[0m
[1;33m2025-09-20 00:08:35 - Running prompt generation...[0m
PROMPT GENERATION COMPLETE - Prompt #56
[0;32m2025-09-20 00:09:15 - Completed prompt #56[0m
[0;34m2025-09-20 00:09:20 - Generating prompt #57 (Section 4, Prompt 6/17)[0m
[1;33m2025-09-20 00:09:20 - Running prompt generation...[0m
PROMPT GENERATION COMPLETE - Prompt #57
[0;32m2025-09-20 00:09:56 - Completed prompt #57[0m
[0;34m2025-09-20 00:10:01 - Generating prompt #58 (Section 4, Prompt 7/17)[0m
[1;33m2025-09-20 00:10:02 - Running prompt generation...[0m
PROMPT GENERATION COMPLETE - Prompt #58
[0;32m2025-09-20 00:10:39 - Completed prompt #58[0m
[0;34m2025-09-20 00:10:44 - Generating prompt #59 (Section 4, Prompt 8/17)[0m
[1;33m2025-09-20 00:10:44 - Running prompt generation...[0m
PROMPT GENERATION COMPLETE - Prompt #59
[0;32m2025-09-20 00:11:12 - Completed prompt #59[0m
[0;34m2025-09-20 00:11:18 - Generating prompt #60 (Section 4, Prompt 9/17)[0m
[1;33m2025-09-20 00:11:18 - Running prompt generation...[0m
[0;34m2025-09-20 00:11:29 - Starting Prompt Generation Cycle for template: consulting-business[0m
[0;32m2025-09-20 00:11:29 - Using existing worktree: ../templata-consulting-business[0m
[0;34m2025-09-20 00:11:29 - Generating prompt #60 (Section 4, Prompt 9/17)[0m
[1;33m2025-09-20 00:11:29 - Running prompt generation...[0m
PROMPT GENERATION COMPLETE - Prompt #60
[0;32m2025-09-20 00:13:32 - Completed prompt #60[0m
PROMPT GENERATION COMPLETE - Prompt #60
[0;34m2025-09-20 00:13:39 - Generating prompt #61 (Section 4, Prompt 10/17)[0m
[0;32m2025-09-20 00:13:39 - Completed prompt #60[0m
[1;33m2025-09-20 00:13:41 - Running prompt generation...[0m
[0;34m2025-09-20 00:13:45 - Generating prompt #62 (Section 4, Prompt 11/17)[0m
[1;33m2025-09-20 00:13:48 - Running prompt generation...[0m
[0;34m2025-09-20 19:10:43 - Starting Prompt Generation Cycle for template: consulting-business[0m
[0;32m2025-09-20 19:10:43 - Using existing worktree: ../templata-consulting-business[0m
[0;34m2025-09-20 19:10:43 - Generating prompt #62 (Section 4, Prompt 11/17)[0m
[1;33m2025-09-20 19:10:43 - Running prompt generation...[0m
PROMPT GENERATION COMPLETE - Prompt #62
[0;32m2025-09-20 19:11:03 - Completed prompt #62[0m
[0;34m2025-09-20 19:11:08 - Generating prompt #63 (Section 4, Prompt 12/17)[0m
[1;33m2025-09-20 19:11:08 - Running prompt generation...[0m
PROMPT GENERATION COMPLETE - Prompt #63
[0;32m2025-09-20 19:11:29 - Completed prompt #63[0m
[0;34m2025-09-20 19:11:34 - Generating prompt #64 (Section 4, Prompt 13/17)[0m
[1;33m2025-09-20 19:11:34 - Running prompt generation...[0m
PROMPT GENERATION COMPLETE - Prompt #64
[0;32m2025-09-20 19:11:54 - Completed prompt #64[0m
[0;34m2025-09-20 19:23:56 - Starting Prompt Generation Cycle for template: consulting-business[0m
[1;33m2025-09-20 19:23:56 - Override flag detected - resetting progress and recreating files[0m
[0;32m2025-09-20 19:23:56 - Progress reset to 0 for template: consulting-business[0m
[0;32m2025-09-20 19:23:56 - Using existing worktree: ../templata-consulting-business[0m
[1;33m2025-09-20 19:23:56 - Override flag detected - recreating template prompt file: prompts-consulting-business.ts[0m
[0;32m2025-09-20 19:23:56 - Created template prompt file: ../templata-consulting-business/src/data/prompts-consulting-business.ts[0m
[0;34m2025-09-20 19:23:56 - Generating prompt #1 (Section 1, Prompt 1/17)[0m
[1;33m2025-09-20 19:23:56 - Running prompt generation...[0m
PROMPT GENERATION COMPLETE - Prompt #1
[0;32m2025-09-20 19:24:12 - Completed prompt #1[0m
[0;34m2025-09-20 19:24:17 - Generating prompt #2 (Section 1, Prompt 2/17)[0m
[1;33m2025-09-20 19:24:17 - Running prompt generation...[0m
PROMPT GENERATION COMPLETE - Prompt #2
[0;32m2025-09-20 19:24:34 - Completed prompt #2[0m
[0;34m2025-09-20 19:24:40 - Generating prompt #3 (Section 1, Prompt 3/17)[0m
[1;33m2025-09-20 19:24:40 - Running prompt generation...[0m
PROMPT GENERATION COMPLETE - Prompt #3
[0;32m2025-09-20 19:24:57 - Completed prompt #3[0m
[0;34m2025-09-20 19:25:02 - Generating prompt #4 (Section 1, Prompt 4/17)[0m
[1;33m2025-09-20 19:25:02 - Running prompt generation...[0m
PROMPT GENERATION COMPLETE - Prompt #4
[0;32m2025-09-20 19:25:19 - Completed prompt #4[0m
[0;34m2025-09-20 19:25:24 - Generating prompt #5 (Section 1, Prompt 5/17)[0m
[1;33m2025-09-20 19:25:24 - Running prompt generation...[0m
PROMPT GENERATION COMPLETE - Prompt #5
[0;32m2025-09-20 19:25:42 - Completed prompt #5[0m
[0;34m2025-09-20 19:25:47 - Generating prompt #6 (Section 1, Prompt 6/17)[0m
[1;33m2025-09-20 19:25:47 - Running prompt generation...[0m
PROMPT GENERATION COMPLETE - Prompt #6
[0;32m2025-09-20 19:26:05 - Completed prompt #6[0m
[0;34m2025-09-20 19:26:10 - Generating prompt #7 (Section 1, Prompt 7/17)[0m
[1;33m2025-09-20 19:26:10 - Running prompt generation...[0m
PROMPT GENERATION COMPLETE - Prompt #7
[0;32m2025-09-20 19:26:29 - Completed prompt #7[0m
[0;34m2025-09-20 19:26:34 - Generating prompt #8 (Section 1, Prompt 8/17)[0m
[1;33m2025-09-20 19:26:34 - Running prompt generation...[0m
PROMPT GENERATION COMPLETE - Prompt #8
[0;32m2025-09-20 19:26:52 - Completed prompt #8[0m
[0;34m2025-09-20 19:26:57 - Generating prompt #9 (Section 1, Prompt 9/17)[0m
[1;33m2025-09-20 19:26:57 - Running prompt generation...[0m
PROMPT GENERATION COMPLETE - Prompt #9
[0;32m2025-09-20 19:27:15 - Completed prompt #9[0m
[0;34m2025-09-20 19:27:20 - Generating prompt #10 (Section 1, Prompt 10/17)[0m
[1;33m2025-09-20 19:27:20 - Running prompt generation...[0m
PROMPT GENERATION COMPLETE - Prompt #10
[0;32m2025-09-20 19:27:39 - Completed prompt #10[0m
[0;34m2025-09-20 19:27:44 - Generating prompt #11 (Section 1, Prompt 11/17)[0m
[1;33m2025-09-20 19:27:44 - Running prompt generation...[0m
PROMPT GENERATION COMPLETE - Prompt #11
[0;32m2025-09-20 19:28:02 - Completed prompt #11[0m
[0;34m2025-09-20 19:28:07 - Generating prompt #12 (Section 1, Prompt 12/17)[0m
[1;33m2025-09-20 19:28:07 - Running prompt generation...[0m
PROMPT GENERATION COMPLETE - Prompt #12
[0;32m2025-09-20 19:28:26 - Completed prompt #12[0m
[0;34m2025-09-20 19:28:31 - Generating prompt #13 (Section 1, Prompt 13/17)[0m
[1;33m2025-09-20 19:28:31 - Running prompt generation...[0m
PROMPT GENERATION COMPLETE - Prompt #13
[0;32m2025-09-20 19:28:51 - Completed prompt #13[0m
[0;34m2025-09-20 19:28:56 - Generating prompt #14 (Section 1, Prompt 14/17)[0m
[1;33m2025-09-20 19:28:56 - Running prompt generation...[0m
PROMPT GENERATION COMPLETE - Prompt #14
[0;32m2025-09-20 19:29:18 - Completed prompt #14[0m
[0;34m2025-09-20 19:29:23 - Generating prompt #15 (Section 1, Prompt 15/17)[0m
[1;33m2025-09-20 19:29:23 - Running prompt generation...[0m
PROMPT GENERATION COMPLETE - Prompt #15
[0;32m2025-09-20 19:29:42 - Completed prompt #15[0m
[0;34m2025-09-20 19:29:47 - Generating prompt #16 (Section 1, Prompt 16/17)[0m
[1;33m2025-09-20 19:29:47 - Running prompt generation...[0m
PROMPT GENERATION COMPLETE - Prompt #16
[0;32m2025-09-20 19:30:07 - Completed prompt #16[0m
[0;34m2025-09-20 19:30:12 - Generating prompt #17 (Section 1, Prompt 17/17)[0m
[1;33m2025-09-20 19:30:12 - Running prompt generation...[0m
PROMPT GENERATION COMPLETE - Prompt #17
[0;32m2025-09-20 19:30:32 - Completed prompt #17[0m
[0;34m2025-09-20 19:30:37 - Generating prompt #18 (Section 2, Prompt 1/17)[0m
[1;33m2025-09-20 19:30:38 - Running prompt generation...[0m
PROMPT GENERATION COMPLETE - Prompt #18
[0;32m2025-09-20 19:30:57 - Completed prompt #18[0m
[0;34m2025-09-20 19:31:02 - Generating prompt #19 (Section 2, Prompt 2/17)[0m
[1;33m2025-09-20 19:31:02 - Running prompt generation...[0m
PROMPT GENERATION COMPLETE - Prompt #19
[0;32m2025-09-20 19:31:20 - Completed prompt #19[0m
[0;34m2025-09-20 19:31:25 - Generating prompt #20 (Section 2, Prompt 3/17)[0m
[1;33m2025-09-20 19:31:26 - Running prompt generation...[0m
PROMPT GENERATION COMPLETE - Prompt #20
[0;32m2025-09-20 19:31:46 - Completed prompt #20[0m
[0;34m2025-09-20 19:31:51 - Generating prompt #21 (Section 2, Prompt 4/17)[0m
[1;33m2025-09-20 19:31:51 - Running prompt generation...[0m
PROMPT GENERATION COMPLETE - Prompt #21
[0;32m2025-09-20 19:32:13 - Completed prompt #21[0m
[0;34m2025-09-20 19:32:18 - Generating prompt #22 (Section 2, Prompt 5/17)[0m
[1;33m2025-09-20 19:32:18 - Running prompt generation...[0m
PROMPT GENERATION COMPLETE - Prompt #22
[0;32m2025-09-20 19:32:40 - Completed prompt #22[0m
[0;34m2025-09-20 19:32:45 - Generating prompt #23 (Section 2, Prompt 6/17)[0m
[1;33m2025-09-20 19:32:45 - Running prompt generation...[0m
PROMPT GENERATION COMPLETE - Prompt #23
[0;32m2025-09-20 19:33:05 - Completed prompt #23[0m
[0;34m2025-09-20 19:33:11 - Generating prompt #24 (Section 2, Prompt 7/17)[0m
[1;33m2025-09-20 19:33:11 - Running prompt generation...[0m
PROMPT GENERATION COMPLETE - Prompt #24
[0;32m2025-09-20 19:33:31 - Completed prompt #24[0m
[0;34m2025-09-20 19:33:36 - Generating prompt #25 (Section 2, Prompt 8/17)[0m
[1;33m2025-09-20 19:33:36 - Running prompt generation...[0m
PROMPT GENERATION COMPLETE - Prompt #25
[0;32m2025-09-20 19:33:56 - Completed prompt #25[0m
[0;34m2025-09-20 19:34:01 - Generating prompt #26 (Section 2, Prompt 9/17)[0m
[1;33m2025-09-20 19:34:01 - Running prompt generation...[0m
PROMPT GENERATION COMPLETE - Prompt #26
[0;32m2025-09-20 19:34:21 - Completed prompt #26[0m
[0;34m2025-09-20 19:34:26 - Generating prompt #27 (Section 2, Prompt 10/17)[0m
[1;33m2025-09-20 19:34:26 - Running prompt generation...[0m
PROMPT GENERATION COMPLETE - Prompt #27
[0;32m2025-09-20 19:34:46 - Completed prompt #27[0m
[0;34m2025-09-20 19:34:51 - Generating prompt #28 (Section 2, Prompt 11/17)[0m
[1;33m2025-09-20 19:34:51 - Running prompt generation...[0m
PROMPT GENERATION COMPLETE - Prompt #28
[0;32m2025-09-20 19:35:11 - Completed prompt #28[0m
[0;34m2025-09-20 19:35:16 - Generating prompt #29 (Section 2, Prompt 12/17)[0m
[1;33m2025-09-20 19:35:16 - Running prompt generation...[0m
PROMPT GENERATION COMPLETE - Prompt #29
[0;32m2025-09-20 19:35:37 - Completed prompt #29[0m
[0;34m2025-09-20 19:35:42 - Generating prompt #30 (Section 2, Prompt 13/17)[0m
[1;33m2025-09-20 19:35:42 - Running prompt generation...[0m
PROMPT GENERATION COMPLETE - Prompt #30
[0;32m2025-09-20 19:36:03 - Completed prompt #30[0m
[0;34m2025-09-20 19:36:08 - Generating prompt #31 (Section 2, Prompt 14/17)[0m
[1;33m2025-09-20 19:36:08 - Running prompt generation...[0m
PROMPT GENERATION COMPLETE - Prompt #31
[0;32m2025-09-20 19:36:32 - Completed prompt #31[0m
[0;34m2025-09-20 19:36:37 - Generating prompt #32 (Section 2, Prompt 15/17)[0m
[1;33m2025-09-20 19:36:37 - Running prompt generation...[0m
PROMPT GENERATION COMPLETE - Prompt #32
[0;32m2025-09-20 19:36:58 - Completed prompt #32[0m
[0;34m2025-09-20 19:37:03 - Generating prompt #33 (Section 2, Prompt 16/17)[0m
[1;33m2025-09-20 19:37:03 - Running prompt generation...[0m
PROMPT GENERATION COMPLETE - Prompt #33
[0;32m2025-09-20 19:37:23 - Completed prompt #33[0m
[0;34m2025-09-20 19:37:28 - Generating prompt #34 (Section 2, Prompt 17/17)[0m
[1;33m2025-09-20 19:37:28 - Running prompt generation...[0m
PROMPT GENERATION COMPLETE - Prompt #34
[0;32m2025-09-20 19:37:49 - Completed prompt #34[0m
[0;34m2025-09-20 19:37:54 - Generating prompt #35 (Section 3, Prompt 1/17)[0m
[1;33m2025-09-20 19:37:54 - Running prompt generation...[0m
PROMPT GENERATION COMPLETE - Prompt #35
[0;32m2025-09-20 19:38:16 - Completed prompt #35[0m
[0;34m2025-09-20 19:38:21 - Generating prompt #36 (Section 3, Prompt 2/17)[0m
[1;33m2025-09-20 19:38:21 - Running prompt generation...[0m
PROMPT GENERATION COMPLETE - Prompt #36
[0;32m2025-09-20 19:38:41 - Completed prompt #36[0m
[0;34m2025-09-20 19:38:46 - Generating prompt #37 (Section 3, Prompt 3/17)[0m
[1;33m2025-09-20 19:38:46 - Running prompt generation...[0m
PROMPT GENERATION COMPLETE - Prompt #37
[0;32m2025-09-20 19:39:07 - Completed prompt #37[0m
[0;34m2025-09-20 19:39:12 - Generating prompt #38 (Section 3, Prompt 4/17)[0m
[1;33m2025-09-20 19:39:12 - Running prompt generation...[0m
PROMPT GENERATION COMPLETE - Prompt #38
[0;32m2025-09-20 19:39:32 - Completed prompt #38[0m
[0;34m2025-09-20 19:39:37 - Generating prompt #39 (Section 3, Prompt 5/17)[0m
[1;33m2025-09-20 19:39:37 - Running prompt generation...[0m
PROMPT GENERATION COMPLETE - Prompt #39
[0;32m2025-09-20 19:39:57 - Completed prompt #39[0m
[0;34m2025-09-20 19:40:02 - Generating prompt #40 (Section 3, Prompt 6/17)[0m
[1;33m2025-09-20 19:40:02 - Running prompt generation...[0m
PROMPT GENERATION COMPLETE - Prompt #40
[0;32m2025-09-20 19:40:23 - Completed prompt #40[0m
[0;34m2025-09-20 19:40:28 - Generating prompt #41 (Section 3, Prompt 7/17)[0m
[1;33m2025-09-20 19:40:28 - Running prompt generation...[0m
PROMPT GENERATION COMPLETE - Prompt #41
[0;32m2025-09-20 19:40:47 - Completed prompt #41[0m
[0;34m2025-09-20 19:40:52 - Generating prompt #42 (Section 3, Prompt 8/17)[0m
[1;33m2025-09-20 19:40:53 - Running prompt generation...[0m
PROMPT GENERATION COMPLETE - Prompt #42
[0;32m2025-09-20 19:41:12 - Completed prompt #42[0m
[0;34m2025-09-20 19:41:17 - Generating prompt #43 (Section 3, Prompt 9/17)[0m
[1;33m2025-09-20 19:41:17 - Running prompt generation...[0m
PROMPT GENERATION COMPLETE - Prompt #43
[0;32m2025-09-20 19:41:38 - Completed prompt #43[0m
[0;34m2025-09-20 19:41:43 - Generating prompt #44 (Section 3, Prompt 10/17)[0m
[1;33m2025-09-20 19:41:43 - Running prompt generation...[0m
PROMPT GENERATION COMPLETE - Prompt #44
[0;32m2025-09-20 19:42:03 - Completed prompt #44[0m
[0;34m2025-09-20 19:42:08 - Generating prompt #45 (Section 3, Prompt 11/17)[0m
[1;33m2025-09-20 19:42:08 - Running prompt generation...[0m
PROMPT GENERATION COMPLETE - Prompt #45
[0;32m2025-09-20 19:42:26 - Completed prompt #45[0m
[0;34m2025-09-20 19:42:31 - Generating prompt #46 (Section 3, Prompt 12/17)[0m
[1;33m2025-09-20 19:42:31 - Running prompt generation...[0m
PROMPT GENERATION COMPLETE - Prompt #46
[0;32m2025-09-20 19:42:53 - Completed prompt #46[0m
[0;34m2025-09-20 19:42:58 - Generating prompt #47 (Section 3, Prompt 13/17)[0m
[1;33m2025-09-20 19:42:58 - Running prompt generation...[0m
PROMPT GENERATION COMPLETE - Prompt #47
[0;32m2025-09-20 19:43:18 - Completed prompt #47[0m
[0;34m2025-09-20 19:43:23 - Generating prompt #48 (Section 3, Prompt 14/17)[0m
[1;33m2025-09-20 19:43:24 - Running prompt generation...[0m
PROMPT GENERATION COMPLETE - Prompt #48
[0;32m2025-09-20 19:43:46 - Completed prompt #48[0m
[0;34m2025-09-20 19:43:51 - Generating prompt #49 (Section 3, Prompt 15/17)[0m
[1;33m2025-09-20 19:43:51 - Running prompt generation...[0m
PROMPT GENERATION COMPLETE - Prompt #49
[0;32m2025-09-20 19:44:12 - Completed prompt #49[0m
[0;34m2025-09-20 19:44:17 - Generating prompt #50 (Section 3, Prompt 16/17)[0m
[1;33m2025-09-20 19:44:17 - Running prompt generation...[0m
PROMPT GENERATION COMPLETE - Prompt #50
[0;32m2025-09-20 19:44:36 - Completed prompt #50[0m
[0;34m2025-09-20 19:44:41 - Generating prompt #51 (Section 3, Prompt 17/17)[0m
[1;33m2025-09-20 19:44:41 - Running prompt generation...[0m
PROMPT GENERATION COMPLETE - Prompt #51
[0;32m2025-09-20 19:45:02 - Completed prompt #51[0m
[0;34m2025-09-20 19:45:07 - Generating prompt #52 (Section 4, Prompt 1/17)[0m
[1;33m2025-09-20 19:45:07 - Running prompt generation...[0m
PROMPT GENERATION COMPLETE - Prompt #52
[0;32m2025-09-20 19:45:25 - Completed prompt #52[0m
[0;34m2025-09-20 19:45:30 - Generating prompt #53 (Section 4, Prompt 2/17)[0m
[1;33m2025-09-20 19:45:30 - Running prompt generation...[0m
PROMPT GENERATION COMPLETE - Prompt #53
[0;32m2025-09-20 19:45:53 - Completed prompt #53[0m
[0;34m2025-09-20 19:45:58 - Generating prompt #54 (Section 4, Prompt 3/17)[0m
[1;33m2025-09-20 19:45:58 - Running prompt generation...[0m
PROMPT GENERATION COMPLETE - Prompt #54
[0;32m2025-09-20 19:46:20 - Completed prompt #54[0m
[0;34m2025-09-20 19:46:25 - Generating prompt #55 (Section 4, Prompt 4/17)[0m
[1;33m2025-09-20 19:46:25 - Running prompt generation...[0m
PROMPT GENERATION COMPLETE - Prompt #55
[0;32m2025-09-20 19:46:45 - Completed prompt #55[0m
[0;34m2025-09-20 19:46:50 - Generating prompt #56 (Section 4, Prompt 5/17)[0m
[1;33m2025-09-20 19:46:50 - Running prompt generation...[0m
PROMPT GENERATION COMPLETE - Prompt #56
[0;32m2025-09-20 19:47:09 - Completed prompt #56[0m
[0;34m2025-09-20 19:47:14 - Generating prompt #57 (Section 4, Prompt 6/17)[0m
[1;33m2025-09-20 19:47:14 - Running prompt generation...[0m
PROMPT GENERATION COMPLETE - Prompt #57
[0;32m2025-09-20 19:47:34 - Completed prompt #57[0m
[0;34m2025-09-20 19:47:39 - Generating prompt #58 (Section 4, Prompt 7/17)[0m
[1;33m2025-09-20 19:47:39 - Running prompt generation...[0m
PROMPT GENERATION COMPLETE - Prompt #58
[0;32m2025-09-20 19:47:59 - Completed prompt #58[0m
[0;34m2025-09-20 19:48:04 - Generating prompt #59 (Section 4, Prompt 8/17)[0m
[1;33m2025-09-20 19:48:04 - Running prompt generation...[0m
PROMPT GENERATION COMPLETE - Prompt #59
[0;32m2025-09-20 19:48:24 - Completed prompt #59[0m
[0;34m2025-09-20 19:48:29 - Generating prompt #60 (Section 4, Prompt 9/17)[0m
[1;33m2025-09-20 19:48:29 - Running prompt generation...[0m
PROMPT GENERATION COMPLETE - Prompt #60
[0;32m2025-09-20 19:48:50 - Completed prompt #60[0m
[0;34m2025-09-20 19:48:55 - Generating prompt #61 (Section 4, Prompt 10/17)[0m
[1;33m2025-09-20 19:48:55 - Running prompt generation...[0m
PROMPT GENERATION COMPLETE - Prompt #61
[0;32m2025-09-20 19:49:16 - Completed prompt #61[0m
[0;34m2025-09-20 19:49:21 - Generating prompt #62 (Section 4, Prompt 11/17)[0m
[1;33m2025-09-20 19:49:21 - Running prompt generation...[0m
PROMPT GENERATION COMPLETE - Prompt #62
[0;32m2025-09-20 19:49:42 - Completed prompt #62[0m
[0;34m2025-09-20 19:49:47 - Generating prompt #63 (Section 4, Prompt 12/17)[0m
[1;33m2025-09-20 19:49:47 - Running prompt generation...[0m
PROMPT GENERATION COMPLETE - Prompt #63
[0;32m2025-09-20 19:50:07 - Completed prompt #63[0m
[0;34m2025-09-20 19:50:12 - Generating prompt #64 (Section 4, Prompt 13/17)[0m
[1;33m2025-09-20 19:50:12 - Running prompt generation...[0m
PROMPT GENERATION COMPLETE - Prompt #64
[0;32m2025-09-20 19:50:30 - Completed prompt #64[0m
[0;34m2025-09-20 19:50:35 - Generating prompt #65 (Section 4, Prompt 14/17)[0m
[1;33m2025-09-20 19:50:36 - Running prompt generation...[0m
PROMPT GENERATION COMPLETE - Prompt #65
[0;32m2025-09-20 19:50:56 - Completed prompt #65[0m
[0;34m2025-09-20 19:51:01 - Generating prompt #66 (Section 4, Prompt 15/17)[0m
[1;33m2025-09-20 19:51:01 - Running prompt generation...[0m
PROMPT GENERATION COMPLETE - Prompt #66
[0;32m2025-09-20 19:51:23 - Completed prompt #66[0m
[0;34m2025-09-20 19:51:28 - Generating prompt #67 (Section 4, Prompt 16/17)[0m
[1;33m2025-09-20 19:51:28 - Running prompt generation...[0m
PROMPT GENERATION COMPLETE - Prompt #67
[0;32m2025-09-20 19:51:48 - Completed prompt #67[0m
[0;34m2025-09-20 19:51:53 - Generating prompt #68 (Section 4, Prompt 17/17)[0m
[1;33m2025-09-20 19:51:53 - Running prompt generation...[0m
PROMPT GENERATION COMPLETE - Prompt #68
[0;32m2025-09-20 19:52:14 - Completed prompt #68[0m
[0;34m2025-09-20 19:52:19 - Generating prompt #69 (Section 5, Prompt 1/17)[0m
[1;33m2025-09-20 19:52:19 - Running prompt generation...[0m
PROMPT GENERATION COMPLETE - Prompt #69
[0;32m2025-09-20 19:52:37 - Completed prompt #69[0m
[0;34m2025-09-20 19:52:42 - Generating prompt #70 (Section 5, Prompt 2/17)[0m
[1;33m2025-09-20 19:52:42 - Running prompt generation...[0m
PROMPT GENERATION COMPLETE - Prompt #70
[0;32m2025-09-20 19:53:01 - Completed prompt #70[0m
[0;34m2025-09-20 19:53:06 - Generating prompt #71 (Section 5, Prompt 3/17)[0m
[1;33m2025-09-20 19:53:06 - Running prompt generation...[0m
PROMPT GENERATION COMPLETE - Prompt #71
[0;32m2025-09-20 19:53:25 - Completed prompt #71[0m
[0;34m2025-09-20 19:53:31 - Generating prompt #72 (Section 5, Prompt 4/17)[0m
[1;33m2025-09-20 19:53:31 - Running prompt generation...[0m
PROMPT GENERATION COMPLETE - Prompt #72
[0;32m2025-09-20 19:53:52 - Completed prompt #72[0m
[0;34m2025-09-20 19:53:57 - Generating prompt #73 (Section 5, Prompt 5/17)[0m
[1;33m2025-09-20 19:53:57 - Running prompt generation...[0m
PROMPT GENERATION COMPLETE - Prompt #73
[0;32m2025-09-20 19:54:18 - Completed prompt #73[0m
[0;34m2025-09-20 19:54:23 - Generating prompt #74 (Section 5, Prompt 6/17)[0m
[1;33m2025-09-20 19:54:23 - Running prompt generation...[0m
PROMPT GENERATION COMPLETE - Prompt #74
[0;32m2025-09-20 19:54:43 - Completed prompt #74[0m
[0;34m2025-09-20 19:54:48 - Generating prompt #75 (Section 5, Prompt 7/17)[0m
[1;33m2025-09-20 19:54:48 - Running prompt generation...[0m
PROMPT GENERATION COMPLETE - Prompt #75
[0;32m2025-09-20 19:55:06 - Completed prompt #75[0m
[0;34m2025-09-20 19:55:11 - Generating prompt #76 (Section 5, Prompt 8/17)[0m
[1;33m2025-09-20 19:55:11 - Running prompt generation...[0m
PROMPT GENERATION COMPLETE - Prompt #76
[0;32m2025-09-20 19:55:31 - Completed prompt #76[0m
[0;34m2025-09-20 19:55:36 - Generating prompt #77 (Section 5, Prompt 9/17)[0m
[1;33m2025-09-20 19:55:36 - Running prompt generation...[0m
PROMPT GENERATION COMPLETE - Prompt #77
[0;32m2025-09-20 19:55:56 - Completed prompt #77[0m
[0;34m2025-09-20 19:56:01 - Generating prompt #78 (Section 5, Prompt 10/17)[0m
[1;33m2025-09-20 19:56:01 - Running prompt generation...[0m
PROMPT GENERATION COMPLETE - Prompt #78
[0;32m2025-09-20 19:56:20 - Completed prompt #78[0m
[0;34m2025-09-20 19:56:25 - Generating prompt #79 (Section 5, Prompt 11/17)[0m
[1;33m2025-09-20 19:56:25 - Running prompt generation...[0m
PROMPT GENERATION COMPLETE - Prompt #79
[0;32m2025-09-20 19:56:45 - Completed prompt #79[0m
[0;34m2025-09-20 19:56:50 - Generating prompt #80 (Section 5, Prompt 12/17)[0m
[1;33m2025-09-20 19:56:50 - Running prompt generation...[0m
PROMPT GENERATION COMPLETE - Prompt #80
[0;32m2025-09-20 19:57:11 - Completed prompt #80[0m
[0;34m2025-09-20 19:57:16 - Generating prompt #81 (Section 5, Prompt 13/17)[0m
[1;33m2025-09-20 19:57:16 - Running prompt generation...[0m
PROMPT GENERATION COMPLETE - Prompt #81
[0;32m2025-09-20 19:57:45 - Completed prompt #81[0m
[0;34m2025-09-20 19:57:51 - Generating prompt #82 (Section 5, Prompt 14/17)[0m
[1;33m2025-09-20 19:57:51 - Running prompt generation...[0m
PROMPT GENERATION COMPLETE - Prompt #82
[0;32m2025-09-20 19:58:12 - Completed prompt #82[0m
[0;34m2025-09-20 19:58:17 - Generating prompt #83 (Section 5, Prompt 15/17)[0m
[1;33m2025-09-20 19:58:17 - Running prompt generation...[0m
PROMPT GENERATION COMPLETE - Prompt #83
[0;32m2025-09-20 19:58:35 - Completed prompt #83[0m
[0;34m2025-09-20 19:58:40 - Generating prompt #84 (Section 5, Prompt 16/17)[0m
[1;33m2025-09-20 19:58:40 - Running prompt generation...[0m
PROMPT GENERATION COMPLETE - Prompt #84
[0;32m2025-09-20 19:59:02 - Completed prompt #84[0m
[0;34m2025-09-20 19:59:07 - Generating prompt #85 (Section 5, Prompt 17/17)[0m
[1;33m2025-09-20 19:59:07 - Running prompt generation...[0m
PROMPT GENERATION COMPLETE - Prompt #85
[0;32m2025-09-20 19:59:26 - Completed prompt #85[0m
[0;34m2025-09-20 19:59:31 - Generating prompt #86 (Section 6, Prompt 1/17)[0m
[1;33m2025-09-20 19:59:31 - Running prompt generation...[0m
PROMPT GENERATION COMPLETE - Prompt #86
[0;32m2025-09-20 19:59:50 - Completed prompt #86[0m
[0;34m2025-09-20 19:59:55 - Generating prompt #87 (Section 6, Prompt 2/17)[0m
[1;33m2025-09-20 19:59:55 - Running prompt generation...[0m
PROMPT GENERATION COMPLETE - Prompt #87
[0;32m2025-09-20 20:00:15 - Completed prompt #87[0m
[0;34m2025-09-20 20:00:20 - Generating prompt #88 (Section 6, Prompt 3/17)[0m
[1;33m2025-09-20 20:00:20 - Running prompt generation...[0m
PROMPT GENERATION COMPLETE - Prompt #88
[0;32m2025-09-20 20:00:41 - Completed prompt #88[0m
[0;34m2025-09-20 20:00:46 - Generating prompt #89 (Section 6, Prompt 4/17)[0m
[1;33m2025-09-20 20:00:46 - Running prompt generation...[0m
PROMPT GENERATION COMPLETE - Prompt #89
[0;32m2025-09-20 20:01:06 - Completed prompt #89[0m
[0;34m2025-09-20 20:01:11 - Generating prompt #90 (Section 6, Prompt 5/17)[0m
[1;33m2025-09-20 20:01:11 - Running prompt generation...[0m
PROMPT GENERATION COMPLETE - Prompt #90
[0;32m2025-09-20 20:01:31 - Completed prompt #90[0m
[0;34m2025-09-20 20:01:36 - Generating prompt #91 (Section 6, Prompt 6/17)[0m
[1;33m2025-09-20 20:01:36 - Running prompt generation...[0m
PROMPT GENERATION COMPLETE - Prompt #91
[0;32m2025-09-20 20:01:56 - Completed prompt #91[0m
[0;34m2025-09-20 20:02:01 - Generating prompt #92 (Section 6, Prompt 7/17)[0m
[1;33m2025-09-20 20:02:01 - Running prompt generation...[0m
PROMPT GENERATION COMPLETE - Prompt #92
[0;32m2025-09-20 20:02:22 - Completed prompt #92[0m
[0;34m2025-09-20 20:02:27 - Generating prompt #93 (Section 6, Prompt 8/17)[0m
[1;33m2025-09-20 20:02:27 - Running prompt generation...[0m
PROMPT GENERATION COMPLETE - Prompt #93
[0;32m2025-09-20 20:02:46 - Completed prompt #93[0m
[0;34m2025-09-20 20:02:51 - Generating prompt #94 (Section 6, Prompt 9/17)[0m
[1;33m2025-09-20 20:02:51 - Running prompt generation...[0m
PROMPT GENERATION COMPLETE - Prompt #94
[0;32m2025-09-20 20:03:10 - Completed prompt #94[0m
[0;34m2025-09-20 20:03:15 - Generating prompt #95 (Section 6, Prompt 10/17)[0m
[1;33m2025-09-20 20:03:15 - Running prompt generation...[0m
PROMPT GENERATION COMPLETE - Prompt #95
[0;32m2025-09-20 20:03:37 - Completed prompt #95[0m
[0;34m2025-09-20 20:03:42 - Generating prompt #96 (Section 6, Prompt 11/17)[0m
[1;33m2025-09-20 20:03:43 - Running prompt generation...[0m
PROMPT GENERATION COMPLETE - Prompt #96
[0;32m2025-09-20 20:04:03 - Completed prompt #96[0m
[0;34m2025-09-20 20:04:08 - Generating prompt #97 (Section 6, Prompt 12/17)[0m
[1;33m2025-09-20 20:04:08 - Running prompt generation...[0m
PROMPT GENERATION COMPLETE - Prompt #97
[0;32m2025-09-20 20:04:29 - Completed prompt #97[0m
[0;34m2025-09-20 20:04:34 - Generating prompt #98 (Section 6, Prompt 13/17)[0m
[1;33m2025-09-20 20:04:34 - Running prompt generation...[0m
PROMPT GENERATION COMPLETE - Prompt #98
[0;32m2025-09-20 20:04:56 - Completed prompt #98[0m
[0;34m2025-09-20 20:05:01 - Generating prompt #99 (Section 6, Prompt 14/17)[0m
[1;33m2025-09-20 20:05:01 - Running prompt generation...[0m
PROMPT GENERATION COMPLETE - Prompt #99
[0;32m2025-09-20 20:05:18 - Completed prompt #99[0m
[0;34m2025-09-20 20:05:23 - Generating prompt #100 (Section 6, Prompt 15/17)[0m
[1;33m2025-09-20 20:05:23 - Running prompt generation...[0m
PROMPT GENERATION COMPLETE - Prompt #100
[0;32m2025-09-20 20:05:42 - Completed prompt #100[0m
[0;34m2025-09-20 20:05:47 - Generating prompt #101 (Section 6, Prompt 16/17)[0m
[1;33m2025-09-20 20:05:47 - Running prompt generation...[0m
PROMPT GENERATION COMPLETE - Prompt #101
[0;32m2025-09-20 20:06:08 - Completed prompt #101[0m
[0;34m2025-09-20 20:06:13 - Generating prompt #102 (Section 6, Prompt 17/17)[0m
[1;33m2025-09-20 20:06:13 - Running prompt generation...[0m
5-hour limit reached ∙ resets 12am
[0;32m2025-09-20 20:06:29 - Completed prompt #102[0m
[0;34m2025-09-21 00:03:25 - Starting Prompt Generation Cycle for template: consulting-business[0m
[0;32m2025-09-21 00:03:25 - Using existing worktree: ../templata-consulting-business[0m
[0;34m2025-09-21 00:07:44 - Starting Prompt Generation Cycle for template: consulting-business[0m
[0;32m2025-09-21 00:07:44 - Using existing worktree: ../templata-consulting-business[0m
