[0;34m2025-09-22 08:36:13 - Starting Prompt Generation Cycle for template: early-career-advancement[0m
[1;33m2025-09-22 08:36:13 - Override flag detected - resetting progress and recreating files[0m
[0;32m2025-09-22 08:36:13 - Progress reset to 0 for template: early-career-advancement[0m
[0;32m2025-09-22 08:36:13 - Using existing worktree: ../templata-early-career-advancement[0m
[1;33m2025-09-22 08:36:13 - Creating template prompt file: prompts-early-career-advancement.ts[0m
[0;32m2025-09-22 08:36:13 - Created template prompt file: ../templata-early-career-advancement/src/data/prompts-early-career-advancement.ts[0m
[0;34m2025-09-22 08:36:13 - Generating prompt #1 (Section 1, Prompt 1/17)[0m
[1;33m2025-09-22 08:36:13 - Running prompt generation...[0m
PROMPT GENERATION COMPLETE - Prompt #1
[0;32m2025-09-22 08:36:41 - Completed prompt #1[0m
[0;34m2025-09-22 08:36:46 - Generating prompt #2 (Section 1, Prompt 2/17)[0m
[1;33m2025-09-22 08:36:46 - Running prompt generation...[0m
PROMPT GENERATION COMPLETE - Prompt #2
[0;32m2025-09-22 08:37:16 - Completed prompt #2[0m
[0;34m2025-09-22 08:37:21 - Generating prompt #3 (Section 1, Prompt 3/17)[0m
[1;33m2025-09-22 08:37:21 - Running prompt generation...[0m
PROMPT GENERATION COMPLETE - Prompt #3
[0;32m2025-09-22 08:37:44 - Completed prompt #3[0m
[0;34m2025-09-22 08:37:49 - Generating prompt #4 (Section 1, Prompt 4/17)[0m
[1;33m2025-09-22 08:37:49 - Running prompt generation...[0m
PROMPT GENERATION COMPLETE - Prompt #4
[0;32m2025-09-22 08:38:13 - Completed prompt #4[0m
[0;34m2025-09-22 08:38:18 - Generating prompt #5 (Section 1, Prompt 5/17)[0m
[1;33m2025-09-22 08:38:18 - Running prompt generation...[0m
PROMPT GENERATION COMPLETE - Prompt #5
[0;32m2025-09-22 08:38:39 - Completed prompt #5[0m
[0;34m2025-09-22 08:38:44 - Generating prompt #6 (Section 1, Prompt 6/17)[0m
[1;33m2025-09-22 08:38:44 - Running prompt generation...[0m
PROMPT GENERATION COMPLETE - Prompt #6
[0;32m2025-09-22 08:39:07 - Completed prompt #6[0m
[0;34m2025-09-22 08:39:12 - Generating prompt #7 (Section 1, Prompt 7/17)[0m
[1;33m2025-09-22 08:39:12 - Running prompt generation...[0m
PROMPT GENERATION COMPLETE - Prompt #7
[0;34m2025-09-22 08:56:35 - Starting Prompt Generation Cycle for template: early-career-advancement[0m
[0;32m2025-09-22 08:56:35 - Using existing worktree: ../templata-early-career-advancement[0m
[0;34m2025-09-22 08:56:35 - Generating prompt #7 (Section 1, Prompt 7/17)[0m
[1;33m2025-09-22 08:56:35 - Running prompt generation...[0m
I can see that prompt #7 has already been created in the file. The prompt is "Create a comprehensive personal SWOT analysis (Strengths, Weaknesses, Opportunities, Threats) for your career" with category 'planning' and appropriate helpText explaining why this foundation-building exercise is important for early career advancement.

PROMPT GENERATION COMPLETE - Prompt #7
[0;32m2025-09-22 08:56:54 - Completed prompt #7[0m
[0;34m2025-09-22 08:56:59 - Generating prompt #8 (Section 1, Prompt 8/17)[0m
[1;33m2025-09-22 08:56:59 - Running prompt generation...[0m
PROMPT GENERATION COMPLETE - Prompt #8
[0;32m2025-09-22 08:57:21 - Completed prompt #8[0m
[0;34m2025-09-22 08:57:26 - Generating prompt #9 (Section 1, Prompt 9/17)[0m
[1;33m2025-09-22 08:57:26 - Running prompt generation...[0m
PROMPT GENERATION COMPLETE - Prompt #9
[0;32m2025-09-22 08:57:49 - Completed prompt #9[0m
[0;34m2025-09-22 08:57:54 - Generating prompt #10 (Section 1, Prompt 10/17)[0m
[1;33m2025-09-22 08:57:54 - Running prompt generation...[0m
PROMPT GENERATION COMPLETE - Prompt #10
[0;32m2025-09-22 08:58:16 - Completed prompt #10[0m
[0;34m2025-09-22 08:58:21 - Generating prompt #11 (Section 1, Prompt 11/17)[0m
[1;33m2025-09-22 08:58:21 - Running prompt generation...[0m
PROMPT GENERATION COMPLETE - Prompt #11
[0;32m2025-09-22 08:58:42 - Completed prompt #11[0m
[0;34m2025-09-22 08:58:47 - Generating prompt #12 (Section 1, Prompt 12/17)[0m
[1;33m2025-09-22 08:58:47 - Running prompt generation...[0m
PROMPT GENERATION COMPLETE - Prompt #12
[0;32m2025-09-22 08:59:09 - Completed prompt #12[0m
[0;34m2025-09-22 08:59:14 - Generating prompt #13 (Section 1, Prompt 13/17)[0m
[1;33m2025-09-22 08:59:14 - Running prompt generation...[0m
PROMPT GENERATION COMPLETE - Prompt #13
