[0;34m2025-09-21 23:05:45 - Starting Prompt Generation Cycle for template: geographic-relocation[0m
[1;33m2025-09-21 23:05:45 - Override flag detected - resetting progress and recreating files[0m
[0;32m2025-09-21 23:05:45 - Progress reset to 0 for template: geographic-relocation[0m
[0;32m2025-09-21 23:05:45 - Using existing worktree: ../templata-geographic-relocation[0m
[1;33m2025-09-21 23:05:45 - Creating template prompt file: prompts-geographic-relocation.ts[0m
[0;32m2025-09-21 23:05:45 - Created template prompt file: ../templata-geographic-relocation/src/data/prompts-geographic-relocation.ts[0m
[0;34m2025-09-21 23:05:46 - Generating prompt #1 (Section 1, Prompt 1/17)[0m
[1;33m2025-09-21 23:05:46 - Running prompt generation...[0m
PROMPT GENERATION COMPLETE - Prompt #1
[0;32m2025-09-21 23:06:07 - Completed prompt #1[0m
[0;34m2025-09-21 23:06:12 - Generating prompt #2 (Section 1, Prompt 2/17)[0m
[1;33m2025-09-21 23:06:12 - Running prompt generation...[0m
PROMPT GENERATION COMPLETE - Prompt #2
[0;32m2025-09-21 23:06:35 - Completed prompt #2[0m
[0;34m2025-09-21 23:06:40 - Generating prompt #3 (Section 1, Prompt 3/17)[0m
[1;33m2025-09-21 23:06:40 - Running prompt generation...[0m
PROMPT GENERATION COMPLETE - Prompt #3
[0;32m2025-09-21 23:07:02 - Completed prompt #3[0m
[0;34m2025-09-21 23:07:07 - Generating prompt #4 (Section 1, Prompt 4/17)[0m
[1;33m2025-09-21 23:07:07 - Running prompt generation...[0m
PROMPT GENERATION COMPLETE - Prompt #4
[0;32m2025-09-21 23:07:30 - Completed prompt #4[0m
[0;34m2025-09-21 23:07:35 - Generating prompt #5 (Section 1, Prompt 5/17)[0m
[1;33m2025-09-21 23:07:35 - Running prompt generation...[0m
PROMPT GENERATION COMPLETE - Prompt #5
[0;32m2025-09-21 23:07:56 - Completed prompt #5[0m
[0;34m2025-09-21 23:08:01 - Generating prompt #6 (Section 1, Prompt 6/17)[0m
[1;33m2025-09-21 23:08:01 - Running prompt generation...[0m
PROMPT GENERATION COMPLETE - Prompt #6
[0;32m2025-09-21 23:08:24 - Completed prompt #6[0m
[0;34m2025-09-21 23:08:29 - Generating prompt #7 (Section 1, Prompt 7/17)[0m
[1;33m2025-09-21 23:08:29 - Running prompt generation...[0m
PROMPT GENERATION COMPLETE - Prompt #7
[0;32m2025-09-21 23:08:52 - Completed prompt #7[0m
[0;34m2025-09-21 23:08:57 - Generating prompt #8 (Section 1, Prompt 8/17)[0m
[1;33m2025-09-21 23:08:57 - Running prompt generation...[0m
PROMPT GENERATION COMPLETE - Prompt #8
[0;32m2025-09-21 23:09:19 - Completed prompt #8[0m
[0;34m2025-09-21 23:09:24 - Generating prompt #9 (Section 1, Prompt 9/17)[0m
[1;33m2025-09-21 23:09:24 - Running prompt generation...[0m
PROMPT GENERATION COMPLETE - Prompt #9
[0;32m2025-09-21 23:09:47 - Completed prompt #9[0m
[0;34m2025-09-21 23:09:52 - Generating prompt #10 (Section 1, Prompt 10/17)[0m
[1;33m2025-09-21 23:09:52 - Running prompt generation...[0m
PROMPT GENERATION COMPLETE - Prompt #10
[0;32m2025-09-21 23:10:14 - Completed prompt #10[0m
[0;34m2025-09-21 23:10:19 - Generating prompt #11 (Section 1, Prompt 11/17)[0m
[1;33m2025-09-21 23:10:19 - Running prompt generation...[0m
PROMPT GENERATION COMPLETE - Prompt #11
[0;32m2025-09-21 23:10:42 - Completed prompt #11[0m
[0;34m2025-09-21 23:10:47 - Generating prompt #12 (Section 1, Prompt 12/17)[0m
[1;33m2025-09-21 23:10:47 - Running prompt generation...[0m
PROMPT GENERATION COMPLETE - Prompt #12
[0;32m2025-09-21 23:11:09 - Completed prompt #12[0m
[0;34m2025-09-21 23:11:14 - Generating prompt #13 (Section 1, Prompt 13/17)[0m
[1;33m2025-09-21 23:11:14 - Running prompt generation...[0m
PROMPT GENERATION COMPLETE - Prompt #13
[0;32m2025-09-21 23:11:35 - Completed prompt #13[0m
[0;34m2025-09-21 23:11:40 - Generating prompt #14 (Section 1, Prompt 14/17)[0m
[1;33m2025-09-21 23:11:40 - Running prompt generation...[0m
PROMPT GENERATION COMPLETE - Prompt #14
[0;32m2025-09-21 23:12:01 - Completed prompt #14[0m
[0;34m2025-09-21 23:12:06 - Generating prompt #15 (Section 1, Prompt 15/17)[0m
[1;33m2025-09-21 23:12:06 - Running prompt generation...[0m
PROMPT GENERATION COMPLETE - Prompt #15
[0;32m2025-09-21 23:12:28 - Completed prompt #15[0m
[0;34m2025-09-21 23:12:33 - Generating prompt #16 (Section 1, Prompt 16/17)[0m
[1;33m2025-09-21 23:12:33 - Running prompt generation...[0m
PROMPT GENERATION COMPLETE - Prompt #16
[0;32m2025-09-21 23:12:57 - Completed prompt #16[0m
[0;34m2025-09-21 23:13:02 - Generating prompt #17 (Section 1, Prompt 17/17)[0m
[1;33m2025-09-21 23:13:02 - Running prompt generation...[0m
PROMPT GENERATION COMPLETE - Prompt #17
[0;32m2025-09-21 23:13:24 - Completed prompt #17[0m
[0;34m2025-09-21 23:13:29 - Generating prompt #18 (Section 2, Prompt 1/17)[0m
[1;33m2025-09-21 23:13:29 - Running prompt generation...[0m
PROMPT GENERATION COMPLETE - Prompt #18
[0;32m2025-09-21 23:13:51 - Completed prompt #18[0m
[0;34m2025-09-21 23:13:56 - Generating prompt #19 (Section 2, Prompt 2/17)[0m
[1;33m2025-09-21 23:13:56 - Running prompt generation...[0m
PROMPT GENERATION COMPLETE - Prompt #19
[0;32m2025-09-21 23:14:18 - Completed prompt #19[0m
[0;34m2025-09-21 23:14:23 - Generating prompt #20 (Section 2, Prompt 3/17)[0m
[1;33m2025-09-21 23:14:23 - Running prompt generation...[0m
PROMPT GENERATION COMPLETE - Prompt #20
[0;32m2025-09-21 23:14:44 - Completed prompt #20[0m
[0;34m2025-09-21 23:14:49 - Generating prompt #21 (Section 2, Prompt 4/17)[0m
[1;33m2025-09-21 23:14:49 - Running prompt generation...[0m
PROMPT GENERATION COMPLETE - Prompt #21
[0;32m2025-09-21 23:15:11 - Completed prompt #21[0m
[0;34m2025-09-21 23:15:16 - Generating prompt #22 (Section 2, Prompt 5/17)[0m
[1;33m2025-09-21 23:15:16 - Running prompt generation...[0m
PROMPT GENERATION COMPLETE - Prompt #22
[0;32m2025-09-21 23:15:38 - Completed prompt #22[0m
[0;34m2025-09-21 23:15:43 - Generating prompt #23 (Section 2, Prompt 6/17)[0m
[1;33m2025-09-21 23:15:43 - Running prompt generation...[0m
PROMPT GENERATION COMPLETE - Prompt #23
[0;32m2025-09-21 23:16:06 - Completed prompt #23[0m
[0;34m2025-09-21 23:16:11 - Generating prompt #24 (Section 2, Prompt 7/17)[0m
[1;33m2025-09-21 23:16:11 - Running prompt generation...[0m
PROMPT GENERATION COMPLETE - Prompt #24
[0;32m2025-09-21 23:16:32 - Completed prompt #24[0m
[0;34m2025-09-21 23:16:37 - Generating prompt #25 (Section 2, Prompt 8/17)[0m
[1;33m2025-09-21 23:16:37 - Running prompt generation...[0m
PROMPT GENERATION COMPLETE - Prompt #25
[0;32m2025-09-21 23:17:00 - Completed prompt #25[0m
[0;34m2025-09-21 23:17:05 - Generating prompt #26 (Section 2, Prompt 9/17)[0m
[1;33m2025-09-21 23:17:05 - Running prompt generation...[0m
PROMPT GENERATION COMPLETE - Prompt #26
[0;32m2025-09-21 23:17:27 - Completed prompt #26[0m
[0;34m2025-09-21 23:17:32 - Generating prompt #27 (Section 2, Prompt 10/17)[0m
[1;33m2025-09-21 23:17:32 - Running prompt generation...[0m
PROMPT GENERATION COMPLETE - Prompt #27
[0;32m2025-09-21 23:17:54 - Completed prompt #27[0m
[0;34m2025-09-21 23:17:59 - Generating prompt #28 (Section 2, Prompt 11/17)[0m
[1;33m2025-09-21 23:17:59 - Running prompt generation...[0m
PROMPT GENERATION COMPLETE - Prompt #28
[0;32m2025-09-21 23:18:20 - Completed prompt #28[0m
[0;34m2025-09-21 23:18:25 - Generating prompt #29 (Section 2, Prompt 12/17)[0m
[1;33m2025-09-21 23:18:25 - Running prompt generation...[0m
PROMPT GENERATION COMPLETE - Prompt #29
[0;32m2025-09-21 23:18:47 - Completed prompt #29[0m
[0;34m2025-09-21 23:18:52 - Generating prompt #30 (Section 2, Prompt 13/17)[0m
[1;33m2025-09-21 23:18:52 - Running prompt generation...[0m
PROMPT GENERATION COMPLETE - Prompt #30
[0;32m2025-09-21 23:19:14 - Completed prompt #30[0m
[0;34m2025-09-21 23:19:19 - Generating prompt #31 (Section 2, Prompt 14/17)[0m
[1;33m2025-09-21 23:19:19 - Running prompt generation...[0m
PROMPT GENERATION COMPLETE - Prompt #31
[0;32m2025-09-21 23:19:45 - Completed prompt #31[0m
[0;34m2025-09-21 23:19:50 - Generating prompt #32 (Section 2, Prompt 15/17)[0m
[1;33m2025-09-21 23:19:50 - Running prompt generation...[0m
PROMPT GENERATION COMPLETE - Prompt #32
[0;32m2025-09-21 23:20:13 - Completed prompt #32[0m
[0;34m2025-09-21 23:20:18 - Generating prompt #33 (Section 2, Prompt 16/17)[0m
[1;33m2025-09-21 23:20:18 - Running prompt generation...[0m
PROMPT GENERATION COMPLETE - Prompt #33
[0;32m2025-09-21 23:20:39 - Completed prompt #33[0m
[0;34m2025-09-21 23:20:44 - Generating prompt #34 (Section 2, Prompt 17/17)[0m
[1;33m2025-09-21 23:20:44 - Running prompt generation...[0m
PROMPT GENERATION COMPLETE - Prompt #34
[0;32m2025-09-21 23:21:06 - Completed prompt #34[0m
[0;34m2025-09-21 23:21:11 - Generating prompt #35 (Section 3, Prompt 1/17)[0m
[1;33m2025-09-21 23:21:11 - Running prompt generation...[0m
PROMPT GENERATION COMPLETE - Prompt #35
[0;32m2025-09-21 23:21:33 - Completed prompt #35[0m
[0;34m2025-09-21 23:21:38 - Generating prompt #36 (Section 3, Prompt 2/17)[0m
[1;33m2025-09-21 23:21:38 - Running prompt generation...[0m
PROMPT GENERATION COMPLETE - Prompt #36
[0;32m2025-09-21 23:21:59 - Completed prompt #36[0m
[0;34m2025-09-21 23:22:04 - Generating prompt #37 (Section 3, Prompt 3/17)[0m
[1;33m2025-09-21 23:22:04 - Running prompt generation...[0m
PROMPT GENERATION COMPLETE - Prompt #37
[0;32m2025-09-21 23:22:27 - Completed prompt #37[0m
[0;34m2025-09-21 23:22:32 - Generating prompt #38 (Section 3, Prompt 4/17)[0m
[1;33m2025-09-21 23:22:32 - Running prompt generation...[0m
PROMPT GENERATION COMPLETE - Prompt #38
[0;32m2025-09-21 23:22:53 - Completed prompt #38[0m
[0;34m2025-09-21 23:22:58 - Generating prompt #39 (Section 3, Prompt 5/17)[0m
[1;33m2025-09-21 23:22:59 - Running prompt generation...[0m
PROMPT GENERATION COMPLETE - Prompt #39
[0;32m2025-09-21 23:23:23 - Completed prompt #39[0m
[0;34m2025-09-21 23:23:28 - Generating prompt #40 (Section 3, Prompt 6/17)[0m
[1;33m2025-09-21 23:23:28 - Running prompt generation...[0m
PROMPT GENERATION COMPLETE - Prompt #40
[0;32m2025-09-21 23:23:49 - Completed prompt #40[0m
[0;34m2025-09-21 23:23:54 - Generating prompt #41 (Section 3, Prompt 7/17)[0m
[1;33m2025-09-21 23:23:54 - Running prompt generation...[0m
PROMPT GENERATION COMPLETE - Prompt #41
[0;32m2025-09-21 23:24:17 - Completed prompt #41[0m
[0;34m2025-09-21 23:24:22 - Generating prompt #42 (Section 3, Prompt 8/17)[0m
[1;33m2025-09-21 23:24:22 - Running prompt generation...[0m
PROMPT GENERATION COMPLETE - Prompt #42
[0;32m2025-09-21 23:24:44 - Completed prompt #42[0m
[0;34m2025-09-21 23:24:49 - Generating prompt #43 (Section 3, Prompt 9/17)[0m
[1;33m2025-09-21 23:24:49 - Running prompt generation...[0m
PROMPT GENERATION COMPLETE - Prompt #43
[0;32m2025-09-21 23:25:12 - Completed prompt #43[0m
[0;34m2025-09-21 23:25:17 - Generating prompt #44 (Section 3, Prompt 10/17)[0m
[1;33m2025-09-21 23:25:17 - Running prompt generation...[0m
PROMPT GENERATION COMPLETE - Prompt #44
[0;32m2025-09-21 23:25:40 - Completed prompt #44[0m
[0;34m2025-09-21 23:25:45 - Generating prompt #45 (Section 3, Prompt 11/17)[0m
[1;33m2025-09-21 23:25:45 - Running prompt generation...[0m
PROMPT GENERATION COMPLETE - Prompt #45
[0;32m2025-09-21 23:26:08 - Completed prompt #45[0m
[0;34m2025-09-21 23:26:13 - Generating prompt #46 (Section 3, Prompt 12/17)[0m
[1;33m2025-09-21 23:26:13 - Running prompt generation...[0m
PROMPT GENERATION COMPLETE - Prompt #46
[0;32m2025-09-21 23:26:37 - Completed prompt #46[0m
[0;34m2025-09-21 23:26:42 - Generating prompt #47 (Section 3, Prompt 13/17)[0m
[1;33m2025-09-21 23:26:42 - Running prompt generation...[0m
PROMPT GENERATION COMPLETE - Prompt #47
[0;32m2025-09-21 23:27:04 - Completed prompt #47[0m
[0;34m2025-09-21 23:27:09 - Generating prompt #48 (Section 3, Prompt 14/17)[0m
[1;33m2025-09-21 23:27:09 - Running prompt generation...[0m
PROMPT GENERATION COMPLETE - Prompt #48
[0;32m2025-09-21 23:27:31 - Completed prompt #48[0m
[0;34m2025-09-21 23:27:36 - Generating prompt #49 (Section 3, Prompt 15/17)[0m
[1;33m2025-09-21 23:27:36 - Running prompt generation...[0m
PROMPT GENERATION COMPLETE - Prompt #49
[0;32m2025-09-21 23:27:57 - Completed prompt #49[0m
[0;34m2025-09-21 23:28:02 - Generating prompt #50 (Section 3, Prompt 16/17)[0m
[1;33m2025-09-21 23:28:02 - Running prompt generation...[0m
PROMPT GENERATION COMPLETE - Prompt #50
[0;32m2025-09-21 23:28:24 - Completed prompt #50[0m
[0;34m2025-09-21 23:28:29 - Generating prompt #51 (Section 3, Prompt 17/17)[0m
[1;33m2025-09-21 23:28:30 - Running prompt generation...[0m
PROMPT GENERATION COMPLETE - Prompt #51
[0;32m2025-09-21 23:28:51 - Completed prompt #51[0m
[0;34m2025-09-21 23:28:56 - Generating prompt #52 (Section 4, Prompt 1/17)[0m
[1;33m2025-09-21 23:28:56 - Running prompt generation...[0m
PROMPT GENERATION COMPLETE - Prompt #52
[0;32m2025-09-21 23:29:19 - Completed prompt #52[0m
[0;34m2025-09-21 23:29:24 - Generating prompt #53 (Section 4, Prompt 2/17)[0m
[1;33m2025-09-21 23:29:24 - Running prompt generation...[0m
PROMPT GENERATION COMPLETE - Prompt #53
[0;32m2025-09-21 23:29:47 - Completed prompt #53[0m
[0;34m2025-09-21 23:29:52 - Generating prompt #54 (Section 4, Prompt 3/17)[0m
[1;33m2025-09-21 23:29:52 - Running prompt generation...[0m
PROMPT GENERATION COMPLETE - Prompt #54
[0;32m2025-09-21 23:30:15 - Completed prompt #54[0m
[0;34m2025-09-21 23:30:20 - Generating prompt #55 (Section 4, Prompt 4/17)[0m
[1;33m2025-09-21 23:30:20 - Running prompt generation...[0m
PROMPT GENERATION COMPLETE - Prompt #55
[0;32m2025-09-21 23:30:42 - Completed prompt #55[0m
[0;34m2025-09-21 23:30:47 - Generating prompt #56 (Section 4, Prompt 5/17)[0m
[1;33m2025-09-21 23:30:47 - Running prompt generation...[0m
PROMPT GENERATION COMPLETE - Prompt #56
[0;32m2025-09-21 23:31:09 - Completed prompt #56[0m
[0;34m2025-09-21 23:31:14 - Generating prompt #57 (Section 4, Prompt 6/17)[0m
[1;33m2025-09-21 23:31:14 - Running prompt generation...[0m
PROMPT GENERATION COMPLETE - Prompt #57
[0;32m2025-09-21 23:31:36 - Completed prompt #57[0m
[0;34m2025-09-21 23:31:41 - Generating prompt #58 (Section 4, Prompt 7/17)[0m
[1;33m2025-09-21 23:31:41 - Running prompt generation...[0m
PROMPT GENERATION COMPLETE - Prompt #58
[0;32m2025-09-21 23:32:04 - Completed prompt #58[0m
[0;34m2025-09-21 23:32:09 - Generating prompt #59 (Section 4, Prompt 8/17)[0m
[1;33m2025-09-21 23:32:09 - Running prompt generation...[0m
PROMPT GENERATION COMPLETE - Prompt #59
[0;32m2025-09-21 23:32:30 - Completed prompt #59[0m
[0;34m2025-09-21 23:32:35 - Generating prompt #60 (Section 4, Prompt 9/17)[0m
[1;33m2025-09-21 23:32:35 - Running prompt generation...[0m
PROMPT GENERATION COMPLETE - Prompt #60
[0;32m2025-09-21 23:32:57 - Completed prompt #60[0m
[0;34m2025-09-21 23:33:03 - Generating prompt #61 (Section 4, Prompt 10/17)[0m
[1;33m2025-09-21 23:33:03 - Running prompt generation...[0m
PROMPT GENERATION COMPLETE - Prompt #61
[0;32m2025-09-21 23:33:26 - Completed prompt #61[0m
[0;34m2025-09-21 23:33:31 - Generating prompt #62 (Section 4, Prompt 11/17)[0m
[1;33m2025-09-21 23:33:31 - Running prompt generation...[0m
PROMPT GENERATION COMPLETE - Prompt #62
[0;32m2025-09-21 23:33:57 - Completed prompt #62[0m
[0;34m2025-09-21 23:34:02 - Generating prompt #63 (Section 4, Prompt 12/17)[0m
[1;33m2025-09-21 23:34:02 - Running prompt generation...[0m
PROMPT GENERATION COMPLETE - Prompt #63
[0;32m2025-09-21 23:34:25 - Completed prompt #63[0m
[0;34m2025-09-21 23:34:30 - Generating prompt #64 (Section 4, Prompt 13/17)[0m
[1;33m2025-09-21 23:34:30 - Running prompt generation...[0m
PROMPT GENERATION COMPLETE - Prompt #64
[0;32m2025-09-21 23:34:54 - Completed prompt #64[0m
[0;34m2025-09-21 23:34:59 - Generating prompt #65 (Section 4, Prompt 14/17)[0m
[1;33m2025-09-21 23:34:59 - Running prompt generation...[0m
PROMPT GENERATION COMPLETE - Prompt #65
[0;32m2025-09-21 23:35:21 - Completed prompt #65[0m
[0;34m2025-09-21 23:35:26 - Generating prompt #66 (Section 4, Prompt 15/17)[0m
[1;33m2025-09-21 23:35:26 - Running prompt generation...[0m
5-hour limit reached ∙ resets 12am
[0;32m2025-09-21 23:35:33 - Completed prompt #66[0m
[0;34m2025-09-21 23:35:38 - Generating prompt #67 (Section 4, Prompt 16/17)[0m
[1;33m2025-09-21 23:35:38 - Running prompt generation...[0m
5-hour limit reached ∙ resets 12am
[0;32m2025-09-21 23:35:46 - Completed prompt #67[0m
[0;34m2025-09-21 23:35:51 - Generating prompt #68 (Section 4, Prompt 17/17)[0m
[1;33m2025-09-21 23:35:51 - Running prompt generation...[0m
5-hour limit reached ∙ resets 12am
[0;32m2025-09-21 23:35:58 - Completed prompt #68[0m
[0;34m2025-09-21 23:36:03 - Generating prompt #69 (Section 5, Prompt 1/17)[0m
[1;33m2025-09-21 23:36:03 - Running prompt generation...[0m
5-hour limit reached ∙ resets 12am
[0;32m2025-09-21 23:36:10 - Completed prompt #69[0m
[0;34m2025-09-21 23:36:15 - Generating prompt #70 (Section 5, Prompt 2/17)[0m
[1;33m2025-09-21 23:36:15 - Running prompt generation...[0m
5-hour limit reached ∙ resets 12am
[0;32m2025-09-21 23:36:22 - Completed prompt #70[0m
[0;34m2025-09-21 23:36:27 - Generating prompt #71 (Section 5, Prompt 3/17)[0m
[1;33m2025-09-21 23:36:27 - Running prompt generation...[0m
5-hour limit reached ∙ resets 12am
[0;32m2025-09-21 23:36:35 - Completed prompt #71[0m
[0;34m2025-09-21 23:36:40 - Generating prompt #72 (Section 5, Prompt 4/17)[0m
[1;33m2025-09-21 23:36:40 - Running prompt generation...[0m
5-hour limit reached ∙ resets 12am
[0;32m2025-09-21 23:36:47 - Completed prompt #72[0m
[0;34m2025-09-21 23:36:52 - Generating prompt #73 (Section 5, Prompt 5/17)[0m
[1;33m2025-09-21 23:36:52 - Running prompt generation...[0m
5-hour limit reached ∙ resets 12am
[0;32m2025-09-21 23:37:00 - Completed prompt #73[0m
[0;34m2025-09-21 23:37:05 - Generating prompt #74 (Section 5, Prompt 6/17)[0m
[1;33m2025-09-21 23:37:05 - Running prompt generation...[0m
5-hour limit reached ∙ resets 12am
[0;32m2025-09-21 23:37:12 - Completed prompt #74[0m
[0;34m2025-09-21 23:37:17 - Generating prompt #75 (Section 5, Prompt 7/17)[0m
[1;33m2025-09-21 23:37:17 - Running prompt generation...[0m
5-hour limit reached ∙ resets 12am
[0;32m2025-09-21 23:37:25 - Completed prompt #75[0m
[0;34m2025-09-21 23:37:30 - Generating prompt #76 (Section 5, Prompt 8/17)[0m
[1;33m2025-09-21 23:37:30 - Running prompt generation...[0m
5-hour limit reached ∙ resets 12am
[0;32m2025-09-21 23:37:37 - Completed prompt #76[0m
[0;34m2025-09-21 23:37:42 - Generating prompt #77 (Section 5, Prompt 9/17)[0m
[1;33m2025-09-21 23:37:42 - Running prompt generation...[0m
5-hour limit reached ∙ resets 12am
[0;32m2025-09-21 23:37:49 - Completed prompt #77[0m
[0;34m2025-09-21 23:37:54 - Generating prompt #78 (Section 5, Prompt 10/17)[0m
[1;33m2025-09-21 23:37:54 - Running prompt generation...[0m
5-hour limit reached ∙ resets 12am
[0;32m2025-09-21 23:38:02 - Completed prompt #78[0m
[0;34m2025-09-21 23:38:07 - Generating prompt #79 (Section 5, Prompt 11/17)[0m
[1;33m2025-09-21 23:38:07 - Running prompt generation...[0m
5-hour limit reached ∙ resets 12am
[0;32m2025-09-21 23:38:14 - Completed prompt #79[0m
[0;34m2025-09-21 23:38:19 - Generating prompt #80 (Section 5, Prompt 12/17)[0m
[1;33m2025-09-21 23:38:19 - Running prompt generation...[0m
5-hour limit reached ∙ resets 12am
[0;32m2025-09-21 23:38:26 - Completed prompt #80[0m
[0;34m2025-09-21 23:38:31 - Generating prompt #81 (Section 5, Prompt 13/17)[0m
[1;33m2025-09-21 23:38:31 - Running prompt generation...[0m
5-hour limit reached ∙ resets 12am
[0;32m2025-09-21 23:38:39 - Completed prompt #81[0m
[0;34m2025-09-21 23:38:44 - Generating prompt #82 (Section 5, Prompt 14/17)[0m
[1;33m2025-09-21 23:38:44 - Running prompt generation...[0m
5-hour limit reached ∙ resets 12am
[0;32m2025-09-21 23:38:51 - Completed prompt #82[0m
[0;34m2025-09-21 23:38:56 - Generating prompt #83 (Section 5, Prompt 15/17)[0m
[1;33m2025-09-21 23:38:56 - Running prompt generation...[0m
5-hour limit reached ∙ resets 12am
[0;32m2025-09-21 23:39:04 - Completed prompt #83[0m
[0;34m2025-09-21 23:39:09 - Generating prompt #84 (Section 5, Prompt 16/17)[0m
[1;33m2025-09-21 23:39:09 - Running prompt generation...[0m
5-hour limit reached ∙ resets 12am
[0;32m2025-09-21 23:39:16 - Completed prompt #84[0m
[0;34m2025-09-21 23:39:21 - Generating prompt #85 (Section 5, Prompt 17/17)[0m
[1;33m2025-09-21 23:39:21 - Running prompt generation...[0m
5-hour limit reached ∙ resets 12am
[0;32m2025-09-21 23:39:29 - Completed prompt #85[0m
[0;34m2025-09-21 23:39:34 - Generating prompt #86 (Section 6, Prompt 1/17)[0m
[1;33m2025-09-21 23:39:34 - Running prompt generation...[0m
5-hour limit reached ∙ resets 12am
[0;32m2025-09-21 23:39:41 - Completed prompt #86[0m
[0;34m2025-09-21 23:39:46 - Generating prompt #87 (Section 6, Prompt 2/17)[0m
[1;33m2025-09-21 23:39:46 - Running prompt generation...[0m
5-hour limit reached ∙ resets 12am
[0;32m2025-09-21 23:39:53 - Completed prompt #87[0m
[0;34m2025-09-21 23:39:58 - Generating prompt #88 (Section 6, Prompt 3/17)[0m
[1;33m2025-09-21 23:39:58 - Running prompt generation...[0m
5-hour limit reached ∙ resets 12am
[0;32m2025-09-21 23:40:06 - Completed prompt #88[0m
[0;34m2025-09-21 23:40:11 - Generating prompt #89 (Section 6, Prompt 4/17)[0m
[1;33m2025-09-21 23:40:11 - Running prompt generation...[0m
5-hour limit reached ∙ resets 12am
[0;32m2025-09-21 23:40:19 - Completed prompt #89[0m
[0;34m2025-09-21 23:40:24 - Generating prompt #90 (Section 6, Prompt 5/17)[0m
[1;33m2025-09-21 23:40:24 - Running prompt generation...[0m
5-hour limit reached ∙ resets 12am
[0;32m2025-09-21 23:40:31 - Completed prompt #90[0m
[0;34m2025-09-21 23:40:36 - Generating prompt #91 (Section 6, Prompt 6/17)[0m
[1;33m2025-09-21 23:40:36 - Running prompt generation...[0m
5-hour limit reached ∙ resets 12am
[0;32m2025-09-21 23:40:44 - Completed prompt #91[0m
[0;34m2025-09-21 23:40:49 - Generating prompt #92 (Section 6, Prompt 7/17)[0m
[1;33m2025-09-21 23:40:49 - Running prompt generation...[0m
5-hour limit reached ∙ resets 12am
[0;32m2025-09-21 23:40:57 - Completed prompt #92[0m
[0;34m2025-09-21 23:41:02 - Generating prompt #93 (Section 6, Prompt 8/17)[0m
[1;33m2025-09-21 23:41:02 - Running prompt generation...[0m
5-hour limit reached ∙ resets 12am
[0;32m2025-09-21 23:41:09 - Completed prompt #93[0m
[0;34m2025-09-21 23:41:14 - Generating prompt #94 (Section 6, Prompt 9/17)[0m
[1;33m2025-09-21 23:41:14 - Running prompt generation...[0m
5-hour limit reached ∙ resets 12am
[0;32m2025-09-21 23:41:22 - Completed prompt #94[0m
[0;34m2025-09-21 23:41:27 - Generating prompt #95 (Section 6, Prompt 10/17)[0m
[1;33m2025-09-21 23:41:27 - Running prompt generation...[0m
5-hour limit reached ∙ resets 12am
[0;32m2025-09-21 23:41:34 - Completed prompt #95[0m
[0;34m2025-09-21 23:41:39 - Generating prompt #96 (Section 6, Prompt 11/17)[0m
[1;33m2025-09-21 23:41:39 - Running prompt generation...[0m
5-hour limit reached ∙ resets 12am
[0;32m2025-09-21 23:41:47 - Completed prompt #96[0m
[0;34m2025-09-21 23:41:52 - Generating prompt #97 (Section 6, Prompt 12/17)[0m
[1;33m2025-09-21 23:41:52 - Running prompt generation...[0m
5-hour limit reached ∙ resets 12am
[0;32m2025-09-21 23:41:59 - Completed prompt #97[0m
[0;34m2025-09-21 23:42:04 - Generating prompt #98 (Section 6, Prompt 13/17)[0m
[1;33m2025-09-21 23:42:04 - Running prompt generation...[0m
5-hour limit reached ∙ resets 12am
[0;32m2025-09-21 23:42:11 - Completed prompt #98[0m
[0;34m2025-09-21 23:42:16 - Generating prompt #99 (Section 6, Prompt 14/17)[0m
[1;33m2025-09-21 23:42:16 - Running prompt generation...[0m
5-hour limit reached ∙ resets 12am
[0;32m2025-09-21 23:42:24 - Completed prompt #99[0m
[0;34m2025-09-21 23:42:29 - Generating prompt #100 (Section 6, Prompt 15/17)[0m
[1;33m2025-09-21 23:42:29 - Running prompt generation...[0m
5-hour limit reached ∙ resets 12am
[0;32m2025-09-21 23:42:37 - Completed prompt #100[0m
[0;34m2025-09-21 23:42:42 - Generating prompt #101 (Section 6, Prompt 16/17)[0m
[1;33m2025-09-21 23:42:42 - Running prompt generation...[0m
5-hour limit reached ∙ resets 12am
[0;32m2025-09-21 23:42:49 - Completed prompt #101[0m
[0;34m2025-09-21 23:42:54 - Generating prompt #102 (Section 6, Prompt 17/17)[0m
[1;33m2025-09-21 23:42:54 - Running prompt generation...[0m
5-hour limit reached ∙ resets 12am
[0;32m2025-09-21 23:43:01 - Completed prompt #102[0m
[0;34m2025-09-22 00:06:19 - Starting Prompt Generation Cycle for template: geographic-relocation[0m
[0;32m2025-09-22 00:06:19 - Using existing worktree: ../templata-geographic-relocation[0m
[0;34m2025-09-22 00:06:19 - Generating prompt #66 (Section 4, Prompt 15/17)[0m
[1;33m2025-09-22 00:06:19 - Running prompt generation...[0m
PROMPT GENERATION COMPLETE - Prompt #66
[0;32m2025-09-22 00:06:46 - Completed prompt #66[0m
[0;34m2025-09-22 00:06:51 - Generating prompt #67 (Section 4, Prompt 16/17)[0m
[1;33m2025-09-22 00:06:51 - Running prompt generation...[0m
PROMPT GENERATION COMPLETE - Prompt #67
[0;32m2025-09-22 00:07:15 - Completed prompt #67[0m
[0;34m2025-09-22 00:07:20 - Generating prompt #68 (Section 4, Prompt 17/17)[0m
[1;33m2025-09-22 00:07:20 - Running prompt generation...[0m
PROMPT GENERATION COMPLETE - Prompt #68
[0;32m2025-09-22 00:07:42 - Completed prompt #68[0m
[0;34m2025-09-22 00:07:47 - Generating prompt #69 (Section 5, Prompt 1/17)[0m
[1;33m2025-09-22 00:07:47 - Running prompt generation...[0m
PROMPT GENERATION COMPLETE - Prompt #69
[0;32m2025-09-22 00:08:15 - Completed prompt #69[0m
[0;34m2025-09-22 00:08:20 - Generating prompt #70 (Section 5, Prompt 2/17)[0m
[1;33m2025-09-22 00:08:20 - Running prompt generation...[0m
PROMPT GENERATION COMPLETE - Prompt #70
[0;32m2025-09-22 00:08:50 - Completed prompt #70[0m
[0;34m2025-09-22 00:08:55 - Generating prompt #71 (Section 5, Prompt 3/17)[0m
[1;33m2025-09-22 00:08:55 - Running prompt generation...[0m
PROMPT GENERATION COMPLETE - Prompt #71
[0;32m2025-09-22 00:09:23 - Completed prompt #71[0m
[0;34m2025-09-22 00:09:28 - Generating prompt #72 (Section 5, Prompt 4/17)[0m
[1;33m2025-09-22 00:09:28 - Running prompt generation...[0m
PROMPT GENERATION COMPLETE - Prompt #72
[0;32m2025-09-22 00:09:55 - Completed prompt #72[0m
[0;34m2025-09-22 00:10:00 - Generating prompt #73 (Section 5, Prompt 5/17)[0m
[1;33m2025-09-22 00:10:00 - Running prompt generation...[0m
PROMPT GENERATION COMPLETE - Prompt #73
[0;32m2025-09-22 00:10:26 - Completed prompt #73[0m
[0;34m2025-09-22 00:10:31 - Generating prompt #74 (Section 5, Prompt 6/17)[0m
[1;33m2025-09-22 00:10:31 - Running prompt generation...[0m
PROMPT GENERATION COMPLETE - Prompt #74
[0;32m2025-09-22 00:10:55 - Completed prompt #74[0m
[0;34m2025-09-22 00:11:00 - Generating prompt #75 (Section 5, Prompt 7/17)[0m
[1;33m2025-09-22 00:11:00 - Running prompt generation...[0m
PROMPT GENERATION COMPLETE - Prompt #75
[0;32m2025-09-22 00:11:23 - Completed prompt #75[0m
[0;34m2025-09-22 00:11:28 - Generating prompt #76 (Section 5, Prompt 8/17)[0m
[1;33m2025-09-22 00:11:28 - Running prompt generation...[0m
PROMPT GENERATION COMPLETE - Prompt #76
[0;32m2025-09-22 00:11:54 - Completed prompt #76[0m
[0;34m2025-09-22 00:11:59 - Generating prompt #77 (Section 5, Prompt 9/17)[0m
[1;33m2025-09-22 00:11:59 - Running prompt generation...[0m
PROMPT GENERATION COMPLETE - Prompt #77
[0;32m2025-09-22 00:12:23 - Completed prompt #77[0m
[0;34m2025-09-22 00:12:28 - Generating prompt #78 (Section 5, Prompt 10/17)[0m
[1;33m2025-09-22 00:12:28 - Running prompt generation...[0m
PROMPT GENERATION COMPLETE - Prompt #78
[0;32m2025-09-22 00:12:52 - Completed prompt #78[0m
[0;34m2025-09-22 00:12:57 - Generating prompt #79 (Section 5, Prompt 11/17)[0m
[1;33m2025-09-22 00:12:57 - Running prompt generation...[0m
PROMPT GENERATION COMPLETE - Prompt #79
[0;32m2025-09-22 00:13:19 - Completed prompt #79[0m
[0;34m2025-09-22 00:13:24 - Generating prompt #80 (Section 5, Prompt 12/17)[0m
[0;34m2025-09-22 00:57:07 - Starting Prompt Generation Cycle for template: geographic-relocation[0m
[0;32m2025-09-22 00:57:07 - Using existing worktree: ../templata-geographic-relocation[0m
[0;34m2025-09-22 00:57:07 - Generating prompt #80 (Section 5, Prompt 12/17)[0m
[1;33m2025-09-22 00:57:07 - Running prompt generation...[0m
PROMPT GENERATION COMPLETE - Prompt #80
[0;32m2025-09-22 00:57:37 - Completed prompt #80[0m
[0;34m2025-09-22 00:57:42 - Generating prompt #81 (Section 5, Prompt 13/17)[0m
[1;33m2025-09-22 00:57:42 - Running prompt generation...[0m
PROMPT GENERATION COMPLETE - Prompt #81
[0;32m2025-09-22 00:58:06 - Completed prompt #81[0m
[0;34m2025-09-22 00:58:11 - Generating prompt #82 (Section 5, Prompt 14/17)[0m
[1;33m2025-09-22 00:58:11 - Running prompt generation...[0m
PROMPT GENERATION COMPLETE - Prompt #82
[0;32m2025-09-22 00:58:37 - Completed prompt #82[0m
[0;34m2025-09-22 00:58:42 - Generating prompt #83 (Section 5, Prompt 15/17)[0m
[1;33m2025-09-22 00:58:42 - Running prompt generation...[0m
PROMPT GENERATION COMPLETE - Prompt #83
[0;32m2025-09-22 00:59:06 - Completed prompt #83[0m
[0;34m2025-09-22 00:59:11 - Generating prompt #84 (Section 5, Prompt 16/17)[0m
[1;33m2025-09-22 00:59:11 - Running prompt generation...[0m
PROMPT GENERATION COMPLETE - Prompt #84
[0;32m2025-09-22 00:59:35 - Completed prompt #84[0m
[0;34m2025-09-22 00:59:40 - Generating prompt #85 (Section 5, Prompt 17/17)[0m
[1;33m2025-09-22 00:59:40 - Running prompt generation...[0m
PROMPT GENERATION COMPLETE - Prompt #85
[0;32m2025-09-22 01:00:04 - Completed prompt #85[0m
[0;34m2025-09-22 01:00:09 - Generating prompt #86 (Section 6, Prompt 1/17)[0m
[1;33m2025-09-22 01:00:09 - Running prompt generation...[0m
PROMPT GENERATION COMPLETE - Prompt #86
[0;32m2025-09-22 01:00:32 - Completed prompt #86[0m
[0;34m2025-09-22 01:00:37 - Generating prompt #87 (Section 6, Prompt 2/17)[0m
[1;33m2025-09-22 01:00:37 - Running prompt generation...[0m
PROMPT GENERATION COMPLETE - Prompt #87
[0;32m2025-09-22 01:01:01 - Completed prompt #87[0m
[0;34m2025-09-22 01:01:06 - Generating prompt #88 (Section 6, Prompt 3/17)[0m
[1;33m2025-09-22 01:01:06 - Running prompt generation...[0m
PROMPT GENERATION COMPLETE - Prompt #88
[0;32m2025-09-22 01:01:29 - Completed prompt #88[0m
[0;34m2025-09-22 01:01:34 - Generating prompt #89 (Section 6, Prompt 4/17)[0m
[1;33m2025-09-22 01:01:34 - Running prompt generation...[0m
PROMPT GENERATION COMPLETE - Prompt #89
[0;32m2025-09-22 01:01:58 - Completed prompt #89[0m
[0;34m2025-09-22 01:02:03 - Generating prompt #90 (Section 6, Prompt 5/17)[0m
[1;33m2025-09-22 01:02:03 - Running prompt generation...[0m
PROMPT GENERATION COMPLETE - Prompt #90
[0;32m2025-09-22 01:02:24 - Completed prompt #90[0m
[0;34m2025-09-22 01:02:29 - Generating prompt #91 (Section 6, Prompt 6/17)[0m
[1;33m2025-09-22 01:02:29 - Running prompt generation...[0m
PROMPT GENERATION COMPLETE - Prompt #91
[0;32m2025-09-22 01:02:55 - Completed prompt #91[0m
[0;34m2025-09-22 01:03:00 - Generating prompt #92 (Section 6, Prompt 7/17)[0m
[1;33m2025-09-22 01:03:00 - Running prompt generation...[0m
PROMPT GENERATION COMPLETE - Prompt #92
[0;32m2025-09-22 01:03:23 - Completed prompt #92[0m
[0;34m2025-09-22 01:03:28 - Generating prompt #93 (Section 6, Prompt 8/17)[0m
[1;33m2025-09-22 01:03:28 - Running prompt generation...[0m
PROMPT GENERATION COMPLETE - Prompt #93
[0;32m2025-09-22 01:03:50 - Completed prompt #93[0m
[0;34m2025-09-22 01:03:55 - Generating prompt #94 (Section 6, Prompt 9/17)[0m
[1;33m2025-09-22 01:03:55 - Running prompt generation...[0m
PROMPT GENERATION COMPLETE - Prompt #94
[0;32m2025-09-22 01:04:16 - Completed prompt #94[0m
[0;34m2025-09-22 01:04:21 - Generating prompt #95 (Section 6, Prompt 10/17)[0m
[1;33m2025-09-22 01:04:21 - Running prompt generation...[0m
PROMPT GENERATION COMPLETE - Prompt #95
[0;32m2025-09-22 01:04:45 - Completed prompt #95[0m
[0;34m2025-09-22 01:04:50 - Generating prompt #96 (Section 6, Prompt 11/17)[0m
[1;33m2025-09-22 01:04:50 - Running prompt generation...[0m
PROMPT GENERATION COMPLETE - Prompt #96
[0;32m2025-09-22 01:05:14 - Completed prompt #96[0m
[0;34m2025-09-22 01:05:19 - Generating prompt #97 (Section 6, Prompt 12/17)[0m
[1;33m2025-09-22 01:05:19 - Running prompt generation...[0m
PROMPT GENERATION COMPLETE - Prompt #97
[0;32m2025-09-22 01:05:42 - Completed prompt #97[0m
[0;34m2025-09-22 01:05:47 - Generating prompt #98 (Section 6, Prompt 13/17)[0m
[1;33m2025-09-22 01:05:47 - Running prompt generation...[0m
PROMPT GENERATION COMPLETE - Prompt #98
[0;32m2025-09-22 01:06:13 - Completed prompt #98[0m
[0;34m2025-09-22 01:06:18 - Generating prompt #99 (Section 6, Prompt 14/17)[0m
[1;33m2025-09-22 01:06:18 - Running prompt generation...[0m
PROMPT GENERATION COMPLETE - Prompt #99
[0;32m2025-09-22 01:06:41 - Completed prompt #99[0m
[0;34m2025-09-22 01:06:46 - Generating prompt #100 (Section 6, Prompt 15/17)[0m
[1;33m2025-09-22 01:06:46 - Running prompt generation...[0m
PROMPT GENERATION COMPLETE - Prompt #100
[0;32m2025-09-22 01:07:11 - Completed prompt #100[0m
[0;34m2025-09-22 01:07:16 - Generating prompt #101 (Section 6, Prompt 16/17)[0m
[1;33m2025-09-22 01:07:16 - Running prompt generation...[0m
PROMPT GENERATION COMPLETE - Prompt #101
[0;32m2025-09-22 01:07:43 - Completed prompt #101[0m
[0;34m2025-09-22 01:07:48 - Generating prompt #102 (Section 6, Prompt 17/17)[0m
[1;33m2025-09-22 01:07:48 - Running prompt generation...[0m
PROMPT GENERATION COMPLETE - Prompt #102
[0;32m2025-09-22 01:08:17 - Completed prompt #102[0m
