[0;34m2025-09-19 20:10:11 - Starting Prompt Generation Cycle for template: fashion-design[0m
[0;32m2025-09-19 20:10:11 - Using existing worktree: ../templata-fashion-design[0m
[1;33m2025-09-19 20:10:11 - Creating template prompt file: prompts-fashion-design.ts[0m
[0;32m2025-09-19 20:10:11 - Created template prompt file: ../templata-fashion-design/src/data/prompts-fashion-design.ts[0m
[0;34m2025-09-19 20:10:11 - Generating prompt #1 (Section 1, Prompt 1/17)[0m
[1;33m2025-09-19 20:10:11 - Running prompt generation...[0m
PROMPT GENERATION COMPLETE - Prompt #1
[0;32m2025-09-19 20:10:28 - Completed prompt #1[0m
[0;34m2025-09-19 20:10:33 - Generating prompt #2 (Section 1, Prompt 2/17)[0m
[1;33m2025-09-19 20:10:33 - Running prompt generation...[0m
PROMPT GENERATION COMPLETE - Prompt #2
[0;32m2025-09-19 20:10:50 - Completed prompt #2[0m
[0;34m2025-09-19 20:10:55 - Generating prompt #3 (Section 1, Prompt 3/17)[0m
[1;33m2025-09-19 20:10:55 - Running prompt generation...[0m
PROMPT GENERATION COMPLETE - Prompt #3
[0;32m2025-09-19 20:11:13 - Completed prompt #3[0m
[0;34m2025-09-19 20:11:18 - Generating prompt #4 (Section 1, Prompt 4/17)[0m
[1;33m2025-09-19 20:11:18 - Running prompt generation...[0m
PROMPT GENERATION COMPLETE - Prompt #4
[0;32m2025-09-19 20:11:37 - Completed prompt #4[0m
[0;34m2025-09-19 20:11:42 - Generating prompt #5 (Section 1, Prompt 5/17)[0m
[1;33m2025-09-19 20:11:42 - Running prompt generation...[0m
PROMPT GENERATION COMPLETE - Prompt #5
[0;32m2025-09-19 20:12:00 - Completed prompt #5[0m
[0;34m2025-09-19 20:12:05 - Generating prompt #6 (Section 1, Prompt 6/17)[0m
[1;33m2025-09-19 20:12:05 - Running prompt generation...[0m
PROMPT GENERATION COMPLETE - Prompt #6
[0;32m2025-09-19 20:12:24 - Completed prompt #6[0m
[0;34m2025-09-19 20:12:30 - Generating prompt #7 (Section 1, Prompt 7/17)[0m
[1;33m2025-09-19 20:12:30 - Running prompt generation...[0m
PROMPT GENERATION COMPLETE - Prompt #7
[0;32m2025-09-19 20:12:49 - Completed prompt #7[0m
[0;34m2025-09-19 20:12:54 - Generating prompt #8 (Section 1, Prompt 8/17)[0m
[1;33m2025-09-19 20:12:54 - Running prompt generation...[0m
PROMPT GENERATION COMPLETE - Prompt #8
[0;32m2025-09-19 20:13:13 - Completed prompt #8[0m
[0;34m2025-09-19 20:13:18 - Generating prompt #9 (Section 1, Prompt 9/17)[0m
[1;33m2025-09-19 20:13:18 - Running prompt generation...[0m
PROMPT GENERATION COMPLETE - Prompt #9
[0;32m2025-09-19 20:13:37 - Completed prompt #9[0m
[0;34m2025-09-19 20:13:42 - Generating prompt #10 (Section 1, Prompt 10/17)[0m
[1;33m2025-09-19 20:13:42 - Running prompt generation...[0m
PROMPT GENERATION COMPLETE - Prompt #10
[0;32m2025-09-19 20:14:02 - Completed prompt #10[0m
[0;34m2025-09-19 20:14:07 - Generating prompt #11 (Section 1, Prompt 11/17)[0m
[1;33m2025-09-19 20:14:08 - Running prompt generation...[0m
PROMPT GENERATION COMPLETE - Prompt #11
[0;32m2025-09-19 20:14:28 - Completed prompt #11[0m
[0;34m2025-09-19 20:14:33 - Generating prompt #12 (Section 1, Prompt 12/17)[0m
[1;33m2025-09-19 20:14:33 - Running prompt generation...[0m
PROMPT GENERATION COMPLETE - Prompt #12
[0;32m2025-09-19 20:14:54 - Completed prompt #12[0m
[0;34m2025-09-19 20:14:59 - Generating prompt #13 (Section 1, Prompt 13/17)[0m
[1;33m2025-09-19 20:14:59 - Running prompt generation...[0m
PROMPT GENERATION COMPLETE - Prompt #13
[0;32m2025-09-19 20:15:19 - Completed prompt #13[0m
[0;34m2025-09-19 20:15:24 - Generating prompt #14 (Section 1, Prompt 14/17)[0m
[1;33m2025-09-19 20:15:24 - Running prompt generation...[0m
PROMPT GENERATION COMPLETE - Prompt #14
[0;32m2025-09-19 20:15:46 - Completed prompt #14[0m
[0;34m2025-09-19 20:15:51 - Generating prompt #15 (Section 1, Prompt 15/17)[0m
[1;33m2025-09-19 20:15:51 - Running prompt generation...[0m
PROMPT GENERATION COMPLETE - Prompt #15
[0;32m2025-09-19 20:16:13 - Completed prompt #15[0m
[0;34m2025-09-19 20:16:18 - Generating prompt #16 (Section 1, Prompt 16/17)[0m
[1;33m2025-09-19 20:16:18 - Running prompt generation...[0m
PROMPT GENERATION COMPLETE - Prompt #16
[0;32m2025-09-19 20:16:40 - Completed prompt #16[0m
[0;34m2025-09-19 20:16:45 - Generating prompt #17 (Section 1, Prompt 17/17)[0m
[1;33m2025-09-19 20:16:45 - Running prompt generation...[0m
PROMPT GENERATION COMPLETE - Prompt #17
[0;32m2025-09-19 20:17:05 - Completed prompt #17[0m
[0;34m2025-09-19 20:17:10 - Generating prompt #18 (Section 2, Prompt 1/17)[0m
[1;33m2025-09-19 20:17:10 - Running prompt generation...[0m
PROMPT GENERATION COMPLETE - Prompt #18
[0;32m2025-09-19 20:17:34 - Completed prompt #18[0m
[0;34m2025-09-19 20:17:39 - Generating prompt #19 (Section 2, Prompt 2/17)[0m
[1;33m2025-09-19 20:17:39 - Running prompt generation...[0m
PROMPT GENERATION COMPLETE - Prompt #19
[0;32m2025-09-19 20:18:01 - Completed prompt #19[0m
[0;34m2025-09-19 20:18:06 - Generating prompt #20 (Section 2, Prompt 3/17)[0m
[1;33m2025-09-19 20:18:06 - Running prompt generation...[0m
PROMPT GENERATION COMPLETE - Prompt #20
[0;32m2025-09-19 20:18:28 - Completed prompt #20[0m
[0;34m2025-09-19 20:18:33 - Generating prompt #21 (Section 2, Prompt 4/17)[0m
[1;33m2025-09-19 20:18:33 - Running prompt generation...[0m
PROMPT GENERATION COMPLETE - Prompt #21
[0;32m2025-09-19 20:18:52 - Completed prompt #21[0m
[0;34m2025-09-19 20:18:57 - Generating prompt #22 (Section 2, Prompt 5/17)[0m
[1;33m2025-09-19 20:18:57 - Running prompt generation...[0m
PROMPT GENERATION COMPLETE - Prompt #22
[0;32m2025-09-19 20:19:22 - Completed prompt #22[0m
[0;34m2025-09-19 20:19:27 - Generating prompt #23 (Section 2, Prompt 6/17)[0m
[1;33m2025-09-19 20:19:27 - Running prompt generation...[0m
PROMPT GENERATION COMPLETE - Prompt #23
[0;32m2025-09-19 20:19:48 - Completed prompt #23[0m
[0;34m2025-09-19 20:19:53 - Generating prompt #24 (Section 2, Prompt 7/17)[0m
[1;33m2025-09-19 20:19:53 - Running prompt generation...[0m
PROMPT GENERATION COMPLETE - Prompt #24
[0;32m2025-09-19 20:20:18 - Completed prompt #24[0m
[0;34m2025-09-19 20:20:23 - Generating prompt #25 (Section 2, Prompt 8/17)[0m
[1;33m2025-09-19 20:20:23 - Running prompt generation...[0m
PROMPT GENERATION COMPLETE - Prompt #25
[0;32m2025-09-19 20:20:46 - Completed prompt #25[0m
[0;34m2025-09-19 20:20:51 - Generating prompt #26 (Section 2, Prompt 9/17)[0m
[1;33m2025-09-19 20:20:51 - Running prompt generation...[0m
PROMPT GENERATION COMPLETE - Prompt #26
[0;32m2025-09-19 20:21:13 - Completed prompt #26[0m
[0;34m2025-09-19 20:21:18 - Generating prompt #27 (Section 2, Prompt 10/17)[0m
[1;33m2025-09-19 20:21:18 - Running prompt generation...[0m
PROMPT GENERATION COMPLETE - Prompt #27
[0;32m2025-09-19 20:21:42 - Completed prompt #27[0m
[0;34m2025-09-19 20:21:47 - Generating prompt #28 (Section 2, Prompt 11/17)[0m
[1;33m2025-09-19 20:21:47 - Running prompt generation...[0m
PROMPT GENERATION COMPLETE - Prompt #28
[0;32m2025-09-19 20:22:09 - Completed prompt #28[0m
[0;34m2025-09-19 20:22:14 - Generating prompt #29 (Section 2, Prompt 12/17)[0m
[1;33m2025-09-19 20:22:14 - Running prompt generation...[0m
PROMPT GENERATION COMPLETE - Prompt #29
[0;32m2025-09-19 20:22:38 - Completed prompt #29[0m
[0;34m2025-09-19 20:22:43 - Generating prompt #30 (Section 2, Prompt 13/17)[0m
[1;33m2025-09-19 20:22:43 - Running prompt generation...[0m
PROMPT GENERATION COMPLETE - Prompt #30
[0;32m2025-09-19 20:23:08 - Completed prompt #30[0m
[0;34m2025-09-19 20:23:13 - Generating prompt #31 (Section 2, Prompt 14/17)[0m
[1;33m2025-09-19 20:23:13 - Running prompt generation...[0m
PROMPT GENERATION COMPLETE - Prompt #31
[0;32m2025-09-19 20:23:34 - Completed prompt #31[0m
[0;34m2025-09-19 20:23:39 - Generating prompt #32 (Section 2, Prompt 15/17)[0m
[1;33m2025-09-19 20:23:39 - Running prompt generation...[0m
PROMPT GENERATION COMPLETE - Prompt #32
[0;32m2025-09-19 20:24:02 - Completed prompt #32[0m
[0;34m2025-09-19 20:24:07 - Generating prompt #33 (Section 2, Prompt 16/17)[0m
[1;33m2025-09-19 20:24:07 - Running prompt generation...[0m
PROMPT GENERATION COMPLETE - Prompt #33
[0;32m2025-09-19 20:24:32 - Completed prompt #33[0m
[0;34m2025-09-19 20:24:37 - Generating prompt #34 (Section 2, Prompt 17/17)[0m
[1;33m2025-09-19 20:24:37 - Running prompt generation...[0m
PROMPT GENERATION COMPLETE - Prompt #34
[0;32m2025-09-19 20:25:01 - Completed prompt #34[0m
[0;34m2025-09-19 20:25:06 - Generating prompt #35 (Section 3, Prompt 1/17)[0m
[1;33m2025-09-19 20:25:06 - Running prompt generation...[0m
PROMPT GENERATION COMPLETE - Prompt #35
[0;32m2025-09-19 20:25:29 - Completed prompt #35[0m
[0;34m2025-09-19 20:25:34 - Generating prompt #36 (Section 3, Prompt 2/17)[0m
[1;33m2025-09-19 20:25:34 - Running prompt generation...[0m
PROMPT GENERATION COMPLETE - Prompt #36
[0;32m2025-09-19 20:25:56 - Completed prompt #36[0m
[0;34m2025-09-19 20:26:01 - Generating prompt #37 (Section 3, Prompt 3/17)[0m
[1;33m2025-09-19 20:26:01 - Running prompt generation...[0m
PROMPT GENERATION COMPLETE - Prompt #37
[0;32m2025-09-19 20:26:24 - Completed prompt #37[0m
[0;34m2025-09-19 20:26:29 - Generating prompt #38 (Section 3, Prompt 4/17)[0m
[1;33m2025-09-19 20:26:29 - Running prompt generation...[0m
PROMPT GENERATION COMPLETE - Prompt #38
[0;32m2025-09-19 20:26:50 - Completed prompt #38[0m
[0;34m2025-09-19 20:26:55 - Generating prompt #39 (Section 3, Prompt 5/17)[0m
[1;33m2025-09-19 20:26:55 - Running prompt generation...[0m
PROMPT GENERATION COMPLETE - Prompt #39
[0;32m2025-09-19 20:27:17 - Completed prompt #39[0m
[0;34m2025-09-19 20:27:22 - Generating prompt #40 (Section 3, Prompt 6/17)[0m
[1;33m2025-09-19 20:27:22 - Running prompt generation...[0m
PROMPT GENERATION COMPLETE - Prompt #40
[0;32m2025-09-19 20:27:44 - Completed prompt #40[0m
[0;34m2025-09-19 20:27:49 - Generating prompt #41 (Section 3, Prompt 7/17)[0m
[1;33m2025-09-19 20:27:49 - Running prompt generation...[0m
PROMPT GENERATION COMPLETE - Prompt #41
[0;32m2025-09-19 20:28:11 - Completed prompt #41[0m
[0;34m2025-09-19 20:28:16 - Generating prompt #42 (Section 3, Prompt 8/17)[0m
[1;33m2025-09-19 20:28:16 - Running prompt generation...[0m
PROMPT GENERATION COMPLETE - Prompt #42
[0;32m2025-09-19 20:28:37 - Completed prompt #42[0m
[0;34m2025-09-19 20:28:42 - Generating prompt #43 (Section 3, Prompt 9/17)[0m
[1;33m2025-09-19 20:28:42 - Running prompt generation...[0m
PROMPT GENERATION COMPLETE - Prompt #43
[0;32m2025-09-19 20:29:04 - Completed prompt #43[0m
[0;34m2025-09-19 20:29:09 - Generating prompt #44 (Section 3, Prompt 10/17)[0m
[1;33m2025-09-19 20:29:09 - Running prompt generation...[0m
PROMPT GENERATION COMPLETE - Prompt #44
[0;32m2025-09-19 20:29:29 - Completed prompt #44[0m
[0;34m2025-09-19 20:29:34 - Generating prompt #45 (Section 3, Prompt 11/17)[0m
[1;33m2025-09-19 20:29:34 - Running prompt generation...[0m
PROMPT GENERATION COMPLETE - Prompt #45
[0;32m2025-09-19 20:29:57 - Completed prompt #45[0m
[0;34m2025-09-19 20:30:02 - Generating prompt #46 (Section 3, Prompt 12/17)[0m
[1;33m2025-09-19 20:30:02 - Running prompt generation...[0m
PROMPT GENERATION COMPLETE - Prompt #46
[0;32m2025-09-19 20:30:25 - Completed prompt #46[0m
[0;34m2025-09-19 20:30:30 - Generating prompt #47 (Section 3, Prompt 13/17)[0m
[1;33m2025-09-19 20:30:30 - Running prompt generation...[0m
PROMPT GENERATION COMPLETE - Prompt #47
[0;32m2025-09-19 20:30:56 - Completed prompt #47[0m
[0;34m2025-09-19 20:31:01 - Generating prompt #48 (Section 3, Prompt 14/17)[0m
[1;33m2025-09-19 20:31:01 - Running prompt generation...[0m
5-hour limit reached ∙ resets 12am
[0;32m2025-09-19 20:31:07 - Completed prompt #48[0m
[0;34m2025-09-19 20:31:12 - Generating prompt #49 (Section 3, Prompt 15/17)[0m
[1;33m2025-09-19 20:31:12 - Running prompt generation...[0m
5-hour limit reached ∙ resets 12am
[0;32m2025-09-19 20:31:21 - Completed prompt #49[0m
[0;34m2025-09-19 20:31:26 - Generating prompt #50 (Section 3, Prompt 16/17)[0m
[1;33m2025-09-19 20:31:26 - Running prompt generation...[0m
5-hour limit reached ∙ resets 12am
[0;32m2025-09-19 20:31:34 - Completed prompt #50[0m
[0;34m2025-09-19 20:31:39 - Generating prompt #51 (Section 3, Prompt 17/17)[0m
[1;33m2025-09-19 20:31:39 - Running prompt generation...[0m
5-hour limit reached ∙ resets 12am
[0;32m2025-09-19 20:31:47 - Completed prompt #51[0m
[0;34m2025-09-19 20:31:52 - Generating prompt #52 (Section 4, Prompt 1/17)[0m
[1;33m2025-09-19 20:31:52 - Running prompt generation...[0m
5-hour limit reached ∙ resets 12am
[0;32m2025-09-19 20:32:01 - Completed prompt #52[0m
[0;34m2025-09-19 20:32:06 - Generating prompt #53 (Section 4, Prompt 2/17)[0m
[1;33m2025-09-19 20:32:06 - Running prompt generation...[0m
5-hour limit reached ∙ resets 12am
[0;32m2025-09-19 20:32:15 - Completed prompt #53[0m
[0;34m2025-09-19 20:32:20 - Generating prompt #54 (Section 4, Prompt 3/17)[0m
[1;33m2025-09-19 20:32:20 - Running prompt generation...[0m
5-hour limit reached ∙ resets 12am
[0;32m2025-09-19 20:32:28 - Completed prompt #54[0m
[0;34m2025-09-19 20:32:33 - Generating prompt #55 (Section 4, Prompt 4/17)[0m
[1;33m2025-09-19 20:32:33 - Running prompt generation...[0m
5-hour limit reached ∙ resets 12am
[0;32m2025-09-19 20:32:41 - Completed prompt #55[0m
[0;34m2025-09-19 20:32:46 - Generating prompt #56 (Section 4, Prompt 5/17)[0m
[1;33m2025-09-19 20:32:46 - Running prompt generation...[0m
5-hour limit reached ∙ resets 12am
[0;32m2025-09-19 20:32:56 - Completed prompt #56[0m
[0;34m2025-09-19 20:33:01 - Generating prompt #57 (Section 4, Prompt 6/17)[0m
[1;33m2025-09-19 20:33:01 - Running prompt generation...[0m
5-hour limit reached ∙ resets 12am
[0;32m2025-09-19 20:33:10 - Completed prompt #57[0m
[0;34m2025-09-19 20:33:15 - Generating prompt #58 (Section 4, Prompt 7/17)[0m
[1;33m2025-09-19 20:33:15 - Running prompt generation...[0m
5-hour limit reached ∙ resets 12am
[0;32m2025-09-19 20:33:23 - Completed prompt #58[0m
[0;34m2025-09-19 20:33:29 - Generating prompt #59 (Section 4, Prompt 8/17)[0m
[1;33m2025-09-19 20:33:29 - Running prompt generation...[0m
5-hour limit reached ∙ resets 12am
[0;32m2025-09-19 20:33:37 - Completed prompt #59[0m
[0;34m2025-09-19 20:33:42 - Generating prompt #60 (Section 4, Prompt 9/17)[0m
[1;33m2025-09-19 20:33:42 - Running prompt generation...[0m
5-hour limit reached ∙ resets 12am
[0;32m2025-09-19 20:33:52 - Completed prompt #60[0m
[0;34m2025-09-19 20:33:57 - Generating prompt #61 (Section 4, Prompt 10/17)[0m
[1;33m2025-09-19 20:33:57 - Running prompt generation...[0m
5-hour limit reached ∙ resets 12am
[0;32m2025-09-19 20:34:05 - Completed prompt #61[0m
[0;34m2025-09-19 20:34:10 - Generating prompt #62 (Section 4, Prompt 11/17)[0m
[1;33m2025-09-19 20:34:10 - Running prompt generation...[0m
5-hour limit reached ∙ resets 12am
[0;32m2025-09-19 20:34:18 - Completed prompt #62[0m
[0;34m2025-09-19 20:34:23 - Generating prompt #63 (Section 4, Prompt 12/17)[0m
[1;33m2025-09-19 20:34:23 - Running prompt generation...[0m
5-hour limit reached ∙ resets 12am
[0;32m2025-09-19 20:34:31 - Completed prompt #63[0m
[0;34m2025-09-19 20:34:36 - Generating prompt #64 (Section 4, Prompt 13/17)[0m
[1;33m2025-09-19 20:34:36 - Running prompt generation...[0m
5-hour limit reached ∙ resets 12am
[0;32m2025-09-19 20:34:45 - Completed prompt #64[0m
[0;34m2025-09-19 20:34:50 - Generating prompt #65 (Section 4, Prompt 14/17)[0m
[1;33m2025-09-19 20:34:50 - Running prompt generation...[0m
5-hour limit reached ∙ resets 12am
[0;32m2025-09-19 20:34:59 - Completed prompt #65[0m
[0;34m2025-09-19 20:35:04 - Generating prompt #66 (Section 4, Prompt 15/17)[0m
[1;33m2025-09-19 20:35:04 - Running prompt generation...[0m
5-hour limit reached ∙ resets 12am
[0;32m2025-09-19 20:35:13 - Completed prompt #66[0m
[0;34m2025-09-19 20:35:18 - Generating prompt #67 (Section 4, Prompt 16/17)[0m
[1;33m2025-09-19 20:35:18 - Running prompt generation...[0m
5-hour limit reached ∙ resets 12am
[0;32m2025-09-19 20:35:26 - Completed prompt #67[0m
[0;34m2025-09-19 20:35:31 - Generating prompt #68 (Section 4, Prompt 17/17)[0m
[1;33m2025-09-19 20:35:31 - Running prompt generation...[0m
5-hour limit reached ∙ resets 12am
[0;32m2025-09-19 20:35:40 - Completed prompt #68[0m
[0;34m2025-09-19 20:35:45 - Generating prompt #69 (Section 5, Prompt 1/17)[0m
[1;33m2025-09-19 20:35:45 - Running prompt generation...[0m
5-hour limit reached ∙ resets 12am
[0;32m2025-09-19 20:35:54 - Completed prompt #69[0m
[0;34m2025-09-19 20:35:59 - Generating prompt #70 (Section 5, Prompt 2/17)[0m
[1;33m2025-09-19 20:35:59 - Running prompt generation...[0m
5-hour limit reached ∙ resets 12am
[0;32m2025-09-19 20:36:07 - Completed prompt #70[0m
[0;34m2025-09-19 20:36:12 - Generating prompt #71 (Section 5, Prompt 3/17)[0m
[1;33m2025-09-19 20:36:12 - Running prompt generation...[0m
5-hour limit reached ∙ resets 12am
[0;32m2025-09-19 20:36:21 - Completed prompt #71[0m
[0;34m2025-09-19 20:36:26 - Generating prompt #72 (Section 5, Prompt 4/17)[0m
[1;33m2025-09-19 20:36:26 - Running prompt generation...[0m
5-hour limit reached ∙ resets 12am
[0;32m2025-09-19 20:36:35 - Completed prompt #72[0m
[0;34m2025-09-19 20:36:40 - Generating prompt #73 (Section 5, Prompt 5/17)[0m
[1;33m2025-09-19 20:36:40 - Running prompt generation...[0m
5-hour limit reached ∙ resets 12am
[0;32m2025-09-19 20:36:48 - Completed prompt #73[0m
[0;34m2025-09-19 20:36:53 - Generating prompt #74 (Section 5, Prompt 6/17)[0m
[1;33m2025-09-19 20:36:53 - Running prompt generation...[0m
5-hour limit reached ∙ resets 12am
[0;32m2025-09-19 20:37:01 - Completed prompt #74[0m
[0;34m2025-09-19 20:37:06 - Generating prompt #75 (Section 5, Prompt 7/17)[0m
[1;33m2025-09-19 20:37:06 - Running prompt generation...[0m
5-hour limit reached ∙ resets 12am
[0;32m2025-09-19 20:37:15 - Completed prompt #75[0m
[0;34m2025-09-19 20:37:20 - Generating prompt #76 (Section 5, Prompt 8/17)[0m
[1;33m2025-09-19 20:37:20 - Running prompt generation...[0m
5-hour limit reached ∙ resets 12am
[0;32m2025-09-19 20:37:28 - Completed prompt #76[0m
[0;34m2025-09-19 20:37:33 - Generating prompt #77 (Section 5, Prompt 9/17)[0m
[1;33m2025-09-19 20:37:33 - Running prompt generation...[0m
5-hour limit reached ∙ resets 12am
[0;32m2025-09-19 20:37:42 - Completed prompt #77[0m
[0;34m2025-09-19 20:37:47 - Generating prompt #78 (Section 5, Prompt 10/17)[0m
[1;33m2025-09-19 20:37:47 - Running prompt generation...[0m
5-hour limit reached ∙ resets 12am
[0;32m2025-09-19 20:37:57 - Completed prompt #78[0m
[0;34m2025-09-19 20:38:02 - Generating prompt #79 (Section 5, Prompt 11/17)[0m
[1;33m2025-09-19 20:38:02 - Running prompt generation...[0m
5-hour limit reached ∙ resets 12am
[0;32m2025-09-19 20:38:10 - Completed prompt #79[0m
[0;34m2025-09-19 20:38:15 - Generating prompt #80 (Section 5, Prompt 12/17)[0m
[1;33m2025-09-19 20:38:15 - Running prompt generation...[0m
5-hour limit reached ∙ resets 12am
[0;32m2025-09-19 20:38:24 - Completed prompt #80[0m
[0;34m2025-09-19 20:38:29 - Generating prompt #81 (Section 5, Prompt 13/17)[0m
[1;33m2025-09-19 20:38:29 - Running prompt generation...[0m
5-hour limit reached ∙ resets 12am
[0;32m2025-09-19 20:38:38 - Completed prompt #81[0m
[0;34m2025-09-19 20:38:43 - Generating prompt #82 (Section 5, Prompt 14/17)[0m
[1;33m2025-09-19 20:38:43 - Running prompt generation...[0m
5-hour limit reached ∙ resets 12am
[0;32m2025-09-19 20:38:53 - Completed prompt #82[0m
[0;34m2025-09-19 20:38:58 - Generating prompt #83 (Section 5, Prompt 15/17)[0m
[1;33m2025-09-19 20:38:58 - Running prompt generation...[0m
5-hour limit reached ∙ resets 12am
[0;32m2025-09-19 20:39:08 - Completed prompt #83[0m
[0;34m2025-09-19 20:39:13 - Generating prompt #84 (Section 5, Prompt 16/17)[0m
[1;33m2025-09-19 20:39:13 - Running prompt generation...[0m
5-hour limit reached ∙ resets 12am
[0;32m2025-09-19 20:39:23 - Completed prompt #84[0m
[0;34m2025-09-19 20:39:29 - Generating prompt #85 (Section 5, Prompt 17/17)[0m
[1;33m2025-09-19 20:39:29 - Running prompt generation...[0m
5-hour limit reached ∙ resets 12am
[0;32m2025-09-19 20:39:38 - Completed prompt #85[0m
[0;34m2025-09-19 20:39:43 - Generating prompt #86 (Section 6, Prompt 1/17)[0m
[1;33m2025-09-19 20:39:43 - Running prompt generation...[0m
5-hour limit reached ∙ resets 12am
[0;32m2025-09-19 20:39:52 - Completed prompt #86[0m
[0;34m2025-09-19 20:39:57 - Generating prompt #87 (Section 6, Prompt 2/17)[0m
[1;33m2025-09-19 20:39:57 - Running prompt generation...[0m
5-hour limit reached ∙ resets 12am
[0;32m2025-09-19 20:40:05 - Completed prompt #87[0m
[0;34m2025-09-19 20:40:10 - Generating prompt #88 (Section 6, Prompt 3/17)[0m
[1;33m2025-09-19 20:40:10 - Running prompt generation...[0m
5-hour limit reached ∙ resets 12am
[0;32m2025-09-19 20:40:18 - Completed prompt #88[0m
[0;34m2025-09-19 20:40:23 - Generating prompt #89 (Section 6, Prompt 4/17)[0m
[1;33m2025-09-19 20:40:23 - Running prompt generation...[0m
5-hour limit reached ∙ resets 12am
[0;32m2025-09-19 20:40:31 - Completed prompt #89[0m
[0;34m2025-09-19 20:40:36 - Generating prompt #90 (Section 6, Prompt 5/17)[0m
[1;33m2025-09-19 20:40:36 - Running prompt generation...[0m
5-hour limit reached ∙ resets 12am
[0;32m2025-09-19 20:40:43 - Completed prompt #90[0m
[0;34m2025-09-19 20:40:48 - Generating prompt #91 (Section 6, Prompt 6/17)[0m
[1;33m2025-09-19 20:40:49 - Running prompt generation...[0m
5-hour limit reached ∙ resets 12am
[0;32m2025-09-19 20:40:59 - Completed prompt #91[0m
[0;34m2025-09-19 20:41:04 - Generating prompt #92 (Section 6, Prompt 7/17)[0m
[1;33m2025-09-19 20:41:04 - Running prompt generation...[0m
5-hour limit reached ∙ resets 12am
[0;32m2025-09-19 20:41:11 - Completed prompt #92[0m
[0;34m2025-09-19 20:41:16 - Generating prompt #93 (Section 6, Prompt 8/17)[0m
[1;33m2025-09-19 20:41:16 - Running prompt generation...[0m
5-hour limit reached ∙ resets 12am
[0;32m2025-09-19 20:41:25 - Completed prompt #93[0m
[0;34m2025-09-19 20:41:30 - Generating prompt #94 (Section 6, Prompt 9/17)[0m
[1;33m2025-09-19 20:41:30 - Running prompt generation...[0m
5-hour limit reached ∙ resets 12am
[0;32m2025-09-19 20:41:37 - Completed prompt #94[0m
[0;34m2025-09-19 20:41:42 - Generating prompt #95 (Section 6, Prompt 10/17)[0m
[1;33m2025-09-19 20:41:42 - Running prompt generation...[0m
5-hour limit reached ∙ resets 12am
[0;32m2025-09-19 20:41:52 - Completed prompt #95[0m
[0;34m2025-09-19 20:41:57 - Generating prompt #96 (Section 6, Prompt 11/17)[0m
[1;33m2025-09-19 20:41:57 - Running prompt generation...[0m
5-hour limit reached ∙ resets 12am
[0;32m2025-09-19 20:42:05 - Completed prompt #96[0m
[0;34m2025-09-19 20:42:10 - Generating prompt #97 (Section 6, Prompt 12/17)[0m
[1;33m2025-09-19 20:42:10 - Running prompt generation...[0m
5-hour limit reached ∙ resets 12am
[0;32m2025-09-19 20:42:17 - Completed prompt #97[0m
[0;34m2025-09-19 20:42:22 - Generating prompt #98 (Section 6, Prompt 13/17)[0m
[1;33m2025-09-19 20:42:22 - Running prompt generation...[0m
5-hour limit reached ∙ resets 12am
[0;32m2025-09-19 20:42:31 - Completed prompt #98[0m
[0;34m2025-09-19 20:42:36 - Generating prompt #99 (Section 6, Prompt 14/17)[0m
[1;33m2025-09-19 20:42:36 - Running prompt generation...[0m
5-hour limit reached ∙ resets 12am
[0;32m2025-09-19 20:42:44 - Completed prompt #99[0m
[0;34m2025-09-19 20:42:49 - Generating prompt #100 (Section 6, Prompt 15/17)[0m
[1;33m2025-09-19 20:42:49 - Running prompt generation...[0m
5-hour limit reached ∙ resets 12am
[0;32m2025-09-19 20:42:57 - Completed prompt #100[0m
[0;34m2025-09-19 20:43:02 - Generating prompt #101 (Section 6, Prompt 16/17)[0m
[1;33m2025-09-19 20:43:02 - Running prompt generation...[0m
5-hour limit reached ∙ resets 12am
[0;32m2025-09-19 20:43:10 - Completed prompt #101[0m
[0;34m2025-09-19 20:43:15 - Generating prompt #102 (Section 6, Prompt 17/17)[0m
[1;33m2025-09-19 20:43:15 - Running prompt generation...[0m
5-hour limit reached ∙ resets 12am
[0;32m2025-09-19 20:43:23 - Completed prompt #102[0m
[0;34m2025-09-20 00:04:12 - Starting Prompt Generation Cycle for template: fashion-design[0m
[0;32m2025-09-20 00:04:12 - Using existing worktree: ../templata-fashion-design[0m
[0;34m2025-09-20 00:04:12 - Generating prompt #48 (Section 3, Prompt 14/17)[0m
[1;33m2025-09-20 00:04:12 - Running prompt generation...[0m
PROMPT GENERATION COMPLETE - Prompt #48
[0;32m2025-09-20 00:04:31 - Completed prompt #48[0m
[0;34m2025-09-20 00:04:36 - Generating prompt #49 (Section 3, Prompt 15/17)[0m
[1;33m2025-09-20 00:04:37 - Running prompt generation...[0m
PROMPT GENERATION COMPLETE - Prompt #49
[0;32m2025-09-20 00:05:23 - Completed prompt #49[0m
[0;34m2025-09-20 00:05:28 - Generating prompt #50 (Section 3, Prompt 16/17)[0m
[1;33m2025-09-20 00:05:28 - Running prompt generation...[0m
PROMPT GENERATION COMPLETE - Prompt #50
[0;32m2025-09-20 00:06:06 - Completed prompt #50[0m
[0;34m2025-09-20 00:06:11 - Generating prompt #51 (Section 3, Prompt 17/17)[0m
[1;33m2025-09-20 00:06:11 - Running prompt generation...[0m
PROMPT GENERATION COMPLETE - Prompt #51
[0;32m2025-09-20 00:06:36 - Completed prompt #51[0m
[0;34m2025-09-20 00:06:42 - Generating prompt #52 (Section 4, Prompt 1/17)[0m
[1;33m2025-09-20 00:06:42 - Running prompt generation...[0m
PROMPT GENERATION COMPLETE - Prompt #52
[0;32m2025-09-20 00:07:22 - Completed prompt #52[0m
[0;34m2025-09-20 00:07:27 - Generating prompt #53 (Section 4, Prompt 2/17)[0m
[1;33m2025-09-20 00:07:27 - Running prompt generation...[0m
PROMPT GENERATION COMPLETE - Prompt #53
[0;32m2025-09-20 00:08:02 - Completed prompt #53[0m
[0;34m2025-09-20 00:08:07 - Generating prompt #54 (Section 4, Prompt 3/17)[0m
[1;33m2025-09-20 00:08:08 - Running prompt generation...[0m
PROMPT GENERATION COMPLETE - Prompt #54
[0;32m2025-09-20 00:08:49 - Completed prompt #54[0m
[0;34m2025-09-20 00:08:54 - Generating prompt #55 (Section 4, Prompt 4/17)[0m
[1;33m2025-09-20 00:08:54 - Running prompt generation...[0m
PROMPT GENERATION COMPLETE - Prompt #55
[0;32m2025-09-20 00:09:22 - Completed prompt #55[0m
[0;34m2025-09-20 00:09:28 - Generating prompt #56 (Section 4, Prompt 5/17)[0m
[1;33m2025-09-20 00:09:28 - Running prompt generation...[0m
PROMPT GENERATION COMPLETE - Prompt #56
[0;32m2025-09-20 00:10:01 - Completed prompt #56[0m
[0;34m2025-09-20 00:10:06 - Generating prompt #57 (Section 4, Prompt 6/17)[0m
[1;33m2025-09-20 00:10:07 - Running prompt generation...[0m
PROMPT GENERATION COMPLETE - Prompt #57
[0;32m2025-09-20 00:10:40 - Completed prompt #57[0m
[0;34m2025-09-20 00:10:45 - Generating prompt #58 (Section 4, Prompt 7/17)[0m
[1;33m2025-09-20 00:10:45 - Running prompt generation...[0m
PROMPT GENERATION COMPLETE - Prompt #58
[0;32m2025-09-20 00:11:20 - Completed prompt #58[0m
[0;34m2025-09-20 00:11:26 - Generating prompt #59 (Section 4, Prompt 8/17)[0m
[1;33m2025-09-20 00:11:26 - Running prompt generation...[0m
[0;34m2025-09-20 00:11:38 - Starting Prompt Generation Cycle for template: fashion-design[0m
[0;32m2025-09-20 00:11:38 - Using existing worktree: ../templata-fashion-design[0m
[0;34m2025-09-20 00:11:38 - Generating prompt #59 (Section 4, Prompt 8/17)[0m
[1;33m2025-09-20 00:11:39 - Running prompt generation...[0m
PROMPT GENERATION COMPLETE - Prompt #59
[0;32m2025-09-20 00:12:42 - Completed prompt #59[0m
[0;34m2025-09-20 00:12:49 - Generating prompt #60 (Section 4, Prompt 9/17)[0m
[1;33m2025-09-20 00:12:52 - Running prompt generation...[0m
[0;34m2025-09-20 18:51:16 - Starting Prompt Generation Cycle for template: fashion-design[0m
[0;32m2025-09-20 18:51:16 - Using existing worktree: ../templata-fashion-design[0m
[0;34m2025-09-20 18:51:16 - Generating prompt #60 (Section 4, Prompt 9/17)[0m
[1;33m2025-09-20 18:51:16 - Running prompt generation...[0m
PROMPT GENERATION COMPLETE - Prompt #60
[0;32m2025-09-20 18:51:39 - Completed prompt #60[0m
[0;34m2025-09-20 18:51:44 - Generating prompt #61 (Section 4, Prompt 10/17)[0m
[1;33m2025-09-20 18:51:44 - Running prompt generation...[0m
PROMPT GENERATION COMPLETE - Prompt #61
[0;32m2025-09-20 18:52:09 - Completed prompt #61[0m
[0;34m2025-09-20 18:52:14 - Generating prompt #62 (Section 4, Prompt 11/17)[0m
[1;33m2025-09-20 18:52:14 - Running prompt generation...[0m
PROMPT GENERATION COMPLETE - Prompt #62
[0;32m2025-09-20 18:52:37 - Completed prompt #62[0m
[0;34m2025-09-20 18:52:42 - Generating prompt #63 (Section 4, Prompt 12/17)[0m
[1;33m2025-09-20 18:52:42 - Running prompt generation...[0m
PROMPT GENERATION COMPLETE - Prompt #63
[0;32m2025-09-20 18:53:05 - Completed prompt #63[0m
[0;34m2025-09-20 18:53:10 - Generating prompt #64 (Section 4, Prompt 13/17)[0m
[1;33m2025-09-20 18:53:10 - Running prompt generation...[0m
PROMPT GENERATION COMPLETE - Prompt #64
[0;32m2025-09-20 18:53:34 - Completed prompt #64[0m
[0;34m2025-09-20 18:53:39 - Generating prompt #65 (Section 4, Prompt 14/17)[0m
[1;33m2025-09-20 18:53:39 - Running prompt generation...[0m
PROMPT GENERATION COMPLETE - Prompt #65
[0;32m2025-09-20 18:54:03 - Completed prompt #65[0m
[0;34m2025-09-20 18:54:08 - Generating prompt #66 (Section 4, Prompt 15/17)[0m
[1;33m2025-09-20 18:54:08 - Running prompt generation...[0m
PROMPT GENERATION COMPLETE - Prompt #66
[0;32m2025-09-20 18:54:32 - Completed prompt #66[0m
[0;34m2025-09-20 18:54:37 - Generating prompt #67 (Section 4, Prompt 16/17)[0m
[1;33m2025-09-20 18:54:37 - Running prompt generation...[0m
PROMPT GENERATION COMPLETE - Prompt #67
[0;32m2025-09-20 18:55:01 - Completed prompt #67[0m
[0;34m2025-09-20 18:55:06 - Generating prompt #68 (Section 4, Prompt 17/17)[0m
[1;33m2025-09-20 18:55:06 - Running prompt generation...[0m
PROMPT GENERATION COMPLETE - Prompt #68
[0;32m2025-09-20 18:55:32 - Completed prompt #68[0m
[0;34m2025-09-20 18:55:37 - Generating prompt #69 (Section 5, Prompt 1/17)[0m
[1;33m2025-09-20 18:55:37 - Running prompt generation...[0m
PROMPT GENERATION COMPLETE - Prompt #69
[0;32m2025-09-20 18:56:01 - Completed prompt #69[0m
[0;34m2025-09-20 18:56:06 - Generating prompt #70 (Section 5, Prompt 2/17)[0m
[1;33m2025-09-20 18:56:06 - Running prompt generation...[0m
PROMPT GENERATION COMPLETE - Prompt #70
[0;32m2025-09-20 18:56:30 - Completed prompt #70[0m
[0;34m2025-09-20 18:56:35 - Generating prompt #71 (Section 5, Prompt 3/17)[0m
[1;33m2025-09-20 18:56:35 - Running prompt generation...[0m
PROMPT GENERATION COMPLETE - Prompt #71
[0;32m2025-09-20 18:56:59 - Completed prompt #71[0m
[0;34m2025-09-20 18:57:04 - Generating prompt #72 (Section 5, Prompt 4/17)[0m
[1;33m2025-09-20 18:57:04 - Running prompt generation...[0m
PROMPT GENERATION COMPLETE - Prompt #72
[0;32m2025-09-20 18:57:29 - Completed prompt #72[0m
[0;34m2025-09-20 18:57:34 - Generating prompt #73 (Section 5, Prompt 5/17)[0m
[1;33m2025-09-20 18:57:34 - Running prompt generation...[0m
PROMPT GENERATION COMPLETE - Prompt #73
[0;32m2025-09-20 18:57:57 - Completed prompt #73[0m
[0;34m2025-09-20 18:58:02 - Generating prompt #74 (Section 5, Prompt 6/17)[0m
[1;33m2025-09-20 18:58:02 - Running prompt generation...[0m
PROMPT GENERATION COMPLETE - Prompt #74
[0;32m2025-09-20 18:58:26 - Completed prompt #74[0m
[0;34m2025-09-20 18:58:31 - Generating prompt #75 (Section 5, Prompt 7/17)[0m
[1;33m2025-09-20 18:58:31 - Running prompt generation...[0m
PROMPT GENERATION COMPLETE - Prompt #75
[0;32m2025-09-20 18:58:55 - Completed prompt #75[0m
[0;34m2025-09-20 18:59:00 - Generating prompt #76 (Section 5, Prompt 8/17)[0m
[1;33m2025-09-20 18:59:00 - Running prompt generation...[0m
PROMPT GENERATION COMPLETE - Prompt #76
[0;32m2025-09-20 18:59:24 - Completed prompt #76[0m
[0;34m2025-09-20 18:59:29 - Generating prompt #77 (Section 5, Prompt 9/17)[0m
[1;33m2025-09-20 18:59:29 - Running prompt generation...[0m
PROMPT GENERATION COMPLETE - Prompt #77
[0;32m2025-09-20 18:59:54 - Completed prompt #77[0m
[0;34m2025-09-20 18:59:59 - Generating prompt #78 (Section 5, Prompt 10/17)[0m
[1;33m2025-09-20 18:59:59 - Running prompt generation...[0m
PROMPT GENERATION COMPLETE - Prompt #78
[0;32m2025-09-20 19:00:23 - Completed prompt #78[0m
[0;34m2025-09-20 19:00:28 - Generating prompt #79 (Section 5, Prompt 11/17)[0m
[1;33m2025-09-20 19:00:28 - Running prompt generation...[0m
PROMPT GENERATION COMPLETE - Prompt #79
[0;32m2025-09-20 19:00:53 - Completed prompt #79[0m
[0;34m2025-09-20 19:00:58 - Generating prompt #80 (Section 5, Prompt 12/17)[0m
[1;33m2025-09-20 19:00:58 - Running prompt generation...[0m
PROMPT GENERATION COMPLETE - Prompt #80
[0;32m2025-09-20 19:01:24 - Completed prompt #80[0m
[0;34m2025-09-20 19:01:30 - Generating prompt #81 (Section 5, Prompt 13/17)[0m
[1;33m2025-09-20 19:01:30 - Running prompt generation...[0m
PROMPT GENERATION COMPLETE - Prompt #81
[0;32m2025-09-20 19:01:56 - Completed prompt #81[0m
[0;34m2025-09-20 19:02:01 - Generating prompt #82 (Section 5, Prompt 14/17)[0m
[1;33m2025-09-20 19:02:01 - Running prompt generation...[0m
PROMPT GENERATION COMPLETE - Prompt #82
[0;32m2025-09-20 19:02:27 - Completed prompt #82[0m
[0;34m2025-09-20 19:02:32 - Generating prompt #83 (Section 5, Prompt 15/17)[0m
[1;33m2025-09-20 19:02:32 - Running prompt generation...[0m
PROMPT GENERATION COMPLETE - Prompt #83
[0;32m2025-09-20 19:02:56 - Completed prompt #83[0m
[0;34m2025-09-20 19:03:01 - Generating prompt #84 (Section 5, Prompt 16/17)[0m
[1;33m2025-09-20 19:03:01 - Running prompt generation...[0m
PROMPT GENERATION COMPLETE - Prompt #84
[0;32m2025-09-20 19:03:25 - Completed prompt #84[0m
[0;34m2025-09-20 19:03:30 - Generating prompt #85 (Section 5, Prompt 17/17)[0m
[1;33m2025-09-20 19:03:30 - Running prompt generation...[0m
PROMPT GENERATION COMPLETE - Prompt #85
[0;32m2025-09-20 19:03:54 - Completed prompt #85[0m
[0;34m2025-09-20 19:03:59 - Generating prompt #86 (Section 6, Prompt 1/17)[0m
[1;33m2025-09-20 19:03:59 - Running prompt generation...[0m
PROMPT GENERATION COMPLETE - Prompt #86
[0;32m2025-09-20 19:04:26 - Completed prompt #86[0m
[0;34m2025-09-20 19:04:31 - Generating prompt #87 (Section 6, Prompt 2/17)[0m
[1;33m2025-09-20 19:04:31 - Running prompt generation...[0m
PROMPT GENERATION COMPLETE - Prompt #87
[0;32m2025-09-20 19:04:57 - Completed prompt #87[0m
[0;34m2025-09-20 19:05:02 - Generating prompt #88 (Section 6, Prompt 3/17)[0m
[1;33m2025-09-20 19:05:02 - Running prompt generation...[0m
PROMPT GENERATION COMPLETE - Prompt #88
[0;32m2025-09-20 19:05:27 - Completed prompt #88[0m
[0;34m2025-09-20 19:05:32 - Generating prompt #89 (Section 6, Prompt 4/17)[0m
[1;33m2025-09-20 19:05:32 - Running prompt generation...[0m
PROMPT GENERATION COMPLETE - Prompt #89
[0;32m2025-09-20 19:06:00 - Completed prompt #89[0m
[0;34m2025-09-20 19:06:05 - Generating prompt #90 (Section 6, Prompt 5/17)[0m
[1;33m2025-09-20 19:06:05 - Running prompt generation...[0m
PROMPT GENERATION COMPLETE - Prompt #90
[0;32m2025-09-20 19:06:29 - Completed prompt #90[0m
[0;34m2025-09-20 19:06:34 - Generating prompt #91 (Section 6, Prompt 6/17)[0m
[1;33m2025-09-20 19:06:34 - Running prompt generation...[0m
PROMPT GENERATION COMPLETE - Prompt #91
[0;32m2025-09-20 19:06:58 - Completed prompt #91[0m
[0;34m2025-09-20 19:07:03 - Generating prompt #92 (Section 6, Prompt 7/17)[0m
[1;33m2025-09-20 19:07:03 - Running prompt generation...[0m
PROMPT GENERATION COMPLETE - Prompt #92
[0;32m2025-09-20 19:07:27 - Completed prompt #92[0m
[0;34m2025-09-20 19:07:32 - Generating prompt #93 (Section 6, Prompt 8/17)[0m
[1;33m2025-09-20 19:07:32 - Running prompt generation...[0m
PROMPT GENERATION COMPLETE - Prompt #93
[0;32m2025-09-20 19:07:59 - Completed prompt #93[0m
[0;34m2025-09-20 19:08:04 - Generating prompt #94 (Section 6, Prompt 9/17)[0m
[1;33m2025-09-20 19:08:04 - Running prompt generation...[0m
PROMPT GENERATION COMPLETE - Prompt #94
[0;32m2025-09-20 19:08:29 - Completed prompt #94[0m
[0;34m2025-09-20 19:08:34 - Generating prompt #95 (Section 6, Prompt 10/17)[0m
[1;33m2025-09-20 19:08:34 - Running prompt generation...[0m
PROMPT GENERATION COMPLETE - Prompt #95
[0;32m2025-09-20 19:08:58 - Completed prompt #95[0m
[0;34m2025-09-20 19:09:03 - Generating prompt #96 (Section 6, Prompt 11/17)[0m
[1;33m2025-09-20 19:09:03 - Running prompt generation...[0m
PROMPT GENERATION COMPLETE - Prompt #96
[0;32m2025-09-20 19:09:30 - Completed prompt #96[0m
[0;34m2025-09-20 19:09:35 - Generating prompt #97 (Section 6, Prompt 12/17)[0m
[1;33m2025-09-20 19:09:35 - Running prompt generation...[0m
PROMPT GENERATION COMPLETE - Prompt #97
[0;32m2025-09-20 19:10:01 - Completed prompt #97[0m
[0;34m2025-09-20 19:10:06 - Generating prompt #98 (Section 6, Prompt 13/17)[0m
[1;33m2025-09-20 19:10:06 - Running prompt generation...[0m
PROMPT GENERATION COMPLETE - Prompt #98
[0;32m2025-09-20 19:10:32 - Completed prompt #98[0m
[0;34m2025-09-20 19:10:37 - Generating prompt #99 (Section 6, Prompt 14/17)[0m
[1;33m2025-09-20 19:10:37 - Running prompt generation...[0m
[0;34m2025-09-20 19:10:46 - Starting Prompt Generation Cycle for template: fashion-design[0m
[0;32m2025-09-20 19:10:46 - Using existing worktree: ../templata-fashion-design[0m
[0;34m2025-09-20 19:10:46 - Generating prompt #99 (Section 6, Prompt 14/17)[0m
[1;33m2025-09-20 19:10:46 - Running prompt generation...[0m
PROMPT GENERATION COMPLETE - Prompt #99
[0;32m2025-09-20 19:11:01 - Completed prompt #99[0m
[0;34m2025-09-20 19:11:06 - Generating prompt #100 (Section 6, Prompt 15/17)[0m
[1;33m2025-09-20 19:11:06 - Running prompt generation...[0m
PROMPT GENERATION COMPLETE - Prompt #99
[0;32m2025-09-20 19:11:26 - Completed prompt #99[0m
[0;34m2025-09-20 19:11:31 - Generating prompt #101 (Section 6, Prompt 16/17)[0m
[1;33m2025-09-20 19:11:31 - Running prompt generation...[0m
PROMPT GENERATION COMPLETE - Prompt #100
[0;32m2025-09-20 19:11:47 - Completed prompt #100[0m
[0;34m2025-09-20 19:11:52 - Generating prompt #102 (Section 6, Prompt 17/17)[0m
[1;33m2025-09-20 19:11:52 - Running prompt generation...[0m
PROMPT GENERATION COMPLETE - Prompt #101
PROMPT GENERATION COMPLETE - Prompt #102
[0;34m2025-09-20 19:24:08 - Starting Prompt Generation Cycle for template: fashion-design[0m
[1;33m2025-09-20 19:24:08 - Override flag detected - resetting progress and recreating files[0m
[0;32m2025-09-20 19:24:08 - Progress reset to 0 for template: fashion-design[0m
[0;32m2025-09-20 19:24:08 - Using existing worktree: ../templata-fashion-design[0m
[1;33m2025-09-20 19:24:08 - Override flag detected - recreating template prompt file: prompts-fashion-design.ts[0m
[0;32m2025-09-20 19:24:08 - Created template prompt file: ../templata-fashion-design/src/data/prompts-fashion-design.ts[0m
[0;34m2025-09-20 19:24:08 - Generating prompt #1 (Section 1, Prompt 1/17)[0m
[1;33m2025-09-20 19:24:08 - Running prompt generation...[0m
PROMPT GENERATION COMPLETE - Prompt #1
[0;32m2025-09-20 19:24:25 - Completed prompt #1[0m
[0;34m2025-09-20 19:24:30 - Generating prompt #2 (Section 1, Prompt 2/17)[0m
[1;33m2025-09-20 19:24:30 - Running prompt generation...[0m
PROMPT GENERATION COMPLETE - Prompt #2
[0;32m2025-09-20 19:24:49 - Completed prompt #2[0m
[0;34m2025-09-20 19:24:54 - Generating prompt #3 (Section 1, Prompt 3/17)[0m
[1;33m2025-09-20 19:24:54 - Running prompt generation...[0m
PROMPT GENERATION COMPLETE - Prompt #3
[0;32m2025-09-20 19:25:11 - Completed prompt #3[0m
[0;34m2025-09-20 19:25:16 - Generating prompt #4 (Section 1, Prompt 4/17)[0m
[1;33m2025-09-20 19:25:16 - Running prompt generation...[0m
PROMPT GENERATION COMPLETE - Prompt #4
[0;32m2025-09-20 19:25:35 - Completed prompt #4[0m
[0;34m2025-09-20 19:25:40 - Generating prompt #5 (Section 1, Prompt 5/17)[0m
[1;33m2025-09-20 19:25:40 - Running prompt generation...[0m
PROMPT GENERATION COMPLETE - Prompt #5
[0;32m2025-09-20 19:25:58 - Completed prompt #5[0m
[0;34m2025-09-20 19:26:03 - Generating prompt #6 (Section 1, Prompt 6/17)[0m
[1;33m2025-09-20 19:26:03 - Running prompt generation...[0m
PROMPT GENERATION COMPLETE - Prompt #6
[0;32m2025-09-20 19:26:21 - Completed prompt #6[0m
[0;34m2025-09-20 19:26:26 - Generating prompt #7 (Section 1, Prompt 7/17)[0m
[1;33m2025-09-20 19:26:26 - Running prompt generation...[0m
PROMPT GENERATION COMPLETE - Prompt #7
[0;32m2025-09-20 19:26:43 - Completed prompt #7[0m
[0;34m2025-09-20 19:26:48 - Generating prompt #8 (Section 1, Prompt 8/17)[0m
[1;33m2025-09-20 19:26:48 - Running prompt generation...[0m
PROMPT GENERATION COMPLETE - Prompt #8
[0;32m2025-09-20 19:27:06 - Completed prompt #8[0m
[0;34m2025-09-20 19:27:11 - Generating prompt #9 (Section 1, Prompt 9/17)[0m
[1;33m2025-09-20 19:27:11 - Running prompt generation...[0m
PROMPT GENERATION COMPLETE - Prompt #9
[0;32m2025-09-20 19:27:30 - Completed prompt #9[0m
[0;34m2025-09-20 19:27:35 - Generating prompt #10 (Section 1, Prompt 10/17)[0m
[1;33m2025-09-20 19:27:35 - Running prompt generation...[0m
PROMPT GENERATION COMPLETE - Prompt #10
[0;32m2025-09-20 19:27:54 - Completed prompt #10[0m
[0;34m2025-09-20 19:27:59 - Generating prompt #11 (Section 1, Prompt 11/17)[0m
[1;33m2025-09-20 19:27:59 - Running prompt generation...[0m
PROMPT GENERATION COMPLETE - Prompt #11
[0;32m2025-09-20 19:28:18 - Completed prompt #11[0m
[0;34m2025-09-20 19:28:23 - Generating prompt #12 (Section 1, Prompt 12/17)[0m
[1;33m2025-09-20 19:28:23 - Running prompt generation...[0m
PROMPT GENERATION COMPLETE - Prompt #12
[0;32m2025-09-20 19:28:45 - Completed prompt #12[0m
[0;34m2025-09-20 19:28:50 - Generating prompt #13 (Section 1, Prompt 13/17)[0m
[1;33m2025-09-20 19:28:50 - Running prompt generation...[0m
PROMPT GENERATION COMPLETE - Prompt #13
[0;32m2025-09-20 19:29:09 - Completed prompt #13[0m
[0;34m2025-09-20 19:29:14 - Generating prompt #14 (Section 1, Prompt 14/17)[0m
[1;33m2025-09-20 19:29:14 - Running prompt generation...[0m
PROMPT GENERATION COMPLETE - Prompt #14
[0;32m2025-09-20 19:29:33 - Completed prompt #14[0m
[0;34m2025-09-20 19:29:38 - Generating prompt #15 (Section 1, Prompt 15/17)[0m
[1;33m2025-09-20 19:29:38 - Running prompt generation...[0m
PROMPT GENERATION COMPLETE - Prompt #15
[0;32m2025-09-20 19:29:57 - Completed prompt #15[0m
[0;34m2025-09-20 19:30:02 - Generating prompt #16 (Section 1, Prompt 16/17)[0m
[1;33m2025-09-20 19:30:02 - Running prompt generation...[0m
PROMPT GENERATION COMPLETE - Prompt #16
[0;32m2025-09-20 19:30:21 - Completed prompt #16[0m
[0;34m2025-09-20 19:30:26 - Generating prompt #17 (Section 1, Prompt 17/17)[0m
[1;33m2025-09-20 19:30:26 - Running prompt generation...[0m
PROMPT GENERATION COMPLETE - Prompt #17
[0;32m2025-09-20 19:30:44 - Completed prompt #17[0m
[0;34m2025-09-20 19:30:49 - Generating prompt #18 (Section 2, Prompt 1/17)[0m
[1;33m2025-09-20 19:30:49 - Running prompt generation...[0m
PROMPT GENERATION COMPLETE - Prompt #18
[0;32m2025-09-20 19:31:08 - Completed prompt #18[0m
[0;34m2025-09-20 19:31:13 - Generating prompt #19 (Section 2, Prompt 2/17)[0m
[1;33m2025-09-20 19:31:13 - Running prompt generation...[0m
PROMPT GENERATION COMPLETE - Prompt #19
[0;32m2025-09-20 19:31:35 - Completed prompt #19[0m
[0;34m2025-09-20 19:31:40 - Generating prompt #20 (Section 2, Prompt 3/17)[0m
[1;33m2025-09-20 19:31:40 - Running prompt generation...[0m
PROMPT GENERATION COMPLETE - Prompt #20
[0;32m2025-09-20 19:32:00 - Completed prompt #20[0m
[0;34m2025-09-20 19:32:05 - Generating prompt #21 (Section 2, Prompt 4/17)[0m
[1;33m2025-09-20 19:32:05 - Running prompt generation...[0m
PROMPT GENERATION COMPLETE - Prompt #21
[0;32m2025-09-20 19:32:24 - Completed prompt #21[0m
[0;34m2025-09-20 19:32:29 - Generating prompt #22 (Section 2, Prompt 5/17)[0m
[1;33m2025-09-20 19:32:29 - Running prompt generation...[0m
PROMPT GENERATION COMPLETE - Prompt #22
[0;32m2025-09-20 19:32:49 - Completed prompt #22[0m
[0;34m2025-09-20 19:32:54 - Generating prompt #23 (Section 2, Prompt 6/17)[0m
[1;33m2025-09-20 19:32:54 - Running prompt generation...[0m
PROMPT GENERATION COMPLETE - Prompt #23
[0;32m2025-09-20 19:33:14 - Completed prompt #23[0m
[0;34m2025-09-20 19:33:19 - Generating prompt #24 (Section 2, Prompt 7/17)[0m
[1;33m2025-09-20 19:33:19 - Running prompt generation...[0m
PROMPT GENERATION COMPLETE - Prompt #24
[0;32m2025-09-20 19:33:39 - Completed prompt #24[0m
[0;34m2025-09-20 19:33:44 - Generating prompt #25 (Section 2, Prompt 8/17)[0m
[1;33m2025-09-20 19:33:44 - Running prompt generation...[0m
PROMPT GENERATION COMPLETE - Prompt #25
[0;32m2025-09-20 19:34:04 - Completed prompt #25[0m
[0;34m2025-09-20 19:34:09 - Generating prompt #26 (Section 2, Prompt 9/17)[0m
[1;33m2025-09-20 19:34:09 - Running prompt generation...[0m
PROMPT GENERATION COMPLETE - Prompt #26
[0;32m2025-09-20 19:34:30 - Completed prompt #26[0m
[0;34m2025-09-20 19:34:35 - Generating prompt #27 (Section 2, Prompt 10/17)[0m
[1;33m2025-09-20 19:34:35 - Running prompt generation...[0m
PROMPT GENERATION COMPLETE - Prompt #27
[0;32m2025-09-20 19:34:56 - Completed prompt #27[0m
[0;34m2025-09-20 19:35:01 - Generating prompt #28 (Section 2, Prompt 11/17)[0m
[1;33m2025-09-20 19:35:01 - Running prompt generation...[0m
PROMPT GENERATION COMPLETE - Prompt #28
[0;32m2025-09-20 19:35:23 - Completed prompt #28[0m
[0;34m2025-09-20 19:35:28 - Generating prompt #29 (Section 2, Prompt 12/17)[0m
[1;33m2025-09-20 19:35:28 - Running prompt generation...[0m
PROMPT GENERATION COMPLETE - Prompt #29
[0;32m2025-09-20 19:35:49 - Completed prompt #29[0m
[0;34m2025-09-20 19:35:54 - Generating prompt #30 (Section 2, Prompt 13/17)[0m
[1;33m2025-09-20 19:35:54 - Running prompt generation...[0m
PROMPT GENERATION COMPLETE - Prompt #30
[0;32m2025-09-20 19:36:15 - Completed prompt #30[0m
[0;34m2025-09-20 19:36:20 - Generating prompt #31 (Section 2, Prompt 14/17)[0m
[1;33m2025-09-20 19:36:20 - Running prompt generation...[0m
PROMPT GENERATION COMPLETE - Prompt #31
[0;32m2025-09-20 19:36:40 - Completed prompt #31[0m
[0;34m2025-09-20 19:36:45 - Generating prompt #32 (Section 2, Prompt 15/17)[0m
[1;33m2025-09-20 19:36:45 - Running prompt generation...[0m
PROMPT GENERATION COMPLETE - Prompt #32
[0;32m2025-09-20 19:37:05 - Completed prompt #32[0m
[0;34m2025-09-20 19:37:10 - Generating prompt #33 (Section 2, Prompt 16/17)[0m
[1;33m2025-09-20 19:37:11 - Running prompt generation...[0m
PROMPT GENERATION COMPLETE - Prompt #33
[0;32m2025-09-20 19:37:34 - Completed prompt #33[0m
[0;34m2025-09-20 19:37:39 - Generating prompt #34 (Section 2, Prompt 17/17)[0m
[1;33m2025-09-20 19:37:39 - Running prompt generation...[0m
PROMPT GENERATION COMPLETE - Prompt #34
[0;32m2025-09-20 19:37:59 - Completed prompt #34[0m
[0;34m2025-09-20 19:38:04 - Generating prompt #35 (Section 3, Prompt 1/17)[0m
[1;33m2025-09-20 19:38:04 - Running prompt generation...[0m
PROMPT GENERATION COMPLETE - Prompt #35
[0;32m2025-09-20 19:38:24 - Completed prompt #35[0m
[0;34m2025-09-20 19:38:29 - Generating prompt #36 (Section 3, Prompt 2/17)[0m
[1;33m2025-09-20 19:38:29 - Running prompt generation...[0m
PROMPT GENERATION COMPLETE - Prompt #36
[0;32m2025-09-20 19:38:52 - Completed prompt #36[0m
[0;34m2025-09-20 19:38:57 - Generating prompt #37 (Section 3, Prompt 3/17)[0m
[1;33m2025-09-20 19:38:57 - Running prompt generation...[0m
PROMPT GENERATION COMPLETE - Prompt #37
[0;32m2025-09-20 19:39:20 - Completed prompt #37[0m
[0;34m2025-09-20 19:39:25 - Generating prompt #38 (Section 3, Prompt 4/17)[0m
[1;33m2025-09-20 19:39:25 - Running prompt generation...[0m
PROMPT GENERATION COMPLETE - Prompt #38
[0;32m2025-09-20 19:39:45 - Completed prompt #38[0m
[0;34m2025-09-20 19:39:50 - Generating prompt #39 (Section 3, Prompt 5/17)[0m
[1;33m2025-09-20 19:39:50 - Running prompt generation...[0m
PROMPT GENERATION COMPLETE - Prompt #39
[0;32m2025-09-20 19:40:11 - Completed prompt #39[0m
[0;34m2025-09-20 19:40:16 - Generating prompt #40 (Section 3, Prompt 6/17)[0m
[1;33m2025-09-20 19:40:16 - Running prompt generation...[0m
PROMPT GENERATION COMPLETE - Prompt #40
[0;32m2025-09-20 19:40:37 - Completed prompt #40[0m
[0;34m2025-09-20 19:40:42 - Generating prompt #41 (Section 3, Prompt 7/17)[0m
[1;33m2025-09-20 19:40:42 - Running prompt generation...[0m
<invoke name="Edit">
<parameter name="file_path">/Users/ikim1/Documents/GitHub/templata-fashion-design/src/data/prompts-fashion-design.ts</parameter>
<parameter name="old_string">  {
    id: 'prompt-40',
    prompt: 'Schedule and complete a fashion trend forecasting workshop to learn how to predict upcoming styles and colors for future collections',
    category: 'action',
    helpText: 'Understanding trend forecasting is essential for creating collections that align with market demand and seasonal buying patterns. Learning to analyze cultural influences, runway shows, and consumer behavior data helps you design pieces that feel current and desirable when they reach the market. This skill enables you to balance creative vision with commercial viability and stay ahead of competitors in the fast-paced fashion industry.'
  }
];</parameter>
<parameter name="new_string">  {
    id: 'prompt-40',
    prompt: 'Schedule and complete a fashion trend forecasting workshop to learn how to predict upcoming styles and colors for future collections',
    category: 'action',
    helpText: 'Understanding trend forecasting is essential for creating collections that align with market demand and seasonal buying patterns. Learning to analyze cultural influences, runway shows, and consumer behavior data helps you design pieces that feel current and desirable when they reach the market. This skill enables you to balance creative vision with commercial viability and stay ahead of competitors in the fast-paced fashion industry.'
  },
  {
    id: 'prompt-41',
    prompt: 'Create detailed construction drawings showing seam placement, stitch types, and finishing methods for your 3 most complex garment designs',
    category: 'action',
    helpText: 'Technical construction drawings are essential for communicating your design intent to manufacturers and ensuring consistent production quality. These detailed diagrams show exactly how each seam should be sewn, what type of stitching to use, and how edges should be finished, preventing costly mistakes during production. Creating these drawings also deepens your understanding of garment construction and helps you identify potential technical challenges before they become expensive problems.'
  }
];</parameter>
</invoke>
[0;32m2025-09-20 19:40:59 - Completed prompt #41[0m
[0;34m2025-09-20 19:41:04 - Generating prompt #42 (Section 3, Prompt 8/17)[0m
[1;33m2025-09-20 19:41:04 - Running prompt generation...[0m
<invoke name="Edit">
<parameter name="file_path">/Users/ikim1/Documents/GitHub/templata-fashion-design/src/data/prompts-fashion-design.ts</parameter>
<parameter name="old_string">  {
    id: 'prompt-40',
    prompt: 'Schedule and complete a fashion trend forecasting workshop to learn how to predict upcoming styles and colors for future collections',
    category: 'action',
    helpText: 'Understanding trend forecasting is essential for creating collections that align with market demand and seasonal buying patterns. Learning to analyze cultural influences, runway shows, and consumer behavior data helps you design pieces that feel current and desirable when they reach the market. This skill enables you to balance creative vision with commercial viability and stay ahead of competitors in the fast-paced fashion industry.'
  }
];</parameter>
<parameter name="new_string">  {
    id: 'prompt-40',
    prompt: 'Schedule and complete a fashion trend forecasting workshop to learn how to predict upcoming styles and colors for future collections',
    category: 'action',
    helpText: 'Understanding trend forecasting is essential for creating collections that align with market demand and seasonal buying patterns. Learning to analyze cultural influences, runway shows, and consumer behavior data helps you design pieces that feel current and desirable when they reach the market. This skill enables you to balance creative vision with commercial viability and stay ahead of competitors in the fast-paced fashion industry.'
  },
  {
    id: 'prompt-42',
    prompt: 'Source and order specialized notions and hardware for 5 different closure types including zippers, buttons, and clasps',
    category: 'action',
    helpText: 'Developing a comprehensive notions inventory with various closure options is essential for creating professional-quality garments and expanding your design possibilities. Research suppliers for invisible zippers, decorative buttons, hook-and-eye closures, snap fasteners, and magnetic clasps to understand quality differences and cost implications. Having these materials on hand allows you to experiment with different closure styles and ensures you can complete garments without production delays.'
  }
];</parameter>
</invoke>
[0;32m2025-09-20 19:41:22 - Completed prompt #42[0m
[0;34m2025-09-20 19:41:27 - Generating prompt #43 (Section 3, Prompt 9/17)[0m
[1;33m2025-09-20 19:41:27 - Running prompt generation...[0m
PROMPT GENERATION COMPLETE - Prompt #43
[0;32m2025-09-20 19:41:58 - Completed prompt #43[0m
[0;34m2025-09-20 19:42:03 - Generating prompt #44 (Section 3, Prompt 10/17)[0m
[1;33m2025-09-20 19:42:03 - Running prompt generation...[0m
PROMPT GENERATION COMPLETE - Prompt #44
[0;32m2025-09-20 19:42:24 - Completed prompt #44[0m
[0;34m2025-09-20 19:42:29 - Generating prompt #45 (Section 3, Prompt 11/17)[0m
[1;33m2025-09-20 19:42:29 - Running prompt generation...[0m
PROMPT GENERATION COMPLETE - Prompt #45
[0;32m2025-09-20 19:42:51 - Completed prompt #45[0m
[0;34m2025-09-20 19:42:56 - Generating prompt #46 (Section 3, Prompt 12/17)[0m
[1;33m2025-09-20 19:42:56 - Running prompt generation...[0m
PROMPT GENERATION COMPLETE - Prompt #46
[0;32m2025-09-20 19:43:18 - Completed prompt #46[0m
[0;34m2025-09-20 19:43:23 - Generating prompt #47 (Section 3, Prompt 13/17)[0m
[1;33m2025-09-20 19:43:23 - Running prompt generation...[0m
PROMPT GENERATION COMPLETE - Prompt #47
[0;32m2025-09-20 19:43:45 - Completed prompt #47[0m
[0;34m2025-09-20 19:43:50 - Generating prompt #48 (Section 3, Prompt 14/17)[0m
[1;33m2025-09-20 19:43:50 - Running prompt generation...[0m
PROMPT GENERATION COMPLETE - Prompt #48
[0;32m2025-09-20 19:44:11 - Completed prompt #48[0m
[0;34m2025-09-20 19:44:16 - Generating prompt #49 (Section 3, Prompt 15/17)[0m
[1;33m2025-09-20 19:44:16 - Running prompt generation...[0m
PROMPT GENERATION COMPLETE - Prompt #49
[0;32m2025-09-20 19:44:36 - Completed prompt #49[0m
[0;34m2025-09-20 19:44:41 - Generating prompt #50 (Section 3, Prompt 16/17)[0m
[1;33m2025-09-20 19:44:41 - Running prompt generation...[0m
PROMPT GENERATION COMPLETE - Prompt #50
[0;32m2025-09-20 19:45:00 - Completed prompt #50[0m
[0;34m2025-09-20 19:45:05 - Generating prompt #51 (Section 3, Prompt 17/17)[0m
[1;33m2025-09-20 19:45:05 - Running prompt generation...[0m
PROMPT GENERATION COMPLETE - Prompt #51
[0;32m2025-09-20 19:45:27 - Completed prompt #51[0m
[0;34m2025-09-20 19:45:32 - Generating prompt #52 (Section 4, Prompt 1/17)[0m
[1;33m2025-09-20 19:45:32 - Running prompt generation...[0m
PROMPT GENERATION COMPLETE - Prompt #52
[0;32m2025-09-20 19:45:54 - Completed prompt #52[0m
[0;34m2025-09-20 19:45:59 - Generating prompt #53 (Section 4, Prompt 2/17)[0m
[1;33m2025-09-20 19:45:59 - Running prompt generation...[0m
PROMPT GENERATION COMPLETE - Prompt #53
[0;32m2025-09-20 19:46:23 - Completed prompt #53[0m
[0;34m2025-09-20 19:46:28 - Generating prompt #54 (Section 4, Prompt 3/17)[0m
[1;33m2025-09-20 19:46:28 - Running prompt generation...[0m
PROMPT GENERATION COMPLETE - Prompt #54
[0;32m2025-09-20 19:46:47 - Completed prompt #54[0m
[0;34m2025-09-20 19:46:52 - Generating prompt #55 (Section 4, Prompt 4/17)[0m
[1;33m2025-09-20 19:46:52 - Running prompt generation...[0m
PROMPT GENERATION COMPLETE - Prompt #55
[0;32m2025-09-20 19:47:12 - Completed prompt #55[0m
[0;34m2025-09-20 19:47:17 - Generating prompt #56 (Section 4, Prompt 5/17)[0m
[1;33m2025-09-20 19:47:17 - Running prompt generation...[0m
PROMPT GENERATION COMPLETE - Prompt #56
[0;32m2025-09-20 19:47:37 - Completed prompt #56[0m
[0;34m2025-09-20 19:47:42 - Generating prompt #57 (Section 4, Prompt 6/17)[0m
[1;33m2025-09-20 19:47:42 - Running prompt generation...[0m
PROMPT GENERATION COMPLETE - Prompt #57
[0;32m2025-09-20 19:48:03 - Completed prompt #57[0m
[0;34m2025-09-20 19:48:08 - Generating prompt #58 (Section 4, Prompt 7/17)[0m
[1;33m2025-09-20 19:48:08 - Running prompt generation...[0m
PROMPT GENERATION COMPLETE - Prompt #58
[0;32m2025-09-20 19:48:30 - Completed prompt #58[0m
[0;34m2025-09-20 19:48:35 - Generating prompt #59 (Section 4, Prompt 8/17)[0m
[1;33m2025-09-20 19:48:35 - Running prompt generation...[0m
PROMPT GENERATION COMPLETE - Prompt #59
[0;32m2025-09-20 19:48:55 - Completed prompt #59[0m
[0;34m2025-09-20 19:49:00 - Generating prompt #60 (Section 4, Prompt 9/17)[0m
[1;33m2025-09-20 19:49:00 - Running prompt generation...[0m
PROMPT GENERATION COMPLETE - Prompt #60
[0;32m2025-09-20 19:49:23 - Completed prompt #60[0m
[0;34m2025-09-20 19:49:28 - Generating prompt #61 (Section 4, Prompt 10/17)[0m
[1;33m2025-09-20 19:49:28 - Running prompt generation...[0m
PROMPT GENERATION COMPLETE - Prompt #61
[0;32m2025-09-20 19:49:48 - Completed prompt #61[0m
[0;34m2025-09-20 19:49:53 - Generating prompt #62 (Section 4, Prompt 11/17)[0m
[1;33m2025-09-20 19:49:53 - Running prompt generation...[0m
PROMPT GENERATION COMPLETE - Prompt #62
[0;32m2025-09-20 19:50:13 - Completed prompt #62[0m
[0;34m2025-09-20 19:50:18 - Generating prompt #63 (Section 4, Prompt 12/17)[0m
[1;33m2025-09-20 19:50:18 - Running prompt generation...[0m
PROMPT GENERATION COMPLETE - Prompt #63
[0;32m2025-09-20 19:50:37 - Completed prompt #63[0m
[0;34m2025-09-20 19:50:42 - Generating prompt #64 (Section 4, Prompt 13/17)[0m
[1;33m2025-09-20 19:50:42 - Running prompt generation...[0m
PROMPT GENERATION COMPLETE - Prompt #64
[0;32m2025-09-20 19:51:02 - Completed prompt #64[0m
[0;34m2025-09-20 19:51:07 - Generating prompt #65 (Section 4, Prompt 14/17)[0m
[1;33m2025-09-20 19:51:07 - Running prompt generation...[0m
PROMPT GENERATION COMPLETE - Prompt #65
[0;32m2025-09-20 19:51:27 - Completed prompt #65[0m
[0;34m2025-09-20 19:51:32 - Generating prompt #66 (Section 4, Prompt 15/17)[0m
[1;33m2025-09-20 19:51:32 - Running prompt generation...[0m
PROMPT GENERATION COMPLETE - Prompt #66
[0;32m2025-09-20 19:51:58 - Completed prompt #66[0m
[0;34m2025-09-20 19:52:03 - Generating prompt #67 (Section 4, Prompt 16/17)[0m
[1;33m2025-09-20 19:52:03 - Running prompt generation...[0m
PROMPT GENERATION COMPLETE - Prompt #67
[0;32m2025-09-20 19:52:23 - Completed prompt #67[0m
[0;34m2025-09-20 19:52:28 - Generating prompt #68 (Section 4, Prompt 17/17)[0m
[1;33m2025-09-20 19:52:28 - Running prompt generation...[0m
PROMPT GENERATION COMPLETE - Prompt #68
[0;32m2025-09-20 19:52:49 - Completed prompt #68[0m
[0;34m2025-09-20 19:52:54 - Generating prompt #69 (Section 5, Prompt 1/17)[0m
[1;33m2025-09-20 19:52:54 - Running prompt generation...[0m
PROMPT GENERATION COMPLETE - Prompt #69
[0;32m2025-09-20 19:53:16 - Completed prompt #69[0m
[0;34m2025-09-20 19:53:21 - Generating prompt #70 (Section 5, Prompt 2/17)[0m
[1;33m2025-09-20 19:53:21 - Running prompt generation...[0m
PROMPT GENERATION COMPLETE - Prompt #70
[0;32m2025-09-20 19:53:43 - Completed prompt #70[0m
[0;34m2025-09-20 19:53:48 - Generating prompt #71 (Section 5, Prompt 3/17)[0m
[1;33m2025-09-20 19:53:48 - Running prompt generation...[0m
PROMPT GENERATION COMPLETE - Prompt #71
[0;32m2025-09-20 19:54:09 - Completed prompt #71[0m
[0;34m2025-09-20 19:54:14 - Generating prompt #72 (Section 5, Prompt 4/17)[0m
[1;33m2025-09-20 19:54:14 - Running prompt generation...[0m
PROMPT GENERATION COMPLETE - Prompt #72
[0;32m2025-09-20 19:54:36 - Completed prompt #72[0m
[0;34m2025-09-20 19:54:41 - Generating prompt #73 (Section 5, Prompt 5/17)[0m
[1;33m2025-09-20 19:54:41 - Running prompt generation...[0m
PROMPT GENERATION COMPLETE - Prompt #73
[0;32m2025-09-20 19:55:01 - Completed prompt #73[0m
[0;34m2025-09-20 19:55:06 - Generating prompt #74 (Section 5, Prompt 6/17)[0m
[1;33m2025-09-20 19:55:06 - Running prompt generation...[0m
PROMPT GENERATION COMPLETE - Prompt #74
[0;32m2025-09-20 19:55:25 - Completed prompt #74[0m
[0;34m2025-09-20 19:55:30 - Generating prompt #75 (Section 5, Prompt 7/17)[0m
[1;33m2025-09-20 19:55:30 - Running prompt generation...[0m
PROMPT GENERATION COMPLETE - Prompt #75
[0;32m2025-09-20 19:55:50 - Completed prompt #75[0m
[0;34m2025-09-20 19:55:55 - Generating prompt #76 (Section 5, Prompt 8/17)[0m
[1;33m2025-09-20 19:55:55 - Running prompt generation...[0m
PROMPT GENERATION COMPLETE - Prompt #76
[0;32m2025-09-20 19:56:15 - Completed prompt #76[0m
[0;34m2025-09-20 19:56:20 - Generating prompt #77 (Section 5, Prompt 9/17)[0m
[1;33m2025-09-20 19:56:20 - Running prompt generation...[0m
PROMPT GENERATION COMPLETE - Prompt #77
[0;32m2025-09-20 19:56:39 - Completed prompt #77[0m
[0;34m2025-09-20 19:56:44 - Generating prompt #78 (Section 5, Prompt 10/17)[0m
[1;33m2025-09-20 19:56:44 - Running prompt generation...[0m
PROMPT GENERATION COMPLETE - Prompt #78
[0;32m2025-09-20 19:57:04 - Completed prompt #78[0m
[0;34m2025-09-20 19:57:09 - Generating prompt #79 (Section 5, Prompt 11/17)[0m
[1;33m2025-09-20 19:57:09 - Running prompt generation...[0m
PROMPT GENERATION COMPLETE - Prompt #79
[0;32m2025-09-20 19:57:31 - Completed prompt #79[0m
[0;34m2025-09-20 19:57:36 - Generating prompt #80 (Section 5, Prompt 12/17)[0m
[1;33m2025-09-20 19:57:36 - Running prompt generation...[0m
PROMPT GENERATION COMPLETE - Prompt #80
[0;32m2025-09-20 19:57:57 - Completed prompt #80[0m
[0;34m2025-09-20 19:58:02 - Generating prompt #81 (Section 5, Prompt 13/17)[0m
[1;33m2025-09-20 19:58:02 - Running prompt generation...[0m
PROMPT GENERATION COMPLETE - Prompt #81
[0;32m2025-09-20 19:58:24 - Completed prompt #81[0m
[0;34m2025-09-20 19:58:29 - Generating prompt #82 (Section 5, Prompt 14/17)[0m
[1;33m2025-09-20 19:58:29 - Running prompt generation...[0m
PROMPT GENERATION COMPLETE - Prompt #82
[0;32m2025-09-20 19:58:51 - Completed prompt #82[0m
[0;34m2025-09-20 19:58:57 - Generating prompt #83 (Section 5, Prompt 15/17)[0m
[1;33m2025-09-20 19:58:57 - Running prompt generation...[0m
PROMPT GENERATION COMPLETE - Prompt #83
[0;32m2025-09-20 19:59:18 - Completed prompt #83[0m
[0;34m2025-09-20 19:59:23 - Generating prompt #84 (Section 5, Prompt 16/17)[0m
[1;33m2025-09-20 19:59:23 - Running prompt generation...[0m
PROMPT GENERATION COMPLETE - Prompt #84
[0;32m2025-09-20 19:59:45 - Completed prompt #84[0m
[0;34m2025-09-20 19:59:50 - Generating prompt #85 (Section 5, Prompt 17/17)[0m
[1;33m2025-09-20 19:59:50 - Running prompt generation...[0m
PROMPT GENERATION COMPLETE - Prompt #85
[0;32m2025-09-20 20:00:13 - Completed prompt #85[0m
[0;34m2025-09-20 20:00:18 - Generating prompt #86 (Section 6, Prompt 1/17)[0m
[1;33m2025-09-20 20:00:19 - Running prompt generation...[0m
PROMPT GENERATION COMPLETE - Prompt #86
[0;32m2025-09-20 20:00:40 - Completed prompt #86[0m
[0;34m2025-09-20 20:00:45 - Generating prompt #87 (Section 6, Prompt 2/17)[0m
[1;33m2025-09-20 20:00:45 - Running prompt generation...[0m
PROMPT GENERATION COMPLETE - Prompt #87
[0;32m2025-09-20 20:01:07 - Completed prompt #87[0m
[0;34m2025-09-20 20:01:12 - Generating prompt #88 (Section 6, Prompt 3/17)[0m
[1;33m2025-09-20 20:01:12 - Running prompt generation...[0m
PROMPT GENERATION COMPLETE - Prompt #88
[0;32m2025-09-20 20:01:34 - Completed prompt #88[0m
[0;34m2025-09-20 20:01:39 - Generating prompt #89 (Section 6, Prompt 4/17)[0m
[1;33m2025-09-20 20:01:39 - Running prompt generation...[0m
PROMPT GENERATION COMPLETE - Prompt #89
[0;32m2025-09-20 20:02:02 - Completed prompt #89[0m
[0;34m2025-09-20 20:02:07 - Generating prompt #90 (Section 6, Prompt 5/17)[0m
[1;33m2025-09-20 20:02:07 - Running prompt generation...[0m
PROMPT GENERATION COMPLETE - Prompt #90
[0;32m2025-09-20 20:02:28 - Completed prompt #90[0m
[0;34m2025-09-20 20:02:33 - Generating prompt #91 (Section 6, Prompt 6/17)[0m
[1;33m2025-09-20 20:02:33 - Running prompt generation...[0m
PROMPT GENERATION COMPLETE - Prompt #91
[0;32m2025-09-20 20:02:56 - Completed prompt #91[0m
[0;34m2025-09-20 20:03:01 - Generating prompt #92 (Section 6, Prompt 7/17)[0m
[1;33m2025-09-20 20:03:01 - Running prompt generation...[0m
PROMPT GENERATION COMPLETE - Prompt #92
[0;32m2025-09-20 20:03:24 - Completed prompt #92[0m
[0;34m2025-09-20 20:03:29 - Generating prompt #93 (Section 6, Prompt 8/17)[0m
[1;33m2025-09-20 20:03:29 - Running prompt generation...[0m
PROMPT GENERATION COMPLETE - Prompt #93
[0;32m2025-09-20 20:03:48 - Completed prompt #93[0m
[0;34m2025-09-20 20:03:53 - Generating prompt #94 (Section 6, Prompt 9/17)[0m
[1;33m2025-09-20 20:03:53 - Running prompt generation...[0m
PROMPT GENERATION COMPLETE - Prompt #94
[0;32m2025-09-20 20:04:13 - Completed prompt #94[0m
[0;34m2025-09-20 20:04:18 - Generating prompt #95 (Section 6, Prompt 10/17)[0m
[1;33m2025-09-20 20:04:18 - Running prompt generation...[0m
PROMPT GENERATION COMPLETE - Prompt #95
[0;32m2025-09-20 20:04:37 - Completed prompt #95[0m
[0;34m2025-09-20 20:04:43 - Generating prompt #96 (Section 6, Prompt 11/17)[0m
[1;33m2025-09-20 20:04:43 - Running prompt generation...[0m
PROMPT GENERATION COMPLETE - Prompt #96
[0;32m2025-09-20 20:05:01 - Completed prompt #96[0m
[0;34m2025-09-20 20:05:06 - Generating prompt #97 (Section 6, Prompt 12/17)[0m
[1;33m2025-09-20 20:05:06 - Running prompt generation...[0m
PROMPT GENERATION COMPLETE - Prompt #97
[0;32m2025-09-20 20:05:25 - Completed prompt #97[0m
[0;34m2025-09-20 20:05:30 - Generating prompt #98 (Section 6, Prompt 13/17)[0m
[1;33m2025-09-20 20:05:30 - Running prompt generation...[0m
PROMPT GENERATION COMPLETE - Prompt #98
[0;32m2025-09-20 20:05:50 - Completed prompt #98[0m
[0;34m2025-09-20 20:05:55 - Generating prompt #99 (Section 6, Prompt 14/17)[0m
[1;33m2025-09-20 20:05:55 - Running prompt generation...[0m
PROMPT GENERATION COMPLETE - Prompt #99
[0;32m2025-09-20 20:06:13 - Completed prompt #99[0m
[0;34m2025-09-20 20:06:18 - Generating prompt #100 (Section 6, Prompt 15/17)[0m
[1;33m2025-09-20 20:06:18 - Running prompt generation...[0m
5-hour limit reached ∙ resets 12am
[0;32m2025-09-20 20:06:27 - Completed prompt #100[0m
[0;34m2025-09-20 20:06:32 - Generating prompt #101 (Section 6, Prompt 16/17)[0m
[1;33m2025-09-20 20:06:32 - Running prompt generation...[0m
5-hour limit reached ∙ resets 12am
[0;32m2025-09-20 20:06:39 - Completed prompt #101[0m
[0;34m2025-09-20 20:06:44 - Generating prompt #102 (Section 6, Prompt 17/17)[0m
[1;33m2025-09-20 20:06:44 - Running prompt generation...[0m
5-hour limit reached ∙ resets 12am
[0;32m2025-09-20 20:06:51 - Completed prompt #102[0m
[0;34m2025-09-21 00:03:25 - Starting Prompt Generation Cycle for template: fashion-design[0m
[0;32m2025-09-21 00:03:25 - Using existing worktree: ../templata-fashion-design[0m
[0;34m2025-09-21 00:07:45 - Starting Prompt Generation Cycle for template: fashion-design[0m
[0;32m2025-09-21 00:07:45 - Using existing worktree: ../templata-fashion-design[0m
[0;34m2025-09-21 00:14:37 - Starting Prompt Generation Cycle for template: fashion-design[0m
[0;32m2025-09-21 00:14:37 - Using existing worktree: ../templata-fashion-design[0m
[0;34m2025-09-21 00:14:37 - Generating prompt #100 (Section 6, Prompt 15/17)[0m
[1;33m2025-09-21 00:14:37 - Running prompt generation...[0m
PROMPT GENERATION COMPLETE - Prompt #100
[0;32m2025-09-21 00:15:10 - Completed prompt #100[0m
[0;34m2025-09-21 00:15:15 - Generating prompt #101 (Section 6, Prompt 16/17)[0m
[1;33m2025-09-21 00:15:15 - Running prompt generation...[0m
PROMPT GENERATION COMPLETE - Prompt #101
[0;32m2025-09-21 00:15:41 - Completed prompt #101[0m
[0;34m2025-09-21 00:15:46 - Generating prompt #102 (Section 6, Prompt 17/17)[0m
[1;33m2025-09-21 00:15:46 - Running prompt generation...[0m
PROMPT GENERATION COMPLETE - Prompt #102
[0;32m2025-09-21 00:16:04 - Completed prompt #102[0m
