[0;34m2025-09-22 08:36:13 - Starting Prompt Generation Cycle for template: retirement-lifestyle[0m
[1;33m2025-09-22 08:36:13 - Override flag detected - resetting progress and recreating files[0m
[0;32m2025-09-22 08:36:13 - Progress reset to 0 for template: retirement-lifestyle[0m
[0;32m2025-09-22 08:36:13 - Using existing worktree: ../templata-retirement-lifestyle[0m
[1;33m2025-09-22 08:36:13 - Creating template prompt file: prompts-retirement-lifestyle.ts[0m
[0;32m2025-09-22 08:36:13 - Created template prompt file: ../templata-retirement-lifestyle/src/data/prompts-retirement-lifestyle.ts[0m
[0;34m2025-09-22 08:36:13 - Generating prompt #1 (Section 1, Prompt 1/17)[0m
[1;33m2025-09-22 08:36:13 - Running prompt generation...[0m
PROMPT GENERATION COMPLETE - Prompt #1
[0;32m2025-09-22 08:36:43 - Completed prompt #1[0m
[0;34m2025-09-22 08:36:48 - Generating prompt #2 (Section 1, Prompt 2/17)[0m
[1;33m2025-09-22 08:36:48 - Running prompt generation...[0m
PROMPT GENERATION COMPLETE - Prompt #2
[0;32m2025-09-22 08:37:17 - Completed prompt #2[0m
[0;34m2025-09-22 08:37:22 - Generating prompt #3 (Section 1, Prompt 3/17)[0m
[1;33m2025-09-22 08:37:22 - Running prompt generation...[0m
PROMPT GENERATION COMPLETE - Prompt #3
[0;32m2025-09-22 08:37:51 - Completed prompt #3[0m
[0;34m2025-09-22 08:37:56 - Generating prompt #4 (Section 1, Prompt 4/17)[0m
[1;33m2025-09-22 08:37:56 - Running prompt generation...[0m
PROMPT GENERATION COMPLETE - Prompt #4
[0;32m2025-09-22 08:38:22 - Completed prompt #4[0m
[0;34m2025-09-22 08:38:27 - Generating prompt #5 (Section 1, Prompt 5/17)[0m
[1;33m2025-09-22 08:38:27 - Running prompt generation...[0m
PROMPT GENERATION COMPLETE - Prompt #5
[0;32m2025-09-22 08:38:51 - Completed prompt #5[0m
[0;34m2025-09-22 08:38:56 - Generating prompt #6 (Section 1, Prompt 6/17)[0m
[1;33m2025-09-22 08:38:56 - Running prompt generation...[0m
PROMPT GENERATION COMPLETE - Prompt #6
[0;34m2025-09-22 08:56:35 - Starting Prompt Generation Cycle for template: retirement-lifestyle[0m
[0;32m2025-09-22 08:56:35 - Using existing worktree: ../templata-retirement-lifestyle[0m
[0;34m2025-09-22 08:56:35 - Generating prompt #6 (Section 1, Prompt 6/17)[0m
[1;33m2025-09-22 08:56:35 - Running prompt generation...[0m
I see that prompt #6 already exists in the file. Let me check if there are any gaps or if I need to replace the existing prompt #6.

Looking at the existing prompts, I can see that prompt #6 already covers Medicare research, which is indeed a foundational understanding topic for retirement. Since the prompt is already well-crafted and fits the requirements (research category, practical action, good helpText), the task appears to be complete.

PROMPT GENERATION COMPLETE - Prompt #6
[0;32m2025-09-22 08:56:54 - Completed prompt #6[0m
[0;34m2025-09-22 08:56:59 - Generating prompt #7 (Section 1, Prompt 7/17)[0m
[1;33m2025-09-22 08:56:59 - Running prompt generation...[0m
PROMPT GENERATION COMPLETE - Prompt #7
[0;32m2025-09-22 08:57:25 - Completed prompt #7[0m
[0;34m2025-09-22 08:57:30 - Generating prompt #8 (Section 1, Prompt 8/17)[0m
[1;33m2025-09-22 08:57:30 - Running prompt generation...[0m
PROMPT GENERATION COMPLETE - Prompt #8
[0;32m2025-09-22 08:57:55 - Completed prompt #8[0m
[0;34m2025-09-22 08:58:00 - Generating prompt #9 (Section 1, Prompt 9/17)[0m
[1;33m2025-09-22 08:58:00 - Running prompt generation...[0m
PROMPT GENERATION COMPLETE - Prompt #9
[0;32m2025-09-22 08:58:23 - Completed prompt #9[0m
[0;34m2025-09-22 08:58:28 - Generating prompt #10 (Section 1, Prompt 10/17)[0m
[1;33m2025-09-22 08:58:28 - Running prompt generation...[0m
PROMPT GENERATION COMPLETE - Prompt #10
[0;32m2025-09-22 08:58:55 - Completed prompt #10[0m
[0;34m2025-09-22 08:59:00 - Generating prompt #11 (Section 1, Prompt 11/17)[0m
[1;33m2025-09-22 08:59:00 - Running prompt generation...[0m
PROMPT GENERATION COMPLETE - Prompt #11
[0;32m2025-09-22 08:59:23 - Completed prompt #11[0m
[0;34m2025-09-22 08:59:28 - Generating prompt #12 (Section 1, Prompt 12/17)[0m
[1;33m2025-09-22 08:59:28 - Running prompt generation...[0m
