[0;34m2025-09-22 02:40:33 - Starting Prompt Generation Cycle for template: long-distance-relationship[0m
[1;33m2025-09-22 02:40:33 - Override flag detected - resetting progress and recreating files[0m
[0;32m2025-09-22 02:40:33 - Progress reset to 0 for template: long-distance-relationship[0m
[0;32m2025-09-22 02:40:33 - Using existing worktree: ../templata-long-distance-relationship[0m
[1;33m2025-09-22 02:40:33 - Creating template prompt file: prompts-long-distance-relationship.ts[0m
[0;32m2025-09-22 02:40:33 - Created template prompt file: ../templata-long-distance-relationship/src/data/prompts-long-distance-relationship.ts[0m
[0;34m2025-09-22 02:40:33 - Generating prompt #1 (Section 1, Prompt 1/17)[0m
[1;33m2025-09-22 02:40:33 - Running prompt generation...[0m
PROMPT GENERATION COMPLETE - Prompt #1
[0;32m2025-09-22 02:40:59 - Completed prompt #1[0m
[0;34m2025-09-22 02:41:04 - Generating prompt #2 (Section 1, Prompt 2/17)[0m
[1;33m2025-09-22 02:41:04 - Running prompt generation...[0m
PROMPT GENERATION COMPLETE - Prompt #2
[0;32m2025-09-22 02:41:27 - Completed prompt #2[0m
[0;34m2025-09-22 02:41:32 - Generating prompt #3 (Section 1, Prompt 3/17)[0m
[1;33m2025-09-22 02:41:32 - Running prompt generation...[0m
PROMPT GENERATION COMPLETE - Prompt #3
[0;32m2025-09-22 02:41:56 - Completed prompt #3[0m
[0;34m2025-09-22 02:42:01 - Generating prompt #4 (Section 1, Prompt 4/17)[0m
[1;33m2025-09-22 02:42:01 - Running prompt generation...[0m
PROMPT GENERATION COMPLETE - Prompt #4
[0;32m2025-09-22 02:42:26 - Completed prompt #4[0m
[0;34m2025-09-22 02:42:31 - Generating prompt #5 (Section 1, Prompt 5/17)[0m
[1;33m2025-09-22 02:42:31 - Running prompt generation...[0m
PROMPT GENERATION COMPLETE - Prompt #5
[0;32m2025-09-22 02:42:54 - Completed prompt #5[0m
[0;34m2025-09-22 02:42:59 - Generating prompt #6 (Section 1, Prompt 6/17)[0m
[1;33m2025-09-22 02:42:59 - Running prompt generation...[0m
PROMPT GENERATION COMPLETE - Prompt #6
[0;32m2025-09-22 02:43:22 - Completed prompt #6[0m
[0;34m2025-09-22 02:43:27 - Generating prompt #7 (Section 1, Prompt 7/17)[0m
[1;33m2025-09-22 02:43:27 - Running prompt generation...[0m
PROMPT GENERATION COMPLETE - Prompt #7
[0;32m2025-09-22 02:43:48 - Completed prompt #7[0m
[0;34m2025-09-22 02:43:53 - Generating prompt #8 (Section 1, Prompt 8/17)[0m
[1;33m2025-09-22 02:43:53 - Running prompt generation...[0m
PROMPT GENERATION COMPLETE - Prompt #8
[0;32m2025-09-22 02:44:17 - Completed prompt #8[0m
[0;34m2025-09-22 02:44:22 - Generating prompt #9 (Section 1, Prompt 9/17)[0m
[1;33m2025-09-22 02:44:22 - Running prompt generation...[0m
PROMPT GENERATION COMPLETE - Prompt #9
[0;32m2025-09-22 02:44:45 - Completed prompt #9[0m
[0;34m2025-09-22 02:44:50 - Generating prompt #10 (Section 1, Prompt 10/17)[0m
[1;33m2025-09-22 02:44:50 - Running prompt generation...[0m
PROMPT GENERATION COMPLETE - Prompt #10
[0;32m2025-09-22 02:45:12 - Completed prompt #10[0m
[0;34m2025-09-22 02:45:17 - Generating prompt #11 (Section 1, Prompt 11/17)[0m
[1;33m2025-09-22 02:45:17 - Running prompt generation...[0m
PROMPT GENERATION COMPLETE - Prompt #11
[0;32m2025-09-22 02:45:38 - Completed prompt #11[0m
[0;34m2025-09-22 02:45:43 - Generating prompt #12 (Section 1, Prompt 12/17)[0m
[1;33m2025-09-22 02:45:43 - Running prompt generation...[0m
PROMPT GENERATION COMPLETE - Prompt #12
[0;32m2025-09-22 02:46:05 - Completed prompt #12[0m
[0;34m2025-09-22 02:46:10 - Generating prompt #13 (Section 1, Prompt 13/17)[0m
[1;33m2025-09-22 02:46:10 - Running prompt generation...[0m
PROMPT GENERATION COMPLETE - Prompt #13
[0;32m2025-09-22 02:46:32 - Completed prompt #13[0m
[0;34m2025-09-22 02:46:37 - Generating prompt #14 (Section 1, Prompt 14/17)[0m
[1;33m2025-09-22 02:46:38 - Running prompt generation...[0m
PROMPT GENERATION COMPLETE - Prompt #14
[0;32m2025-09-22 02:47:01 - Completed prompt #14[0m
[0;34m2025-09-22 02:47:06 - Generating prompt #15 (Section 1, Prompt 15/17)[0m
[1;33m2025-09-22 02:47:06 - Running prompt generation...[0m
PROMPT GENERATION COMPLETE - Prompt #15
[0;32m2025-09-22 02:47:29 - Completed prompt #15[0m
[0;34m2025-09-22 02:47:34 - Generating prompt #16 (Section 1, Prompt 16/17)[0m
[1;33m2025-09-22 02:47:34 - Running prompt generation...[0m
PROMPT GENERATION COMPLETE - Prompt #16
[0;32m2025-09-22 02:47:56 - Completed prompt #16[0m
[0;34m2025-09-22 02:48:01 - Generating prompt #17 (Section 1, Prompt 17/17)[0m
[1;33m2025-09-22 02:48:01 - Running prompt generation...[0m
PROMPT GENERATION COMPLETE - Prompt #17
[0;32m2025-09-22 02:48:23 - Completed prompt #17[0m
[0;34m2025-09-22 02:48:28 - Generating prompt #18 (Section 2, Prompt 1/17)[0m
[1;33m2025-09-22 02:48:28 - Running prompt generation...[0m
PROMPT GENERATION COMPLETE - Prompt #18
[0;32m2025-09-22 02:48:50 - Completed prompt #18[0m
[0;34m2025-09-22 02:48:55 - Generating prompt #19 (Section 2, Prompt 2/17)[0m
[1;33m2025-09-22 02:48:55 - Running prompt generation...[0m
PROMPT GENERATION COMPLETE - Prompt #19
[0;32m2025-09-22 02:49:19 - Completed prompt #19[0m
[0;34m2025-09-22 02:49:24 - Generating prompt #20 (Section 2, Prompt 3/17)[0m
[1;33m2025-09-22 02:49:24 - Running prompt generation...[0m
PROMPT GENERATION COMPLETE - Prompt #20
[0;32m2025-09-22 02:49:47 - Completed prompt #20[0m
[0;34m2025-09-22 02:49:52 - Generating prompt #21 (Section 2, Prompt 4/17)[0m
[1;33m2025-09-22 02:49:52 - Running prompt generation...[0m
PROMPT GENERATION COMPLETE - Prompt #21
[0;32m2025-09-22 02:50:16 - Completed prompt #21[0m
[0;34m2025-09-22 02:50:21 - Generating prompt #22 (Section 2, Prompt 5/17)[0m
[1;33m2025-09-22 02:50:21 - Running prompt generation...[0m
PROMPT GENERATION COMPLETE - Prompt #22
[0;32m2025-09-22 02:50:45 - Completed prompt #22[0m
[0;34m2025-09-22 02:50:50 - Generating prompt #23 (Section 2, Prompt 6/17)[0m
[1;33m2025-09-22 02:50:50 - Running prompt generation...[0m
PROMPT GENERATION COMPLETE - Prompt #23
[0;32m2025-09-22 02:51:15 - Completed prompt #23[0m
[0;34m2025-09-22 02:51:20 - Generating prompt #24 (Section 2, Prompt 7/17)[0m
[1;33m2025-09-22 02:51:20 - Running prompt generation...[0m
PROMPT GENERATION COMPLETE - Prompt #24
[0;32m2025-09-22 02:51:44 - Completed prompt #24[0m
[0;34m2025-09-22 02:51:49 - Generating prompt #25 (Section 2, Prompt 8/17)[0m
[1;33m2025-09-22 02:51:49 - Running prompt generation...[0m
PROMPT GENERATION COMPLETE - Prompt #25
[0;32m2025-09-22 02:52:11 - Completed prompt #25[0m
[0;34m2025-09-22 02:52:16 - Generating prompt #26 (Section 2, Prompt 9/17)[0m
[1;33m2025-09-22 02:52:16 - Running prompt generation...[0m
PROMPT GENERATION COMPLETE - Prompt #26
[0;32m2025-09-22 02:52:40 - Completed prompt #26[0m
[0;34m2025-09-22 02:52:45 - Generating prompt #27 (Section 2, Prompt 10/17)[0m
[1;33m2025-09-22 02:52:45 - Running prompt generation...[0m
PROMPT GENERATION COMPLETE - Prompt #27
[0;32m2025-09-22 02:53:08 - Completed prompt #27[0m
[0;34m2025-09-22 02:53:13 - Generating prompt #28 (Section 2, Prompt 11/17)[0m
[1;33m2025-09-22 02:53:13 - Running prompt generation...[0m
<invoke name="Edit">
<parameter name="file_path">/Users/ikim1/Documents/GitHub/templata-long-distance-relationship/src/data/prompts-long-distance-relationship.ts</parameter>
<parameter name="old_string">  {
    id: 'prompt-27',
    prompt: 'Set up a comprehensive travel document folder with passport information, visa requirements, and emergency travel funds for future visits',
    category: 'planning',
    helpText: 'Organized travel documentation streamlines the visit planning process and ensures you\'re always prepared for both planned trips and emergency travel situations. Create a digital folder containing copies of important documents like passports, driver\'s licenses, travel insurance information, and research visa requirements if applicable. Additionally, establish a dedicated travel savings fund specifically for visits, emergency flights, or last-minute travel opportunities. Having these preparations in place reduces stress when booking trips and ensures you can quickly act on opportunities to see each other.'
  }
];</parameter>
<parameter name="new_string">  {
    id: 'prompt-27',
    prompt: 'Set up a comprehensive travel document folder with passport information, visa requirements, and emergency travel funds for future visits',
    category: 'planning',
    helpText: 'Organized travel documentation streamlines the visit planning process and ensures you\'re always prepared for both planned trips and emergency travel situations. Create a digital folder containing copies of important documents like passports, driver\'s licenses, travel insurance information, and research visa requirements if applicable. Additionally, establish a dedicated travel savings fund specifically for visits, emergency flights, or last-minute travel opportunities. Having these preparations in place reduces stress when booking trips and ensures you can quickly act on opportunities to see each other.'
  },
  {
    id: 'prompt-28',
    prompt: 'Research and establish a weekly ritual calendar with recurring activities that help maintain consistent connection and shared experiences',
    category: 'planning',
    helpText: 'Creating structured weekly rituals gives your relationship predictable touchpoints and helps build shared traditions despite the distance. Research and plan recurring activities like watching a TV show together, having a weekly virtual dinner date, or sharing morning coffee over video. Design a calendar that includes both spontaneous communication and scheduled quality time, ensuring you have something to look forward to each week. These consistent rituals create stability and shared experiences that strengthen your bond over time.'
  }
];</parameter>
</invoke>
[0;32m2025-09-22 02:53:33 - Completed prompt #28[0m
[0;34m2025-09-22 02:53:38 - Generating prompt #29 (Section 2, Prompt 12/17)[0m
[1;33m2025-09-22 02:53:38 - Running prompt generation...[0m
<invoke name="Edit">
<parameter name="file_path">/Users/ikim1/Documents/GitHub/templata-long-distance-relationship/src/data/prompts-long-distance-relationship.ts</parameter>
<parameter name="old_string">  {
    id: 'prompt-27',
    prompt: 'Set up a comprehensive travel document folder with passport information, visa requirements, and emergency travel funds for future visits',
    category: 'planning',
    helpText: 'Organized travel documentation streamlines the visit planning process and ensures you\'re always prepared for both planned trips and emergency travel situations. Create a digital folder containing copies of important documents like passports, driver\'s licenses, travel insurance information, and research visa requirements if applicable. Additionally, establish a dedicated travel savings fund specifically for visits, emergency flights, or last-minute travel opportunities. Having these preparations in place reduces stress when booking trips and ensures you can quickly act on opportunities to see each other.'
  }
];</parameter>
<parameter name="new_string">  {
    id: 'prompt-27',
    prompt: 'Set up a comprehensive travel document folder with passport information, visa requirements, and emergency travel funds for future visits',
    category: 'planning',
    helpText: 'Organized travel documentation streamlines the visit planning process and ensures you\'re always prepared for both planned trips and emergency travel situations. Create a digital folder containing copies of important documents like passports, driver\'s licenses, travel insurance information, and research visa requirements if applicable. Additionally, establish a dedicated travel savings fund specifically for visits, emergency flights, or last-minute travel opportunities. Having these preparations in place reduces stress when booking trips and ensures you can quickly act on opportunities to see each other.'
  },
  {
    id: 'prompt-28',
    prompt: 'Research and plan a detailed itinerary for your next visit including backup activities for different weather conditions and budgets',
    category: 'planning',
    helpText: 'Thoughtful planning maximizes the value of precious time together during visits and reduces decision fatigue when you want to focus on enjoying each other\'s company. Create a comprehensive itinerary with 2-3 must-do activities, several flexible options, and backup indoor/outdoor alternatives based on weather or budget changes. Include specific reservations where needed, transportation details, and estimated costs. Having this structure allows you to make the most of limited time together while maintaining flexibility for spontaneous moments and ensuring you both feel fulfilled by the visit experience.'
  }
];</parameter>
</invoke>
[0;32m2025-09-22 02:53:59 - Completed prompt #29[0m
[0;34m2025-09-22 02:54:04 - Generating prompt #30 (Section 2, Prompt 13/17)[0m
[1;33m2025-09-22 02:54:04 - Running prompt generation...[0m
PROMPT GENERATION COMPLETE - Prompt #30
[0;32m2025-09-22 02:54:36 - Completed prompt #30[0m
[0;34m2025-09-22 02:54:42 - Generating prompt #31 (Section 2, Prompt 14/17)[0m
[1;33m2025-09-22 02:54:42 - Running prompt generation...[0m
PROMPT GENERATION COMPLETE - Prompt #31
[0;32m2025-09-22 02:55:04 - Completed prompt #31[0m
[0;34m2025-09-22 02:55:09 - Generating prompt #32 (Section 2, Prompt 15/17)[0m
[1;33m2025-09-22 02:55:09 - Running prompt generation...[0m
PROMPT GENERATION COMPLETE - Prompt #32
[0;32m2025-09-22 02:55:34 - Completed prompt #32[0m
[0;34m2025-09-22 02:55:39 - Generating prompt #33 (Section 2, Prompt 16/17)[0m
[1;33m2025-09-22 02:55:39 - Running prompt generation...[0m
PROMPT GENERATION COMPLETE - Prompt #33
[0;32m2025-09-22 02:56:01 - Completed prompt #33[0m
[0;34m2025-09-22 02:56:06 - Generating prompt #34 (Section 2, Prompt 17/17)[0m
[1;33m2025-09-22 02:56:06 - Running prompt generation...[0m
PROMPT GENERATION COMPLETE - Prompt #34
[0;32m2025-09-22 02:56:31 - Completed prompt #34[0m
[0;34m2025-09-22 02:56:36 - Generating prompt #35 (Section 3, Prompt 1/17)[0m
[1;33m2025-09-22 02:56:36 - Running prompt generation...[0m
PROMPT GENERATION COMPLETE - Prompt #35
[0;32m2025-09-22 02:56:59 - Completed prompt #35[0m
[0;34m2025-09-22 02:57:04 - Generating prompt #36 (Section 3, Prompt 2/17)[0m
[1;33m2025-09-22 02:57:04 - Running prompt generation...[0m
PROMPT GENERATION COMPLETE - Prompt #36
[0;32m2025-09-22 02:57:29 - Completed prompt #36[0m
[0;34m2025-09-22 02:57:34 - Generating prompt #37 (Section 3, Prompt 3/17)[0m
[1;33m2025-09-22 02:57:34 - Running prompt generation...[0m
PROMPT GENERATION COMPLETE - Prompt #37
[0;32m2025-09-22 02:57:57 - Completed prompt #37[0m
[0;34m2025-09-22 02:58:02 - Generating prompt #38 (Section 3, Prompt 4/17)[0m
[1;33m2025-09-22 02:58:02 - Running prompt generation...[0m
PROMPT GENERATION COMPLETE - Prompt #38
[0;32m2025-09-22 02:58:27 - Completed prompt #38[0m
[0;34m2025-09-22 02:58:32 - Generating prompt #39 (Section 3, Prompt 5/17)[0m
[1;33m2025-09-22 02:58:32 - Running prompt generation...[0m
PROMPT GENERATION COMPLETE - Prompt #39
[0;32m2025-09-22 02:58:55 - Completed prompt #39[0m
[0;34m2025-09-22 02:59:00 - Generating prompt #40 (Section 3, Prompt 6/17)[0m
[1;33m2025-09-22 02:59:00 - Running prompt generation...[0m
PROMPT GENERATION COMPLETE - Prompt #40
[0;32m2025-09-22 02:59:23 - Completed prompt #40[0m
[0;34m2025-09-22 02:59:28 - Generating prompt #41 (Section 3, Prompt 7/17)[0m
[1;33m2025-09-22 02:59:28 - Running prompt generation...[0m
PROMPT GENERATION COMPLETE - Prompt #41
[0;32m2025-09-22 02:59:50 - Completed prompt #41[0m
[0;34m2025-09-22 02:59:55 - Generating prompt #42 (Section 3, Prompt 8/17)[0m
[1;33m2025-09-22 02:59:55 - Running prompt generation...[0m
PROMPT GENERATION COMPLETE - Prompt #42
[0;32m2025-09-22 03:00:19 - Completed prompt #42[0m
[0;34m2025-09-22 03:00:24 - Generating prompt #43 (Section 3, Prompt 9/17)[0m
[1;33m2025-09-22 03:00:24 - Running prompt generation...[0m
PROMPT GENERATION COMPLETE - Prompt #43
[0;32m2025-09-22 03:00:48 - Completed prompt #43[0m
[0;34m2025-09-22 03:00:53 - Generating prompt #44 (Section 3, Prompt 10/17)[0m
[1;33m2025-09-22 03:00:53 - Running prompt generation...[0m
PROMPT GENERATION COMPLETE - Prompt #44
[0;32m2025-09-22 03:01:18 - Completed prompt #44[0m
[0;34m2025-09-22 03:01:23 - Generating prompt #45 (Section 3, Prompt 11/17)[0m
[1;33m2025-09-22 03:01:23 - Running prompt generation...[0m
PROMPT GENERATION COMPLETE - Prompt #45
[0;32m2025-09-22 03:01:48 - Completed prompt #45[0m
[0;34m2025-09-22 03:01:53 - Generating prompt #46 (Section 3, Prompt 12/17)[0m
[1;33m2025-09-22 03:01:53 - Running prompt generation...[0m
PROMPT GENERATION COMPLETE - Prompt #46
[0;32m2025-09-22 03:02:16 - Completed prompt #46[0m
[0;34m2025-09-22 03:02:21 - Generating prompt #47 (Section 3, Prompt 13/17)[0m
[1;33m2025-09-22 03:02:21 - Running prompt generation...[0m
PROMPT GENERATION COMPLETE - Prompt #47
[0;32m2025-09-22 03:02:46 - Completed prompt #47[0m
[0;34m2025-09-22 03:02:51 - Generating prompt #48 (Section 3, Prompt 14/17)[0m
[1;33m2025-09-22 03:02:51 - Running prompt generation...[0m
PROMPT GENERATION COMPLETE - Prompt #48
[0;32m2025-09-22 03:03:15 - Completed prompt #48[0m
[0;34m2025-09-22 03:03:20 - Generating prompt #49 (Section 3, Prompt 15/17)[0m
[1;33m2025-09-22 03:03:20 - Running prompt generation...[0m
PROMPT GENERATION COMPLETE - Prompt #49
[0;32m2025-09-22 03:03:43 - Completed prompt #49[0m
[0;34m2025-09-22 03:03:48 - Generating prompt #50 (Section 3, Prompt 16/17)[0m
[1;33m2025-09-22 03:03:48 - Running prompt generation...[0m
PROMPT GENERATION COMPLETE - Prompt #50
[0;32m2025-09-22 03:04:11 - Completed prompt #50[0m
[0;34m2025-09-22 03:04:16 - Generating prompt #51 (Section 3, Prompt 17/17)[0m
[1;33m2025-09-22 03:04:16 - Running prompt generation...[0m
PROMPT GENERATION COMPLETE - Prompt #51
[0;32m2025-09-22 03:04:39 - Completed prompt #51[0m
[0;34m2025-09-22 03:04:44 - Generating prompt #52 (Section 4, Prompt 1/17)[0m
[1;33m2025-09-22 03:04:44 - Running prompt generation...[0m
PROMPT GENERATION COMPLETE - Prompt #52
[0;32m2025-09-22 03:05:08 - Completed prompt #52[0m
[0;34m2025-09-22 03:05:13 - Generating prompt #53 (Section 4, Prompt 2/17)[0m
[1;33m2025-09-22 03:05:13 - Running prompt generation...[0m
PROMPT GENERATION COMPLETE - Prompt #53
[0;32m2025-09-22 03:05:35 - Completed prompt #53[0m
[0;34m2025-09-22 03:05:40 - Generating prompt #54 (Section 4, Prompt 3/17)[0m
[1;33m2025-09-22 03:05:40 - Running prompt generation...[0m
PROMPT GENERATION COMPLETE - Prompt #54
[0;32m2025-09-22 03:06:03 - Completed prompt #54[0m
[0;34m2025-09-22 03:06:08 - Generating prompt #55 (Section 4, Prompt 4/17)[0m
[1;33m2025-09-22 03:06:08 - Running prompt generation...[0m
PROMPT GENERATION COMPLETE - Prompt #55
[0;32m2025-09-22 03:06:37 - Completed prompt #55[0m
[0;34m2025-09-22 03:06:42 - Generating prompt #56 (Section 4, Prompt 5/17)[0m
[1;33m2025-09-22 03:06:42 - Running prompt generation...[0m
PROMPT GENERATION COMPLETE - Prompt #56
[0;32m2025-09-22 03:07:06 - Completed prompt #56[0m
[0;34m2025-09-22 03:07:11 - Generating prompt #57 (Section 4, Prompt 6/17)[0m
[1;33m2025-09-22 03:07:11 - Running prompt generation...[0m
PROMPT GENERATION COMPLETE - Prompt #57
[0;32m2025-09-22 03:07:35 - Completed prompt #57[0m
[0;34m2025-09-22 03:07:40 - Generating prompt #58 (Section 4, Prompt 7/17)[0m
[1;33m2025-09-22 03:07:40 - Running prompt generation...[0m
PROMPT GENERATION COMPLETE - Prompt #58
[0;32m2025-09-22 03:08:04 - Completed prompt #58[0m
[0;34m2025-09-22 03:08:09 - Generating prompt #59 (Section 4, Prompt 8/17)[0m
[1;33m2025-09-22 03:08:09 - Running prompt generation...[0m
PROMPT GENERATION COMPLETE - Prompt #59
[0;32m2025-09-22 03:08:32 - Completed prompt #59[0m
[0;34m2025-09-22 03:08:37 - Generating prompt #60 (Section 4, Prompt 9/17)[0m
[1;33m2025-09-22 03:08:37 - Running prompt generation...[0m
PROMPT GENERATION COMPLETE - Prompt #60
[0;32m2025-09-22 03:09:05 - Completed prompt #60[0m
[0;34m2025-09-22 03:09:10 - Generating prompt #61 (Section 4, Prompt 10/17)[0m
[1;33m2025-09-22 03:09:10 - Running prompt generation...[0m
PROMPT GENERATION COMPLETE - Prompt #61
[0;32m2025-09-22 03:09:34 - Completed prompt #61[0m
[0;34m2025-09-22 03:09:39 - Generating prompt #62 (Section 4, Prompt 11/17)[0m
[1;33m2025-09-22 03:09:39 - Running prompt generation...[0m
PROMPT GENERATION COMPLETE - Prompt #62
[0;32m2025-09-22 03:10:02 - Completed prompt #62[0m
[0;34m2025-09-22 03:10:07 - Generating prompt #63 (Section 4, Prompt 12/17)[0m
[1;33m2025-09-22 03:10:07 - Running prompt generation...[0m
PROMPT GENERATION COMPLETE - Prompt #63
[0;32m2025-09-22 03:10:28 - Completed prompt #63[0m
[0;34m2025-09-22 03:10:33 - Generating prompt #64 (Section 4, Prompt 13/17)[0m
[1;33m2025-09-22 03:10:33 - Running prompt generation...[0m
PROMPT GENERATION COMPLETE - Prompt #64
[0;32m2025-09-22 03:10:56 - Completed prompt #64[0m
[0;34m2025-09-22 03:11:01 - Generating prompt #65 (Section 4, Prompt 14/17)[0m
[1;33m2025-09-22 03:11:01 - Running prompt generation...[0m
PROMPT GENERATION COMPLETE - Prompt #65
[0;32m2025-09-22 03:11:26 - Completed prompt #65[0m
[0;34m2025-09-22 03:11:31 - Generating prompt #66 (Section 4, Prompt 15/17)[0m
[1;33m2025-09-22 03:11:31 - Running prompt generation...[0m
PROMPT GENERATION COMPLETE - Prompt #66
[0;32m2025-09-22 03:11:56 - Completed prompt #66[0m
[0;34m2025-09-22 03:12:01 - Generating prompt #67 (Section 4, Prompt 16/17)[0m
[1;33m2025-09-22 03:12:01 - Running prompt generation...[0m
PROMPT GENERATION COMPLETE - Prompt #67
[0;32m2025-09-22 03:12:24 - Completed prompt #67[0m
[0;34m2025-09-22 03:12:29 - Generating prompt #68 (Section 4, Prompt 17/17)[0m
[1;33m2025-09-22 03:12:29 - Running prompt generation...[0m
PROMPT GENERATION COMPLETE - Prompt #68
[0;32m2025-09-22 03:12:55 - Completed prompt #68[0m
[0;34m2025-09-22 03:13:00 - Generating prompt #69 (Section 5, Prompt 1/17)[0m
[1;33m2025-09-22 03:13:00 - Running prompt generation...[0m
PROMPT GENERATION COMPLETE - Prompt #69
[0;32m2025-09-22 03:13:34 - Completed prompt #69[0m
[0;34m2025-09-22 03:13:39 - Generating prompt #70 (Section 5, Prompt 2/17)[0m
[1;33m2025-09-22 03:13:39 - Running prompt generation...[0m
PROMPT GENERATION COMPLETE - Prompt #70
[0;32m2025-09-22 03:14:04 - Completed prompt #70[0m
[0;34m2025-09-22 03:14:09 - Generating prompt #71 (Section 5, Prompt 3/17)[0m
[1;33m2025-09-22 03:14:09 - Running prompt generation...[0m
PROMPT GENERATION COMPLETE - Prompt #71
[0;32m2025-09-22 03:14:34 - Completed prompt #71[0m
[0;34m2025-09-22 03:14:39 - Generating prompt #72 (Section 5, Prompt 4/17)[0m
[1;33m2025-09-22 03:14:39 - Running prompt generation...[0m
PROMPT GENERATION COMPLETE - Prompt #72
[0;32m2025-09-22 03:15:03 - Completed prompt #72[0m
[0;34m2025-09-22 03:15:08 - Generating prompt #73 (Section 5, Prompt 5/17)[0m
[1;33m2025-09-22 03:15:08 - Running prompt generation...[0m
5-hour limit reached ∙ resets 5am
[0;32m2025-09-22 03:15:26 - Completed prompt #73[0m
[0;34m2025-09-22 03:15:31 - Generating prompt #74 (Section 5, Prompt 6/17)[0m
[1;33m2025-09-22 03:15:31 - Running prompt generation...[0m
5-hour limit reached ∙ resets 5am
[0;32m2025-09-22 03:15:39 - Completed prompt #74[0m
[0;34m2025-09-22 03:15:44 - Generating prompt #75 (Section 5, Prompt 7/17)[0m
[1;33m2025-09-22 03:15:44 - Running prompt generation...[0m
5-hour limit reached ∙ resets 5am
[0;32m2025-09-22 03:15:53 - Completed prompt #75[0m
[0;34m2025-09-22 03:15:58 - Generating prompt #76 (Section 5, Prompt 8/17)[0m
[1;33m2025-09-22 03:15:58 - Running prompt generation...[0m
5-hour limit reached ∙ resets 5am
[0;32m2025-09-22 03:16:06 - Completed prompt #76[0m
[0;34m2025-09-22 03:16:11 - Generating prompt #77 (Section 5, Prompt 9/17)[0m
[1;33m2025-09-22 03:16:11 - Running prompt generation...[0m
5-hour limit reached ∙ resets 5am
[0;32m2025-09-22 03:16:19 - Completed prompt #77[0m
[0;34m2025-09-22 03:16:24 - Generating prompt #78 (Section 5, Prompt 10/17)[0m
[1;33m2025-09-22 03:16:24 - Running prompt generation...[0m
5-hour limit reached ∙ resets 5am
[0;32m2025-09-22 03:16:33 - Completed prompt #78[0m
[0;34m2025-09-22 03:16:38 - Generating prompt #79 (Section 5, Prompt 11/17)[0m
[1;33m2025-09-22 03:16:38 - Running prompt generation...[0m
5-hour limit reached ∙ resets 5am
[0;32m2025-09-22 03:16:47 - Completed prompt #79[0m
[0;34m2025-09-22 03:16:52 - Generating prompt #80 (Section 5, Prompt 12/17)[0m
[1;33m2025-09-22 03:16:52 - Running prompt generation...[0m
5-hour limit reached ∙ resets 5am
[0;32m2025-09-22 03:17:01 - Completed prompt #80[0m
[0;34m2025-09-22 03:17:06 - Generating prompt #81 (Section 5, Prompt 13/17)[0m
[1;33m2025-09-22 03:17:07 - Running prompt generation...[0m
5-hour limit reached ∙ resets 5am
[0;32m2025-09-22 03:17:16 - Completed prompt #81[0m
[0;34m2025-09-22 03:17:21 - Generating prompt #82 (Section 5, Prompt 14/17)[0m
[1;33m2025-09-22 03:17:21 - Running prompt generation...[0m
5-hour limit reached ∙ resets 5am
[0;32m2025-09-22 03:17:30 - Completed prompt #82[0m
[0;34m2025-09-22 03:17:35 - Generating prompt #83 (Section 5, Prompt 15/17)[0m
[1;33m2025-09-22 03:17:35 - Running prompt generation...[0m
5-hour limit reached ∙ resets 5am
[0;32m2025-09-22 03:17:43 - Completed prompt #83[0m
[0;34m2025-09-22 03:17:48 - Generating prompt #84 (Section 5, Prompt 16/17)[0m
[1;33m2025-09-22 03:17:48 - Running prompt generation...[0m
5-hour limit reached ∙ resets 5am
[0;32m2025-09-22 03:17:56 - Completed prompt #84[0m
[0;34m2025-09-22 03:18:01 - Generating prompt #85 (Section 5, Prompt 17/17)[0m
[1;33m2025-09-22 03:18:01 - Running prompt generation...[0m
5-hour limit reached ∙ resets 5am
[0;32m2025-09-22 03:18:08 - Completed prompt #85[0m
[0;34m2025-09-22 03:18:13 - Generating prompt #86 (Section 6, Prompt 1/17)[0m
[1;33m2025-09-22 03:18:13 - Running prompt generation...[0m
5-hour limit reached ∙ resets 5am
[0;32m2025-09-22 03:18:21 - Completed prompt #86[0m
[0;34m2025-09-22 03:18:26 - Generating prompt #87 (Section 6, Prompt 2/17)[0m
[1;33m2025-09-22 03:18:26 - Running prompt generation...[0m
5-hour limit reached ∙ resets 5am
[0;32m2025-09-22 03:18:34 - Completed prompt #87[0m
[0;34m2025-09-22 03:18:39 - Generating prompt #88 (Section 6, Prompt 3/17)[0m
[1;33m2025-09-22 03:18:39 - Running prompt generation...[0m
5-hour limit reached ∙ resets 5am
[0;32m2025-09-22 03:18:47 - Completed prompt #88[0m
[0;34m2025-09-22 03:18:52 - Generating prompt #89 (Section 6, Prompt 4/17)[0m
[1;33m2025-09-22 03:18:52 - Running prompt generation...[0m
5-hour limit reached ∙ resets 5am
[0;32m2025-09-22 03:19:01 - Completed prompt #89[0m
[0;34m2025-09-22 03:19:06 - Generating prompt #90 (Section 6, Prompt 5/17)[0m
[1;33m2025-09-22 03:19:06 - Running prompt generation...[0m
5-hour limit reached ∙ resets 5am
[0;32m2025-09-22 03:19:16 - Completed prompt #90[0m
[0;34m2025-09-22 03:19:21 - Generating prompt #91 (Section 6, Prompt 6/17)[0m
[1;33m2025-09-22 03:19:21 - Running prompt generation...[0m
5-hour limit reached ∙ resets 5am
[0;32m2025-09-22 03:19:30 - Completed prompt #91[0m
[0;34m2025-09-22 03:19:35 - Generating prompt #92 (Section 6, Prompt 7/17)[0m
[1;33m2025-09-22 03:19:35 - Running prompt generation...[0m
5-hour limit reached ∙ resets 5am
[0;32m2025-09-22 03:19:45 - Completed prompt #92[0m
[0;34m2025-09-22 03:19:50 - Generating prompt #93 (Section 6, Prompt 8/17)[0m
[1;33m2025-09-22 03:19:50 - Running prompt generation...[0m
5-hour limit reached ∙ resets 5am
[0;32m2025-09-22 03:20:00 - Completed prompt #93[0m
[0;34m2025-09-22 03:20:05 - Generating prompt #94 (Section 6, Prompt 9/17)[0m
[1;33m2025-09-22 03:20:05 - Running prompt generation...[0m
5-hour limit reached ∙ resets 5am
[0;32m2025-09-22 03:20:15 - Completed prompt #94[0m
[0;34m2025-09-22 03:20:20 - Generating prompt #95 (Section 6, Prompt 10/17)[0m
[1;33m2025-09-22 03:20:20 - Running prompt generation...[0m
5-hour limit reached ∙ resets 5am
[0;32m2025-09-22 03:20:29 - Completed prompt #95[0m
[0;34m2025-09-22 03:20:35 - Generating prompt #96 (Section 6, Prompt 11/17)[0m
[1;33m2025-09-22 03:20:35 - Running prompt generation...[0m
5-hour limit reached ∙ resets 5am
[0;32m2025-09-22 03:20:44 - Completed prompt #96[0m
[0;34m2025-09-22 03:20:49 - Generating prompt #97 (Section 6, Prompt 12/17)[0m
[1;33m2025-09-22 03:20:50 - Running prompt generation...[0m
5-hour limit reached ∙ resets 5am
[0;32m2025-09-22 03:21:00 - Completed prompt #97[0m
[0;34m2025-09-22 03:21:05 - Generating prompt #98 (Section 6, Prompt 13/17)[0m
[1;33m2025-09-22 03:21:05 - Running prompt generation...[0m
5-hour limit reached ∙ resets 5am
[0;32m2025-09-22 03:21:15 - Completed prompt #98[0m
[0;34m2025-09-22 03:21:20 - Generating prompt #99 (Section 6, Prompt 14/17)[0m
[1;33m2025-09-22 03:21:20 - Running prompt generation...[0m
5-hour limit reached ∙ resets 5am
[0;32m2025-09-22 03:21:30 - Completed prompt #99[0m
[0;34m2025-09-22 03:21:35 - Generating prompt #100 (Section 6, Prompt 15/17)[0m
[1;33m2025-09-22 03:21:35 - Running prompt generation...[0m
5-hour limit reached ∙ resets 5am
[0;32m2025-09-22 03:21:45 - Completed prompt #100[0m
[0;34m2025-09-22 03:21:50 - Generating prompt #101 (Section 6, Prompt 16/17)[0m
[1;33m2025-09-22 03:21:50 - Running prompt generation...[0m
5-hour limit reached ∙ resets 5am
[0;32m2025-09-22 03:22:00 - Completed prompt #101[0m
[0;34m2025-09-22 03:22:05 - Generating prompt #102 (Section 6, Prompt 17/17)[0m
[1;33m2025-09-22 03:22:05 - Running prompt generation...[0m
5-hour limit reached ∙ resets 5am
[0;32m2025-09-22 03:22:13 - Completed prompt #102[0m
[0;34m2025-09-22 08:30:40 - Starting Prompt Generation Cycle for template: long-distance-relationship[0m
[0;32m2025-09-22 08:30:40 - Using existing worktree: ../templata-long-distance-relationship[0m
[0;34m2025-09-22 08:30:40 - Generating prompt #74 (Section 5, Prompt 6/17)[0m
[1;33m2025-09-22 08:30:40 - Running prompt generation...[0m
PROMPT GENERATION COMPLETE - Prompt #74
[0;32m2025-09-22 08:31:39 - Completed prompt #74[0m
[0;34m2025-09-22 08:31:44 - Generating prompt #75 (Section 5, Prompt 7/17)[0m
[1;33m2025-09-22 08:31:44 - Running prompt generation...[0m
PROMPT GENERATION COMPLETE - Prompt #75
[0;32m2025-09-22 08:32:10 - Completed prompt #75[0m
[0;34m2025-09-22 08:32:15 - Generating prompt #76 (Section 5, Prompt 8/17)[0m
[1;33m2025-09-22 08:32:15 - Running prompt generation...[0m
PROMPT GENERATION COMPLETE - Prompt #76
[0;32m2025-09-22 08:32:39 - Completed prompt #76[0m
[0;34m2025-09-22 08:32:44 - Generating prompt #77 (Section 5, Prompt 9/17)[0m
[1;33m2025-09-22 08:32:45 - Running prompt generation...[0m
PROMPT GENERATION COMPLETE - Prompt #77
[0;32m2025-09-22 08:33:10 - Completed prompt #77[0m
[0;34m2025-09-22 08:33:15 - Generating prompt #78 (Section 5, Prompt 10/17)[0m
[1;33m2025-09-22 08:33:15 - Running prompt generation...[0m
PROMPT GENERATION COMPLETE - Prompt #78
[0;32m2025-09-22 08:33:42 - Completed prompt #78[0m
[0;34m2025-09-22 08:33:47 - Generating prompt #79 (Section 5, Prompt 11/17)[0m
[1;33m2025-09-22 08:33:47 - Running prompt generation...[0m
PROMPT GENERATION COMPLETE - Prompt #79
[0;32m2025-09-22 08:34:09 - Completed prompt #79[0m
[0;34m2025-09-22 08:34:14 - Generating prompt #80 (Section 5, Prompt 12/17)[0m
[1;33m2025-09-22 08:34:14 - Running prompt generation...[0m
PROMPT GENERATION COMPLETE - Prompt #80
[0;32m2025-09-22 08:34:41 - Completed prompt #80[0m
[0;34m2025-09-22 08:34:46 - Generating prompt #81 (Section 5, Prompt 13/17)[0m
[1;33m2025-09-22 08:34:46 - Running prompt generation...[0m
PROMPT GENERATION COMPLETE - Prompt #81
[0;32m2025-09-22 08:35:10 - Completed prompt #81[0m
[0;34m2025-09-22 08:35:15 - Generating prompt #82 (Section 5, Prompt 14/17)[0m
[1;33m2025-09-22 08:35:15 - Running prompt generation...[0m
PROMPT GENERATION COMPLETE - Prompt #82
[0;32m2025-09-22 08:35:53 - Completed prompt #82[0m
[0;34m2025-09-22 08:35:58 - Generating prompt #83 (Section 5, Prompt 15/17)[0m
[1;33m2025-09-22 08:35:58 - Running prompt generation...[0m
PROMPT GENERATION COMPLETE - Prompt #83
[0;32m2025-09-22 08:36:34 - Completed prompt #83[0m
[0;34m2025-09-22 08:36:39 - Generating prompt #84 (Section 5, Prompt 16/17)[0m
[1;33m2025-09-22 08:36:39 - Running prompt generation...[0m
PROMPT GENERATION COMPLETE - Prompt #84
[0;32m2025-09-22 08:37:05 - Completed prompt #84[0m
[0;34m2025-09-22 08:37:10 - Generating prompt #85 (Section 5, Prompt 17/17)[0m
[1;33m2025-09-22 08:37:10 - Running prompt generation...[0m
PROMPT GENERATION COMPLETE - Prompt #85
[0;32m2025-09-22 08:37:40 - Completed prompt #85[0m
[0;34m2025-09-22 08:37:45 - Generating prompt #86 (Section 6, Prompt 1/17)[0m
[1;33m2025-09-22 08:37:45 - Running prompt generation...[0m
PROMPT GENERATION COMPLETE - Prompt #86
[0;32m2025-09-22 08:38:07 - Completed prompt #86[0m
[0;34m2025-09-22 08:38:13 - Generating prompt #87 (Section 6, Prompt 2/17)[0m
[1;33m2025-09-22 08:38:13 - Running prompt generation...[0m
PROMPT GENERATION COMPLETE - Prompt #87
[0;32m2025-09-22 08:38:39 - Completed prompt #87[0m
[0;34m2025-09-22 08:38:44 - Generating prompt #88 (Section 6, Prompt 3/17)[0m
[1;33m2025-09-22 08:38:44 - Running prompt generation...[0m
PROMPT GENERATION COMPLETE - Prompt #88
[0;32m2025-09-22 08:39:08 - Completed prompt #88[0m
[0;34m2025-09-22 08:39:13 - Generating prompt #89 (Section 6, Prompt 4/17)[0m
[1;33m2025-09-22 08:39:13 - Running prompt generation...[0m
PROMPT GENERATION COMPLETE - Prompt #89
[0;32m2025-09-22 08:39:43 - Completed prompt #89[0m
[0;34m2025-09-22 08:39:48 - Generating prompt #90 (Section 6, Prompt 5/17)[0m
[1;33m2025-09-22 08:39:48 - Running prompt generation...[0m
PROMPT GENERATION COMPLETE - Prompt #90
[0;32m2025-09-22 08:40:10 - Completed prompt #90[0m
[0;34m2025-09-22 08:40:15 - Generating prompt #91 (Section 6, Prompt 6/17)[0m
[1;33m2025-09-22 08:40:15 - Running prompt generation...[0m
PROMPT GENERATION COMPLETE - Prompt #91
[0;32m2025-09-22 08:40:38 - Completed prompt #91[0m
[0;34m2025-09-22 08:40:43 - Generating prompt #92 (Section 6, Prompt 7/17)[0m
[1;33m2025-09-22 08:40:43 - Running prompt generation...[0m
PROMPT GENERATION COMPLETE - Prompt #92
[0;32m2025-09-22 08:41:05 - Completed prompt #92[0m
[0;34m2025-09-22 08:41:10 - Generating prompt #93 (Section 6, Prompt 8/17)[0m
[1;33m2025-09-22 08:41:10 - Running prompt generation...[0m
PROMPT GENERATION COMPLETE - Prompt #93
[0;32m2025-09-22 08:41:32 - Completed prompt #93[0m
[0;34m2025-09-22 08:41:37 - Generating prompt #94 (Section 6, Prompt 9/17)[0m
[1;33m2025-09-22 08:41:37 - Running prompt generation...[0m
PROMPT GENERATION COMPLETE - Prompt #94
[0;32m2025-09-22 08:42:02 - Completed prompt #94[0m
[0;34m2025-09-22 08:42:07 - Generating prompt #95 (Section 6, Prompt 10/17)[0m
[1;33m2025-09-22 08:42:07 - Running prompt generation...[0m
PROMPT GENERATION COMPLETE - Prompt #95
[0;32m2025-09-22 08:42:34 - Completed prompt #95[0m
[0;34m2025-09-22 08:42:39 - Generating prompt #96 (Section 6, Prompt 11/17)[0m
[1;33m2025-09-22 08:42:39 - Running prompt generation...[0m
PROMPT GENERATION COMPLETE - Prompt #96
[0;32m2025-09-22 08:43:04 - Completed prompt #96[0m
[0;34m2025-09-22 08:43:09 - Generating prompt #97 (Section 6, Prompt 12/17)[0m
[1;33m2025-09-22 08:43:09 - Running prompt generation...[0m
PROMPT GENERATION COMPLETE - Prompt #97
[0;32m2025-09-22 08:43:34 - Completed prompt #97[0m
[0;34m2025-09-22 08:43:39 - Generating prompt #98 (Section 6, Prompt 13/17)[0m
[1;33m2025-09-22 08:43:39 - Running prompt generation...[0m
PROMPT GENERATION COMPLETE - Prompt #98
[0;32m2025-09-22 08:44:09 - Completed prompt #98[0m
[0;34m2025-09-22 08:44:14 - Generating prompt #99 (Section 6, Prompt 14/17)[0m
[1;33m2025-09-22 08:44:14 - Running prompt generation...[0m
PROMPT GENERATION COMPLETE - Prompt #99
[0;32m2025-09-22 08:44:36 - Completed prompt #99[0m
[0;34m2025-09-22 08:44:41 - Generating prompt #100 (Section 6, Prompt 15/17)[0m
[1;33m2025-09-22 08:44:41 - Running prompt generation...[0m
PROMPT GENERATION COMPLETE - Prompt #100
[0;32m2025-09-22 08:45:06 - Completed prompt #100[0m
[0;34m2025-09-22 08:45:11 - Generating prompt #101 (Section 6, Prompt 16/17)[0m
[1;33m2025-09-22 08:45:11 - Running prompt generation...[0m
PROMPT GENERATION COMPLETE - Prompt #101
[0;32m2025-09-22 08:45:36 - Completed prompt #101[0m
[0;34m2025-09-22 08:45:41 - Generating prompt #102 (Section 6, Prompt 17/17)[0m
[1;33m2025-09-22 08:45:41 - Running prompt generation...[0m
PROMPT GENERATION COMPLETE - Prompt #102
[0;32m2025-09-22 08:46:06 - Completed prompt #102[0m
