[0;34m2025-09-21 23:05:45 - Starting Prompt Generation Cycle for template: immigration-journey[0m
[1;33m2025-09-21 23:05:45 - Override flag detected - resetting progress and recreating files[0m
[0;32m2025-09-21 23:05:45 - Progress reset to 0 for template: immigration-journey[0m
[0;32m2025-09-21 23:05:45 - Using existing worktree: ../templata-immigration-journey[0m
[1;33m2025-09-21 23:05:45 - Creating template prompt file: prompts-immigration-journey.ts[0m
[0;32m2025-09-21 23:05:45 - Created template prompt file: ../templata-immigration-journey/src/data/prompts-immigration-journey.ts[0m
[0;34m2025-09-21 23:05:46 - Generating prompt #1 (Section 1, Prompt 1/17)[0m
[1;33m2025-09-21 23:05:46 - Running prompt generation...[0m
PROMPT GENERATION COMPLETE - Prompt #1
[0;32m2025-09-21 23:06:06 - Completed prompt #1[0m
[0;34m2025-09-21 23:06:11 - Generating prompt #2 (Section 1, Prompt 2/17)[0m
[1;33m2025-09-21 23:06:11 - Running prompt generation...[0m
PROMPT GENERATION COMPLETE - Prompt #2
[0;32m2025-09-21 23:06:34 - Completed prompt #2[0m
[0;34m2025-09-21 23:06:39 - Generating prompt #3 (Section 1, Prompt 3/17)[0m
[1;33m2025-09-21 23:06:39 - Running prompt generation...[0m
PROMPT GENERATION COMPLETE - Prompt #3
[0;32m2025-09-21 23:07:01 - Completed prompt #3[0m
[0;34m2025-09-21 23:07:06 - Generating prompt #4 (Section 1, Prompt 4/17)[0m
[1;33m2025-09-21 23:07:06 - Running prompt generation...[0m
PROMPT GENERATION COMPLETE - Prompt #4
[0;32m2025-09-21 23:07:28 - Completed prompt #4[0m
[0;34m2025-09-21 23:07:33 - Generating prompt #5 (Section 1, Prompt 5/17)[0m
[1;33m2025-09-21 23:07:33 - Running prompt generation...[0m
PROMPT GENERATION COMPLETE - Prompt #5
[0;32m2025-09-21 23:07:55 - Completed prompt #5[0m
[0;34m2025-09-21 23:08:00 - Generating prompt #6 (Section 1, Prompt 6/17)[0m
[1;33m2025-09-21 23:08:00 - Running prompt generation...[0m
PROMPT GENERATION COMPLETE - Prompt #6
[0;32m2025-09-21 23:08:21 - Completed prompt #6[0m
[0;34m2025-09-21 23:08:26 - Generating prompt #7 (Section 1, Prompt 7/17)[0m
[1;33m2025-09-21 23:08:26 - Running prompt generation...[0m
PROMPT GENERATION COMPLETE - Prompt #7
[0;32m2025-09-21 23:08:49 - Completed prompt #7[0m
[0;34m2025-09-21 23:08:54 - Generating prompt #8 (Section 1, Prompt 8/17)[0m
[1;33m2025-09-21 23:08:54 - Running prompt generation...[0m
PROMPT GENERATION COMPLETE - Prompt #8
[0;32m2025-09-21 23:09:16 - Completed prompt #8[0m
[0;34m2025-09-21 23:09:21 - Generating prompt #9 (Section 1, Prompt 9/17)[0m
[1;33m2025-09-21 23:09:21 - Running prompt generation...[0m
PROMPT GENERATION COMPLETE - Prompt #9
[0;32m2025-09-21 23:09:45 - Completed prompt #9[0m
[0;34m2025-09-21 23:09:50 - Generating prompt #10 (Section 1, Prompt 10/17)[0m
[1;33m2025-09-21 23:09:50 - Running prompt generation...[0m
PROMPT GENERATION COMPLETE - Prompt #10
[0;32m2025-09-21 23:10:11 - Completed prompt #10[0m
[0;34m2025-09-21 23:10:16 - Generating prompt #11 (Section 1, Prompt 11/17)[0m
[1;33m2025-09-21 23:10:16 - Running prompt generation...[0m
PROMPT GENERATION COMPLETE - Prompt #11
[0;32m2025-09-21 23:10:39 - Completed prompt #11[0m
[0;34m2025-09-21 23:10:44 - Generating prompt #12 (Section 1, Prompt 12/17)[0m
[1;33m2025-09-21 23:10:44 - Running prompt generation...[0m
PROMPT GENERATION COMPLETE - Prompt #12
[0;32m2025-09-21 23:11:06 - Completed prompt #12[0m
[0;34m2025-09-21 23:11:11 - Generating prompt #13 (Section 1, Prompt 13/17)[0m
[1;33m2025-09-21 23:11:11 - Running prompt generation...[0m
PROMPT GENERATION COMPLETE - Prompt #13
[0;32m2025-09-21 23:11:32 - Completed prompt #13[0m
[0;34m2025-09-21 23:11:37 - Generating prompt #14 (Section 1, Prompt 14/17)[0m
[1;33m2025-09-21 23:11:37 - Running prompt generation...[0m
PROMPT GENERATION COMPLETE - Prompt #14
[0;32m2025-09-21 23:12:00 - Completed prompt #14[0m
[0;34m2025-09-21 23:12:05 - Generating prompt #15 (Section 1, Prompt 15/17)[0m
[1;33m2025-09-21 23:12:05 - Running prompt generation...[0m
PROMPT GENERATION COMPLETE - Prompt #15
[0;32m2025-09-21 23:12:27 - Completed prompt #15[0m
[0;34m2025-09-21 23:12:32 - Generating prompt #16 (Section 1, Prompt 16/17)[0m
[1;33m2025-09-21 23:12:32 - Running prompt generation...[0m
PROMPT GENERATION COMPLETE - Prompt #16
[0;32m2025-09-21 23:12:56 - Completed prompt #16[0m
[0;34m2025-09-21 23:13:01 - Generating prompt #17 (Section 1, Prompt 17/17)[0m
[1;33m2025-09-21 23:13:01 - Running prompt generation...[0m
PROMPT GENERATION COMPLETE - Prompt #17
[0;32m2025-09-21 23:13:22 - Completed prompt #17[0m
[0;34m2025-09-21 23:13:27 - Generating prompt #18 (Section 2, Prompt 1/17)[0m
[1;33m2025-09-21 23:13:27 - Running prompt generation...[0m
PROMPT GENERATION COMPLETE - Prompt #18
[0;32m2025-09-21 23:13:48 - Completed prompt #18[0m
[0;34m2025-09-21 23:13:53 - Generating prompt #19 (Section 2, Prompt 2/17)[0m
[1;33m2025-09-21 23:13:53 - Running prompt generation...[0m
PROMPT GENERATION COMPLETE - Prompt #19
[0;32m2025-09-21 23:14:16 - Completed prompt #19[0m
[0;34m2025-09-21 23:14:21 - Generating prompt #20 (Section 2, Prompt 3/17)[0m
[1;33m2025-09-21 23:14:21 - Running prompt generation...[0m
PROMPT GENERATION COMPLETE - Prompt #20
[0;32m2025-09-21 23:14:43 - Completed prompt #20[0m
[0;34m2025-09-21 23:14:48 - Generating prompt #21 (Section 2, Prompt 4/17)[0m
[1;33m2025-09-21 23:14:48 - Running prompt generation...[0m
PROMPT GENERATION COMPLETE - Prompt #21
[0;32m2025-09-21 23:15:09 - Completed prompt #21[0m
[0;34m2025-09-21 23:15:14 - Generating prompt #22 (Section 2, Prompt 5/17)[0m
[1;33m2025-09-21 23:15:14 - Running prompt generation...[0m
PROMPT GENERATION COMPLETE - Prompt #22
[0;32m2025-09-21 23:15:36 - Completed prompt #22[0m
[0;34m2025-09-21 23:15:41 - Generating prompt #23 (Section 2, Prompt 6/17)[0m
[1;33m2025-09-21 23:15:41 - Running prompt generation...[0m
PROMPT GENERATION COMPLETE - Prompt #23
[0;32m2025-09-21 23:16:04 - Completed prompt #23[0m
[0;34m2025-09-21 23:16:09 - Generating prompt #24 (Section 2, Prompt 7/17)[0m
[1;33m2025-09-21 23:16:09 - Running prompt generation...[0m
PROMPT GENERATION COMPLETE - Prompt #24
[0;32m2025-09-21 23:16:30 - Completed prompt #24[0m
[0;34m2025-09-21 23:16:35 - Generating prompt #25 (Section 2, Prompt 8/17)[0m
[1;33m2025-09-21 23:16:35 - Running prompt generation...[0m
PROMPT GENERATION COMPLETE - Prompt #25
[0;32m2025-09-21 23:16:55 - Completed prompt #25[0m
[0;34m2025-09-21 23:17:00 - Generating prompt #26 (Section 2, Prompt 9/17)[0m
[1;33m2025-09-21 23:17:00 - Running prompt generation...[0m
PROMPT GENERATION COMPLETE - Prompt #26
[0;32m2025-09-21 23:17:21 - Completed prompt #26[0m
[0;34m2025-09-21 23:17:26 - Generating prompt #27 (Section 2, Prompt 10/17)[0m
[1;33m2025-09-21 23:17:26 - Running prompt generation...[0m
PROMPT GENERATION COMPLETE - Prompt #27
[0;32m2025-09-21 23:17:49 - Completed prompt #27[0m
[0;34m2025-09-21 23:17:54 - Generating prompt #28 (Section 2, Prompt 11/17)[0m
[1;33m2025-09-21 23:17:54 - Running prompt generation...[0m
PROMPT GENERATION COMPLETE - Prompt #28
[0;32m2025-09-21 23:18:17 - Completed prompt #28[0m
[0;34m2025-09-21 23:18:22 - Generating prompt #29 (Section 2, Prompt 12/17)[0m
[1;33m2025-09-21 23:18:22 - Running prompt generation...[0m
PROMPT GENERATION COMPLETE - Prompt #29
[0;32m2025-09-21 23:18:44 - Completed prompt #29[0m
[0;34m2025-09-21 23:18:49 - Generating prompt #30 (Section 2, Prompt 13/17)[0m
[1;33m2025-09-21 23:18:49 - Running prompt generation...[0m
PROMPT GENERATION COMPLETE - Prompt #30
[0;32m2025-09-21 23:19:12 - Completed prompt #30[0m
[0;34m2025-09-21 23:19:17 - Generating prompt #31 (Section 2, Prompt 14/17)[0m
[1;33m2025-09-21 23:19:17 - Running prompt generation...[0m
PROMPT GENERATION COMPLETE - Prompt #31
[0;32m2025-09-21 23:19:39 - Completed prompt #31[0m
[0;34m2025-09-21 23:19:44 - Generating prompt #32 (Section 2, Prompt 15/17)[0m
[1;33m2025-09-21 23:19:44 - Running prompt generation...[0m
PROMPT GENERATION COMPLETE - Prompt #32
[0;32m2025-09-21 23:20:07 - Completed prompt #32[0m
[0;34m2025-09-21 23:20:12 - Generating prompt #33 (Section 2, Prompt 16/17)[0m
[1;33m2025-09-21 23:20:12 - Running prompt generation...[0m
PROMPT GENERATION COMPLETE - Prompt #33
[0;32m2025-09-21 23:20:34 - Completed prompt #33[0m
[0;34m2025-09-21 23:20:39 - Generating prompt #34 (Section 2, Prompt 17/17)[0m
[1;33m2025-09-21 23:20:39 - Running prompt generation...[0m
PROMPT GENERATION COMPLETE - Prompt #34
[0;32m2025-09-21 23:21:02 - Completed prompt #34[0m
[0;34m2025-09-21 23:21:07 - Generating prompt #35 (Section 3, Prompt 1/17)[0m
[1;33m2025-09-21 23:21:07 - Running prompt generation...[0m
PROMPT GENERATION COMPLETE - Prompt #35
[0;32m2025-09-21 23:21:30 - Completed prompt #35[0m
[0;34m2025-09-21 23:21:35 - Generating prompt #36 (Section 3, Prompt 2/17)[0m
[1;33m2025-09-21 23:21:35 - Running prompt generation...[0m
PROMPT GENERATION COMPLETE - Prompt #36
[0;32m2025-09-21 23:21:58 - Completed prompt #36[0m
[0;34m2025-09-21 23:22:03 - Generating prompt #37 (Section 3, Prompt 3/17)[0m
[1;33m2025-09-21 23:22:03 - Running prompt generation...[0m
PROMPT GENERATION COMPLETE - Prompt #37
[0;32m2025-09-21 23:22:25 - Completed prompt #37[0m
[0;34m2025-09-21 23:22:30 - Generating prompt #38 (Section 3, Prompt 4/17)[0m
[1;33m2025-09-21 23:22:30 - Running prompt generation...[0m
PROMPT GENERATION COMPLETE - Prompt #38
[0;32m2025-09-21 23:22:52 - Completed prompt #38[0m
[0;34m2025-09-21 23:22:57 - Generating prompt #39 (Section 3, Prompt 5/17)[0m
[1;33m2025-09-21 23:22:57 - Running prompt generation...[0m
PROMPT GENERATION COMPLETE - Prompt #39
[0;32m2025-09-21 23:23:20 - Completed prompt #39[0m
[0;34m2025-09-21 23:23:25 - Generating prompt #40 (Section 3, Prompt 6/17)[0m
[1;33m2025-09-21 23:23:25 - Running prompt generation...[0m
PROMPT GENERATION COMPLETE - Prompt #40
[0;32m2025-09-21 23:23:47 - Completed prompt #40[0m
[0;34m2025-09-21 23:23:52 - Generating prompt #41 (Section 3, Prompt 7/17)[0m
[1;33m2025-09-21 23:23:52 - Running prompt generation...[0m
PROMPT GENERATION COMPLETE - Prompt #41
[0;32m2025-09-21 23:24:15 - Completed prompt #41[0m
[0;34m2025-09-21 23:24:20 - Generating prompt #42 (Section 3, Prompt 8/17)[0m
[1;33m2025-09-21 23:24:20 - Running prompt generation...[0m
PROMPT GENERATION COMPLETE - Prompt #42
[0;32m2025-09-21 23:24:43 - Completed prompt #42[0m
[0;34m2025-09-21 23:24:48 - Generating prompt #43 (Section 3, Prompt 9/17)[0m
[1;33m2025-09-21 23:24:48 - Running prompt generation...[0m
PROMPT GENERATION COMPLETE - Prompt #43
[0;32m2025-09-21 23:25:11 - Completed prompt #43[0m
[0;34m2025-09-21 23:25:16 - Generating prompt #44 (Section 3, Prompt 10/17)[0m
[1;33m2025-09-21 23:25:16 - Running prompt generation...[0m
PROMPT GENERATION COMPLETE - Prompt #44
[0;32m2025-09-21 23:25:38 - Completed prompt #44[0m
[0;34m2025-09-21 23:25:43 - Generating prompt #45 (Section 3, Prompt 11/17)[0m
[1;33m2025-09-21 23:25:43 - Running prompt generation...[0m
PROMPT GENERATION COMPLETE - Prompt #45
[0;32m2025-09-21 23:26:06 - Completed prompt #45[0m
[0;34m2025-09-21 23:26:11 - Generating prompt #46 (Section 3, Prompt 12/17)[0m
[1;33m2025-09-21 23:26:11 - Running prompt generation...[0m
PROMPT GENERATION COMPLETE - Prompt #46
[0;32m2025-09-21 23:26:33 - Completed prompt #46[0m
[0;34m2025-09-21 23:26:38 - Generating prompt #47 (Section 3, Prompt 13/17)[0m
[1;33m2025-09-21 23:26:38 - Running prompt generation...[0m
<invoke name="Edit">
<parameter name="file_path">/Users/ikim1/Documents/GitHub/templata-immigration-journey/src/data/prompts-immigration-journey.ts</parameter>
<parameter name="old_string">  {
    id: 'prompt-46',
    prompt: 'Schedule and attend mandatory biometrics appointment within the designated timeframe at your assigned USCIS Application Support Center',
    category: 'action',
    helpText: 'The biometrics appointment is a critical requirement for most immigration applications where USCIS collects your fingerprints, photograph, and signature for background checks and identity verification. Attend promptly when scheduled as missing this appointment can significantly delay your case, and rescheduling options are limited. Bring required identification documents and arrive early to account for potential wait times, as this appointment triggers the next phase of case processing and background verification essential for approval.'
  }
];</parameter>
<parameter name="new_string">  {
    id: 'prompt-46',
    prompt: 'Schedule and attend mandatory biometrics appointment within the designated timeframe at your assigned USCIS Application Support Center',
    category: 'action',
    helpText: 'The biometrics appointment is a critical requirement for most immigration applications where USCIS collects your fingerprints, photograph, and signature for background checks and identity verification. Attend promptly when scheduled as missing this appointment can significantly delay your case, and rescheduling options are limited. Bring required identification documents and arrive early to account for potential wait times, as this appointment triggers the next phase of case processing and background verification essential for approval.'
  },
  {
    id: 'prompt-47',
    prompt: 'Create a detailed educational and professional credential assessment plan including degree evaluations and professional license transfers',
    category: 'planning',
    helpText: 'Transferring your professional qualifications to the U.S. system is essential for career advancement and maximizing your immigration benefits through employment opportunities. Research credential evaluation requirements for your specific profession, identify state licensing boards for professional certifications, and understand any additional education or testing requirements needed to practice in your field. Planning this process early allows time for completing any additional requirements and ensures your professional qualifications support rather than limit your career opportunities in the United States.'
  }
];</parameter>
</invoke>
[0;32m2025-09-21 23:26:59 - Completed prompt #47[0m
[0;34m2025-09-21 23:27:04 - Generating prompt #48 (Section 3, Prompt 14/17)[0m
[1;33m2025-09-21 23:27:04 - Running prompt generation...[0m
<invoke name="Edit">
<parameter name="file_path">/Users/ikim1/Documents/GitHub/templata-immigration-journey/src/data/prompts-immigration-journey.ts</parameter>
<parameter name="old_string">  },
  {
    id: 'prompt-46',
    prompt: 'Schedule and attend mandatory biometrics appointment within the designated timeframe at your assigned USCIS Application Support Center',
    category: 'action',
    helpText: 'The biometrics appointment is a critical requirement for most immigration applications where USCIS collects your fingerprints, photograph, and signature for background checks and identity verification. Attend promptly when scheduled as missing this appointment can significantly delay your case, and rescheduling options are limited. Bring required identification documents and arrive early to account for potential wait times, as this appointment triggers the next phase of case processing and background verification essential for approval.'
  }
];</parameter>
<parameter name="new_string">  },
  {
    id: 'prompt-46',
    prompt: 'Schedule and attend mandatory biometrics appointment within the designated timeframe at your assigned USCIS Application Support Center',
    category: 'action',
    helpText: 'The biometrics appointment is a critical requirement for most immigration applications where USCIS collects your fingerprints, photograph, and signature for background checks and identity verification. Attend promptly when scheduled as missing this appointment can significantly delay your case, and rescheduling options are limited. Bring required identification documents and arrive early to account for potential wait times, as this appointment triggers the next phase of case processing and background verification essential for approval.'
  },
  {
    id: 'prompt-47',
    prompt: 'Research and initiate the apostille or authentication process for all foreign documents through appropriate government agencies',
    category: 'action',
    helpText: 'Foreign official documents like birth certificates, marriage licenses, and academic transcripts typically require apostille certification or authentication by your home country\'s government before submission to USCIS. This process can take several weeks to months and must be completed in the specific order required by your country\'s procedures. Starting early prevents last-minute delays in your application timeline, and understanding the proper authentication chain ensures your documents will be accepted by USCIS without rejection.'
  },
  {
    id: 'prompt-48',
    prompt: 'Complete Form I-864 Affidavit of Support preparation with your sponsor and gather all required financial documentation',
    category: 'action',
    helpText: 'The I-864 Affidavit of Support is a legally binding contract where your sponsor commits to financially support you and prevent you from becoming a public charge. Work closely with your sponsor to complete this form accurately, gather their tax returns, employment verification, and bank statements that demonstrate income above the required poverty guidelines. This critical document requires precise completion and substantial supporting evidence, as errors or insufficient financial proof are common reasons for application delays or denials.'
  }
];</parameter>
</invoke>
[0;32m2025-09-21 23:27:26 - Completed prompt #48[0m
[0;34m2025-09-21 23:27:31 - Generating prompt #49 (Section 3, Prompt 15/17)[0m
[1;33m2025-09-21 23:27:31 - Running prompt generation...[0m
<invoke name="Edit">
<parameter name="file_path">/Users/ikim1/Documents/GitHub/templata-immigration-journey/src/data/prompts-immigration-journey.ts</parameter>
<parameter name="old_string">  {
    id: 'prompt-46',
    prompt: 'Schedule and attend mandatory biometrics appointment within the designated timeframe at your assigned USCIS Application Support Center',
    category: 'action',
    helpText: 'The biometrics appointment is a critical requirement for most immigration applications where USCIS collects your fingerprints, photograph, and signature for background checks and identity verification. Attend promptly when scheduled as missing this appointment can significantly delay your case, and rescheduling options are limited. Bring required identification documents and arrive early to account for potential wait times, as this appointment triggers the next phase of case processing and background verification essential for approval.'
  }
];</parameter>
<parameter name="new_string">  {
    id: 'prompt-46',
    prompt: 'Schedule and attend mandatory biometrics appointment within the designated timeframe at your assigned USCIS Application Support Center',
    category: 'action',
    helpText: 'The biometrics appointment is a critical requirement for most immigration applications where USCIS collects your fingerprints, photograph, and signature for background checks and identity verification. Attend promptly when scheduled as missing this appointment can significantly delay your case, and rescheduling options are limited. Bring required identification documents and arrive early to account for potential wait times, as this appointment triggers the next phase of case processing and background verification essential for approval.'
  },
  {
    id: 'prompt-49',
    prompt: 'Establish a comprehensive support network by connecting with immigration advocacy groups and finding local mentors who have completed similar immigration journeys',
    category: 'action',
    helpText: 'Building a strong support network is essential for navigating the emotional and practical challenges of the immigration process. Research local immigrant support organizations, attend community meetings, and connect with others who have successfully completed similar immigration journeys to your own. These connections provide valuable practical advice, emotional support during stressful periods, and insights into local resources that can make your immigration journey more manageable and successful.'
  }
];</parameter>
</invoke>
[0;32m2025-09-21 23:27:51 - Completed prompt #49[0m
[0;34m2025-09-21 23:27:56 - Generating prompt #50 (Section 3, Prompt 16/17)[0m
[1;33m2025-09-21 23:27:56 - Running prompt generation...[0m
<invoke name="Edit">
<parameter name="file_path">/Users/ikim1/Documents/GitHub/templata-immigration-journey/src/data/prompts-immigration-journey.ts</parameter>
<parameter name="old_string">  {
    id: 'prompt-46',
    prompt: 'Schedule and attend mandatory biometrics appointment within the designated timeframe at your assigned USCIS Application Support Center',
    category: 'action',
    helpText: 'The biometrics appointment is a critical requirement for most immigration applications where USCIS collects your fingerprints, photograph, and signature for background checks and identity verification. Attend promptly when scheduled as missing this appointment can significantly delay your case, and rescheduling options are limited. Bring required identification documents and arrive early to account for potential wait times, as this appointment triggers the next phase of case processing and background verification essential for approval.'
  }
];</parameter>
<parameter name="new_string">  {
    id: 'prompt-46',
    prompt: 'Schedule and attend mandatory biometrics appointment within the designated timeframe at your assigned USCIS Application Support Center',
    category: 'action',
    helpText: 'The biometrics appointment is a critical requirement for most immigration applications where USCIS collects your fingerprints, photograph, and signature for background checks and identity verification. Attend promptly when scheduled as missing this appointment can significantly delay your case, and rescheduling options are limited. Bring required identification documents and arrive early to account for potential wait times, as this appointment triggers the next phase of case processing and background verification essential for approval.'
  },
  {
    id: 'prompt-50',
    prompt: 'Prepare and submit a detailed response to any USCIS Request for Evidence (RFE) or Notice of Intent to Deny (NOID) within the specified deadline',
    category: 'action',
    helpText: 'Receiving an RFE or NOID requires immediate attention and a comprehensive response to address USCIS concerns and provide additional evidence to support your case. Carefully review each requested item, gather all required documentation, and prepare a detailed cover letter explaining how each piece of evidence addresses the specific concerns raised. Responding thoroughly and on time is often your final opportunity to secure approval, making this one of the most critical actions in your entire immigration journey.'
  }
];</parameter>
</invoke>
[0;32m2025-09-21 23:28:16 - Completed prompt #50[0m
[0;34m2025-09-21 23:28:21 - Generating prompt #51 (Section 3, Prompt 17/17)[0m
[1;33m2025-09-21 23:28:21 - Running prompt generation...[0m
PROMPT GENERATION COMPLETE - Prompt #51
[0;32m2025-09-21 23:28:43 - Completed prompt #51[0m
[0;34m2025-09-21 23:28:48 - Generating prompt #52 (Section 4, Prompt 1/17)[0m
[1;33m2025-09-21 23:28:48 - Running prompt generation...[0m
PROMPT GENERATION COMPLETE - Prompt #52
[0;32m2025-09-21 23:29:09 - Completed prompt #52[0m
[0;34m2025-09-21 23:29:14 - Generating prompt #53 (Section 4, Prompt 2/17)[0m
[1;33m2025-09-21 23:29:14 - Running prompt generation...[0m
PROMPT GENERATION COMPLETE - Prompt #53
[0;32m2025-09-21 23:29:35 - Completed prompt #53[0m
[0;34m2025-09-21 23:29:40 - Generating prompt #54 (Section 4, Prompt 3/17)[0m
[1;33m2025-09-21 23:29:40 - Running prompt generation...[0m
PROMPT GENERATION COMPLETE - Prompt #54
[0;32m2025-09-21 23:30:02 - Completed prompt #54[0m
[0;34m2025-09-21 23:30:07 - Generating prompt #55 (Section 4, Prompt 4/17)[0m
[1;33m2025-09-21 23:30:07 - Running prompt generation...[0m
PROMPT GENERATION COMPLETE - Prompt #55
[0;32m2025-09-21 23:30:28 - Completed prompt #55[0m
[0;34m2025-09-21 23:30:33 - Generating prompt #56 (Section 4, Prompt 5/17)[0m
[1;33m2025-09-21 23:30:33 - Running prompt generation...[0m
PROMPT GENERATION COMPLETE - Prompt #56
[0;32m2025-09-21 23:30:55 - Completed prompt #56[0m
[0;34m2025-09-21 23:31:00 - Generating prompt #57 (Section 4, Prompt 6/17)[0m
[1;33m2025-09-21 23:31:00 - Running prompt generation...[0m
PROMPT GENERATION COMPLETE - Prompt #57
[0;32m2025-09-21 23:31:22 - Completed prompt #57[0m
[0;34m2025-09-21 23:31:27 - Generating prompt #58 (Section 4, Prompt 7/17)[0m
[1;33m2025-09-21 23:31:27 - Running prompt generation...[0m
PROMPT GENERATION COMPLETE - Prompt #58
[0;32m2025-09-21 23:31:51 - Completed prompt #58[0m
[0;34m2025-09-21 23:31:56 - Generating prompt #59 (Section 4, Prompt 8/17)[0m
[1;33m2025-09-21 23:31:56 - Running prompt generation...[0m
PROMPT GENERATION COMPLETE - Prompt #59
[0;32m2025-09-21 23:32:17 - Completed prompt #59[0m
[0;34m2025-09-21 23:32:22 - Generating prompt #60 (Section 4, Prompt 9/17)[0m
[1;33m2025-09-21 23:32:22 - Running prompt generation...[0m
PROMPT GENERATION COMPLETE - Prompt #60
[0;32m2025-09-21 23:32:43 - Completed prompt #60[0m
[0;34m2025-09-21 23:32:48 - Generating prompt #61 (Section 4, Prompt 10/17)[0m
[1;33m2025-09-21 23:32:48 - Running prompt generation...[0m
PROMPT GENERATION COMPLETE - Prompt #61
[0;32m2025-09-21 23:33:10 - Completed prompt #61[0m
[0;34m2025-09-21 23:33:15 - Generating prompt #62 (Section 4, Prompt 11/17)[0m
[1;33m2025-09-21 23:33:15 - Running prompt generation...[0m
PROMPT GENERATION COMPLETE - Prompt #62
[0;32m2025-09-21 23:33:37 - Completed prompt #62[0m
[0;34m2025-09-21 23:33:42 - Generating prompt #63 (Section 4, Prompt 12/17)[0m
[1;33m2025-09-21 23:33:42 - Running prompt generation...[0m
PROMPT GENERATION COMPLETE - Prompt #63
[0;32m2025-09-21 23:34:04 - Completed prompt #63[0m
[0;34m2025-09-21 23:34:09 - Generating prompt #64 (Section 4, Prompt 13/17)[0m
[1;33m2025-09-21 23:34:09 - Running prompt generation...[0m
PROMPT GENERATION COMPLETE - Prompt #64
[0;32m2025-09-21 23:34:31 - Completed prompt #64[0m
[0;34m2025-09-21 23:34:36 - Generating prompt #65 (Section 4, Prompt 14/17)[0m
[1;33m2025-09-21 23:34:36 - Running prompt generation...[0m
PROMPT GENERATION COMPLETE - Prompt #65
[0;32m2025-09-21 23:34:57 - Completed prompt #65[0m
[0;34m2025-09-21 23:35:02 - Generating prompt #66 (Section 4, Prompt 15/17)[0m
[1;33m2025-09-21 23:35:02 - Running prompt generation...[0m
PROMPT GENERATION COMPLETE - Prompt #66
[0;32m2025-09-21 23:35:24 - Completed prompt #66[0m
[0;34m2025-09-21 23:35:29 - Generating prompt #67 (Section 4, Prompt 16/17)[0m
[1;33m2025-09-21 23:35:29 - Running prompt generation...[0m
5-hour limit reached ∙ resets 12am
[0;32m2025-09-21 23:35:37 - Completed prompt #67[0m
[0;34m2025-09-21 23:35:42 - Generating prompt #68 (Section 4, Prompt 17/17)[0m
[1;33m2025-09-21 23:35:42 - Running prompt generation...[0m
5-hour limit reached ∙ resets 12am
[0;32m2025-09-21 23:35:49 - Completed prompt #68[0m
[0;34m2025-09-21 23:35:54 - Generating prompt #69 (Section 5, Prompt 1/17)[0m
[1;33m2025-09-21 23:35:54 - Running prompt generation...[0m
5-hour limit reached ∙ resets 12am
[0;32m2025-09-21 23:36:02 - Completed prompt #69[0m
[0;34m2025-09-21 23:36:07 - Generating prompt #70 (Section 5, Prompt 2/17)[0m
[1;33m2025-09-21 23:36:07 - Running prompt generation...[0m
5-hour limit reached ∙ resets 12am
[0;32m2025-09-21 23:36:14 - Completed prompt #70[0m
[0;34m2025-09-21 23:36:19 - Generating prompt #71 (Section 5, Prompt 3/17)[0m
[1;33m2025-09-21 23:36:19 - Running prompt generation...[0m
5-hour limit reached ∙ resets 12am
[0;32m2025-09-21 23:36:26 - Completed prompt #71[0m
[0;34m2025-09-21 23:36:32 - Generating prompt #72 (Section 5, Prompt 4/17)[0m
[1;33m2025-09-21 23:36:32 - Running prompt generation...[0m
5-hour limit reached ∙ resets 12am
[0;32m2025-09-21 23:36:39 - Completed prompt #72[0m
[0;34m2025-09-21 23:36:44 - Generating prompt #73 (Section 5, Prompt 5/17)[0m
[1;33m2025-09-21 23:36:44 - Running prompt generation...[0m
5-hour limit reached ∙ resets 12am
[0;32m2025-09-21 23:36:51 - Completed prompt #73[0m
[0;34m2025-09-21 23:36:56 - Generating prompt #74 (Section 5, Prompt 6/17)[0m
[1;33m2025-09-21 23:36:56 - Running prompt generation...[0m
5-hour limit reached ∙ resets 12am
[0;32m2025-09-21 23:37:04 - Completed prompt #74[0m
[0;34m2025-09-21 23:37:09 - Generating prompt #75 (Section 5, Prompt 7/17)[0m
[1;33m2025-09-21 23:37:09 - Running prompt generation...[0m
5-hour limit reached ∙ resets 12am
[0;32m2025-09-21 23:37:16 - Completed prompt #75[0m
[0;34m2025-09-21 23:37:21 - Generating prompt #76 (Section 5, Prompt 8/17)[0m
[1;33m2025-09-21 23:37:21 - Running prompt generation...[0m
5-hour limit reached ∙ resets 12am
[0;32m2025-09-21 23:37:29 - Completed prompt #76[0m
[0;34m2025-09-21 23:37:34 - Generating prompt #77 (Section 5, Prompt 9/17)[0m
[1;33m2025-09-21 23:37:34 - Running prompt generation...[0m
5-hour limit reached ∙ resets 12am
[0;32m2025-09-21 23:37:41 - Completed prompt #77[0m
[0;34m2025-09-21 23:37:46 - Generating prompt #78 (Section 5, Prompt 10/17)[0m
[1;33m2025-09-21 23:37:46 - Running prompt generation...[0m
5-hour limit reached ∙ resets 12am
[0;32m2025-09-21 23:37:54 - Completed prompt #78[0m
[0;34m2025-09-21 23:37:59 - Generating prompt #79 (Section 5, Prompt 11/17)[0m
[1;33m2025-09-21 23:37:59 - Running prompt generation...[0m
5-hour limit reached ∙ resets 12am
[0;32m2025-09-21 23:38:07 - Completed prompt #79[0m
[0;34m2025-09-21 23:38:12 - Generating prompt #80 (Section 5, Prompt 12/17)[0m
[1;33m2025-09-21 23:38:12 - Running prompt generation...[0m
5-hour limit reached ∙ resets 12am
[0;32m2025-09-21 23:38:19 - Completed prompt #80[0m
[0;34m2025-09-21 23:38:24 - Generating prompt #81 (Section 5, Prompt 13/17)[0m
[1;33m2025-09-21 23:38:24 - Running prompt generation...[0m
5-hour limit reached ∙ resets 12am
[0;32m2025-09-21 23:38:31 - Completed prompt #81[0m
[0;34m2025-09-21 23:38:36 - Generating prompt #82 (Section 5, Prompt 14/17)[0m
[1;33m2025-09-21 23:38:36 - Running prompt generation...[0m
5-hour limit reached ∙ resets 12am
[0;32m2025-09-21 23:38:44 - Completed prompt #82[0m
[0;34m2025-09-21 23:38:49 - Generating prompt #83 (Section 5, Prompt 15/17)[0m
[1;33m2025-09-21 23:38:49 - Running prompt generation...[0m
5-hour limit reached ∙ resets 12am
[0;32m2025-09-21 23:38:56 - Completed prompt #83[0m
[0;34m2025-09-21 23:39:01 - Generating prompt #84 (Section 5, Prompt 16/17)[0m
[1;33m2025-09-21 23:39:01 - Running prompt generation...[0m
5-hour limit reached ∙ resets 12am
[0;32m2025-09-21 23:39:09 - Completed prompt #84[0m
[0;34m2025-09-21 23:39:14 - Generating prompt #85 (Section 5, Prompt 17/17)[0m
[1;33m2025-09-21 23:39:14 - Running prompt generation...[0m
5-hour limit reached ∙ resets 12am
[0;32m2025-09-21 23:39:21 - Completed prompt #85[0m
[0;34m2025-09-21 23:39:26 - Generating prompt #86 (Section 6, Prompt 1/17)[0m
[1;33m2025-09-21 23:39:26 - Running prompt generation...[0m
5-hour limit reached ∙ resets 12am
[0;32m2025-09-21 23:39:34 - Completed prompt #86[0m
[0;34m2025-09-21 23:39:39 - Generating prompt #87 (Section 6, Prompt 2/17)[0m
[1;33m2025-09-21 23:39:39 - Running prompt generation...[0m
5-hour limit reached ∙ resets 12am
[0;32m2025-09-21 23:39:46 - Completed prompt #87[0m
[0;34m2025-09-21 23:39:51 - Generating prompt #88 (Section 6, Prompt 3/17)[0m
[1;33m2025-09-21 23:39:51 - Running prompt generation...[0m
5-hour limit reached ∙ resets 12am
[0;32m2025-09-21 23:39:59 - Completed prompt #88[0m
[0;34m2025-09-21 23:40:04 - Generating prompt #89 (Section 6, Prompt 4/17)[0m
[1;33m2025-09-21 23:40:04 - Running prompt generation...[0m
5-hour limit reached ∙ resets 12am
[0;32m2025-09-21 23:40:11 - Completed prompt #89[0m
[0;34m2025-09-21 23:40:16 - Generating prompt #90 (Section 6, Prompt 5/17)[0m
[1;33m2025-09-21 23:40:16 - Running prompt generation...[0m
5-hour limit reached ∙ resets 12am
[0;32m2025-09-21 23:40:24 - Completed prompt #90[0m
[0;34m2025-09-21 23:40:29 - Generating prompt #91 (Section 6, Prompt 6/17)[0m
[1;33m2025-09-21 23:40:29 - Running prompt generation...[0m
5-hour limit reached ∙ resets 12am
[0;32m2025-09-21 23:40:36 - Completed prompt #91[0m
[0;34m2025-09-21 23:40:41 - Generating prompt #92 (Section 6, Prompt 7/17)[0m
[1;33m2025-09-21 23:40:41 - Running prompt generation...[0m
5-hour limit reached ∙ resets 12am
[0;32m2025-09-21 23:40:49 - Completed prompt #92[0m
[0;34m2025-09-21 23:40:54 - Generating prompt #93 (Section 6, Prompt 8/17)[0m
[1;33m2025-09-21 23:40:54 - Running prompt generation...[0m
5-hour limit reached ∙ resets 12am
[0;32m2025-09-21 23:41:01 - Completed prompt #93[0m
[0;34m2025-09-21 23:41:06 - Generating prompt #94 (Section 6, Prompt 9/17)[0m
[1;33m2025-09-21 23:41:06 - Running prompt generation...[0m
5-hour limit reached ∙ resets 12am
[0;32m2025-09-21 23:41:14 - Completed prompt #94[0m
[0;34m2025-09-21 23:41:19 - Generating prompt #95 (Section 6, Prompt 10/17)[0m
[1;33m2025-09-21 23:41:19 - Running prompt generation...[0m
5-hour limit reached ∙ resets 12am
[0;32m2025-09-21 23:41:26 - Completed prompt #95[0m
[0;34m2025-09-21 23:41:31 - Generating prompt #96 (Section 6, Prompt 11/17)[0m
[1;33m2025-09-21 23:41:31 - Running prompt generation...[0m
5-hour limit reached ∙ resets 12am
[0;32m2025-09-21 23:41:39 - Completed prompt #96[0m
[0;34m2025-09-21 23:41:44 - Generating prompt #97 (Section 6, Prompt 12/17)[0m
[1;33m2025-09-21 23:41:44 - Running prompt generation...[0m
5-hour limit reached ∙ resets 12am
[0;32m2025-09-21 23:41:51 - Completed prompt #97[0m
[0;34m2025-09-21 23:41:56 - Generating prompt #98 (Section 6, Prompt 13/17)[0m
[1;33m2025-09-21 23:41:56 - Running prompt generation...[0m
5-hour limit reached ∙ resets 12am
[0;32m2025-09-21 23:42:04 - Completed prompt #98[0m
[0;34m2025-09-21 23:42:09 - Generating prompt #99 (Section 6, Prompt 14/17)[0m
[1;33m2025-09-21 23:42:09 - Running prompt generation...[0m
5-hour limit reached ∙ resets 12am
[0;32m2025-09-21 23:42:16 - Completed prompt #99[0m
[0;34m2025-09-21 23:42:21 - Generating prompt #100 (Section 6, Prompt 15/17)[0m
[1;33m2025-09-21 23:42:21 - Running prompt generation...[0m
5-hour limit reached ∙ resets 12am
[0;32m2025-09-21 23:42:29 - Completed prompt #100[0m
[0;34m2025-09-21 23:42:34 - Generating prompt #101 (Section 6, Prompt 16/17)[0m
[1;33m2025-09-21 23:42:34 - Running prompt generation...[0m
5-hour limit reached ∙ resets 12am
[0;32m2025-09-21 23:42:41 - Completed prompt #101[0m
[0;34m2025-09-21 23:42:46 - Generating prompt #102 (Section 6, Prompt 17/17)[0m
[1;33m2025-09-21 23:42:46 - Running prompt generation...[0m
5-hour limit reached ∙ resets 12am
[0;32m2025-09-21 23:42:54 - Completed prompt #102[0m
[0;34m2025-09-22 00:06:19 - Starting Prompt Generation Cycle for template: immigration-journey[0m
[0;32m2025-09-22 00:06:19 - Using existing worktree: ../templata-immigration-journey[0m
[0;34m2025-09-22 00:06:19 - Generating prompt #63 (Section 4, Prompt 12/17)[0m
[1;33m2025-09-22 00:06:19 - Running prompt generation...[0m
PROMPT GENERATION COMPLETE - Prompt #63
[0;32m2025-09-22 00:06:43 - Completed prompt #63[0m
[0;34m2025-09-22 00:06:48 - Generating prompt #64 (Section 4, Prompt 13/17)[0m
[1;33m2025-09-22 00:06:48 - Running prompt generation...[0m
PROMPT GENERATION COMPLETE - Prompt #64
[0;32m2025-09-22 00:07:11 - Completed prompt #64[0m
[0;34m2025-09-22 00:07:16 - Generating prompt #65 (Section 4, Prompt 14/17)[0m
[1;33m2025-09-22 00:07:16 - Running prompt generation...[0m
PROMPT GENERATION COMPLETE - Prompt #65
[0;32m2025-09-22 00:07:38 - Completed prompt #65[0m
[0;34m2025-09-22 00:07:43 - Generating prompt #66 (Section 4, Prompt 15/17)[0m
[1;33m2025-09-22 00:07:43 - Running prompt generation...[0m
PROMPT GENERATION COMPLETE - Prompt #66
[0;32m2025-09-22 00:08:07 - Completed prompt #66[0m
[0;34m2025-09-22 00:08:12 - Generating prompt #67 (Section 4, Prompt 16/17)[0m
[1;33m2025-09-22 00:08:13 - Running prompt generation...[0m
PROMPT GENERATION COMPLETE - Prompt #67
[0;32m2025-09-22 00:08:37 - Completed prompt #67[0m
[0;34m2025-09-22 00:08:42 - Generating prompt #68 (Section 4, Prompt 17/17)[0m
[1;33m2025-09-22 00:08:42 - Running prompt generation...[0m
PROMPT GENERATION COMPLETE - Prompt #68
[0;32m2025-09-22 00:09:09 - Completed prompt #68[0m
[0;34m2025-09-22 00:09:14 - Generating prompt #69 (Section 5, Prompt 1/17)[0m
[1;33m2025-09-22 00:09:14 - Running prompt generation...[0m
PROMPT GENERATION COMPLETE - Prompt #69
[0;32m2025-09-22 00:09:37 - Completed prompt #69[0m
[0;34m2025-09-22 00:09:42 - Generating prompt #70 (Section 5, Prompt 2/17)[0m
[1;33m2025-09-22 00:09:42 - Running prompt generation...[0m
PROMPT GENERATION COMPLETE - Prompt #70
[0;32m2025-09-22 00:10:07 - Completed prompt #70[0m
[0;34m2025-09-22 00:10:12 - Generating prompt #71 (Section 5, Prompt 3/17)[0m
[1;33m2025-09-22 00:10:12 - Running prompt generation...[0m
PROMPT GENERATION COMPLETE - Prompt #71
[0;32m2025-09-22 00:10:35 - Completed prompt #71[0m
[0;34m2025-09-22 00:10:40 - Generating prompt #72 (Section 5, Prompt 4/17)[0m
[1;33m2025-09-22 00:10:40 - Running prompt generation...[0m
PROMPT GENERATION COMPLETE - Prompt #72
[0;32m2025-09-22 00:11:03 - Completed prompt #72[0m
[0;34m2025-09-22 00:11:08 - Generating prompt #73 (Section 5, Prompt 5/17)[0m
[1;33m2025-09-22 00:11:08 - Running prompt generation...[0m
PROMPT GENERATION COMPLETE - Prompt #73
[0;32m2025-09-22 00:11:32 - Completed prompt #73[0m
[0;34m2025-09-22 00:11:37 - Generating prompt #74 (Section 5, Prompt 6/17)[0m
[1;33m2025-09-22 00:11:37 - Running prompt generation...[0m
PROMPT GENERATION COMPLETE - Prompt #74
[0;32m2025-09-22 00:11:59 - Completed prompt #74[0m
[0;34m2025-09-22 00:12:04 - Generating prompt #75 (Section 5, Prompt 7/17)[0m
[1;33m2025-09-22 00:12:04 - Running prompt generation...[0m
PROMPT GENERATION COMPLETE - Prompt #75
[0;32m2025-09-22 00:12:28 - Completed prompt #75[0m
[0;34m2025-09-22 00:12:33 - Generating prompt #76 (Section 5, Prompt 8/17)[0m
[1;33m2025-09-22 00:12:33 - Running prompt generation...[0m
PROMPT GENERATION COMPLETE - Prompt #76
[0;32m2025-09-22 00:13:00 - Completed prompt #76[0m
[0;34m2025-09-22 00:13:05 - Generating prompt #77 (Section 5, Prompt 9/17)[0m
[1;33m2025-09-22 00:13:05 - Running prompt generation...[0m
PROMPT GENERATION COMPLETE - Prompt #77
[0;34m2025-09-22 00:57:07 - Starting Prompt Generation Cycle for template: immigration-journey[0m
[0;32m2025-09-22 00:57:07 - Using existing worktree: ../templata-immigration-journey[0m
[0;34m2025-09-22 00:57:07 - Generating prompt #77 (Section 5, Prompt 9/17)[0m
[1;33m2025-09-22 00:57:07 - Running prompt generation...[0m
PROMPT GENERATION COMPLETE - Prompt #77
[0;32m2025-09-22 00:57:32 - Completed prompt #77[0m
[0;34m2025-09-22 00:57:37 - Generating prompt #78 (Section 5, Prompt 10/17)[0m
[1;33m2025-09-22 00:57:37 - Running prompt generation...[0m
PROMPT GENERATION COMPLETE - Prompt #78
[0;32m2025-09-22 00:58:01 - Completed prompt #78[0m
[0;34m2025-09-22 00:58:06 - Generating prompt #79 (Section 5, Prompt 11/17)[0m
[1;33m2025-09-22 00:58:06 - Running prompt generation...[0m
PROMPT GENERATION COMPLETE - Prompt #79
[0;32m2025-09-22 00:58:29 - Completed prompt #79[0m
[0;34m2025-09-22 00:58:34 - Generating prompt #80 (Section 5, Prompt 12/17)[0m
[1;33m2025-09-22 00:58:34 - Running prompt generation...[0m
PROMPT GENERATION COMPLETE - Prompt #80
[0;32m2025-09-22 00:58:57 - Completed prompt #80[0m
[0;34m2025-09-22 00:59:02 - Generating prompt #81 (Section 5, Prompt 13/17)[0m
[1;33m2025-09-22 00:59:02 - Running prompt generation...[0m
PROMPT GENERATION COMPLETE - Prompt #81
[0;32m2025-09-22 00:59:28 - Completed prompt #81[0m
[0;34m2025-09-22 00:59:33 - Generating prompt #82 (Section 5, Prompt 14/17)[0m
[1;33m2025-09-22 00:59:33 - Running prompt generation...[0m
PROMPT GENERATION COMPLETE - Prompt #82
[0;32m2025-09-22 00:59:56 - Completed prompt #82[0m
[0;34m2025-09-22 01:00:01 - Generating prompt #83 (Section 5, Prompt 15/17)[0m
[1;33m2025-09-22 01:00:01 - Running prompt generation...[0m
PROMPT GENERATION COMPLETE - Prompt #83
[0;32m2025-09-22 01:00:27 - Completed prompt #83[0m
[0;34m2025-09-22 01:00:32 - Generating prompt #84 (Section 5, Prompt 16/17)[0m
[1;33m2025-09-22 01:00:32 - Running prompt generation...[0m
PROMPT GENERATION COMPLETE - Prompt #84
[0;32m2025-09-22 01:00:54 - Completed prompt #84[0m
[0;34m2025-09-22 01:00:59 - Generating prompt #85 (Section 5, Prompt 17/17)[0m
[1;33m2025-09-22 01:00:59 - Running prompt generation...[0m
PROMPT GENERATION COMPLETE - Prompt #85
[0;32m2025-09-22 01:01:21 - Completed prompt #85[0m
[0;34m2025-09-22 01:01:26 - Generating prompt #86 (Section 6, Prompt 1/17)[0m
[1;33m2025-09-22 01:01:26 - Running prompt generation...[0m
PROMPT GENERATION COMPLETE - Prompt #86
[0;32m2025-09-22 01:01:50 - Completed prompt #86[0m
[0;34m2025-09-22 01:01:55 - Generating prompt #87 (Section 6, Prompt 2/17)[0m
[1;33m2025-09-22 01:01:55 - Running prompt generation...[0m
PROMPT GENERATION COMPLETE - Prompt #87
[0;32m2025-09-22 01:02:18 - Completed prompt #87[0m
[0;34m2025-09-22 01:02:23 - Generating prompt #88 (Section 6, Prompt 3/17)[0m
[1;33m2025-09-22 01:02:23 - Running prompt generation...[0m
PROMPT GENERATION COMPLETE - Prompt #88
[0;32m2025-09-22 01:02:47 - Completed prompt #88[0m
[0;34m2025-09-22 01:02:52 - Generating prompt #89 (Section 6, Prompt 4/17)[0m
[1;33m2025-09-22 01:02:52 - Running prompt generation...[0m
PROMPT GENERATION COMPLETE - Prompt #89
[0;32m2025-09-22 01:03:13 - Completed prompt #89[0m
[0;34m2025-09-22 01:03:18 - Generating prompt #90 (Section 6, Prompt 5/17)[0m
[1;33m2025-09-22 01:03:18 - Running prompt generation...[0m
PROMPT GENERATION COMPLETE - Prompt #90
[0;32m2025-09-22 01:03:42 - Completed prompt #90[0m
[0;34m2025-09-22 01:03:47 - Generating prompt #91 (Section 6, Prompt 6/17)[0m
[1;33m2025-09-22 01:03:47 - Running prompt generation...[0m
PROMPT GENERATION COMPLETE - Prompt #91
[0;32m2025-09-22 01:04:10 - Completed prompt #91[0m
[0;34m2025-09-22 01:04:15 - Generating prompt #92 (Section 6, Prompt 7/17)[0m
[1;33m2025-09-22 01:04:15 - Running prompt generation...[0m
PROMPT GENERATION COMPLETE - Prompt #92
[0;32m2025-09-22 01:04:38 - Completed prompt #92[0m
[0;34m2025-09-22 01:04:43 - Generating prompt #93 (Section 6, Prompt 8/17)[0m
[1;33m2025-09-22 01:04:43 - Running prompt generation...[0m
PROMPT GENERATION COMPLETE - Prompt #93
[0;32m2025-09-22 01:05:05 - Completed prompt #93[0m
[0;34m2025-09-22 01:05:10 - Generating prompt #94 (Section 6, Prompt 9/17)[0m
[1;33m2025-09-22 01:05:10 - Running prompt generation...[0m
PROMPT GENERATION COMPLETE - Prompt #94
[0;32m2025-09-22 01:05:32 - Completed prompt #94[0m
[0;34m2025-09-22 01:05:37 - Generating prompt #95 (Section 6, Prompt 10/17)[0m
[1;33m2025-09-22 01:05:37 - Running prompt generation...[0m
PROMPT GENERATION COMPLETE - Prompt #95
[0;32m2025-09-22 01:06:00 - Completed prompt #95[0m
[0;34m2025-09-22 01:06:05 - Generating prompt #96 (Section 6, Prompt 11/17)[0m
[1;33m2025-09-22 01:06:05 - Running prompt generation...[0m
PROMPT GENERATION COMPLETE - Prompt #96
[0;32m2025-09-22 01:06:29 - Completed prompt #96[0m
[0;34m2025-09-22 01:06:34 - Generating prompt #97 (Section 6, Prompt 12/17)[0m
[1;33m2025-09-22 01:06:34 - Running prompt generation...[0m
PROMPT GENERATION COMPLETE - Prompt #97
[0;32m2025-09-22 01:07:00 - Completed prompt #97[0m
[0;34m2025-09-22 01:07:05 - Generating prompt #98 (Section 6, Prompt 13/17)[0m
[1;33m2025-09-22 01:07:05 - Running prompt generation...[0m
PROMPT GENERATION COMPLETE - Prompt #98
[0;32m2025-09-22 01:07:33 - Completed prompt #98[0m
[0;34m2025-09-22 01:07:38 - Generating prompt #99 (Section 6, Prompt 14/17)[0m
[1;33m2025-09-22 01:07:38 - Running prompt generation...[0m
PROMPT GENERATION COMPLETE - Prompt #99
[0;32m2025-09-22 01:08:01 - Completed prompt #99[0m
[0;34m2025-09-22 01:08:06 - Generating prompt #100 (Section 6, Prompt 15/17)[0m
[1;33m2025-09-22 01:08:06 - Running prompt generation...[0m
PROMPT GENERATION COMPLETE - Prompt #100
[0;32m2025-09-22 01:08:31 - Completed prompt #100[0m
[0;34m2025-09-22 01:08:36 - Generating prompt #101 (Section 6, Prompt 16/17)[0m
[1;33m2025-09-22 01:08:36 - Running prompt generation...[0m
PROMPT GENERATION COMPLETE - Prompt #101
[0;32m2025-09-22 01:09:03 - Completed prompt #101[0m
[0;34m2025-09-22 01:09:08 - Generating prompt #102 (Section 6, Prompt 17/17)[0m
[1;33m2025-09-22 01:09:08 - Running prompt generation...[0m
PROMPT GENERATION COMPLETE - Prompt #102
[0;32m2025-09-22 01:09:31 - Completed prompt #102[0m
