[0;34m2025-09-19 19:03:08 - Starting Prompt Generation Cycle for template: car-buying[0m
[0;32m2025-09-19 19:03:08 - Using existing worktree: ../templata-car-buying[0m
[1;33m2025-09-19 19:03:08 - Creating template prompt file: prompts-car-buying.ts[0m
[0;32m2025-09-19 19:03:08 - Created template prompt file: ../templata-car-buying/src/data/prompts-car-buying.ts[0m
[0;34m2025-09-19 19:03:08 - Generating prompt #1 (Section 1, Prompt 1/17)[0m
[1;33m2025-09-19 19:03:08 - Running prompt generation...[0m
PROMPT GENERATION COMPLETE - Prompt #1
[0;32m2025-09-19 19:03:26 - Completed prompt #1[0m
[0;34m2025-09-19 19:03:31 - Generating prompt #2 (Section 1, Prompt 2/17)[0m
[1;33m2025-09-19 19:03:31 - Running prompt generation...[0m
[0;34m2025-09-19 19:03:41 - Starting Prompt Generation Cycle for template: car-buying[0m
[0;32m2025-09-19 19:03:41 - Using existing worktree: ../templata-car-buying[0m
[0;34m2025-09-19 19:03:41 - Generating prompt #2 (Section 1, Prompt 2/17)[0m
[1;33m2025-09-19 19:03:41 - Running prompt generation...[0m
PROMPT GENERATION COMPLETE - Prompt #2
[0;32m2025-09-19 19:03:51 - Completed prompt #2[0m
[0;34m2025-09-19 19:03:56 - Generating prompt #3 (Section 1, Prompt 3/17)[0m
[1;33m2025-09-19 19:03:56 - Running prompt generation...[0m
PROMPT GENERATION COMPLETE - Prompt #2
[0;32m2025-09-19 19:04:08 - Completed prompt #2[0m
[0;34m2025-09-19 19:04:13 - Generating prompt #4 (Section 1, Prompt 4/17)[0m
[1;33m2025-09-19 19:04:13 - Running prompt generation...[0m
PROMPT GENERATION COMPLETE - Prompt #3
[0;32m2025-09-19 19:04:29 - Completed prompt #3[0m
[0;34m2025-09-19 19:04:34 - Generating prompt #5 (Section 1, Prompt 5/17)[0m
[1;33m2025-09-19 19:04:34 - Running prompt generation...[0m
PROMPT GENERATION COMPLETE - Prompt #4
[0;32m2025-09-19 19:04:44 - Completed prompt #4[0m
[0;34m2025-09-19 19:04:49 - Generating prompt #6 (Section 1, Prompt 6/17)[0m
[1;33m2025-09-19 19:04:49 - Running prompt generation...[0m
PROMPT GENERATION COMPLETE - Prompt #5
[0;32m2025-09-19 19:04:54 - Completed prompt #5[0m
[0;34m2025-09-19 19:04:59 - Generating prompt #7 (Section 1, Prompt 7/17)[0m
[1;33m2025-09-19 19:04:59 - Running prompt generation...[0m
PROMPT GENERATION COMPLETE - Prompt #6
[0;32m2025-09-19 19:05:10 - Completed prompt #6[0m
[0;34m2025-09-19 19:05:15 - Generating prompt #8 (Section 1, Prompt 8/17)[0m
[1;33m2025-09-19 19:05:15 - Running prompt generation...[0m
PROMPT GENERATION COMPLETE - Prompt #7
[0;32m2025-09-19 19:05:33 - Completed prompt #7[0m
[0;34m2025-09-19 19:05:38 - Generating prompt #9 (Section 1, Prompt 9/17)[0m
[1;33m2025-09-19 19:05:38 - Running prompt generation...[0m
PROMPT GENERATION COMPLETE - Prompt #8
[0;32m2025-09-19 19:05:49 - Completed prompt #8[0m
[0;34m2025-09-19 19:05:54 - Generating prompt #10 (Section 1, Prompt 10/17)[0m
[1;33m2025-09-19 19:05:54 - Running prompt generation...[0m
PROMPT GENERATION COMPLETE - Prompt #9
[0;32m2025-09-19 19:06:10 - Completed prompt #9[0m
[0;34m2025-09-19 19:06:15 - Generating prompt #11 (Section 1, Prompt 11/17)[0m
[1;33m2025-09-19 19:06:15 - Running prompt generation...[0m
PROMPT GENERATION COMPLETE - Prompt #10
[0;32m2025-09-19 19:06:29 - Completed prompt #10[0m
[0;34m2025-09-19 19:06:34 - Generating prompt #12 (Section 1, Prompt 12/17)[0m
[1;33m2025-09-19 19:06:34 - Running prompt generation...[0m
PROMPT GENERATION COMPLETE - Prompt #11
[0;32m2025-09-19 19:06:51 - Completed prompt #11[0m
[0;34m2025-09-19 19:06:56 - Generating prompt #13 (Section 1, Prompt 13/17)[0m
[1;33m2025-09-19 19:06:56 - Running prompt generation...[0m
PROMPT GENERATION COMPLETE - Prompt #12
[0;32m2025-09-19 19:07:10 - Completed prompt #12[0m
[0;34m2025-09-19 19:07:15 - Generating prompt #14 (Section 1, Prompt 14/17)[0m
[1;33m2025-09-19 19:07:15 - Running prompt generation...[0m
PROMPT GENERATION COMPLETE - Prompt #13
[0;32m2025-09-19 19:07:34 - Completed prompt #13[0m
[0;34m2025-09-19 19:07:39 - Generating prompt #15 (Section 1, Prompt 15/17)[0m
[1;33m2025-09-19 19:07:39 - Running prompt generation...[0m
PROMPT GENERATION COMPLETE - Prompt #14
[0;32m2025-09-19 19:07:52 - Completed prompt #14[0m
[0;34m2025-09-19 19:07:57 - Generating prompt #16 (Section 1, Prompt 16/17)[0m
[1;33m2025-09-19 19:07:57 - Running prompt generation...[0m
PROMPT GENERATION COMPLETE - Prompt #15
[0;32m2025-09-19 19:08:16 - Completed prompt #15[0m
[0;34m2025-09-19 19:08:21 - Generating prompt #17 (Section 1, Prompt 17/17)[0m
[1;33m2025-09-19 19:08:21 - Running prompt generation...[0m
PROMPT GENERATION COMPLETE - Prompt #16
[0;32m2025-09-19 19:08:32 - Completed prompt #16[0m
[0;34m2025-09-19 19:08:37 - Generating prompt #18 (Section 2, Prompt 1/17)[0m
[1;33m2025-09-19 19:08:37 - Running prompt generation...[0m
PROMPT GENERATION COMPLETE - Prompt #17
[0;32m2025-09-19 19:08:45 - Completed prompt #17[0m
[0;34m2025-09-19 19:08:50 - Generating prompt #19 (Section 2, Prompt 2/17)[0m
[1;33m2025-09-19 19:08:50 - Running prompt generation...[0m
PROMPT GENERATION COMPLETE - Prompt #18
[0;32m2025-09-19 19:08:56 - Completed prompt #18[0m
[0;34m2025-09-19 19:09:01 - Generating prompt #20 (Section 2, Prompt 3/17)[0m
[1;33m2025-09-19 19:09:01 - Running prompt generation...[0m
PROMPT GENERATION COMPLETE - Prompt #19
[0;32m2025-09-19 19:09:16 - Completed prompt #19[0m
[0;34m2025-09-19 19:09:21 - Generating prompt #21 (Section 2, Prompt 4/17)[0m
[1;33m2025-09-19 19:09:21 - Running prompt generation...[0m
PROMPT GENERATION COMPLETE - Prompt #20
[0;32m2025-09-19 19:09:39 - Completed prompt #20[0m
[0;34m2025-09-19 19:09:44 - Generating prompt #22 (Section 2, Prompt 5/17)[0m
[1;33m2025-09-19 19:09:44 - Running prompt generation...[0m
PROMPT GENERATION COMPLETE - Prompt #21
[0;32m2025-09-19 19:10:01 - Completed prompt #21[0m
[0;34m2025-09-19 19:10:06 - Generating prompt #23 (Section 2, Prompt 6/17)[0m
[1;33m2025-09-19 19:10:06 - Running prompt generation...[0m
PROMPT GENERATION COMPLETE - Prompt #22
[0;32m2025-09-19 19:10:21 - Completed prompt #22[0m
[0;34m2025-09-19 19:10:26 - Generating prompt #24 (Section 2, Prompt 7/17)[0m
[1;33m2025-09-19 19:10:26 - Running prompt generation...[0m
PROMPT GENERATION COMPLETE - Prompt #23
[0;32m2025-09-19 19:10:43 - Completed prompt #23[0m
[0;34m2025-09-19 19:10:48 - Generating prompt #25 (Section 2, Prompt 8/17)[0m
[1;33m2025-09-19 19:10:48 - Running prompt generation...[0m
PROMPT GENERATION COMPLETE - Prompt #24
[0;32m2025-09-19 19:11:05 - Completed prompt #24[0m
[0;34m2025-09-19 19:11:10 - Generating prompt #26 (Section 2, Prompt 9/17)[0m
[1;33m2025-09-19 19:11:10 - Running prompt generation...[0m
PROMPT GENERATION COMPLETE - Prompt #25
[0;32m2025-09-19 19:11:34 - Completed prompt #25[0m
[0;34m2025-09-19 19:11:39 - Generating prompt #27 (Section 2, Prompt 10/17)[0m
[1;33m2025-09-19 19:11:39 - Running prompt generation...[0m
PROMPT GENERATION COMPLETE - Prompt #26
[0;32m2025-09-19 19:11:51 - Completed prompt #26[0m
[0;34m2025-09-19 19:11:56 - Generating prompt #28 (Section 2, Prompt 11/17)[0m
[1;33m2025-09-19 19:11:56 - Running prompt generation...[0m
PROMPT GENERATION COMPLETE - Prompt #27
[0;32m2025-09-19 19:12:11 - Completed prompt #27[0m
[0;34m2025-09-19 19:12:16 - Generating prompt #29 (Section 2, Prompt 12/17)[0m
[1;33m2025-09-19 19:12:16 - Running prompt generation...[0m
PROMPT GENERATION COMPLETE - Prompt #28
[0;32m2025-09-19 19:12:33 - Completed prompt #28[0m
[0;34m2025-09-19 19:12:38 - Generating prompt #30 (Section 2, Prompt 13/17)[0m
[1;33m2025-09-19 19:12:38 - Running prompt generation...[0m
PROMPT GENERATION COMPLETE - Prompt #29
[0;32m2025-09-19 19:12:58 - Completed prompt #29[0m
[0;34m2025-09-19 19:13:03 - Generating prompt #31 (Section 2, Prompt 14/17)[0m
[1;33m2025-09-19 19:13:03 - Running prompt generation...[0m
PROMPT GENERATION COMPLETE - Prompt #30
[0;32m2025-09-19 19:13:22 - Completed prompt #30[0m
[0;34m2025-09-19 19:13:27 - Generating prompt #32 (Section 2, Prompt 15/17)[0m
[1;33m2025-09-19 19:13:27 - Running prompt generation...[0m
PROMPT GENERATION COMPLETE - Prompt #31
[0;32m2025-09-19 19:13:45 - Completed prompt #31[0m
[0;34m2025-09-19 19:13:50 - Generating prompt #33 (Section 2, Prompt 16/17)[0m
[1;33m2025-09-19 19:13:50 - Running prompt generation...[0m
PROMPT GENERATION COMPLETE - Prompt #32
[0;32m2025-09-19 19:14:07 - Completed prompt #32[0m
[0;34m2025-09-19 19:14:12 - Generating prompt #34 (Section 2, Prompt 17/17)[0m
[1;33m2025-09-19 19:14:12 - Running prompt generation...[0m
PROMPT GENERATION COMPLETE - Prompt #33
[0;32m2025-09-19 19:14:29 - Completed prompt #33[0m
[0;34m2025-09-19 19:14:35 - Generating prompt #35 (Section 3, Prompt 1/17)[0m
[1;33m2025-09-19 19:14:35 - Running prompt generation...[0m
PROMPT GENERATION COMPLETE - Prompt #34
[0;32m2025-09-19 19:14:50 - Completed prompt #34[0m
[0;34m2025-09-19 19:14:55 - Generating prompt #36 (Section 3, Prompt 2/17)[0m
[1;33m2025-09-19 19:14:55 - Running prompt generation...[0m
PROMPT GENERATION COMPLETE - Prompt #35
[0;32m2025-09-19 19:15:12 - Completed prompt #35[0m
[0;34m2025-09-19 19:15:17 - Generating prompt #37 (Section 3, Prompt 3/17)[0m
[1;33m2025-09-19 19:15:17 - Running prompt generation...[0m
PROMPT GENERATION COMPLETE - Prompt #36
[0;32m2025-09-19 19:15:40 - Completed prompt #36[0m
[0;34m2025-09-19 19:15:45 - Generating prompt #38 (Section 3, Prompt 4/17)[0m
[1;33m2025-09-19 19:15:45 - Running prompt generation...[0m
PROMPT GENERATION COMPLETE - Prompt #37
[0;32m2025-09-19 19:15:57 - Completed prompt #37[0m
[0;34m2025-09-19 19:16:02 - Generating prompt #39 (Section 3, Prompt 5/17)[0m
[1;33m2025-09-19 19:16:02 - Running prompt generation...[0m
PROMPT GENERATION COMPLETE - Prompt #38
[0;32m2025-09-19 19:16:28 - Completed prompt #38[0m
[0;34m2025-09-19 19:16:33 - Generating prompt #40 (Section 3, Prompt 6/17)[0m
[1;33m2025-09-19 19:16:33 - Running prompt generation...[0m
PROMPT GENERATION COMPLETE - Prompt #39
[0;32m2025-09-19 19:16:52 - Completed prompt #39[0m
[0;34m2025-09-19 19:16:57 - Generating prompt #41 (Section 3, Prompt 7/17)[0m
[1;33m2025-09-19 19:16:57 - Running prompt generation...[0m
PROMPT GENERATION COMPLETE - Prompt #40
[0;32m2025-09-19 19:17:19 - Completed prompt #40[0m
[0;34m2025-09-19 19:17:24 - Generating prompt #42 (Section 3, Prompt 8/17)[0m
[1;33m2025-09-19 19:17:25 - Running prompt generation...[0m
PROMPT GENERATION COMPLETE - Prompt #41
[0;32m2025-09-19 19:17:47 - Completed prompt #41[0m
[0;34m2025-09-19 19:17:52 - Generating prompt #43 (Section 3, Prompt 9/17)[0m
[1;33m2025-09-19 19:17:52 - Running prompt generation...[0m
PROMPT GENERATION COMPLETE - Prompt #42
[0;32m2025-09-19 19:18:12 - Completed prompt #42[0m
[0;34m2025-09-19 19:18:17 - Generating prompt #44 (Section 3, Prompt 10/17)[0m
[1;33m2025-09-19 19:18:17 - Running prompt generation...[0m
PROMPT GENERATION COMPLETE - Prompt #43
[0;32m2025-09-19 19:18:34 - Completed prompt #43[0m
[0;34m2025-09-19 19:18:39 - Generating prompt #45 (Section 3, Prompt 11/17)[0m
[1;33m2025-09-19 19:18:39 - Running prompt generation...[0m
PROMPT GENERATION COMPLETE - Prompt #44
[0;32m2025-09-19 19:19:05 - Completed prompt #44[0m
[0;34m2025-09-19 19:19:10 - Generating prompt #46 (Section 3, Prompt 12/17)[0m
[1;33m2025-09-19 19:19:10 - Running prompt generation...[0m
PROMPT GENERATION COMPLETE - Prompt #45
[0;32m2025-09-19 19:19:25 - Completed prompt #45[0m
[0;34m2025-09-19 19:19:30 - Generating prompt #47 (Section 3, Prompt 13/17)[0m
[1;33m2025-09-19 19:19:30 - Running prompt generation...[0m
PROMPT GENERATION COMPLETE - Prompt #46
[0;32m2025-09-19 19:19:36 - Completed prompt #46[0m
[0;34m2025-09-19 19:19:41 - Generating prompt #48 (Section 3, Prompt 14/17)[0m
[1;33m2025-09-19 19:19:41 - Running prompt generation...[0m
PROMPT GENERATION COMPLETE - Prompt #47
[0;32m2025-09-19 19:19:59 - Completed prompt #47[0m
[0;34m2025-09-19 19:20:04 - Generating prompt #49 (Section 3, Prompt 15/17)[0m
[1;33m2025-09-19 19:20:04 - Running prompt generation...[0m
PROMPT GENERATION COMPLETE - Prompt #48
[0;32m2025-09-19 19:20:32 - Completed prompt #48[0m
[0;34m2025-09-19 19:20:37 - Generating prompt #50 (Section 3, Prompt 16/17)[0m
[1;33m2025-09-19 19:20:37 - Running prompt generation...[0m
PROMPT GENERATION COMPLETE - Prompt #49
[0;32m2025-09-19 19:20:53 - Completed prompt #49[0m
[0;34m2025-09-19 19:20:58 - Generating prompt #51 (Section 3, Prompt 17/17)[0m
[1;33m2025-09-19 19:20:58 - Running prompt generation...[0m
PROMPT GENERATION COMPLETE - Prompt #50
[0;32m2025-09-19 19:21:06 - Completed prompt #50[0m
[0;34m2025-09-19 19:21:11 - Generating prompt #52 (Section 4, Prompt 1/17)[0m
[1;33m2025-09-19 19:21:11 - Running prompt generation...[0m
PROMPT GENERATION COMPLETE - Prompt #51
[0;32m2025-09-19 19:21:24 - Completed prompt #51[0m
[0;34m2025-09-19 19:21:29 - Generating prompt #53 (Section 4, Prompt 2/17)[0m
[1;33m2025-09-19 19:21:29 - Running prompt generation...[0m
PROMPT GENERATION COMPLETE - Prompt #52
[0;32m2025-09-19 19:21:42 - Completed prompt #52[0m
[0;34m2025-09-19 19:21:47 - Generating prompt #54 (Section 4, Prompt 3/17)[0m
[1;33m2025-09-19 19:21:47 - Running prompt generation...[0m
PROMPT GENERATION COMPLETE - Prompt #53
[0;32m2025-09-19 19:22:00 - Completed prompt #53[0m
[0;34m2025-09-19 19:22:06 - Generating prompt #55 (Section 4, Prompt 4/17)[0m
[1;33m2025-09-19 19:22:06 - Running prompt generation...[0m
PROMPT GENERATION COMPLETE - Prompt #54
[0;32m2025-09-19 19:22:22 - Completed prompt #54[0m
[0;34m2025-09-19 19:22:27 - Generating prompt #56 (Section 4, Prompt 5/17)[0m
[1;33m2025-09-19 19:22:28 - Running prompt generation...[0m
PROMPT GENERATION COMPLETE - Prompt #55
[0;32m2025-09-19 19:22:50 - Completed prompt #55[0m
[0;34m2025-09-19 19:22:55 - Generating prompt #57 (Section 4, Prompt 6/17)[0m
[1;33m2025-09-19 19:22:55 - Running prompt generation...[0m
PROMPT GENERATION COMPLETE - Prompt #56
[0;32m2025-09-19 19:23:15 - Completed prompt #56[0m
[0;34m2025-09-19 19:23:20 - Generating prompt #58 (Section 4, Prompt 7/17)[0m
[1;33m2025-09-19 19:23:20 - Running prompt generation...[0m
PROMPT GENERATION COMPLETE - Prompt #57
[0;32m2025-09-19 19:23:38 - Completed prompt #57[0m
[0;34m2025-09-19 19:23:43 - Generating prompt #59 (Section 4, Prompt 8/17)[0m
[1;33m2025-09-19 19:23:44 - Running prompt generation...[0m
PROMPT GENERATION COMPLETE - Prompt #58
[0;32m2025-09-19 19:24:08 - Completed prompt #58[0m
[0;34m2025-09-19 19:24:13 - Generating prompt #60 (Section 4, Prompt 9/17)[0m
[1;33m2025-09-19 19:24:13 - Running prompt generation...[0m
PROMPT GENERATION COMPLETE - Prompt #59
[0;32m2025-09-19 19:24:37 - Completed prompt #59[0m
[0;34m2025-09-19 19:24:42 - Generating prompt #61 (Section 4, Prompt 10/17)[0m
[1;33m2025-09-19 19:24:42 - Running prompt generation...[0m
PROMPT GENERATION COMPLETE - Prompt #60
[0;32m2025-09-19 19:24:53 - Completed prompt #60[0m
[0;34m2025-09-19 19:24:58 - Generating prompt #62 (Section 4, Prompt 11/17)[0m
PROMPT GENERATION COMPLETE - Prompt #61
[0;34m2025-09-20 00:04:02 - Starting Prompt Generation Cycle for template: car-buying[0m
[0;32m2025-09-20 00:04:02 - Using existing worktree: ../templata-car-buying[0m
[0;34m2025-09-20 00:04:02 - Generating prompt #62 (Section 4, Prompt 11/17)[0m
[1;33m2025-09-20 00:04:02 - Running prompt generation...[0m
PROMPT GENERATION COMPLETE - Prompt #62
[0;32m2025-09-20 00:04:24 - Completed prompt #62[0m
[0;34m2025-09-20 00:04:29 - Generating prompt #63 (Section 4, Prompt 12/17)[0m
[1;33m2025-09-20 00:04:29 - Running prompt generation...[0m
PROMPT GENERATION COMPLETE - Prompt #63
[0;32m2025-09-20 00:05:11 - Completed prompt #63[0m
[0;34m2025-09-20 00:05:16 - Generating prompt #64 (Section 4, Prompt 13/17)[0m
[1;33m2025-09-20 00:05:17 - Running prompt generation...[0m
PROMPT GENERATION COMPLETE - Prompt #64
[0;32m2025-09-20 00:05:51 - Completed prompt #64[0m
[0;34m2025-09-20 00:05:56 - Generating prompt #65 (Section 4, Prompt 14/17)[0m
[1;33m2025-09-20 00:05:57 - Running prompt generation...[0m
PROMPT GENERATION COMPLETE - Prompt #65
[0;32m2025-09-20 00:06:38 - Completed prompt #65[0m
[0;34m2025-09-20 00:06:44 - Generating prompt #66 (Section 4, Prompt 15/17)[0m
[1;33m2025-09-20 00:06:44 - Running prompt generation...[0m
PROMPT GENERATION COMPLETE - Prompt #66
[0;32m2025-09-20 00:07:36 - Completed prompt #66[0m
[0;34m2025-09-20 00:07:41 - Generating prompt #67 (Section 4, Prompt 16/17)[0m
[1;33m2025-09-20 00:07:42 - Running prompt generation...[0m
PROMPT GENERATION COMPLETE - Prompt #67
[0;32m2025-09-20 00:08:16 - Completed prompt #67[0m
[0;34m2025-09-20 00:08:21 - Generating prompt #68 (Section 4, Prompt 17/17)[0m
[1;33m2025-09-20 00:08:22 - Running prompt generation...[0m
PROMPT GENERATION COMPLETE - Prompt #68
[0;32m2025-09-20 00:08:57 - Completed prompt #68[0m
[0;34m2025-09-20 00:09:02 - Generating prompt #69 (Section 5, Prompt 1/17)[0m
[1;33m2025-09-20 00:09:03 - Running prompt generation...[0m
PROMPT GENERATION COMPLETE - Prompt #69
[0;32m2025-09-20 00:09:45 - Completed prompt #69[0m
[0;34m2025-09-20 00:09:50 - Generating prompt #70 (Section 5, Prompt 2/17)[0m
[1;33m2025-09-20 00:09:50 - Running prompt generation...[0m
PROMPT GENERATION COMPLETE - Prompt #70
[0;32m2025-09-20 00:10:35 - Completed prompt #70[0m
[0;34m2025-09-20 00:10:40 - Generating prompt #71 (Section 5, Prompt 3/17)[0m
[1;33m2025-09-20 00:10:40 - Running prompt generation...[0m
PROMPT GENERATION COMPLETE - Prompt #71
[0;32m2025-09-20 00:11:11 - Completed prompt #71[0m
[0;34m2025-09-20 00:11:16 - Generating prompt #72 (Section 5, Prompt 4/17)[0m
[1;33m2025-09-20 00:11:16 - Running prompt generation...[0m
[0;34m2025-09-20 00:11:28 - Starting Prompt Generation Cycle for template: car-buying[0m
[0;32m2025-09-20 00:11:28 - Using existing worktree: ../templata-car-buying[0m
[0;34m2025-09-20 00:11:28 - Generating prompt #72 (Section 5, Prompt 4/17)[0m
[1;33m2025-09-20 00:11:28 - Running prompt generation...[0m
PROMPT GENERATION COMPLETE - Prompt #72
[0;32m2025-09-20 00:13:18 - Completed prompt #72[0m
[0;34m2025-09-20 00:13:25 - Generating prompt #73 (Section 5, Prompt 5/17)[0m
[1;33m2025-09-20 00:13:27 - Running prompt generation...[0m
Perfect! I can see that prompt #72 has already been added to the file. The system appears to have automatically added it during the linting/formatting process. Let me verify the content matches the requirements:

- ✅ ID: 'prompt-72'
- ✅ Focuses on "Challenges and Solutions" theme
- ✅ Category: 'planning' (appropriate for this theme)
- ✅ Thoughtful, sophisticated prompt about recurring challenges and systematic solutions
- ✅ Detailed helpText (2+ sentences explaining the value)
- ✅ Specific and actionable for car buying journey

The prompt asks about persistent/recurring challenges and systematic approaches to transform obstacles into learning opportunities, which perfectly fits the "Challenges and Solutions" theme for Section 5, Prompt 4 of 17.

PROMPT GENERATION COMPLETE - Prompt #72
[0;32m2025-09-20 00:15:14 - Completed prompt #72[0m
[0;34m2025-09-20 00:15:22 - Generating prompt #74 (Section 5, Prompt 6/17)[0m
[1;33m2025-09-20 00:15:25 - Running prompt generation...[0m
[0;32m2025-09-20 15:09:22 - Using existing worktree: ../templata-car-buying[0m
[0;34m2025-09-20 15:09:22 - Generating prompt #74 (Section 5, Prompt 6/17)[0m
[1;33m2025-09-20 15:09:22 - Running prompt generation...[0m
PROMPT GENERATION COMPLETE - Prompt #74
[0;32m2025-09-20 15:09:48 - Completed prompt #74[0m
[0;32m2025-09-20 15:10:18 - Using existing worktree: ../templata-car-buying[0m
[0;34m2025-09-20 15:10:18 - Generating prompt #75 (Section 5, Prompt 7/17)[0m
[1;33m2025-09-20 15:10:18 - Running prompt generation...[0m
PROMPT GENERATION COMPLETE - Prompt #75
[0;32m2025-09-20 15:10:43 - Completed prompt #75[0m
[0;34m2025-09-20 17:03:16 - Starting Prompt Generation Cycle for template: car-buying[0m
[0;32m2025-09-20 17:03:16 - Using existing worktree: ../templata-car-buying[0m
[0;34m2025-09-20 17:03:16 - Generating prompt #76 (Section 5, Prompt 8/17)[0m
[1;33m2025-09-20 17:03:16 - Running prompt generation...[0m
PROMPT GENERATION COMPLETE - Prompt #76
[0;32m2025-09-20 17:03:48 - Completed prompt #76[0m
[0;34m2025-09-20 17:03:53 - Generating prompt #77 (Section 5, Prompt 9/17)[0m
[1;33m2025-09-20 17:03:53 - Running prompt generation...[0m
PROMPT GENERATION COMPLETE - Prompt #77
[0;32m2025-09-20 17:04:18 - Completed prompt #77[0m
[0;34m2025-09-20 17:04:23 - Generating prompt #78 (Section 5, Prompt 10/17)[0m
[1;33m2025-09-20 17:04:23 - Running prompt generation...[0m
PROMPT GENERATION COMPLETE - Prompt #78
[0;32m2025-09-20 17:04:46 - Completed prompt #78[0m
[0;34m2025-09-20 17:04:51 - Generating prompt #79 (Section 5, Prompt 11/17)[0m
[1;33m2025-09-20 17:04:51 - Running prompt generation...[0m
PROMPT GENERATION COMPLETE - Prompt #79
[0;32m2025-09-20 17:05:13 - Completed prompt #79[0m
[0;34m2025-09-20 17:05:18 - Generating prompt #80 (Section 5, Prompt 12/17)[0m
[1;33m2025-09-20 17:05:18 - Running prompt generation...[0m
PROMPT GENERATION COMPLETE - Prompt #80
[0;32m2025-09-20 17:05:38 - Completed prompt #80[0m
[0;34m2025-09-20 17:05:43 - Generating prompt #81 (Section 5, Prompt 13/17)[0m
[1;33m2025-09-20 17:05:43 - Running prompt generation...[0m
PROMPT GENERATION COMPLETE - Prompt #81
[0;32m2025-09-20 17:06:06 - Completed prompt #81[0m
[0;34m2025-09-20 17:06:11 - Generating prompt #82 (Section 5, Prompt 14/17)[0m
[1;33m2025-09-20 17:06:11 - Running prompt generation...[0m
PROMPT GENERATION COMPLETE - Prompt #82
[0;32m2025-09-20 17:06:32 - Completed prompt #82[0m
[0;34m2025-09-20 17:06:37 - Generating prompt #83 (Section 5, Prompt 15/17)[0m
[1;33m2025-09-20 17:06:37 - Running prompt generation...[0m
PROMPT GENERATION COMPLETE - Prompt #83
[0;32m2025-09-20 17:06:59 - Completed prompt #83[0m
[0;34m2025-09-20 17:07:04 - Generating prompt #84 (Section 5, Prompt 16/17)[0m
[1;33m2025-09-20 17:07:04 - Running prompt generation...[0m
PROMPT GENERATION COMPLETE - Prompt #84
[0;32m2025-09-20 17:07:28 - Completed prompt #84[0m
[0;34m2025-09-20 17:07:33 - Generating prompt #85 (Section 5, Prompt 17/17)[0m
[1;33m2025-09-20 17:07:33 - Running prompt generation...[0m
PROMPT GENERATION COMPLETE - Prompt #85
[0;32m2025-09-20 17:07:53 - Completed prompt #85[0m
[0;34m2025-09-20 17:07:58 - Generating prompt #86 (Section 6, Prompt 1/17)[0m
[1;33m2025-09-20 17:07:58 - Running prompt generation...[0m
PROMPT GENERATION COMPLETE - Prompt #86
[0;32m2025-09-20 17:08:25 - Completed prompt #86[0m
[0;34m2025-09-20 17:08:30 - Generating prompt #87 (Section 6, Prompt 2/17)[0m
[1;33m2025-09-20 17:08:30 - Running prompt generation...[0m
PROMPT GENERATION COMPLETE - Prompt #87
[0;32m2025-09-20 17:08:52 - Completed prompt #87[0m
[0;34m2025-09-20 17:08:57 - Generating prompt #88 (Section 6, Prompt 3/17)[0m
[1;33m2025-09-20 17:08:57 - Running prompt generation...[0m
PROMPT GENERATION COMPLETE - Prompt #88
[0;32m2025-09-20 17:09:19 - Completed prompt #88[0m
[0;34m2025-09-20 17:09:24 - Generating prompt #89 (Section 6, Prompt 4/17)[0m
[1;33m2025-09-20 17:09:24 - Running prompt generation...[0m
PROMPT GENERATION COMPLETE - Prompt #89
[0;32m2025-09-20 17:09:44 - Completed prompt #89[0m
[0;34m2025-09-20 17:09:49 - Generating prompt #90 (Section 6, Prompt 5/17)[0m
[1;33m2025-09-20 17:09:49 - Running prompt generation...[0m
PROMPT GENERATION COMPLETE - Prompt #90
[0;32m2025-09-20 17:10:12 - Completed prompt #90[0m
[0;34m2025-09-20 17:10:17 - Generating prompt #91 (Section 6, Prompt 6/17)[0m
[1;33m2025-09-20 17:10:17 - Running prompt generation...[0m
PROMPT GENERATION COMPLETE - Prompt #91
[0;32m2025-09-20 17:10:41 - Completed prompt #91[0m
[0;34m2025-09-20 17:10:46 - Generating prompt #92 (Section 6, Prompt 7/17)[0m
[1;33m2025-09-20 17:10:46 - Running prompt generation...[0m
PROMPT GENERATION COMPLETE - Prompt #92
[0;32m2025-09-20 17:11:08 - Completed prompt #92[0m
[0;34m2025-09-20 17:11:13 - Generating prompt #93 (Section 6, Prompt 8/17)[0m
[1;33m2025-09-20 17:11:13 - Running prompt generation...[0m
PROMPT GENERATION COMPLETE - Prompt #93
[0;32m2025-09-20 17:11:35 - Completed prompt #93[0m
[0;34m2025-09-20 17:11:40 - Generating prompt #94 (Section 6, Prompt 9/17)[0m
[1;33m2025-09-20 17:11:40 - Running prompt generation...[0m
PROMPT GENERATION COMPLETE - Prompt #94
[0;32m2025-09-20 17:12:01 - Completed prompt #94[0m
[0;34m2025-09-20 17:12:06 - Generating prompt #95 (Section 6, Prompt 10/17)[0m
[1;33m2025-09-20 17:12:06 - Running prompt generation...[0m
PROMPT GENERATION COMPLETE - Prompt #95
[0;32m2025-09-20 17:12:28 - Completed prompt #95[0m
[0;34m2025-09-20 17:12:33 - Generating prompt #96 (Section 6, Prompt 11/17)[0m
[1;33m2025-09-20 17:12:33 - Running prompt generation...[0m
PROMPT GENERATION COMPLETE - Prompt #96
[0;32m2025-09-20 17:12:55 - Completed prompt #96[0m
[0;34m2025-09-20 17:13:00 - Generating prompt #97 (Section 6, Prompt 12/17)[0m
[1;33m2025-09-20 17:13:00 - Running prompt generation...[0m
PROMPT GENERATION COMPLETE - Prompt #97
[0;32m2025-09-20 17:13:21 - Completed prompt #97[0m
[0;34m2025-09-20 17:13:26 - Generating prompt #98 (Section 6, Prompt 13/17)[0m
[1;33m2025-09-20 17:13:26 - Running prompt generation...[0m
PROMPT GENERATION COMPLETE - Prompt #98
[0;32m2025-09-20 17:13:49 - Completed prompt #98[0m
[0;34m2025-09-20 17:13:54 - Generating prompt #99 (Section 6, Prompt 14/17)[0m
[1;33m2025-09-20 17:13:54 - Running prompt generation...[0m
PROMPT GENERATION COMPLETE - Prompt #99
[0;32m2025-09-20 17:14:16 - Completed prompt #99[0m
[0;34m2025-09-20 17:14:21 - Generating prompt #100 (Section 6, Prompt 15/17)[0m
[1;33m2025-09-20 17:14:21 - Running prompt generation...[0m
PROMPT GENERATION COMPLETE - Prompt #100
[0;32m2025-09-20 17:14:44 - Completed prompt #100[0m
[0;34m2025-09-20 17:14:49 - Generating prompt #101 (Section 6, Prompt 16/17)[0m
[1;33m2025-09-20 17:14:49 - Running prompt generation...[0m
PROMPT GENERATION COMPLETE - Prompt #101
[0;32m2025-09-20 17:15:10 - Completed prompt #101[0m
[0;34m2025-09-20 17:15:15 - Generating prompt #102 (Section 6, Prompt 17/17)[0m
[1;33m2025-09-20 17:15:15 - Running prompt generation...[0m
PROMPT GENERATION COMPLETE - Prompt #102
[0;32m2025-09-20 17:15:38 - Completed prompt #102[0m
[0;34m2025-09-20 19:23:55 - Starting Prompt Generation Cycle for template: car-buying[0m
[1;33m2025-09-20 19:23:55 - Override flag detected - resetting progress and recreating files[0m
[0;32m2025-09-20 19:23:55 - Progress reset to 0 for template: car-buying[0m
[0;32m2025-09-20 19:23:55 - Using existing worktree: ../templata-car-buying[0m
[1;33m2025-09-20 19:23:55 - Override flag detected - recreating template prompt file: prompts-car-buying.ts[0m
[0;32m2025-09-20 19:23:56 - Created template prompt file: ../templata-car-buying/src/data/prompts-car-buying.ts[0m
[0;34m2025-09-20 19:23:56 - Generating prompt #1 (Section 1, Prompt 1/17)[0m
[1;33m2025-09-20 19:23:56 - Running prompt generation...[0m
PROMPT GENERATION COMPLETE - Prompt #1
[0;32m2025-09-20 19:24:13 - Completed prompt #1[0m
[0;34m2025-09-20 19:24:18 - Generating prompt #2 (Section 1, Prompt 2/17)[0m
[1;33m2025-09-20 19:24:18 - Running prompt generation...[0m
PROMPT GENERATION COMPLETE - Prompt #2
[0;32m2025-09-20 19:24:37 - Completed prompt #2[0m
[0;34m2025-09-20 19:24:42 - Generating prompt #3 (Section 1, Prompt 3/17)[0m
[1;33m2025-09-20 19:24:42 - Running prompt generation...[0m
PROMPT GENERATION COMPLETE - Prompt #3
[0;32m2025-09-20 19:25:01 - Completed prompt #3[0m
[0;34m2025-09-20 19:25:06 - Generating prompt #4 (Section 1, Prompt 4/17)[0m
[1;33m2025-09-20 19:25:06 - Running prompt generation...[0m
PROMPT GENERATION COMPLETE - Prompt #4
[0;32m2025-09-20 19:25:25 - Completed prompt #4[0m
[0;34m2025-09-20 19:25:30 - Generating prompt #5 (Section 1, Prompt 5/17)[0m
[1;33m2025-09-20 19:25:30 - Running prompt generation...[0m
PROMPT GENERATION COMPLETE - Prompt #5
[0;32m2025-09-20 19:25:48 - Completed prompt #5[0m
[0;34m2025-09-20 19:25:53 - Generating prompt #6 (Section 1, Prompt 6/17)[0m
[1;33m2025-09-20 19:25:53 - Running prompt generation...[0m
PROMPT GENERATION COMPLETE - Prompt #6
[0;32m2025-09-20 19:26:12 - Completed prompt #6[0m
[0;34m2025-09-20 19:26:17 - Generating prompt #7 (Section 1, Prompt 7/17)[0m
[1;33m2025-09-20 19:26:17 - Running prompt generation...[0m
PROMPT GENERATION COMPLETE - Prompt #7
[0;32m2025-09-20 19:26:39 - Completed prompt #7[0m
[0;34m2025-09-20 19:26:44 - Generating prompt #8 (Section 1, Prompt 8/17)[0m
[1;33m2025-09-20 19:26:44 - Running prompt generation...[0m
PROMPT GENERATION COMPLETE - Prompt #8
[0;32m2025-09-20 19:27:03 - Completed prompt #8[0m
[0;34m2025-09-20 19:27:08 - Generating prompt #9 (Section 1, Prompt 9/17)[0m
[1;33m2025-09-20 19:27:08 - Running prompt generation...[0m
PROMPT GENERATION COMPLETE - Prompt #9
[0;32m2025-09-20 19:27:27 - Completed prompt #9[0m
[0;34m2025-09-20 19:27:32 - Generating prompt #10 (Section 1, Prompt 10/17)[0m
[1;33m2025-09-20 19:27:32 - Running prompt generation...[0m
PROMPT GENERATION COMPLETE - Prompt #10
[0;32m2025-09-20 19:27:51 - Completed prompt #10[0m
[0;34m2025-09-20 19:27:56 - Generating prompt #11 (Section 1, Prompt 11/17)[0m
[1;33m2025-09-20 19:27:56 - Running prompt generation...[0m
PROMPT GENERATION COMPLETE - Prompt #11
[0;32m2025-09-20 19:28:16 - Completed prompt #11[0m
[0;34m2025-09-20 19:28:21 - Generating prompt #12 (Section 1, Prompt 12/17)[0m
[1;33m2025-09-20 19:28:21 - Running prompt generation...[0m
PROMPT GENERATION COMPLETE - Prompt #12
[0;32m2025-09-20 19:28:42 - Completed prompt #12[0m
[0;34m2025-09-20 19:28:47 - Generating prompt #13 (Section 1, Prompt 13/17)[0m
[1;33m2025-09-20 19:28:47 - Running prompt generation...[0m
PROMPT GENERATION COMPLETE - Prompt #13
[0;32m2025-09-20 19:29:10 - Completed prompt #13[0m
[0;34m2025-09-20 19:29:15 - Generating prompt #14 (Section 1, Prompt 14/17)[0m
[1;33m2025-09-20 19:29:15 - Running prompt generation...[0m
PROMPT GENERATION COMPLETE - Prompt #14
[0;32m2025-09-20 19:29:35 - Completed prompt #14[0m
[0;34m2025-09-20 19:29:40 - Generating prompt #15 (Section 1, Prompt 15/17)[0m
[1;33m2025-09-20 19:29:40 - Running prompt generation...[0m
PROMPT GENERATION COMPLETE - Prompt #15
[0;32m2025-09-20 19:30:00 - Completed prompt #15[0m
[0;34m2025-09-20 19:30:05 - Generating prompt #16 (Section 1, Prompt 16/17)[0m
[1;33m2025-09-20 19:30:05 - Running prompt generation...[0m
PROMPT GENERATION COMPLETE - Prompt #16
[0;32m2025-09-20 19:30:26 - Completed prompt #16[0m
[0;34m2025-09-20 19:30:31 - Generating prompt #17 (Section 1, Prompt 17/17)[0m
[1;33m2025-09-20 19:30:31 - Running prompt generation...[0m
PROMPT GENERATION COMPLETE - Prompt #17
[0;32m2025-09-20 19:30:54 - Completed prompt #17[0m
[0;34m2025-09-20 19:30:59 - Generating prompt #18 (Section 2, Prompt 1/17)[0m
[1;33m2025-09-20 19:30:59 - Running prompt generation...[0m
PROMPT GENERATION COMPLETE - Prompt #18
[0;32m2025-09-20 19:31:20 - Completed prompt #18[0m
[0;34m2025-09-20 19:31:25 - Generating prompt #19 (Section 2, Prompt 2/17)[0m
[1;33m2025-09-20 19:31:25 - Running prompt generation...[0m
PROMPT GENERATION COMPLETE - Prompt #19
[0;32m2025-09-20 19:31:45 - Completed prompt #19[0m
[0;34m2025-09-20 19:31:50 - Generating prompt #20 (Section 2, Prompt 3/17)[0m
[1;33m2025-09-20 19:31:50 - Running prompt generation...[0m
PROMPT GENERATION COMPLETE - Prompt #20
[0;32m2025-09-20 19:32:12 - Completed prompt #20[0m
[0;34m2025-09-20 19:32:17 - Generating prompt #21 (Section 2, Prompt 4/17)[0m
[1;33m2025-09-20 19:32:17 - Running prompt generation...[0m
PROMPT GENERATION COMPLETE - Prompt #21
[0;32m2025-09-20 19:32:39 - Completed prompt #21[0m
[0;34m2025-09-20 19:32:44 - Generating prompt #22 (Section 2, Prompt 5/17)[0m
[1;33m2025-09-20 19:32:44 - Running prompt generation...[0m
PROMPT GENERATION COMPLETE - Prompt #22
[0;32m2025-09-20 19:33:04 - Completed prompt #22[0m
[0;34m2025-09-20 19:33:09 - Generating prompt #23 (Section 2, Prompt 6/17)[0m
[1;33m2025-09-20 19:33:09 - Running prompt generation...[0m
PROMPT GENERATION COMPLETE - Prompt #23
[0;32m2025-09-20 19:33:31 - Completed prompt #23[0m
[0;34m2025-09-20 19:33:36 - Generating prompt #24 (Section 2, Prompt 7/17)[0m
[1;33m2025-09-20 19:33:36 - Running prompt generation...[0m
PROMPT GENERATION COMPLETE - Prompt #24
[0;32m2025-09-20 19:33:57 - Completed prompt #24[0m
[0;34m2025-09-20 19:34:02 - Generating prompt #25 (Section 2, Prompt 8/17)[0m
[1;33m2025-09-20 19:34:02 - Running prompt generation...[0m
PROMPT GENERATION COMPLETE - Prompt #25
[0;32m2025-09-20 19:34:22 - Completed prompt #25[0m
[0;34m2025-09-20 19:34:28 - Generating prompt #26 (Section 2, Prompt 9/17)[0m
[1;33m2025-09-20 19:34:28 - Running prompt generation...[0m
PROMPT GENERATION COMPLETE - Prompt #26
[0;32m2025-09-20 19:34:48 - Completed prompt #26[0m
[0;34m2025-09-20 19:34:53 - Generating prompt #27 (Section 2, Prompt 10/17)[0m
[1;33m2025-09-20 19:34:53 - Running prompt generation...[0m
PROMPT GENERATION COMPLETE - Prompt #27
[0;32m2025-09-20 19:35:13 - Completed prompt #27[0m
[0;34m2025-09-20 19:35:18 - Generating prompt #28 (Section 2, Prompt 11/17)[0m
[1;33m2025-09-20 19:35:18 - Running prompt generation...[0m
PROMPT GENERATION COMPLETE - Prompt #28
[0;32m2025-09-20 19:35:37 - Completed prompt #28[0m
[0;34m2025-09-20 19:35:42 - Generating prompt #29 (Section 2, Prompt 12/17)[0m
[1;33m2025-09-20 19:35:42 - Running prompt generation...[0m
PROMPT GENERATION COMPLETE - Prompt #29
[0;32m2025-09-20 19:36:03 - Completed prompt #29[0m
[0;34m2025-09-20 19:36:08 - Generating prompt #30 (Section 2, Prompt 13/17)[0m
[1;33m2025-09-20 19:36:08 - Running prompt generation...[0m
PROMPT GENERATION COMPLETE - Prompt #30
[0;32m2025-09-20 19:36:29 - Completed prompt #30[0m
[0;34m2025-09-20 19:36:34 - Generating prompt #31 (Section 2, Prompt 14/17)[0m
[1;33m2025-09-20 19:36:34 - Running prompt generation...[0m
PROMPT GENERATION COMPLETE - Prompt #31
[0;32m2025-09-20 19:36:54 - Completed prompt #31[0m
[0;34m2025-09-20 19:36:59 - Generating prompt #32 (Section 2, Prompt 15/17)[0m
[1;33m2025-09-20 19:36:59 - Running prompt generation...[0m
PROMPT GENERATION COMPLETE - Prompt #32
[0;32m2025-09-20 19:37:20 - Completed prompt #32[0m
[0;34m2025-09-20 19:37:25 - Generating prompt #33 (Section 2, Prompt 16/17)[0m
[1;33m2025-09-20 19:37:25 - Running prompt generation...[0m
PROMPT GENERATION COMPLETE - Prompt #33
[0;32m2025-09-20 19:37:47 - Completed prompt #33[0m
[0;34m2025-09-20 19:37:52 - Generating prompt #34 (Section 2, Prompt 17/17)[0m
[1;33m2025-09-20 19:37:52 - Running prompt generation...[0m
PROMPT GENERATION COMPLETE - Prompt #34
[0;32m2025-09-20 19:38:14 - Completed prompt #34[0m
[0;34m2025-09-20 19:38:19 - Generating prompt #35 (Section 3, Prompt 1/17)[0m
[1;33m2025-09-20 19:38:19 - Running prompt generation...[0m
PROMPT GENERATION COMPLETE - Prompt #35
[0;32m2025-09-20 19:38:40 - Completed prompt #35[0m
[0;34m2025-09-20 19:38:45 - Generating prompt #36 (Section 3, Prompt 2/17)[0m
[1;33m2025-09-20 19:38:45 - Running prompt generation...[0m
PROMPT GENERATION COMPLETE - Prompt #36
[0;32m2025-09-20 19:39:07 - Completed prompt #36[0m
[0;34m2025-09-20 19:39:12 - Generating prompt #37 (Section 3, Prompt 3/17)[0m
[1;33m2025-09-20 19:39:12 - Running prompt generation...[0m
PROMPT GENERATION COMPLETE - Prompt #37
[0;32m2025-09-20 19:39:32 - Completed prompt #37[0m
[0;34m2025-09-20 19:39:37 - Generating prompt #38 (Section 3, Prompt 4/17)[0m
[1;33m2025-09-20 19:39:37 - Running prompt generation...[0m
PROMPT GENERATION COMPLETE - Prompt #38
[0;32m2025-09-20 19:39:57 - Completed prompt #38[0m
[0;34m2025-09-20 19:40:02 - Generating prompt #39 (Section 3, Prompt 5/17)[0m
[1;33m2025-09-20 19:40:02 - Running prompt generation...[0m
PROMPT GENERATION COMPLETE - Prompt #39
[0;32m2025-09-20 19:40:24 - Completed prompt #39[0m
[0;34m2025-09-20 19:40:29 - Generating prompt #40 (Section 3, Prompt 6/17)[0m
[1;33m2025-09-20 19:40:29 - Running prompt generation...[0m
PROMPT GENERATION COMPLETE - Prompt #40
[0;32m2025-09-20 19:40:50 - Completed prompt #40[0m
[0;34m2025-09-20 19:40:55 - Generating prompt #41 (Section 3, Prompt 7/17)[0m
[1;33m2025-09-20 19:40:55 - Running prompt generation...[0m
PROMPT GENERATION COMPLETE - Prompt #41
[0;32m2025-09-20 19:41:16 - Completed prompt #41[0m
[0;34m2025-09-20 19:41:21 - Generating prompt #42 (Section 3, Prompt 8/17)[0m
[1;33m2025-09-20 19:41:21 - Running prompt generation...[0m
PROMPT GENERATION COMPLETE - Prompt #42
[0;32m2025-09-20 19:41:42 - Completed prompt #42[0m
[0;34m2025-09-20 19:41:47 - Generating prompt #43 (Section 3, Prompt 9/17)[0m
[1;33m2025-09-20 19:41:47 - Running prompt generation...[0m
PROMPT GENERATION COMPLETE - Prompt #43
[0;32m2025-09-20 19:42:09 - Completed prompt #43[0m
[0;34m2025-09-20 19:42:14 - Generating prompt #44 (Section 3, Prompt 10/17)[0m
[1;33m2025-09-20 19:42:14 - Running prompt generation...[0m
PROMPT GENERATION COMPLETE - Prompt #44
[0;32m2025-09-20 19:42:35 - Completed prompt #44[0m
[0;34m2025-09-20 19:42:40 - Generating prompt #45 (Section 3, Prompt 11/17)[0m
[1;33m2025-09-20 19:42:40 - Running prompt generation...[0m
PROMPT GENERATION COMPLETE - Prompt #45
[0;32m2025-09-20 19:43:01 - Completed prompt #45[0m
[0;34m2025-09-20 19:43:06 - Generating prompt #46 (Section 3, Prompt 12/17)[0m
[1;33m2025-09-20 19:43:06 - Running prompt generation...[0m
PROMPT GENERATION COMPLETE - Prompt #46
[0;32m2025-09-20 19:43:26 - Completed prompt #46[0m
[0;34m2025-09-20 19:43:31 - Generating prompt #47 (Section 3, Prompt 13/17)[0m
[1;33m2025-09-20 19:43:32 - Running prompt generation...[0m
PROMPT GENERATION COMPLETE - Prompt #47
[0;32m2025-09-20 19:43:52 - Completed prompt #47[0m
[0;34m2025-09-20 19:43:57 - Generating prompt #48 (Section 3, Prompt 14/17)[0m
[1;33m2025-09-20 19:43:57 - Running prompt generation...[0m
PROMPT GENERATION COMPLETE - Prompt #48
[0;32m2025-09-20 19:44:18 - Completed prompt #48[0m
[0;34m2025-09-20 19:44:23 - Generating prompt #49 (Section 3, Prompt 15/17)[0m
[1;33m2025-09-20 19:44:23 - Running prompt generation...[0m
PROMPT GENERATION COMPLETE - Prompt #49
[0;32m2025-09-20 19:44:45 - Completed prompt #49[0m
[0;34m2025-09-20 19:44:50 - Generating prompt #50 (Section 3, Prompt 16/17)[0m
[1;33m2025-09-20 19:44:50 - Running prompt generation...[0m
PROMPT GENERATION COMPLETE - Prompt #50
[0;32m2025-09-20 19:45:11 - Completed prompt #50[0m
[0;34m2025-09-20 19:45:16 - Generating prompt #51 (Section 3, Prompt 17/17)[0m
[1;33m2025-09-20 19:45:16 - Running prompt generation...[0m
PROMPT GENERATION COMPLETE - Prompt #51
[0;32m2025-09-20 19:45:38 - Completed prompt #51[0m
[0;34m2025-09-20 19:45:43 - Generating prompt #52 (Section 4, Prompt 1/17)[0m
[1;33m2025-09-20 19:45:43 - Running prompt generation...[0m
PROMPT GENERATION COMPLETE - Prompt #52
[0;32m2025-09-20 19:46:04 - Completed prompt #52[0m
[0;34m2025-09-20 19:46:09 - Generating prompt #53 (Section 4, Prompt 2/17)[0m
[1;33m2025-09-20 19:46:09 - Running prompt generation...[0m
PROMPT GENERATION COMPLETE - Prompt #53
[0;32m2025-09-20 19:46:28 - Completed prompt #53[0m
[0;34m2025-09-20 19:46:33 - Generating prompt #54 (Section 4, Prompt 3/17)[0m
[1;33m2025-09-20 19:46:33 - Running prompt generation...[0m
PROMPT GENERATION COMPLETE - Prompt #54
[0;32m2025-09-20 19:46:55 - Completed prompt #54[0m
[0;34m2025-09-20 19:47:00 - Generating prompt #55 (Section 4, Prompt 4/17)[0m
[1;33m2025-09-20 19:47:00 - Running prompt generation...[0m
PROMPT GENERATION COMPLETE - Prompt #55
[0;32m2025-09-20 19:47:21 - Completed prompt #55[0m
[0;34m2025-09-20 19:47:26 - Generating prompt #56 (Section 4, Prompt 5/17)[0m
[1;33m2025-09-20 19:47:26 - Running prompt generation...[0m
PROMPT GENERATION COMPLETE - Prompt #56
[0;32m2025-09-20 19:47:51 - Completed prompt #56[0m
[0;34m2025-09-20 19:47:56 - Generating prompt #57 (Section 4, Prompt 6/17)[0m
[1;33m2025-09-20 19:47:56 - Running prompt generation...[0m
PROMPT GENERATION COMPLETE - Prompt #57
[0;32m2025-09-20 19:48:20 - Completed prompt #57[0m
[0;34m2025-09-20 19:48:25 - Generating prompt #58 (Section 4, Prompt 7/17)[0m
[1;33m2025-09-20 19:48:25 - Running prompt generation...[0m
PROMPT GENERATION COMPLETE - Prompt #58
[0;32m2025-09-20 19:48:49 - Completed prompt #58[0m
[0;34m2025-09-20 19:48:54 - Generating prompt #59 (Section 4, Prompt 8/17)[0m
[1;33m2025-09-20 19:48:54 - Running prompt generation...[0m
PROMPT GENERATION COMPLETE - Prompt #59
[0;32m2025-09-20 19:49:15 - Completed prompt #59[0m
[0;34m2025-09-20 19:49:20 - Generating prompt #60 (Section 4, Prompt 9/17)[0m
[1;33m2025-09-20 19:49:20 - Running prompt generation...[0m
PROMPT GENERATION COMPLETE - Prompt #60
[0;32m2025-09-20 19:49:41 - Completed prompt #60[0m
[0;34m2025-09-20 19:49:46 - Generating prompt #61 (Section 4, Prompt 10/17)[0m
[1;33m2025-09-20 19:49:46 - Running prompt generation...[0m
PROMPT GENERATION COMPLETE - Prompt #61
[0;32m2025-09-20 19:50:07 - Completed prompt #61[0m
[0;34m2025-09-20 19:50:12 - Generating prompt #62 (Section 4, Prompt 11/17)[0m
[1;33m2025-09-20 19:50:12 - Running prompt generation...[0m
PROMPT GENERATION COMPLETE - Prompt #62
[0;32m2025-09-20 19:50:34 - Completed prompt #62[0m
[0;34m2025-09-20 19:50:39 - Generating prompt #63 (Section 4, Prompt 12/17)[0m
[1;33m2025-09-20 19:50:39 - Running prompt generation...[0m
PROMPT GENERATION COMPLETE - Prompt #63
[0;32m2025-09-20 19:51:00 - Completed prompt #63[0m
[0;34m2025-09-20 19:51:05 - Generating prompt #64 (Section 4, Prompt 13/17)[0m
[1;33m2025-09-20 19:51:05 - Running prompt generation...[0m
PROMPT GENERATION COMPLETE - Prompt #64
[0;32m2025-09-20 19:51:28 - Completed prompt #64[0m
[0;34m2025-09-20 19:51:33 - Generating prompt #65 (Section 4, Prompt 14/17)[0m
[1;33m2025-09-20 19:51:33 - Running prompt generation...[0m
PROMPT GENERATION COMPLETE - Prompt #65
[0;32m2025-09-20 19:51:56 - Completed prompt #65[0m
[0;34m2025-09-20 19:52:01 - Generating prompt #66 (Section 4, Prompt 15/17)[0m
[1;33m2025-09-20 19:52:01 - Running prompt generation...[0m
PROMPT GENERATION COMPLETE - Prompt #66
[0;32m2025-09-20 19:52:22 - Completed prompt #66[0m
[0;34m2025-09-20 19:52:27 - Generating prompt #67 (Section 4, Prompt 16/17)[0m
[1;33m2025-09-20 19:52:27 - Running prompt generation...[0m
PROMPT GENERATION COMPLETE - Prompt #67
[0;32m2025-09-20 19:52:47 - Completed prompt #67[0m
[0;34m2025-09-20 19:52:52 - Generating prompt #68 (Section 4, Prompt 17/17)[0m
[1;33m2025-09-20 19:52:52 - Running prompt generation...[0m
PROMPT GENERATION COMPLETE - Prompt #68
[0;32m2025-09-20 19:53:13 - Completed prompt #68[0m
[0;34m2025-09-20 19:53:18 - Generating prompt #69 (Section 5, Prompt 1/17)[0m
[1;33m2025-09-20 19:53:18 - Running prompt generation...[0m
PROMPT GENERATION COMPLETE - Prompt #69
[0;32m2025-09-20 19:53:40 - Completed prompt #69[0m
[0;34m2025-09-20 19:53:45 - Generating prompt #70 (Section 5, Prompt 2/17)[0m
[1;33m2025-09-20 19:53:45 - Running prompt generation...[0m
PROMPT GENERATION COMPLETE - Prompt #70
[0;32m2025-09-20 19:54:08 - Completed prompt #70[0m
[0;34m2025-09-20 19:54:13 - Generating prompt #71 (Section 5, Prompt 3/17)[0m
[1;33m2025-09-20 19:54:13 - Running prompt generation...[0m
PROMPT GENERATION COMPLETE - Prompt #71
[0;32m2025-09-20 19:54:36 - Completed prompt #71[0m
[0;34m2025-09-20 19:54:41 - Generating prompt #72 (Section 5, Prompt 4/17)[0m
[1;33m2025-09-20 19:54:41 - Running prompt generation...[0m
PROMPT GENERATION COMPLETE - Prompt #72
[0;32m2025-09-20 19:55:05 - Completed prompt #72[0m
[0;34m2025-09-20 19:55:10 - Generating prompt #73 (Section 5, Prompt 5/17)[0m
[1;33m2025-09-20 19:55:10 - Running prompt generation...[0m
PROMPT GENERATION COMPLETE - Prompt #73
[0;32m2025-09-20 19:55:33 - Completed prompt #73[0m
[0;34m2025-09-20 19:55:38 - Generating prompt #74 (Section 5, Prompt 6/17)[0m
[1;33m2025-09-20 19:55:38 - Running prompt generation...[0m
PROMPT GENERATION COMPLETE - Prompt #74
[0;32m2025-09-20 19:55:58 - Completed prompt #74[0m
[0;34m2025-09-20 19:56:03 - Generating prompt #75 (Section 5, Prompt 7/17)[0m
[1;33m2025-09-20 19:56:03 - Running prompt generation...[0m
PROMPT GENERATION COMPLETE - Prompt #75
[0;32m2025-09-20 19:56:25 - Completed prompt #75[0m
[0;34m2025-09-20 19:56:30 - Generating prompt #76 (Section 5, Prompt 8/17)[0m
[1;33m2025-09-20 19:56:30 - Running prompt generation...[0m
PROMPT GENERATION COMPLETE - Prompt #76
[0;32m2025-09-20 19:56:50 - Completed prompt #76[0m
[0;34m2025-09-20 19:56:55 - Generating prompt #77 (Section 5, Prompt 9/17)[0m
[1;33m2025-09-20 19:56:55 - Running prompt generation...[0m
PROMPT GENERATION COMPLETE - Prompt #77
[0;32m2025-09-20 19:57:16 - Completed prompt #77[0m
[0;34m2025-09-20 19:57:21 - Generating prompt #78 (Section 5, Prompt 10/17)[0m
[1;33m2025-09-20 19:57:21 - Running prompt generation...[0m
PROMPT GENERATION COMPLETE - Prompt #78
[0;32m2025-09-20 19:57:40 - Completed prompt #78[0m
[0;34m2025-09-20 19:57:45 - Generating prompt #79 (Section 5, Prompt 11/17)[0m
[1;33m2025-09-20 19:57:45 - Running prompt generation...[0m
PROMPT GENERATION COMPLETE - Prompt #79
[0;32m2025-09-20 19:58:06 - Completed prompt #79[0m
[0;34m2025-09-20 19:58:11 - Generating prompt #80 (Section 5, Prompt 12/17)[0m
[1;33m2025-09-20 19:58:11 - Running prompt generation...[0m
PROMPT GENERATION COMPLETE - Prompt #80
[0;32m2025-09-20 19:58:32 - Completed prompt #80[0m
[0;34m2025-09-20 19:58:37 - Generating prompt #81 (Section 5, Prompt 13/17)[0m
[1;33m2025-09-20 19:58:37 - Running prompt generation...[0m
PROMPT GENERATION COMPLETE - Prompt #81
[0;32m2025-09-20 19:58:58 - Completed prompt #81[0m
[0;34m2025-09-20 19:59:03 - Generating prompt #82 (Section 5, Prompt 14/17)[0m
[1;33m2025-09-20 19:59:04 - Running prompt generation...[0m
PROMPT GENERATION COMPLETE - Prompt #82
[0;32m2025-09-20 19:59:26 - Completed prompt #82[0m
[0;34m2025-09-20 19:59:31 - Generating prompt #83 (Section 5, Prompt 15/17)[0m
[1;33m2025-09-20 19:59:31 - Running prompt generation...[0m
PROMPT GENERATION COMPLETE - Prompt #83
[0;32m2025-09-20 19:59:55 - Completed prompt #83[0m
[0;34m2025-09-20 20:00:00 - Generating prompt #84 (Section 5, Prompt 16/17)[0m
[1;33m2025-09-20 20:00:00 - Running prompt generation...[0m
PROMPT GENERATION COMPLETE - Prompt #84
[0;32m2025-09-20 20:00:21 - Completed prompt #84[0m
[0;34m2025-09-20 20:00:26 - Generating prompt #85 (Section 5, Prompt 17/17)[0m
[1;33m2025-09-20 20:00:26 - Running prompt generation...[0m
PROMPT GENERATION COMPLETE - Prompt #85
[0;32m2025-09-20 20:00:51 - Completed prompt #85[0m
[0;34m2025-09-20 20:00:56 - Generating prompt #86 (Section 6, Prompt 1/17)[0m
[1;33m2025-09-20 20:00:56 - Running prompt generation...[0m
PROMPT GENERATION COMPLETE - Prompt #86
[0;32m2025-09-20 20:01:20 - Completed prompt #86[0m
[0;34m2025-09-20 20:01:25 - Generating prompt #87 (Section 6, Prompt 2/17)[0m
[1;33m2025-09-20 20:01:25 - Running prompt generation...[0m
PROMPT GENERATION COMPLETE - Prompt #87
[0;32m2025-09-20 20:01:48 - Completed prompt #87[0m
[0;34m2025-09-20 20:01:53 - Generating prompt #88 (Section 6, Prompt 3/17)[0m
[1;33m2025-09-20 20:01:53 - Running prompt generation...[0m
PROMPT GENERATION COMPLETE - Prompt #88
[0;32m2025-09-20 20:02:14 - Completed prompt #88[0m
[0;34m2025-09-20 20:02:19 - Generating prompt #89 (Section 6, Prompt 4/17)[0m
[1;33m2025-09-20 20:02:19 - Running prompt generation...[0m
PROMPT GENERATION COMPLETE - Prompt #89
[0;32m2025-09-20 20:02:39 - Completed prompt #89[0m
[0;34m2025-09-20 20:02:44 - Generating prompt #90 (Section 6, Prompt 5/17)[0m
[1;33m2025-09-20 20:02:44 - Running prompt generation...[0m
PROMPT GENERATION COMPLETE - Prompt #90
[0;32m2025-09-20 20:03:07 - Completed prompt #90[0m
[0;34m2025-09-20 20:03:12 - Generating prompt #91 (Section 6, Prompt 6/17)[0m
[1;33m2025-09-20 20:03:12 - Running prompt generation...[0m
PROMPT GENERATION COMPLETE - Prompt #91
[0;32m2025-09-20 20:03:35 - Completed prompt #91[0m
[0;34m2025-09-20 20:03:40 - Generating prompt #92 (Section 6, Prompt 7/17)[0m
[1;33m2025-09-20 20:03:40 - Running prompt generation...[0m
PROMPT GENERATION COMPLETE - Prompt #92
[0;32m2025-09-20 20:04:00 - Completed prompt #92[0m
[0;34m2025-09-20 20:04:05 - Generating prompt #93 (Section 6, Prompt 8/17)[0m
[1;33m2025-09-20 20:04:05 - Running prompt generation...[0m
PROMPT GENERATION COMPLETE - Prompt #93
[0;32m2025-09-20 20:04:25 - Completed prompt #93[0m
[0;34m2025-09-20 20:04:30 - Generating prompt #94 (Section 6, Prompt 9/17)[0m
[1;33m2025-09-20 20:04:31 - Running prompt generation...[0m
PROMPT GENERATION COMPLETE - Prompt #94
[0;32m2025-09-20 20:04:50 - Completed prompt #94[0m
[0;34m2025-09-20 20:04:55 - Generating prompt #95 (Section 6, Prompt 10/17)[0m
[1;33m2025-09-20 20:04:55 - Running prompt generation...[0m
PROMPT GENERATION COMPLETE - Prompt #95
[0;32m2025-09-20 20:05:16 - Completed prompt #95[0m
[0;34m2025-09-20 20:05:21 - Generating prompt #96 (Section 6, Prompt 11/17)[0m
[1;33m2025-09-20 20:05:21 - Running prompt generation...[0m
PROMPT GENERATION COMPLETE - Prompt #96
[0;32m2025-09-20 20:05:39 - Completed prompt #96[0m
[0;34m2025-09-20 20:05:44 - Generating prompt #97 (Section 6, Prompt 12/17)[0m
[1;33m2025-09-20 20:05:44 - Running prompt generation...[0m
PROMPT GENERATION COMPLETE - Prompt #97
[0;32m2025-09-20 20:06:05 - Completed prompt #97[0m
[0;34m2025-09-20 20:06:10 - Generating prompt #98 (Section 6, Prompt 13/17)[0m
[1;33m2025-09-20 20:06:10 - Running prompt generation...[0m
PROMPT GENERATION COMPLETE - Prompt #98
[0;32m2025-09-20 20:06:30 - Completed prompt #98[0m
[0;34m2025-09-20 20:06:35 - Generating prompt #99 (Section 6, Prompt 14/17)[0m
[1;33m2025-09-20 20:06:35 - Running prompt generation...[0m
5-hour limit reached ∙ resets 12am
[0;32m2025-09-20 20:06:42 - Completed prompt #99[0m
[0;34m2025-09-20 20:06:48 - Generating prompt #100 (Section 6, Prompt 15/17)[0m
[1;33m2025-09-20 20:06:48 - Running prompt generation...[0m
5-hour limit reached ∙ resets 12am
[0;32m2025-09-20 20:06:54 - Completed prompt #100[0m
[0;34m2025-09-20 20:06:59 - Generating prompt #101 (Section 6, Prompt 16/17)[0m
[1;33m2025-09-20 20:06:59 - Running prompt generation...[0m
5-hour limit reached ∙ resets 12am
[0;32m2025-09-20 20:07:06 - Completed prompt #101[0m
[0;34m2025-09-20 20:07:11 - Generating prompt #102 (Section 6, Prompt 17/17)[0m
[1;33m2025-09-20 20:07:11 - Running prompt generation...[0m
5-hour limit reached ∙ resets 12am
[0;32m2025-09-20 20:07:17 - Completed prompt #102[0m
[0;34m2025-09-21 00:07:49 - Starting Prompt Generation Cycle for template: car-buying[0m
[0;32m2025-09-21 00:07:49 - Using existing worktree: ../templata-car-buying[0m
[0;34m2025-09-21 00:14:37 - Starting Prompt Generation Cycle for template: car-buying[0m
[0;32m2025-09-21 00:14:37 - Using existing worktree: ../templata-car-buying[0m
[0;34m2025-09-21 00:14:37 - Generating prompt #99 (Section 6, Prompt 14/17)[0m
[1;33m2025-09-21 00:14:37 - Running prompt generation...[0m
PROMPT GENERATION COMPLETE - Prompt #99
[0;32m2025-09-21 00:15:07 - Completed prompt #99[0m
[0;34m2025-09-21 00:15:12 - Generating prompt #100 (Section 6, Prompt 15/17)[0m
[1;33m2025-09-21 00:15:12 - Running prompt generation...[0m
PROMPT GENERATION COMPLETE - Prompt #100
[0;32m2025-09-21 00:15:39 - Completed prompt #100[0m
[0;34m2025-09-21 00:15:44 - Generating prompt #101 (Section 6, Prompt 16/17)[0m
[1;33m2025-09-21 00:15:44 - Running prompt generation...[0m
PROMPT GENERATION COMPLETE - Prompt #101
[0;32m2025-09-21 00:16:18 - Completed prompt #101[0m
[0;34m2025-09-21 00:16:23 - Generating prompt #102 (Section 6, Prompt 17/17)[0m
[1;33m2025-09-21 00:16:23 - Running prompt generation...[0m
PROMPT GENERATION COMPLETE - Prompt #102
[0;32m2025-09-21 00:16:42 - Completed prompt #102[0m
