[0;34m2025-09-19 19:10:08 - Starting Prompt Generation Cycle for template: language-learning[0m
[0;32m2025-09-19 19:10:08 - Using existing worktree: ../templata-language-learning[0m
[1;33m2025-09-19 19:10:08 - Creating template prompt file: prompts-language-learning.ts[0m
[0;32m2025-09-19 19:10:08 - Created template prompt file: ../templata-language-learning/src/data/prompts-language-learning.ts[0m
[0;34m2025-09-19 19:10:08 - Generating prompt #1 (Section 1, Prompt 1/17)[0m
[1;33m2025-09-19 19:10:08 - Running prompt generation...[0m
PROMPT GENERATION COMPLETE - Prompt #1
[0;32m2025-09-19 19:10:34 - Completed prompt #1[0m
[0;34m2025-09-19 19:10:39 - Generating prompt #2 (Section 1, Prompt 2/17)[0m
[1;33m2025-09-19 19:10:39 - Running prompt generation...[0m
PROMPT GENERATION COMPLETE - Prompt #2
[0;32m2025-09-19 19:11:01 - Completed prompt #2[0m
[0;34m2025-09-19 19:11:06 - Generating prompt #3 (Section 1, Prompt 3/17)[0m
[1;33m2025-09-19 19:11:06 - Running prompt generation...[0m
PROMPT GENERATION COMPLETE - Prompt #3
[0;32m2025-09-19 19:11:29 - Completed prompt #3[0m
[0;34m2025-09-19 19:11:34 - Generating prompt #4 (Section 1, Prompt 4/17)[0m
[1;33m2025-09-19 19:11:34 - Running prompt generation...[0m
PROMPT GENERATION COMPLETE - Prompt #4
[0;32m2025-09-19 19:12:00 - Completed prompt #4[0m
[0;34m2025-09-19 19:12:05 - Generating prompt #5 (Section 1, Prompt 5/17)[0m
[1;33m2025-09-19 19:12:05 - Running prompt generation...[0m
PROMPT GENERATION COMPLETE - Prompt #5
[0;32m2025-09-19 19:12:27 - Completed prompt #5[0m
[0;34m2025-09-19 19:12:32 - Generating prompt #6 (Section 1, Prompt 6/17)[0m
[1;33m2025-09-19 19:12:32 - Running prompt generation...[0m
PROMPT GENERATION COMPLETE - Prompt #6
[0;32m2025-09-19 19:12:54 - Completed prompt #6[0m
[0;34m2025-09-19 19:12:59 - Generating prompt #7 (Section 1, Prompt 7/17)[0m
[1;33m2025-09-19 19:12:59 - Running prompt generation...[0m
PROMPT GENERATION COMPLETE - Prompt #7
[0;32m2025-09-19 19:13:21 - Completed prompt #7[0m
[0;34m2025-09-19 19:13:26 - Generating prompt #8 (Section 1, Prompt 8/17)[0m
[1;33m2025-09-19 19:13:26 - Running prompt generation...[0m
PROMPT GENERATION COMPLETE - Prompt #8
[0;32m2025-09-19 19:13:50 - Completed prompt #8[0m
[0;34m2025-09-19 19:13:55 - Generating prompt #9 (Section 1, Prompt 9/17)[0m
[1;33m2025-09-19 19:13:55 - Running prompt generation...[0m
PROMPT GENERATION COMPLETE - Prompt #9
[0;32m2025-09-19 19:14:19 - Completed prompt #9[0m
[0;34m2025-09-19 19:14:24 - Generating prompt #10 (Section 1, Prompt 10/17)[0m
[1;33m2025-09-19 19:14:24 - Running prompt generation...[0m
PROMPT GENERATION COMPLETE - Prompt #10
[0;32m2025-09-19 19:14:46 - Completed prompt #10[0m
[0;34m2025-09-19 19:14:51 - Generating prompt #11 (Section 1, Prompt 11/17)[0m
[1;33m2025-09-19 19:14:51 - Running prompt generation...[0m
PROMPT GENERATION COMPLETE - Prompt #11
[0;32m2025-09-19 19:15:13 - Completed prompt #11[0m
[0;34m2025-09-19 19:15:18 - Generating prompt #12 (Section 1, Prompt 12/17)[0m
[1;33m2025-09-19 19:15:18 - Running prompt generation...[0m
PROMPT GENERATION COMPLETE - Prompt #12
[0;32m2025-09-19 19:15:41 - Completed prompt #12[0m
[0;34m2025-09-19 19:15:46 - Generating prompt #13 (Section 1, Prompt 13/17)[0m
[1;33m2025-09-19 19:15:46 - Running prompt generation...[0m
PROMPT GENERATION COMPLETE - Prompt #13
[0;32m2025-09-19 19:16:11 - Completed prompt #13[0m
[0;34m2025-09-19 19:16:16 - Generating prompt #14 (Section 1, Prompt 14/17)[0m
[1;33m2025-09-19 19:16:16 - Running prompt generation...[0m
PROMPT GENERATION COMPLETE - Prompt #14
[0;32m2025-09-19 19:16:40 - Completed prompt #14[0m
[0;34m2025-09-19 19:16:45 - Generating prompt #15 (Section 1, Prompt 15/17)[0m
[1;33m2025-09-19 19:16:45 - Running prompt generation...[0m
PROMPT GENERATION COMPLETE - Prompt #15
[0;32m2025-09-19 19:17:11 - Completed prompt #15[0m
[0;34m2025-09-19 19:17:16 - Generating prompt #16 (Section 1, Prompt 16/17)[0m
[1;33m2025-09-19 19:17:16 - Running prompt generation...[0m
PROMPT GENERATION COMPLETE - Prompt #16
[0;32m2025-09-19 19:17:47 - Completed prompt #16[0m
[0;34m2025-09-19 19:17:52 - Generating prompt #17 (Section 1, Prompt 17/17)[0m
[1;33m2025-09-19 19:17:52 - Running prompt generation...[0m
PROMPT GENERATION COMPLETE - Prompt #17
[0;32m2025-09-19 19:18:18 - Completed prompt #17[0m
[0;34m2025-09-19 19:18:23 - Generating prompt #18 (Section 2, Prompt 1/17)[0m
[1;33m2025-09-19 19:18:23 - Running prompt generation...[0m
PROMPT GENERATION COMPLETE - Prompt #18
[0;32m2025-09-19 19:18:51 - Completed prompt #18[0m
[0;34m2025-09-19 19:18:56 - Generating prompt #19 (Section 2, Prompt 2/17)[0m
[1;33m2025-09-19 19:18:56 - Running prompt generation...[0m
PROMPT GENERATION COMPLETE - Prompt #19
[0;32m2025-09-19 19:19:21 - Completed prompt #19[0m
[0;34m2025-09-19 19:19:26 - Generating prompt #20 (Section 2, Prompt 3/17)[0m
[1;33m2025-09-19 19:19:26 - Running prompt generation...[0m
PROMPT GENERATION COMPLETE - Prompt #20
[0;32m2025-09-19 19:19:53 - Completed prompt #20[0m
[0;34m2025-09-19 19:19:58 - Generating prompt #21 (Section 2, Prompt 4/17)[0m
[1;33m2025-09-19 19:19:58 - Running prompt generation...[0m
PROMPT GENERATION COMPLETE - Prompt #21
[0;32m2025-09-19 19:20:25 - Completed prompt #21[0m
[0;34m2025-09-19 19:20:30 - Generating prompt #22 (Section 2, Prompt 5/17)[0m
[1;33m2025-09-19 19:20:30 - Running prompt generation...[0m
PROMPT GENERATION COMPLETE - Prompt #22
[0;32m2025-09-19 19:20:53 - Completed prompt #22[0m
[0;34m2025-09-19 19:20:58 - Generating prompt #23 (Section 2, Prompt 6/17)[0m
[1;33m2025-09-19 19:20:58 - Running prompt generation...[0m
PROMPT GENERATION COMPLETE - Prompt #23
[0;32m2025-09-19 19:21:25 - Completed prompt #23[0m
[0;34m2025-09-19 19:21:30 - Generating prompt #24 (Section 2, Prompt 7/17)[0m
[1;33m2025-09-19 19:21:30 - Running prompt generation...[0m
PROMPT GENERATION COMPLETE - Prompt #24
[0;32m2025-09-19 19:22:00 - Completed prompt #24[0m
[0;34m2025-09-19 19:22:05 - Generating prompt #25 (Section 2, Prompt 8/17)[0m
[1;33m2025-09-19 19:22:05 - Running prompt generation...[0m
PROMPT GENERATION COMPLETE - Prompt #25
[0;32m2025-09-19 19:22:28 - Completed prompt #25[0m
[0;34m2025-09-19 19:22:33 - Generating prompt #26 (Section 2, Prompt 9/17)[0m
[1;33m2025-09-19 19:22:33 - Running prompt generation...[0m
PROMPT GENERATION COMPLETE - Prompt #26
[0;32m2025-09-19 19:23:00 - Completed prompt #26[0m
[0;34m2025-09-19 19:23:05 - Generating prompt #27 (Section 2, Prompt 10/17)[0m
[1;33m2025-09-19 19:23:05 - Running prompt generation...[0m
PROMPT GENERATION COMPLETE - Prompt #27
[0;32m2025-09-19 19:23:30 - Completed prompt #27[0m
[0;34m2025-09-19 19:23:36 - Generating prompt #28 (Section 2, Prompt 11/17)[0m
[1;33m2025-09-19 19:23:36 - Running prompt generation...[0m
PROMPT GENERATION COMPLETE - Prompt #28
[0;32m2025-09-19 19:24:14 - Completed prompt #28[0m
[0;34m2025-09-19 19:24:19 - Generating prompt #29 (Section 2, Prompt 12/17)[0m
[1;33m2025-09-19 19:24:19 - Running prompt generation...[0m
PROMPT GENERATION COMPLETE - Prompt #29
[0;32m2025-09-19 19:24:48 - Completed prompt #29[0m
[0;34m2025-09-19 19:24:53 - Generating prompt #30 (Section 2, Prompt 13/17)[0m
[1;33m2025-09-19 19:24:53 - Running prompt generation...[0m
PROMPT GENERATION COMPLETE - Prompt #30
[0;34m2025-09-20 00:04:23 - Starting Prompt Generation Cycle for template: language-learning[0m
[0;32m2025-09-20 00:04:23 - Using existing worktree: ../templata-language-learning[0m
[0;34m2025-09-20 00:04:23 - Generating prompt #31 (Section 2, Prompt 14/17)[0m
[1;33m2025-09-20 00:04:23 - Running prompt generation...[0m
PROMPT GENERATION COMPLETE - Prompt #31
[0;32m2025-09-20 00:04:51 - Completed prompt #31[0m
[0;34m2025-09-20 00:04:56 - Generating prompt #32 (Section 2, Prompt 15/17)[0m
[1;33m2025-09-20 00:04:58 - Running prompt generation...[0m
PROMPT GENERATION COMPLETE - Prompt #32
[0;32m2025-09-20 00:05:42 - Completed prompt #32[0m
[0;34m2025-09-20 00:05:47 - Generating prompt #33 (Section 2, Prompt 16/17)[0m
[1;33m2025-09-20 00:05:48 - Running prompt generation...[0m
PROMPT GENERATION COMPLETE - Prompt #33
[0;32m2025-09-20 00:06:37 - Completed prompt #33[0m
[0;34m2025-09-20 00:06:42 - Generating prompt #34 (Section 2, Prompt 17/17)[0m
[1;33m2025-09-20 00:06:43 - Running prompt generation...[0m
PROMPT GENERATION COMPLETE - Prompt #34
[0;32m2025-09-20 00:07:33 - Completed prompt #34[0m
[0;34m2025-09-20 00:07:38 - Generating prompt #35 (Section 3, Prompt 1/17)[0m
[1;33m2025-09-20 00:07:38 - Running prompt generation...[0m
PROMPT GENERATION COMPLETE - Prompt #35
[0;32m2025-09-20 00:08:10 - Completed prompt #35[0m
[0;34m2025-09-20 00:08:15 - Generating prompt #36 (Section 3, Prompt 2/17)[0m
[1;33m2025-09-20 00:08:15 - Running prompt generation...[0m
PROMPT GENERATION COMPLETE - Prompt #36
[0;32m2025-09-20 00:08:57 - Completed prompt #36[0m
[0;34m2025-09-20 00:09:02 - Generating prompt #37 (Section 3, Prompt 3/17)[0m
[1;33m2025-09-20 00:09:03 - Running prompt generation...[0m
PROMPT GENERATION COMPLETE - Prompt #37
[0;32m2025-09-20 00:09:51 - Completed prompt #37[0m
[0;34m2025-09-20 00:09:56 - Generating prompt #38 (Section 3, Prompt 4/17)[0m
[1;33m2025-09-20 00:09:57 - Running prompt generation...[0m
PROMPT GENERATION COMPLETE - Prompt #38
[0;32m2025-09-20 00:10:39 - Completed prompt #38[0m
[0;34m2025-09-20 00:10:44 - Generating prompt #39 (Section 3, Prompt 5/17)[0m
[1;33m2025-09-20 00:10:44 - Running prompt generation...[0m
PROMPT GENERATION COMPLETE - Prompt #39
[0;32m2025-09-20 00:11:15 - Completed prompt #39[0m
[0;34m2025-09-20 00:11:20 - Generating prompt #40 (Section 3, Prompt 6/17)[0m
[1;33m2025-09-20 00:11:21 - Running prompt generation...[0m
[0;34m2025-09-20 00:11:50 - Starting Prompt Generation Cycle for template: language-learning[0m
[0;32m2025-09-20 00:11:50 - Using existing worktree: ../templata-language-learning[0m
[0;34m2025-09-20 00:11:50 - Generating prompt #40 (Section 3, Prompt 6/17)[0m
[1;33m2025-09-20 00:11:51 - Running prompt generation...[0m
PROMPT GENERATION COMPLETE - Prompt #40
[0;32m2025-09-20 00:12:42 - Completed prompt #40[0m
[0;34m2025-09-20 00:12:49 - Generating prompt #41 (Section 3, Prompt 7/17)[0m
[1;33m2025-09-20 00:12:52 - Running prompt generation...[0m
[0;34m2025-09-20 17:03:16 - Starting Prompt Generation Cycle for template: language-learning[0m
[0;32m2025-09-20 17:03:16 - Using existing worktree: ../templata-language-learning[0m
[0;34m2025-09-20 17:03:16 - Generating prompt #41 (Section 3, Prompt 7/17)[0m
[1;33m2025-09-20 17:03:16 - Running prompt generation...[0m
PROMPT GENERATION COMPLETE - Prompt #41
[0;32m2025-09-20 17:03:47 - Completed prompt #41[0m
[0;34m2025-09-20 17:03:52 - Generating prompt #42 (Section 3, Prompt 8/17)[0m
[1;33m2025-09-20 17:03:52 - Running prompt generation...[0m
PROMPT GENERATION COMPLETE - Prompt #42
[0;32m2025-09-20 17:04:14 - Completed prompt #42[0m
[0;34m2025-09-20 17:04:19 - Generating prompt #43 (Section 3, Prompt 9/17)[0m
[1;33m2025-09-20 17:04:19 - Running prompt generation...[0m
PROMPT GENERATION COMPLETE - Prompt #43
[0;32m2025-09-20 17:04:41 - Completed prompt #43[0m
[0;34m2025-09-20 17:04:46 - Generating prompt #44 (Section 3, Prompt 10/17)[0m
[1;33m2025-09-20 17:04:46 - Running prompt generation...[0m
PROMPT GENERATION COMPLETE - Prompt #44
[0;32m2025-09-20 17:05:07 - Completed prompt #44[0m
[0;34m2025-09-20 17:05:12 - Generating prompt #45 (Section 3, Prompt 11/17)[0m
[1;33m2025-09-20 17:05:12 - Running prompt generation...[0m
PROMPT GENERATION COMPLETE - Prompt #45
[0;32m2025-09-20 17:05:33 - Completed prompt #45[0m
[0;34m2025-09-20 17:05:38 - Generating prompt #46 (Section 3, Prompt 12/17)[0m
[1;33m2025-09-20 17:05:38 - Running prompt generation...[0m
PROMPT GENERATION COMPLETE - Prompt #46
[0;32m2025-09-20 17:05:58 - Completed prompt #46[0m
[0;34m2025-09-20 17:06:03 - Generating prompt #47 (Section 3, Prompt 13/17)[0m
[1;33m2025-09-20 17:06:03 - Running prompt generation...[0m
PROMPT GENERATION COMPLETE - Prompt #47
[0;32m2025-09-20 17:06:24 - Completed prompt #47[0m
[0;34m2025-09-20 17:06:29 - Generating prompt #48 (Section 3, Prompt 14/17)[0m
[1;33m2025-09-20 17:06:29 - Running prompt generation...[0m
PROMPT GENERATION COMPLETE - Prompt #48
[0;32m2025-09-20 17:06:51 - Completed prompt #48[0m
[0;34m2025-09-20 17:06:56 - Generating prompt #49 (Section 3, Prompt 15/17)[0m
[1;33m2025-09-20 17:06:56 - Running prompt generation...[0m
PROMPT GENERATION COMPLETE - Prompt #49
[0;32m2025-09-20 17:07:17 - Completed prompt #49[0m
[0;34m2025-09-20 17:07:22 - Generating prompt #50 (Section 3, Prompt 16/17)[0m
[1;33m2025-09-20 17:07:22 - Running prompt generation...[0m
PROMPT GENERATION COMPLETE - Prompt #50
[0;32m2025-09-20 17:07:42 - Completed prompt #50[0m
[0;34m2025-09-20 17:07:47 - Generating prompt #51 (Section 3, Prompt 17/17)[0m
[1;33m2025-09-20 17:07:47 - Running prompt generation...[0m
PROMPT GENERATION COMPLETE - Prompt #51
[0;32m2025-09-20 17:08:07 - Completed prompt #51[0m
[0;34m2025-09-20 17:08:12 - Generating prompt #52 (Section 4, Prompt 1/17)[0m
[1;33m2025-09-20 17:08:12 - Running prompt generation...[0m
PROMPT GENERATION COMPLETE - Prompt #52
[0;32m2025-09-20 17:08:32 - Completed prompt #52[0m
[0;34m2025-09-20 17:08:37 - Generating prompt #53 (Section 4, Prompt 2/17)[0m
[1;33m2025-09-20 17:08:37 - Running prompt generation...[0m
PROMPT GENERATION COMPLETE - Prompt #53
[0;32m2025-09-20 17:08:57 - Completed prompt #53[0m
[0;34m2025-09-20 17:09:02 - Generating prompt #54 (Section 4, Prompt 3/17)[0m
[1;33m2025-09-20 17:09:02 - Running prompt generation...[0m
PROMPT GENERATION COMPLETE - Prompt #54
[0;32m2025-09-20 17:09:25 - Completed prompt #54[0m
[0;34m2025-09-20 17:09:30 - Generating prompt #55 (Section 4, Prompt 4/17)[0m
[1;33m2025-09-20 17:09:30 - Running prompt generation...[0m
PROMPT GENERATION COMPLETE - Prompt #55
[0;32m2025-09-20 17:09:51 - Completed prompt #55[0m
[0;34m2025-09-20 17:09:56 - Generating prompt #56 (Section 4, Prompt 5/17)[0m
[1;33m2025-09-20 17:09:56 - Running prompt generation...[0m
PROMPT GENERATION COMPLETE - Prompt #56
[0;32m2025-09-20 17:10:19 - Completed prompt #56[0m
[0;34m2025-09-20 17:10:24 - Generating prompt #57 (Section 4, Prompt 6/17)[0m
[1;33m2025-09-20 17:10:24 - Running prompt generation...[0m
PROMPT GENERATION COMPLETE - Prompt #57
[0;32m2025-09-20 17:10:44 - Completed prompt #57[0m
[0;34m2025-09-20 17:10:49 - Generating prompt #58 (Section 4, Prompt 7/17)[0m
[1;33m2025-09-20 17:10:49 - Running prompt generation...[0m
PROMPT GENERATION COMPLETE - Prompt #58
[0;32m2025-09-20 17:11:10 - Completed prompt #58[0m
[0;34m2025-09-20 17:11:15 - Generating prompt #59 (Section 4, Prompt 8/17)[0m
[1;33m2025-09-20 17:11:15 - Running prompt generation...[0m
PROMPT GENERATION COMPLETE - Prompt #59
[0;32m2025-09-20 17:11:36 - Completed prompt #59[0m
[0;34m2025-09-20 17:11:41 - Generating prompt #60 (Section 4, Prompt 9/17)[0m
[1;33m2025-09-20 17:11:41 - Running prompt generation...[0m
PROMPT GENERATION COMPLETE - Prompt #60
[0;32m2025-09-20 17:12:02 - Completed prompt #60[0m
[0;34m2025-09-20 17:12:07 - Generating prompt #61 (Section 4, Prompt 10/17)[0m
[1;33m2025-09-20 17:12:07 - Running prompt generation...[0m
PROMPT GENERATION COMPLETE - Prompt #61
[0;32m2025-09-20 17:12:34 - Completed prompt #61[0m
[0;34m2025-09-20 17:12:39 - Generating prompt #62 (Section 4, Prompt 11/17)[0m
[1;33m2025-09-20 17:12:39 - Running prompt generation...[0m
PROMPT GENERATION COMPLETE - Prompt #62
[0;32m2025-09-20 17:13:01 - Completed prompt #62[0m
[0;34m2025-09-20 17:13:06 - Generating prompt #63 (Section 4, Prompt 12/17)[0m
[1;33m2025-09-20 17:13:06 - Running prompt generation...[0m
PROMPT GENERATION COMPLETE - Prompt #63
[0;32m2025-09-20 17:13:25 - Completed prompt #63[0m
[0;34m2025-09-20 17:13:30 - Generating prompt #64 (Section 4, Prompt 13/17)[0m
[1;33m2025-09-20 17:13:30 - Running prompt generation...[0m
PROMPT GENERATION COMPLETE - Prompt #64
[0;32m2025-09-20 17:13:51 - Completed prompt #64[0m
[0;34m2025-09-20 17:13:56 - Generating prompt #65 (Section 4, Prompt 14/17)[0m
[1;33m2025-09-20 17:13:56 - Running prompt generation...[0m
PROMPT GENERATION COMPLETE - Prompt #65
[0;32m2025-09-20 17:14:17 - Completed prompt #65[0m
[0;34m2025-09-20 17:14:22 - Generating prompt #66 (Section 4, Prompt 15/17)[0m
[1;33m2025-09-20 17:14:22 - Running prompt generation...[0m
PROMPT GENERATION COMPLETE - Prompt #66
[0;32m2025-09-20 17:14:43 - Completed prompt #66[0m
[0;34m2025-09-20 17:14:48 - Generating prompt #67 (Section 4, Prompt 16/17)[0m
[1;33m2025-09-20 17:14:48 - Running prompt generation...[0m
PROMPT GENERATION COMPLETE - Prompt #67
[0;32m2025-09-20 17:15:09 - Completed prompt #67[0m
[0;34m2025-09-20 17:15:14 - Generating prompt #68 (Section 4, Prompt 17/17)[0m
[1;33m2025-09-20 17:15:14 - Running prompt generation...[0m
PROMPT GENERATION COMPLETE - Prompt #68
[0;32m2025-09-20 17:15:35 - Completed prompt #68[0m
[0;34m2025-09-20 17:15:40 - Generating prompt #69 (Section 5, Prompt 1/17)[0m
[1;33m2025-09-20 17:15:40 - Running prompt generation...[0m
PROMPT GENERATION COMPLETE - Prompt #69
[0;32m2025-09-20 17:16:02 - Completed prompt #69[0m
[0;34m2025-09-20 17:16:07 - Generating prompt #70 (Section 5, Prompt 2/17)[0m
[1;33m2025-09-20 17:16:07 - Running prompt generation...[0m
PROMPT GENERATION COMPLETE - Prompt #70
[0;32m2025-09-20 17:16:27 - Completed prompt #70[0m
[0;34m2025-09-20 17:16:32 - Generating prompt #71 (Section 5, Prompt 3/17)[0m
[1;33m2025-09-20 17:16:32 - Running prompt generation...[0m
PROMPT GENERATION COMPLETE - Prompt #71
[0;32m2025-09-20 17:16:52 - Completed prompt #71[0m
[0;34m2025-09-20 17:16:57 - Generating prompt #72 (Section 5, Prompt 4/17)[0m
[1;33m2025-09-20 17:16:57 - Running prompt generation...[0m
PROMPT GENERATION COMPLETE - Prompt #72
[0;32m2025-09-20 17:17:21 - Completed prompt #72[0m
[0;34m2025-09-20 17:17:26 - Generating prompt #73 (Section 5, Prompt 5/17)[0m
[1;33m2025-09-20 17:17:26 - Running prompt generation...[0m
PROMPT GENERATION COMPLETE - Prompt #73
[0;32m2025-09-20 17:17:46 - Completed prompt #73[0m
[0;34m2025-09-20 17:17:51 - Generating prompt #74 (Section 5, Prompt 6/17)[0m
[1;33m2025-09-20 17:17:51 - Running prompt generation...[0m
PROMPT GENERATION COMPLETE - Prompt #74
[0;32m2025-09-20 17:18:17 - Completed prompt #74[0m
[0;34m2025-09-20 17:18:22 - Generating prompt #75 (Section 5, Prompt 7/17)[0m
[1;33m2025-09-20 17:18:22 - Running prompt generation...[0m
PROMPT GENERATION COMPLETE - Prompt #75
[0;32m2025-09-20 17:18:43 - Completed prompt #75[0m
[0;34m2025-09-20 17:18:48 - Generating prompt #76 (Section 5, Prompt 8/17)[0m
[1;33m2025-09-20 17:18:48 - Running prompt generation...[0m
PROMPT GENERATION COMPLETE - Prompt #76
[0;32m2025-09-20 17:19:08 - Completed prompt #76[0m
[0;34m2025-09-20 17:19:13 - Generating prompt #77 (Section 5, Prompt 9/17)[0m
[1;33m2025-09-20 17:19:13 - Running prompt generation...[0m
PROMPT GENERATION COMPLETE - Prompt #77
[0;32m2025-09-20 17:19:33 - Completed prompt #77[0m
[0;34m2025-09-20 17:19:38 - Generating prompt #78 (Section 5, Prompt 10/17)[0m
[1;33m2025-09-20 17:19:38 - Running prompt generation...[0m
PROMPT GENERATION COMPLETE - Prompt #78
[0;32m2025-09-20 17:19:58 - Completed prompt #78[0m
[0;34m2025-09-20 17:20:03 - Generating prompt #79 (Section 5, Prompt 11/17)[0m
[1;33m2025-09-20 17:20:03 - Running prompt generation...[0m
PROMPT GENERATION COMPLETE - Prompt #79
[0;32m2025-09-20 17:20:25 - Completed prompt #79[0m
[0;34m2025-09-20 17:20:30 - Generating prompt #80 (Section 5, Prompt 12/17)[0m
[1;33m2025-09-20 17:20:30 - Running prompt generation...[0m
PROMPT GENERATION COMPLETE - Prompt #80
[0;32m2025-09-20 17:20:54 - Completed prompt #80[0m
[0;34m2025-09-20 17:20:59 - Generating prompt #81 (Section 5, Prompt 13/17)[0m
[1;33m2025-09-20 17:20:59 - Running prompt generation...[0m
PROMPT GENERATION COMPLETE - Prompt #81
[0;32m2025-09-20 17:21:21 - Completed prompt #81[0m
[0;34m2025-09-20 17:21:26 - Generating prompt #82 (Section 5, Prompt 14/17)[0m
[1;33m2025-09-20 17:21:26 - Running prompt generation...[0m
PROMPT GENERATION COMPLETE - Prompt #82
[0;32m2025-09-20 17:21:46 - Completed prompt #82[0m
[0;34m2025-09-20 17:21:52 - Generating prompt #83 (Section 5, Prompt 15/17)[0m
[1;33m2025-09-20 17:21:52 - Running prompt generation...[0m
PROMPT GENERATION COMPLETE - Prompt #83
[0;32m2025-09-20 17:22:12 - Completed prompt #83[0m
[0;34m2025-09-20 17:22:17 - Generating prompt #84 (Section 5, Prompt 16/17)[0m
[1;33m2025-09-20 17:22:17 - Running prompt generation...[0m
PROMPT GENERATION COMPLETE - Prompt #84
[0;32m2025-09-20 17:22:40 - Completed prompt #84[0m
[0;34m2025-09-20 17:22:45 - Generating prompt #85 (Section 5, Prompt 17/17)[0m
[1;33m2025-09-20 17:22:45 - Running prompt generation...[0m
PROMPT GENERATION COMPLETE - Prompt #85
[0;32m2025-09-20 17:23:09 - Completed prompt #85[0m
[0;34m2025-09-20 17:23:14 - Generating prompt #86 (Section 6, Prompt 1/17)[0m
[1;33m2025-09-20 17:23:14 - Running prompt generation...[0m
PROMPT GENERATION COMPLETE - Prompt #86
[0;32m2025-09-20 17:23:35 - Completed prompt #86[0m
[0;34m2025-09-20 17:23:40 - Generating prompt #87 (Section 6, Prompt 2/17)[0m
[1;33m2025-09-20 17:23:40 - Running prompt generation...[0m
PROMPT GENERATION COMPLETE - Prompt #87
[0;32m2025-09-20 17:23:59 - Completed prompt #87[0m
[0;34m2025-09-20 17:24:04 - Generating prompt #88 (Section 6, Prompt 3/17)[0m
[1;33m2025-09-20 17:24:04 - Running prompt generation...[0m
PROMPT GENERATION COMPLETE - Prompt #88
[0;32m2025-09-20 17:24:25 - Completed prompt #88[0m
[0;34m2025-09-20 17:24:30 - Generating prompt #89 (Section 6, Prompt 4/17)[0m
[1;33m2025-09-20 17:24:30 - Running prompt generation...[0m
PROMPT GENERATION COMPLETE - Prompt #89
[0;32m2025-09-20 17:24:51 - Completed prompt #89[0m
[0;34m2025-09-20 17:24:56 - Generating prompt #90 (Section 6, Prompt 5/17)[0m
[1;33m2025-09-20 17:24:57 - Running prompt generation...[0m
PROMPT GENERATION COMPLETE - Prompt #90
[0;32m2025-09-20 17:25:20 - Completed prompt #90[0m
[0;34m2025-09-20 17:25:25 - Generating prompt #91 (Section 6, Prompt 6/17)[0m
[1;33m2025-09-20 17:25:25 - Running prompt generation...[0m
PROMPT GENERATION COMPLETE - Prompt #91
[0;32m2025-09-20 17:25:48 - Completed prompt #91[0m
[0;34m2025-09-20 17:25:53 - Generating prompt #92 (Section 6, Prompt 7/17)[0m
[1;33m2025-09-20 17:25:53 - Running prompt generation...[0m
PROMPT GENERATION COMPLETE - Prompt #92
[0;32m2025-09-20 17:26:14 - Completed prompt #92[0m
[0;34m2025-09-20 17:26:19 - Generating prompt #93 (Section 6, Prompt 8/17)[0m
[1;33m2025-09-20 17:26:19 - Running prompt generation...[0m
PROMPT GENERATION COMPLETE - Prompt #93
[0;32m2025-09-20 17:26:40 - Completed prompt #93[0m
[0;34m2025-09-20 17:26:45 - Generating prompt #94 (Section 6, Prompt 9/17)[0m
[1;33m2025-09-20 17:26:45 - Running prompt generation...[0m
PROMPT GENERATION COMPLETE - Prompt #94
[0;32m2025-09-20 17:27:06 - Completed prompt #94[0m
[0;34m2025-09-20 17:27:11 - Generating prompt #95 (Section 6, Prompt 10/17)[0m
[1;33m2025-09-20 17:27:11 - Running prompt generation...[0m
PROMPT GENERATION COMPLETE - Prompt #95
[0;32m2025-09-20 17:27:32 - Completed prompt #95[0m
[0;34m2025-09-20 17:27:37 - Generating prompt #96 (Section 6, Prompt 11/17)[0m
[1;33m2025-09-20 17:27:37 - Running prompt generation...[0m
PROMPT GENERATION COMPLETE - Prompt #96
[0;32m2025-09-20 17:27:57 - Completed prompt #96[0m
[0;34m2025-09-20 17:28:02 - Generating prompt #97 (Section 6, Prompt 12/17)[0m
[1;33m2025-09-20 17:28:02 - Running prompt generation...[0m
PROMPT GENERATION COMPLETE - Prompt #97
[0;32m2025-09-20 17:28:22 - Completed prompt #97[0m
[0;34m2025-09-20 17:28:27 - Generating prompt #98 (Section 6, Prompt 13/17)[0m
[1;33m2025-09-20 17:28:27 - Running prompt generation...[0m
PROMPT GENERATION COMPLETE - Prompt #98
[0;32m2025-09-20 17:28:51 - Completed prompt #98[0m
[0;34m2025-09-20 17:28:56 - Generating prompt #99 (Section 6, Prompt 14/17)[0m
[1;33m2025-09-20 17:28:56 - Running prompt generation...[0m
PROMPT GENERATION COMPLETE - Prompt #99
[0;32m2025-09-20 17:29:17 - Completed prompt #99[0m
[0;34m2025-09-20 17:29:22 - Generating prompt #100 (Section 6, Prompt 15/17)[0m
[1;33m2025-09-20 17:29:22 - Running prompt generation...[0m
PROMPT GENERATION COMPLETE - Prompt #100
[0;32m2025-09-20 17:29:46 - Completed prompt #100[0m
[0;34m2025-09-20 17:29:51 - Generating prompt #101 (Section 6, Prompt 16/17)[0m
[1;33m2025-09-20 17:29:51 - Running prompt generation...[0m
PROMPT GENERATION COMPLETE - Prompt #101
[0;32m2025-09-20 17:30:13 - Completed prompt #101[0m
[0;34m2025-09-20 17:30:18 - Generating prompt #102 (Section 6, Prompt 17/17)[0m
[1;33m2025-09-20 17:30:18 - Running prompt generation...[0m
PROMPT GENERATION COMPLETE - Prompt #102
[0;32m2025-09-20 17:30:38 - Completed prompt #102[0m
