[0;34m2025-09-19 19:03:08 - Starting Prompt Generation Cycle for template: health-wellness[0m
[0;32m2025-09-19 19:03:08 - Using existing worktree: ../templata-health-wellness[0m
[1;33m2025-09-19 19:03:08 - Creating template prompt file: prompts-health-wellness.ts[0m
[0;34m2025-09-19 19:11:38 - Starting Prompt Generation Cycle for template: health-wellness[0m
[0;32m2025-09-19 19:11:38 - Using existing worktree: ../templata-health-wellness[0m
[1;33m2025-09-19 19:11:38 - Creating template prompt file: prompts-health-wellness.ts[0m
[0;34m2025-09-19 19:16:39 - Starting Prompt Generation Cycle for template: health-wellness[0m
[0;32m2025-09-19 19:16:39 - Using existing worktree: ../templata-health-wellness[0m
[1;33m2025-09-19 19:16:39 - Creating template prompt file: prompts-health-wellness.ts[0m
[0;32m2025-09-19 19:16:39 - Created template prompt file: ../templata-health-wellness/src/data/prompts-health-wellness.ts[0m
[0;34m2025-09-19 19:16:39 - Generating prompt #1 (Section 1, Prompt 1/17)[0m
[1;33m2025-09-19 19:16:39 - Running prompt generation...[0m
PROMPT GENERATION COMPLETE - Prompt #1
[0;32m2025-09-19 19:17:01 - Completed prompt #1[0m
[0;34m2025-09-19 19:17:06 - Generating prompt #2 (Section 1, Prompt 2/17)[0m
[1;33m2025-09-19 19:17:07 - Running prompt generation...[0m
PROMPT GENERATION COMPLETE - Prompt #2
[0;32m2025-09-19 19:17:35 - Completed prompt #2[0m
[0;34m2025-09-19 19:17:40 - Generating prompt #3 (Section 1, Prompt 3/17)[0m
[1;33m2025-09-19 19:17:40 - Running prompt generation...[0m
PROMPT GENERATION COMPLETE - Prompt #3
[0;32m2025-09-19 19:18:04 - Completed prompt #3[0m
[0;34m2025-09-19 19:18:09 - Generating prompt #4 (Section 1, Prompt 4/17)[0m
[1;33m2025-09-19 19:18:09 - Running prompt generation...[0m
PROMPT GENERATION COMPLETE - Prompt #4
[0;32m2025-09-19 19:18:33 - Completed prompt #4[0m
[0;34m2025-09-19 19:18:38 - Generating prompt #5 (Section 1, Prompt 5/17)[0m
[1;33m2025-09-19 19:18:38 - Running prompt generation...[0m
PROMPT GENERATION COMPLETE - Prompt #5
[0;32m2025-09-19 19:19:03 - Completed prompt #5[0m
[0;34m2025-09-19 19:19:08 - Generating prompt #6 (Section 1, Prompt 6/17)[0m
[1;33m2025-09-19 19:19:08 - Running prompt generation...[0m
PROMPT GENERATION COMPLETE - Prompt #6
[0;32m2025-09-19 19:19:34 - Completed prompt #6[0m
[0;34m2025-09-19 19:19:39 - Generating prompt #7 (Section 1, Prompt 7/17)[0m
[1;33m2025-09-19 19:19:39 - Running prompt generation...[0m
PROMPT GENERATION COMPLETE - Prompt #7
[0;32m2025-09-19 19:20:03 - Completed prompt #7[0m
[0;34m2025-09-19 19:20:08 - Generating prompt #8 (Section 1, Prompt 8/17)[0m
[1;33m2025-09-19 19:20:08 - Running prompt generation...[0m
PROMPT GENERATION COMPLETE - Prompt #8
[0;32m2025-09-19 19:20:34 - Completed prompt #8[0m
[0;34m2025-09-19 19:20:39 - Generating prompt #9 (Section 1, Prompt 9/17)[0m
[1;33m2025-09-19 19:20:39 - Running prompt generation...[0m
PROMPT GENERATION COMPLETE - Prompt #9
[0;32m2025-09-19 19:21:08 - Completed prompt #9[0m
[0;34m2025-09-19 19:21:13 - Generating prompt #10 (Section 1, Prompt 10/17)[0m
[1;33m2025-09-19 19:21:13 - Running prompt generation...[0m
PROMPT GENERATION COMPLETE - Prompt #10
[0;32m2025-09-19 19:21:42 - Completed prompt #10[0m
[0;34m2025-09-19 19:21:47 - Generating prompt #11 (Section 1, Prompt 11/17)[0m
[1;33m2025-09-19 19:21:47 - Running prompt generation...[0m
PROMPT GENERATION COMPLETE - Prompt #11
[0;32m2025-09-19 19:22:15 - Completed prompt #11[0m
[0;34m2025-09-19 19:22:20 - Generating prompt #12 (Section 1, Prompt 12/17)[0m
[1;33m2025-09-19 19:22:20 - Running prompt generation...[0m
PROMPT GENERATION COMPLETE - Prompt #12
[0;32m2025-09-19 19:22:51 - Completed prompt #12[0m
[0;34m2025-09-19 19:22:56 - Generating prompt #13 (Section 1, Prompt 13/17)[0m
[1;33m2025-09-19 19:22:56 - Running prompt generation...[0m
PROMPT GENERATION COMPLETE - Prompt #13
[0;32m2025-09-19 19:23:25 - Completed prompt #13[0m
[0;34m2025-09-19 19:23:30 - Generating prompt #14 (Section 1, Prompt 14/17)[0m
[1;33m2025-09-19 19:23:30 - Running prompt generation...[0m
PROMPT GENERATION COMPLETE - Prompt #14
[0;32m2025-09-19 19:24:02 - Completed prompt #14[0m
[0;34m2025-09-19 19:24:08 - Generating prompt #15 (Section 1, Prompt 15/17)[0m
[1;33m2025-09-19 19:24:08 - Running prompt generation...[0m
PROMPT GENERATION COMPLETE - Prompt #15
[0;32m2025-09-19 19:24:35 - Completed prompt #15[0m
[0;34m2025-09-19 19:24:40 - Generating prompt #16 (Section 1, Prompt 16/17)[0m
[1;33m2025-09-19 19:24:40 - Running prompt generation...[0m
PROMPT GENERATION COMPLETE - Prompt #16
[0;34m2025-09-20 00:04:17 - Starting Prompt Generation Cycle for template: health-wellness[0m
[0;32m2025-09-20 00:04:17 - Using existing worktree: ../templata-health-wellness[0m
[0;34m2025-09-20 00:04:17 - Generating prompt #17 (Section 1, Prompt 17/17)[0m
[1;33m2025-09-20 00:04:17 - Running prompt generation...[0m
PROMPT GENERATION COMPLETE - Prompt #17
[0;32m2025-09-20 00:04:45 - Completed prompt #17[0m
[0;34m2025-09-20 00:04:50 - Generating prompt #18 (Section 2, Prompt 1/17)[0m
[1;33m2025-09-20 00:04:51 - Running prompt generation...[0m
PROMPT GENERATION COMPLETE - Prompt #18
[0;32m2025-09-20 00:05:39 - Completed prompt #18[0m
[0;34m2025-09-20 00:05:45 - Generating prompt #19 (Section 2, Prompt 2/17)[0m
[1;33m2025-09-20 00:05:45 - Running prompt generation...[0m
PROMPT GENERATION COMPLETE - Prompt #19
[0;32m2025-09-20 00:06:27 - Completed prompt #19[0m
[0;34m2025-09-20 00:06:32 - Generating prompt #20 (Section 2, Prompt 3/17)[0m
[1;33m2025-09-20 00:06:32 - Running prompt generation...[0m
PROMPT GENERATION COMPLETE - Prompt #20
[0;32m2025-09-20 00:07:15 - Completed prompt #20[0m
[0;34m2025-09-20 00:07:20 - Generating prompt #21 (Section 2, Prompt 4/17)[0m
[1;33m2025-09-20 00:07:20 - Running prompt generation...[0m
PROMPT GENERATION COMPLETE - Prompt #21
[0;32m2025-09-20 00:07:50 - Completed prompt #21[0m
[0;34m2025-09-20 00:07:55 - Generating prompt #22 (Section 2, Prompt 5/17)[0m
[1;33m2025-09-20 00:07:56 - Running prompt generation...[0m
PROMPT GENERATION COMPLETE - Prompt #22
[0;32m2025-09-20 00:08:33 - Completed prompt #22[0m
[0;34m2025-09-20 00:08:38 - Generating prompt #23 (Section 2, Prompt 6/17)[0m
[1;33m2025-09-20 00:08:38 - Running prompt generation...[0m
PROMPT GENERATION COMPLETE - Prompt #23
[0;32m2025-09-20 00:09:21 - Completed prompt #23[0m
[0;34m2025-09-20 00:09:27 - Generating prompt #24 (Section 2, Prompt 7/17)[0m
[1;33m2025-09-20 00:09:27 - Running prompt generation...[0m
PROMPT GENERATION COMPLETE - Prompt #24
[0;32m2025-09-20 00:09:58 - Completed prompt #24[0m
[0;34m2025-09-20 00:10:03 - Generating prompt #25 (Section 2, Prompt 8/17)[0m
[1;33m2025-09-20 00:10:04 - Running prompt generation...[0m
PROMPT GENERATION COMPLETE - Prompt #25
[0;32m2025-09-20 00:10:43 - Completed prompt #25[0m
[0;34m2025-09-20 00:10:48 - Generating prompt #26 (Section 2, Prompt 9/17)[0m
[1;33m2025-09-20 00:10:48 - Running prompt generation...[0m
PROMPT GENERATION COMPLETE - Prompt #26
[0;32m2025-09-20 00:11:21 - Completed prompt #26[0m
[0;34m2025-09-20 00:11:26 - Generating prompt #27 (Section 2, Prompt 10/17)[0m
[1;33m2025-09-20 00:11:27 - Running prompt generation...[0m
[0;34m2025-09-20 00:11:44 - Starting Prompt Generation Cycle for template: health-wellness[0m
[0;32m2025-09-20 00:11:44 - Using existing worktree: ../templata-health-wellness[0m
[0;34m2025-09-20 00:11:44 - Generating prompt #27 (Section 2, Prompt 10/17)[0m
[1;33m2025-09-20 00:11:45 - Running prompt generation...[0m
PROMPT GENERATION COMPLETE - Prompt #27
[0;32m2025-09-20 00:12:43 - Completed prompt #27[0m
[0;34m2025-09-20 00:12:50 - Generating prompt #28 (Section 2, Prompt 11/17)[0m
[1;33m2025-09-20 00:12:52 - Running prompt generation...[0m
[0;34m2025-09-21 09:57:04 - Starting Prompt Generation Cycle for template: health-wellness[0m
[1;33m2025-09-21 09:57:04 - Override flag detected - resetting progress and recreating files[0m
[0;32m2025-09-21 09:57:04 - Progress reset to 0 for template: health-wellness[0m
[0;32m2025-09-21 09:57:04 - Using existing worktree: ../templata-health-wellness[0m
[1;33m2025-09-21 09:57:04 - Override flag detected - recreating template prompt file: prompts-health-wellness.ts[0m
[0;32m2025-09-21 09:57:04 - Created template prompt file: ../templata-health-wellness/src/data/prompts-health-wellness.ts[0m
[0;34m2025-09-21 09:57:04 - Generating prompt #1 (Section 1, Prompt 1/17)[0m
[1;33m2025-09-21 09:57:04 - Running prompt generation...[0m
PROMPT GENERATION COMPLETE - Prompt #1
[0;32m2025-09-21 09:57:34 - Completed prompt #1[0m
[0;34m2025-09-21 09:57:40 - Generating prompt #2 (Section 1, Prompt 2/17)[0m
[1;33m2025-09-21 09:57:40 - Running prompt generation...[0m
PROMPT GENERATION COMPLETE - Prompt #2
[0;32m2025-09-21 09:58:06 - Completed prompt #2[0m
[0;34m2025-09-21 09:58:11 - Generating prompt #3 (Section 1, Prompt 3/17)[0m
[1;33m2025-09-21 09:58:11 - Running prompt generation...[0m
PROMPT GENERATION COMPLETE - Prompt #3
[0;32m2025-09-21 09:58:34 - Completed prompt #3[0m
[0;34m2025-09-21 09:58:39 - Generating prompt #4 (Section 1, Prompt 4/17)[0m
[1;33m2025-09-21 09:58:40 - Running prompt generation...[0m
PROMPT GENERATION COMPLETE - Prompt #4
[0;32m2025-09-21 09:59:05 - Completed prompt #4[0m
[0;34m2025-09-21 09:59:10 - Generating prompt #5 (Section 1, Prompt 5/17)[0m
[1;33m2025-09-21 09:59:10 - Running prompt generation...[0m
PROMPT GENERATION COMPLETE - Prompt #5
[0;32m2025-09-21 09:59:31 - Completed prompt #5[0m
[0;34m2025-09-21 09:59:36 - Generating prompt #6 (Section 1, Prompt 6/17)[0m
[1;33m2025-09-21 09:59:36 - Running prompt generation...[0m
PROMPT GENERATION COMPLETE - Prompt #6
[0;32m2025-09-21 09:59:59 - Completed prompt #6[0m
[0;34m2025-09-21 10:00:04 - Generating prompt #7 (Section 1, Prompt 7/17)[0m
[1;33m2025-09-21 10:00:04 - Running prompt generation...[0m
PROMPT GENERATION COMPLETE - Prompt #7
[0;32m2025-09-21 10:00:28 - Completed prompt #7[0m
[0;34m2025-09-21 10:00:33 - Generating prompt #8 (Section 1, Prompt 8/17)[0m
[1;33m2025-09-21 10:00:33 - Running prompt generation...[0m
PROMPT GENERATION COMPLETE - Prompt #8
[0;32m2025-09-21 10:00:56 - Completed prompt #8[0m
[0;34m2025-09-21 10:01:01 - Generating prompt #9 (Section 1, Prompt 9/17)[0m
[1;33m2025-09-21 10:01:01 - Running prompt generation...[0m
PROMPT GENERATION COMPLETE - Prompt #9
[0;32m2025-09-21 10:01:23 - Completed prompt #9[0m
[0;34m2025-09-21 10:01:28 - Generating prompt #10 (Section 1, Prompt 10/17)[0m
[1;33m2025-09-21 10:01:28 - Running prompt generation...[0m
PROMPT GENERATION COMPLETE - Prompt #10
[0;32m2025-09-21 10:01:50 - Completed prompt #10[0m
[0;34m2025-09-21 10:01:55 - Generating prompt #11 (Section 1, Prompt 11/17)[0m
[1;33m2025-09-21 10:01:55 - Running prompt generation...[0m
PROMPT GENERATION COMPLETE - Prompt #11
[0;32m2025-09-21 10:02:16 - Completed prompt #11[0m
[0;34m2025-09-21 10:02:21 - Generating prompt #12 (Section 1, Prompt 12/17)[0m
[1;33m2025-09-21 10:02:21 - Running prompt generation...[0m
PROMPT GENERATION COMPLETE - Prompt #12
[0;32m2025-09-21 10:02:44 - Completed prompt #12[0m
[0;34m2025-09-21 10:02:49 - Generating prompt #13 (Section 1, Prompt 13/17)[0m
[1;33m2025-09-21 10:02:49 - Running prompt generation...[0m
PROMPT GENERATION COMPLETE - Prompt #13
[0;32m2025-09-21 10:03:10 - Completed prompt #13[0m
[0;34m2025-09-21 10:03:15 - Generating prompt #14 (Section 1, Prompt 14/17)[0m
[1;33m2025-09-21 10:03:15 - Running prompt generation...[0m
PROMPT GENERATION COMPLETE - Prompt #14
[0;32m2025-09-21 10:03:34 - Completed prompt #14[0m
[0;34m2025-09-21 10:03:39 - Generating prompt #15 (Section 1, Prompt 15/17)[0m
[1;33m2025-09-21 10:03:39 - Running prompt generation...[0m
PROMPT GENERATION COMPLETE - Prompt #15
[0;32m2025-09-21 10:04:00 - Completed prompt #15[0m
[0;34m2025-09-21 10:04:05 - Generating prompt #16 (Section 1, Prompt 16/17)[0m
[1;33m2025-09-21 10:04:05 - Running prompt generation...[0m
PROMPT GENERATION COMPLETE - Prompt #16
[0;32m2025-09-21 10:04:26 - Completed prompt #16[0m
[0;34m2025-09-21 10:04:31 - Generating prompt #17 (Section 1, Prompt 17/17)[0m
[1;33m2025-09-21 10:04:31 - Running prompt generation...[0m
PROMPT GENERATION COMPLETE - Prompt #17
[0;32m2025-09-21 10:04:51 - Completed prompt #17[0m
[0;34m2025-09-21 10:04:56 - Generating prompt #18 (Section 2, Prompt 1/17)[0m
[1;33m2025-09-21 10:04:56 - Running prompt generation...[0m
PROMPT GENERATION COMPLETE - Prompt #18
[0;32m2025-09-21 10:05:15 - Completed prompt #18[0m
[0;34m2025-09-21 10:05:21 - Generating prompt #19 (Section 2, Prompt 2/17)[0m
[1;33m2025-09-21 10:05:21 - Running prompt generation...[0m
PROMPT GENERATION COMPLETE - Prompt #19
[0;32m2025-09-21 10:05:42 - Completed prompt #19[0m
[0;34m2025-09-21 10:05:47 - Generating prompt #20 (Section 2, Prompt 3/17)[0m
[1;33m2025-09-21 10:05:47 - Running prompt generation...[0m
PROMPT GENERATION COMPLETE - Prompt #20
[0;32m2025-09-21 10:06:08 - Completed prompt #20[0m
[0;34m2025-09-21 10:06:13 - Generating prompt #21 (Section 2, Prompt 4/17)[0m
[1;33m2025-09-21 10:06:13 - Running prompt generation...[0m
PROMPT GENERATION COMPLETE - Prompt #21
[0;32m2025-09-21 10:06:33 - Completed prompt #21[0m
[0;34m2025-09-21 10:06:38 - Generating prompt #22 (Section 2, Prompt 5/17)[0m
[1;33m2025-09-21 10:06:39 - Running prompt generation...[0m
PROMPT GENERATION COMPLETE - Prompt #22
[0;32m2025-09-21 10:07:00 - Completed prompt #22[0m
[0;34m2025-09-21 10:07:05 - Generating prompt #23 (Section 2, Prompt 6/17)[0m
[1;33m2025-09-21 10:07:05 - Running prompt generation...[0m
PROMPT GENERATION COMPLETE - Prompt #23
[0;32m2025-09-21 10:07:30 - Completed prompt #23[0m
[0;34m2025-09-21 10:07:35 - Generating prompt #24 (Section 2, Prompt 7/17)[0m
[1;33m2025-09-21 10:07:35 - Running prompt generation...[0m
PROMPT GENERATION COMPLETE - Prompt #24
[0;32m2025-09-21 10:07:58 - Completed prompt #24[0m
[0;34m2025-09-21 10:08:03 - Generating prompt #25 (Section 2, Prompt 8/17)[0m
[1;33m2025-09-21 10:08:03 - Running prompt generation...[0m
PROMPT GENERATION COMPLETE - Prompt #25
[0;32m2025-09-21 10:08:25 - Completed prompt #25[0m
[0;34m2025-09-21 10:08:30 - Generating prompt #26 (Section 2, Prompt 9/17)[0m
[1;33m2025-09-21 10:08:30 - Running prompt generation...[0m
PROMPT GENERATION COMPLETE - Prompt #26
[0;32m2025-09-21 10:08:52 - Completed prompt #26[0m
[0;34m2025-09-21 10:08:57 - Generating prompt #27 (Section 2, Prompt 10/17)[0m
[1;33m2025-09-21 10:08:57 - Running prompt generation...[0m
PROMPT GENERATION COMPLETE - Prompt #27
[0;32m2025-09-21 10:09:19 - Completed prompt #27[0m
[0;34m2025-09-21 10:09:24 - Generating prompt #28 (Section 2, Prompt 11/17)[0m
[1;33m2025-09-21 10:09:24 - Running prompt generation...[0m
PROMPT GENERATION COMPLETE - Prompt #28
[0;32m2025-09-21 10:09:47 - Completed prompt #28[0m
[0;34m2025-09-21 10:09:52 - Generating prompt #29 (Section 2, Prompt 12/17)[0m
[1;33m2025-09-21 10:09:52 - Running prompt generation...[0m
PROMPT GENERATION COMPLETE - Prompt #29
[0;32m2025-09-21 10:10:22 - Completed prompt #29[0m
[0;34m2025-09-21 10:10:27 - Generating prompt #30 (Section 2, Prompt 13/17)[0m
[1;33m2025-09-21 10:10:28 - Running prompt generation...[0m
PROMPT GENERATION COMPLETE - Prompt #30
[0;32m2025-09-21 10:10:50 - Completed prompt #30[0m
[0;34m2025-09-21 10:10:55 - Generating prompt #31 (Section 2, Prompt 14/17)[0m
[1;33m2025-09-21 10:10:55 - Running prompt generation...[0m
<invoke name="Edit">
<parameter name="file_path">/Users/ikim1/Documents/GitHub/templata-health-wellness/src/data/prompts-health-wellness.ts</parameter>
<parameter name="old_string">  }
];</parameter>
<parameter name="new_string">  },
  {
    id: 'prompt-31',
    prompt: 'Create a detailed meal planning and grocery shopping system by researching healthy recipes, calculating nutritional needs, and designing weekly meal templates with corresponding shopping lists',
    category: 'planning',
    helpText: 'Systematic meal planning is essential for maintaining consistent nutrition while managing time and budget effectively, forming the foundation of successful long-term wellness habits. Research nutritious recipes that fit your dietary preferences and schedule constraints, calculate your daily caloric and nutrient needs based on activity level, and create reusable weekly templates with organized shopping lists. This comprehensive planning approach eliminates daily food decision fatigue and ensures you always have the ingredients needed for healthy meals.'
  }
];</parameter>
</invoke>
[0;32m2025-09-21 10:11:11 - Completed prompt #31[0m
[0;34m2025-09-21 10:11:16 - Generating prompt #32 (Section 2, Prompt 15/17)[0m
[1;33m2025-09-21 10:11:16 - Running prompt generation...[0m
PROMPT GENERATION COMPLETE - Prompt #32
[0;32m2025-09-21 10:11:42 - Completed prompt #32[0m
[0;34m2025-09-21 10:11:47 - Generating prompt #33 (Section 2, Prompt 16/17)[0m
[1;33m2025-09-21 10:11:47 - Running prompt generation...[0m
PROMPT GENERATION COMPLETE - Prompt #33
[0;32m2025-09-21 10:12:09 - Completed prompt #33[0m
[0;34m2025-09-21 10:12:14 - Generating prompt #34 (Section 2, Prompt 17/17)[0m
[1;33m2025-09-21 10:12:14 - Running prompt generation...[0m
PROMPT GENERATION COMPLETE - Prompt #34
[0;32m2025-09-21 10:12:35 - Completed prompt #34[0m
[0;34m2025-09-21 10:12:40 - Generating prompt #35 (Section 3, Prompt 1/17)[0m
[1;33m2025-09-21 10:12:40 - Running prompt generation...[0m
PROMPT GENERATION COMPLETE - Prompt #35
[0;32m2025-09-21 10:13:05 - Completed prompt #35[0m
[0;34m2025-09-21 10:13:10 - Generating prompt #36 (Section 3, Prompt 2/17)[0m
[1;33m2025-09-21 10:13:10 - Running prompt generation...[0m
PROMPT GENERATION COMPLETE - Prompt #36
[0;32m2025-09-21 10:13:34 - Completed prompt #36[0m
[0;34m2025-09-21 10:13:39 - Generating prompt #37 (Section 3, Prompt 3/17)[0m
[1;33m2025-09-21 10:13:39 - Running prompt generation...[0m
PROMPT GENERATION COMPLETE - Prompt #37
[0;32m2025-09-21 10:13:59 - Completed prompt #37[0m
[0;34m2025-09-21 10:14:04 - Generating prompt #38 (Section 3, Prompt 4/17)[0m
[1;33m2025-09-21 10:14:04 - Running prompt generation...[0m
PROMPT GENERATION COMPLETE - Prompt #38
[0;32m2025-09-21 10:14:26 - Completed prompt #38[0m
[0;34m2025-09-21 10:14:31 - Generating prompt #39 (Section 3, Prompt 5/17)[0m
[1;33m2025-09-21 10:14:31 - Running prompt generation...[0m
PROMPT GENERATION COMPLETE - Prompt #39
[0;32m2025-09-21 10:14:54 - Completed prompt #39[0m
[0;34m2025-09-21 10:14:59 - Generating prompt #40 (Section 3, Prompt 6/17)[0m
[1;33m2025-09-21 10:14:59 - Running prompt generation...[0m
PROMPT GENERATION COMPLETE - Prompt #40
[0;32m2025-09-21 10:15:20 - Completed prompt #40[0m
[0;34m2025-09-21 10:15:25 - Generating prompt #41 (Section 3, Prompt 7/17)[0m
[1;33m2025-09-21 10:15:25 - Running prompt generation...[0m
PROMPT GENERATION COMPLETE - Prompt #41
[0;32m2025-09-21 10:15:45 - Completed prompt #41[0m
[0;34m2025-09-21 10:15:50 - Generating prompt #42 (Section 3, Prompt 8/17)[0m
[1;33m2025-09-21 10:15:50 - Running prompt generation...[0m
PROMPT GENERATION COMPLETE - Prompt #42
[0;32m2025-09-21 10:16:12 - Completed prompt #42[0m
[0;34m2025-09-21 10:16:17 - Generating prompt #43 (Section 3, Prompt 9/17)[0m
[1;33m2025-09-21 10:16:17 - Running prompt generation...[0m
PROMPT GENERATION COMPLETE - Prompt #43
[0;32m2025-09-21 10:16:38 - Completed prompt #43[0m
[0;34m2025-09-21 10:16:43 - Generating prompt #44 (Section 3, Prompt 10/17)[0m
[1;33m2025-09-21 10:16:43 - Running prompt generation...[0m
PROMPT GENERATION COMPLETE - Prompt #44
[0;32m2025-09-21 10:17:06 - Completed prompt #44[0m
[0;34m2025-09-21 10:17:11 - Generating prompt #45 (Section 3, Prompt 11/17)[0m
[1;33m2025-09-21 10:17:11 - Running prompt generation...[0m
PROMPT GENERATION COMPLETE - Prompt #45
[0;32m2025-09-21 10:17:32 - Completed prompt #45[0m
[0;34m2025-09-21 10:17:37 - Generating prompt #46 (Section 3, Prompt 12/17)[0m
[1;33m2025-09-21 10:17:37 - Running prompt generation...[0m
PROMPT GENERATION COMPLETE - Prompt #46
[0;32m2025-09-21 10:17:59 - Completed prompt #46[0m
[0;34m2025-09-21 10:18:04 - Generating prompt #47 (Section 3, Prompt 13/17)[0m
[1;33m2025-09-21 10:18:04 - Running prompt generation...[0m
PROMPT GENERATION COMPLETE - Prompt #47
[0;32m2025-09-21 10:18:30 - Completed prompt #47[0m
[0;34m2025-09-21 10:18:35 - Generating prompt #48 (Section 3, Prompt 14/17)[0m
[1;33m2025-09-21 10:18:35 - Running prompt generation...[0m
PROMPT GENERATION COMPLETE - Prompt #48
[0;32m2025-09-21 10:18:58 - Completed prompt #48[0m
[0;34m2025-09-21 10:19:03 - Generating prompt #49 (Section 3, Prompt 15/17)[0m
[1;33m2025-09-21 10:19:03 - Running prompt generation...[0m
PROMPT GENERATION COMPLETE - Prompt #49
[0;32m2025-09-21 10:19:23 - Completed prompt #49[0m
[0;34m2025-09-21 10:19:29 - Generating prompt #50 (Section 3, Prompt 16/17)[0m
[1;33m2025-09-21 10:19:29 - Running prompt generation...[0m
PROMPT GENERATION COMPLETE - Prompt #50
[0;32m2025-09-21 10:19:50 - Completed prompt #50[0m
[0;34m2025-09-21 10:19:55 - Generating prompt #51 (Section 3, Prompt 17/17)[0m
[1;33m2025-09-21 10:19:55 - Running prompt generation...[0m
PROMPT GENERATION COMPLETE - Prompt #51
[0;32m2025-09-21 10:20:16 - Completed prompt #51[0m
[0;34m2025-09-21 10:20:21 - Generating prompt #52 (Section 4, Prompt 1/17)[0m
[1;33m2025-09-21 10:20:21 - Running prompt generation...[0m
PROMPT GENERATION COMPLETE - Prompt #52
[0;32m2025-09-21 10:20:43 - Completed prompt #52[0m
[0;34m2025-09-21 10:20:48 - Generating prompt #53 (Section 4, Prompt 2/17)[0m
[1;33m2025-09-21 10:20:48 - Running prompt generation...[0m
PROMPT GENERATION COMPLETE - Prompt #53
[0;32m2025-09-21 10:21:10 - Completed prompt #53[0m
[0;34m2025-09-21 10:21:15 - Generating prompt #54 (Section 4, Prompt 3/17)[0m
[1;33m2025-09-21 10:21:15 - Running prompt generation...[0m
PROMPT GENERATION COMPLETE - Prompt #54
[0;32m2025-09-21 10:21:45 - Completed prompt #54[0m
[0;34m2025-09-21 10:21:50 - Generating prompt #55 (Section 4, Prompt 4/17)[0m
[1;33m2025-09-21 10:21:50 - Running prompt generation...[0m
PROMPT GENERATION COMPLETE - Prompt #55
[0;32m2025-09-21 10:22:12 - Completed prompt #55[0m
[0;34m2025-09-21 10:22:17 - Generating prompt #56 (Section 4, Prompt 5/17)[0m
[1;33m2025-09-21 10:22:17 - Running prompt generation...[0m
PROMPT GENERATION COMPLETE - Prompt #56
[0;32m2025-09-21 10:22:39 - Completed prompt #56[0m
[0;34m2025-09-21 10:22:44 - Generating prompt #57 (Section 4, Prompt 6/17)[0m
[1;33m2025-09-21 10:22:44 - Running prompt generation...[0m
PROMPT GENERATION COMPLETE - Prompt #57
[0;32m2025-09-21 10:23:07 - Completed prompt #57[0m
[0;34m2025-09-21 10:23:12 - Generating prompt #58 (Section 4, Prompt 7/17)[0m
[1;33m2025-09-21 10:23:12 - Running prompt generation...[0m
PROMPT GENERATION COMPLETE - Prompt #58
[0;32m2025-09-21 10:23:35 - Completed prompt #58[0m
[0;34m2025-09-21 10:23:40 - Generating prompt #59 (Section 4, Prompt 8/17)[0m
[1;33m2025-09-21 10:23:40 - Running prompt generation...[0m
PROMPT GENERATION COMPLETE - Prompt #59
[0;32m2025-09-21 10:24:02 - Completed prompt #59[0m
[0;34m2025-09-21 10:24:07 - Generating prompt #60 (Section 4, Prompt 9/17)[0m
[1;33m2025-09-21 10:24:07 - Running prompt generation...[0m
PROMPT GENERATION COMPLETE - Prompt #60
[0;32m2025-09-21 10:24:28 - Completed prompt #60[0m
[0;34m2025-09-21 10:24:34 - Generating prompt #61 (Section 4, Prompt 10/17)[0m
[1;33m2025-09-21 10:24:34 - Running prompt generation...[0m
PROMPT GENERATION COMPLETE - Prompt #61
[0;32m2025-09-21 10:24:54 - Completed prompt #61[0m
[0;34m2025-09-21 10:24:59 - Generating prompt #62 (Section 4, Prompt 11/17)[0m
[1;33m2025-09-21 10:24:59 - Running prompt generation...[0m
PROMPT GENERATION COMPLETE - Prompt #62
[0;32m2025-09-21 10:25:18 - Completed prompt #62[0m
[0;34m2025-09-21 10:25:23 - Generating prompt #63 (Section 4, Prompt 12/17)[0m
[1;33m2025-09-21 10:25:23 - Running prompt generation...[0m
PROMPT GENERATION COMPLETE - Prompt #63
[0;32m2025-09-21 10:25:46 - Completed prompt #63[0m
[0;34m2025-09-21 10:25:51 - Generating prompt #64 (Section 4, Prompt 13/17)[0m
[1;33m2025-09-21 10:25:51 - Running prompt generation...[0m
PROMPT GENERATION COMPLETE - Prompt #64
[0;32m2025-09-21 10:26:14 - Completed prompt #64[0m
[0;34m2025-09-21 10:26:19 - Generating prompt #65 (Section 4, Prompt 14/17)[0m
[1;33m2025-09-21 10:26:19 - Running prompt generation...[0m
PROMPT GENERATION COMPLETE - Prompt #65
[0;32m2025-09-21 10:26:42 - Completed prompt #65[0m
[0;34m2025-09-21 10:26:47 - Generating prompt #66 (Section 4, Prompt 15/17)[0m
[1;33m2025-09-21 10:26:47 - Running prompt generation...[0m
PROMPT GENERATION COMPLETE - Prompt #66
[0;32m2025-09-21 10:27:10 - Completed prompt #66[0m
[0;34m2025-09-21 10:27:15 - Generating prompt #67 (Section 4, Prompt 16/17)[0m
[1;33m2025-09-21 10:27:15 - Running prompt generation...[0m
PROMPT GENERATION COMPLETE - Prompt #67
[0;32m2025-09-21 10:27:39 - Completed prompt #67[0m
[0;34m2025-09-21 10:27:44 - Generating prompt #68 (Section 4, Prompt 17/17)[0m
[1;33m2025-09-21 10:27:44 - Running prompt generation...[0m
PROMPT GENERATION COMPLETE - Prompt #68
[0;32m2025-09-21 10:28:07 - Completed prompt #68[0m
[0;34m2025-09-21 10:28:12 - Generating prompt #69 (Section 5, Prompt 1/17)[0m
[1;33m2025-09-21 10:28:12 - Running prompt generation...[0m
PROMPT GENERATION COMPLETE - Prompt #69
[0;32m2025-09-21 10:28:35 - Completed prompt #69[0m
[0;34m2025-09-21 10:28:40 - Generating prompt #70 (Section 5, Prompt 2/17)[0m
[1;33m2025-09-21 10:28:40 - Running prompt generation...[0m
PROMPT GENERATION COMPLETE - Prompt #70
[0;32m2025-09-21 10:29:04 - Completed prompt #70[0m
[0;34m2025-09-21 10:29:09 - Generating prompt #71 (Section 5, Prompt 3/17)[0m
[1;33m2025-09-21 10:29:09 - Running prompt generation...[0m
PROMPT GENERATION COMPLETE - Prompt #71
[0;32m2025-09-21 10:29:33 - Completed prompt #71[0m
[0;34m2025-09-21 10:29:38 - Generating prompt #72 (Section 5, Prompt 4/17)[0m
[1;33m2025-09-21 10:29:38 - Running prompt generation...[0m
PROMPT GENERATION COMPLETE - Prompt #72
[0;32m2025-09-21 10:30:00 - Completed prompt #72[0m
[0;34m2025-09-21 10:30:05 - Generating prompt #73 (Section 5, Prompt 5/17)[0m
[1;33m2025-09-21 10:30:05 - Running prompt generation...[0m
PROMPT GENERATION COMPLETE - Prompt #73
[0;32m2025-09-21 10:30:29 - Completed prompt #73[0m
[0;34m2025-09-21 10:30:34 - Generating prompt #74 (Section 5, Prompt 6/17)[0m
[1;33m2025-09-21 10:30:34 - Running prompt generation...[0m
PROMPT GENERATION COMPLETE - Prompt #74
[0;32m2025-09-21 10:30:55 - Completed prompt #74[0m
[0;34m2025-09-21 10:31:00 - Generating prompt #75 (Section 5, Prompt 7/17)[0m
[1;33m2025-09-21 10:31:00 - Running prompt generation...[0m
PROMPT GENERATION COMPLETE - Prompt #75
[0;32m2025-09-21 10:31:24 - Completed prompt #75[0m
[0;34m2025-09-21 10:31:29 - Generating prompt #76 (Section 5, Prompt 8/17)[0m
[1;33m2025-09-21 10:31:29 - Running prompt generation...[0m
PROMPT GENERATION COMPLETE - Prompt #76
[0;32m2025-09-21 10:31:54 - Completed prompt #76[0m
[0;34m2025-09-21 10:31:59 - Generating prompt #77 (Section 5, Prompt 9/17)[0m
[1;33m2025-09-21 10:31:59 - Running prompt generation...[0m
PROMPT GENERATION COMPLETE - Prompt #77
[0;32m2025-09-21 10:32:21 - Completed prompt #77[0m
[0;34m2025-09-21 10:32:26 - Generating prompt #78 (Section 5, Prompt 10/17)[0m
[1;33m2025-09-21 10:32:26 - Running prompt generation...[0m
PROMPT GENERATION COMPLETE - Prompt #78
[0;32m2025-09-21 10:32:50 - Completed prompt #78[0m
[0;34m2025-09-21 10:32:55 - Generating prompt #79 (Section 5, Prompt 11/17)[0m
[1;33m2025-09-21 10:32:55 - Running prompt generation...[0m
PROMPT GENERATION COMPLETE - Prompt #79
[0;32m2025-09-21 10:33:19 - Completed prompt #79[0m
[0;34m2025-09-21 10:33:24 - Generating prompt #80 (Section 5, Prompt 12/17)[0m
[1;33m2025-09-21 10:33:24 - Running prompt generation...[0m
PROMPT GENERATION COMPLETE - Prompt #80
[0;32m2025-09-21 10:33:46 - Completed prompt #80[0m
[0;34m2025-09-21 10:33:51 - Generating prompt #81 (Section 5, Prompt 13/17)[0m
[1;33m2025-09-21 10:33:51 - Running prompt generation...[0m
PROMPT GENERATION COMPLETE - Prompt #81
[0;32m2025-09-21 10:34:12 - Completed prompt #81[0m
[0;34m2025-09-21 10:34:17 - Generating prompt #82 (Section 5, Prompt 14/17)[0m
[1;33m2025-09-21 10:34:17 - Running prompt generation...[0m
PROMPT GENERATION COMPLETE - Prompt #82
[0;32m2025-09-21 10:34:39 - Completed prompt #82[0m
[0;34m2025-09-21 10:34:44 - Generating prompt #83 (Section 5, Prompt 15/17)[0m
[1;33m2025-09-21 10:34:44 - Running prompt generation...[0m
PROMPT GENERATION COMPLETE - Prompt #83
[0;32m2025-09-21 10:35:06 - Completed prompt #83[0m
[0;34m2025-09-21 10:35:11 - Generating prompt #84 (Section 5, Prompt 16/17)[0m
[1;33m2025-09-21 10:35:11 - Running prompt generation...[0m
PROMPT GENERATION COMPLETE - Prompt #84
[0;32m2025-09-21 10:35:34 - Completed prompt #84[0m
[0;34m2025-09-21 10:35:39 - Generating prompt #85 (Section 5, Prompt 17/17)[0m
[1;33m2025-09-21 10:35:39 - Running prompt generation...[0m
PROMPT GENERATION COMPLETE - Prompt #85
[0;32m2025-09-21 10:35:58 - Completed prompt #85[0m
[0;34m2025-09-21 10:36:03 - Generating prompt #86 (Section 6, Prompt 1/17)[0m
[1;33m2025-09-21 10:36:03 - Running prompt generation...[0m
PROMPT GENERATION COMPLETE - Prompt #86
[0;32m2025-09-21 10:36:27 - Completed prompt #86[0m
[0;34m2025-09-21 10:36:32 - Generating prompt #87 (Section 6, Prompt 2/17)[0m
[1;33m2025-09-21 10:36:33 - Running prompt generation...[0m
PROMPT GENERATION COMPLETE - Prompt #87
[0;32m2025-09-21 10:36:57 - Completed prompt #87[0m
[0;34m2025-09-21 10:37:02 - Generating prompt #88 (Section 6, Prompt 3/17)[0m
[1;33m2025-09-21 10:37:02 - Running prompt generation...[0m
PROMPT GENERATION COMPLETE - Prompt #88
[0;32m2025-09-21 10:37:26 - Completed prompt #88[0m
[0;34m2025-09-21 10:37:31 - Generating prompt #89 (Section 6, Prompt 4/17)[0m
[1;33m2025-09-21 10:37:31 - Running prompt generation...[0m
PROMPT GENERATION COMPLETE - Prompt #89
[0;32m2025-09-21 10:37:54 - Completed prompt #89[0m
[0;34m2025-09-21 10:37:59 - Generating prompt #90 (Section 6, Prompt 5/17)[0m
[1;33m2025-09-21 10:37:59 - Running prompt generation...[0m
PROMPT GENERATION COMPLETE - Prompt #90
[0;32m2025-09-21 10:38:25 - Completed prompt #90[0m
[0;34m2025-09-21 10:38:30 - Generating prompt #91 (Section 6, Prompt 6/17)[0m
[1;33m2025-09-21 10:38:30 - Running prompt generation...[0m
PROMPT GENERATION COMPLETE - Prompt #91
[0;32m2025-09-21 10:38:54 - Completed prompt #91[0m
[0;34m2025-09-21 10:38:59 - Generating prompt #92 (Section 6, Prompt 7/17)[0m
[1;33m2025-09-21 10:38:59 - Running prompt generation...[0m
PROMPT GENERATION COMPLETE - Prompt #92
[0;32m2025-09-21 10:39:25 - Completed prompt #92[0m
[0;34m2025-09-21 10:39:30 - Generating prompt #93 (Section 6, Prompt 8/17)[0m
[1;33m2025-09-21 10:39:30 - Running prompt generation...[0m
PROMPT GENERATION COMPLETE - Prompt #93
[0;32m2025-09-21 10:39:55 - Completed prompt #93[0m
[0;34m2025-09-21 10:40:00 - Generating prompt #94 (Section 6, Prompt 9/17)[0m
[1;33m2025-09-21 10:40:00 - Running prompt generation...[0m
PROMPT GENERATION COMPLETE - Prompt #94
[0;32m2025-09-21 10:40:25 - Completed prompt #94[0m
[0;34m2025-09-21 10:40:30 - Generating prompt #95 (Section 6, Prompt 10/17)[0m
[1;33m2025-09-21 10:40:30 - Running prompt generation...[0m
PROMPT GENERATION COMPLETE - Prompt #95
[0;32m2025-09-21 10:40:50 - Completed prompt #95[0m
[0;34m2025-09-21 10:40:55 - Generating prompt #96 (Section 6, Prompt 11/17)[0m
[1;33m2025-09-21 10:40:56 - Running prompt generation...[0m
PROMPT GENERATION COMPLETE - Prompt #96
[0;32m2025-09-21 10:41:20 - Completed prompt #96[0m
[0;34m2025-09-21 10:41:25 - Generating prompt #97 (Section 6, Prompt 12/17)[0m
[1;33m2025-09-21 10:41:25 - Running prompt generation...[0m
5-hour limit reached ∙ resets 2pm
[0;32m2025-09-21 10:41:50 - Completed prompt #97[0m
[0;34m2025-09-21 10:41:55 - Generating prompt #98 (Section 6, Prompt 13/17)[0m
[1;33m2025-09-21 10:41:55 - Running prompt generation...[0m
5-hour limit reached ∙ resets 2pm
[0;32m2025-09-21 10:42:12 - Completed prompt #98[0m
[0;34m2025-09-21 10:42:17 - Generating prompt #99 (Section 6, Prompt 14/17)[0m
[1;33m2025-09-21 10:42:17 - Running prompt generation...[0m
5-hour limit reached ∙ resets 2pm
[0;32m2025-09-21 10:42:24 - Completed prompt #99[0m
[0;34m2025-09-21 10:42:29 - Generating prompt #100 (Section 6, Prompt 15/17)[0m
[1;33m2025-09-21 10:42:29 - Running prompt generation...[0m
5-hour limit reached ∙ resets 2pm
[0;32m2025-09-21 10:42:36 - Completed prompt #100[0m
[0;34m2025-09-21 10:42:41 - Generating prompt #101 (Section 6, Prompt 16/17)[0m
[1;33m2025-09-21 10:42:41 - Running prompt generation...[0m
5-hour limit reached ∙ resets 2pm
[0;32m2025-09-21 10:42:47 - Completed prompt #101[0m
[0;34m2025-09-21 10:42:52 - Generating prompt #102 (Section 6, Prompt 17/17)[0m
[1;33m2025-09-21 10:42:52 - Running prompt generation...[0m
5-hour limit reached ∙ resets 2pm
[0;32m2025-09-21 10:42:58 - Completed prompt #102[0m
[0;34m2025-09-21 14:05:42 - Starting Prompt Generation Cycle for template: health-wellness[0m
[0;32m2025-09-21 14:05:42 - Using existing worktree: ../templata-health-wellness[0m
[0;34m2025-09-21 14:05:42 - Generating prompt #98 (Section 6, Prompt 13/17)[0m
[1;33m2025-09-21 14:05:42 - Running prompt generation...[0m
PROMPT GENERATION COMPLETE - Prompt #98
[0;32m2025-09-21 14:06:20 - Completed prompt #98[0m
[0;34m2025-09-21 14:06:25 - Generating prompt #99 (Section 6, Prompt 14/17)[0m
[1;33m2025-09-21 14:06:25 - Running prompt generation...[0m
PROMPT GENERATION COMPLETE - Prompt #99
[0;32m2025-09-21 14:06:52 - Completed prompt #99[0m
[0;34m2025-09-21 14:06:57 - Generating prompt #100 (Section 6, Prompt 15/17)[0m
[1;33m2025-09-21 14:06:57 - Running prompt generation...[0m
PROMPT GENERATION COMPLETE - Prompt #100
[0;32m2025-09-21 14:07:22 - Completed prompt #100[0m
[0;34m2025-09-21 14:07:27 - Generating prompt #101 (Section 6, Prompt 16/17)[0m
[1;33m2025-09-21 14:07:27 - Running prompt generation...[0m
PROMPT GENERATION COMPLETE - Prompt #101
[0;32m2025-09-21 14:07:51 - Completed prompt #101[0m
[0;34m2025-09-21 14:07:56 - Generating prompt #102 (Section 6, Prompt 17/17)[0m
[1;33m2025-09-21 14:07:56 - Running prompt generation...[0m
PROMPT GENERATION COMPLETE - Prompt #102
[0;32m2025-09-21 14:08:20 - Completed prompt #102[0m
