[0;34m2025-09-23 21:06:58 - Starting Prompt Generation Cycle for template: 3d-printing[0m
[0;32m2025-09-23 21:06:58 - Using existing worktree: ../templata-3d-printing[0m
[0;34m2025-09-23 21:06:58 - Generating prompt #1 (Section 1, Prompt 1/10)[0m
[1;33m2025-09-23 21:06:58 - Running prompt generation...[0m
The prompt is already complete and correctly formatted. The first prompt in the 3D printing template is:

- **ID**: prompt-1  
- **Prompt**: "Research and compare 5 different 3D printer models within your budget range, documenting their build volumes, ease of use, and community support levels"
- **Category**: Foundation and Understanding
- **Type**: research

This is a practical, actionable task that fits the requirements perfectly - it's concrete, specific, and gives someone a clear task to complete as part of their 3D printing journey.

PROMPT GENERATION COMPLETE - Prompt #1
[0;32m2025-09-23 21:07:32 - Completed prompt #1[0m
[0;34m2025-09-23 21:07:37 - Generating prompt #2 (Section 1, Prompt 2/10)[0m
[1;33m2025-09-23 21:07:37 - Running prompt generation...[0m
[0;34m2025-09-23 21:13:25 - Starting Prompt Generation Cycle for template: 3d-printing[0m
[0;32m2025-09-23 21:13:25 - Using existing worktree: ../templata-3d-printing[0m
[0;34m2025-09-23 21:13:25 - Generating prompt #2 (Section 1, Prompt 2/10)[0m
[1;33m2025-09-23 21:13:25 - Running prompt generation...[0m
PROMPT GENERATION COMPLETE - Prompt #2
[0;32m2025-09-23 21:13:52 - Completed prompt #2[0m
[0;34m2025-09-23 21:13:57 - Generating prompt #3 (Section 1, Prompt 3/10)[0m
[1;33m2025-09-23 21:13:57 - Running prompt generation...[0m
PROMPT GENERATION COMPLETE - Prompt #3
[0;32m2025-09-23 21:14:23 - Completed prompt #3[0m
[0;34m2025-09-23 21:14:28 - Generating prompt #4 (Section 1, Prompt 4/10)[0m
[1;33m2025-09-23 21:14:28 - Running prompt generation...[0m
PROMPT GENERATION COMPLETE - Prompt #4
[0;32m2025-09-23 21:14:55 - Completed prompt #4[0m
[0;34m2025-09-23 21:15:00 - Generating prompt #5 (Section 1, Prompt 5/10)[0m
[1;33m2025-09-23 21:15:00 - Running prompt generation...[0m
[0;34m2025-09-23 21:37:20 - Starting Prompt Generation Cycle for template: 3d-printing[0m
[0;32m2025-09-23 21:37:20 - Using existing worktree: ../templata-3d-printing[0m
[0;34m2025-09-23 21:37:20 - Generating prompt #5 (Section 1, Prompt 5/10)[0m
[1;33m2025-09-23 21:37:20 - Running prompt generation...[0m
I see that prompt-5 already exists in the file. It appears the file already contains all 50 prompts for the 3D printing template. The current prompt-5 is:

"Load filament into your 3D printer following the manufacturer's instructions."

This is already a practical, actionable task in the "Foundation and Understanding" category (categorized as 'planning'), which fits the requirements for Section 1, Prompt 5.

PROMPT GENERATION COMPLETE - Prompt #5
[0;32m2025-09-23 21:37:35 - Completed prompt #5[0m
[0;34m2025-09-23 21:37:40 - Generating prompt #6 (Section 1, Prompt 6/10)[0m
[1;33m2025-09-23 21:37:40 - Running prompt generation...[0m
I can see that prompt #6 already exists in the file. Looking at the current prompt #6: "Print your first test cube to check printer calibration and settings" with category 'planning'. This is already a good foundational action prompt for the "Foundation and Understanding" theme. 

Since this prompt already exists and fits the requirements (it's concrete, actionable, focused on foundation/understanding, and has an appropriate category), the task is already complete.

PROMPT GENERATION COMPLETE - Prompt #6
[0;32m2025-09-23 21:37:56 - Completed prompt #6[0m
[0;34m2025-09-23 21:38:01 - Generating prompt #7 (Section 1, Prompt 7/10)[0m
[1;33m2025-09-23 21:38:01 - Running prompt generation...[0m
PROMPT GENERATION COMPLETE - Prompt #7
[0;32m2025-09-23 21:38:17 - Completed prompt #7[0m
[0;34m2025-09-23 21:38:22 - Generating prompt #8 (Section 1, Prompt 8/10)[0m
[1;33m2025-09-23 21:38:22 - Running prompt generation...[0m
PROMPT GENERATION COMPLETE - Prompt #8
[0;32m2025-09-23 21:38:41 - Completed prompt #8[0m
[0;34m2025-09-23 21:38:46 - Generating prompt #9 (Section 1, Prompt 9/10)[0m
[1;33m2025-09-23 21:38:46 - Running prompt generation...[0m
I can see that prompt #9 already exists in the file with the content "Set up proper storage for your filament to prevent moisture damage." Since this is already a practical action prompt focused on foundation and understanding, this prompt generation task is already complete.

PROMPT GENERATION COMPLETE - Prompt #9
[0;32m2025-09-23 21:39:02 - Completed prompt #9[0m
[0;34m2025-09-23 21:39:07 - Generating prompt #10 (Section 1, Prompt 10/10)[0m
[1;33m2025-09-23 21:39:07 - Running prompt generation...[0m
PROMPT GENERATION COMPLETE - Prompt #10
[0;32m2025-09-23 21:39:28 - Completed prompt #10[0m
[0;34m2025-09-23 21:39:34 - Generating prompt #11 (Section 2, Prompt 1/10)[0m
[1;33m2025-09-23 21:39:34 - Running prompt generation...[0m
PROMPT GENERATION COMPLETE - Prompt #11
[0;32m2025-09-23 21:39:51 - Completed prompt #11[0m
[0;34m2025-09-23 21:39:56 - Generating prompt #12 (Section 2, Prompt 2/10)[0m
[1;33m2025-09-23 21:39:56 - Running prompt generation...[0m
PROMPT GENERATION COMPLETE - Prompt #12
[0;32m2025-09-23 21:40:17 - Completed prompt #12[0m
[0;34m2025-09-23 21:40:22 - Generating prompt #13 (Section 2, Prompt 3/10)[0m
[1;33m2025-09-23 21:40:23 - Running prompt generation...[0m
PROMPT GENERATION COMPLETE - Prompt #13
[0;32m2025-09-23 21:40:43 - Completed prompt #13[0m
[0;34m2025-09-23 21:40:48 - Generating prompt #14 (Section 2, Prompt 4/10)[0m
[1;33m2025-09-23 21:40:48 - Running prompt generation...[0m
PROMPT GENERATION COMPLETE - Prompt #14
[0;32m2025-09-23 21:41:07 - Completed prompt #14[0m
[0;34m2025-09-23 21:41:12 - Generating prompt #15 (Section 2, Prompt 5/10)[0m
[1;33m2025-09-23 21:41:12 - Running prompt generation...[0m
PROMPT GENERATION COMPLETE - Prompt #15
[0;32m2025-09-23 21:41:35 - Completed prompt #15[0m
[0;34m2025-09-23 21:41:40 - Generating prompt #16 (Section 2, Prompt 6/10)[0m
[1;33m2025-09-23 21:41:40 - Running prompt generation...[0m
PROMPT GENERATION COMPLETE - Prompt #16
[0;32m2025-09-23 21:41:59 - Completed prompt #16[0m
[0;34m2025-09-23 21:42:04 - Generating prompt #17 (Section 2, Prompt 7/10)[0m
[1;33m2025-09-23 21:42:04 - Running prompt generation...[0m
[0;34m2025-09-23 22:03:07 - Starting Prompt Generation Cycle for template: 3d-printing[0m
[0;32m2025-09-23 22:03:07 - Using existing worktree: ../templata-3d-printing[0m
[0;34m2025-09-23 22:03:07 - Generating prompt #17 (Section 2, Prompt 7/10)[0m
[1;33m2025-09-23 22:03:07 - Running prompt generation...[0m
PROMPT GENERATION COMPLETE - Prompt #17
[0;32m2025-09-23 22:03:29 - Completed prompt #17[0m
[0;34m2025-09-23 22:03:34 - Generating prompt #18 (Section 2, Prompt 8/10)[0m
[1;33m2025-09-23 22:03:34 - Running prompt generation...[0m
PROMPT GENERATION COMPLETE - Prompt #18
[0;32m2025-09-23 22:03:55 - Completed prompt #18[0m
[0;34m2025-09-23 22:04:00 - Generating prompt #19 (Section 2, Prompt 9/10)[0m
[1;33m2025-09-23 22:04:00 - Running prompt generation...[0m
PROMPT GENERATION COMPLETE - Prompt #19
[0;32m2025-09-23 22:04:19 - Completed prompt #19[0m
[0;34m2025-09-23 22:04:24 - Generating prompt #20 (Section 2, Prompt 10/10)[0m
[1;33m2025-09-23 22:04:24 - Running prompt generation...[0m
PROMPT GENERATION COMPLETE - Prompt #20
[0;32m2025-09-23 22:04:42 - Completed prompt #20[0m
