[0;34m2025-09-22 00:07:51 - Starting Prompt Generation Cycle for template: business-succession[0m
[1;33m2025-09-22 00:07:51 - Override flag detected - resetting progress and recreating files[0m
[0;32m2025-09-22 00:07:51 - Progress reset to 0 for template: business-succession[0m
[0;32m2025-09-22 00:07:51 - Using existing worktree: ../templata-business-succession[0m
[1;33m2025-09-22 00:07:51 - Creating template prompt file: prompts-business-succession.ts[0m
[0;32m2025-09-22 00:07:51 - Created template prompt file: ../templata-business-succession/src/data/prompts-business-succession.ts[0m
[0;34m2025-09-22 00:07:51 - Generating prompt #1 (Section 1, Prompt 1/17)[0m
[1;33m2025-09-22 00:07:51 - Running prompt generation...[0m
PROMPT GENERATION COMPLETE - Prompt #1
[0;32m2025-09-22 00:08:17 - Completed prompt #1[0m
[0;34m2025-09-22 00:08:22 - Generating prompt #2 (Section 1, Prompt 2/17)[0m
[1;33m2025-09-22 00:08:22 - Running prompt generation...[0m
PROMPT GENERATION COMPLETE - Prompt #2
[0;32m2025-09-22 00:08:52 - Completed prompt #2[0m
[0;34m2025-09-22 00:08:57 - Generating prompt #3 (Section 1, Prompt 3/17)[0m
[1;33m2025-09-22 00:08:57 - Running prompt generation...[0m
PROMPT GENERATION COMPLETE - Prompt #3
[0;32m2025-09-22 00:09:24 - Completed prompt #3[0m
[0;34m2025-09-22 00:09:29 - Generating prompt #4 (Section 1, Prompt 4/17)[0m
[1;33m2025-09-22 00:09:29 - Running prompt generation...[0m
PROMPT GENERATION COMPLETE - Prompt #4
[0;32m2025-09-22 00:09:54 - Completed prompt #4[0m
[0;34m2025-09-22 00:09:59 - Generating prompt #5 (Section 1, Prompt 5/17)[0m
[1;33m2025-09-22 00:09:59 - Running prompt generation...[0m
PROMPT GENERATION COMPLETE - Prompt #5
[0;32m2025-09-22 00:10:24 - Completed prompt #5[0m
[0;34m2025-09-22 00:10:29 - Generating prompt #6 (Section 1, Prompt 6/17)[0m
[1;33m2025-09-22 00:10:29 - Running prompt generation...[0m
PROMPT GENERATION COMPLETE - Prompt #6
[0;32m2025-09-22 00:10:50 - Completed prompt #6[0m
[0;34m2025-09-22 00:10:55 - Generating prompt #7 (Section 1, Prompt 7/17)[0m
[1;33m2025-09-22 00:10:55 - Running prompt generation...[0m
PROMPT GENERATION COMPLETE - Prompt #7
[0;32m2025-09-22 00:11:18 - Completed prompt #7[0m
[0;34m2025-09-22 00:11:23 - Generating prompt #8 (Section 1, Prompt 8/17)[0m
[1;33m2025-09-22 00:11:23 - Running prompt generation...[0m
PROMPT GENERATION COMPLETE - Prompt #8
[0;32m2025-09-22 00:11:45 - Completed prompt #8[0m
[0;34m2025-09-22 00:11:50 - Generating prompt #9 (Section 1, Prompt 9/17)[0m
[1;33m2025-09-22 00:11:50 - Running prompt generation...[0m
PROMPT GENERATION COMPLETE - Prompt #9
[0;32m2025-09-22 00:12:13 - Completed prompt #9[0m
[0;34m2025-09-22 00:12:18 - Generating prompt #10 (Section 1, Prompt 10/17)[0m
[1;33m2025-09-22 00:12:18 - Running prompt generation...[0m
PROMPT GENERATION COMPLETE - Prompt #10
[0;32m2025-09-22 00:12:41 - Completed prompt #10[0m
[0;34m2025-09-22 00:12:46 - Generating prompt #11 (Section 1, Prompt 11/17)[0m
[1;33m2025-09-22 00:12:46 - Running prompt generation...[0m
PROMPT GENERATION COMPLETE - Prompt #11
[0;32m2025-09-22 00:13:08 - Completed prompt #11[0m
[0;34m2025-09-22 00:13:13 - Generating prompt #12 (Section 1, Prompt 12/17)[0m
[1;33m2025-09-22 00:13:13 - Running prompt generation...[0m
PROMPT GENERATION COMPLETE - Prompt #12
[0;34m2025-09-22 00:57:07 - Starting Prompt Generation Cycle for template: business-succession[0m
[0;32m2025-09-22 00:57:07 - Using existing worktree: ../templata-business-succession[0m
[0;34m2025-09-22 00:57:07 - Generating prompt #12 (Section 1, Prompt 12/17)[0m
[1;33m2025-09-22 00:57:07 - Running prompt generation...[0m
I see that prompt #12 already exists in the file. Looking at the current prompts, I can see they're all focused on Foundation and Understanding with comprehensive business assessment tasks. Since prompt #12 is already present, I should note that the file is complete with 12 prompts for this section.

PROMPT GENERATION COMPLETE - Prompt #12
[0;32m2025-09-22 00:57:28 - Completed prompt #12[0m
[0;34m2025-09-22 00:57:33 - Generating prompt #13 (Section 1, Prompt 13/17)[0m
[1;33m2025-09-22 00:57:33 - Running prompt generation...[0m
PROMPT GENERATION COMPLETE - Prompt #13
[0;32m2025-09-22 00:57:55 - Completed prompt #13[0m
[0;34m2025-09-22 00:58:01 - Generating prompt #14 (Section 1, Prompt 14/17)[0m
[1;33m2025-09-22 00:58:01 - Running prompt generation...[0m
PROMPT GENERATION COMPLETE - Prompt #14
[0;32m2025-09-22 00:58:24 - Completed prompt #14[0m
[0;34m2025-09-22 00:58:29 - Generating prompt #15 (Section 1, Prompt 15/17)[0m
[1;33m2025-09-22 00:58:29 - Running prompt generation...[0m
PROMPT GENERATION COMPLETE - Prompt #15
[0;32m2025-09-22 00:58:52 - Completed prompt #15[0m
[0;34m2025-09-22 00:58:57 - Generating prompt #16 (Section 1, Prompt 16/17)[0m
[1;33m2025-09-22 00:58:57 - Running prompt generation...[0m
PROMPT GENERATION COMPLETE - Prompt #16
[0;32m2025-09-22 00:59:21 - Completed prompt #16[0m
[0;34m2025-09-22 00:59:26 - Generating prompt #17 (Section 1, Prompt 17/17)[0m
[1;33m2025-09-22 00:59:26 - Running prompt generation...[0m
PROMPT GENERATION COMPLETE - Prompt #17
[0;32m2025-09-22 00:59:52 - Completed prompt #17[0m
[0;34m2025-09-22 00:59:57 - Generating prompt #18 (Section 2, Prompt 1/17)[0m
[1;33m2025-09-22 00:59:57 - Running prompt generation...[0m
PROMPT GENERATION COMPLETE - Prompt #18
[0;32m2025-09-22 01:00:19 - Completed prompt #18[0m
[0;34m2025-09-22 01:00:24 - Generating prompt #19 (Section 2, Prompt 2/17)[0m
[1;33m2025-09-22 01:00:24 - Running prompt generation...[0m
PROMPT GENERATION COMPLETE - Prompt #19
[0;32m2025-09-22 01:00:46 - Completed prompt #19[0m
[0;34m2025-09-22 01:00:51 - Generating prompt #20 (Section 2, Prompt 3/17)[0m
[1;33m2025-09-22 01:00:51 - Running prompt generation...[0m
PROMPT GENERATION COMPLETE - Prompt #20
[0;32m2025-09-22 01:01:12 - Completed prompt #20[0m
[0;34m2025-09-22 01:01:17 - Generating prompt #21 (Section 2, Prompt 4/17)[0m
[1;33m2025-09-22 01:01:17 - Running prompt generation...[0m
PROMPT GENERATION COMPLETE - Prompt #21
[0;32m2025-09-22 01:01:39 - Completed prompt #21[0m
[0;34m2025-09-22 01:01:45 - Generating prompt #22 (Section 2, Prompt 5/17)[0m
[1;33m2025-09-22 01:01:45 - Running prompt generation...[0m
PROMPT GENERATION COMPLETE - Prompt #22
[0;32m2025-09-22 01:02:08 - Completed prompt #22[0m
[0;34m2025-09-22 01:02:13 - Generating prompt #23 (Section 2, Prompt 6/17)[0m
[1;33m2025-09-22 01:02:13 - Running prompt generation...[0m
PROMPT GENERATION COMPLETE - Prompt #23
[0;32m2025-09-22 01:02:36 - Completed prompt #23[0m
[0;34m2025-09-22 01:02:41 - Generating prompt #24 (Section 2, Prompt 7/17)[0m
[1;33m2025-09-22 01:02:41 - Running prompt generation...[0m
PROMPT GENERATION COMPLETE - Prompt #24
[0;32m2025-09-22 01:03:04 - Completed prompt #24[0m
[0;34m2025-09-22 01:03:09 - Generating prompt #25 (Section 2, Prompt 8/17)[0m
[1;33m2025-09-22 01:03:09 - Running prompt generation...[0m
PROMPT GENERATION COMPLETE - Prompt #25
[0;32m2025-09-22 01:03:31 - Completed prompt #25[0m
[0;34m2025-09-22 01:03:36 - Generating prompt #26 (Section 2, Prompt 9/17)[0m
[1;33m2025-09-22 01:03:36 - Running prompt generation...[0m
PROMPT GENERATION COMPLETE - Prompt #26
[0;32m2025-09-22 01:04:00 - Completed prompt #26[0m
[0;34m2025-09-22 01:04:05 - Generating prompt #27 (Section 2, Prompt 10/17)[0m
[1;33m2025-09-22 01:04:05 - Running prompt generation...[0m
PROMPT GENERATION COMPLETE - Prompt #27
[0;32m2025-09-22 01:04:29 - Completed prompt #27[0m
[0;34m2025-09-22 01:04:34 - Generating prompt #28 (Section 2, Prompt 11/17)[0m
[1;33m2025-09-22 01:04:34 - Running prompt generation...[0m
PROMPT GENERATION COMPLETE - Prompt #28
[0;32m2025-09-22 01:04:57 - Completed prompt #28[0m
[0;34m2025-09-22 01:05:02 - Generating prompt #29 (Section 2, Prompt 12/17)[0m
[1;33m2025-09-22 01:05:02 - Running prompt generation...[0m
PROMPT GENERATION COMPLETE - Prompt #29
[0;32m2025-09-22 01:05:26 - Completed prompt #29[0m
[0;34m2025-09-22 01:05:31 - Generating prompt #30 (Section 2, Prompt 13/17)[0m
[1;33m2025-09-22 01:05:31 - Running prompt generation...[0m
PROMPT GENERATION COMPLETE - Prompt #30
[0;32m2025-09-22 01:05:54 - Completed prompt #30[0m
[0;34m2025-09-22 01:05:59 - Generating prompt #31 (Section 2, Prompt 14/17)[0m
[1;33m2025-09-22 01:05:59 - Running prompt generation...[0m
PROMPT GENERATION COMPLETE - Prompt #31
[0;32m2025-09-22 01:06:21 - Completed prompt #31[0m
[0;34m2025-09-22 01:06:26 - Generating prompt #32 (Section 2, Prompt 15/17)[0m
[1;33m2025-09-22 01:06:26 - Running prompt generation...[0m
PROMPT GENERATION COMPLETE - Prompt #32
[0;32m2025-09-22 01:06:48 - Completed prompt #32[0m
[0;34m2025-09-22 01:06:53 - Generating prompt #33 (Section 2, Prompt 16/17)[0m
[1;33m2025-09-22 01:06:53 - Running prompt generation...[0m
PROMPT GENERATION COMPLETE - Prompt #33
[0;32m2025-09-22 01:07:19 - Completed prompt #33[0m
[0;34m2025-09-22 01:07:24 - Generating prompt #34 (Section 2, Prompt 17/17)[0m
[1;33m2025-09-22 01:07:24 - Running prompt generation...[0m
PROMPT GENERATION COMPLETE - Prompt #34
[0;32m2025-09-22 01:07:47 - Completed prompt #34[0m
[0;34m2025-09-22 01:07:52 - Generating prompt #35 (Section 3, Prompt 1/17)[0m
[1;33m2025-09-22 01:07:52 - Running prompt generation...[0m
PROMPT GENERATION COMPLETE - Prompt #35
[0;32m2025-09-22 01:08:16 - Completed prompt #35[0m
[0;34m2025-09-22 01:08:21 - Generating prompt #36 (Section 3, Prompt 2/17)[0m
[1;33m2025-09-22 01:08:21 - Running prompt generation...[0m
PROMPT GENERATION COMPLETE - Prompt #36
[0;32m2025-09-22 01:08:45 - Completed prompt #36[0m
[0;34m2025-09-22 01:08:50 - Generating prompt #37 (Section 3, Prompt 3/17)[0m
[1;33m2025-09-22 01:08:50 - Running prompt generation...[0m
PROMPT GENERATION COMPLETE - Prompt #37
[0;32m2025-09-22 01:09:14 - Completed prompt #37[0m
[0;34m2025-09-22 01:09:19 - Generating prompt #38 (Section 3, Prompt 4/17)[0m
[1;33m2025-09-22 01:09:19 - Running prompt generation...[0m
PROMPT GENERATION COMPLETE - Prompt #38
[0;32m2025-09-22 01:09:42 - Completed prompt #38[0m
[0;34m2025-09-22 01:09:47 - Generating prompt #39 (Section 3, Prompt 5/17)[0m
[1;33m2025-09-22 01:09:47 - Running prompt generation...[0m
PROMPT GENERATION COMPLETE - Prompt #39
[0;32m2025-09-22 01:10:08 - Completed prompt #39[0m
[0;34m2025-09-22 01:10:13 - Generating prompt #40 (Section 3, Prompt 6/17)[0m
[1;33m2025-09-22 01:10:13 - Running prompt generation...[0m
<invoke name="Edit">
<parameter name="file_path">/Users/ikim1/Documents/GitHub/templata-business-succession/src/data/prompts-business-succession.ts</parameter>
<parameter name="old_string">  {
    id: 'prompt-39',
    prompt: 'Create a post-succession monitoring system with quarterly check-ins to evaluate business performance, successor progress, and the success of your transition strategy',
    category: 'planning',
    helpText: 'Systematic monitoring after succession ensures early identification of challenges and provides opportunities to course-correct if the transition isn\'t proceeding as planned. Establish quarterly meetings with your successor to review financial performance, operational metrics, and relationship management, creating accountability and ongoing support during the critical first year of independent ownership.'
  }</parameter>
<parameter name="new_string">  {
    id: 'prompt-39',
    prompt: 'Create a post-succession monitoring system with quarterly check-ins to evaluate business performance, successor progress, and the success of your transition strategy',
    category: 'planning',
    helpText: 'Systematic monitoring after succession ensures early identification of challenges and provides opportunities to course-correct if the transition isn\'t proceeding as planned. Establish quarterly meetings with your successor to review financial performance, operational metrics, and relationship management, creating accountability and ongoing support during the critical first year of independent ownership.'
  },
  {
    id: 'prompt-40',
    prompt: 'Conduct a comprehensive cybersecurity audit and implement enhanced data protection measures to safeguard business assets and customer information during the ownership transition',
    category: 'action',
    helpText: 'Cybersecurity vulnerabilities can significantly impact business value and create liability issues during succession, making this a critical component of succession preparation. Hire a qualified cybersecurity firm to assess your current security posture, identify vulnerabilities, and implement robust protection systems that demonstrate to potential successors and buyers that the business maintains strong data security and regulatory compliance standards.'
  }</parameter>
</invoke>
[0;32m2025-09-22 01:10:32 - Completed prompt #40[0m
[0;34m2025-09-22 01:10:37 - Generating prompt #41 (Section 3, Prompt 7/17)[0m
[1;33m2025-09-22 01:10:37 - Running prompt generation...[0m
PROMPT GENERATION COMPLETE - Prompt #41
[0;32m2025-09-22 01:11:06 - Completed prompt #41[0m
[0;34m2025-09-22 01:11:11 - Generating prompt #42 (Section 3, Prompt 8/17)[0m
[1;33m2025-09-22 01:11:11 - Running prompt generation...[0m
PROMPT GENERATION COMPLETE - Prompt #42
[0;32m2025-09-22 01:11:34 - Completed prompt #42[0m
[0;34m2025-09-22 01:11:39 - Generating prompt #43 (Section 3, Prompt 9/17)[0m
[1;33m2025-09-22 01:11:39 - Running prompt generation...[0m
PROMPT GENERATION COMPLETE - Prompt #43
[0;32m2025-09-22 01:12:02 - Completed prompt #43[0m
[0;34m2025-09-22 01:12:07 - Generating prompt #44 (Section 3, Prompt 10/17)[0m
[1;33m2025-09-22 01:12:07 - Running prompt generation...[0m
PROMPT GENERATION COMPLETE - Prompt #44
[0;32m2025-09-22 01:12:30 - Completed prompt #44[0m
[0;34m2025-09-22 01:12:35 - Generating prompt #45 (Section 3, Prompt 11/17)[0m
[1;33m2025-09-22 01:12:35 - Running prompt generation...[0m
PROMPT GENERATION COMPLETE - Prompt #45
[0;32m2025-09-22 01:12:58 - Completed prompt #45[0m
[0;34m2025-09-22 01:13:03 - Generating prompt #46 (Section 3, Prompt 12/17)[0m
[1;33m2025-09-22 01:13:03 - Running prompt generation...[0m
PROMPT GENERATION COMPLETE - Prompt #46
[0;32m2025-09-22 01:13:26 - Completed prompt #46[0m
[0;34m2025-09-22 01:13:31 - Generating prompt #47 (Section 3, Prompt 13/17)[0m
[1;33m2025-09-22 01:13:31 - Running prompt generation...[0m
PROMPT GENERATION COMPLETE - Prompt #47
[0;32m2025-09-22 01:13:55 - Completed prompt #47[0m
[0;34m2025-09-22 01:14:00 - Generating prompt #48 (Section 3, Prompt 14/17)[0m
[1;33m2025-09-22 01:14:00 - Running prompt generation...[0m
PROMPT GENERATION COMPLETE - Prompt #48
[0;32m2025-09-22 01:14:22 - Completed prompt #48[0m
[0;34m2025-09-22 01:14:27 - Generating prompt #49 (Section 3, Prompt 15/17)[0m
[1;33m2025-09-22 01:14:27 - Running prompt generation...[0m
PROMPT GENERATION COMPLETE - Prompt #49
[0;32m2025-09-22 01:14:50 - Completed prompt #49[0m
[0;34m2025-09-22 01:14:55 - Generating prompt #50 (Section 3, Prompt 16/17)[0m
[1;33m2025-09-22 01:14:55 - Running prompt generation...[0m
PROMPT GENERATION COMPLETE - Prompt #50
[0;32m2025-09-22 01:15:18 - Completed prompt #50[0m
[0;34m2025-09-22 01:15:23 - Generating prompt #51 (Section 3, Prompt 17/17)[0m
[1;33m2025-09-22 01:15:23 - Running prompt generation...[0m
PROMPT GENERATION COMPLETE - Prompt #51
[0;32m2025-09-22 01:15:45 - Completed prompt #51[0m
[0;34m2025-09-22 01:15:50 - Generating prompt #52 (Section 4, Prompt 1/17)[0m
[1;33m2025-09-22 01:15:50 - Running prompt generation...[0m
PROMPT GENERATION COMPLETE - Prompt #52
[0;32m2025-09-22 01:16:12 - Completed prompt #52[0m
[0;34m2025-09-22 01:16:17 - Generating prompt #53 (Section 4, Prompt 2/17)[0m
[1;33m2025-09-22 01:16:17 - Running prompt generation...[0m
<invoke name="Edit">
<parameter name="file_path">/Users/ikim1/Documents/GitHub/templata-business-succession/src/data/prompts-business-succession.ts</parameter>
<parameter name="old_string">  {
    id: 'prompt-52',
    prompt: 'Schedule individual one-on-one meetings with each family member involved in the business to discuss their specific concerns, expectations, and role preferences regarding the succession plan',
    category: 'action',
    helpText: 'Family dynamics can make or break a business succession, as unaddressed concerns often lead to conflicts that damage both relationships and business value. These private conversations allow each family member to express their honest feelings without group pressure, helping you understand their perspectives and adjust your succession strategy to address legitimate concerns while managing unrealistic expectations.'
  }
];</parameter>
<parameter name="new_string">  {
    id: 'prompt-52',
    prompt: 'Schedule individual one-on-one meetings with each family member involved in the business to discuss their specific concerns, expectations, and role preferences regarding the succession plan',
    category: 'action',
    helpText: 'Family dynamics can make or break a business succession, as unaddressed concerns often lead to conflicts that damage both relationships and business value. These private conversations allow each family member to express their honest feelings without group pressure, helping you understand their perspectives and adjust your succession strategy to address legitimate concerns while managing unrealistic expectations.'
  },
  {
    id: 'prompt-53',
    prompt: 'Schedule a formal meeting with your top 3 key employees to transparently discuss the succession timeline and gather their feedback on leadership transition plans',
    category: 'action',
    helpText: 'Open communication with key employees builds trust and reduces uncertainty during succession, preventing talent flight and maintaining operational stability. These discussions should address their concerns about job security, career advancement opportunities under new leadership, and their role in supporting the transition process while gathering valuable insights about potential challenges they foresee.'
  }
];</parameter>
</invoke>
[0;32m2025-09-22 01:16:36 - Completed prompt #53[0m
[0;34m2025-09-22 01:16:41 - Generating prompt #54 (Section 4, Prompt 3/17)[0m
[1;33m2025-09-22 01:16:41 - Running prompt generation...[0m
PROMPT GENERATION COMPLETE - Prompt #54
[0;32m2025-09-22 01:17:07 - Completed prompt #54[0m
[0;34m2025-09-22 01:17:12 - Generating prompt #55 (Section 4, Prompt 4/17)[0m
[1;33m2025-09-22 01:17:12 - Running prompt generation...[0m
PROMPT GENERATION COMPLETE - Prompt #55
[0;32m2025-09-22 01:17:35 - Completed prompt #55[0m
[0;34m2025-09-22 01:17:40 - Generating prompt #56 (Section 4, Prompt 5/17)[0m
[1;33m2025-09-22 01:17:40 - Running prompt generation...[0m
PROMPT GENERATION COMPLETE - Prompt #56
[0;32m2025-09-22 01:18:03 - Completed prompt #56[0m
[0;34m2025-09-22 01:18:08 - Generating prompt #57 (Section 4, Prompt 6/17)[0m
[1;33m2025-09-22 01:18:08 - Running prompt generation...[0m
PROMPT GENERATION COMPLETE - Prompt #57
[0;32m2025-09-22 01:18:31 - Completed prompt #57[0m
[0;34m2025-09-22 01:18:36 - Generating prompt #58 (Section 4, Prompt 7/17)[0m
[1;33m2025-09-22 01:18:36 - Running prompt generation...[0m
PROMPT GENERATION COMPLETE - Prompt #58
[0;32m2025-09-22 01:18:56 - Completed prompt #58[0m
[0;34m2025-09-22 01:19:02 - Generating prompt #59 (Section 4, Prompt 8/17)[0m
[1;33m2025-09-22 01:19:02 - Running prompt generation...[0m
PROMPT GENERATION COMPLETE - Prompt #59
[0;32m2025-09-22 01:19:25 - Completed prompt #59[0m
[0;34m2025-09-22 01:19:30 - Generating prompt #60 (Section 4, Prompt 9/17)[0m
[1;33m2025-09-22 01:19:30 - Running prompt generation...[0m
PROMPT GENERATION COMPLETE - Prompt #60
[0;32m2025-09-22 01:19:51 - Completed prompt #60[0m
[0;34m2025-09-22 01:19:56 - Generating prompt #61 (Section 4, Prompt 10/17)[0m
[1;33m2025-09-22 01:19:56 - Running prompt generation...[0m
PROMPT GENERATION COMPLETE - Prompt #61
[0;32m2025-09-22 01:20:16 - Completed prompt #61[0m
[0;34m2025-09-22 01:20:21 - Generating prompt #62 (Section 4, Prompt 11/17)[0m
[1;33m2025-09-22 01:20:21 - Running prompt generation...[0m
PROMPT GENERATION COMPLETE - Prompt #62
[0;32m2025-09-22 01:20:44 - Completed prompt #62[0m
[0;34m2025-09-22 01:20:49 - Generating prompt #63 (Section 4, Prompt 12/17)[0m
[1;33m2025-09-22 01:20:49 - Running prompt generation...[0m
PROMPT GENERATION COMPLETE - Prompt #63
[0;32m2025-09-22 01:21:10 - Completed prompt #63[0m
[0;34m2025-09-22 01:21:15 - Generating prompt #64 (Section 4, Prompt 13/17)[0m
[1;33m2025-09-22 01:21:15 - Running prompt generation...[0m
PROMPT GENERATION COMPLETE - Prompt #64
[0;32m2025-09-22 01:21:38 - Completed prompt #64[0m
[0;34m2025-09-22 01:21:43 - Generating prompt #65 (Section 4, Prompt 14/17)[0m
[1;33m2025-09-22 01:21:43 - Running prompt generation...[0m
PROMPT GENERATION COMPLETE - Prompt #65
[0;32m2025-09-22 01:22:06 - Completed prompt #65[0m
[0;34m2025-09-22 01:22:11 - Generating prompt #66 (Section 4, Prompt 15/17)[0m
[1;33m2025-09-22 01:22:11 - Running prompt generation...[0m
PROMPT GENERATION COMPLETE - Prompt #66
[0;32m2025-09-22 01:22:33 - Completed prompt #66[0m
[0;34m2025-09-22 01:22:38 - Generating prompt #67 (Section 4, Prompt 16/17)[0m
[1;33m2025-09-22 01:22:38 - Running prompt generation...[0m
PROMPT GENERATION COMPLETE - Prompt #67
[0;32m2025-09-22 01:22:59 - Completed prompt #67[0m
[0;34m2025-09-22 01:23:04 - Generating prompt #68 (Section 4, Prompt 17/17)[0m
[1;33m2025-09-22 01:23:04 - Running prompt generation...[0m
PROMPT GENERATION COMPLETE - Prompt #68
[0;32m2025-09-22 01:23:26 - Completed prompt #68[0m
[0;34m2025-09-22 01:23:31 - Generating prompt #69 (Section 5, Prompt 1/17)[0m
[1;33m2025-09-22 01:23:31 - Running prompt generation...[0m
PROMPT GENERATION COMPLETE - Prompt #69
[0;32m2025-09-22 01:23:54 - Completed prompt #69[0m
[0;34m2025-09-22 01:23:59 - Generating prompt #70 (Section 5, Prompt 2/17)[0m
[1;33m2025-09-22 01:23:59 - Running prompt generation...[0m
PROMPT GENERATION COMPLETE - Prompt #70
[0;32m2025-09-22 01:24:24 - Completed prompt #70[0m
[0;34m2025-09-22 01:24:29 - Generating prompt #71 (Section 5, Prompt 3/17)[0m
[1;33m2025-09-22 01:24:29 - Running prompt generation...[0m
PROMPT GENERATION COMPLETE - Prompt #71
[0;32m2025-09-22 01:24:52 - Completed prompt #71[0m
[0;34m2025-09-22 01:24:57 - Generating prompt #72 (Section 5, Prompt 4/17)[0m
[1;33m2025-09-22 01:24:57 - Running prompt generation...[0m
PROMPT GENERATION COMPLETE - Prompt #72
[0;32m2025-09-22 01:25:20 - Completed prompt #72[0m
[0;34m2025-09-22 01:25:25 - Generating prompt #73 (Section 5, Prompt 5/17)[0m
[1;33m2025-09-22 01:25:25 - Running prompt generation...[0m
PROMPT GENERATION COMPLETE - Prompt #73
[0;32m2025-09-22 01:25:47 - Completed prompt #73[0m
[0;34m2025-09-22 01:25:52 - Generating prompt #74 (Section 5, Prompt 6/17)[0m
[1;33m2025-09-22 01:25:52 - Running prompt generation...[0m
PROMPT GENERATION COMPLETE - Prompt #74
[0;32m2025-09-22 01:26:15 - Completed prompt #74[0m
[0;34m2025-09-22 01:26:20 - Generating prompt #75 (Section 5, Prompt 7/17)[0m
[1;33m2025-09-22 01:26:20 - Running prompt generation...[0m
PROMPT GENERATION COMPLETE - Prompt #75
[0;32m2025-09-22 01:26:43 - Completed prompt #75[0m
[0;34m2025-09-22 01:26:48 - Generating prompt #76 (Section 5, Prompt 8/17)[0m
[1;33m2025-09-22 01:26:48 - Running prompt generation...[0m
PROMPT GENERATION COMPLETE - Prompt #76
[0;32m2025-09-22 01:27:10 - Completed prompt #76[0m
[0;34m2025-09-22 01:27:15 - Generating prompt #77 (Section 5, Prompt 9/17)[0m
[1;33m2025-09-22 01:27:15 - Running prompt generation...[0m
PROMPT GENERATION COMPLETE - Prompt #77
[0;32m2025-09-22 01:27:35 - Completed prompt #77[0m
[0;34m2025-09-22 01:27:40 - Generating prompt #78 (Section 5, Prompt 10/17)[0m
[1;33m2025-09-22 01:27:41 - Running prompt generation...[0m
PROMPT GENERATION COMPLETE - Prompt #78
[0;32m2025-09-22 01:28:04 - Completed prompt #78[0m
[0;34m2025-09-22 01:28:09 - Generating prompt #79 (Section 5, Prompt 11/17)[0m
[1;33m2025-09-22 01:28:09 - Running prompt generation...[0m
PROMPT GENERATION COMPLETE - Prompt #79
[0;32m2025-09-22 01:28:32 - Completed prompt #79[0m
[0;34m2025-09-22 01:28:37 - Generating prompt #80 (Section 5, Prompt 12/17)[0m
[1;33m2025-09-22 01:28:37 - Running prompt generation...[0m
PROMPT GENERATION COMPLETE - Prompt #80
[0;32m2025-09-22 01:28:59 - Completed prompt #80[0m
[0;34m2025-09-22 01:29:04 - Generating prompt #81 (Section 5, Prompt 13/17)[0m
[1;33m2025-09-22 01:29:04 - Running prompt generation...[0m
PROMPT GENERATION COMPLETE - Prompt #81
[0;32m2025-09-22 01:29:26 - Completed prompt #81[0m
[0;34m2025-09-22 01:29:31 - Generating prompt #82 (Section 5, Prompt 14/17)[0m
[1;33m2025-09-22 01:29:31 - Running prompt generation...[0m
PROMPT GENERATION COMPLETE - Prompt #82
[0;32m2025-09-22 01:29:54 - Completed prompt #82[0m
[0;34m2025-09-22 01:29:59 - Generating prompt #83 (Section 5, Prompt 15/17)[0m
[1;33m2025-09-22 01:29:59 - Running prompt generation...[0m
PROMPT GENERATION COMPLETE - Prompt #83
[0;32m2025-09-22 01:30:21 - Completed prompt #83[0m
[0;34m2025-09-22 01:30:27 - Generating prompt #84 (Section 5, Prompt 16/17)[0m
[1;33m2025-09-22 01:30:27 - Running prompt generation...[0m
PROMPT GENERATION COMPLETE - Prompt #84
[0;32m2025-09-22 01:30:48 - Completed prompt #84[0m
[0;34m2025-09-22 01:30:53 - Generating prompt #85 (Section 5, Prompt 17/17)[0m
[1;33m2025-09-22 01:30:53 - Running prompt generation...[0m
PROMPT GENERATION COMPLETE - Prompt #85
[0;32m2025-09-22 01:31:14 - Completed prompt #85[0m
[0;34m2025-09-22 01:31:19 - Generating prompt #86 (Section 6, Prompt 1/17)[0m
[1;33m2025-09-22 01:31:19 - Running prompt generation...[0m
PROMPT GENERATION COMPLETE - Prompt #86
[0;32m2025-09-22 01:31:39 - Completed prompt #86[0m
[0;34m2025-09-22 01:31:44 - Generating prompt #87 (Section 6, Prompt 2/17)[0m
[1;33m2025-09-22 01:31:44 - Running prompt generation...[0m
PROMPT GENERATION COMPLETE - Prompt #87
[0;32m2025-09-22 01:32:06 - Completed prompt #87[0m
[0;34m2025-09-22 01:32:11 - Generating prompt #88 (Section 6, Prompt 3/17)[0m
[1;33m2025-09-22 01:32:11 - Running prompt generation...[0m
PROMPT GENERATION COMPLETE - Prompt #88
[0;32m2025-09-22 01:32:32 - Completed prompt #88[0m
[0;34m2025-09-22 01:32:37 - Generating prompt #89 (Section 6, Prompt 4/17)[0m
[1;33m2025-09-22 01:32:37 - Running prompt generation...[0m
PROMPT GENERATION COMPLETE - Prompt #89
[0;32m2025-09-22 01:32:59 - Completed prompt #89[0m
[0;34m2025-09-22 01:33:04 - Generating prompt #90 (Section 6, Prompt 5/17)[0m
[1;33m2025-09-22 01:33:04 - Running prompt generation...[0m
PROMPT GENERATION COMPLETE - Prompt #90
[0;32m2025-09-22 01:33:24 - Completed prompt #90[0m
[0;34m2025-09-22 01:33:29 - Generating prompt #91 (Section 6, Prompt 6/17)[0m
[1;33m2025-09-22 01:33:29 - Running prompt generation...[0m
PROMPT GENERATION COMPLETE - Prompt #91
[0;32m2025-09-22 01:33:52 - Completed prompt #91[0m
[0;34m2025-09-22 01:33:57 - Generating prompt #92 (Section 6, Prompt 7/17)[0m
[1;33m2025-09-22 01:33:57 - Running prompt generation...[0m
PROMPT GENERATION COMPLETE - Prompt #92
[0;32m2025-09-22 01:34:19 - Completed prompt #92[0m
[0;34m2025-09-22 01:34:24 - Generating prompt #93 (Section 6, Prompt 8/17)[0m
[1;33m2025-09-22 01:34:24 - Running prompt generation...[0m
PROMPT GENERATION COMPLETE - Prompt #93
[0;32m2025-09-22 01:34:48 - Completed prompt #93[0m
[0;34m2025-09-22 01:34:53 - Generating prompt #94 (Section 6, Prompt 9/17)[0m
[1;33m2025-09-22 01:34:53 - Running prompt generation...[0m
PROMPT GENERATION COMPLETE - Prompt #94
[0;32m2025-09-22 01:35:15 - Completed prompt #94[0m
[0;34m2025-09-22 01:35:20 - Generating prompt #95 (Section 6, Prompt 10/17)[0m
[1;33m2025-09-22 01:35:20 - Running prompt generation...[0m
PROMPT GENERATION COMPLETE - Prompt #95
[0;32m2025-09-22 01:35:42 - Completed prompt #95[0m
[0;34m2025-09-22 01:35:47 - Generating prompt #96 (Section 6, Prompt 11/17)[0m
[1;33m2025-09-22 01:35:47 - Running prompt generation...[0m
PROMPT GENERATION COMPLETE - Prompt #96
[0;32m2025-09-22 01:36:12 - Completed prompt #96[0m
[0;34m2025-09-22 01:36:17 - Generating prompt #97 (Section 6, Prompt 12/17)[0m
[1;33m2025-09-22 01:36:17 - Running prompt generation...[0m
PROMPT GENERATION COMPLETE - Prompt #97
[0;32m2025-09-22 01:36:40 - Completed prompt #97[0m
[0;34m2025-09-22 01:36:45 - Generating prompt #98 (Section 6, Prompt 13/17)[0m
[1;33m2025-09-22 01:36:45 - Running prompt generation...[0m
PROMPT GENERATION COMPLETE - Prompt #98
[0;32m2025-09-22 01:37:07 - Completed prompt #98[0m
[0;34m2025-09-22 01:37:12 - Generating prompt #99 (Section 6, Prompt 14/17)[0m
[1;33m2025-09-22 01:37:12 - Running prompt generation...[0m
PROMPT GENERATION COMPLETE - Prompt #99
[0;32m2025-09-22 01:37:35 - Completed prompt #99[0m
[0;34m2025-09-22 01:37:40 - Generating prompt #100 (Section 6, Prompt 15/17)[0m
[1;33m2025-09-22 01:37:40 - Running prompt generation...[0m
PROMPT GENERATION COMPLETE - Prompt #100
[0;32m2025-09-22 01:38:02 - Completed prompt #100[0m
[0;34m2025-09-22 01:38:07 - Generating prompt #101 (Section 6, Prompt 16/17)[0m
[1;33m2025-09-22 01:38:07 - Running prompt generation...[0m
PROMPT GENERATION COMPLETE - Prompt #101
[0;32m2025-09-22 01:38:29 - Completed prompt #101[0m
[0;34m2025-09-22 01:38:34 - Generating prompt #102 (Section 6, Prompt 17/17)[0m
[1;33m2025-09-22 01:38:34 - Running prompt generation...[0m
PROMPT GENERATION COMPLETE - Prompt #102
[0;32m2025-09-22 01:38:57 - Completed prompt #102[0m
