[0;34m2025-09-22 08:36:13 - Starting Prompt Generation Cycle for template: retirement-transition[0m
[1;33m2025-09-22 08:36:13 - Override flag detected - resetting progress and recreating files[0m
[0;32m2025-09-22 08:36:13 - Progress reset to 0 for template: retirement-transition[0m
[0;32m2025-09-22 08:36:13 - Using existing worktree: ../templata-retirement-transition[0m
[1;33m2025-09-22 08:36:13 - Creating template prompt file: prompts-retirement-transition.ts[0m
[0;32m2025-09-22 08:36:13 - Created template prompt file: ../templata-retirement-transition/src/data/prompts-retirement-transition.ts[0m
[0;34m2025-09-22 08:36:13 - Generating prompt #1 (Section 1, Prompt 1/17)[0m
[1;33m2025-09-22 08:36:13 - Running prompt generation...[0m
PROMPT GENERATION COMPLETE - Prompt #1
[0;32m2025-09-22 08:36:42 - Completed prompt #1[0m
[0;34m2025-09-22 08:36:47 - Generating prompt #2 (Section 1, Prompt 2/17)[0m
[1;33m2025-09-22 08:36:47 - Running prompt generation...[0m
PROMPT GENERATION COMPLETE - Prompt #2
[0;32m2025-09-22 08:37:18 - Completed prompt #2[0m
[0;34m2025-09-22 08:37:23 - Generating prompt #3 (Section 1, Prompt 3/17)[0m
[1;33m2025-09-22 08:37:23 - Running prompt generation...[0m
PROMPT GENERATION COMPLETE - Prompt #3
[0;32m2025-09-22 08:37:51 - Completed prompt #3[0m
[0;34m2025-09-22 08:37:57 - Generating prompt #4 (Section 1, Prompt 4/17)[0m
[1;33m2025-09-22 08:37:57 - Running prompt generation...[0m
PROMPT GENERATION COMPLETE - Prompt #4
[0;32m2025-09-22 08:38:24 - Completed prompt #4[0m
[0;34m2025-09-22 08:38:29 - Generating prompt #5 (Section 1, Prompt 5/17)[0m
[1;33m2025-09-22 08:38:29 - Running prompt generation...[0m
PROMPT GENERATION COMPLETE - Prompt #5
[0;32m2025-09-22 08:38:53 - Completed prompt #5[0m
[0;34m2025-09-22 08:38:58 - Generating prompt #6 (Section 1, Prompt 6/17)[0m
[1;33m2025-09-22 08:38:58 - Running prompt generation...[0m
PROMPT GENERATION COMPLETE - Prompt #6
[0;34m2025-09-22 08:56:35 - Starting Prompt Generation Cycle for template: retirement-transition[0m
[0;32m2025-09-22 08:56:35 - Using existing worktree: ../templata-retirement-transition[0m
[0;34m2025-09-22 08:56:35 - Generating prompt #6 (Section 1, Prompt 6/17)[0m
[1;33m2025-09-22 08:56:35 - Running prompt generation...[0m
PROMPT GENERATION COMPLETE - Prompt #6
[0;32m2025-09-22 08:57:01 - Completed prompt #6[0m
[0;34m2025-09-22 08:57:07 - Generating prompt #7 (Section 1, Prompt 7/17)[0m
[1;33m2025-09-22 08:57:07 - Running prompt generation...[0m
PROMPT GENERATION COMPLETE - Prompt #7
[0;32m2025-09-22 08:57:31 - Completed prompt #7[0m
[0;34m2025-09-22 08:57:36 - Generating prompt #8 (Section 1, Prompt 8/17)[0m
[1;33m2025-09-22 08:57:36 - Running prompt generation...[0m
PROMPT GENERATION COMPLETE - Prompt #8
[0;32m2025-09-22 08:57:59 - Completed prompt #8[0m
[0;34m2025-09-22 08:58:04 - Generating prompt #9 (Section 1, Prompt 9/17)[0m
[1;33m2025-09-22 08:58:04 - Running prompt generation...[0m
PROMPT GENERATION COMPLETE - Prompt #9
[0;32m2025-09-22 08:58:29 - Completed prompt #9[0m
[0;34m2025-09-22 08:58:34 - Generating prompt #10 (Section 1, Prompt 10/17)[0m
[1;33m2025-09-22 08:58:34 - Running prompt generation...[0m
PROMPT GENERATION COMPLETE - Prompt #10
[0;32m2025-09-22 08:58:58 - Completed prompt #10[0m
[0;34m2025-09-22 08:59:03 - Generating prompt #11 (Section 1, Prompt 11/17)[0m
[1;33m2025-09-22 08:59:03 - Running prompt generation...[0m
PROMPT GENERATION COMPLETE - Prompt #11
[0;32m2025-09-22 08:59:26 - Completed prompt #11[0m
[0;34m2025-09-22 08:59:31 - Generating prompt #12 (Section 1, Prompt 12/17)[0m
[1;33m2025-09-22 08:59:31 - Running prompt generation...[0m
