[0;34m2025-09-21 23:05:45 - Starting Prompt Generation Cycle for template: spiritual-awakening[0m
[1;33m2025-09-21 23:05:45 - Override flag detected - resetting progress and recreating files[0m
[0;32m2025-09-21 23:05:45 - Progress reset to 0 for template: spiritual-awakening[0m
[0;32m2025-09-21 23:05:45 - Using existing worktree: ../templata-spiritual-awakening[0m
[1;33m2025-09-21 23:05:45 - Creating template prompt file: prompts-spiritual-awakening.ts[0m
[0;32m2025-09-21 23:05:45 - Created template prompt file: ../templata-spiritual-awakening/src/data/prompts-spiritual-awakening.ts[0m
[0;34m2025-09-21 23:05:46 - Generating prompt #1 (Section 1, Prompt 1/17)[0m
[1;33m2025-09-21 23:05:46 - Running prompt generation...[0m
PROMPT GENERATION COMPLETE - Prompt #1
[0;32m2025-09-21 23:06:08 - Completed prompt #1[0m
[0;34m2025-09-21 23:06:13 - Generating prompt #2 (Section 1, Prompt 2/17)[0m
[1;33m2025-09-21 23:06:13 - Running prompt generation...[0m
PROMPT GENERATION COMPLETE - Prompt #2
[0;32m2025-09-21 23:06:35 - Completed prompt #2[0m
[0;34m2025-09-21 23:06:40 - Generating prompt #3 (Section 1, Prompt 3/17)[0m
[1;33m2025-09-21 23:06:40 - Running prompt generation...[0m
PROMPT GENERATION COMPLETE - Prompt #3
[0;32m2025-09-21 23:07:02 - Completed prompt #3[0m
[0;34m2025-09-21 23:07:07 - Generating prompt #4 (Section 1, Prompt 4/17)[0m
[1;33m2025-09-21 23:07:07 - Running prompt generation...[0m
PROMPT GENERATION COMPLETE - Prompt #4
[0;32m2025-09-21 23:07:29 - Completed prompt #4[0m
[0;34m2025-09-21 23:07:34 - Generating prompt #5 (Section 1, Prompt 5/17)[0m
[1;33m2025-09-21 23:07:34 - Running prompt generation...[0m
PROMPT GENERATION COMPLETE - Prompt #5
[0;32m2025-09-21 23:07:57 - Completed prompt #5[0m
[0;34m2025-09-21 23:08:02 - Generating prompt #6 (Section 1, Prompt 6/17)[0m
[1;33m2025-09-21 23:08:03 - Running prompt generation...[0m
PROMPT GENERATION COMPLETE - Prompt #6
[0;32m2025-09-21 23:08:25 - Completed prompt #6[0m
[0;34m2025-09-21 23:08:30 - Generating prompt #7 (Section 1, Prompt 7/17)[0m
[1;33m2025-09-21 23:08:30 - Running prompt generation...[0m
PROMPT GENERATION COMPLETE - Prompt #7
[0;32m2025-09-21 23:08:52 - Completed prompt #7[0m
[0;34m2025-09-21 23:08:57 - Generating prompt #8 (Section 1, Prompt 8/17)[0m
[1;33m2025-09-21 23:08:57 - Running prompt generation...[0m
PROMPT GENERATION COMPLETE - Prompt #8
[0;32m2025-09-21 23:09:20 - Completed prompt #8[0m
[0;34m2025-09-21 23:09:25 - Generating prompt #9 (Section 1, Prompt 9/17)[0m
[1;33m2025-09-21 23:09:25 - Running prompt generation...[0m
PROMPT GENERATION COMPLETE - Prompt #9
[0;32m2025-09-21 23:09:51 - Completed prompt #9[0m
[0;34m2025-09-21 23:09:56 - Generating prompt #10 (Section 1, Prompt 10/17)[0m
[1;33m2025-09-21 23:09:56 - Running prompt generation...[0m
PROMPT GENERATION COMPLETE - Prompt #10
[0;32m2025-09-21 23:10:19 - Completed prompt #10[0m
[0;34m2025-09-21 23:10:24 - Generating prompt #11 (Section 1, Prompt 11/17)[0m
[1;33m2025-09-21 23:10:24 - Running prompt generation...[0m
PROMPT GENERATION COMPLETE - Prompt #11
[0;32m2025-09-21 23:10:46 - Completed prompt #11[0m
[0;34m2025-09-21 23:10:51 - Generating prompt #12 (Section 1, Prompt 12/17)[0m
[1;33m2025-09-21 23:10:51 - Running prompt generation...[0m
PROMPT GENERATION COMPLETE - Prompt #12
[0;32m2025-09-21 23:11:15 - Completed prompt #12[0m
[0;34m2025-09-21 23:11:20 - Generating prompt #13 (Section 1, Prompt 13/17)[0m
[1;33m2025-09-21 23:11:20 - Running prompt generation...[0m
PROMPT GENERATION COMPLETE - Prompt #13
[0;32m2025-09-21 23:11:44 - Completed prompt #13[0m
[0;34m2025-09-21 23:11:49 - Generating prompt #14 (Section 1, Prompt 14/17)[0m
[1;33m2025-09-21 23:11:49 - Running prompt generation...[0m
PROMPT GENERATION COMPLETE - Prompt #14
[0;32m2025-09-21 23:12:12 - Completed prompt #14[0m
[0;34m2025-09-21 23:12:17 - Generating prompt #15 (Section 1, Prompt 15/17)[0m
[1;33m2025-09-21 23:12:17 - Running prompt generation...[0m
PROMPT GENERATION COMPLETE - Prompt #15
[0;32m2025-09-21 23:12:40 - Completed prompt #15[0m
[0;34m2025-09-21 23:12:45 - Generating prompt #16 (Section 1, Prompt 16/17)[0m
[1;33m2025-09-21 23:12:45 - Running prompt generation...[0m
PROMPT GENERATION COMPLETE - Prompt #16
[0;32m2025-09-21 23:13:07 - Completed prompt #16[0m
[0;34m2025-09-21 23:13:12 - Generating prompt #17 (Section 1, Prompt 17/17)[0m
[1;33m2025-09-21 23:13:12 - Running prompt generation...[0m
PROMPT GENERATION COMPLETE - Prompt #17
[0;32m2025-09-21 23:13:35 - Completed prompt #17[0m
[0;34m2025-09-21 23:13:40 - Generating prompt #18 (Section 2, Prompt 1/17)[0m
[1;33m2025-09-21 23:13:40 - Running prompt generation...[0m
PROMPT GENERATION COMPLETE - Prompt #18
[0;32m2025-09-21 23:14:02 - Completed prompt #18[0m
[0;34m2025-09-21 23:14:07 - Generating prompt #19 (Section 2, Prompt 2/17)[0m
[1;33m2025-09-21 23:14:07 - Running prompt generation...[0m
PROMPT GENERATION COMPLETE - Prompt #19
[0;32m2025-09-21 23:14:30 - Completed prompt #19[0m
[0;34m2025-09-21 23:14:35 - Generating prompt #20 (Section 2, Prompt 3/17)[0m
[1;33m2025-09-21 23:14:35 - Running prompt generation...[0m
PROMPT GENERATION COMPLETE - Prompt #20
[0;32m2025-09-21 23:14:59 - Completed prompt #20[0m
[0;34m2025-09-21 23:15:04 - Generating prompt #21 (Section 2, Prompt 4/17)[0m
[1;33m2025-09-21 23:15:04 - Running prompt generation...[0m
PROMPT GENERATION COMPLETE - Prompt #21
[0;32m2025-09-21 23:15:27 - Completed prompt #21[0m
[0;34m2025-09-21 23:15:32 - Generating prompt #22 (Section 2, Prompt 5/17)[0m
[1;33m2025-09-21 23:15:32 - Running prompt generation...[0m
PROMPT GENERATION COMPLETE - Prompt #22
[0;32m2025-09-21 23:15:54 - Completed prompt #22[0m
[0;34m2025-09-21 23:15:59 - Generating prompt #23 (Section 2, Prompt 6/17)[0m
[1;33m2025-09-21 23:15:59 - Running prompt generation...[0m
PROMPT GENERATION COMPLETE - Prompt #23
[0;32m2025-09-21 23:16:22 - Completed prompt #23[0m
[0;34m2025-09-21 23:16:27 - Generating prompt #24 (Section 2, Prompt 7/17)[0m
[1;33m2025-09-21 23:16:27 - Running prompt generation...[0m
PROMPT GENERATION COMPLETE - Prompt #24
[0;32m2025-09-21 23:16:49 - Completed prompt #24[0m
[0;34m2025-09-21 23:16:54 - Generating prompt #25 (Section 2, Prompt 8/17)[0m
[1;33m2025-09-21 23:16:54 - Running prompt generation...[0m
PROMPT GENERATION COMPLETE - Prompt #25
[0;32m2025-09-21 23:17:18 - Completed prompt #25[0m
[0;34m2025-09-21 23:17:23 - Generating prompt #26 (Section 2, Prompt 9/17)[0m
[1;33m2025-09-21 23:17:23 - Running prompt generation...[0m
PROMPT GENERATION COMPLETE - Prompt #26
[0;32m2025-09-21 23:17:45 - Completed prompt #26[0m
[0;34m2025-09-21 23:17:50 - Generating prompt #27 (Section 2, Prompt 10/17)[0m
[1;33m2025-09-21 23:17:50 - Running prompt generation...[0m
<invoke name="Edit">
<parameter name="file_path">/Users/ikim1/Documents/GitHub/templata-spiritual-awakening/src/data/prompts-spiritual-awakening.ts</parameter>
<parameter name="old_string">  {
    id: 'prompt-26',
    prompt: 'Research and plan your spiritual awakening support structure by identifying 3 preparation areas where you need additional knowledge or resources',
    category: 'planning',
    helpText: 'Successful spiritual awakening requires thorough preparation across multiple areas including mental/emotional readiness, practical knowledge, and support systems. Conduct a preparedness assessment by identifying gaps in areas like meditation techniques, understanding of spiritual traditions, emotional regulation skills, or community connections. Create a specific plan to address each gap within the next 30 days, whether through reading, courses, or seeking mentorship, ensuring you have a solid foundation before beginning intensive spiritual practices.'
  }
];</parameter>
<parameter name="new_string">  {
    id: 'prompt-26',
    prompt: 'Research and plan your spiritual awakening support structure by identifying 3 preparation areas where you need additional knowledge or resources',
    category: 'planning',
    helpText: 'Successful spiritual awakening requires thorough preparation across multiple areas including mental/emotional readiness, practical knowledge, and support systems. Conduct a preparedness assessment by identifying gaps in areas like meditation techniques, understanding of spiritual traditions, emotional regulation skills, or community connections. Create a specific plan to address each gap within the next 30 days, whether through reading, courses, or seeking mentorship, ensuring you have a solid foundation before beginning intensive spiritual practices.'
  },
  {
    id: 'prompt-27',
    prompt: 'Create a structured preparation schedule by mapping out your ideal daily, weekly, and monthly spiritual practice routine for the next 3 months',
    category: 'planning',
    helpText: 'A well-designed preparation schedule transforms spiritual awakening from sporadic inspiration into consistent progress by creating sustainable rhythms that honor both your spiritual goals and practical life demands. Design a realistic timetable that includes daily meditation periods, weekly study sessions, and monthly reflection practices, taking into account your work schedule, family commitments, and energy levels. This structured approach prevents the common trap of overwhelming yourself with unrealistic spiritual commitments while ensuring steady progress toward deeper awakening experiences.'
  }
];</parameter>
</invoke>
[0;32m2025-09-21 23:18:09 - Completed prompt #27[0m
[0;34m2025-09-21 23:18:14 - Generating prompt #28 (Section 2, Prompt 11/17)[0m
[1;33m2025-09-21 23:18:14 - Running prompt generation...[0m
<invoke name="Edit">
<parameter name="file_path">/Users/ikim1/Documents/GitHub/templata-spiritual-awakening/src/data/prompts-spiritual-awakening.ts</parameter>
<parameter name="old_string">  {
    id: 'prompt-26',
    prompt: 'Research and plan your spiritual awakening support structure by identifying 3 preparation areas where you need additional knowledge or resources',
    category: 'planning',
    helpText: 'Successful spiritual awakening requires thorough preparation across multiple areas including mental/emotional readiness, practical knowledge, and support systems. Conduct a preparedness assessment by identifying gaps in areas like meditation techniques, understanding of spiritual traditions, emotional regulation skills, or community connections. Create a specific plan to address each gap within the next 30 days, whether through reading, courses, or seeking mentorship, ensuring you have a solid foundation before beginning intensive spiritual practices.'
  }
];</parameter>
<parameter name="new_string">  {
    id: 'prompt-26',
    prompt: 'Research and plan your spiritual awakening support structure by identifying 3 preparation areas where you need additional knowledge or resources',
    category: 'planning',
    helpText: 'Successful spiritual awakening requires thorough preparation across multiple areas including mental/emotional readiness, practical knowledge, and support systems. Conduct a preparedness assessment by identifying gaps in areas like meditation techniques, understanding of spiritual traditions, emotional regulation skills, or community connections. Create a specific plan to address each gap within the next 30 days, whether through reading, courses, or seeking mentorship, ensuring you have a solid foundation before beginning intensive spiritual practices.'
  },
  {
    id: 'prompt-27',
    prompt: 'Create a detailed daily spiritual preparation schedule by blocking out specific times for meditation, study, and reflection over the next 21 days',
    category: 'planning',
    helpText: 'Establishing a structured daily routine creates the disciplined foundation necessary for spiritual awakening while ensuring your preparation becomes a non-negotiable priority rather than an optional activity. Design a realistic daily schedule that includes 15 minutes morning meditation, 20 minutes evening study time, and 10 minutes bedtime reflection, then commit to following this schedule for exactly 21 days to create new neural pathways. This structured approach transforms spiritual preparation from random activities into a coherent practice that builds momentum and measurable progress toward deeper awakening work.'
  },
  {
    id: 'prompt-28',
    prompt: 'Research and compile a comprehensive list of 10 potential spiritual pitfalls or challenges and create specific strategies for navigating each one',
    category: 'research',
    helpText: 'Understanding common spiritual obstacles before encountering them prevents derailment and helps you maintain steady progress during challenging phases of awakening. Research pitfalls like spiritual bypassing, ego inflation, energy imbalances, or isolation from loved ones through books, online resources, and experienced practitioners. For each pitfall, develop a specific strategy such as regular check-ins with a mentor, maintaining grounding practices, or setting boundaries with spiritual materialism, creating a comprehensive guide that keeps your awakening journey balanced and authentic.'
  }
];</parameter>
</invoke>
[0;32m2025-09-21 23:18:37 - Completed prompt #28[0m
[0;34m2025-09-21 23:18:42 - Generating prompt #29 (Section 2, Prompt 12/17)[0m
[1;33m2025-09-21 23:18:42 - Running prompt generation...[0m
PROMPT GENERATION COMPLETE - Prompt #29
[0;32m2025-09-21 23:19:04 - Completed prompt #29[0m
[0;34m2025-09-21 23:19:09 - Generating prompt #30 (Section 2, Prompt 13/17)[0m
[1;33m2025-09-21 23:19:09 - Running prompt generation...[0m
PROMPT GENERATION COMPLETE - Prompt #30
[0;32m2025-09-21 23:19:32 - Completed prompt #30[0m
[0;34m2025-09-21 23:19:37 - Generating prompt #31 (Section 2, Prompt 14/17)[0m
[1;33m2025-09-21 23:19:37 - Running prompt generation...[0m
PROMPT GENERATION COMPLETE - Prompt #31
[0;32m2025-09-21 23:20:05 - Completed prompt #31[0m
[0;34m2025-09-21 23:20:10 - Generating prompt #32 (Section 2, Prompt 15/17)[0m
[1;33m2025-09-21 23:20:10 - Running prompt generation...[0m
PROMPT GENERATION COMPLETE - Prompt #32
[0;32m2025-09-21 23:20:33 - Completed prompt #32[0m
[0;34m2025-09-21 23:20:38 - Generating prompt #33 (Section 2, Prompt 16/17)[0m
[1;33m2025-09-21 23:20:38 - Running prompt generation...[0m
PROMPT GENERATION COMPLETE - Prompt #33
[0;32m2025-09-21 23:21:01 - Completed prompt #33[0m
[0;34m2025-09-21 23:21:06 - Generating prompt #34 (Section 2, Prompt 17/17)[0m
[1;33m2025-09-21 23:21:06 - Running prompt generation...[0m
PROMPT GENERATION COMPLETE - Prompt #34
[0;32m2025-09-21 23:21:30 - Completed prompt #34[0m
[0;34m2025-09-21 23:21:35 - Generating prompt #35 (Section 3, Prompt 1/17)[0m
[1;33m2025-09-21 23:21:35 - Running prompt generation...[0m
PROMPT GENERATION COMPLETE - Prompt #35
[0;32m2025-09-21 23:21:57 - Completed prompt #35[0m
[0;34m2025-09-21 23:22:02 - Generating prompt #36 (Section 3, Prompt 2/17)[0m
[1;33m2025-09-21 23:22:02 - Running prompt generation...[0m
PROMPT GENERATION COMPLETE - Prompt #36
[0;32m2025-09-21 23:22:26 - Completed prompt #36[0m
[0;34m2025-09-21 23:22:31 - Generating prompt #37 (Section 3, Prompt 3/17)[0m
[1;33m2025-09-21 23:22:31 - Running prompt generation...[0m
<invoke name="Edit">
<parameter name="file_path">/Users/ikim1/Documents/GitHub/templata-spiritual-awakening/src/data/prompts-spiritual-awakening.ts</parameter>
<parameter name="old_string">  {
    id: 'prompt-36',
    prompt: 'Create a structured action plan for integrating spiritual insights into your work and relationships by identifying 3 specific ways to apply awakening principles in daily interactions',
    category: 'action',
    helpText: 'True spiritual awakening must extend beyond personal practice into how you engage with others and approach your responsibilities, creating authentic transformation rather than spiritual compartmentalization. Identify three specific ways to apply spiritual principles like presence, compassion, or non-judgment in your workplace or relationships, then practice implementing these approaches for one week while documenting the results. This integration practice ensures your awakening creates positive change in your external world and prevents the spiritual practice from becoming disconnected from real-life challenges and opportunities for growth.'
  }
];</parameter>
<parameter name="new_string">  {
    id: 'prompt-36',
    prompt: 'Create a structured action plan for integrating spiritual insights into your work and relationships by identifying 3 specific ways to apply awakening principles in daily interactions',
    category: 'action',
    helpText: 'True spiritual awakening must extend beyond personal practice into how you engage with others and approach your responsibilities, creating authentic transformation rather than spiritual compartmentalization. Identify three specific ways to apply spiritual principles like presence, compassion, or non-judgment in your workplace or relationships, then practice implementing these approaches for one week while documenting the results. This integration practice ensures your awakening creates positive change in your external world and prevents the spiritual practice from becoming disconnected from real-life challenges and opportunities for growth.'
  },
  {
    id: 'prompt-37',
    prompt: 'Complete a spiritual mentor interview by preparing 10 thoughtful questions and conducting a formal conversation with an experienced spiritual teacher or guide',
    category: 'action',
    helpText: 'Learning directly from someone who has navigated their own awakening journey provides invaluable wisdom and helps you avoid common pitfalls while gaining personalized guidance for your unique path. Prepare specific questions about their awakening process, daily practices, how they handle challenges, and advice for beginners, then schedule a formal interview session of at least 30 minutes. This direct mentorship connection accelerates your learning and provides the human wisdom that books and courses cannot replicate.'
  }
];</parameter>
</invoke>
[0;32m2025-09-21 23:22:51 - Completed prompt #37[0m
[0;34m2025-09-21 23:22:56 - Generating prompt #38 (Section 3, Prompt 4/17)[0m
[1;33m2025-09-21 23:22:56 - Running prompt generation...[0m
PROMPT GENERATION COMPLETE - Prompt #38
[0;32m2025-09-21 23:23:20 - Completed prompt #38[0m
[0;34m2025-09-21 23:23:25 - Generating prompt #39 (Section 3, Prompt 5/17)[0m
[1;33m2025-09-21 23:23:25 - Running prompt generation...[0m
<invoke name="Edit">
<parameter name="file_path">/Users/ikim1/Documents/GitHub/templata-spiritual-awakening/src/data/prompts-spiritual-awakening.ts</parameter>
<parameter name="old_string">  {
    id: 'prompt-38',
    prompt: 'Schedule and complete a sacred boundary assessment by identifying 3 energy drains in your life and creating action steps to protect your spiritual energy',
    category: 'action',
    helpText: 'Protecting your energetic boundaries is essential during spiritual awakening as increased sensitivity can make you vulnerable to energy depletion from toxic people, environments, or activities. Schedule 1 hour to identify the top 3 situations, relationships, or commitments that consistently drain your energy, then create specific action steps like setting communication limits, changing environments, or ending energy-draining commitments. This boundary work ensures your spiritual energy remains available for growth rather than being constantly depleted by unbalanced exchanges.'
  }</parameter>
<parameter name="new_string">  {
    id: 'prompt-38',
    prompt: 'Schedule and complete a sacred boundary assessment by identifying 3 energy drains in your life and creating action steps to protect your spiritual energy',
    category: 'action',
    helpText: 'Protecting your energetic boundaries is essential during spiritual awakening as increased sensitivity can make you vulnerable to energy depletion from toxic people, environments, or activities. Schedule 1 hour to identify the top 3 situations, relationships, or commitments that consistently drain your energy, then create specific action steps like setting communication limits, changing environments, or ending energy-draining commitments. This boundary work ensures your spiritual energy remains available for growth rather than being constantly depleted by unbalanced exchanges.'
  },
  {
    id: 'prompt-39',
    prompt: 'Schedule and attend one spiritual ceremony or ritual that aligns with your awakening path within the next 30 days',
    category: 'action',
    helpText: 'Participating in spiritual ceremonies creates powerful community connections and provides structured containers for transformative experiences that accelerate awakening beyond individual practice. Research local ceremonies like meditation groups, sacred circles, nature-based rituals, or traditional spiritual ceremonies that resonate with your path, then commit to attending one within 30 days. This action step moves you from solitary practice into community engagement, providing inspiration, support, and opportunities for deeper spiritual experiences through collective energy and shared intention.'
  }</parameter>
</invoke>
[0;32m2025-09-21 23:23:46 - Completed prompt #39[0m
[0;34m2025-09-21 23:23:51 - Generating prompt #40 (Section 3, Prompt 6/17)[0m
[1;33m2025-09-21 23:23:51 - Running prompt generation...[0m
PROMPT GENERATION COMPLETE - Prompt #40
[0;32m2025-09-21 23:24:13 - Completed prompt #40[0m
[0;34m2025-09-21 23:24:18 - Generating prompt #41 (Section 3, Prompt 7/17)[0m
[1;33m2025-09-21 23:24:18 - Running prompt generation...[0m
PROMPT GENERATION COMPLETE - Prompt #41
[0;32m2025-09-21 23:24:41 - Completed prompt #41[0m
[0;34m2025-09-21 23:24:46 - Generating prompt #42 (Section 3, Prompt 8/17)[0m
[1;33m2025-09-21 23:24:46 - Running prompt generation...[0m
PROMPT GENERATION COMPLETE - Prompt #42
[0;32m2025-09-21 23:25:09 - Completed prompt #42[0m
[0;34m2025-09-21 23:25:14 - Generating prompt #43 (Section 3, Prompt 9/17)[0m
[1;33m2025-09-21 23:25:14 - Running prompt generation...[0m
PROMPT GENERATION COMPLETE - Prompt #43
[0;32m2025-09-21 23:25:37 - Completed prompt #43[0m
[0;34m2025-09-21 23:25:42 - Generating prompt #44 (Section 3, Prompt 10/17)[0m
[1;33m2025-09-21 23:25:42 - Running prompt generation...[0m
PROMPT GENERATION COMPLETE - Prompt #44
[0;32m2025-09-21 23:26:04 - Completed prompt #44[0m
[0;34m2025-09-21 23:26:09 - Generating prompt #45 (Section 3, Prompt 11/17)[0m
[1;33m2025-09-21 23:26:09 - Running prompt generation...[0m
PROMPT GENERATION COMPLETE - Prompt #45
[0;32m2025-09-21 23:26:31 - Completed prompt #45[0m
[0;34m2025-09-21 23:26:36 - Generating prompt #46 (Section 3, Prompt 12/17)[0m
[1;33m2025-09-21 23:26:36 - Running prompt generation...[0m
PROMPT GENERATION COMPLETE - Prompt #46
[0;32m2025-09-21 23:27:00 - Completed prompt #46[0m
[0;34m2025-09-21 23:27:05 - Generating prompt #47 (Section 3, Prompt 13/17)[0m
[1;33m2025-09-21 23:27:05 - Running prompt generation...[0m
<invoke name="Edit">
<parameter name="file_path">/Users/ikim1/Documents/GitHub/templata-spiritual-awakening/src/data/prompts-spiritual-awakening.ts</parameter>
<parameter name="old_string">  {
    id: 'prompt-46',
    prompt: 'Create a personalized integration plan by identifying 3 spiritual insights you\'ve gained and designing specific action steps to apply them in your daily relationships and work',
    category: 'action',
    helpText: 'Moving from spiritual understanding to lived transformation requires conscious integration of insights into your everyday interactions and responsibilities. Document three meaningful realizations from your awakening journey (such as increased compassion, awareness of interconnection, or understanding of ego patterns) and create specific action steps for applying each insight in real situations like difficult conversations, work challenges, or family dynamics. This integration practice ensures your spiritual growth creates tangible positive changes in your external world rather than remaining disconnected from daily life.'
  }</parameter>
<parameter name="new_string">  {
    id: 'prompt-46',
    prompt: 'Create a personalized integration plan by identifying 3 spiritual insights you\'ve gained and designing specific action steps to apply them in your daily relationships and work',
    category: 'action',
    helpText: 'Moving from spiritual understanding to lived transformation requires conscious integration of insights into your everyday interactions and responsibilities. Document three meaningful realizations from your awakening journey (such as increased compassion, awareness of interconnection, or understanding of ego patterns) and create specific action steps for applying each insight in real situations like difficult conversations, work challenges, or family dynamics. This integration practice ensures your spiritual growth creates tangible positive changes in your external world rather than remaining disconnected from daily life.'
  },
  {
    id: 'prompt-47',
    prompt: 'Begin a structured service practice by committing to one weekly volunteer activity that aligns with your spiritual values and allows you to practice compassion in action',
    category: 'action',
    helpText: 'Service is a fundamental aspect of spiritual awakening that helps transcend ego-centered consciousness by focusing on others\' wellbeing and connecting you to the interconnectedness of all life. Choose a volunteer opportunity that resonates with your values—such as helping at a food bank, supporting environmental causes, or assisting elderly community members—and commit to spending 2-3 hours each week in this service. This practice transforms spiritual insights into compassionate action while providing opportunities to practice presence, patience, and selfless love in real-world situations.'
  }</parameter>
</invoke>
[0;32m2025-09-21 23:27:25 - Completed prompt #47[0m
[0;34m2025-09-21 23:27:30 - Generating prompt #48 (Section 3, Prompt 14/17)[0m
[1;33m2025-09-21 23:27:30 - Running prompt generation...[0m
PROMPT GENERATION COMPLETE - Prompt #48
[0;32m2025-09-21 23:27:55 - Completed prompt #48[0m
[0;34m2025-09-21 23:28:00 - Generating prompt #49 (Section 3, Prompt 15/17)[0m
[1;33m2025-09-21 23:28:00 - Running prompt generation...[0m
PROMPT GENERATION COMPLETE - Prompt #49
[0;32m2025-09-21 23:28:24 - Completed prompt #49[0m
[0;34m2025-09-21 23:28:29 - Generating prompt #50 (Section 3, Prompt 16/17)[0m
[1;33m2025-09-21 23:28:29 - Running prompt generation...[0m
PROMPT GENERATION COMPLETE - Prompt #50
[0;32m2025-09-21 23:28:51 - Completed prompt #50[0m
[0;34m2025-09-21 23:28:56 - Generating prompt #51 (Section 3, Prompt 17/17)[0m
[1;33m2025-09-21 23:28:56 - Running prompt generation...[0m
<invoke name="Edit">
<parameter name="file_path">/Users/ikim1/Documents/GitHub/templata-spiritual-awakening/src/data/prompts-spiritual-awakening.ts</parameter>
<parameter name="old_string">  {
    id: 'prompt-50',
    prompt: 'Design and implement a daily spiritual action plan by choosing 3 transformative practices and committing to consistent implementation for 30 days',
    category: 'action',
    helpText: 'Moving from spiritual inspiration to actual transformation requires consistent daily action that bridges understanding with lived experience. Choose three specific practices such as morning gratitude meditation, conscious breathing throughout the day, and evening reflection journaling, then create a realistic daily schedule that incorporates all three. This structured implementation approach ensures your awakening creates tangible behavioral changes rather than remaining theoretical, while the 30-day commitment builds the neural pathways necessary for lasting spiritual transformation.'
  }
];</parameter>
<parameter name="new_string">  {
    id: 'prompt-50',
    prompt: 'Design and implement a daily spiritual action plan by choosing 3 transformative practices and committing to consistent implementation for 30 days',
    category: 'action',
    helpText: 'Moving from spiritual inspiration to actual transformation requires consistent daily action that bridges understanding with lived experience. Choose three specific practices such as morning gratitude meditation, conscious breathing throughout the day, and evening reflection journaling, then create a realistic daily schedule that incorporates all three. This structured implementation approach ensures your awakening creates tangible behavioral changes rather than remaining theoretical, while the 30-day commitment builds the neural pathways necessary for lasting spiritual transformation.'
  },
  {
    id: 'prompt-51',
    prompt: 'Schedule and complete a comprehensive spiritual mentor interview by contacting 3 qualified teachers and conducting in-depth conversations about their approach to guiding awakening students',
    category: 'action',
    helpText: 'Having the right spiritual guidance is crucial for navigating the challenges and avoiding pitfalls common in awakening journeys, making thorough mentor evaluation essential for your spiritual safety and progress. Research potential mentors through spiritual centers, online platforms, or personal recommendations, then schedule 45-60 minute conversations with each to discuss their teaching philosophy, experience with awakening students, and specific support methods. This active vetting process ensures you find a mentor whose approach aligns with your needs and values, providing the expert guidance necessary for authentic spiritual transformation.'
  }
];</parameter>
</invoke>
[0;32m2025-09-21 23:29:15 - Completed prompt #51[0m
[0;34m2025-09-21 23:29:21 - Generating prompt #52 (Section 4, Prompt 1/17)[0m
[1;33m2025-09-21 23:29:21 - Running prompt generation...[0m
PROMPT GENERATION COMPLETE - Prompt #52
[0;32m2025-09-21 23:29:43 - Completed prompt #52[0m
[0;34m2025-09-21 23:29:48 - Generating prompt #53 (Section 4, Prompt 2/17)[0m
[1;33m2025-09-21 23:29:48 - Running prompt generation...[0m
PROMPT GENERATION COMPLETE - Prompt #53
[0;32m2025-09-21 23:30:12 - Completed prompt #53[0m
[0;34m2025-09-21 23:30:17 - Generating prompt #54 (Section 4, Prompt 3/17)[0m
[1;33m2025-09-21 23:30:17 - Running prompt generation...[0m
PROMPT GENERATION COMPLETE - Prompt #54
[0;32m2025-09-21 23:30:39 - Completed prompt #54[0m
[0;34m2025-09-21 23:30:44 - Generating prompt #55 (Section 4, Prompt 4/17)[0m
[1;33m2025-09-21 23:30:44 - Running prompt generation...[0m
PROMPT GENERATION COMPLETE - Prompt #55
[0;32m2025-09-21 23:31:07 - Completed prompt #55[0m
[0;34m2025-09-21 23:31:12 - Generating prompt #56 (Section 4, Prompt 5/17)[0m
[1;33m2025-09-21 23:31:12 - Running prompt generation...[0m
PROMPT GENERATION COMPLETE - Prompt #56
[0;32m2025-09-21 23:31:35 - Completed prompt #56[0m
[0;34m2025-09-21 23:31:40 - Generating prompt #57 (Section 4, Prompt 6/17)[0m
[1;33m2025-09-21 23:31:40 - Running prompt generation...[0m
PROMPT GENERATION COMPLETE - Prompt #57
[0;32m2025-09-21 23:32:05 - Completed prompt #57[0m
[0;34m2025-09-21 23:32:10 - Generating prompt #58 (Section 4, Prompt 7/17)[0m
[1;33m2025-09-21 23:32:10 - Running prompt generation...[0m
PROMPT GENERATION COMPLETE - Prompt #58
[0;32m2025-09-21 23:32:33 - Completed prompt #58[0m
[0;34m2025-09-21 23:32:38 - Generating prompt #59 (Section 4, Prompt 8/17)[0m
[1;33m2025-09-21 23:32:38 - Running prompt generation...[0m
PROMPT GENERATION COMPLETE - Prompt #59
[0;32m2025-09-21 23:33:00 - Completed prompt #59[0m
[0;34m2025-09-21 23:33:05 - Generating prompt #60 (Section 4, Prompt 9/17)[0m
[1;33m2025-09-21 23:33:05 - Running prompt generation...[0m
PROMPT GENERATION COMPLETE - Prompt #60
[0;32m2025-09-21 23:33:29 - Completed prompt #60[0m
[0;34m2025-09-21 23:33:34 - Generating prompt #61 (Section 4, Prompt 10/17)[0m
[1;33m2025-09-21 23:33:34 - Running prompt generation...[0m
PROMPT GENERATION COMPLETE - Prompt #61
[0;32m2025-09-21 23:33:56 - Completed prompt #61[0m
[0;34m2025-09-21 23:34:01 - Generating prompt #62 (Section 4, Prompt 11/17)[0m
[1;33m2025-09-21 23:34:01 - Running prompt generation...[0m
PROMPT GENERATION COMPLETE - Prompt #62
[0;32m2025-09-21 23:34:24 - Completed prompt #62[0m
[0;34m2025-09-21 23:34:29 - Generating prompt #63 (Section 4, Prompt 12/17)[0m
[1;33m2025-09-21 23:34:29 - Running prompt generation...[0m
PROMPT GENERATION COMPLETE - Prompt #63
[0;32m2025-09-21 23:34:52 - Completed prompt #63[0m
[0;34m2025-09-21 23:34:57 - Generating prompt #64 (Section 4, Prompt 13/17)[0m
[1;33m2025-09-21 23:34:57 - Running prompt generation...[0m
PROMPT GENERATION COMPLETE - Prompt #64
[0;32m2025-09-21 23:35:20 - Completed prompt #64[0m
[0;34m2025-09-21 23:35:25 - Generating prompt #65 (Section 4, Prompt 14/17)[0m
[1;33m2025-09-21 23:35:25 - Running prompt generation...[0m
5-hour limit reached ∙ resets 12am
[0;32m2025-09-21 23:35:32 - Completed prompt #65[0m
[0;34m2025-09-21 23:35:37 - Generating prompt #66 (Section 4, Prompt 15/17)[0m
[1;33m2025-09-21 23:35:37 - Running prompt generation...[0m
5-hour limit reached ∙ resets 12am
[0;32m2025-09-21 23:35:45 - Completed prompt #66[0m
[0;34m2025-09-21 23:35:50 - Generating prompt #67 (Section 4, Prompt 16/17)[0m
[1;33m2025-09-21 23:35:50 - Running prompt generation...[0m
5-hour limit reached ∙ resets 12am
[0;32m2025-09-21 23:35:57 - Completed prompt #67[0m
[0;34m2025-09-21 23:36:02 - Generating prompt #68 (Section 4, Prompt 17/17)[0m
[1;33m2025-09-21 23:36:02 - Running prompt generation...[0m
5-hour limit reached ∙ resets 12am
[0;32m2025-09-21 23:36:10 - Completed prompt #68[0m
[0;34m2025-09-21 23:36:15 - Generating prompt #69 (Section 5, Prompt 1/17)[0m
[1;33m2025-09-21 23:36:15 - Running prompt generation...[0m
5-hour limit reached ∙ resets 12am
[0;32m2025-09-21 23:36:22 - Completed prompt #69[0m
[0;34m2025-09-21 23:36:27 - Generating prompt #70 (Section 5, Prompt 2/17)[0m
[1;33m2025-09-21 23:36:27 - Running prompt generation...[0m
5-hour limit reached ∙ resets 12am
[0;32m2025-09-21 23:36:35 - Completed prompt #70[0m
[0;34m2025-09-21 23:36:40 - Generating prompt #71 (Section 5, Prompt 3/17)[0m
[1;33m2025-09-21 23:36:40 - Running prompt generation...[0m
5-hour limit reached ∙ resets 12am
[0;32m2025-09-21 23:36:47 - Completed prompt #71[0m
[0;34m2025-09-21 23:36:52 - Generating prompt #72 (Section 5, Prompt 4/17)[0m
[1;33m2025-09-21 23:36:52 - Running prompt generation...[0m
5-hour limit reached ∙ resets 12am
[0;32m2025-09-21 23:37:00 - Completed prompt #72[0m
[0;34m2025-09-21 23:37:05 - Generating prompt #73 (Section 5, Prompt 5/17)[0m
[1;33m2025-09-21 23:37:05 - Running prompt generation...[0m
5-hour limit reached ∙ resets 12am
[0;32m2025-09-21 23:37:12 - Completed prompt #73[0m
[0;34m2025-09-21 23:37:17 - Generating prompt #74 (Section 5, Prompt 6/17)[0m
[1;33m2025-09-21 23:37:17 - Running prompt generation...[0m
5-hour limit reached ∙ resets 12am
[0;32m2025-09-21 23:37:24 - Completed prompt #74[0m
[0;34m2025-09-21 23:37:29 - Generating prompt #75 (Section 5, Prompt 7/17)[0m
[1;33m2025-09-21 23:37:30 - Running prompt generation...[0m
5-hour limit reached ∙ resets 12am
[0;32m2025-09-21 23:37:37 - Completed prompt #75[0m
[0;34m2025-09-21 23:37:42 - Generating prompt #76 (Section 5, Prompt 8/17)[0m
[1;33m2025-09-21 23:37:42 - Running prompt generation...[0m
5-hour limit reached ∙ resets 12am
[0;32m2025-09-21 23:37:49 - Completed prompt #76[0m
[0;34m2025-09-21 23:37:54 - Generating prompt #77 (Section 5, Prompt 9/17)[0m
[1;33m2025-09-21 23:37:54 - Running prompt generation...[0m
5-hour limit reached ∙ resets 12am
[0;32m2025-09-21 23:38:02 - Completed prompt #77[0m
[0;34m2025-09-21 23:38:07 - Generating prompt #78 (Section 5, Prompt 10/17)[0m
[1;33m2025-09-21 23:38:07 - Running prompt generation...[0m
5-hour limit reached ∙ resets 12am
[0;32m2025-09-21 23:38:14 - Completed prompt #78[0m
[0;34m2025-09-21 23:38:19 - Generating prompt #79 (Section 5, Prompt 11/17)[0m
[1;33m2025-09-21 23:38:19 - Running prompt generation...[0m
5-hour limit reached ∙ resets 12am
[0;32m2025-09-21 23:38:26 - Completed prompt #79[0m
[0;34m2025-09-21 23:38:31 - Generating prompt #80 (Section 5, Prompt 12/17)[0m
[1;33m2025-09-21 23:38:31 - Running prompt generation...[0m
5-hour limit reached ∙ resets 12am
[0;32m2025-09-21 23:38:39 - Completed prompt #80[0m
[0;34m2025-09-21 23:38:44 - Generating prompt #81 (Section 5, Prompt 13/17)[0m
[1;33m2025-09-21 23:38:44 - Running prompt generation...[0m
5-hour limit reached ∙ resets 12am
[0;32m2025-09-21 23:38:51 - Completed prompt #81[0m
[0;34m2025-09-21 23:38:56 - Generating prompt #82 (Section 5, Prompt 14/17)[0m
[1;33m2025-09-21 23:38:56 - Running prompt generation...[0m
5-hour limit reached ∙ resets 12am
[0;32m2025-09-21 23:39:04 - Completed prompt #82[0m
[0;34m2025-09-21 23:39:09 - Generating prompt #83 (Section 5, Prompt 15/17)[0m
[1;33m2025-09-21 23:39:09 - Running prompt generation...[0m
5-hour limit reached ∙ resets 12am
[0;32m2025-09-21 23:39:16 - Completed prompt #83[0m
[0;34m2025-09-21 23:39:21 - Generating prompt #84 (Section 5, Prompt 16/17)[0m
[1;33m2025-09-21 23:39:21 - Running prompt generation...[0m
5-hour limit reached ∙ resets 12am
[0;32m2025-09-21 23:39:28 - Completed prompt #84[0m
[0;34m2025-09-21 23:39:33 - Generating prompt #85 (Section 5, Prompt 17/17)[0m
[1;33m2025-09-21 23:39:34 - Running prompt generation...[0m
5-hour limit reached ∙ resets 12am
[0;32m2025-09-21 23:39:41 - Completed prompt #85[0m
[0;34m2025-09-21 23:39:46 - Generating prompt #86 (Section 6, Prompt 1/17)[0m
[1;33m2025-09-21 23:39:46 - Running prompt generation...[0m
5-hour limit reached ∙ resets 12am
[0;32m2025-09-21 23:39:53 - Completed prompt #86[0m
[0;34m2025-09-21 23:39:58 - Generating prompt #87 (Section 6, Prompt 2/17)[0m
[1;33m2025-09-21 23:39:58 - Running prompt generation...[0m
5-hour limit reached ∙ resets 12am
[0;32m2025-09-21 23:40:06 - Completed prompt #87[0m
[0;34m2025-09-21 23:40:11 - Generating prompt #88 (Section 6, Prompt 3/17)[0m
[1;33m2025-09-21 23:40:11 - Running prompt generation...[0m
5-hour limit reached ∙ resets 12am
[0;32m2025-09-21 23:40:19 - Completed prompt #88[0m
[0;34m2025-09-21 23:40:24 - Generating prompt #89 (Section 6, Prompt 4/17)[0m
[1;33m2025-09-21 23:40:24 - Running prompt generation...[0m
5-hour limit reached ∙ resets 12am
[0;32m2025-09-21 23:40:31 - Completed prompt #89[0m
[0;34m2025-09-21 23:40:36 - Generating prompt #90 (Section 6, Prompt 5/17)[0m
[1;33m2025-09-21 23:40:36 - Running prompt generation...[0m
5-hour limit reached ∙ resets 12am
[0;32m2025-09-21 23:40:44 - Completed prompt #90[0m
[0;34m2025-09-21 23:40:49 - Generating prompt #91 (Section 6, Prompt 6/17)[0m
[1;33m2025-09-21 23:40:49 - Running prompt generation...[0m
5-hour limit reached ∙ resets 12am
[0;32m2025-09-21 23:40:57 - Completed prompt #91[0m
[0;34m2025-09-21 23:41:02 - Generating prompt #92 (Section 6, Prompt 7/17)[0m
[1;33m2025-09-21 23:41:02 - Running prompt generation...[0m
5-hour limit reached ∙ resets 12am
[0;32m2025-09-21 23:41:09 - Completed prompt #92[0m
[0;34m2025-09-21 23:41:14 - Generating prompt #93 (Section 6, Prompt 8/17)[0m
[1;33m2025-09-21 23:41:14 - Running prompt generation...[0m
5-hour limit reached ∙ resets 12am
[0;32m2025-09-21 23:41:22 - Completed prompt #93[0m
[0;34m2025-09-21 23:41:27 - Generating prompt #94 (Section 6, Prompt 9/17)[0m
[1;33m2025-09-21 23:41:27 - Running prompt generation...[0m
5-hour limit reached ∙ resets 12am
[0;32m2025-09-21 23:41:34 - Completed prompt #94[0m
[0;34m2025-09-21 23:41:39 - Generating prompt #95 (Section 6, Prompt 10/17)[0m
[1;33m2025-09-21 23:41:39 - Running prompt generation...[0m
5-hour limit reached ∙ resets 12am
[0;32m2025-09-21 23:41:47 - Completed prompt #95[0m
[0;34m2025-09-21 23:41:52 - Generating prompt #96 (Section 6, Prompt 11/17)[0m
[1;33m2025-09-21 23:41:52 - Running prompt generation...[0m
5-hour limit reached ∙ resets 12am
[0;32m2025-09-21 23:41:59 - Completed prompt #96[0m
[0;34m2025-09-21 23:42:04 - Generating prompt #97 (Section 6, Prompt 12/17)[0m
[1;33m2025-09-21 23:42:04 - Running prompt generation...[0m
5-hour limit reached ∙ resets 12am
[0;32m2025-09-21 23:42:11 - Completed prompt #97[0m
[0;34m2025-09-21 23:42:16 - Generating prompt #98 (Section 6, Prompt 13/17)[0m
[1;33m2025-09-21 23:42:16 - Running prompt generation...[0m
5-hour limit reached ∙ resets 12am
[0;32m2025-09-21 23:42:24 - Completed prompt #98[0m
[0;34m2025-09-21 23:42:29 - Generating prompt #99 (Section 6, Prompt 14/17)[0m
[1;33m2025-09-21 23:42:29 - Running prompt generation...[0m
5-hour limit reached ∙ resets 12am
[0;32m2025-09-21 23:42:36 - Completed prompt #99[0m
[0;34m2025-09-21 23:42:41 - Generating prompt #100 (Section 6, Prompt 15/17)[0m
[1;33m2025-09-21 23:42:41 - Running prompt generation...[0m
5-hour limit reached ∙ resets 12am
[0;32m2025-09-21 23:42:49 - Completed prompt #100[0m
[0;34m2025-09-21 23:42:54 - Generating prompt #101 (Section 6, Prompt 16/17)[0m
[1;33m2025-09-21 23:42:54 - Running prompt generation...[0m
5-hour limit reached ∙ resets 12am
[0;32m2025-09-21 23:43:01 - Completed prompt #101[0m
[0;34m2025-09-21 23:43:06 - Generating prompt #102 (Section 6, Prompt 17/17)[0m
[1;33m2025-09-21 23:43:06 - Running prompt generation...[0m
5-hour limit reached ∙ resets 12am
[0;32m2025-09-21 23:43:13 - Completed prompt #102[0m
[0;34m2025-09-22 00:06:19 - Starting Prompt Generation Cycle for template: spiritual-awakening[0m
[0;32m2025-09-22 00:06:19 - Using existing worktree: ../templata-spiritual-awakening[0m
[0;34m2025-09-22 00:06:19 - Generating prompt #59 (Section 4, Prompt 8/17)[0m
[1;33m2025-09-22 00:06:19 - Running prompt generation...[0m
Perfect! I have successfully added prompt #59 to the actionPrompts array. The new prompt focuses on "Relationships and Communication" and provides a concrete, actionable task for someone navigating spiritual awakening:

**Prompt #59**: "Practice conscious forgiveness by reaching out to someone you have unresolved resentment toward and offering genuine forgiveness without expecting them to change"

- **Category**: action
- **HelpText**: Provides 2-3 sentences explaining why forgiveness is essential for spiritual progress and how to approach it practically

The prompt is properly formatted and integrated into the existing array structure with the correct ID sequence.

PROMPT GENERATION COMPLETE - Prompt #59
[0;32m2025-09-22 00:07:05 - Completed prompt #59[0m
[0;34m2025-09-22 00:07:10 - Generating prompt #60 (Section 4, Prompt 9/17)[0m
[1;33m2025-09-22 00:07:10 - Running prompt generation...[0m
PROMPT GENERATION COMPLETE - Prompt #60
[0;32m2025-09-22 00:07:32 - Completed prompt #60[0m
[0;34m2025-09-22 00:07:37 - Generating prompt #61 (Section 4, Prompt 10/17)[0m
[1;33m2025-09-22 00:07:37 - Running prompt generation...[0m
PROMPT GENERATION COMPLETE - Prompt #61
[0;32m2025-09-22 00:08:01 - Completed prompt #61[0m
[0;34m2025-09-22 00:08:06 - Generating prompt #62 (Section 4, Prompt 11/17)[0m
[1;33m2025-09-22 00:08:06 - Running prompt generation...[0m
PROMPT GENERATION COMPLETE - Prompt #62
[0;32m2025-09-22 00:08:31 - Completed prompt #62[0m
[0;34m2025-09-22 00:08:36 - Generating prompt #63 (Section 4, Prompt 12/17)[0m
[1;33m2025-09-22 00:08:36 - Running prompt generation...[0m
PROMPT GENERATION COMPLETE - Prompt #63
[0;32m2025-09-22 00:08:59 - Completed prompt #63[0m
[0;34m2025-09-22 00:09:05 - Generating prompt #64 (Section 4, Prompt 13/17)[0m
[1;33m2025-09-22 00:09:05 - Running prompt generation...[0m
PROMPT GENERATION COMPLETE - Prompt #64
[0;32m2025-09-22 00:09:42 - Completed prompt #64[0m
[0;34m2025-09-22 00:09:47 - Generating prompt #65 (Section 4, Prompt 14/17)[0m
[1;33m2025-09-22 00:09:47 - Running prompt generation...[0m
PROMPT GENERATION COMPLETE - Prompt #65
[0;32m2025-09-22 00:10:12 - Completed prompt #65[0m
[0;34m2025-09-22 00:10:17 - Generating prompt #66 (Section 4, Prompt 15/17)[0m
[1;33m2025-09-22 00:10:17 - Running prompt generation...[0m
PROMPT GENERATION COMPLETE - Prompt #66
[0;32m2025-09-22 00:10:42 - Completed prompt #66[0m
[0;34m2025-09-22 00:10:47 - Generating prompt #67 (Section 4, Prompt 16/17)[0m
[1;33m2025-09-22 00:10:47 - Running prompt generation...[0m
PROMPT GENERATION COMPLETE - Prompt #67
[0;32m2025-09-22 00:11:09 - Completed prompt #67[0m
[0;34m2025-09-22 00:11:14 - Generating prompt #68 (Section 4, Prompt 17/17)[0m
[1;33m2025-09-22 00:11:14 - Running prompt generation...[0m
PROMPT GENERATION COMPLETE - Prompt #68
[0;32m2025-09-22 00:11:39 - Completed prompt #68[0m
[0;34m2025-09-22 00:11:44 - Generating prompt #69 (Section 5, Prompt 1/17)[0m
[1;33m2025-09-22 00:11:44 - Running prompt generation...[0m
PROMPT GENERATION COMPLETE - Prompt #69
[0;32m2025-09-22 00:12:10 - Completed prompt #69[0m
[0;34m2025-09-22 00:12:15 - Generating prompt #70 (Section 5, Prompt 2/17)[0m
[1;33m2025-09-22 00:12:15 - Running prompt generation...[0m
PROMPT GENERATION COMPLETE - Prompt #70
[0;32m2025-09-22 00:12:39 - Completed prompt #70[0m
[0;34m2025-09-22 00:12:44 - Generating prompt #71 (Section 5, Prompt 3/17)[0m
[1;33m2025-09-22 00:12:44 - Running prompt generation...[0m
PROMPT GENERATION COMPLETE - Prompt #71
[0;32m2025-09-22 00:13:07 - Completed prompt #71[0m
[0;34m2025-09-22 00:13:12 - Generating prompt #72 (Section 5, Prompt 4/17)[0m
[1;33m2025-09-22 00:13:12 - Running prompt generation...[0m
PROMPT GENERATION COMPLETE - Prompt #72
[0;34m2025-09-22 00:57:07 - Starting Prompt Generation Cycle for template: spiritual-awakening[0m
[0;32m2025-09-22 00:57:07 - Using existing worktree: ../templata-spiritual-awakening[0m
[0;34m2025-09-22 00:57:07 - Generating prompt #72 (Section 5, Prompt 4/17)[0m
[1;33m2025-09-22 00:57:07 - Running prompt generation...[0m
PROMPT GENERATION COMPLETE - Prompt #72
[0;32m2025-09-22 00:57:34 - Completed prompt #72[0m
[0;34m2025-09-22 00:57:39 - Generating prompt #73 (Section 5, Prompt 5/17)[0m
[1;33m2025-09-22 00:57:39 - Running prompt generation...[0m
PROMPT GENERATION COMPLETE - Prompt #73
[0;32m2025-09-22 00:58:05 - Completed prompt #73[0m
[0;34m2025-09-22 00:58:10 - Generating prompt #74 (Section 5, Prompt 6/17)[0m
[1;33m2025-09-22 00:58:10 - Running prompt generation...[0m
PROMPT GENERATION COMPLETE - Prompt #74
[0;32m2025-09-22 00:58:31 - Completed prompt #74[0m
[0;34m2025-09-22 00:58:36 - Generating prompt #75 (Section 5, Prompt 7/17)[0m
[1;33m2025-09-22 00:58:36 - Running prompt generation...[0m
PROMPT GENERATION COMPLETE - Prompt #75
[0;32m2025-09-22 00:59:01 - Completed prompt #75[0m
[0;34m2025-09-22 00:59:06 - Generating prompt #76 (Section 5, Prompt 8/17)[0m
[1;33m2025-09-22 00:59:06 - Running prompt generation...[0m
PROMPT GENERATION COMPLETE - Prompt #76
[0;32m2025-09-22 00:59:29 - Completed prompt #76[0m
[0;34m2025-09-22 00:59:34 - Generating prompt #77 (Section 5, Prompt 9/17)[0m
[1;33m2025-09-22 00:59:34 - Running prompt generation...[0m
PROMPT GENERATION COMPLETE - Prompt #77
[0;32m2025-09-22 00:59:57 - Completed prompt #77[0m
[0;34m2025-09-22 01:00:02 - Generating prompt #78 (Section 5, Prompt 10/17)[0m
[1;33m2025-09-22 01:00:02 - Running prompt generation...[0m
PROMPT GENERATION COMPLETE - Prompt #78
[0;32m2025-09-22 01:00:25 - Completed prompt #78[0m
[0;34m2025-09-22 01:00:30 - Generating prompt #79 (Section 5, Prompt 11/17)[0m
[1;33m2025-09-22 01:00:30 - Running prompt generation...[0m
PROMPT GENERATION COMPLETE - Prompt #79
[0;32m2025-09-22 01:00:52 - Completed prompt #79[0m
[0;34m2025-09-22 01:00:57 - Generating prompt #80 (Section 5, Prompt 12/17)[0m
[1;33m2025-09-22 01:00:57 - Running prompt generation...[0m
PROMPT GENERATION COMPLETE - Prompt #80
[0;32m2025-09-22 01:01:20 - Completed prompt #80[0m
[0;34m2025-09-22 01:01:25 - Generating prompt #81 (Section 5, Prompt 13/17)[0m
[1;33m2025-09-22 01:01:25 - Running prompt generation...[0m
PROMPT GENERATION COMPLETE - Prompt #81
[0;32m2025-09-22 01:01:50 - Completed prompt #81[0m
[0;34m2025-09-22 01:01:55 - Generating prompt #82 (Section 5, Prompt 14/17)[0m
[1;33m2025-09-22 01:01:55 - Running prompt generation...[0m
PROMPT GENERATION COMPLETE - Prompt #82
[0;32m2025-09-22 01:02:21 - Completed prompt #82[0m
[0;34m2025-09-22 01:02:26 - Generating prompt #83 (Section 5, Prompt 15/17)[0m
[1;33m2025-09-22 01:02:26 - Running prompt generation...[0m
PROMPT GENERATION COMPLETE - Prompt #83
[0;32m2025-09-22 01:02:50 - Completed prompt #83[0m
[0;34m2025-09-22 01:02:55 - Generating prompt #84 (Section 5, Prompt 16/17)[0m
[1;33m2025-09-22 01:02:55 - Running prompt generation...[0m
PROMPT GENERATION COMPLETE - Prompt #84
[0;32m2025-09-22 01:03:19 - Completed prompt #84[0m
[0;34m2025-09-22 01:03:25 - Generating prompt #85 (Section 5, Prompt 17/17)[0m
[1;33m2025-09-22 01:03:25 - Running prompt generation...[0m
PROMPT GENERATION COMPLETE - Prompt #85
[0;32m2025-09-22 01:03:49 - Completed prompt #85[0m
[0;34m2025-09-22 01:03:54 - Generating prompt #86 (Section 6, Prompt 1/17)[0m
[1;33m2025-09-22 01:03:54 - Running prompt generation...[0m
PROMPT GENERATION COMPLETE - Prompt #86
[0;32m2025-09-22 01:04:18 - Completed prompt #86[0m
[0;34m2025-09-22 01:04:23 - Generating prompt #87 (Section 6, Prompt 2/17)[0m
[1;33m2025-09-22 01:04:23 - Running prompt generation...[0m
PROMPT GENERATION COMPLETE - Prompt #87
[0;32m2025-09-22 01:04:47 - Completed prompt #87[0m
[0;34m2025-09-22 01:04:52 - Generating prompt #88 (Section 6, Prompt 3/17)[0m
[1;33m2025-09-22 01:04:52 - Running prompt generation...[0m
PROMPT GENERATION COMPLETE - Prompt #88
[0;32m2025-09-22 01:05:19 - Completed prompt #88[0m
[0;34m2025-09-22 01:05:24 - Generating prompt #89 (Section 6, Prompt 4/17)[0m
[1;33m2025-09-22 01:05:24 - Running prompt generation...[0m
PROMPT GENERATION COMPLETE - Prompt #89
[0;32m2025-09-22 01:05:48 - Completed prompt #89[0m
[0;34m2025-09-22 01:05:53 - Generating prompt #90 (Section 6, Prompt 5/17)[0m
[1;33m2025-09-22 01:05:53 - Running prompt generation...[0m
PROMPT GENERATION COMPLETE - Prompt #90
[0;32m2025-09-22 01:06:13 - Completed prompt #90[0m
[0;34m2025-09-22 01:06:18 - Generating prompt #91 (Section 6, Prompt 6/17)[0m
[1;33m2025-09-22 01:06:18 - Running prompt generation...[0m
PROMPT GENERATION COMPLETE - Prompt #91
[0;32m2025-09-22 01:06:45 - Completed prompt #91[0m
[0;34m2025-09-22 01:06:50 - Generating prompt #92 (Section 6, Prompt 7/17)[0m
[1;33m2025-09-22 01:06:50 - Running prompt generation...[0m
PROMPT GENERATION COMPLETE - Prompt #92
[0;32m2025-09-22 01:07:18 - Completed prompt #92[0m
[0;34m2025-09-22 01:07:23 - Generating prompt #93 (Section 6, Prompt 8/17)[0m
[1;33m2025-09-22 01:07:23 - Running prompt generation...[0m
PROMPT GENERATION COMPLETE - Prompt #93
[0;32m2025-09-22 01:07:48 - Completed prompt #93[0m
[0;34m2025-09-22 01:07:53 - Generating prompt #94 (Section 6, Prompt 9/17)[0m
[1;33m2025-09-22 01:07:54 - Running prompt generation...[0m
PROMPT GENERATION COMPLETE - Prompt #94
[0;32m2025-09-22 01:08:18 - Completed prompt #94[0m
[0;34m2025-09-22 01:08:23 - Generating prompt #95 (Section 6, Prompt 10/17)[0m
[1;33m2025-09-22 01:08:23 - Running prompt generation...[0m
PROMPT GENERATION COMPLETE - Prompt #95
[0;32m2025-09-22 01:08:49 - Completed prompt #95[0m
[0;34m2025-09-22 01:08:54 - Generating prompt #96 (Section 6, Prompt 11/17)[0m
[1;33m2025-09-22 01:08:54 - Running prompt generation...[0m
PROMPT GENERATION COMPLETE - Prompt #96
[0;32m2025-09-22 01:09:22 - Completed prompt #96[0m
[0;34m2025-09-22 01:09:27 - Generating prompt #97 (Section 6, Prompt 12/17)[0m
[1;33m2025-09-22 01:09:27 - Running prompt generation...[0m
PROMPT GENERATION COMPLETE - Prompt #97
[0;32m2025-09-22 01:09:54 - Completed prompt #97[0m
[0;34m2025-09-22 01:09:59 - Generating prompt #98 (Section 6, Prompt 13/17)[0m
[1;33m2025-09-22 01:09:59 - Running prompt generation...[0m
PROMPT GENERATION COMPLETE - Prompt #98
[0;32m2025-09-22 01:10:25 - Completed prompt #98[0m
[0;34m2025-09-22 01:10:30 - Generating prompt #99 (Section 6, Prompt 14/17)[0m
[1;33m2025-09-22 01:10:30 - Running prompt generation...[0m
PROMPT GENERATION COMPLETE - Prompt #99
[0;32m2025-09-22 01:10:53 - Completed prompt #99[0m
[0;34m2025-09-22 01:10:58 - Generating prompt #100 (Section 6, Prompt 15/17)[0m
[1;33m2025-09-22 01:10:58 - Running prompt generation...[0m
PROMPT GENERATION COMPLETE - Prompt #100
[0;32m2025-09-22 01:11:23 - Completed prompt #100[0m
[0;34m2025-09-22 01:11:28 - Generating prompt #101 (Section 6, Prompt 16/17)[0m
[1;33m2025-09-22 01:11:28 - Running prompt generation...[0m
PROMPT GENERATION COMPLETE - Prompt #101
[0;32m2025-09-22 01:11:51 - Completed prompt #101[0m
[0;34m2025-09-22 01:11:56 - Generating prompt #102 (Section 6, Prompt 17/17)[0m
[1;33m2025-09-22 01:11:56 - Running prompt generation...[0m
PROMPT GENERATION COMPLETE - Prompt #102
[0;32m2025-09-22 01:12:21 - Completed prompt #102[0m
