[0;34m2025-09-19 19:03:08 - Starting Prompt Generation Cycle for template: creative-hobbies[0m
[0;32m2025-09-19 19:03:08 - Using existing worktree: ../templata-creative-hobbies[0m
[1;33m2025-09-19 19:03:08 - Creating template prompt file: prompts-creative-hobbies.ts[0m
[0;34m2025-09-19 19:11:38 - Starting Prompt Generation Cycle for template: creative-hobbies[0m
[0;32m2025-09-19 19:11:38 - Using existing worktree: ../templata-creative-hobbies[0m
[1;33m2025-09-19 19:11:38 - Creating template prompt file: prompts-creative-hobbies.ts[0m
[0;34m2025-09-19 19:16:39 - Starting Prompt Generation Cycle for template: creative-hobbies[0m
[0;32m2025-09-19 19:16:39 - Using existing worktree: ../templata-creative-hobbies[0m
[1;33m2025-09-19 19:16:39 - Creating template prompt file: prompts-creative-hobbies.ts[0m
[0;32m2025-09-19 19:16:39 - Created template prompt file: ../templata-creative-hobbies/src/data/prompts-creative-hobbies.ts[0m
[0;34m2025-09-19 19:16:39 - Generating prompt #1 (Section 1, Prompt 1/17)[0m
[1;33m2025-09-19 19:16:39 - Running prompt generation...[0m
PROMPT GENERATION COMPLETE - Prompt #1
[0;32m2025-09-19 19:17:05 - Completed prompt #1[0m
[0;34m2025-09-19 19:17:10 - Generating prompt #2 (Section 1, Prompt 2/17)[0m
[1;33m2025-09-19 19:17:10 - Running prompt generation...[0m
PROMPT GENERATION COMPLETE - Prompt #2
[0;32m2025-09-19 19:17:43 - Completed prompt #2[0m
[0;34m2025-09-19 19:17:48 - Generating prompt #3 (Section 1, Prompt 3/17)[0m
[1;33m2025-09-19 19:17:48 - Running prompt generation...[0m
PROMPT GENERATION COMPLETE - Prompt #3
[0;32m2025-09-19 19:18:11 - Completed prompt #3[0m
[0;34m2025-09-19 19:18:16 - Generating prompt #4 (Section 1, Prompt 4/17)[0m
[1;33m2025-09-19 19:18:16 - Running prompt generation...[0m
PROMPT GENERATION COMPLETE - Prompt #4
[0;32m2025-09-19 19:18:40 - Completed prompt #4[0m
[0;34m2025-09-19 19:18:45 - Generating prompt #5 (Section 1, Prompt 5/17)[0m
[1;33m2025-09-19 19:18:45 - Running prompt generation...[0m
PROMPT GENERATION COMPLETE - Prompt #5
[0;32m2025-09-19 19:19:09 - Completed prompt #5[0m
[0;34m2025-09-19 19:19:14 - Generating prompt #6 (Section 1, Prompt 6/17)[0m
[1;33m2025-09-19 19:19:14 - Running prompt generation...[0m
PROMPT GENERATION COMPLETE - Prompt #6
[0;32m2025-09-19 19:19:51 - Completed prompt #6[0m
[0;34m2025-09-19 19:19:56 - Generating prompt #7 (Section 1, Prompt 7/17)[0m
[1;33m2025-09-19 19:19:56 - Running prompt generation...[0m
PROMPT GENERATION COMPLETE - Prompt #7
[0;32m2025-09-19 19:20:21 - Completed prompt #7[0m
[0;34m2025-09-19 19:20:26 - Generating prompt #8 (Section 1, Prompt 8/17)[0m
[1;33m2025-09-19 19:20:26 - Running prompt generation...[0m
PROMPT GENERATION COMPLETE - Prompt #8
[0;32m2025-09-19 19:20:51 - Completed prompt #8[0m
[0;34m2025-09-19 19:20:56 - Generating prompt #9 (Section 1, Prompt 9/17)[0m
[1;33m2025-09-19 19:20:56 - Running prompt generation...[0m
PROMPT GENERATION COMPLETE - Prompt #9
[0;32m2025-09-19 19:21:21 - Completed prompt #9[0m
[0;34m2025-09-19 19:21:26 - Generating prompt #10 (Section 1, Prompt 10/17)[0m
[1;33m2025-09-19 19:21:26 - Running prompt generation...[0m
PROMPT GENERATION COMPLETE - Prompt #10
[0;32m2025-09-19 19:21:54 - Completed prompt #10[0m
[0;34m2025-09-19 19:21:59 - Generating prompt #11 (Section 1, Prompt 11/17)[0m
[1;33m2025-09-19 19:21:59 - Running prompt generation...[0m
PROMPT GENERATION COMPLETE - Prompt #11
[0;32m2025-09-19 19:22:22 - Completed prompt #11[0m
[0;34m2025-09-19 19:22:27 - Generating prompt #12 (Section 1, Prompt 12/17)[0m
[1;33m2025-09-19 19:22:28 - Running prompt generation...[0m
PROMPT GENERATION COMPLETE - Prompt #12
[0;32m2025-09-19 19:22:57 - Completed prompt #12[0m
[0;34m2025-09-19 19:23:02 - Generating prompt #13 (Section 1, Prompt 13/17)[0m
[1;33m2025-09-19 19:23:02 - Running prompt generation...[0m
PROMPT GENERATION COMPLETE - Prompt #13
[0;32m2025-09-19 19:23:29 - Completed prompt #13[0m
[0;34m2025-09-19 19:23:34 - Generating prompt #14 (Section 1, Prompt 14/17)[0m
[1;33m2025-09-19 19:23:34 - Running prompt generation...[0m
PROMPT GENERATION COMPLETE - Prompt #14
[0;32m2025-09-19 19:24:09 - Completed prompt #14[0m
[0;34m2025-09-19 19:24:14 - Generating prompt #15 (Section 1, Prompt 15/17)[0m
[1;33m2025-09-19 19:24:14 - Running prompt generation...[0m
PROMPT GENERATION COMPLETE - Prompt #15
[0;32m2025-09-19 19:24:41 - Completed prompt #15[0m
[0;34m2025-09-19 19:24:46 - Generating prompt #16 (Section 1, Prompt 16/17)[0m
[1;33m2025-09-19 19:24:47 - Running prompt generation...[0m
PROMPT GENERATION COMPLETE - Prompt #16
[0;34m2025-09-20 00:04:05 - Starting Prompt Generation Cycle for template: creative-hobbies[0m
[0;32m2025-09-20 00:04:05 - Using existing worktree: ../templata-creative-hobbies[0m
[0;34m2025-09-20 00:04:05 - Generating prompt #17 (Section 1, Prompt 17/17)[0m
[1;33m2025-09-20 00:04:05 - Running prompt generation...[0m
PROMPT GENERATION COMPLETE - Prompt #17
[0;32m2025-09-20 00:04:27 - Completed prompt #17[0m
[0;34m2025-09-20 00:04:32 - Generating prompt #18 (Section 2, Prompt 1/17)[0m
[1;33m2025-09-20 00:04:32 - Running prompt generation...[0m
PROMPT GENERATION COMPLETE - Prompt #18
[0;32m2025-09-20 00:05:21 - Completed prompt #18[0m
[0;34m2025-09-20 00:05:26 - Generating prompt #19 (Section 2, Prompt 2/17)[0m
[1;33m2025-09-20 00:05:26 - Running prompt generation...[0m
PROMPT GENERATION COMPLETE - Prompt #19
[0;32m2025-09-20 00:06:02 - Completed prompt #19[0m
[0;34m2025-09-20 00:06:07 - Generating prompt #20 (Section 2, Prompt 3/17)[0m
[1;33m2025-09-20 00:06:07 - Running prompt generation...[0m
PROMPT GENERATION COMPLETE - Prompt #20
[0;32m2025-09-20 00:06:38 - Completed prompt #20[0m
[0;34m2025-09-20 00:06:43 - Generating prompt #21 (Section 2, Prompt 4/17)[0m
[1;33m2025-09-20 00:06:43 - Running prompt generation...[0m
PROMPT GENERATION COMPLETE - Prompt #21
[0;32m2025-09-20 00:07:31 - Completed prompt #21[0m
[0;34m2025-09-20 00:07:36 - Generating prompt #22 (Section 2, Prompt 5/17)[0m
[1;33m2025-09-20 00:07:36 - Running prompt generation...[0m
PROMPT GENERATION COMPLETE - Prompt #22
[0;32m2025-09-20 00:08:16 - Completed prompt #22[0m
[0;34m2025-09-20 00:08:21 - Generating prompt #23 (Section 2, Prompt 6/17)[0m
[1;33m2025-09-20 00:08:21 - Running prompt generation...[0m
PROMPT GENERATION COMPLETE - Prompt #23
[0;32m2025-09-20 00:08:57 - Completed prompt #23[0m
[0;34m2025-09-20 00:09:03 - Generating prompt #24 (Section 2, Prompt 7/17)[0m
[1;33m2025-09-20 00:09:03 - Running prompt generation...[0m
PROMPT GENERATION COMPLETE - Prompt #24
[0;32m2025-09-20 00:09:44 - Completed prompt #24[0m
[0;34m2025-09-20 00:09:49 - Generating prompt #25 (Section 2, Prompt 8/17)[0m
[1;33m2025-09-20 00:09:50 - Running prompt generation...[0m
PROMPT GENERATION COMPLETE - Prompt #25
[0;32m2025-09-20 00:10:26 - Completed prompt #25[0m
[0;34m2025-09-20 00:10:32 - Generating prompt #26 (Section 2, Prompt 9/17)[0m
[1;33m2025-09-20 00:10:32 - Running prompt generation...[0m
PROMPT GENERATION COMPLETE - Prompt #26
[0;32m2025-09-20 00:11:02 - Completed prompt #26[0m
[0;34m2025-09-20 00:11:08 - Generating prompt #27 (Section 2, Prompt 10/17)[0m
[1;33m2025-09-20 00:11:08 - Running prompt generation...[0m
[0;34m2025-09-20 00:11:31 - Starting Prompt Generation Cycle for template: creative-hobbies[0m
[0;32m2025-09-20 00:11:31 - Using existing worktree: ../templata-creative-hobbies[0m
[0;34m2025-09-20 00:11:31 - Generating prompt #27 (Section 2, Prompt 10/17)[0m
[1;33m2025-09-20 00:11:31 - Running prompt generation...[0m
PROMPT GENERATION COMPLETE - Prompt #27
[0;32m2025-09-20 00:12:11 - Completed prompt #27[0m
[0;34m2025-09-20 00:12:17 - Generating prompt #28 (Section 2, Prompt 11/17)[0m
[1;33m2025-09-20 00:12:18 - Running prompt generation...[0m
