[0;34m2025-09-22 02:40:33 - Starting Prompt Generation Cycle for template: academic-struggles[0m
[1;33m2025-09-22 02:40:33 - Override flag detected - resetting progress and recreating files[0m
[0;32m2025-09-22 02:40:33 - Progress reset to 0 for template: academic-struggles[0m
[0;32m2025-09-22 02:40:33 - Using existing worktree: ../templata-academic-struggles[0m
[1;33m2025-09-22 02:40:33 - Creating template prompt file: prompts-academic-struggles.ts[0m
[0;32m2025-09-22 02:40:33 - Created template prompt file: ../templata-academic-struggles/src/data/prompts-academic-struggles.ts[0m
[0;34m2025-09-22 02:40:33 - Generating prompt #1 (Section 1, Prompt 1/17)[0m
[1;33m2025-09-22 02:40:33 - Running prompt generation...[0m
PROMPT GENERATION COMPLETE - Prompt #1
[0;32m2025-09-22 02:40:59 - Completed prompt #1[0m
[0;34m2025-09-22 02:41:04 - Generating prompt #2 (Section 1, Prompt 2/17)[0m
[1;33m2025-09-22 02:41:04 - Running prompt generation...[0m
PROMPT GENERATION COMPLETE - Prompt #2
[0;32m2025-09-22 02:41:26 - Completed prompt #2[0m
[0;34m2025-09-22 02:41:31 - Generating prompt #3 (Section 1, Prompt 3/17)[0m
[1;33m2025-09-22 02:41:31 - Running prompt generation...[0m
PROMPT GENERATION COMPLETE - Prompt #3
[0;32m2025-09-22 02:41:58 - Completed prompt #3[0m
[0;34m2025-09-22 02:42:03 - Generating prompt #4 (Section 1, Prompt 4/17)[0m
[1;33m2025-09-22 02:42:03 - Running prompt generation...[0m
PROMPT GENERATION COMPLETE - Prompt #4
[0;32m2025-09-22 02:42:26 - Completed prompt #4[0m
[0;34m2025-09-22 02:42:31 - Generating prompt #5 (Section 1, Prompt 5/17)[0m
[1;33m2025-09-22 02:42:31 - Running prompt generation...[0m
PROMPT GENERATION COMPLETE - Prompt #5
[0;32m2025-09-22 02:42:55 - Completed prompt #5[0m
[0;34m2025-09-22 02:43:00 - Generating prompt #6 (Section 1, Prompt 6/17)[0m
[1;33m2025-09-22 02:43:00 - Running prompt generation...[0m
PROMPT GENERATION COMPLETE - Prompt #6
[0;32m2025-09-22 02:43:22 - Completed prompt #6[0m
[0;34m2025-09-22 02:43:27 - Generating prompt #7 (Section 1, Prompt 7/17)[0m
[1;33m2025-09-22 02:43:27 - Running prompt generation...[0m
PROMPT GENERATION COMPLETE - Prompt #7
[0;32m2025-09-22 02:43:48 - Completed prompt #7[0m
[0;34m2025-09-22 02:43:54 - Generating prompt #8 (Section 1, Prompt 8/17)[0m
[1;33m2025-09-22 02:43:54 - Running prompt generation...[0m
PROMPT GENERATION COMPLETE - Prompt #8
[0;32m2025-09-22 02:44:17 - Completed prompt #8[0m
[0;34m2025-09-22 02:44:22 - Generating prompt #9 (Section 1, Prompt 9/17)[0m
[1;33m2025-09-22 02:44:22 - Running prompt generation...[0m
PROMPT GENERATION COMPLETE - Prompt #9
[0;32m2025-09-22 02:44:46 - Completed prompt #9[0m
[0;34m2025-09-22 02:44:51 - Generating prompt #10 (Section 1, Prompt 10/17)[0m
[1;33m2025-09-22 02:44:51 - Running prompt generation...[0m
PROMPT GENERATION COMPLETE - Prompt #10
[0;32m2025-09-22 02:45:18 - Completed prompt #10[0m
[0;34m2025-09-22 02:45:23 - Generating prompt #11 (Section 1, Prompt 11/17)[0m
[1;33m2025-09-22 02:45:23 - Running prompt generation...[0m
PROMPT GENERATION COMPLETE - Prompt #11
[0;32m2025-09-22 02:45:47 - Completed prompt #11[0m
[0;34m2025-09-22 02:45:52 - Generating prompt #12 (Section 1, Prompt 12/17)[0m
[1;33m2025-09-22 02:45:52 - Running prompt generation...[0m
PROMPT GENERATION COMPLETE - Prompt #12
[0;32m2025-09-22 02:46:16 - Completed prompt #12[0m
[0;34m2025-09-22 02:46:21 - Generating prompt #13 (Section 1, Prompt 13/17)[0m
[1;33m2025-09-22 02:46:21 - Running prompt generation...[0m
PROMPT GENERATION COMPLETE - Prompt #13
[0;32m2025-09-22 02:46:43 - Completed prompt #13[0m
[0;34m2025-09-22 02:46:48 - Generating prompt #14 (Section 1, Prompt 14/17)[0m
[1;33m2025-09-22 02:46:48 - Running prompt generation...[0m
PROMPT GENERATION COMPLETE - Prompt #14
[0;32m2025-09-22 02:47:10 - Completed prompt #14[0m
[0;34m2025-09-22 02:47:15 - Generating prompt #15 (Section 1, Prompt 15/17)[0m
[1;33m2025-09-22 02:47:15 - Running prompt generation...[0m
PROMPT GENERATION COMPLETE - Prompt #15
[0;32m2025-09-22 02:47:39 - Completed prompt #15[0m
[0;34m2025-09-22 02:47:44 - Generating prompt #16 (Section 1, Prompt 16/17)[0m
[1;33m2025-09-22 02:47:44 - Running prompt generation...[0m
PROMPT GENERATION COMPLETE - Prompt #16
[0;32m2025-09-22 02:48:07 - Completed prompt #16[0m
[0;34m2025-09-22 02:48:12 - Generating prompt #17 (Section 1, Prompt 17/17)[0m
[1;33m2025-09-22 02:48:12 - Running prompt generation...[0m
PROMPT GENERATION COMPLETE - Prompt #17
[0;32m2025-09-22 02:48:35 - Completed prompt #17[0m
[0;34m2025-09-22 02:48:40 - Generating prompt #18 (Section 2, Prompt 1/17)[0m
[1;33m2025-09-22 02:48:40 - Running prompt generation...[0m
PROMPT GENERATION COMPLETE - Prompt #18
[0;32m2025-09-22 02:49:02 - Completed prompt #18[0m
[0;34m2025-09-22 02:49:07 - Generating prompt #19 (Section 2, Prompt 2/17)[0m
[1;33m2025-09-22 02:49:07 - Running prompt generation...[0m
PROMPT GENERATION COMPLETE - Prompt #19
[0;32m2025-09-22 02:49:30 - Completed prompt #19[0m
[0;34m2025-09-22 02:49:35 - Generating prompt #20 (Section 2, Prompt 3/17)[0m
[1;33m2025-09-22 02:49:35 - Running prompt generation...[0m
PROMPT GENERATION COMPLETE - Prompt #20
[0;32m2025-09-22 02:49:57 - Completed prompt #20[0m
[0;34m2025-09-22 02:50:02 - Generating prompt #21 (Section 2, Prompt 4/17)[0m
[1;33m2025-09-22 02:50:02 - Running prompt generation...[0m
<invoke name="Edit">
<parameter name="file_path">/Users/ikim1/Documents/GitHub/templata-academic-struggles/src/data/prompts-academic-struggles.ts</parameter>
<parameter name="old_string">  {
    id: 'prompt-20',
    prompt: 'Create a detailed study schedule template that allocates specific time blocks for review sessions, practice problems, and assignment completion for each course',
    category: 'planning',
    helpText: 'A well-structured study schedule provides the foundation for consistent academic progress and helps prevent last-minute cramming that often leads to poor performance. Design a weekly template that includes dedicated time for reviewing notes, practicing problems, working on assignments, and preparing for upcoming exams in each course. This systematic approach ensures all subjects receive adequate attention and helps you maintain steady progress rather than reactive studying.'
  }
];</parameter>
<parameter name="new_string">  {
    id: 'prompt-20',
    prompt: 'Create a detailed study schedule template that allocates specific time blocks for review sessions, practice problems, and assignment completion for each course',
    category: 'planning',
    helpText: 'A well-structured study schedule provides the foundation for consistent academic progress and helps prevent last-minute cramming that often leads to poor performance. Design a weekly template that includes dedicated time for reviewing notes, practicing problems, working on assignments, and preparing for upcoming exams in each course. This systematic approach ensures all subjects receive adequate attention and helps you maintain steady progress rather than reactive studying.'
  },
  {
    id: 'prompt-21',
    prompt: 'Schedule dedicated preparation time for each upcoming exam by creating detailed study plans including topic review, practice tests, and review sessions',
    category: 'planning',
    helpText: 'Systematic exam preparation is crucial for academic recovery as it ensures comprehensive coverage of material and builds confidence through structured practice. Break down each exam\'s content into manageable daily study goals, schedule multiple review sessions spread over time rather than cramming, and include practice tests or sample problems to identify weak areas. This methodical approach to exam preparation helps reduce anxiety while maximizing your performance on high-stakes assessments that significantly impact your grades.'
  }
];</parameter>
</invoke>
[0;32m2025-09-22 02:50:21 - Completed prompt #21[0m
[0;34m2025-09-22 02:50:26 - Generating prompt #22 (Section 2, Prompt 5/17)[0m
[1;33m2025-09-22 02:50:26 - Running prompt generation...[0m
PROMPT GENERATION COMPLETE - Prompt #22
[0;32m2025-09-22 02:50:53 - Completed prompt #22[0m
[0;34m2025-09-22 02:50:58 - Generating prompt #23 (Section 2, Prompt 6/17)[0m
[1;33m2025-09-22 02:50:58 - Running prompt generation...[0m
PROMPT GENERATION COMPLETE - Prompt #23
[0;32m2025-09-22 02:51:22 - Completed prompt #23[0m
[0;34m2025-09-22 02:51:27 - Generating prompt #24 (Section 2, Prompt 7/17)[0m
[1;33m2025-09-22 02:51:27 - Running prompt generation...[0m
PROMPT GENERATION COMPLETE - Prompt #24
[0;32m2025-09-22 02:51:53 - Completed prompt #24[0m
[0;34m2025-09-22 02:51:58 - Generating prompt #25 (Section 2, Prompt 8/17)[0m
[1;33m2025-09-22 02:51:58 - Running prompt generation...[0m
PROMPT GENERATION COMPLETE - Prompt #25
[0;32m2025-09-22 02:52:22 - Completed prompt #25[0m
[0;34m2025-09-22 02:52:27 - Generating prompt #26 (Section 2, Prompt 9/17)[0m
[1;33m2025-09-22 02:52:27 - Running prompt generation...[0m
PROMPT GENERATION COMPLETE - Prompt #26
[0;32m2025-09-22 02:52:50 - Completed prompt #26[0m
[0;34m2025-09-22 02:52:55 - Generating prompt #27 (Section 2, Prompt 10/17)[0m
[1;33m2025-09-22 02:52:55 - Running prompt generation...[0m
PROMPT GENERATION COMPLETE - Prompt #27
[0;32m2025-09-22 02:53:19 - Completed prompt #27[0m
[0;34m2025-09-22 02:53:24 - Generating prompt #28 (Section 2, Prompt 11/17)[0m
[1;33m2025-09-22 02:53:24 - Running prompt generation...[0m
PROMPT GENERATION COMPLETE - Prompt #28
[0;32m2025-09-22 02:53:47 - Completed prompt #28[0m
[0;34m2025-09-22 02:53:52 - Generating prompt #29 (Section 2, Prompt 12/17)[0m
[1;33m2025-09-22 02:53:52 - Running prompt generation...[0m
PROMPT GENERATION COMPLETE - Prompt #29
[0;32m2025-09-22 02:54:14 - Completed prompt #29[0m
[0;34m2025-09-22 02:54:19 - Generating prompt #30 (Section 2, Prompt 13/17)[0m
[1;33m2025-09-22 02:54:19 - Running prompt generation...[0m
<invoke name="Edit">
<parameter name="file_path">/Users/ikim1/Documents/GitHub/templata-academic-struggles/src/data/prompts-academic-struggles.ts</parameter>
<parameter name="old_string">  },
];</parameter>
<parameter name="new_string">  },
  {
    id: 'prompt-30',
    prompt: 'Create a detailed crisis prevention plan with specific academic warning signs and immediate action steps to prevent emergency situations',
    category: 'planning',
    helpText: 'Having a proactive crisis prevention plan helps you recognize early warning signs of academic distress and take immediate action before situations become unmanageable. Identify your personal warning signs such as missing multiple classes, falling behind on assignments, or feeling overwhelmed, then outline specific steps like contacting your advisor, seeking counseling, or adjusting your course load. This preparation helps you respond quickly and strategically to academic challenges rather than waiting until problems reach crisis levels.'
  }
];</parameter>
</invoke>
[0;32m2025-09-22 02:54:39 - Completed prompt #30[0m
[0;34m2025-09-22 02:54:44 - Generating prompt #31 (Section 2, Prompt 14/17)[0m
[1;33m2025-09-22 02:54:44 - Running prompt generation...[0m
PROMPT GENERATION COMPLETE - Prompt #31
[0;32m2025-09-22 02:55:12 - Completed prompt #31[0m
[0;34m2025-09-22 02:55:17 - Generating prompt #32 (Section 2, Prompt 15/17)[0m
[1;33m2025-09-22 02:55:17 - Running prompt generation...[0m
PROMPT GENERATION COMPLETE - Prompt #32
[0;32m2025-09-22 02:55:42 - Completed prompt #32[0m
[0;34m2025-09-22 02:55:47 - Generating prompt #33 (Section 2, Prompt 16/17)[0m
[1;33m2025-09-22 02:55:47 - Running prompt generation...[0m
PROMPT GENERATION COMPLETE - Prompt #33
[0;32m2025-09-22 02:56:10 - Completed prompt #33[0m
[0;34m2025-09-22 02:56:15 - Generating prompt #34 (Section 2, Prompt 17/17)[0m
[1;33m2025-09-22 02:56:15 - Running prompt generation...[0m
PROMPT GENERATION COMPLETE - Prompt #34
[0;32m2025-09-22 02:56:39 - Completed prompt #34[0m
[0;34m2025-09-22 02:56:44 - Generating prompt #35 (Section 3, Prompt 1/17)[0m
[1;33m2025-09-22 02:56:44 - Running prompt generation...[0m
PROMPT GENERATION COMPLETE - Prompt #35
[0;32m2025-09-22 02:57:06 - Completed prompt #35[0m
[0;34m2025-09-22 02:57:11 - Generating prompt #36 (Section 3, Prompt 2/17)[0m
[1;33m2025-09-22 02:57:11 - Running prompt generation...[0m
PROMPT GENERATION COMPLETE - Prompt #36
[0;32m2025-09-22 02:57:34 - Completed prompt #36[0m
[0;34m2025-09-22 02:57:39 - Generating prompt #37 (Section 3, Prompt 3/17)[0m
[1;33m2025-09-22 02:57:39 - Running prompt generation...[0m
PROMPT GENERATION COMPLETE - Prompt #37
[0;32m2025-09-22 02:58:00 - Completed prompt #37[0m
[0;34m2025-09-22 02:58:06 - Generating prompt #38 (Section 3, Prompt 4/17)[0m
[1;33m2025-09-22 02:58:06 - Running prompt generation...[0m
PROMPT GENERATION COMPLETE - Prompt #38
[0;32m2025-09-22 02:58:32 - Completed prompt #38[0m
[0;34m2025-09-22 02:58:37 - Generating prompt #39 (Section 3, Prompt 5/17)[0m
[1;33m2025-09-22 02:58:37 - Running prompt generation...[0m
PROMPT GENERATION COMPLETE - Prompt #39
[0;32m2025-09-22 02:58:59 - Completed prompt #39[0m
[0;34m2025-09-22 02:59:04 - Generating prompt #40 (Section 3, Prompt 6/17)[0m
[1;33m2025-09-22 02:59:04 - Running prompt generation...[0m
PROMPT GENERATION COMPLETE - Prompt #40
[0;32m2025-09-22 02:59:28 - Completed prompt #40[0m
[0;34m2025-09-22 02:59:33 - Generating prompt #41 (Section 3, Prompt 7/17)[0m
[1;33m2025-09-22 02:59:33 - Running prompt generation...[0m
<invoke name="Edit">
<parameter name="file_path">/Users/ikim1/Documents/GitHub/templata-academic-struggles/src/data/prompts-academic-struggles.ts</parameter>
<parameter name="old_string">  },
];</parameter>
<parameter name="new_string">  },
  {
    id: 'prompt-41',
    prompt: 'Create a detailed assignment submission checklist and establish a 48-hour review buffer before all deadlines',
    category: 'action',
    helpText: 'Establishing a systematic submission process prevents last-minute errors and reduces stress that can negatively impact academic performance. Create a standardized checklist that includes reviewing assignment requirements, checking formatting and citations, proofreading for errors, and submitting 48 hours before the deadline when possible. This buffer time allows for unexpected technical issues, last-minute improvements, and reduces the anxiety that often accompanies rushed submissions, ultimately leading to higher quality work and better grades.'
  }
];</parameter>
</invoke>
[0;32m2025-09-22 02:59:50 - Completed prompt #41[0m
[0;34m2025-09-22 02:59:55 - Generating prompt #42 (Section 3, Prompt 8/17)[0m
[1;33m2025-09-22 02:59:55 - Running prompt generation...[0m
PROMPT GENERATION COMPLETE - Prompt #42
[0;32m2025-09-22 03:00:18 - Completed prompt #42[0m
[0;34m2025-09-22 03:00:23 - Generating prompt #43 (Section 3, Prompt 9/17)[0m
[1;33m2025-09-22 03:00:23 - Running prompt generation...[0m
PROMPT GENERATION COMPLETE - Prompt #43
[0;32m2025-09-22 03:00:50 - Completed prompt #43[0m
[0;34m2025-09-22 03:00:55 - Generating prompt #44 (Section 3, Prompt 10/17)[0m
[1;33m2025-09-22 03:00:55 - Running prompt generation...[0m
PROMPT GENERATION COMPLETE - Prompt #44
[0;32m2025-09-22 03:01:17 - Completed prompt #44[0m
[0;34m2025-09-22 03:01:22 - Generating prompt #45 (Section 3, Prompt 11/17)[0m
[1;33m2025-09-22 03:01:22 - Running prompt generation...[0m
PROMPT GENERATION COMPLETE - Prompt #45
[0;32m2025-09-22 03:01:46 - Completed prompt #45[0m
[0;34m2025-09-22 03:01:51 - Generating prompt #46 (Section 3, Prompt 12/17)[0m
[1;33m2025-09-22 03:01:51 - Running prompt generation...[0m
PROMPT GENERATION COMPLETE - Prompt #46
[0;32m2025-09-22 03:02:14 - Completed prompt #46[0m
[0;34m2025-09-22 03:02:19 - Generating prompt #47 (Section 3, Prompt 13/17)[0m
[1;33m2025-09-22 03:02:19 - Running prompt generation...[0m
PROMPT GENERATION COMPLETE - Prompt #47
[0;32m2025-09-22 03:02:43 - Completed prompt #47[0m
[0;34m2025-09-22 03:02:48 - Generating prompt #48 (Section 3, Prompt 14/17)[0m
[1;33m2025-09-22 03:02:48 - Running prompt generation...[0m
PROMPT GENERATION COMPLETE - Prompt #48
[0;32m2025-09-22 03:03:11 - Completed prompt #48[0m
[0;34m2025-09-22 03:03:16 - Generating prompt #49 (Section 3, Prompt 15/17)[0m
[1;33m2025-09-22 03:03:16 - Running prompt generation...[0m
PROMPT GENERATION COMPLETE - Prompt #49
[0;32m2025-09-22 03:03:40 - Completed prompt #49[0m
[0;34m2025-09-22 03:03:45 - Generating prompt #50 (Section 3, Prompt 16/17)[0m
[1;33m2025-09-22 03:03:45 - Running prompt generation...[0m
PROMPT GENERATION COMPLETE - Prompt #50
[0;32m2025-09-22 03:04:08 - Completed prompt #50[0m
[0;34m2025-09-22 03:04:13 - Generating prompt #51 (Section 3, Prompt 17/17)[0m
[1;33m2025-09-22 03:04:13 - Running prompt generation...[0m
PROMPT GENERATION COMPLETE - Prompt #51
[0;32m2025-09-22 03:04:36 - Completed prompt #51[0m
[0;34m2025-09-22 03:04:41 - Generating prompt #52 (Section 4, Prompt 1/17)[0m
[1;33m2025-09-22 03:04:41 - Running prompt generation...[0m
PROMPT GENERATION COMPLETE - Prompt #52
[0;32m2025-09-22 03:05:04 - Completed prompt #52[0m
[0;34m2025-09-22 03:05:09 - Generating prompt #53 (Section 4, Prompt 2/17)[0m
[1;33m2025-09-22 03:05:10 - Running prompt generation...[0m
PROMPT GENERATION COMPLETE - Prompt #53
[0;32m2025-09-22 03:05:32 - Completed prompt #53[0m
[0;34m2025-09-22 03:05:37 - Generating prompt #54 (Section 4, Prompt 3/17)[0m
[1;33m2025-09-22 03:05:37 - Running prompt generation...[0m
PROMPT GENERATION COMPLETE - Prompt #54
[0;32m2025-09-22 03:06:00 - Completed prompt #54[0m
[0;34m2025-09-22 03:06:05 - Generating prompt #55 (Section 4, Prompt 4/17)[0m
[1;33m2025-09-22 03:06:05 - Running prompt generation...[0m
PROMPT GENERATION COMPLETE - Prompt #55
[0;32m2025-09-22 03:06:27 - Completed prompt #55[0m
[0;34m2025-09-22 03:06:32 - Generating prompt #56 (Section 4, Prompt 5/17)[0m
[1;33m2025-09-22 03:06:32 - Running prompt generation...[0m
PROMPT GENERATION COMPLETE - Prompt #56
[0;32m2025-09-22 03:06:54 - Completed prompt #56[0m
[0;34m2025-09-22 03:06:59 - Generating prompt #57 (Section 4, Prompt 6/17)[0m
[1;33m2025-09-22 03:06:59 - Running prompt generation...[0m
PROMPT GENERATION COMPLETE - Prompt #57
[0;32m2025-09-22 03:07:23 - Completed prompt #57[0m
[0;34m2025-09-22 03:07:28 - Generating prompt #58 (Section 4, Prompt 7/17)[0m
[1;33m2025-09-22 03:07:28 - Running prompt generation...[0m
PROMPT GENERATION COMPLETE - Prompt #58
[0;32m2025-09-22 03:07:51 - Completed prompt #58[0m
[0;34m2025-09-22 03:07:56 - Generating prompt #59 (Section 4, Prompt 8/17)[0m
[1;33m2025-09-22 03:07:56 - Running prompt generation...[0m
PROMPT GENERATION COMPLETE - Prompt #59
[0;32m2025-09-22 03:08:22 - Completed prompt #59[0m
[0;34m2025-09-22 03:08:27 - Generating prompt #60 (Section 4, Prompt 9/17)[0m
[1;33m2025-09-22 03:08:27 - Running prompt generation...[0m
PROMPT GENERATION COMPLETE - Prompt #60
[0;32m2025-09-22 03:08:55 - Completed prompt #60[0m
[0;34m2025-09-22 03:09:00 - Generating prompt #61 (Section 4, Prompt 10/17)[0m
[1;33m2025-09-22 03:09:00 - Running prompt generation...[0m
PROMPT GENERATION COMPLETE - Prompt #61
[0;32m2025-09-22 03:09:23 - Completed prompt #61[0m
[0;34m2025-09-22 03:09:28 - Generating prompt #62 (Section 4, Prompt 11/17)[0m
[1;33m2025-09-22 03:09:28 - Running prompt generation...[0m
PROMPT GENERATION COMPLETE - Prompt #62
[0;32m2025-09-22 03:09:54 - Completed prompt #62[0m
[0;34m2025-09-22 03:09:59 - Generating prompt #63 (Section 4, Prompt 12/17)[0m
[1;33m2025-09-22 03:09:59 - Running prompt generation...[0m
PROMPT GENERATION COMPLETE - Prompt #63
[0;32m2025-09-22 03:10:23 - Completed prompt #63[0m
[0;34m2025-09-22 03:10:28 - Generating prompt #64 (Section 4, Prompt 13/17)[0m
[1;33m2025-09-22 03:10:28 - Running prompt generation...[0m
PROMPT GENERATION COMPLETE - Prompt #64
[0;32m2025-09-22 03:10:52 - Completed prompt #64[0m
[0;34m2025-09-22 03:10:57 - Generating prompt #65 (Section 4, Prompt 14/17)[0m
[1;33m2025-09-22 03:10:57 - Running prompt generation...[0m
PROMPT GENERATION COMPLETE - Prompt #65
[0;32m2025-09-22 03:11:21 - Completed prompt #65[0m
[0;34m2025-09-22 03:11:26 - Generating prompt #66 (Section 4, Prompt 15/17)[0m
[1;33m2025-09-22 03:11:26 - Running prompt generation...[0m
PROMPT GENERATION COMPLETE - Prompt #66
[0;32m2025-09-22 03:11:49 - Completed prompt #66[0m
[0;34m2025-09-22 03:11:54 - Generating prompt #67 (Section 4, Prompt 16/17)[0m
[1;33m2025-09-22 03:11:54 - Running prompt generation...[0m
PROMPT GENERATION COMPLETE - Prompt #67
[0;32m2025-09-22 03:12:16 - Completed prompt #67[0m
[0;34m2025-09-22 03:12:21 - Generating prompt #68 (Section 4, Prompt 17/17)[0m
[1;33m2025-09-22 03:12:21 - Running prompt generation...[0m
PROMPT GENERATION COMPLETE - Prompt #68
[0;32m2025-09-22 03:12:44 - Completed prompt #68[0m
[0;34m2025-09-22 03:12:49 - Generating prompt #69 (Section 5, Prompt 1/17)[0m
[1;33m2025-09-22 03:12:49 - Running prompt generation...[0m
PROMPT GENERATION COMPLETE - Prompt #69
[0;32m2025-09-22 03:13:15 - Completed prompt #69[0m
[0;34m2025-09-22 03:13:20 - Generating prompt #70 (Section 5, Prompt 2/17)[0m
[1;33m2025-09-22 03:13:20 - Running prompt generation...[0m
PROMPT GENERATION COMPLETE - Prompt #70
[0;32m2025-09-22 03:13:47 - Completed prompt #70[0m
[0;34m2025-09-22 03:13:52 - Generating prompt #71 (Section 5, Prompt 3/17)[0m
[1;33m2025-09-22 03:13:52 - Running prompt generation...[0m
PROMPT GENERATION COMPLETE - Prompt #71
[0;32m2025-09-22 03:14:16 - Completed prompt #71[0m
[0;34m2025-09-22 03:14:21 - Generating prompt #72 (Section 5, Prompt 4/17)[0m
[1;33m2025-09-22 03:14:21 - Running prompt generation...[0m
PROMPT GENERATION COMPLETE - Prompt #72
[0;32m2025-09-22 03:14:44 - Completed prompt #72[0m
[0;34m2025-09-22 03:14:49 - Generating prompt #73 (Section 5, Prompt 5/17)[0m
[1;33m2025-09-22 03:14:49 - Running prompt generation...[0m
PROMPT GENERATION COMPLETE - Prompt #73
[0;32m2025-09-22 03:15:13 - Completed prompt #73[0m
[0;34m2025-09-22 03:15:18 - Generating prompt #74 (Section 5, Prompt 6/17)[0m
[1;33m2025-09-22 03:15:18 - Running prompt generation...[0m
5-hour limit reached ∙ resets 5am
[0;32m2025-09-22 03:15:25 - Completed prompt #74[0m
[0;34m2025-09-22 03:15:30 - Generating prompt #75 (Section 5, Prompt 7/17)[0m
[1;33m2025-09-22 03:15:30 - Running prompt generation...[0m
5-hour limit reached ∙ resets 5am
[0;32m2025-09-22 03:15:38 - Completed prompt #75[0m
[0;34m2025-09-22 03:15:44 - Generating prompt #76 (Section 5, Prompt 8/17)[0m
[1;33m2025-09-22 03:15:44 - Running prompt generation...[0m
5-hour limit reached ∙ resets 5am
[0;32m2025-09-22 03:15:52 - Completed prompt #76[0m
[0;34m2025-09-22 03:15:57 - Generating prompt #77 (Section 5, Prompt 9/17)[0m
[1;33m2025-09-22 03:15:57 - Running prompt generation...[0m
5-hour limit reached ∙ resets 5am
[0;32m2025-09-22 03:16:06 - Completed prompt #77[0m
[0;34m2025-09-22 03:16:11 - Generating prompt #78 (Section 5, Prompt 10/17)[0m
[1;33m2025-09-22 03:16:11 - Running prompt generation...[0m
5-hour limit reached ∙ resets 5am
[0;32m2025-09-22 03:16:19 - Completed prompt #78[0m
[0;34m2025-09-22 03:16:24 - Generating prompt #79 (Section 5, Prompt 11/17)[0m
[1;33m2025-09-22 03:16:24 - Running prompt generation...[0m
5-hour limit reached ∙ resets 5am
[0;32m2025-09-22 03:16:33 - Completed prompt #79[0m
[0;34m2025-09-22 03:16:38 - Generating prompt #80 (Section 5, Prompt 12/17)[0m
[1;33m2025-09-22 03:16:38 - Running prompt generation...[0m
5-hour limit reached ∙ resets 5am
[0;32m2025-09-22 03:16:47 - Completed prompt #80[0m
[0;34m2025-09-22 03:16:52 - Generating prompt #81 (Section 5, Prompt 13/17)[0m
[1;33m2025-09-22 03:16:52 - Running prompt generation...[0m
5-hour limit reached ∙ resets 5am
[0;32m2025-09-22 03:17:01 - Completed prompt #81[0m
[0;34m2025-09-22 03:17:06 - Generating prompt #82 (Section 5, Prompt 14/17)[0m
[1;33m2025-09-22 03:17:07 - Running prompt generation...[0m
5-hour limit reached ∙ resets 5am
[0;32m2025-09-22 03:17:16 - Completed prompt #82[0m
[0;34m2025-09-22 03:17:21 - Generating prompt #83 (Section 5, Prompt 15/17)[0m
[1;33m2025-09-22 03:17:21 - Running prompt generation...[0m
5-hour limit reached ∙ resets 5am
[0;32m2025-09-22 03:17:30 - Completed prompt #83[0m
[0;34m2025-09-22 03:17:35 - Generating prompt #84 (Section 5, Prompt 16/17)[0m
[1;33m2025-09-22 03:17:35 - Running prompt generation...[0m
5-hour limit reached ∙ resets 5am
[0;32m2025-09-22 03:17:43 - Completed prompt #84[0m
[0;34m2025-09-22 03:17:48 - Generating prompt #85 (Section 5, Prompt 17/17)[0m
[1;33m2025-09-22 03:17:48 - Running prompt generation...[0m
5-hour limit reached ∙ resets 5am
[0;32m2025-09-22 03:17:56 - Completed prompt #85[0m
[0;34m2025-09-22 03:18:01 - Generating prompt #86 (Section 6, Prompt 1/17)[0m
[1;33m2025-09-22 03:18:01 - Running prompt generation...[0m
5-hour limit reached ∙ resets 5am
[0;32m2025-09-22 03:18:08 - Completed prompt #86[0m
[0;34m2025-09-22 03:18:13 - Generating prompt #87 (Section 6, Prompt 2/17)[0m
[1;33m2025-09-22 03:18:13 - Running prompt generation...[0m
5-hour limit reached ∙ resets 5am
[0;32m2025-09-22 03:18:21 - Completed prompt #87[0m
[0;34m2025-09-22 03:18:26 - Generating prompt #88 (Section 6, Prompt 3/17)[0m
[1;33m2025-09-22 03:18:26 - Running prompt generation...[0m
5-hour limit reached ∙ resets 5am
[0;32m2025-09-22 03:18:34 - Completed prompt #88[0m
[0;34m2025-09-22 03:18:39 - Generating prompt #89 (Section 6, Prompt 4/17)[0m
[1;33m2025-09-22 03:18:39 - Running prompt generation...[0m
5-hour limit reached ∙ resets 5am
[0;32m2025-09-22 03:18:47 - Completed prompt #89[0m
[0;34m2025-09-22 03:18:52 - Generating prompt #90 (Section 6, Prompt 5/17)[0m
[1;33m2025-09-22 03:18:52 - Running prompt generation...[0m
5-hour limit reached ∙ resets 5am
[0;32m2025-09-22 03:19:01 - Completed prompt #90[0m
[0;34m2025-09-22 03:19:06 - Generating prompt #91 (Section 6, Prompt 6/17)[0m
[1;33m2025-09-22 03:19:06 - Running prompt generation...[0m
5-hour limit reached ∙ resets 5am
[0;32m2025-09-22 03:19:16 - Completed prompt #91[0m
[0;34m2025-09-22 03:19:21 - Generating prompt #92 (Section 6, Prompt 7/17)[0m
[1;33m2025-09-22 03:19:21 - Running prompt generation...[0m
5-hour limit reached ∙ resets 5am
[0;32m2025-09-22 03:19:30 - Completed prompt #92[0m
[0;34m2025-09-22 03:19:35 - Generating prompt #93 (Section 6, Prompt 8/17)[0m
[1;33m2025-09-22 03:19:35 - Running prompt generation...[0m
5-hour limit reached ∙ resets 5am
[0;32m2025-09-22 03:19:44 - Completed prompt #93[0m
[0;34m2025-09-22 03:19:49 - Generating prompt #94 (Section 6, Prompt 9/17)[0m
[1;33m2025-09-22 03:19:50 - Running prompt generation...[0m
5-hour limit reached ∙ resets 5am
[0;32m2025-09-22 03:19:59 - Completed prompt #94[0m
[0;34m2025-09-22 03:20:04 - Generating prompt #95 (Section 6, Prompt 10/17)[0m
[1;33m2025-09-22 03:20:04 - Running prompt generation...[0m
5-hour limit reached ∙ resets 5am
[0;32m2025-09-22 03:20:14 - Completed prompt #95[0m
[0;34m2025-09-22 03:20:19 - Generating prompt #96 (Section 6, Prompt 11/17)[0m
[1;33m2025-09-22 03:20:19 - Running prompt generation...[0m
5-hour limit reached ∙ resets 5am
[0;32m2025-09-22 03:20:29 - Completed prompt #96[0m
[0;34m2025-09-22 03:20:35 - Generating prompt #97 (Section 6, Prompt 12/17)[0m
[1;33m2025-09-22 03:20:35 - Running prompt generation...[0m
5-hour limit reached ∙ resets 5am
[0;32m2025-09-22 03:20:45 - Completed prompt #97[0m
[0;34m2025-09-22 03:20:50 - Generating prompt #98 (Section 6, Prompt 13/17)[0m
[1;33m2025-09-22 03:20:50 - Running prompt generation...[0m
5-hour limit reached ∙ resets 5am
[0;32m2025-09-22 03:21:00 - Completed prompt #98[0m
[0;34m2025-09-22 03:21:05 - Generating prompt #99 (Section 6, Prompt 14/17)[0m
[1;33m2025-09-22 03:21:05 - Running prompt generation...[0m
5-hour limit reached ∙ resets 5am
[0;32m2025-09-22 03:21:15 - Completed prompt #99[0m
[0;34m2025-09-22 03:21:20 - Generating prompt #100 (Section 6, Prompt 15/17)[0m
[1;33m2025-09-22 03:21:20 - Running prompt generation...[0m
5-hour limit reached ∙ resets 5am
[0;32m2025-09-22 03:21:30 - Completed prompt #100[0m
[0;34m2025-09-22 03:21:35 - Generating prompt #101 (Section 6, Prompt 16/17)[0m
[1;33m2025-09-22 03:21:35 - Running prompt generation...[0m
5-hour limit reached ∙ resets 5am
[0;32m2025-09-22 03:21:45 - Completed prompt #101[0m
[0;34m2025-09-22 03:21:50 - Generating prompt #102 (Section 6, Prompt 17/17)[0m
[1;33m2025-09-22 03:21:50 - Running prompt generation...[0m
5-hour limit reached ∙ resets 5am
[0;32m2025-09-22 03:22:00 - Completed prompt #102[0m
[0;34m2025-09-22 08:30:40 - Starting Prompt Generation Cycle for template: academic-struggles[0m
[0;32m2025-09-22 08:30:40 - Using existing worktree: ../templata-academic-struggles[0m
[0;34m2025-09-22 08:30:40 - Generating prompt #73 (Section 5, Prompt 5/17)[0m
[1;33m2025-09-22 08:30:40 - Running prompt generation...[0m
PROMPT GENERATION COMPLETE - Prompt #73
[0;32m2025-09-22 08:31:33 - Completed prompt #73[0m
[0;34m2025-09-22 08:31:38 - Generating prompt #74 (Section 5, Prompt 6/17)[0m
[1;33m2025-09-22 08:31:38 - Running prompt generation...[0m
PROMPT GENERATION COMPLETE - Prompt #74
[0;32m2025-09-22 08:32:04 - Completed prompt #74[0m
[0;34m2025-09-22 08:32:09 - Generating prompt #75 (Section 5, Prompt 7/17)[0m
[1;33m2025-09-22 08:32:09 - Running prompt generation...[0m
PROMPT GENERATION COMPLETE - Prompt #75
[0;32m2025-09-22 08:32:34 - Completed prompt #75[0m
[0;34m2025-09-22 08:32:39 - Generating prompt #76 (Section 5, Prompt 8/17)[0m
[1;33m2025-09-22 08:32:39 - Running prompt generation...[0m
PROMPT GENERATION COMPLETE - Prompt #76
[0;32m2025-09-22 08:33:04 - Completed prompt #76[0m
[0;34m2025-09-22 08:33:09 - Generating prompt #77 (Section 5, Prompt 9/17)[0m
[1;33m2025-09-22 08:33:09 - Running prompt generation...[0m
PROMPT GENERATION COMPLETE - Prompt #77
[0;32m2025-09-22 08:33:34 - Completed prompt #77[0m
[0;34m2025-09-22 08:33:39 - Generating prompt #78 (Section 5, Prompt 10/17)[0m
[1;33m2025-09-22 08:33:39 - Running prompt generation...[0m
PROMPT GENERATION COMPLETE - Prompt #78
[0;32m2025-09-22 08:34:06 - Completed prompt #78[0m
[0;34m2025-09-22 08:34:11 - Generating prompt #79 (Section 5, Prompt 11/17)[0m
[1;33m2025-09-22 08:34:11 - Running prompt generation...[0m
PROMPT GENERATION COMPLETE - Prompt #79
[0;32m2025-09-22 08:34:36 - Completed prompt #79[0m
[0;34m2025-09-22 08:34:41 - Generating prompt #80 (Section 5, Prompt 12/17)[0m
[1;33m2025-09-22 08:34:41 - Running prompt generation...[0m
PROMPT GENERATION COMPLETE - Prompt #80
[0;32m2025-09-22 08:35:06 - Completed prompt #80[0m
[0;34m2025-09-22 08:35:11 - Generating prompt #81 (Section 5, Prompt 13/17)[0m
[1;33m2025-09-22 08:35:11 - Running prompt generation...[0m
PROMPT GENERATION COMPLETE - Prompt #81
[0;32m2025-09-22 08:35:38 - Completed prompt #81[0m
[0;34m2025-09-22 08:35:43 - Generating prompt #82 (Section 5, Prompt 14/17)[0m
[1;33m2025-09-22 08:35:43 - Running prompt generation...[0m
PROMPT GENERATION COMPLETE - Prompt #82
[0;32m2025-09-22 08:36:05 - Completed prompt #82[0m
[0;34m2025-09-22 08:36:11 - Generating prompt #83 (Section 5, Prompt 15/17)[0m
[1;33m2025-09-22 08:36:11 - Running prompt generation...[0m
PROMPT GENERATION COMPLETE - Prompt #83
[0;32m2025-09-22 08:36:43 - Completed prompt #83[0m
[0;34m2025-09-22 08:36:48 - Generating prompt #84 (Section 5, Prompt 16/17)[0m
[1;33m2025-09-22 08:36:48 - Running prompt generation...[0m
PROMPT GENERATION COMPLETE - Prompt #84
[0;32m2025-09-22 08:37:22 - Completed prompt #84[0m
[0;34m2025-09-22 08:37:27 - Generating prompt #85 (Section 5, Prompt 17/17)[0m
[1;33m2025-09-22 08:37:28 - Running prompt generation...[0m
PROMPT GENERATION COMPLETE - Prompt #85
[0;32m2025-09-22 08:38:01 - Completed prompt #85[0m
[0;34m2025-09-22 08:38:06 - Generating prompt #86 (Section 6, Prompt 1/17)[0m
[1;33m2025-09-22 08:38:06 - Running prompt generation...[0m
PROMPT GENERATION COMPLETE - Prompt #86
[0;32m2025-09-22 08:38:34 - Completed prompt #86[0m
[0;34m2025-09-22 08:38:39 - Generating prompt #87 (Section 6, Prompt 2/17)[0m
[1;33m2025-09-22 08:38:39 - Running prompt generation...[0m
PROMPT GENERATION COMPLETE - Prompt #87
[0;32m2025-09-22 08:39:04 - Completed prompt #87[0m
[0;34m2025-09-22 08:39:09 - Generating prompt #88 (Section 6, Prompt 3/17)[0m
[1;33m2025-09-22 08:39:09 - Running prompt generation...[0m
PROMPT GENERATION COMPLETE - Prompt #88
[0;32m2025-09-22 08:39:30 - Completed prompt #88[0m
[0;34m2025-09-22 08:39:35 - Generating prompt #89 (Section 6, Prompt 4/17)[0m
[1;33m2025-09-22 08:39:35 - Running prompt generation...[0m
PROMPT GENERATION COMPLETE - Prompt #89
[0;32m2025-09-22 08:39:58 - Completed prompt #89[0m
[0;34m2025-09-22 08:40:03 - Generating prompt #90 (Section 6, Prompt 5/17)[0m
[1;33m2025-09-22 08:40:03 - Running prompt generation...[0m
PROMPT GENERATION COMPLETE - Prompt #90
[0;32m2025-09-22 08:40:26 - Completed prompt #90[0m
[0;34m2025-09-22 08:40:32 - Generating prompt #91 (Section 6, Prompt 6/17)[0m
[1;33m2025-09-22 08:40:32 - Running prompt generation...[0m
PROMPT GENERATION COMPLETE - Prompt #91
[0;32m2025-09-22 08:40:55 - Completed prompt #91[0m
[0;34m2025-09-22 08:41:00 - Generating prompt #92 (Section 6, Prompt 7/17)[0m
[1;33m2025-09-22 08:41:00 - Running prompt generation...[0m
PROMPT GENERATION COMPLETE - Prompt #92
[0;32m2025-09-22 08:41:23 - Completed prompt #92[0m
[0;34m2025-09-22 08:41:28 - Generating prompt #93 (Section 6, Prompt 8/17)[0m
[1;33m2025-09-22 08:41:28 - Running prompt generation...[0m
PROMPT GENERATION COMPLETE - Prompt #93
[0;32m2025-09-22 08:41:52 - Completed prompt #93[0m
[0;34m2025-09-22 08:41:57 - Generating prompt #94 (Section 6, Prompt 9/17)[0m
[1;33m2025-09-22 08:41:57 - Running prompt generation...[0m
PROMPT GENERATION COMPLETE - Prompt #94
[0;32m2025-09-22 08:42:25 - Completed prompt #94[0m
[0;34m2025-09-22 08:42:30 - Generating prompt #95 (Section 6, Prompt 10/17)[0m
[1;33m2025-09-22 08:42:30 - Running prompt generation...[0m
PROMPT GENERATION COMPLETE - Prompt #95
[0;32m2025-09-22 08:42:54 - Completed prompt #95[0m
[0;34m2025-09-22 08:42:59 - Generating prompt #96 (Section 6, Prompt 11/17)[0m
[1;33m2025-09-22 08:42:59 - Running prompt generation...[0m
PROMPT GENERATION COMPLETE - Prompt #96
[0;32m2025-09-22 08:43:22 - Completed prompt #96[0m
[0;34m2025-09-22 08:43:28 - Generating prompt #97 (Section 6, Prompt 12/17)[0m
[1;33m2025-09-22 08:43:28 - Running prompt generation...[0m
PROMPT GENERATION COMPLETE - Prompt #97
[0;32m2025-09-22 08:43:51 - Completed prompt #97[0m
[0;34m2025-09-22 08:43:56 - Generating prompt #98 (Section 6, Prompt 13/17)[0m
[1;33m2025-09-22 08:43:56 - Running prompt generation...[0m
PROMPT GENERATION COMPLETE - Prompt #98
[0;32m2025-09-22 08:44:23 - Completed prompt #98[0m
[0;34m2025-09-22 08:44:28 - Generating prompt #99 (Section 6, Prompt 14/17)[0m
[1;33m2025-09-22 08:44:28 - Running prompt generation...[0m
PROMPT GENERATION COMPLETE - Prompt #99
[0;32m2025-09-22 08:44:57 - Completed prompt #99[0m
[0;34m2025-09-22 08:45:02 - Generating prompt #100 (Section 6, Prompt 15/17)[0m
[1;33m2025-09-22 08:45:02 - Running prompt generation...[0m
PROMPT GENERATION COMPLETE - Prompt #100
[0;32m2025-09-22 08:45:33 - Completed prompt #100[0m
[0;34m2025-09-22 08:45:38 - Generating prompt #101 (Section 6, Prompt 16/17)[0m
[1;33m2025-09-22 08:45:38 - Running prompt generation...[0m
PROMPT GENERATION COMPLETE - Prompt #101
[0;32m2025-09-22 08:46:05 - Completed prompt #101[0m
[0;34m2025-09-22 08:46:10 - Generating prompt #102 (Section 6, Prompt 17/17)[0m
[1;33m2025-09-22 08:46:10 - Running prompt generation...[0m
PROMPT GENERATION COMPLETE - Prompt #102
[0;32m2025-09-22 08:46:38 - Completed prompt #102[0m
