[0;34m2025-09-19 19:03:08 - Starting Prompt Generation Cycle for template: divorce-coordination[0m
[0;32m2025-09-19 19:03:08 - Using existing worktree: ../templata-divorce-coordination[0m
[1;33m2025-09-19 19:03:08 - Creating template prompt file: prompts-divorce-coordination.ts[0m
[0;32m2025-09-19 19:03:08 - Created template prompt file: ../templata-divorce-coordination/src/data/prompts-divorce-coordination.ts[0m
[0;34m2025-09-19 19:03:08 - Generating prompt #1 (Section 1, Prompt 1/17)[0m
[1;33m2025-09-19 19:03:08 - Running prompt generation...[0m
PROMPT GENERATION COMPLETE - Prompt #1
[0;32m2025-09-19 19:03:24 - Completed prompt #1[0m
[0;34m2025-09-19 19:03:29 - Generating prompt #2 (Section 1, Prompt 2/17)[0m
[1;33m2025-09-19 19:03:29 - Running prompt generation...[0m
[0;34m2025-09-19 19:03:41 - Starting Prompt Generation Cycle for template: divorce-coordination[0m
[0;32m2025-09-19 19:03:41 - Using existing worktree: ../templata-divorce-coordination[0m
[0;34m2025-09-19 19:03:41 - Generating prompt #2 (Section 1, Prompt 2/17)[0m
[1;33m2025-09-19 19:03:41 - Running prompt generation...[0m
PROMPT GENERATION COMPLETE - Prompt #2
[0;32m2025-09-19 19:03:47 - Completed prompt #2[0m
[0;34m2025-09-19 19:03:52 - Generating prompt #3 (Section 1, Prompt 3/17)[0m
[1;33m2025-09-19 19:03:52 - Running prompt generation...[0m
PROMPT GENERATION COMPLETE - Prompt #2
[0;32m2025-09-19 19:04:05 - Completed prompt #2[0m
[0;34m2025-09-19 19:04:10 - Generating prompt #4 (Section 1, Prompt 4/17)[0m
[1;33m2025-09-19 19:04:10 - Running prompt generation...[0m
PROMPT GENERATION COMPLETE - Prompt #3
[0;32m2025-09-19 19:04:20 - Completed prompt #3[0m
[0;34m2025-09-19 19:04:25 - Generating prompt #5 (Section 1, Prompt 5/17)[0m
[1;33m2025-09-19 19:04:25 - Running prompt generation...[0m
PROMPT GENERATION COMPLETE - Prompt #4
[0;32m2025-09-19 19:04:30 - Completed prompt #4[0m
[0;34m2025-09-19 19:04:35 - Generating prompt #6 (Section 1, Prompt 6/17)[0m
[1;33m2025-09-19 19:04:35 - Running prompt generation...[0m
PROMPT GENERATION COMPLETE - Prompt #5
[0;32m2025-09-19 19:04:44 - Completed prompt #5[0m
[0;34m2025-09-19 19:04:49 - Generating prompt #7 (Section 1, Prompt 7/17)[0m
[1;33m2025-09-19 19:04:49 - Running prompt generation...[0m
PROMPT GENERATION COMPLETE - Prompt #6
[0;32m2025-09-19 19:04:54 - Completed prompt #6[0m
[0;34m2025-09-19 19:04:59 - Generating prompt #8 (Section 1, Prompt 8/17)[0m
[1;33m2025-09-19 19:04:59 - Running prompt generation...[0m
PROMPT GENERATION COMPLETE - Prompt #7
[0;32m2025-09-19 19:05:08 - Completed prompt #7[0m
[0;34m2025-09-19 19:05:13 - Generating prompt #9 (Section 1, Prompt 9/17)[0m
[1;33m2025-09-19 19:05:13 - Running prompt generation...[0m
PROMPT GENERATION COMPLETE - Prompt #8
[0;32m2025-09-19 19:05:19 - Completed prompt #8[0m
[0;34m2025-09-19 19:05:24 - Generating prompt #10 (Section 1, Prompt 10/17)[0m
[1;33m2025-09-19 19:05:24 - Running prompt generation...[0m
PROMPT GENERATION COMPLETE - Prompt #9
[0;32m2025-09-19 19:05:33 - Completed prompt #9[0m
[0;34m2025-09-19 19:05:38 - Generating prompt #11 (Section 1, Prompt 11/17)[0m
[1;33m2025-09-19 19:05:38 - Running prompt generation...[0m
PROMPT GENERATION COMPLETE - Prompt #10
[0;32m2025-09-19 19:05:47 - Completed prompt #10[0m
[0;34m2025-09-19 19:05:52 - Generating prompt #12 (Section 1, Prompt 12/17)[0m
[1;33m2025-09-19 19:05:52 - Running prompt generation...[0m
PROMPT GENERATION COMPLETE - Prompt #11
[0;32m2025-09-19 19:05:58 - Completed prompt #11[0m
[0;34m2025-09-19 19:06:03 - Generating prompt #13 (Section 1, Prompt 13/17)[0m
[1;33m2025-09-19 19:06:03 - Running prompt generation...[0m
PROMPT GENERATION COMPLETE - Prompt #12
[0;32m2025-09-19 19:06:13 - Completed prompt #12[0m
[0;34m2025-09-19 19:06:18 - Generating prompt #14 (Section 1, Prompt 14/17)[0m
[1;33m2025-09-19 19:06:18 - Running prompt generation...[0m
PROMPT GENERATION COMPLETE - Prompt #13
[0;32m2025-09-19 19:06:23 - Completed prompt #13[0m
[0;34m2025-09-19 19:06:28 - Generating prompt #15 (Section 1, Prompt 15/17)[0m
[1;33m2025-09-19 19:06:28 - Running prompt generation...[0m
PROMPT GENERATION COMPLETE - Prompt #14
[0;32m2025-09-19 19:06:38 - Completed prompt #14[0m
[0;34m2025-09-19 19:06:43 - Generating prompt #16 (Section 1, Prompt 16/17)[0m
[1;33m2025-09-19 19:06:43 - Running prompt generation...[0m
PROMPT GENERATION COMPLETE - Prompt #15
[0;32m2025-09-19 19:06:48 - Completed prompt #15[0m
[0;34m2025-09-19 19:06:53 - Generating prompt #17 (Section 1, Prompt 17/17)[0m
[1;33m2025-09-19 19:06:53 - Running prompt generation...[0m
PROMPT GENERATION COMPLETE - Prompt #16
[0;32m2025-09-19 19:07:03 - Completed prompt #16[0m
[0;34m2025-09-19 19:07:09 - Generating prompt #18 (Section 2, Prompt 1/17)[0m
[1;33m2025-09-19 19:07:09 - Running prompt generation...[0m
PROMPT GENERATION COMPLETE - Prompt #17
[0;32m2025-09-19 19:07:14 - Completed prompt #17[0m
[0;34m2025-09-19 19:07:19 - Generating prompt #19 (Section 2, Prompt 2/17)[0m
[1;33m2025-09-19 19:07:19 - Running prompt generation...[0m
PROMPT GENERATION COMPLETE - Prompt #18
[0;32m2025-09-19 19:07:30 - Completed prompt #18[0m
[0;34m2025-09-19 19:07:35 - Generating prompt #20 (Section 2, Prompt 3/17)[0m
[1;33m2025-09-19 19:07:35 - Running prompt generation...[0m
PROMPT GENERATION COMPLETE - Prompt #19
[0;32m2025-09-19 19:07:53 - Completed prompt #19[0m
[0;34m2025-09-19 19:07:58 - Generating prompt #21 (Section 2, Prompt 4/17)[0m
[1;33m2025-09-19 19:07:58 - Running prompt generation...[0m
PROMPT GENERATION COMPLETE - Prompt #20
[0;32m2025-09-19 19:08:12 - Completed prompt #20[0m
[0;34m2025-09-19 19:08:17 - Generating prompt #22 (Section 2, Prompt 5/17)[0m
[1;33m2025-09-19 19:08:17 - Running prompt generation...[0m
PROMPT GENERATION COMPLETE - Prompt #21
[0;32m2025-09-19 19:08:32 - Completed prompt #21[0m
[0;34m2025-09-19 19:08:37 - Generating prompt #23 (Section 2, Prompt 6/17)[0m
[1;33m2025-09-19 19:08:37 - Running prompt generation...[0m
PROMPT GENERATION COMPLETE - Prompt #22
[0;32m2025-09-19 19:08:52 - Completed prompt #22[0m
[0;34m2025-09-19 19:08:57 - Generating prompt #24 (Section 2, Prompt 7/17)[0m
[1;33m2025-09-19 19:08:58 - Running prompt generation...[0m
PROMPT GENERATION COMPLETE - Prompt #23
[0;32m2025-09-19 19:09:16 - Completed prompt #23[0m
[0;34m2025-09-19 19:09:21 - Generating prompt #25 (Section 2, Prompt 8/17)[0m
[1;33m2025-09-19 19:09:21 - Running prompt generation...[0m
PROMPT GENERATION COMPLETE - Prompt #24
[0;32m2025-09-19 19:09:32 - Completed prompt #24[0m
[0;34m2025-09-19 19:09:37 - Generating prompt #26 (Section 2, Prompt 9/17)[0m
[1;33m2025-09-19 19:09:37 - Running prompt generation...[0m
PROMPT GENERATION COMPLETE - Prompt #25
[0;32m2025-09-19 19:09:44 - Completed prompt #25[0m
[0;34m2025-09-19 19:09:49 - Generating prompt #27 (Section 2, Prompt 10/17)[0m
[1;33m2025-09-19 19:09:49 - Running prompt generation...[0m
PROMPT GENERATION COMPLETE - Prompt #26
[0;32m2025-09-19 19:09:58 - Completed prompt #26[0m
[0;34m2025-09-19 19:10:03 - Generating prompt #28 (Section 2, Prompt 11/17)[0m
[1;33m2025-09-19 19:10:03 - Running prompt generation...[0m
PROMPT GENERATION COMPLETE - Prompt #27
[0;32m2025-09-19 19:10:12 - Completed prompt #27[0m
[0;34m2025-09-19 19:10:17 - Generating prompt #29 (Section 2, Prompt 12/17)[0m
[1;33m2025-09-19 19:10:17 - Running prompt generation...[0m
PROMPT GENERATION COMPLETE - Prompt #28
[0;32m2025-09-19 19:10:25 - Completed prompt #28[0m
[0;34m2025-09-19 19:10:30 - Generating prompt #30 (Section 2, Prompt 13/17)[0m
[1;33m2025-09-19 19:10:30 - Running prompt generation...[0m
PROMPT GENERATION COMPLETE - Prompt #29
[0;32m2025-09-19 19:10:44 - Completed prompt #29[0m
[0;34m2025-09-19 19:10:49 - Generating prompt #31 (Section 2, Prompt 14/17)[0m
[1;33m2025-09-19 19:10:49 - Running prompt generation...[0m
PROMPT GENERATION COMPLETE - Prompt #30
[0;32m2025-09-19 19:11:12 - Completed prompt #30[0m
[0;34m2025-09-19 19:11:17 - Generating prompt #32 (Section 2, Prompt 15/17)[0m
[1;33m2025-09-19 19:11:17 - Running prompt generation...[0m
PROMPT GENERATION COMPLETE - Prompt #31
[0;32m2025-09-19 19:11:29 - Completed prompt #31[0m
[0;34m2025-09-19 19:11:34 - Generating prompt #33 (Section 2, Prompt 16/17)[0m
[1;33m2025-09-19 19:11:34 - Running prompt generation...[0m
PROMPT GENERATION COMPLETE - Prompt #32
[0;32m2025-09-19 19:12:00 - Completed prompt #32[0m
[0;34m2025-09-19 19:12:05 - Generating prompt #34 (Section 2, Prompt 17/17)[0m
[1;33m2025-09-19 19:12:05 - Running prompt generation...[0m
PROMPT GENERATION COMPLETE - Prompt #33
[0;32m2025-09-19 19:12:14 - Completed prompt #33[0m
[0;34m2025-09-19 19:12:19 - Generating prompt #35 (Section 3, Prompt 1/17)[0m
[1;33m2025-09-19 19:12:19 - Running prompt generation...[0m
PROMPT GENERATION COMPLETE - Prompt #34
[0;32m2025-09-19 19:12:30 - Completed prompt #34[0m
[0;34m2025-09-19 19:12:35 - Generating prompt #36 (Section 3, Prompt 2/17)[0m
[1;33m2025-09-19 19:12:35 - Running prompt generation...[0m
PROMPT GENERATION COMPLETE - Prompt #35
[0;32m2025-09-19 19:12:46 - Completed prompt #35[0m
[0;34m2025-09-19 19:12:51 - Generating prompt #37 (Section 3, Prompt 3/17)[0m
[1;33m2025-09-19 19:12:51 - Running prompt generation...[0m
PROMPT GENERATION COMPLETE - Prompt #36
[0;32m2025-09-19 19:12:58 - Completed prompt #36[0m
[0;34m2025-09-19 19:13:03 - Generating prompt #38 (Section 3, Prompt 4/17)[0m
[1;33m2025-09-19 19:13:03 - Running prompt generation...[0m
PROMPT GENERATION COMPLETE - Prompt #37
[0;32m2025-09-19 19:13:16 - Completed prompt #37[0m
[0;34m2025-09-19 19:13:21 - Generating prompt #39 (Section 3, Prompt 5/17)[0m
[1;33m2025-09-19 19:13:21 - Running prompt generation...[0m
PROMPT GENERATION COMPLETE - Prompt #38
[0;32m2025-09-19 19:13:39 - Completed prompt #38[0m
[0;34m2025-09-19 19:13:44 - Generating prompt #40 (Section 3, Prompt 6/17)[0m
[1;33m2025-09-19 19:13:44 - Running prompt generation...[0m
PROMPT GENERATION COMPLETE - Prompt #39
[0;32m2025-09-19 19:13:56 - Completed prompt #39[0m
[0;34m2025-09-19 19:14:01 - Generating prompt #41 (Section 3, Prompt 7/17)[0m
[1;33m2025-09-19 19:14:01 - Running prompt generation...[0m
PROMPT GENERATION COMPLETE - Prompt #40
[0;32m2025-09-19 19:14:26 - Completed prompt #40[0m
[0;34m2025-09-19 19:14:31 - Generating prompt #42 (Section 3, Prompt 8/17)[0m
[1;33m2025-09-19 19:14:31 - Running prompt generation...[0m
PROMPT GENERATION COMPLETE - Prompt #41
[0;32m2025-09-19 19:14:48 - Completed prompt #41[0m
[0;34m2025-09-19 19:14:53 - Generating prompt #43 (Section 3, Prompt 9/17)[0m
[1;33m2025-09-19 19:14:53 - Running prompt generation...[0m
PROMPT GENERATION COMPLETE - Prompt #42
[0;32m2025-09-19 19:15:16 - Completed prompt #42[0m
[0;34m2025-09-19 19:15:21 - Generating prompt #44 (Section 3, Prompt 10/17)[0m
[1;33m2025-09-19 19:15:21 - Running prompt generation...[0m
PROMPT GENERATION COMPLETE - Prompt #43
[0;32m2025-09-19 19:15:34 - Completed prompt #43[0m
[0;34m2025-09-19 19:15:39 - Generating prompt #45 (Section 3, Prompt 11/17)[0m
[1;33m2025-09-19 19:15:39 - Running prompt generation...[0m
PROMPT GENERATION COMPLETE - Prompt #44
[0;32m2025-09-19 19:15:57 - Completed prompt #44[0m
[0;34m2025-09-19 19:16:02 - Generating prompt #46 (Section 3, Prompt 12/17)[0m
[1;33m2025-09-19 19:16:02 - Running prompt generation...[0m
Perfect! The prompt has been successfully added to the divorce coordination template. I've created prompt #45 focused on "Implementation and Action" with the theme of taking concrete steps toward financial independence during divorce proceedings.

PROMPT GENERATION COMPLETE - Prompt #45
[0;32m2025-09-19 19:16:23 - Completed prompt #45[0m
[0;34m2025-09-19 19:16:28 - Generating prompt #47 (Section 3, Prompt 13/17)[0m
[1;33m2025-09-19 19:16:28 - Running prompt generation...[0m
PROMPT GENERATION COMPLETE - Prompt #46
[0;32m2025-09-19 19:16:41 - Completed prompt #46[0m
[0;34m2025-09-19 19:16:46 - Generating prompt #48 (Section 3, Prompt 14/17)[0m
[1;33m2025-09-19 19:16:46 - Running prompt generation...[0m
PROMPT GENERATION COMPLETE - Prompt #47
[0;32m2025-09-19 19:17:01 - Completed prompt #47[0m
[0;34m2025-09-19 19:17:07 - Generating prompt #49 (Section 3, Prompt 15/17)[0m
[1;33m2025-09-19 19:17:07 - Running prompt generation...[0m
PROMPT GENERATION COMPLETE - Prompt #48
[0;32m2025-09-19 19:17:16 - Completed prompt #48[0m
[0;34m2025-09-19 19:17:21 - Generating prompt #50 (Section 3, Prompt 16/17)[0m
[1;33m2025-09-19 19:17:21 - Running prompt generation...[0m
PROMPT GENERATION COMPLETE - Prompt #49
[0;32m2025-09-19 19:17:37 - Completed prompt #49[0m
[0;34m2025-09-19 19:17:42 - Generating prompt #51 (Section 3, Prompt 17/17)[0m
[1;33m2025-09-19 19:17:42 - Running prompt generation...[0m
PROMPT GENERATION COMPLETE - Prompt #50
[0;32m2025-09-19 19:17:47 - Completed prompt #50[0m
[0;34m2025-09-19 19:17:52 - Generating prompt #52 (Section 4, Prompt 1/17)[0m
[1;33m2025-09-19 19:17:52 - Running prompt generation...[0m
PROMPT GENERATION COMPLETE - Prompt #51
[0;32m2025-09-19 19:18:04 - Completed prompt #51[0m
[0;34m2025-09-19 19:18:09 - Generating prompt #53 (Section 4, Prompt 2/17)[0m
[1;33m2025-09-19 19:18:09 - Running prompt generation...[0m
PROMPT GENERATION COMPLETE - Prompt #52
[0;32m2025-09-19 19:18:21 - Completed prompt #52[0m
[0;34m2025-09-19 19:18:26 - Generating prompt #54 (Section 4, Prompt 3/17)[0m
[1;33m2025-09-19 19:18:26 - Running prompt generation...[0m
PROMPT GENERATION COMPLETE - Prompt #53
[0;32m2025-09-19 19:18:36 - Completed prompt #53[0m
[0;34m2025-09-19 19:18:42 - Generating prompt #55 (Section 4, Prompt 4/17)[0m
[1;33m2025-09-19 19:18:42 - Running prompt generation...[0m
PROMPT GENERATION COMPLETE - Prompt #54
[0;32m2025-09-19 19:18:54 - Completed prompt #54[0m
[0;34m2025-09-19 19:18:59 - Generating prompt #56 (Section 4, Prompt 5/17)[0m
[1;33m2025-09-19 19:18:59 - Running prompt generation...[0m
PROMPT GENERATION COMPLETE - Prompt #55
[0;32m2025-09-19 19:19:08 - Completed prompt #55[0m
[0;34m2025-09-19 19:19:13 - Generating prompt #57 (Section 4, Prompt 6/17)[0m
[1;33m2025-09-19 19:19:13 - Running prompt generation...[0m
PROMPT GENERATION COMPLETE - Prompt #56
[0;32m2025-09-19 19:19:24 - Completed prompt #56[0m
[0;34m2025-09-19 19:19:29 - Generating prompt #58 (Section 4, Prompt 7/17)[0m
[1;33m2025-09-19 19:19:29 - Running prompt generation...[0m
PROMPT GENERATION COMPLETE - Prompt #57
[0;32m2025-09-19 19:19:41 - Completed prompt #57[0m
[0;34m2025-09-19 19:19:46 - Generating prompt #59 (Section 4, Prompt 8/17)[0m
[1;33m2025-09-19 19:19:46 - Running prompt generation...[0m
PROMPT GENERATION COMPLETE - Prompt #58
[0;32m2025-09-19 19:19:54 - Completed prompt #58[0m
[0;34m2025-09-19 19:19:59 - Generating prompt #60 (Section 4, Prompt 9/17)[0m
[1;33m2025-09-19 19:19:59 - Running prompt generation...[0m
PROMPT GENERATION COMPLETE - Prompt #59
[0;32m2025-09-19 19:20:08 - Completed prompt #59[0m
[0;34m2025-09-19 19:20:13 - Generating prompt #61 (Section 4, Prompt 10/17)[0m
[1;33m2025-09-19 19:20:13 - Running prompt generation...[0m
PROMPT GENERATION COMPLETE - Prompt #60
[0;32m2025-09-19 19:20:28 - Completed prompt #60[0m
[0;34m2025-09-19 19:20:33 - Generating prompt #62 (Section 4, Prompt 11/17)[0m
[1;33m2025-09-19 19:20:33 - Running prompt generation...[0m
PROMPT GENERATION COMPLETE - Prompt #61
[0;32m2025-09-19 19:20:58 - Completed prompt #61[0m
[0;34m2025-09-19 19:21:03 - Generating prompt #63 (Section 4, Prompt 12/17)[0m
[1;33m2025-09-19 19:21:03 - Running prompt generation...[0m
PROMPT GENERATION COMPLETE - Prompt #62
[0;32m2025-09-19 19:21:13 - Completed prompt #62[0m
[0;34m2025-09-19 19:21:19 - Generating prompt #64 (Section 4, Prompt 13/17)[0m
[1;33m2025-09-19 19:21:19 - Running prompt generation...[0m
PROMPT GENERATION COMPLETE - Prompt #63
[0;32m2025-09-19 19:21:31 - Completed prompt #63[0m
[0;34m2025-09-19 19:21:36 - Generating prompt #65 (Section 4, Prompt 14/17)[0m
[1;33m2025-09-19 19:21:36 - Running prompt generation...[0m
PROMPT GENERATION COMPLETE - Prompt #64
[0;32m2025-09-19 19:21:42 - Completed prompt #64[0m
[0;34m2025-09-19 19:21:47 - Generating prompt #66 (Section 4, Prompt 15/17)[0m
[1;33m2025-09-19 19:21:48 - Running prompt generation...[0m
PROMPT GENERATION COMPLETE - Prompt #65
[0;32m2025-09-19 19:22:03 - Completed prompt #65[0m
[0;34m2025-09-19 19:22:08 - Generating prompt #67 (Section 4, Prompt 16/17)[0m
[1;33m2025-09-19 19:22:08 - Running prompt generation...[0m
PROMPT GENERATION COMPLETE - Prompt #66
[0;32m2025-09-19 19:22:35 - Completed prompt #66[0m
[0;34m2025-09-19 19:22:40 - Generating prompt #68 (Section 4, Prompt 17/17)[0m
[1;33m2025-09-19 19:22:40 - Running prompt generation...[0m
PROMPT GENERATION COMPLETE - Prompt #67
[0;32m2025-09-19 19:22:51 - Completed prompt #67[0m
[0;34m2025-09-19 19:22:56 - Generating prompt #69 (Section 5, Prompt 1/17)[0m
[1;33m2025-09-19 19:22:56 - Running prompt generation...[0m
PROMPT GENERATION COMPLETE - Prompt #68
[0;32m2025-09-19 19:23:03 - Completed prompt #68[0m
[0;34m2025-09-19 19:23:08 - Generating prompt #70 (Section 5, Prompt 2/17)[0m
[1;33m2025-09-19 19:23:08 - Running prompt generation...[0m
PROMPT GENERATION COMPLETE - Prompt #69
[0;32m2025-09-19 19:23:25 - Completed prompt #69[0m
[0;34m2025-09-19 19:23:30 - Generating prompt #71 (Section 5, Prompt 3/17)[0m
[1;33m2025-09-19 19:23:30 - Running prompt generation...[0m
PROMPT GENERATION COMPLETE - Prompt #70
[0;32m2025-09-19 19:23:53 - Completed prompt #70[0m
[0;34m2025-09-19 19:23:59 - Generating prompt #72 (Section 5, Prompt 4/17)[0m
[1;33m2025-09-19 19:23:59 - Running prompt generation...[0m
PROMPT GENERATION COMPLETE - Prompt #71
[0;32m2025-09-19 19:24:13 - Completed prompt #71[0m
[0;34m2025-09-19 19:24:18 - Generating prompt #73 (Section 5, Prompt 5/17)[0m
[1;33m2025-09-19 19:24:18 - Running prompt generation...[0m
PROMPT GENERATION COMPLETE - Prompt #72
[0;32m2025-09-19 19:24:42 - Completed prompt #72[0m
[0;34m2025-09-19 19:24:47 - Generating prompt #74 (Section 5, Prompt 6/17)[0m
[1;33m2025-09-19 19:24:48 - Running prompt generation...[0m
PROMPT GENERATION COMPLETE - Prompt #73
[0;32m2025-09-19 19:24:59 - Completed prompt #73[0m
PROMPT GENERATION COMPLETE - Prompt #74
[0;34m2025-09-20 00:04:06 - Starting Prompt Generation Cycle for template: divorce-coordination[0m
[0;32m2025-09-20 00:04:06 - Using existing worktree: ../templata-divorce-coordination[0m
[0;34m2025-09-20 00:04:06 - Generating prompt #75 (Section 5, Prompt 7/17)[0m
[1;33m2025-09-20 00:04:06 - Running prompt generation...[0m
PROMPT GENERATION COMPLETE - Prompt #75
[0;32m2025-09-20 00:04:30 - Completed prompt #75[0m
[0;34m2025-09-20 00:04:35 - Generating prompt #76 (Section 5, Prompt 8/17)[0m
[1;33m2025-09-20 00:04:35 - Running prompt generation...[0m
PROMPT GENERATION COMPLETE - Prompt #76
[0;32m2025-09-20 00:05:17 - Completed prompt #76[0m
[0;34m2025-09-20 00:05:23 - Generating prompt #77 (Section 5, Prompt 9/17)[0m
[1;33m2025-09-20 00:05:23 - Running prompt generation...[0m
PROMPT GENERATION COMPLETE - Prompt #77
[0;32m2025-09-20 00:05:57 - Completed prompt #77[0m
[0;34m2025-09-20 00:06:03 - Generating prompt #78 (Section 5, Prompt 10/17)[0m
[1;33m2025-09-20 00:06:03 - Running prompt generation...[0m
PROMPT GENERATION COMPLETE - Prompt #78
[0;32m2025-09-20 00:06:37 - Completed prompt #78[0m
[0;34m2025-09-20 00:06:42 - Generating prompt #79 (Section 5, Prompt 11/17)[0m
[1;33m2025-09-20 00:06:42 - Running prompt generation...[0m
PROMPT GENERATION COMPLETE - Prompt #79
[0;32m2025-09-20 00:07:32 - Completed prompt #79[0m
[0;34m2025-09-20 00:07:38 - Generating prompt #80 (Section 5, Prompt 12/17)[0m
[1;33m2025-09-20 00:07:38 - Running prompt generation...[0m
PROMPT GENERATION COMPLETE - Prompt #80
[0;32m2025-09-20 00:08:09 - Completed prompt #80[0m
[0;34m2025-09-20 00:08:14 - Generating prompt #81 (Section 5, Prompt 13/17)[0m
[1;33m2025-09-20 00:08:14 - Running prompt generation...[0m
PROMPT GENERATION COMPLETE - Prompt #81
[0;32m2025-09-20 00:08:49 - Completed prompt #81[0m
[0;34m2025-09-20 00:08:55 - Generating prompt #82 (Section 5, Prompt 14/17)[0m
[1;33m2025-09-20 00:08:55 - Running prompt generation...[0m
PROMPT GENERATION COMPLETE - Prompt #82
[0;32m2025-09-20 00:09:33 - Completed prompt #82[0m
[0;34m2025-09-20 00:09:38 - Generating prompt #83 (Section 5, Prompt 15/17)[0m
[1;33m2025-09-20 00:09:39 - Running prompt generation...[0m
PROMPT GENERATION COMPLETE - Prompt #83
[0;32m2025-09-20 00:10:16 - Completed prompt #83[0m
[0;34m2025-09-20 00:10:22 - Generating prompt #84 (Section 5, Prompt 16/17)[0m
[1;33m2025-09-20 00:10:22 - Running prompt generation...[0m
PROMPT GENERATION COMPLETE - Prompt #84
[0;32m2025-09-20 00:10:57 - Completed prompt #84[0m
[0;34m2025-09-20 00:11:02 - Generating prompt #85 (Section 5, Prompt 17/17)[0m
[1;33m2025-09-20 00:11:03 - Running prompt generation...[0m
[0;34m2025-09-20 00:11:32 - Starting Prompt Generation Cycle for template: divorce-coordination[0m
[0;32m2025-09-20 00:11:32 - Using existing worktree: ../templata-divorce-coordination[0m
[0;34m2025-09-20 00:11:32 - Generating prompt #85 (Section 5, Prompt 17/17)[0m
[1;33m2025-09-20 00:11:32 - Running prompt generation...[0m
PROMPT GENERATION COMPLETE - Prompt #85
[0;32m2025-09-20 00:11:44 - Completed prompt #85[0m
[0;34m2025-09-20 00:11:50 - Generating prompt #86 (Section 6, Prompt 1/17)[0m
[1;33m2025-09-20 00:11:50 - Running prompt generation...[0m
[0;32m2025-09-20 15:09:22 - Using existing worktree: ../templata-divorce-coordination[0m
[0;34m2025-09-20 15:09:22 - Generating prompt #86 (Section 6, Prompt 1/17)[0m
[1;33m2025-09-20 15:09:22 - Running prompt generation...[0m
PROMPT GENERATION COMPLETE - Prompt #86
[0;32m2025-09-20 15:09:43 - Completed prompt #86[0m
[0;32m2025-09-20 15:10:18 - Using existing worktree: ../templata-divorce-coordination[0m
[0;34m2025-09-20 15:10:18 - Generating prompt #87 (Section 6, Prompt 2/17)[0m
[1;33m2025-09-20 15:10:18 - Running prompt generation...[0m
PROMPT GENERATION COMPLETE - Prompt #87
[0;32m2025-09-20 15:10:42 - Completed prompt #87[0m
[0;34m2025-09-20 17:03:16 - Starting Prompt Generation Cycle for template: divorce-coordination[0m
[0;32m2025-09-20 17:03:16 - Using existing worktree: ../templata-divorce-coordination[0m
[0;34m2025-09-20 17:03:16 - Generating prompt #88 (Section 6, Prompt 3/17)[0m
[1;33m2025-09-20 17:03:16 - Running prompt generation...[0m
PROMPT GENERATION COMPLETE - Prompt #88
[0;32m2025-09-20 17:03:50 - Completed prompt #88[0m
[0;34m2025-09-20 17:03:55 - Generating prompt #89 (Section 6, Prompt 4/17)[0m
[1;33m2025-09-20 17:03:56 - Running prompt generation...[0m
PROMPT GENERATION COMPLETE - Prompt #89
[0;32m2025-09-20 17:04:19 - Completed prompt #89[0m
[0;34m2025-09-20 17:04:24 - Generating prompt #90 (Section 6, Prompt 5/17)[0m
[1;33m2025-09-20 17:04:24 - Running prompt generation...[0m
PROMPT GENERATION COMPLETE - Prompt #90
[0;32m2025-09-20 17:04:45 - Completed prompt #90[0m
[0;34m2025-09-20 17:04:50 - Generating prompt #91 (Section 6, Prompt 6/17)[0m
[1;33m2025-09-20 17:04:50 - Running prompt generation...[0m
PROMPT GENERATION COMPLETE - Prompt #91
[0;32m2025-09-20 17:05:11 - Completed prompt #91[0m
[0;34m2025-09-20 17:05:16 - Generating prompt #92 (Section 6, Prompt 7/17)[0m
[1;33m2025-09-20 17:05:16 - Running prompt generation...[0m
PROMPT GENERATION COMPLETE - Prompt #92
[0;32m2025-09-20 17:05:38 - Completed prompt #92[0m
[0;34m2025-09-20 17:05:43 - Generating prompt #93 (Section 6, Prompt 8/17)[0m
[1;33m2025-09-20 17:05:43 - Running prompt generation...[0m
PROMPT GENERATION COMPLETE - Prompt #93
[0;32m2025-09-20 17:06:04 - Completed prompt #93[0m
[0;34m2025-09-20 17:06:09 - Generating prompt #94 (Section 6, Prompt 9/17)[0m
[1;33m2025-09-20 17:06:09 - Running prompt generation...[0m
PROMPT GENERATION COMPLETE - Prompt #94
[0;32m2025-09-20 17:06:30 - Completed prompt #94[0m
[0;34m2025-09-20 17:06:35 - Generating prompt #95 (Section 6, Prompt 10/17)[0m
[1;33m2025-09-20 17:06:35 - Running prompt generation...[0m
PROMPT GENERATION COMPLETE - Prompt #95
[0;32m2025-09-20 17:06:56 - Completed prompt #95[0m
[0;34m2025-09-20 17:07:02 - Generating prompt #96 (Section 6, Prompt 11/17)[0m
[1;33m2025-09-20 17:07:02 - Running prompt generation...[0m
PROMPT GENERATION COMPLETE - Prompt #96
[0;32m2025-09-20 17:07:22 - Completed prompt #96[0m
[0;34m2025-09-20 17:07:27 - Generating prompt #97 (Section 6, Prompt 12/17)[0m
[1;33m2025-09-20 17:07:27 - Running prompt generation...[0m
PROMPT GENERATION COMPLETE - Prompt #97
[0;32m2025-09-20 17:07:47 - Completed prompt #97[0m
[0;34m2025-09-20 17:07:52 - Generating prompt #98 (Section 6, Prompt 13/17)[0m
[1;33m2025-09-20 17:07:52 - Running prompt generation...[0m
PROMPT GENERATION COMPLETE - Prompt #98
[0;32m2025-09-20 17:08:13 - Completed prompt #98[0m
[0;34m2025-09-20 17:08:18 - Generating prompt #99 (Section 6, Prompt 14/17)[0m
[1;33m2025-09-20 17:08:18 - Running prompt generation...[0m
PROMPT GENERATION COMPLETE - Prompt #99
[0;32m2025-09-20 17:08:39 - Completed prompt #99[0m
[0;34m2025-09-20 17:08:44 - Generating prompt #100 (Section 6, Prompt 15/17)[0m
[1;33m2025-09-20 17:08:44 - Running prompt generation...[0m
PROMPT GENERATION COMPLETE - Prompt #100
[0;32m2025-09-20 17:09:05 - Completed prompt #100[0m
[0;34m2025-09-20 17:09:10 - Generating prompt #101 (Section 6, Prompt 16/17)[0m
[1;33m2025-09-20 17:09:10 - Running prompt generation...[0m
PROMPT GENERATION COMPLETE - Prompt #101
[0;32m2025-09-20 17:09:30 - Completed prompt #101[0m
[0;34m2025-09-20 17:09:35 - Generating prompt #102 (Section 6, Prompt 17/17)[0m
[1;33m2025-09-20 17:09:35 - Running prompt generation...[0m
PROMPT GENERATION COMPLETE - Prompt #102
[0;32m2025-09-20 17:09:56 - Completed prompt #102[0m
[0;34m2025-09-20 18:51:10 - Starting Prompt Generation Cycle for template: divorce-coordination[0m
[0;32m2025-09-20 18:51:10 - Using existing worktree: ../templata-divorce-coordination[0m
[0;34m2025-09-20 19:24:07 - Starting Prompt Generation Cycle for template: divorce-coordination[0m
[1;33m2025-09-20 19:24:07 - Override flag detected - resetting progress and recreating files[0m
[0;32m2025-09-20 19:24:07 - Progress reset to 0 for template: divorce-coordination[0m
[0;32m2025-09-20 19:24:07 - Using existing worktree: ../templata-divorce-coordination[0m
[1;33m2025-09-20 19:24:07 - Override flag detected - recreating template prompt file: prompts-divorce-coordination.ts[0m
[0;32m2025-09-20 19:24:07 - Created template prompt file: ../templata-divorce-coordination/src/data/prompts-divorce-coordination.ts[0m
[0;34m2025-09-20 19:24:07 - Generating prompt #1 (Section 1, Prompt 1/17)[0m
[1;33m2025-09-20 19:24:07 - Running prompt generation...[0m
PROMPT GENERATION COMPLETE - Prompt #1
[0;32m2025-09-20 19:24:25 - Completed prompt #1[0m
[0;34m2025-09-20 19:24:30 - Generating prompt #2 (Section 1, Prompt 2/17)[0m
[1;33m2025-09-20 19:24:30 - Running prompt generation...[0m
PROMPT GENERATION COMPLETE - Prompt #2
[0;32m2025-09-20 19:24:48 - Completed prompt #2[0m
[0;34m2025-09-20 19:24:53 - Generating prompt #3 (Section 1, Prompt 3/17)[0m
[1;33m2025-09-20 19:24:53 - Running prompt generation...[0m
PROMPT GENERATION COMPLETE - Prompt #3
[0;32m2025-09-20 19:25:11 - Completed prompt #3[0m
[0;34m2025-09-20 19:25:16 - Generating prompt #4 (Section 1, Prompt 4/17)[0m
[1;33m2025-09-20 19:25:16 - Running prompt generation...[0m
PROMPT GENERATION COMPLETE - Prompt #4
[0;32m2025-09-20 19:25:37 - Completed prompt #4[0m
[0;34m2025-09-20 19:25:42 - Generating prompt #5 (Section 1, Prompt 5/17)[0m
[1;33m2025-09-20 19:25:42 - Running prompt generation...[0m
PROMPT GENERATION COMPLETE - Prompt #5
[0;32m2025-09-20 19:26:01 - Completed prompt #5[0m
[0;34m2025-09-20 19:26:06 - Generating prompt #6 (Section 1, Prompt 6/17)[0m
[1;33m2025-09-20 19:26:06 - Running prompt generation...[0m
PROMPT GENERATION COMPLETE - Prompt #6
[0;32m2025-09-20 19:26:24 - Completed prompt #6[0m
[0;34m2025-09-20 19:26:29 - Generating prompt #7 (Section 1, Prompt 7/17)[0m
[1;33m2025-09-20 19:26:29 - Running prompt generation...[0m
PROMPT GENERATION COMPLETE - Prompt #7
[0;32m2025-09-20 19:26:48 - Completed prompt #7[0m
[0;34m2025-09-20 19:26:53 - Generating prompt #8 (Section 1, Prompt 8/17)[0m
[1;33m2025-09-20 19:26:53 - Running prompt generation...[0m
PROMPT GENERATION COMPLETE - Prompt #8
[0;32m2025-09-20 19:27:12 - Completed prompt #8[0m
[0;34m2025-09-20 19:27:17 - Generating prompt #9 (Section 1, Prompt 9/17)[0m
[1;33m2025-09-20 19:27:18 - Running prompt generation...[0m
PROMPT GENERATION COMPLETE - Prompt #9
[0;32m2025-09-20 19:27:37 - Completed prompt #9[0m
[0;34m2025-09-20 19:27:42 - Generating prompt #10 (Section 1, Prompt 10/17)[0m
[1;33m2025-09-20 19:27:42 - Running prompt generation...[0m
PROMPT GENERATION COMPLETE - Prompt #10
[0;32m2025-09-20 19:28:02 - Completed prompt #10[0m
[0;34m2025-09-20 19:28:07 - Generating prompt #11 (Section 1, Prompt 11/17)[0m
[1;33m2025-09-20 19:28:07 - Running prompt generation...[0m
PROMPT GENERATION COMPLETE - Prompt #11
[0;32m2025-09-20 19:28:27 - Completed prompt #11[0m
[0;34m2025-09-20 19:28:33 - Generating prompt #12 (Section 1, Prompt 12/17)[0m
[1;33m2025-09-20 19:28:33 - Running prompt generation...[0m
PROMPT GENERATION COMPLETE - Prompt #12
[0;32m2025-09-20 19:28:53 - Completed prompt #12[0m
[0;34m2025-09-20 19:28:58 - Generating prompt #13 (Section 1, Prompt 13/17)[0m
[1;33m2025-09-20 19:28:58 - Running prompt generation...[0m
PROMPT GENERATION COMPLETE - Prompt #13
[0;32m2025-09-20 19:29:21 - Completed prompt #13[0m
[0;34m2025-09-20 19:29:26 - Generating prompt #14 (Section 1, Prompt 14/17)[0m
[1;33m2025-09-20 19:29:26 - Running prompt generation...[0m
PROMPT GENERATION COMPLETE - Prompt #14
[0;32m2025-09-20 19:29:47 - Completed prompt #14[0m
[0;34m2025-09-20 19:29:52 - Generating prompt #15 (Section 1, Prompt 15/17)[0m
[1;33m2025-09-20 19:29:52 - Running prompt generation...[0m
PROMPT GENERATION COMPLETE - Prompt #15
[0;32m2025-09-20 19:30:14 - Completed prompt #15[0m
[0;34m2025-09-20 19:30:19 - Generating prompt #16 (Section 1, Prompt 16/17)[0m
[1;33m2025-09-20 19:30:19 - Running prompt generation...[0m
PROMPT GENERATION COMPLETE - Prompt #16
[0;32m2025-09-20 19:30:39 - Completed prompt #16[0m
[0;34m2025-09-20 19:30:44 - Generating prompt #17 (Section 1, Prompt 17/17)[0m
[1;33m2025-09-20 19:30:44 - Running prompt generation...[0m
PROMPT GENERATION COMPLETE - Prompt #17
[0;32m2025-09-20 19:31:06 - Completed prompt #17[0m
[0;34m2025-09-20 19:31:11 - Generating prompt #18 (Section 2, Prompt 1/17)[0m
[1;33m2025-09-20 19:31:11 - Running prompt generation...[0m
PROMPT GENERATION COMPLETE - Prompt #18
[0;32m2025-09-20 19:31:34 - Completed prompt #18[0m
[0;34m2025-09-20 19:31:39 - Generating prompt #19 (Section 2, Prompt 2/17)[0m
[1;33m2025-09-20 19:31:39 - Running prompt generation...[0m
PROMPT GENERATION COMPLETE - Prompt #19
[0;32m2025-09-20 19:32:01 - Completed prompt #19[0m
[0;34m2025-09-20 19:32:06 - Generating prompt #20 (Section 2, Prompt 3/17)[0m
[1;33m2025-09-20 19:32:06 - Running prompt generation...[0m
PROMPT GENERATION COMPLETE - Prompt #20
[0;32m2025-09-20 19:32:27 - Completed prompt #20[0m
[0;34m2025-09-20 19:32:32 - Generating prompt #21 (Section 2, Prompt 4/17)[0m
[1;33m2025-09-20 19:32:32 - Running prompt generation...[0m
<invoke name="Edit">
<parameter name="file_path">/Users/ikim1/Documents/GitHub/templata-divorce-coordination/src/data/prompts-divorce-coordination.ts</parameter>
<parameter name="old_string">  {
    id: 'prompt-20',
    prompt: 'Create a comprehensive emergency plan including important phone numbers, safe places to stay, and financial resources in case you need to leave quickly',
    category: 'planning',
    helpText: 'Having a safety plan prepared is essential for protecting yourself and your children if tensions escalate during divorce proceedings or if you\'re in an abusive relationship. Compile a list of emergency contacts, identify trusted friends or family who can provide temporary housing, and set aside emergency funds in a secure account only you can access. Keep copies of important documents, medications, and a few days of clothing in a safe location outside your home so you can access them quickly if needed.'
  }
];</parameter>
<parameter name="new_string">  {
    id: 'prompt-20',
    prompt: 'Create a comprehensive emergency plan including important phone numbers, safe places to stay, and financial resources in case you need to leave quickly',
    category: 'planning',
    helpText: 'Having a safety plan prepared is essential for protecting yourself and your children if tensions escalate during divorce proceedings or if you\'re in an abusive relationship. Compile a list of emergency contacts, identify trusted friends or family who can provide temporary housing, and set aside emergency funds in a secure account only you can access. Keep copies of important documents, medications, and a few days of clothing in a safe location outside your home so you can access them quickly if needed.'
  },
  {
    id: 'prompt-21',
    prompt: 'Gather and organize all shared business documents, partnership agreements, and company financial records if you or your spouse own a business together',
    category: 'planning',
    helpText: 'Business ownership adds significant complexity to divorce proceedings as business assets, income, and valuation methods must be carefully evaluated for equitable division. Collect all incorporation documents, partnership agreements, operating agreements, business tax returns, profit and loss statements, and any buy-sell agreements that may exist. Understanding the full scope of business interests and their value is crucial for protecting your ownership rights and ensuring fair compensation if the business needs to be divided or one spouse buys out the other.'
  }
];</parameter>
</invoke>
[0;32m2025-09-20 19:32:51 - Completed prompt #21[0m
[0;34m2025-09-20 19:32:56 - Generating prompt #22 (Section 2, Prompt 5/17)[0m
[1;33m2025-09-20 19:32:56 - Running prompt generation...[0m
PROMPT GENERATION COMPLETE - Prompt #22
[0;32m2025-09-20 19:33:25 - Completed prompt #22[0m
[0;34m2025-09-20 19:33:30 - Generating prompt #23 (Section 2, Prompt 6/17)[0m
[1;33m2025-09-20 19:33:30 - Running prompt generation...[0m
PROMPT GENERATION COMPLETE - Prompt #23
[0;32m2025-09-20 19:33:49 - Completed prompt #23[0m
[0;34m2025-09-20 19:33:54 - Generating prompt #24 (Section 2, Prompt 7/17)[0m
[1;33m2025-09-20 19:33:54 - Running prompt generation...[0m
PROMPT GENERATION COMPLETE - Prompt #24
[0;32m2025-09-20 19:34:14 - Completed prompt #24[0m
[0;34m2025-09-20 19:34:19 - Generating prompt #25 (Section 2, Prompt 8/17)[0m
[1;33m2025-09-20 19:34:19 - Running prompt generation...[0m
PROMPT GENERATION COMPLETE - Prompt #25
[0;32m2025-09-20 19:34:40 - Completed prompt #25[0m
[0;34m2025-09-20 19:34:45 - Generating prompt #26 (Section 2, Prompt 9/17)[0m
[1;33m2025-09-20 19:34:45 - Running prompt generation...[0m
PROMPT GENERATION COMPLETE - Prompt #26
[0;32m2025-09-20 19:35:05 - Completed prompt #26[0m
[0;34m2025-09-20 19:35:10 - Generating prompt #27 (Section 2, Prompt 10/17)[0m
[1;33m2025-09-20 19:35:10 - Running prompt generation...[0m
PROMPT GENERATION COMPLETE - Prompt #27
[0;32m2025-09-20 19:35:31 - Completed prompt #27[0m
[0;34m2025-09-20 19:35:36 - Generating prompt #28 (Section 2, Prompt 11/17)[0m
[1;33m2025-09-20 19:35:36 - Running prompt generation...[0m
PROMPT GENERATION COMPLETE - Prompt #28
[0;32m2025-09-20 19:35:56 - Completed prompt #28[0m
[0;34m2025-09-20 19:36:01 - Generating prompt #29 (Section 2, Prompt 12/17)[0m
[1;33m2025-09-20 19:36:01 - Running prompt generation...[0m
PROMPT GENERATION COMPLETE - Prompt #29
[0;32m2025-09-20 19:36:21 - Completed prompt #29[0m
[0;34m2025-09-20 19:36:26 - Generating prompt #30 (Section 2, Prompt 13/17)[0m
[1;33m2025-09-20 19:36:26 - Running prompt generation...[0m
PROMPT GENERATION COMPLETE - Prompt #30
[0;32m2025-09-20 19:36:46 - Completed prompt #30[0m
[0;34m2025-09-20 19:36:51 - Generating prompt #31 (Section 2, Prompt 14/17)[0m
[1;33m2025-09-20 19:36:51 - Running prompt generation...[0m
PROMPT GENERATION COMPLETE - Prompt #31
[0;32m2025-09-20 19:37:11 - Completed prompt #31[0m
[0;34m2025-09-20 19:37:16 - Generating prompt #32 (Section 2, Prompt 15/17)[0m
[1;33m2025-09-20 19:37:16 - Running prompt generation...[0m
PROMPT GENERATION COMPLETE - Prompt #32
[0;32m2025-09-20 19:37:37 - Completed prompt #32[0m
[0;34m2025-09-20 19:37:42 - Generating prompt #33 (Section 2, Prompt 16/17)[0m
[1;33m2025-09-20 19:37:42 - Running prompt generation...[0m
PROMPT GENERATION COMPLETE - Prompt #33
[0;32m2025-09-20 19:38:05 - Completed prompt #33[0m
[0;34m2025-09-20 19:38:10 - Generating prompt #34 (Section 2, Prompt 17/17)[0m
[1;33m2025-09-20 19:38:10 - Running prompt generation...[0m
PROMPT GENERATION COMPLETE - Prompt #34
[0;32m2025-09-20 19:38:32 - Completed prompt #34[0m
[0;34m2025-09-20 19:38:37 - Generating prompt #35 (Section 3, Prompt 1/17)[0m
[1;33m2025-09-20 19:38:37 - Running prompt generation...[0m
PROMPT GENERATION COMPLETE - Prompt #35
[0;32m2025-09-20 19:38:59 - Completed prompt #35[0m
[0;34m2025-09-20 19:39:04 - Generating prompt #36 (Section 3, Prompt 2/17)[0m
[1;33m2025-09-20 19:39:04 - Running prompt generation...[0m
PROMPT GENERATION COMPLETE - Prompt #36
[0;32m2025-09-20 19:39:28 - Completed prompt #36[0m
[0;34m2025-09-20 19:39:33 - Generating prompt #37 (Section 3, Prompt 3/17)[0m
[1;33m2025-09-20 19:39:33 - Running prompt generation...[0m
PROMPT GENERATION COMPLETE - Prompt #37
[0;32m2025-09-20 19:39:54 - Completed prompt #37[0m
[0;34m2025-09-20 19:39:59 - Generating prompt #38 (Section 3, Prompt 4/17)[0m
[1;33m2025-09-20 19:39:59 - Running prompt generation...[0m
PROMPT GENERATION COMPLETE - Prompt #38
[0;32m2025-09-20 19:40:21 - Completed prompt #38[0m
[0;34m2025-09-20 19:40:26 - Generating prompt #39 (Section 3, Prompt 5/17)[0m
[1;33m2025-09-20 19:40:26 - Running prompt generation...[0m
PROMPT GENERATION COMPLETE - Prompt #39
[0;32m2025-09-20 19:40:48 - Completed prompt #39[0m
[0;34m2025-09-20 19:40:53 - Generating prompt #40 (Section 3, Prompt 6/17)[0m
[1;33m2025-09-20 19:40:53 - Running prompt generation...[0m
PROMPT GENERATION COMPLETE - Prompt #40
[0;32m2025-09-20 19:41:14 - Completed prompt #40[0m
[0;34m2025-09-20 19:41:19 - Generating prompt #41 (Section 3, Prompt 7/17)[0m
[1;33m2025-09-20 19:41:19 - Running prompt generation...[0m
PROMPT GENERATION COMPLETE - Prompt #41
[0;32m2025-09-20 19:41:39 - Completed prompt #41[0m
[0;34m2025-09-20 19:41:44 - Generating prompt #42 (Section 3, Prompt 8/17)[0m
[1;33m2025-09-20 19:41:44 - Running prompt generation...[0m
PROMPT GENERATION COMPLETE - Prompt #42
[0;32m2025-09-20 19:42:05 - Completed prompt #42[0m
[0;34m2025-09-20 19:42:10 - Generating prompt #43 (Section 3, Prompt 9/17)[0m
[1;33m2025-09-20 19:42:10 - Running prompt generation...[0m
PROMPT GENERATION COMPLETE - Prompt #43
[0;32m2025-09-20 19:42:30 - Completed prompt #43[0m
[0;34m2025-09-20 19:42:35 - Generating prompt #44 (Section 3, Prompt 10/17)[0m
[1;33m2025-09-20 19:42:35 - Running prompt generation...[0m
PROMPT GENERATION COMPLETE - Prompt #44
[0;32m2025-09-20 19:42:55 - Completed prompt #44[0m
[0;34m2025-09-20 19:43:00 - Generating prompt #45 (Section 3, Prompt 11/17)[0m
[1;33m2025-09-20 19:43:00 - Running prompt generation...[0m
PROMPT GENERATION COMPLETE - Prompt #45
[0;32m2025-09-20 19:43:22 - Completed prompt #45[0m
[0;34m2025-09-20 19:43:27 - Generating prompt #46 (Section 3, Prompt 12/17)[0m
[1;33m2025-09-20 19:43:27 - Running prompt generation...[0m
PROMPT GENERATION COMPLETE - Prompt #46
[0;32m2025-09-20 19:43:49 - Completed prompt #46[0m
[0;34m2025-09-20 19:43:54 - Generating prompt #47 (Section 3, Prompt 13/17)[0m
[1;33m2025-09-20 19:43:54 - Running prompt generation...[0m
PROMPT GENERATION COMPLETE - Prompt #47
[0;32m2025-09-20 19:44:16 - Completed prompt #47[0m
[0;34m2025-09-20 19:44:21 - Generating prompt #48 (Section 3, Prompt 14/17)[0m
[1;33m2025-09-20 19:44:21 - Running prompt generation...[0m
PROMPT GENERATION COMPLETE - Prompt #48
[0;32m2025-09-20 19:44:42 - Completed prompt #48[0m
[0;34m2025-09-20 19:44:47 - Generating prompt #49 (Section 3, Prompt 15/17)[0m
[1;33m2025-09-20 19:44:47 - Running prompt generation...[0m
PROMPT GENERATION COMPLETE - Prompt #49
[0;32m2025-09-20 19:45:08 - Completed prompt #49[0m
[0;34m2025-09-20 19:45:13 - Generating prompt #50 (Section 3, Prompt 16/17)[0m
[1;33m2025-09-20 19:45:13 - Running prompt generation...[0m
PROMPT GENERATION COMPLETE - Prompt #50
[0;32m2025-09-20 19:45:32 - Completed prompt #50[0m
[0;34m2025-09-20 19:45:37 - Generating prompt #51 (Section 3, Prompt 17/17)[0m
[1;33m2025-09-20 19:45:37 - Running prompt generation...[0m
PROMPT GENERATION COMPLETE - Prompt #51
[0;32m2025-09-20 19:45:59 - Completed prompt #51[0m
[0;34m2025-09-20 19:46:04 - Generating prompt #52 (Section 4, Prompt 1/17)[0m
[1;33m2025-09-20 19:46:04 - Running prompt generation...[0m
PROMPT GENERATION COMPLETE - Prompt #52
[0;32m2025-09-20 19:46:27 - Completed prompt #52[0m
[0;34m2025-09-20 19:46:32 - Generating prompt #53 (Section 4, Prompt 2/17)[0m
[1;33m2025-09-20 19:46:32 - Running prompt generation...[0m
PROMPT GENERATION COMPLETE - Prompt #53
[0;32m2025-09-20 19:46:55 - Completed prompt #53[0m
[0;34m2025-09-20 19:47:00 - Generating prompt #54 (Section 4, Prompt 3/17)[0m
[1;33m2025-09-20 19:47:00 - Running prompt generation...[0m
PROMPT GENERATION COMPLETE - Prompt #54
[0;32m2025-09-20 19:47:22 - Completed prompt #54[0m
[0;34m2025-09-20 19:47:27 - Generating prompt #55 (Section 4, Prompt 4/17)[0m
[1;33m2025-09-20 19:47:27 - Running prompt generation...[0m
PROMPT GENERATION COMPLETE - Prompt #55
[0;32m2025-09-20 19:47:46 - Completed prompt #55[0m
[0;34m2025-09-20 19:47:51 - Generating prompt #56 (Section 4, Prompt 5/17)[0m
[1;33m2025-09-20 19:47:51 - Running prompt generation...[0m
PROMPT GENERATION COMPLETE - Prompt #56
[0;32m2025-09-20 19:48:12 - Completed prompt #56[0m
[0;34m2025-09-20 19:48:17 - Generating prompt #57 (Section 4, Prompt 6/17)[0m
[1;33m2025-09-20 19:48:17 - Running prompt generation...[0m
PROMPT GENERATION COMPLETE - Prompt #57
[0;32m2025-09-20 19:48:38 - Completed prompt #57[0m
[0;34m2025-09-20 19:48:43 - Generating prompt #58 (Section 4, Prompt 7/17)[0m
[1;33m2025-09-20 19:48:43 - Running prompt generation...[0m
PROMPT GENERATION COMPLETE - Prompt #58
[0;32m2025-09-20 19:49:02 - Completed prompt #58[0m
[0;34m2025-09-20 19:49:07 - Generating prompt #59 (Section 4, Prompt 8/17)[0m
[1;33m2025-09-20 19:49:07 - Running prompt generation...[0m
PROMPT GENERATION COMPLETE - Prompt #59
[0;32m2025-09-20 19:49:24 - Completed prompt #59[0m
[0;34m2025-09-20 19:49:30 - Generating prompt #60 (Section 4, Prompt 9/17)[0m
[1;33m2025-09-20 19:49:30 - Running prompt generation...[0m
PROMPT GENERATION COMPLETE - Prompt #60
[0;32m2025-09-20 19:49:51 - Completed prompt #60[0m
[0;34m2025-09-20 19:49:56 - Generating prompt #61 (Section 4, Prompt 10/17)[0m
[1;33m2025-09-20 19:49:56 - Running prompt generation...[0m
PROMPT GENERATION COMPLETE - Prompt #61
[0;32m2025-09-20 19:50:16 - Completed prompt #61[0m
[0;34m2025-09-20 19:50:21 - Generating prompt #62 (Section 4, Prompt 11/17)[0m
[1;33m2025-09-20 19:50:21 - Running prompt generation...[0m
PROMPT GENERATION COMPLETE - Prompt #62
[0;32m2025-09-20 19:50:41 - Completed prompt #62[0m
[0;34m2025-09-20 19:50:46 - Generating prompt #63 (Section 4, Prompt 12/17)[0m
[1;33m2025-09-20 19:50:46 - Running prompt generation...[0m
PROMPT GENERATION COMPLETE - Prompt #63
[0;32m2025-09-20 19:51:06 - Completed prompt #63[0m
[0;34m2025-09-20 19:51:11 - Generating prompt #64 (Section 4, Prompt 13/17)[0m
[1;33m2025-09-20 19:51:11 - Running prompt generation...[0m
PROMPT GENERATION COMPLETE - Prompt #64
[0;32m2025-09-20 19:51:32 - Completed prompt #64[0m
[0;34m2025-09-20 19:51:37 - Generating prompt #65 (Section 4, Prompt 14/17)[0m
[1;33m2025-09-20 19:51:37 - Running prompt generation...[0m
PROMPT GENERATION COMPLETE - Prompt #65
[0;32m2025-09-20 19:52:00 - Completed prompt #65[0m
[0;34m2025-09-20 19:52:05 - Generating prompt #66 (Section 4, Prompt 15/17)[0m
[1;33m2025-09-20 19:52:05 - Running prompt generation...[0m
PROMPT GENERATION COMPLETE - Prompt #66
[0;32m2025-09-20 19:52:25 - Completed prompt #66[0m
[0;34m2025-09-20 19:52:30 - Generating prompt #67 (Section 4, Prompt 16/17)[0m
[1;33m2025-09-20 19:52:30 - Running prompt generation...[0m
PROMPT GENERATION COMPLETE - Prompt #67
[0;32m2025-09-20 19:52:50 - Completed prompt #67[0m
[0;34m2025-09-20 19:52:55 - Generating prompt #68 (Section 4, Prompt 17/17)[0m
[1;33m2025-09-20 19:52:55 - Running prompt generation...[0m
PROMPT GENERATION COMPLETE - Prompt #68
[0;32m2025-09-20 19:53:16 - Completed prompt #68[0m
[0;34m2025-09-20 19:53:21 - Generating prompt #69 (Section 5, Prompt 1/17)[0m
[1;33m2025-09-20 19:53:21 - Running prompt generation...[0m
PROMPT GENERATION COMPLETE - Prompt #69
[0;32m2025-09-20 19:53:42 - Completed prompt #69[0m
[0;34m2025-09-20 19:53:47 - Generating prompt #70 (Section 5, Prompt 2/17)[0m
[1;33m2025-09-20 19:53:47 - Running prompt generation...[0m
PROMPT GENERATION COMPLETE - Prompt #70
[0;32m2025-09-20 19:54:08 - Completed prompt #70[0m
[0;34m2025-09-20 19:54:13 - Generating prompt #71 (Section 5, Prompt 3/17)[0m
[1;33m2025-09-20 19:54:13 - Running prompt generation...[0m
PROMPT GENERATION COMPLETE - Prompt #71
[0;32m2025-09-20 19:54:35 - Completed prompt #71[0m
[0;34m2025-09-20 19:54:40 - Generating prompt #72 (Section 5, Prompt 4/17)[0m
[1;33m2025-09-20 19:54:40 - Running prompt generation...[0m
PROMPT GENERATION COMPLETE - Prompt #72
[0;32m2025-09-20 19:55:05 - Completed prompt #72[0m
[0;34m2025-09-20 19:55:10 - Generating prompt #73 (Section 5, Prompt 5/17)[0m
[1;33m2025-09-20 19:55:10 - Running prompt generation...[0m
PROMPT GENERATION COMPLETE - Prompt #73
[0;32m2025-09-20 19:55:28 - Completed prompt #73[0m
[0;34m2025-09-20 19:55:33 - Generating prompt #74 (Section 5, Prompt 6/17)[0m
[1;33m2025-09-20 19:55:33 - Running prompt generation...[0m
PROMPT GENERATION COMPLETE - Prompt #74
[0;32m2025-09-20 19:55:54 - Completed prompt #74[0m
[0;34m2025-09-20 19:55:59 - Generating prompt #75 (Section 5, Prompt 7/17)[0m
[1;33m2025-09-20 19:55:59 - Running prompt generation...[0m
PROMPT GENERATION COMPLETE - Prompt #75
[0;32m2025-09-20 19:56:20 - Completed prompt #75[0m
[0;34m2025-09-20 19:56:25 - Generating prompt #76 (Section 5, Prompt 8/17)[0m
[1;33m2025-09-20 19:56:25 - Running prompt generation...[0m
PROMPT GENERATION COMPLETE - Prompt #76
[0;32m2025-09-20 19:56:47 - Completed prompt #76[0m
[0;34m2025-09-20 19:56:52 - Generating prompt #77 (Section 5, Prompt 9/17)[0m
[1;33m2025-09-20 19:56:52 - Running prompt generation...[0m
PROMPT GENERATION COMPLETE - Prompt #77
[0;32m2025-09-20 19:57:12 - Completed prompt #77[0m
[0;34m2025-09-20 19:57:17 - Generating prompt #78 (Section 5, Prompt 10/17)[0m
[1;33m2025-09-20 19:57:17 - Running prompt generation...[0m
PROMPT GENERATION COMPLETE - Prompt #78
[0;32m2025-09-20 19:57:41 - Completed prompt #78[0m
[0;34m2025-09-20 19:57:46 - Generating prompt #79 (Section 5, Prompt 11/17)[0m
[1;33m2025-09-20 19:57:46 - Running prompt generation...[0m
PROMPT GENERATION COMPLETE - Prompt #79
[0;32m2025-09-20 19:58:09 - Completed prompt #79[0m
[0;34m2025-09-20 19:58:14 - Generating prompt #80 (Section 5, Prompt 12/17)[0m
[1;33m2025-09-20 19:58:14 - Running prompt generation...[0m
PROMPT GENERATION COMPLETE - Prompt #80
[0;32m2025-09-20 19:58:36 - Completed prompt #80[0m
[0;34m2025-09-20 19:58:41 - Generating prompt #81 (Section 5, Prompt 13/17)[0m
[1;33m2025-09-20 19:58:41 - Running prompt generation...[0m
PROMPT GENERATION COMPLETE - Prompt #81
[0;32m2025-09-20 19:59:04 - Completed prompt #81[0m
[0;34m2025-09-20 19:59:09 - Generating prompt #82 (Section 5, Prompt 14/17)[0m
[1;33m2025-09-20 19:59:09 - Running prompt generation...[0m
PROMPT GENERATION COMPLETE - Prompt #82
[0;32m2025-09-20 19:59:32 - Completed prompt #82[0m
[0;34m2025-09-20 19:59:37 - Generating prompt #83 (Section 5, Prompt 15/17)[0m
[1;33m2025-09-20 19:59:37 - Running prompt generation...[0m
PROMPT GENERATION COMPLETE - Prompt #83
[0;32m2025-09-20 19:59:59 - Completed prompt #83[0m
[0;34m2025-09-20 20:00:05 - Generating prompt #84 (Section 5, Prompt 16/17)[0m
[1;33m2025-09-20 20:00:05 - Running prompt generation...[0m
PROMPT GENERATION COMPLETE - Prompt #84
[0;32m2025-09-20 20:00:28 - Completed prompt #84[0m
[0;34m2025-09-20 20:00:33 - Generating prompt #85 (Section 5, Prompt 17/17)[0m
[1;33m2025-09-20 20:00:33 - Running prompt generation...[0m
PROMPT GENERATION COMPLETE - Prompt #85
[0;32m2025-09-20 20:00:51 - Completed prompt #85[0m
[0;34m2025-09-20 20:00:56 - Generating prompt #86 (Section 6, Prompt 1/17)[0m
[1;33m2025-09-20 20:00:56 - Running prompt generation...[0m
PROMPT GENERATION COMPLETE - Prompt #86
[0;32m2025-09-20 20:01:17 - Completed prompt #86[0m
[0;34m2025-09-20 20:01:22 - Generating prompt #87 (Section 6, Prompt 2/17)[0m
[1;33m2025-09-20 20:01:22 - Running prompt generation...[0m
PROMPT GENERATION COMPLETE - Prompt #87
[0;32m2025-09-20 20:01:44 - Completed prompt #87[0m
[0;34m2025-09-20 20:01:49 - Generating prompt #88 (Section 6, Prompt 3/17)[0m
[1;33m2025-09-20 20:01:49 - Running prompt generation...[0m
PROMPT GENERATION COMPLETE - Prompt #88
[0;32m2025-09-20 20:02:09 - Completed prompt #88[0m
[0;34m2025-09-20 20:02:14 - Generating prompt #89 (Section 6, Prompt 4/17)[0m
[1;33m2025-09-20 20:02:14 - Running prompt generation...[0m
PROMPT GENERATION COMPLETE - Prompt #89
[0;32m2025-09-20 20:02:33 - Completed prompt #89[0m
[0;34m2025-09-20 20:02:38 - Generating prompt #90 (Section 6, Prompt 5/17)[0m
[1;33m2025-09-20 20:02:38 - Running prompt generation...[0m
PROMPT GENERATION COMPLETE - Prompt #90
[0;32m2025-09-20 20:02:59 - Completed prompt #90[0m
[0;34m2025-09-20 20:03:04 - Generating prompt #91 (Section 6, Prompt 6/17)[0m
[1;33m2025-09-20 20:03:04 - Running prompt generation...[0m
PROMPT GENERATION COMPLETE - Prompt #91
[0;32m2025-09-20 20:03:24 - Completed prompt #91[0m
[0;34m2025-09-20 20:03:30 - Generating prompt #92 (Section 6, Prompt 7/17)[0m
[1;33m2025-09-20 20:03:30 - Running prompt generation...[0m
PROMPT GENERATION COMPLETE - Prompt #92
[0;32m2025-09-20 20:03:53 - Completed prompt #92[0m
[0;34m2025-09-20 20:03:58 - Generating prompt #93 (Section 6, Prompt 8/17)[0m
[1;33m2025-09-20 20:03:58 - Running prompt generation...[0m
PROMPT GENERATION COMPLETE - Prompt #93
[0;32m2025-09-20 20:04:17 - Completed prompt #93[0m
[0;34m2025-09-20 20:04:22 - Generating prompt #94 (Section 6, Prompt 9/17)[0m
[1;33m2025-09-20 20:04:22 - Running prompt generation...[0m
PROMPT GENERATION COMPLETE - Prompt #94
[0;32m2025-09-20 20:04:41 - Completed prompt #94[0m
[0;34m2025-09-20 20:04:46 - Generating prompt #95 (Section 6, Prompt 10/17)[0m
[1;33m2025-09-20 20:04:46 - Running prompt generation...[0m
PROMPT GENERATION COMPLETE - Prompt #95
[0;32m2025-09-20 20:05:14 - Completed prompt #95[0m
[0;34m2025-09-20 20:05:19 - Generating prompt #96 (Section 6, Prompt 11/17)[0m
[1;33m2025-09-20 20:05:19 - Running prompt generation...[0m
PROMPT GENERATION COMPLETE - Prompt #96
[0;32m2025-09-20 20:05:37 - Completed prompt #96[0m
[0;34m2025-09-20 20:05:42 - Generating prompt #97 (Section 6, Prompt 12/17)[0m
[1;33m2025-09-20 20:05:42 - Running prompt generation...[0m
PROMPT GENERATION COMPLETE - Prompt #97
[0;32m2025-09-20 20:06:04 - Completed prompt #97[0m
[0;34m2025-09-20 20:06:09 - Generating prompt #98 (Section 6, Prompt 13/17)[0m
[1;33m2025-09-20 20:06:09 - Running prompt generation...[0m
PROMPT GENERATION COMPLETE - Prompt #98
[0;32m2025-09-20 20:06:28 - Completed prompt #98[0m
[0;34m2025-09-20 20:06:33 - Generating prompt #99 (Section 6, Prompt 14/17)[0m
[1;33m2025-09-20 20:06:33 - Running prompt generation...[0m
5-hour limit reached ∙ resets 12am
[0;32m2025-09-20 20:06:39 - Completed prompt #99[0m
[0;34m2025-09-20 20:06:44 - Generating prompt #100 (Section 6, Prompt 15/17)[0m
[1;33m2025-09-20 20:06:44 - Running prompt generation...[0m
5-hour limit reached ∙ resets 12am
[0;32m2025-09-20 20:06:51 - Completed prompt #100[0m
[0;34m2025-09-20 20:06:56 - Generating prompt #101 (Section 6, Prompt 16/17)[0m
[1;33m2025-09-20 20:06:56 - Running prompt generation...[0m
5-hour limit reached ∙ resets 12am
[0;32m2025-09-20 20:07:02 - Completed prompt #101[0m
[0;34m2025-09-20 20:07:07 - Generating prompt #102 (Section 6, Prompt 17/17)[0m
[1;33m2025-09-20 20:07:07 - Running prompt generation...[0m
5-hour limit reached ∙ resets 12am
[0;32m2025-09-20 20:07:14 - Completed prompt #102[0m
[0;34m2025-09-21 00:07:50 - Starting Prompt Generation Cycle for template: divorce-coordination[0m
[0;32m2025-09-21 00:07:50 - Using existing worktree: ../templata-divorce-coordination[0m
[0;34m2025-09-21 00:14:37 - Starting Prompt Generation Cycle for template: divorce-coordination[0m
[0;32m2025-09-21 00:14:37 - Using existing worktree: ../templata-divorce-coordination[0m
[0;34m2025-09-21 00:14:37 - Generating prompt #99 (Section 6, Prompt 14/17)[0m
[1;33m2025-09-21 00:14:37 - Running prompt generation...[0m
PROMPT GENERATION COMPLETE - Prompt #99
[0;32m2025-09-21 00:15:07 - Completed prompt #99[0m
[0;34m2025-09-21 00:15:12 - Generating prompt #100 (Section 6, Prompt 15/17)[0m
[1;33m2025-09-21 00:15:12 - Running prompt generation...[0m
PROMPT GENERATION COMPLETE - Prompt #100
[0;32m2025-09-21 00:15:39 - Completed prompt #100[0m
[0;34m2025-09-21 00:15:44 - Generating prompt #101 (Section 6, Prompt 16/17)[0m
[1;33m2025-09-21 00:15:44 - Running prompt generation...[0m
PROMPT GENERATION COMPLETE - Prompt #101
[0;32m2025-09-21 00:16:05 - Completed prompt #101[0m
[0;34m2025-09-21 00:16:10 - Generating prompt #102 (Section 6, Prompt 17/17)[0m
[1;33m2025-09-21 00:16:10 - Running prompt generation...[0m
PROMPT GENERATION COMPLETE - Prompt #102
[0;32m2025-09-21 00:16:32 - Completed prompt #102[0m
