[0;34m2025-09-22 08:36:13 - Starting Prompt Generation Cycle for template: mortgage-management[0m
[1;33m2025-09-22 08:36:13 - Override flag detected - resetting progress and recreating files[0m
[0;32m2025-09-22 08:36:13 - Progress reset to 0 for template: mortgage-management[0m
[0;32m2025-09-22 08:36:13 - Using existing worktree: ../templata-mortgage-management[0m
[1;33m2025-09-22 08:36:13 - Creating template prompt file: prompts-mortgage-management.ts[0m
[0;32m2025-09-22 08:36:13 - Created template prompt file: ../templata-mortgage-management/src/data/prompts-mortgage-management.ts[0m
[0;34m2025-09-22 08:36:13 - Generating prompt #1 (Section 1, Prompt 1/17)[0m
[1;33m2025-09-22 08:36:13 - Running prompt generation...[0m
PROMPT GENERATION COMPLETE - Prompt #1
[0;32m2025-09-22 08:36:44 - Completed prompt #1[0m
[0;34m2025-09-22 08:36:49 - Generating prompt #2 (Section 1, Prompt 2/17)[0m
[1;33m2025-09-22 08:36:49 - Running prompt generation...[0m
PROMPT GENERATION COMPLETE - Prompt #2
[0;32m2025-09-22 08:37:21 - Completed prompt #2[0m
[0;34m2025-09-22 08:37:26 - Generating prompt #3 (Section 1, Prompt 3/17)[0m
[1;33m2025-09-22 08:37:26 - Running prompt generation...[0m
PROMPT GENERATION COMPLETE - Prompt #3
[0;32m2025-09-22 08:38:03 - Completed prompt #3[0m
[0;34m2025-09-22 08:38:08 - Generating prompt #4 (Section 1, Prompt 4/17)[0m
[1;33m2025-09-22 08:38:08 - Running prompt generation...[0m
PROMPT GENERATION COMPLETE - Prompt #4
[0;32m2025-09-22 08:38:32 - Completed prompt #4[0m
[0;34m2025-09-22 08:38:37 - Generating prompt #5 (Section 1, Prompt 5/17)[0m
[1;33m2025-09-22 08:38:37 - Running prompt generation...[0m
PROMPT GENERATION COMPLETE - Prompt #5
[0;32m2025-09-22 08:38:59 - Completed prompt #5[0m
[0;34m2025-09-22 08:39:04 - Generating prompt #6 (Section 1, Prompt 6/17)[0m
[1;33m2025-09-22 08:39:04 - Running prompt generation...[0m
PROMPT GENERATION COMPLETE - Prompt #6
[0;34m2025-09-22 08:56:35 - Starting Prompt Generation Cycle for template: mortgage-management[0m
[0;32m2025-09-22 08:56:35 - Using existing worktree: ../templata-mortgage-management[0m
[0;34m2025-09-22 08:56:35 - Generating prompt #6 (Section 1, Prompt 6/17)[0m
[1;33m2025-09-22 08:56:35 - Running prompt generation...[0m
PROMPT GENERATION COMPLETE - Prompt #6
[0;32m2025-09-22 08:57:06 - Completed prompt #6[0m
[0;34m2025-09-22 08:57:11 - Generating prompt #7 (Section 1, Prompt 7/17)[0m
[1;33m2025-09-22 08:57:11 - Running prompt generation...[0m
I can see that prompt #7 already exists in the file. Looking at the existing prompt, it's about researching different types of mortgage loans, which fits the "Foundation and Understanding" theme well. The prompt is already properly formatted and follows the requirements.

PROMPT GENERATION COMPLETE - Prompt #7
[0;32m2025-09-22 08:57:26 - Completed prompt #7[0m
[0;34m2025-09-22 08:57:31 - Generating prompt #8 (Section 1, Prompt 8/17)[0m
[1;33m2025-09-22 08:57:31 - Running prompt generation...[0m
PROMPT GENERATION COMPLETE - Prompt #8
[0;32m2025-09-22 08:57:56 - Completed prompt #8[0m
[0;34m2025-09-22 08:58:01 - Generating prompt #9 (Section 1, Prompt 9/17)[0m
[1;33m2025-09-22 08:58:01 - Running prompt generation...[0m
PROMPT GENERATION COMPLETE - Prompt #9
[0;32m2025-09-22 08:58:25 - Completed prompt #9[0m
[0;34m2025-09-22 08:58:30 - Generating prompt #10 (Section 1, Prompt 10/17)[0m
[1;33m2025-09-22 08:58:30 - Running prompt generation...[0m
PROMPT GENERATION COMPLETE - Prompt #10
[0;32m2025-09-22 08:58:54 - Completed prompt #10[0m
[0;34m2025-09-22 08:58:59 - Generating prompt #11 (Section 1, Prompt 11/17)[0m
[1;33m2025-09-22 08:58:59 - Running prompt generation...[0m
PROMPT GENERATION COMPLETE - Prompt #11
[0;32m2025-09-22 08:59:22 - Completed prompt #11[0m
[0;34m2025-09-22 08:59:27 - Generating prompt #12 (Section 1, Prompt 12/17)[0m
[1;33m2025-09-22 08:59:27 - Running prompt generation...[0m
