[0;34m2025-09-22 02:40:33 - Starting Prompt Generation Cycle for template: internship-competition[0m
[1;33m2025-09-22 02:40:33 - Override flag detected - resetting progress and recreating files[0m
[0;32m2025-09-22 02:40:33 - Progress reset to 0 for template: internship-competition[0m
[0;32m2025-09-22 02:40:33 - Using existing worktree: ../templata-internship-competition[0m
[1;33m2025-09-22 02:40:33 - Creating template prompt file: prompts-internship-competition.ts[0m
[0;32m2025-09-22 02:40:33 - Created template prompt file: ../templata-internship-competition/src/data/prompts-internship-competition.ts[0m
[0;34m2025-09-22 02:40:33 - Generating prompt #1 (Section 1, Prompt 1/17)[0m
[1;33m2025-09-22 02:40:34 - Running prompt generation...[0m
PROMPT GENERATION COMPLETE - Prompt #1
[0;32m2025-09-22 02:40:58 - Completed prompt #1[0m
[0;34m2025-09-22 02:41:03 - Generating prompt #2 (Section 1, Prompt 2/17)[0m
[1;33m2025-09-22 02:41:03 - Running prompt generation...[0m
PROMPT GENERATION COMPLETE - Prompt #2
[0;32m2025-09-22 02:41:25 - Completed prompt #2[0m
[0;34m2025-09-22 02:41:30 - Generating prompt #3 (Section 1, Prompt 3/17)[0m
[1;33m2025-09-22 02:41:30 - Running prompt generation...[0m
PROMPT GENERATION COMPLETE - Prompt #3
[0;32m2025-09-22 02:41:52 - Completed prompt #3[0m
[0;34m2025-09-22 02:41:57 - Generating prompt #4 (Section 1, Prompt 4/17)[0m
[1;33m2025-09-22 02:41:57 - Running prompt generation...[0m
PROMPT GENERATION COMPLETE - Prompt #4
[0;32m2025-09-22 02:42:16 - Completed prompt #4[0m
[0;34m2025-09-22 02:42:21 - Generating prompt #5 (Section 1, Prompt 5/17)[0m
[1;33m2025-09-22 02:42:21 - Running prompt generation...[0m
PROMPT GENERATION COMPLETE - Prompt #5
[0;32m2025-09-22 02:42:42 - Completed prompt #5[0m
[0;34m2025-09-22 02:42:47 - Generating prompt #6 (Section 1, Prompt 6/17)[0m
[1;33m2025-09-22 02:42:47 - Running prompt generation...[0m
PROMPT GENERATION COMPLETE - Prompt #6
[0;32m2025-09-22 02:43:06 - Completed prompt #6[0m
[0;34m2025-09-22 02:43:11 - Generating prompt #7 (Section 1, Prompt 7/17)[0m
[1;33m2025-09-22 02:43:11 - Running prompt generation...[0m
PROMPT GENERATION COMPLETE - Prompt #7
[0;32m2025-09-22 02:43:32 - Completed prompt #7[0m
[0;34m2025-09-22 02:43:37 - Generating prompt #8 (Section 1, Prompt 8/17)[0m
[1;33m2025-09-22 02:43:37 - Running prompt generation...[0m
PROMPT GENERATION COMPLETE - Prompt #8
[0;32m2025-09-22 02:43:55 - Completed prompt #8[0m
[0;34m2025-09-22 02:44:00 - Generating prompt #9 (Section 1, Prompt 9/17)[0m
[1;33m2025-09-22 02:44:00 - Running prompt generation...[0m
PROMPT GENERATION COMPLETE - Prompt #9
[0;32m2025-09-22 02:44:21 - Completed prompt #9[0m
[0;34m2025-09-22 02:44:26 - Generating prompt #10 (Section 1, Prompt 10/17)[0m
[1;33m2025-09-22 02:44:26 - Running prompt generation...[0m
PROMPT GENERATION COMPLETE - Prompt #10
[0;32m2025-09-22 02:44:47 - Completed prompt #10[0m
[0;34m2025-09-22 02:44:52 - Generating prompt #11 (Section 1, Prompt 11/17)[0m
[1;33m2025-09-22 02:44:52 - Running prompt generation...[0m
PROMPT GENERATION COMPLETE - Prompt #11
[0;32m2025-09-22 02:45:13 - Completed prompt #11[0m
[0;34m2025-09-22 02:45:18 - Generating prompt #12 (Section 1, Prompt 12/17)[0m
[1;33m2025-09-22 02:45:18 - Running prompt generation...[0m
PROMPT GENERATION COMPLETE - Prompt #12
[0;32m2025-09-22 02:45:38 - Completed prompt #12[0m
[0;34m2025-09-22 02:45:43 - Generating prompt #13 (Section 1, Prompt 13/17)[0m
[1;33m2025-09-22 02:45:43 - Running prompt generation...[0m
PROMPT GENERATION COMPLETE - Prompt #13
[0;32m2025-09-22 02:46:09 - Completed prompt #13[0m
[0;34m2025-09-22 02:46:14 - Generating prompt #14 (Section 1, Prompt 14/17)[0m
[1;33m2025-09-22 02:46:14 - Running prompt generation...[0m
PROMPT GENERATION COMPLETE - Prompt #14
[0;32m2025-09-22 02:46:34 - Completed prompt #14[0m
[0;34m2025-09-22 02:46:40 - Generating prompt #15 (Section 1, Prompt 15/17)[0m
[1;33m2025-09-22 02:46:40 - Running prompt generation...[0m
PROMPT GENERATION COMPLETE - Prompt #15
[0;32m2025-09-22 02:47:02 - Completed prompt #15[0m
[0;34m2025-09-22 02:47:07 - Generating prompt #16 (Section 1, Prompt 16/17)[0m
[1;33m2025-09-22 02:47:07 - Running prompt generation...[0m
PROMPT GENERATION COMPLETE - Prompt #16
[0;32m2025-09-22 02:47:32 - Completed prompt #16[0m
[0;34m2025-09-22 02:47:37 - Generating prompt #17 (Section 1, Prompt 17/17)[0m
[1;33m2025-09-22 02:47:37 - Running prompt generation...[0m
PROMPT GENERATION COMPLETE - Prompt #17
[0;32m2025-09-22 02:47:57 - Completed prompt #17[0m
[0;34m2025-09-22 02:48:02 - Generating prompt #18 (Section 2, Prompt 1/17)[0m
[1;33m2025-09-22 02:48:02 - Running prompt generation...[0m
PROMPT GENERATION COMPLETE - Prompt #18
[0;32m2025-09-22 02:48:23 - Completed prompt #18[0m
[0;34m2025-09-22 02:48:28 - Generating prompt #19 (Section 2, Prompt 2/17)[0m
[1;33m2025-09-22 02:48:28 - Running prompt generation...[0m
<invoke name="Edit">
<parameter name="file_path">/Users/ikim1/Documents/GitHub/templata-internship-competition/src/data/prompts-internship-competition.ts</parameter>
<parameter name="old_string">  {
    id: 'prompt-18',
    prompt: 'Create a detailed project timeline and checklist for your most compelling academic or personal project to include in applications',
    category: 'planning',
    helpText: 'Having a well-documented project ready to discuss demonstrates your ability to plan, execute, and communicate complex work - key skills employers value in interns. Choose your strongest project and create a comprehensive timeline showing phases, milestones, and deliverables, along with a detailed description of your specific contributions and problem-solving process. This preparation helps you tell compelling stories during interviews and provides concrete examples of your capabilities in action.'
  },
  // Additional prompts will be added here by the generation script</parameter>
<parameter name="new_string">  {
    id: 'prompt-18',
    prompt: 'Create a detailed project timeline and checklist for your most compelling academic or personal project to include in applications',
    category: 'planning',
    helpText: 'Having a well-documented project ready to discuss demonstrates your ability to plan, execute, and communicate complex work - key skills employers value in interns. Choose your strongest project and create a comprehensive timeline showing phases, milestones, and deliverables, along with a detailed description of your specific contributions and problem-solving process. This preparation helps you tell compelling stories during interviews and provides concrete examples of your capabilities in action.'
  },
  {
    id: 'prompt-19',
    prompt: 'Create a standardized application tracking spreadsheet with columns for company, position, deadline, requirements, and status',
    category: 'planning',
    helpText: 'Organizing your internship applications in a centralized tracking system prevents missed deadlines and ensures you submit complete applications to all target companies. Include columns for application status, required documents, submission dates, and follow-up reminders to maintain momentum throughout the application process. This systematic approach helps you prioritize applications and allocate appropriate time for customization while maintaining oversight of your entire application pipeline.'
  },
  // Additional prompts will be added here by the generation script</parameter>
</invoke>

PROMPT GENERATION COMPLETE - Prompt #19
[0;32m2025-09-22 02:48:47 - Completed prompt #19[0m
[0;34m2025-09-22 02:48:52 - Generating prompt #20 (Section 2, Prompt 3/17)[0m
[1;33m2025-09-22 02:48:52 - Running prompt generation...[0m
PROMPT GENERATION COMPLETE - Prompt #20
[0;32m2025-09-22 02:49:16 - Completed prompt #20[0m
[0;34m2025-09-22 02:49:21 - Generating prompt #21 (Section 2, Prompt 4/17)[0m
[1;33m2025-09-22 02:49:21 - Running prompt generation...[0m
PROMPT GENERATION COMPLETE - Prompt #21
[0;32m2025-09-22 02:49:43 - Completed prompt #21[0m
[0;34m2025-09-22 02:49:48 - Generating prompt #22 (Section 2, Prompt 5/17)[0m
[1;33m2025-09-22 02:49:48 - Running prompt generation...[0m
PROMPT GENERATION COMPLETE - Prompt #22
[0;32m2025-09-22 02:50:07 - Completed prompt #22[0m
[0;34m2025-09-22 02:50:12 - Generating prompt #23 (Section 2, Prompt 6/17)[0m
[1;33m2025-09-22 02:50:12 - Running prompt generation...[0m
<invoke name="Edit">
<parameter name="file_path">/Users/ikim1/Documents/GitHub/templata-internship-competition/src/data/prompts-internship-competition.ts</parameter>
<parameter name="old_string">  },
  // Additional prompts will be added here by the generation script
];</parameter>
<parameter name="new_string">  },
  {
    id: 'prompt-23',
    prompt: 'Build a comprehensive internship application tracking system with deadlines, requirements, and status updates for all target opportunities',
    category: 'planning',
    helpText: 'Managing multiple internship applications requires systematic organization to ensure nothing falls through the cracks and you can prioritize your efforts effectively. Create a detailed spreadsheet or project management system that tracks application deadlines, required materials, submission status, interview dates, and follow-up actions for each opportunity. This centralized tracking system helps you stay on top of deadlines, avoid missed opportunities, and maintain professional communication with all potential employers throughout the competitive application process.'
  },
  // Additional prompts will be added here by the generation script
];</parameter>
</invoke>
[0;32m2025-09-22 02:50:31 - Completed prompt #23[0m
[0;34m2025-09-22 02:50:36 - Generating prompt #24 (Section 2, Prompt 7/17)[0m
[1;33m2025-09-22 02:50:36 - Running prompt generation...[0m
PROMPT GENERATION COMPLETE - Prompt #24
[0;32m2025-09-22 02:50:58 - Completed prompt #24[0m
[0;34m2025-09-22 02:51:03 - Generating prompt #25 (Section 2, Prompt 8/17)[0m
[1;33m2025-09-22 02:51:03 - Running prompt generation...[0m
PROMPT GENERATION COMPLETE - Prompt #25
[0;32m2025-09-22 02:51:27 - Completed prompt #25[0m
[0;34m2025-09-22 02:51:32 - Generating prompt #26 (Section 2, Prompt 9/17)[0m
[1;33m2025-09-22 02:51:32 - Running prompt generation...[0m
<invoke name="Edit">
<parameter name="file_path">/Users/ikim1/Documents/GitHub/templata-internship-competition/src/data/prompts-internship-competition.ts</parameter>
<parameter name="old_string">  },
  // Additional prompts will be added here by the generation script
];</parameter>
<parameter name="new_string">  },
  {
    id: 'prompt-26',
    prompt: 'Set up a dedicated workspace and organize all physical and digital materials needed for internship application submissions',
    category: 'planning',
    helpText: 'Creating an organized workspace prevents stress and last-minute scrambling when application deadlines approach. Designate a specific area for internship-related work and systematically organize both physical documents (transcripts, recommendation letters) and digital files (resumes, portfolios, cover letters) in clearly labeled folders. This organizational foundation allows you to focus on crafting quality applications rather than hunting for materials, significantly improving your efficiency and reducing anxiety during the application process.'
  },
  // Additional prompts will be added here by the generation script
];</parameter>
</invoke>
[0;32m2025-09-22 02:51:49 - Completed prompt #26[0m
[0;34m2025-09-22 02:51:54 - Generating prompt #27 (Section 2, Prompt 10/17)[0m
[1;33m2025-09-22 02:51:54 - Running prompt generation...[0m
PROMPT GENERATION COMPLETE - Prompt #27
[0;32m2025-09-22 02:52:17 - Completed prompt #27[0m
[0;34m2025-09-22 02:52:22 - Generating prompt #28 (Section 2, Prompt 11/17)[0m
[1;33m2025-09-22 02:52:22 - Running prompt generation...[0m
PROMPT GENERATION COMPLETE - Prompt #28
[0;32m2025-09-22 02:52:42 - Completed prompt #28[0m
[0;34m2025-09-22 02:52:47 - Generating prompt #29 (Section 2, Prompt 12/17)[0m
[1;33m2025-09-22 02:52:47 - Running prompt generation...[0m
PROMPT GENERATION COMPLETE - Prompt #29
[0;32m2025-09-22 02:53:08 - Completed prompt #29[0m
[0;34m2025-09-22 02:53:13 - Generating prompt #30 (Section 2, Prompt 13/17)[0m
[1;33m2025-09-22 02:53:13 - Running prompt generation...[0m
PROMPT GENERATION COMPLETE - Prompt #30
[0;32m2025-09-22 02:53:34 - Completed prompt #30[0m
[0;34m2025-09-22 02:53:39 - Generating prompt #31 (Section 2, Prompt 14/17)[0m
[1;33m2025-09-22 02:53:39 - Running prompt generation...[0m
PROMPT GENERATION COMPLETE - Prompt #31
[0;32m2025-09-22 02:54:00 - Completed prompt #31[0m
[0;34m2025-09-22 02:54:05 - Generating prompt #32 (Section 2, Prompt 15/17)[0m
[1;33m2025-09-22 02:54:05 - Running prompt generation...[0m
PROMPT GENERATION COMPLETE - Prompt #32
[0;32m2025-09-22 02:54:26 - Completed prompt #32[0m
[0;34m2025-09-22 02:54:31 - Generating prompt #33 (Section 2, Prompt 16/17)[0m
[1;33m2025-09-22 02:54:31 - Running prompt generation...[0m
PROMPT GENERATION COMPLETE - Prompt #33
[0;32m2025-09-22 02:54:52 - Completed prompt #33[0m
[0;34m2025-09-22 02:54:57 - Generating prompt #34 (Section 2, Prompt 17/17)[0m
[1;33m2025-09-22 02:54:57 - Running prompt generation...[0m
PROMPT GENERATION COMPLETE - Prompt #34
[0;32m2025-09-22 02:55:18 - Completed prompt #34[0m
[0;34m2025-09-22 02:55:23 - Generating prompt #35 (Section 3, Prompt 1/17)[0m
[1;33m2025-09-22 02:55:23 - Running prompt generation...[0m
<invoke name="Edit">
<parameter name="file_path">/Users/ikim1/Documents/GitHub/templata-internship-competition/src/data/prompts-internship-competition.ts</parameter>
<parameter name="old_string">  // Additional prompts will be added here by the generation script</parameter>
<parameter name="new_string">  {
    id: 'prompt-35',
    prompt: 'Create and submit complete applications for your top 3 target internship positions with customized resumes and cover letters',
    category: 'action',
    helpText: 'Taking action on your most promising opportunities demonstrates commitment and gets your application in front of hiring managers while positions are still available. Use all your research and preparation to create tailored application packages that showcase your relevant skills and genuine interest in each specific company. Submitting strong applications early in the process often increases your chances of securing interviews before competition intensifies.'
  },
  // Additional prompts will be added here by the generation script</parameter>
</invoke>
[0;32m2025-09-22 02:55:41 - Completed prompt #35[0m
[0;34m2025-09-22 02:55:46 - Generating prompt #36 (Section 3, Prompt 2/17)[0m
[1;33m2025-09-22 02:55:46 - Running prompt generation...[0m
<invoke name="Edit">
<parameter name="file_path">/Users/ikim1/Documents/GitHub/templata-internship-competition/src/data/prompts-internship-competition.ts</parameter>
<parameter name="old_string">  // Additional prompts will be added here by the generation script</parameter>
<parameter name="new_string">  {
    id: 'prompt-36',
    prompt: 'Submit complete applications to your top 3 target internship positions and confirm successful submission',
    category: 'action',
    helpText: 'Taking action on your preparation by submitting actual applications is the critical step that transforms planning into opportunity. Start with your most prepared applications, carefully review all components one final time, and submit during business hours when technical support is available if issues arise. Confirm each submission through email receipts or portal confirmations, and immediately update your tracking spreadsheet with submission dates and any additional follow-up requirements.'
  },
  // Additional prompts will be added here by the generation script</parameter>
</invoke>
[0;32m2025-09-22 02:56:05 - Completed prompt #36[0m
[0;34m2025-09-22 02:56:10 - Generating prompt #37 (Section 3, Prompt 3/17)[0m
[1;33m2025-09-22 02:56:10 - Running prompt generation...[0m
PROMPT GENERATION COMPLETE - Prompt #37
[0;32m2025-09-22 02:56:32 - Completed prompt #37[0m
[0;34m2025-09-22 02:56:37 - Generating prompt #38 (Section 3, Prompt 4/17)[0m
[1;33m2025-09-22 02:56:37 - Running prompt generation...[0m
PROMPT GENERATION COMPLETE - Prompt #38
[0;32m2025-09-22 02:56:58 - Completed prompt #38[0m
[0;34m2025-09-22 02:57:03 - Generating prompt #39 (Section 3, Prompt 5/17)[0m
[1;33m2025-09-22 02:57:03 - Running prompt generation...[0m
PROMPT GENERATION COMPLETE - Prompt #39
[0;32m2025-09-22 02:57:24 - Completed prompt #39[0m
[0;34m2025-09-22 02:57:29 - Generating prompt #40 (Section 3, Prompt 6/17)[0m
[1;33m2025-09-22 02:57:29 - Running prompt generation...[0m
PROMPT GENERATION COMPLETE - Prompt #40
[0;32m2025-09-22 02:57:49 - Completed prompt #40[0m
[0;34m2025-09-22 02:57:54 - Generating prompt #41 (Section 3, Prompt 7/17)[0m
[1;33m2025-09-22 02:57:54 - Running prompt generation...[0m
<invoke name="Edit">
<parameter name="file_path">/Users/ikim1/Documents/GitHub/templata-internship-competition/src/data/prompts-internship-competition.ts</parameter>
<parameter name="old_string">  },
  // Additional prompts will be added here by the generation script
];</parameter>
<parameter name="new_string">  },
  {
    id: 'prompt-41',
    prompt: 'Complete and submit 5 internship applications this week, ensuring each includes tailored resume and cover letter',
    category: 'action',
    helpText: 'Converting all your preparation work into actual submitted applications is the critical step that moves you from planning to active candidacy in the competitive internship market. Focus on submitting complete, high-quality applications to your most strategic targets rather than rushing through many mediocre ones. This concentrated effort creates multiple opportunities simultaneously and allows you to begin receiving responses and feedback on your candidacy strength.'
  },
  // Additional prompts will be added here by the generation script
];</parameter>
</invoke>
[0;32m2025-09-22 02:58:12 - Completed prompt #41[0m
[0;34m2025-09-22 02:58:17 - Generating prompt #42 (Section 3, Prompt 8/17)[0m
[1;33m2025-09-22 02:58:17 - Running prompt generation...[0m
PROMPT GENERATION COMPLETE - Prompt #42
[0;32m2025-09-22 02:58:38 - Completed prompt #42[0m
[0;34m2025-09-22 02:58:43 - Generating prompt #43 (Section 3, Prompt 9/17)[0m
[1;33m2025-09-22 02:58:43 - Running prompt generation...[0m
PROMPT GENERATION COMPLETE - Prompt #43
[0;32m2025-09-22 02:59:05 - Completed prompt #43[0m
[0;34m2025-09-22 02:59:10 - Generating prompt #44 (Section 3, Prompt 10/17)[0m
[1;33m2025-09-22 02:59:10 - Running prompt generation...[0m
<invoke name="Edit">
<parameter name="file_path">/Users/ikim1/Documents/GitHub/templata-internship-competition/src/data/prompts-internship-competition.ts</parameter>
<parameter name="old_string">  // Additional prompts will be added here by the generation script
];</parameter>
<parameter name="new_string">  {
    id: 'prompt-44',
    prompt: 'Schedule and conduct a practice presentation of your strongest project to 2 industry professionals for feedback',
    category: 'action',
    helpText: 'Presenting your work to experienced professionals provides crucial feedback on how effectively you communicate technical concepts and project outcomes - a key skill evaluated in internship interviews. Reach out to mentors, professors, or industry contacts to request brief sessions where you present your project and receive constructive criticism on your delivery, content clarity, and ability to answer technical questions. This practice builds confidence and helps you refine your presentation skills before high-stakes interview situations.'
  },
  // Additional prompts will be added here by the generation script
];</parameter>
</invoke>
[0;32m2025-09-22 02:59:27 - Completed prompt #44[0m
[0;34m2025-09-22 02:59:32 - Generating prompt #45 (Section 3, Prompt 11/17)[0m
[1;33m2025-09-22 02:59:32 - Running prompt generation...[0m
<invoke name="Edit">
<parameter name="file_path">/Users/ikim1/Documents/GitHub/templata-internship-competition/src/data/prompts-internship-competition.ts</parameter>
<parameter name="old_string">  {
    id: 'prompt-43',
    prompt: 'Submit your portfolio and supporting materials to 3 technical internship programs with rolling deadlines',
    category: 'action',
    helpText: 'Taking immediate action to submit complete application packages to programs with rolling admissions maximizes your chances of securing interviews while positions are still available. Focus on technical internships or competitive programs that review applications continuously rather than waiting for specific deadlines. This proactive approach gets your materials in front of recruiters early in their review cycles, when they typically have the most openings and attention to give strong candidates.'
  },
  // Additional prompts will be added here by the generation script</parameter>
<parameter name="new_string">  {
    id: 'prompt-43',
    prompt: 'Submit your portfolio and supporting materials to 3 technical internship programs with rolling deadlines',
    category: 'action',
    helpText: 'Taking immediate action to submit complete application packages to programs with rolling admissions maximizes your chances of securing interviews while positions are still available. Focus on technical internships or competitive programs that review applications continuously rather than waiting for specific deadlines. This proactive approach gets your materials in front of recruiters early in their review cycles, when they typically have the most openings and attention to give strong candidates.'
  },
  {
    id: 'prompt-45',
    prompt: 'Complete a comprehensive practice interview with a technical coding component and behavioral questions',
    category: 'action',
    helpText: 'Practicing full-length interviews that combine technical challenges with behavioral questions prepares you for the multi-faceted nature of competitive internship selection processes. Set up a realistic interview simulation including a 45-minute coding challenge followed by behavioral questions about teamwork, problem-solving, and motivation. This comprehensive practice builds confidence across all interview components and helps you manage time effectively while demonstrating both technical competence and cultural fit.'
  },
  // Additional prompts will be added here by the generation script</parameter>
</invoke>
[0;32m2025-09-22 02:59:58 - Completed prompt #45[0m
[0;34m2025-09-22 03:00:03 - Generating prompt #46 (Section 3, Prompt 12/17)[0m
[1;33m2025-09-22 03:00:03 - Running prompt generation...[0m
PROMPT GENERATION COMPLETE - Prompt #46
[0;32m2025-09-22 03:00:26 - Completed prompt #46[0m
[0;34m2025-09-22 03:00:31 - Generating prompt #47 (Section 3, Prompt 13/17)[0m
[1;33m2025-09-22 03:00:31 - Running prompt generation...[0m
<invoke name="Edit">
<parameter name="file_path">/Users/ikim1/Documents/GitHub/templata-internship-competition/src/data/prompts-internship-competition.ts</parameter>
<parameter name="old_string">  },
  // Additional prompts will be added here by the generation script
];</parameter>
<parameter name="new_string">  },
  {
    id: 'prompt-47',
    prompt: 'Reach out to and schedule follow-up conversations with 3 contacts from your networking efforts this week',
    category: 'action',
    helpText: 'Following up on initial networking connections solidifies relationships and often leads to valuable internship leads or insider information about opportunities. Send personalized messages to professionals you\'ve recently connected with, thanking them for their time and requesting brief follow-up conversations to discuss specific questions that arose from your research. This proactive relationship-building demonstrates genuine interest and helps you develop a network of advocates who may recommend you for internship opportunities.'
  },
  // Additional prompts will be added here by the generation script
];</parameter>
</invoke>
[0;32m2025-09-22 03:00:50 - Completed prompt #47[0m
[0;34m2025-09-22 03:00:55 - Generating prompt #48 (Section 3, Prompt 14/17)[0m
[1;33m2025-09-22 03:00:55 - Running prompt generation...[0m
<invoke name="Edit">
<parameter name="file_path">/Users/ikim1/Documents/GitHub/templata-internship-competition/src/data/prompts-internship-competition.ts</parameter>
<parameter name="old_string">  },
  // Additional prompts will be added here by the generation script
];</parameter>
<parameter name="new_string">  },
  {
    id: 'prompt-48',
    prompt: 'Research and apply to 3 additional backup internship positions to expand your options and reduce application risk',
    category: 'action',
    helpText: 'Diversifying your application portfolio with backup options ensures you have multiple pathways to secure valuable internship experience, even if your top choices are highly competitive. Identify companies or programs with later deadlines, rolling admissions, or less competitive entry requirements that still align with your career goals. Submitting these additional applications reduces stress around primary targets and often leads to unexpected opportunities that may turn out to be excellent fits for your development needs.'
  },
  // Additional prompts will be added here by the generation script
];</parameter>
</invoke>
[0;32m2025-09-22 03:01:13 - Completed prompt #48[0m
[0;34m2025-09-22 03:01:18 - Generating prompt #49 (Section 3, Prompt 15/17)[0m
[1;33m2025-09-22 03:01:18 - Running prompt generation...[0m
PROMPT GENERATION COMPLETE - Prompt #49
[0;32m2025-09-22 03:01:40 - Completed prompt #49[0m
[0;34m2025-09-22 03:01:45 - Generating prompt #50 (Section 3, Prompt 16/17)[0m
[1;33m2025-09-22 03:01:45 - Running prompt generation...[0m
PROMPT GENERATION COMPLETE - Prompt #50
[0;32m2025-09-22 03:02:06 - Completed prompt #50[0m
[0;34m2025-09-22 03:02:11 - Generating prompt #51 (Section 3, Prompt 17/17)[0m
[1;33m2025-09-22 03:02:11 - Running prompt generation...[0m
PROMPT GENERATION COMPLETE - Prompt #51
[0;32m2025-09-22 03:02:33 - Completed prompt #51[0m
[0;34m2025-09-22 03:02:38 - Generating prompt #52 (Section 4, Prompt 1/17)[0m
[1;33m2025-09-22 03:02:38 - Running prompt generation...[0m
PROMPT GENERATION COMPLETE - Prompt #52
[0;32m2025-09-22 03:03:00 - Completed prompt #52[0m
[0;34m2025-09-22 03:03:05 - Generating prompt #53 (Section 4, Prompt 2/17)[0m
[1;33m2025-09-22 03:03:05 - Running prompt generation...[0m
PROMPT GENERATION COMPLETE - Prompt #53
[0;32m2025-09-22 03:03:24 - Completed prompt #53[0m
[0;34m2025-09-22 03:03:29 - Generating prompt #54 (Section 4, Prompt 3/17)[0m
[1;33m2025-09-22 03:03:29 - Running prompt generation...[0m
PROMPT GENERATION COMPLETE - Prompt #54
[0;32m2025-09-22 03:03:48 - Completed prompt #54[0m
[0;34m2025-09-22 03:03:53 - Generating prompt #55 (Section 4, Prompt 4/17)[0m
[1;33m2025-09-22 03:03:53 - Running prompt generation...[0m
PROMPT GENERATION COMPLETE - Prompt #55
[0;32m2025-09-22 03:04:15 - Completed prompt #55[0m
[0;34m2025-09-22 03:04:20 - Generating prompt #56 (Section 4, Prompt 5/17)[0m
[1;33m2025-09-22 03:04:20 - Running prompt generation...[0m
PROMPT GENERATION COMPLETE - Prompt #56
[0;32m2025-09-22 03:04:40 - Completed prompt #56[0m
[0;34m2025-09-22 03:04:45 - Generating prompt #57 (Section 4, Prompt 6/17)[0m
[1;33m2025-09-22 03:04:45 - Running prompt generation...[0m
PROMPT GENERATION COMPLETE - Prompt #57
[0;32m2025-09-22 03:05:06 - Completed prompt #57[0m
[0;34m2025-09-22 03:05:11 - Generating prompt #58 (Section 4, Prompt 7/17)[0m
[1;33m2025-09-22 03:05:12 - Running prompt generation...[0m
PROMPT GENERATION COMPLETE - Prompt #58
[0;32m2025-09-22 03:05:31 - Completed prompt #58[0m
[0;34m2025-09-22 03:05:36 - Generating prompt #59 (Section 4, Prompt 8/17)[0m
[1;33m2025-09-22 03:05:36 - Running prompt generation...[0m
PROMPT GENERATION COMPLETE - Prompt #59
[0;32m2025-09-22 03:05:59 - Completed prompt #59[0m
[0;34m2025-09-22 03:06:04 - Generating prompt #60 (Section 4, Prompt 9/17)[0m
[1;33m2025-09-22 03:06:04 - Running prompt generation...[0m
<invoke name="Edit">
<parameter name="file_path">/Users/ikim1/Documents/GitHub/templata-internship-competition/src/data/prompts-internship-competition.ts</parameter>
<parameter name="old_string">  },
  // Additional prompts will be added here by the generation script
];</parameter>
<parameter name="new_string">  },
  {
    id: 'prompt-60',
    prompt: 'Create a detailed networking follow-up plan and schedule quarterly check-ins with 5 professional contacts from your internship search',
    category: 'planning',
    helpText: 'Building lasting professional relationships requires systematic follow-up that extends beyond immediate internship needs and demonstrates genuine interest in others\' careers. Create a calendar system to reach out quarterly with career updates, industry articles they might find interesting, or offers to help with their own professional goals. This long-term relationship-building approach shows emotional intelligence and creates a valuable network that can provide ongoing career guidance, future job opportunities, and industry insights throughout your professional journey.'
  },
  // Additional prompts will be added here by the generation script
];</parameter>
</invoke>
[0;32m2025-09-22 03:06:25 - Completed prompt #60[0m
[0;34m2025-09-22 03:06:30 - Generating prompt #61 (Section 4, Prompt 10/17)[0m
[1;33m2025-09-22 03:06:30 - Running prompt generation...[0m
PROMPT GENERATION COMPLETE - Prompt #61
[0;32m2025-09-22 03:06:55 - Completed prompt #61[0m
[0;34m2025-09-22 03:07:00 - Generating prompt #62 (Section 4, Prompt 11/17)[0m
[1;33m2025-09-22 03:07:00 - Running prompt generation...[0m
PROMPT GENERATION COMPLETE - Prompt #62
[0;32m2025-09-22 03:07:21 - Completed prompt #62[0m
[0;34m2025-09-22 03:07:26 - Generating prompt #63 (Section 4, Prompt 12/17)[0m
[1;33m2025-09-22 03:07:26 - Running prompt generation...[0m
PROMPT GENERATION COMPLETE - Prompt #63
[0;32m2025-09-22 03:07:46 - Completed prompt #63[0m
[0;34m2025-09-22 03:07:51 - Generating prompt #64 (Section 4, Prompt 13/17)[0m
[1;33m2025-09-22 03:07:51 - Running prompt generation...[0m
PROMPT GENERATION COMPLETE - Prompt #64
[0;32m2025-09-22 03:08:10 - Completed prompt #64[0m
[0;34m2025-09-22 03:08:16 - Generating prompt #65 (Section 4, Prompt 14/17)[0m
[1;33m2025-09-22 03:08:16 - Running prompt generation...[0m
PROMPT GENERATION COMPLETE - Prompt #65
[0;32m2025-09-22 03:08:37 - Completed prompt #65[0m
[0;34m2025-09-22 03:08:42 - Generating prompt #66 (Section 4, Prompt 15/17)[0m
[1;33m2025-09-22 03:08:42 - Running prompt generation...[0m
PROMPT GENERATION COMPLETE - Prompt #66
[0;32m2025-09-22 03:09:02 - Completed prompt #66[0m
[0;34m2025-09-22 03:09:07 - Generating prompt #67 (Section 4, Prompt 16/17)[0m
[1;33m2025-09-22 03:09:08 - Running prompt generation...[0m
PROMPT GENERATION COMPLETE - Prompt #67
[0;32m2025-09-22 03:09:30 - Completed prompt #67[0m
[0;34m2025-09-22 03:09:35 - Generating prompt #68 (Section 4, Prompt 17/17)[0m
[1;33m2025-09-22 03:09:35 - Running prompt generation...[0m
PROMPT GENERATION COMPLETE - Prompt #68
[0;32m2025-09-22 03:09:56 - Completed prompt #68[0m
[0;34m2025-09-22 03:10:01 - Generating prompt #69 (Section 5, Prompt 1/17)[0m
[1;33m2025-09-22 03:10:02 - Running prompt generation...[0m
PROMPT GENERATION COMPLETE - Prompt #69
[0;32m2025-09-22 03:10:22 - Completed prompt #69[0m
[0;34m2025-09-22 03:10:27 - Generating prompt #70 (Section 5, Prompt 2/17)[0m
[1;33m2025-09-22 03:10:27 - Running prompt generation...[0m
PROMPT GENERATION COMPLETE - Prompt #70
[0;32m2025-09-22 03:10:50 - Completed prompt #70[0m
[0;34m2025-09-22 03:10:55 - Generating prompt #71 (Section 5, Prompt 3/17)[0m
[1;33m2025-09-22 03:10:55 - Running prompt generation...[0m
PROMPT GENERATION COMPLETE - Prompt #71
[0;32m2025-09-22 03:11:17 - Completed prompt #71[0m
[0;34m2025-09-22 03:11:22 - Generating prompt #72 (Section 5, Prompt 4/17)[0m
[1;33m2025-09-22 03:11:22 - Running prompt generation...[0m
PROMPT GENERATION COMPLETE - Prompt #72
[0;32m2025-09-22 03:11:43 - Completed prompt #72[0m
[0;34m2025-09-22 03:11:48 - Generating prompt #73 (Section 5, Prompt 5/17)[0m
[1;33m2025-09-22 03:11:48 - Running prompt generation...[0m
PROMPT GENERATION COMPLETE - Prompt #73
[0;32m2025-09-22 03:12:09 - Completed prompt #73[0m
[0;34m2025-09-22 03:12:14 - Generating prompt #74 (Section 5, Prompt 6/17)[0m
[1;33m2025-09-22 03:12:14 - Running prompt generation...[0m
PROMPT GENERATION COMPLETE - Prompt #74
[0;32m2025-09-22 03:12:36 - Completed prompt #74[0m
[0;34m2025-09-22 03:12:41 - Generating prompt #75 (Section 5, Prompt 7/17)[0m
[1;33m2025-09-22 03:12:41 - Running prompt generation...[0m
PROMPT GENERATION COMPLETE - Prompt #75
[0;32m2025-09-22 03:13:01 - Completed prompt #75[0m
[0;34m2025-09-22 03:13:06 - Generating prompt #76 (Section 5, Prompt 8/17)[0m
[1;33m2025-09-22 03:13:06 - Running prompt generation...[0m
PROMPT GENERATION COMPLETE - Prompt #76
[0;32m2025-09-22 03:13:28 - Completed prompt #76[0m
[0;34m2025-09-22 03:13:33 - Generating prompt #77 (Section 5, Prompt 9/17)[0m
[1;33m2025-09-22 03:13:33 - Running prompt generation...[0m
PROMPT GENERATION COMPLETE - Prompt #77
[0;32m2025-09-22 03:13:53 - Completed prompt #77[0m
[0;34m2025-09-22 03:13:58 - Generating prompt #78 (Section 5, Prompt 10/17)[0m
[1;33m2025-09-22 03:13:58 - Running prompt generation...[0m
PROMPT GENERATION COMPLETE - Prompt #78
[0;32m2025-09-22 03:14:21 - Completed prompt #78[0m
[0;34m2025-09-22 03:14:26 - Generating prompt #79 (Section 5, Prompt 11/17)[0m
[1;33m2025-09-22 03:14:26 - Running prompt generation...[0m
PROMPT GENERATION COMPLETE - Prompt #79
[0;32m2025-09-22 03:14:47 - Completed prompt #79[0m
[0;34m2025-09-22 03:14:52 - Generating prompt #80 (Section 5, Prompt 12/17)[0m
[1;33m2025-09-22 03:14:52 - Running prompt generation...[0m
PROMPT GENERATION COMPLETE - Prompt #80
[0;32m2025-09-22 03:15:12 - Completed prompt #80[0m
[0;34m2025-09-22 03:15:17 - Generating prompt #81 (Section 5, Prompt 13/17)[0m
[1;33m2025-09-22 03:15:17 - Running prompt generation...[0m
5-hour limit reached ∙ resets 5am
[0;32m2025-09-22 03:15:24 - Completed prompt #81[0m
[0;34m2025-09-22 03:15:29 - Generating prompt #82 (Section 5, Prompt 14/17)[0m
[1;33m2025-09-22 03:15:29 - Running prompt generation...[0m
5-hour limit reached ∙ resets 5am
[0;32m2025-09-22 03:15:38 - Completed prompt #82[0m
[0;34m2025-09-22 03:15:43 - Generating prompt #83 (Section 5, Prompt 15/17)[0m
[1;33m2025-09-22 03:15:43 - Running prompt generation...[0m
5-hour limit reached ∙ resets 5am
[0;32m2025-09-22 03:15:51 - Completed prompt #83[0m
[0;34m2025-09-22 03:15:56 - Generating prompt #84 (Section 5, Prompt 16/17)[0m
[1;33m2025-09-22 03:15:56 - Running prompt generation...[0m
5-hour limit reached ∙ resets 5am
[0;32m2025-09-22 03:16:03 - Completed prompt #84[0m
[0;34m2025-09-22 03:16:08 - Generating prompt #85 (Section 5, Prompt 17/17)[0m
[1;33m2025-09-22 03:16:08 - Running prompt generation...[0m
5-hour limit reached ∙ resets 5am
[0;32m2025-09-22 03:16:15 - Completed prompt #85[0m
[0;34m2025-09-22 03:16:21 - Generating prompt #86 (Section 6, Prompt 1/17)[0m
[1;33m2025-09-22 03:16:21 - Running prompt generation...[0m
5-hour limit reached ∙ resets 5am
[0;32m2025-09-22 03:16:28 - Completed prompt #86[0m
[0;34m2025-09-22 03:16:33 - Generating prompt #87 (Section 6, Prompt 2/17)[0m
[1;33m2025-09-22 03:16:33 - Running prompt generation...[0m
5-hour limit reached ∙ resets 5am
[0;32m2025-09-22 03:16:40 - Completed prompt #87[0m
[0;34m2025-09-22 03:16:45 - Generating prompt #88 (Section 6, Prompt 3/17)[0m
[1;33m2025-09-22 03:16:45 - Running prompt generation...[0m
5-hour limit reached ∙ resets 5am
[0;32m2025-09-22 03:16:53 - Completed prompt #88[0m
[0;34m2025-09-22 03:16:58 - Generating prompt #89 (Section 6, Prompt 4/17)[0m
[1;33m2025-09-22 03:16:58 - Running prompt generation...[0m
5-hour limit reached ∙ resets 5am
[0;32m2025-09-22 03:17:06 - Completed prompt #89[0m
[0;34m2025-09-22 03:17:11 - Generating prompt #90 (Section 6, Prompt 5/17)[0m
[1;33m2025-09-22 03:17:11 - Running prompt generation...[0m
5-hour limit reached ∙ resets 5am
[0;32m2025-09-22 03:17:20 - Completed prompt #90[0m
[0;34m2025-09-22 03:17:25 - Generating prompt #91 (Section 6, Prompt 6/17)[0m
[1;33m2025-09-22 03:17:25 - Running prompt generation...[0m
5-hour limit reached ∙ resets 5am
[0;32m2025-09-22 03:17:34 - Completed prompt #91[0m
[0;34m2025-09-22 03:17:39 - Generating prompt #92 (Section 6, Prompt 7/17)[0m
[1;33m2025-09-22 03:17:39 - Running prompt generation...[0m
5-hour limit reached ∙ resets 5am
[0;32m2025-09-22 03:17:48 - Completed prompt #92[0m
[0;34m2025-09-22 03:17:53 - Generating prompt #93 (Section 6, Prompt 8/17)[0m
[1;33m2025-09-22 03:17:53 - Running prompt generation...[0m
5-hour limit reached ∙ resets 5am
[0;32m2025-09-22 03:18:02 - Completed prompt #93[0m
[0;34m2025-09-22 03:18:07 - Generating prompt #94 (Section 6, Prompt 9/17)[0m
[1;33m2025-09-22 03:18:07 - Running prompt generation...[0m
5-hour limit reached ∙ resets 5am
[0;32m2025-09-22 03:18:16 - Completed prompt #94[0m
[0;34m2025-09-22 03:18:21 - Generating prompt #95 (Section 6, Prompt 10/17)[0m
[1;33m2025-09-22 03:18:21 - Running prompt generation...[0m
5-hour limit reached ∙ resets 5am
[0;32m2025-09-22 03:18:30 - Completed prompt #95[0m
[0;34m2025-09-22 03:18:35 - Generating prompt #96 (Section 6, Prompt 11/17)[0m
[1;33m2025-09-22 03:18:35 - Running prompt generation...[0m
5-hour limit reached ∙ resets 5am
[0;32m2025-09-22 03:18:45 - Completed prompt #96[0m
[0;34m2025-09-22 03:18:50 - Generating prompt #97 (Section 6, Prompt 12/17)[0m
[1;33m2025-09-22 03:18:50 - Running prompt generation...[0m
5-hour limit reached ∙ resets 5am
[0;32m2025-09-22 03:19:00 - Completed prompt #97[0m
[0;34m2025-09-22 03:19:05 - Generating prompt #98 (Section 6, Prompt 13/17)[0m
[1;33m2025-09-22 03:19:05 - Running prompt generation...[0m
5-hour limit reached ∙ resets 5am
[0;32m2025-09-22 03:19:15 - Completed prompt #98[0m
[0;34m2025-09-22 03:19:20 - Generating prompt #99 (Section 6, Prompt 14/17)[0m
[1;33m2025-09-22 03:19:20 - Running prompt generation...[0m
5-hour limit reached ∙ resets 5am
[0;32m2025-09-22 03:19:30 - Completed prompt #99[0m
[0;34m2025-09-22 03:19:35 - Generating prompt #100 (Section 6, Prompt 15/17)[0m
[1;33m2025-09-22 03:19:35 - Running prompt generation...[0m
5-hour limit reached ∙ resets 5am
[0;32m2025-09-22 03:19:45 - Completed prompt #100[0m
[0;34m2025-09-22 03:19:50 - Generating prompt #101 (Section 6, Prompt 16/17)[0m
[1;33m2025-09-22 03:19:50 - Running prompt generation...[0m
5-hour limit reached ∙ resets 5am
[0;32m2025-09-22 03:19:59 - Completed prompt #101[0m
[0;34m2025-09-22 03:20:04 - Generating prompt #102 (Section 6, Prompt 17/17)[0m
[1;33m2025-09-22 03:20:04 - Running prompt generation...[0m
5-hour limit reached ∙ resets 5am
[0;32m2025-09-22 03:20:15 - Completed prompt #102[0m
[0;34m2025-09-22 08:30:40 - Starting Prompt Generation Cycle for template: internship-competition[0m
[0;32m2025-09-22 08:30:40 - Using existing worktree: ../templata-internship-competition[0m
[0;34m2025-09-22 08:30:40 - Generating prompt #73 (Section 5, Prompt 5/17)[0m
[1;33m2025-09-22 08:30:40 - Running prompt generation...[0m
PROMPT GENERATION COMPLETE - Prompt #73
[0;32m2025-09-22 08:31:08 - Completed prompt #73[0m
[0;34m2025-09-22 08:31:13 - Generating prompt #74 (Section 5, Prompt 6/17)[0m
[1;33m2025-09-22 08:31:13 - Running prompt generation...[0m
PROMPT GENERATION COMPLETE - Prompt #74
[0;32m2025-09-22 08:31:37 - Completed prompt #74[0m
[0;34m2025-09-22 08:31:42 - Generating prompt #75 (Section 5, Prompt 7/17)[0m
[1;33m2025-09-22 08:31:42 - Running prompt generation...[0m
PROMPT GENERATION COMPLETE - Prompt #75
[0;32m2025-09-22 08:32:05 - Completed prompt #75[0m
[0;34m2025-09-22 08:32:10 - Generating prompt #76 (Section 5, Prompt 8/17)[0m
[1;33m2025-09-22 08:32:10 - Running prompt generation...[0m
PROMPT GENERATION COMPLETE - Prompt #76
[0;32m2025-09-22 08:32:32 - Completed prompt #76[0m
[0;34m2025-09-22 08:32:37 - Generating prompt #77 (Section 5, Prompt 9/17)[0m
[1;33m2025-09-22 08:32:37 - Running prompt generation...[0m
PROMPT GENERATION COMPLETE - Prompt #77
[0;32m2025-09-22 08:33:04 - Completed prompt #77[0m
[0;34m2025-09-22 08:33:09 - Generating prompt #78 (Section 5, Prompt 10/17)[0m
[1;33m2025-09-22 08:33:09 - Running prompt generation...[0m
PROMPT GENERATION COMPLETE - Prompt #78
[0;32m2025-09-22 08:33:30 - Completed prompt #78[0m
[0;34m2025-09-22 08:33:35 - Generating prompt #79 (Section 5, Prompt 11/17)[0m
[1;33m2025-09-22 08:33:35 - Running prompt generation...[0m
PROMPT GENERATION COMPLETE - Prompt #79
[0;32m2025-09-22 08:33:56 - Completed prompt #79[0m
[0;34m2025-09-22 08:34:01 - Generating prompt #80 (Section 5, Prompt 12/17)[0m
[1;33m2025-09-22 08:34:01 - Running prompt generation...[0m
PROMPT GENERATION COMPLETE - Prompt #80
[0;32m2025-09-22 08:34:24 - Completed prompt #80[0m
[0;34m2025-09-22 08:34:29 - Generating prompt #81 (Section 5, Prompt 13/17)[0m
[1;33m2025-09-22 08:34:29 - Running prompt generation...[0m
PROMPT GENERATION COMPLETE - Prompt #81
[0;32m2025-09-22 08:34:51 - Completed prompt #81[0m
[0;34m2025-09-22 08:34:56 - Generating prompt #82 (Section 5, Prompt 14/17)[0m
[1;33m2025-09-22 08:34:56 - Running prompt generation...[0m
PROMPT GENERATION COMPLETE - Prompt #82
[0;32m2025-09-22 08:35:17 - Completed prompt #82[0m
[0;34m2025-09-22 08:35:22 - Generating prompt #83 (Section 5, Prompt 15/17)[0m
[1;33m2025-09-22 08:35:22 - Running prompt generation...[0m
PROMPT GENERATION COMPLETE - Prompt #83
[0;32m2025-09-22 08:35:43 - Completed prompt #83[0m
[0;34m2025-09-22 08:35:48 - Generating prompt #84 (Section 5, Prompt 16/17)[0m
[1;33m2025-09-22 08:35:48 - Running prompt generation...[0m
PROMPT GENERATION COMPLETE - Prompt #84
[0;32m2025-09-22 08:36:08 - Completed prompt #84[0m
[0;34m2025-09-22 08:36:13 - Generating prompt #85 (Section 5, Prompt 17/17)[0m
[1;33m2025-09-22 08:36:13 - Running prompt generation...[0m
PROMPT GENERATION COMPLETE - Prompt #85
[0;32m2025-09-22 08:36:44 - Completed prompt #85[0m
[0;34m2025-09-22 08:36:49 - Generating prompt #86 (Section 6, Prompt 1/17)[0m
[1;33m2025-09-22 08:36:49 - Running prompt generation...[0m
PROMPT GENERATION COMPLETE - Prompt #86
[0;32m2025-09-22 08:37:20 - Completed prompt #86[0m
[0;34m2025-09-22 08:37:25 - Generating prompt #87 (Section 6, Prompt 2/17)[0m
[1;33m2025-09-22 08:37:25 - Running prompt generation...[0m
PROMPT GENERATION COMPLETE - Prompt #87
[0;32m2025-09-22 08:37:53 - Completed prompt #87[0m
[0;34m2025-09-22 08:37:58 - Generating prompt #88 (Section 6, Prompt 3/17)[0m
[1;33m2025-09-22 08:37:59 - Running prompt generation...[0m
PROMPT GENERATION COMPLETE - Prompt #88
[0;32m2025-09-22 08:38:21 - Completed prompt #88[0m
[0;34m2025-09-22 08:38:26 - Generating prompt #89 (Section 6, Prompt 4/17)[0m
[1;33m2025-09-22 08:38:26 - Running prompt generation...[0m
PROMPT GENERATION COMPLETE - Prompt #89
[0;32m2025-09-22 08:38:49 - Completed prompt #89[0m
[0;34m2025-09-22 08:38:54 - Generating prompt #90 (Section 6, Prompt 5/17)[0m
[1;33m2025-09-22 08:38:54 - Running prompt generation...[0m
PROMPT GENERATION COMPLETE - Prompt #90
[0;32m2025-09-22 08:39:15 - Completed prompt #90[0m
[0;34m2025-09-22 08:39:20 - Generating prompt #91 (Section 6, Prompt 6/17)[0m
[1;33m2025-09-22 08:39:20 - Running prompt generation...[0m
PROMPT GENERATION COMPLETE - Prompt #91
[0;32m2025-09-22 08:39:42 - Completed prompt #91[0m
[0;34m2025-09-22 08:39:47 - Generating prompt #92 (Section 6, Prompt 7/17)[0m
[1;33m2025-09-22 08:39:47 - Running prompt generation...[0m
PROMPT GENERATION COMPLETE - Prompt #92
[0;32m2025-09-22 08:40:09 - Completed prompt #92[0m
[0;34m2025-09-22 08:40:14 - Generating prompt #93 (Section 6, Prompt 8/17)[0m
[1;33m2025-09-22 08:40:14 - Running prompt generation...[0m
PROMPT GENERATION COMPLETE - Prompt #93
[0;32m2025-09-22 08:40:37 - Completed prompt #93[0m
[0;34m2025-09-22 08:40:42 - Generating prompt #94 (Section 6, Prompt 9/17)[0m
[1;33m2025-09-22 08:40:42 - Running prompt generation...[0m
PROMPT GENERATION COMPLETE - Prompt #94
[0;32m2025-09-22 08:41:04 - Completed prompt #94[0m
[0;34m2025-09-22 08:41:09 - Generating prompt #95 (Section 6, Prompt 10/17)[0m
[1;33m2025-09-22 08:41:09 - Running prompt generation...[0m
PROMPT GENERATION COMPLETE - Prompt #95
[0;32m2025-09-22 08:41:30 - Completed prompt #95[0m
[0;34m2025-09-22 08:41:35 - Generating prompt #96 (Section 6, Prompt 11/17)[0m
[1;33m2025-09-22 08:41:35 - Running prompt generation...[0m
PROMPT GENERATION COMPLETE - Prompt #96
[0;32m2025-09-22 08:41:57 - Completed prompt #96[0m
[0;34m2025-09-22 08:42:02 - Generating prompt #97 (Section 6, Prompt 12/17)[0m
[1;33m2025-09-22 08:42:02 - Running prompt generation...[0m
PROMPT GENERATION COMPLETE - Prompt #97
[0;32m2025-09-22 08:42:23 - Completed prompt #97[0m
[0;34m2025-09-22 08:42:28 - Generating prompt #98 (Section 6, Prompt 13/17)[0m
[1;33m2025-09-22 08:42:28 - Running prompt generation...[0m
PROMPT GENERATION COMPLETE - Prompt #98
[0;32m2025-09-22 08:42:51 - Completed prompt #98[0m
[0;34m2025-09-22 08:42:56 - Generating prompt #99 (Section 6, Prompt 14/17)[0m
[1;33m2025-09-22 08:42:56 - Running prompt generation...[0m
PROMPT GENERATION COMPLETE - Prompt #99
[0;32m2025-09-22 08:43:18 - Completed prompt #99[0m
[0;34m2025-09-22 08:43:23 - Generating prompt #100 (Section 6, Prompt 15/17)[0m
[1;33m2025-09-22 08:43:23 - Running prompt generation...[0m
PROMPT GENERATION COMPLETE - Prompt #100
[0;32m2025-09-22 08:43:45 - Completed prompt #100[0m
[0;34m2025-09-22 08:43:50 - Generating prompt #101 (Section 6, Prompt 16/17)[0m
[1;33m2025-09-22 08:43:50 - Running prompt generation...[0m
PROMPT GENERATION COMPLETE - Prompt #101
[0;32m2025-09-22 08:44:11 - Completed prompt #101[0m
[0;34m2025-09-22 08:44:16 - Generating prompt #102 (Section 6, Prompt 17/17)[0m
[1;33m2025-09-22 08:44:16 - Running prompt generation...[0m
PROMPT GENERATION COMPLETE - Prompt #102
[0;32m2025-09-22 08:44:38 - Completed prompt #102[0m
