[0;34m2025-09-19 18:56:58 - Starting Prompt Generation Cycle for template: budget-planning[0m
[0;32m2025-09-19 18:56:58 - Using existing worktree: ../templata-budget-planning[0m
[1;33m2025-09-19 18:56:58 - Creating template prompt file: prompts-budget-planning.ts[0m
[0;34m2025-09-20 17:36:08 - Starting Prompt Generation Cycle for template: budget-planning[0m
[0;32m2025-09-20 17:36:08 - Using existing worktree: ../templata-budget-planning[0m
[1;33m2025-09-20 17:36:08 - Creating template prompt file: prompts-budget-planning.ts[0m
[0;32m2025-09-20 17:36:08 - Created template prompt file: ../templata-budget-planning/src/data/prompts-budget-planning.ts[0m
[0;34m2025-09-20 17:36:08 - Generating prompt #1 (Section 1, Prompt 1/17)[0m
[1;33m2025-09-20 17:36:09 - Running prompt generation...[0m
PROMPT GENERATION COMPLETE - Prompt #1
[0;32m2025-09-20 17:36:29 - Completed prompt #1[0m
[0;34m2025-09-20 17:36:34 - Generating prompt #2 (Section 1, Prompt 2/17)[0m
[1;33m2025-09-20 17:36:34 - Running prompt generation...[0m
PROMPT GENERATION COMPLETE - Prompt #2
[0;32m2025-09-20 17:36:52 - Completed prompt #2[0m
[0;34m2025-09-20 17:36:57 - Generating prompt #3 (Section 1, Prompt 3/17)[0m
[1;33m2025-09-20 17:36:57 - Running prompt generation...[0m
PROMPT GENERATION COMPLETE - Prompt #3
[0;32m2025-09-20 17:37:15 - Completed prompt #3[0m
[0;34m2025-09-20 17:37:20 - Generating prompt #4 (Section 1, Prompt 4/17)[0m
[1;33m2025-09-20 17:37:20 - Running prompt generation...[0m
PROMPT GENERATION COMPLETE - Prompt #4
[0;32m2025-09-20 17:37:39 - Completed prompt #4[0m
[0;34m2025-09-20 17:37:44 - Generating prompt #5 (Section 1, Prompt 5/17)[0m
[1;33m2025-09-20 17:37:44 - Running prompt generation...[0m
PROMPT GENERATION COMPLETE - Prompt #5
[0;32m2025-09-20 17:38:02 - Completed prompt #5[0m
[0;34m2025-09-20 17:38:07 - Generating prompt #6 (Section 1, Prompt 6/17)[0m
[1;33m2025-09-20 17:38:07 - Running prompt generation...[0m
PROMPT GENERATION COMPLETE - Prompt #6
[0;32m2025-09-20 17:38:26 - Completed prompt #6[0m
[0;34m2025-09-20 17:38:31 - Generating prompt #7 (Section 1, Prompt 7/17)[0m
[1;33m2025-09-20 17:38:32 - Running prompt generation...[0m
PROMPT GENERATION COMPLETE - Prompt #7
[0;32m2025-09-20 17:38:53 - Completed prompt #7[0m
[0;34m2025-09-20 17:38:58 - Generating prompt #8 (Section 1, Prompt 8/17)[0m
[1;33m2025-09-20 17:38:58 - Running prompt generation...[0m
PROMPT GENERATION COMPLETE - Prompt #8
[0;32m2025-09-20 17:39:19 - Completed prompt #8[0m
[0;34m2025-09-20 17:39:24 - Generating prompt #9 (Section 1, Prompt 9/17)[0m
[1;33m2025-09-20 17:39:24 - Running prompt generation...[0m
PROMPT GENERATION COMPLETE - Prompt #9
[0;32m2025-09-20 17:39:44 - Completed prompt #9[0m
[0;34m2025-09-20 17:39:49 - Generating prompt #10 (Section 1, Prompt 10/17)[0m
[1;33m2025-09-20 17:39:49 - Running prompt generation...[0m
PROMPT GENERATION COMPLETE - Prompt #10
[0;32m2025-09-20 17:40:10 - Completed prompt #10[0m
[0;34m2025-09-20 17:40:15 - Generating prompt #11 (Section 1, Prompt 11/17)[0m
[1;33m2025-09-20 17:40:15 - Running prompt generation...[0m
PROMPT GENERATION COMPLETE - Prompt #11
[0;32m2025-09-20 17:40:40 - Completed prompt #11[0m
[0;34m2025-09-20 17:40:45 - Generating prompt #12 (Section 1, Prompt 12/17)[0m
[1;33m2025-09-20 17:40:45 - Running prompt generation...[0m
PROMPT GENERATION COMPLETE - Prompt #12
[0;32m2025-09-20 17:41:06 - Completed prompt #12[0m
[0;34m2025-09-20 17:41:11 - Generating prompt #13 (Section 1, Prompt 13/17)[0m
[1;33m2025-09-20 17:41:11 - Running prompt generation...[0m
PROMPT GENERATION COMPLETE - Prompt #13
[0;32m2025-09-20 17:41:33 - Completed prompt #13[0m
[0;34m2025-09-20 17:41:38 - Generating prompt #14 (Section 1, Prompt 14/17)[0m
[1;33m2025-09-20 17:41:38 - Running prompt generation...[0m
PROMPT GENERATION COMPLETE - Prompt #14
[0;32m2025-09-20 17:41:58 - Completed prompt #14[0m
[0;34m2025-09-20 17:42:03 - Generating prompt #15 (Section 1, Prompt 15/17)[0m
[1;33m2025-09-20 17:42:03 - Running prompt generation...[0m
PROMPT GENERATION COMPLETE - Prompt #15
[0;32m2025-09-20 17:42:23 - Completed prompt #15[0m
[0;34m2025-09-20 17:42:28 - Generating prompt #16 (Section 1, Prompt 16/17)[0m
[1;33m2025-09-20 17:42:28 - Running prompt generation...[0m
PROMPT GENERATION COMPLETE - Prompt #16
[0;32m2025-09-20 17:42:48 - Completed prompt #16[0m
[0;34m2025-09-20 17:42:53 - Generating prompt #17 (Section 1, Prompt 17/17)[0m
[1;33m2025-09-20 17:42:53 - Running prompt generation...[0m
PROMPT GENERATION COMPLETE - Prompt #17
[0;32m2025-09-20 17:43:14 - Completed prompt #17[0m
[0;34m2025-09-20 17:43:19 - Generating prompt #18 (Section 2, Prompt 1/17)[0m
[1;33m2025-09-20 17:43:19 - Running prompt generation...[0m
PROMPT GENERATION COMPLETE - Prompt #18
[0;32m2025-09-20 17:43:40 - Completed prompt #18[0m
[0;34m2025-09-20 17:43:45 - Generating prompt #19 (Section 2, Prompt 2/17)[0m
[1;33m2025-09-20 17:43:45 - Running prompt generation...[0m
PROMPT GENERATION COMPLETE - Prompt #19
[0;32m2025-09-20 17:44:07 - Completed prompt #19[0m
[0;34m2025-09-20 17:44:12 - Generating prompt #20 (Section 2, Prompt 3/17)[0m
[1;33m2025-09-20 17:44:12 - Running prompt generation...[0m
PROMPT GENERATION COMPLETE - Prompt #20
[0;32m2025-09-20 17:44:32 - Completed prompt #20[0m
[0;34m2025-09-20 17:44:37 - Generating prompt #21 (Section 2, Prompt 4/17)[0m
[1;33m2025-09-20 17:44:37 - Running prompt generation...[0m
PROMPT GENERATION COMPLETE - Prompt #21
[0;32m2025-09-20 17:44:59 - Completed prompt #21[0m
[0;34m2025-09-20 17:45:04 - Generating prompt #22 (Section 2, Prompt 5/17)[0m
[1;33m2025-09-20 17:45:04 - Running prompt generation...[0m
PROMPT GENERATION COMPLETE - Prompt #22
[0;32m2025-09-20 17:45:24 - Completed prompt #22[0m
[0;34m2025-09-20 17:45:29 - Generating prompt #23 (Section 2, Prompt 6/17)[0m
[1;33m2025-09-20 17:45:29 - Running prompt generation...[0m
PROMPT GENERATION COMPLETE - Prompt #23
[0;32m2025-09-20 17:45:49 - Completed prompt #23[0m
[0;34m2025-09-20 17:45:54 - Generating prompt #24 (Section 2, Prompt 7/17)[0m
[1;33m2025-09-20 17:45:54 - Running prompt generation...[0m
PROMPT GENERATION COMPLETE - Prompt #24
[0;32m2025-09-20 17:46:18 - Completed prompt #24[0m
[0;34m2025-09-20 17:46:23 - Generating prompt #25 (Section 2, Prompt 8/17)[0m
[1;33m2025-09-20 17:46:23 - Running prompt generation...[0m
PROMPT GENERATION COMPLETE - Prompt #25
[0;32m2025-09-20 17:46:47 - Completed prompt #25[0m
[0;34m2025-09-20 17:46:52 - Generating prompt #26 (Section 2, Prompt 9/17)[0m
[1;33m2025-09-20 17:46:52 - Running prompt generation...[0m
PROMPT GENERATION COMPLETE - Prompt #26
[0;32m2025-09-20 17:47:14 - Completed prompt #26[0m
[0;34m2025-09-20 17:47:19 - Generating prompt #27 (Section 2, Prompt 10/17)[0m
[1;33m2025-09-20 17:47:19 - Running prompt generation...[0m
PROMPT GENERATION COMPLETE - Prompt #27
[0;32m2025-09-20 17:47:41 - Completed prompt #27[0m
[0;34m2025-09-20 17:47:46 - Generating prompt #28 (Section 2, Prompt 11/17)[0m
[1;33m2025-09-20 17:47:46 - Running prompt generation...[0m
PROMPT GENERATION COMPLETE - Prompt #28
[0;32m2025-09-20 17:48:07 - Completed prompt #28[0m
[0;34m2025-09-20 17:48:12 - Generating prompt #29 (Section 2, Prompt 12/17)[0m
[1;33m2025-09-20 17:48:12 - Running prompt generation...[0m
PROMPT GENERATION COMPLETE - Prompt #29
[0;32m2025-09-20 17:48:33 - Completed prompt #29[0m
[0;34m2025-09-20 17:48:38 - Generating prompt #30 (Section 2, Prompt 13/17)[0m
[1;33m2025-09-20 17:48:38 - Running prompt generation...[0m
PROMPT GENERATION COMPLETE - Prompt #30
[0;32m2025-09-20 17:48:57 - Completed prompt #30[0m
[0;34m2025-09-20 17:49:02 - Generating prompt #31 (Section 2, Prompt 14/17)[0m
[1;33m2025-09-20 17:49:02 - Running prompt generation...[0m
PROMPT GENERATION COMPLETE - Prompt #31
[0;32m2025-09-20 17:49:23 - Completed prompt #31[0m
[0;34m2025-09-20 17:49:28 - Generating prompt #32 (Section 2, Prompt 15/17)[0m
[1;33m2025-09-20 17:49:28 - Running prompt generation...[0m
PROMPT GENERATION COMPLETE - Prompt #32
[0;32m2025-09-20 17:49:47 - Completed prompt #32[0m
[0;34m2025-09-20 17:49:52 - Generating prompt #33 (Section 2, Prompt 16/17)[0m
[1;33m2025-09-20 17:49:52 - Running prompt generation...[0m
PROMPT GENERATION COMPLETE - Prompt #33
[0;32m2025-09-20 17:50:14 - Completed prompt #33[0m
[0;34m2025-09-20 17:50:19 - Generating prompt #34 (Section 2, Prompt 17/17)[0m
[1;33m2025-09-20 17:50:19 - Running prompt generation...[0m
PROMPT GENERATION COMPLETE - Prompt #34
[0;32m2025-09-20 17:50:41 - Completed prompt #34[0m
[0;34m2025-09-20 17:50:46 - Generating prompt #35 (Section 3, Prompt 1/17)[0m
[1;33m2025-09-20 17:50:46 - Running prompt generation...[0m
PROMPT GENERATION COMPLETE - Prompt #35
[0;32m2025-09-20 17:51:07 - Completed prompt #35[0m
[0;34m2025-09-20 17:51:12 - Generating prompt #36 (Section 3, Prompt 2/17)[0m
[1;33m2025-09-20 17:51:12 - Running prompt generation...[0m
PROMPT GENERATION COMPLETE - Prompt #36
[0;32m2025-09-20 17:51:32 - Completed prompt #36[0m
[0;34m2025-09-20 17:51:37 - Generating prompt #37 (Section 3, Prompt 3/17)[0m
[1;33m2025-09-20 17:51:37 - Running prompt generation...[0m
PROMPT GENERATION COMPLETE - Prompt #37
[0;32m2025-09-20 17:51:57 - Completed prompt #37[0m
[0;34m2025-09-20 17:52:02 - Generating prompt #38 (Section 3, Prompt 4/17)[0m
[1;33m2025-09-20 17:52:02 - Running prompt generation...[0m
PROMPT GENERATION COMPLETE - Prompt #38
[0;32m2025-09-20 17:52:23 - Completed prompt #38[0m
[0;34m2025-09-20 17:52:28 - Generating prompt #39 (Section 3, Prompt 5/17)[0m
[1;33m2025-09-20 17:52:28 - Running prompt generation...[0m
PROMPT GENERATION COMPLETE - Prompt #39
[0;32m2025-09-20 17:52:48 - Completed prompt #39[0m
[0;34m2025-09-20 17:52:53 - Generating prompt #40 (Section 3, Prompt 6/17)[0m
[1;33m2025-09-20 17:52:53 - Running prompt generation...[0m
PROMPT GENERATION COMPLETE - Prompt #40
[0;32m2025-09-20 17:53:14 - Completed prompt #40[0m
[0;34m2025-09-20 17:53:19 - Generating prompt #41 (Section 3, Prompt 7/17)[0m
[1;33m2025-09-20 17:53:19 - Running prompt generation...[0m
PROMPT GENERATION COMPLETE - Prompt #41
[0;32m2025-09-20 17:53:40 - Completed prompt #41[0m
