[0;34m2025-09-22 00:07:51 - Starting Prompt Generation Cycle for template: natural-disaster-recovery[0m
[1;33m2025-09-22 00:07:51 - Override flag detected - resetting progress and recreating files[0m
[0;32m2025-09-22 00:07:51 - Progress reset to 0 for template: natural-disaster-recovery[0m
[0;32m2025-09-22 00:07:51 - Using existing worktree: ../templata-natural-disaster-recovery[0m
[1;33m2025-09-22 00:07:51 - Creating template prompt file: prompts-natural-disaster-recovery.ts[0m
[0;32m2025-09-22 00:07:51 - Created template prompt file: ../templata-natural-disaster-recovery/src/data/prompts-natural-disaster-recovery.ts[0m
[0;34m2025-09-22 00:07:51 - Generating prompt #1 (Section 1, Prompt 1/17)[0m
[1;33m2025-09-22 00:07:51 - Running prompt generation...[0m
PROMPT GENERATION COMPLETE - Prompt #1
[0;32m2025-09-22 00:08:17 - Completed prompt #1[0m
[0;34m2025-09-22 00:08:22 - Generating prompt #2 (Section 1, Prompt 2/17)[0m
[1;33m2025-09-22 00:08:22 - Running prompt generation...[0m
PROMPT GENERATION COMPLETE - Prompt #2
[0;32m2025-09-22 00:08:51 - Completed prompt #2[0m
[0;34m2025-09-22 00:08:56 - Generating prompt #3 (Section 1, Prompt 3/17)[0m
[1;33m2025-09-22 00:08:56 - Running prompt generation...[0m
PROMPT GENERATION COMPLETE - Prompt #3
[0;32m2025-09-22 00:09:20 - Completed prompt #3[0m
[0;34m2025-09-22 00:09:25 - Generating prompt #4 (Section 1, Prompt 4/17)[0m
[1;33m2025-09-22 00:09:25 - Running prompt generation...[0m
PROMPT GENERATION COMPLETE - Prompt #4
[0;32m2025-09-22 00:09:47 - Completed prompt #4[0m
[0;34m2025-09-22 00:09:52 - Generating prompt #5 (Section 1, Prompt 5/17)[0m
[1;33m2025-09-22 00:09:52 - Running prompt generation...[0m
PROMPT GENERATION COMPLETE - Prompt #5
[0;32m2025-09-22 00:10:13 - Completed prompt #5[0m
[0;34m2025-09-22 00:10:18 - Generating prompt #6 (Section 1, Prompt 6/17)[0m
[1;33m2025-09-22 00:10:18 - Running prompt generation...[0m
PROMPT GENERATION COMPLETE - Prompt #6
[0;32m2025-09-22 00:10:41 - Completed prompt #6[0m
[0;34m2025-09-22 00:10:46 - Generating prompt #7 (Section 1, Prompt 7/17)[0m
[1;33m2025-09-22 00:10:46 - Running prompt generation...[0m
PROMPT GENERATION COMPLETE - Prompt #7
[0;32m2025-09-22 00:11:09 - Completed prompt #7[0m
[0;34m2025-09-22 00:11:15 - Generating prompt #8 (Section 1, Prompt 8/17)[0m
[1;33m2025-09-22 00:11:15 - Running prompt generation...[0m
PROMPT GENERATION COMPLETE - Prompt #8
[0;32m2025-09-22 00:11:37 - Completed prompt #8[0m
[0;34m2025-09-22 00:11:42 - Generating prompt #9 (Section 1, Prompt 9/17)[0m
[1;33m2025-09-22 00:11:42 - Running prompt generation...[0m
PROMPT GENERATION COMPLETE - Prompt #9
[0;32m2025-09-22 00:12:04 - Completed prompt #9[0m
[0;34m2025-09-22 00:12:10 - Generating prompt #10 (Section 1, Prompt 10/17)[0m
[1;33m2025-09-22 00:12:10 - Running prompt generation...[0m
PROMPT GENERATION COMPLETE - Prompt #10
[0;32m2025-09-22 00:12:32 - Completed prompt #10[0m
[0;34m2025-09-22 00:12:37 - Generating prompt #11 (Section 1, Prompt 11/17)[0m
[1;33m2025-09-22 00:12:37 - Running prompt generation...[0m
PROMPT GENERATION COMPLETE - Prompt #11
[0;32m2025-09-22 00:13:01 - Completed prompt #11[0m
[0;34m2025-09-22 00:13:06 - Generating prompt #12 (Section 1, Prompt 12/17)[0m
[1;33m2025-09-22 00:13:06 - Running prompt generation...[0m
PROMPT GENERATION COMPLETE - Prompt #12
[0;34m2025-09-22 00:57:07 - Starting Prompt Generation Cycle for template: natural-disaster-recovery[0m
[0;32m2025-09-22 00:57:07 - Using existing worktree: ../templata-natural-disaster-recovery[0m
[0;34m2025-09-22 00:57:07 - Generating prompt #12 (Section 1, Prompt 12/17)[0m
[1;33m2025-09-22 00:57:07 - Running prompt generation...[0m
PROMPT GENERATION COMPLETE - Prompt #12
[0;32m2025-09-22 00:57:38 - Completed prompt #12[0m
[0;34m2025-09-22 00:57:43 - Generating prompt #13 (Section 1, Prompt 13/17)[0m
[1;33m2025-09-22 00:57:43 - Running prompt generation...[0m
I can see that prompt-13 already exists in the file. Based on the requirement to generate "ONE practical action prompt for the natural disaster recovery template" and the context that this is "PROMPT #13", it appears the prompt has already been generated and added to the file.

The existing prompt-13 is:
```
{
  id: 'prompt-13',
  prompt: 'Research and understand your specific insurance policy coverage, deductibles, and limitations for disaster-related claims',
  category: 'research',
  helpText: 'Understanding your insurance policy details is fundamental to setting realistic expectations and maximizing your claim settlement. Review your homeowner\'s, renter\'s, or business insurance policy to identify what types of damage are covered, what your deductible amounts are, and any specific exclusions or limitations that apply to your situation. Pay special attention to coverage limits for personal property, additional living expenses, and whether you have replacement cost or actual cash value coverage, as these details will significantly impact your settlement amount and recovery planning.'
}
```

This prompt fits the "Foundation and Understanding" theme perfectly as it focuses on understanding the fundamental aspects of insurance coverage that will guide the entire recovery process.

PROMPT GENERATION COMPLETE - Prompt #13
[0;32m2025-09-22 00:58:02 - Completed prompt #13[0m
[0;34m2025-09-22 00:58:07 - Generating prompt #14 (Section 1, Prompt 14/17)[0m
[1;33m2025-09-22 00:58:07 - Running prompt generation...[0m
PROMPT GENERATION COMPLETE - Prompt #14
[0;32m2025-09-22 00:58:30 - Completed prompt #14[0m
[0;34m2025-09-22 00:58:35 - Generating prompt #15 (Section 1, Prompt 15/17)[0m
[1;33m2025-09-22 00:58:35 - Running prompt generation...[0m
PROMPT GENERATION COMPLETE - Prompt #15
[0;32m2025-09-22 00:58:57 - Completed prompt #15[0m
[0;34m2025-09-22 00:59:02 - Generating prompt #16 (Section 1, Prompt 16/17)[0m
[1;33m2025-09-22 00:59:02 - Running prompt generation...[0m
PROMPT GENERATION COMPLETE - Prompt #16
[0;32m2025-09-22 00:59:25 - Completed prompt #16[0m
[0;34m2025-09-22 00:59:30 - Generating prompt #17 (Section 1, Prompt 17/17)[0m
[1;33m2025-09-22 00:59:30 - Running prompt generation...[0m
PROMPT GENERATION COMPLETE - Prompt #17
[0;32m2025-09-22 00:59:52 - Completed prompt #17[0m
[0;34m2025-09-22 00:59:57 - Generating prompt #18 (Section 2, Prompt 1/17)[0m
[1;33m2025-09-22 00:59:57 - Running prompt generation...[0m
PROMPT GENERATION COMPLETE - Prompt #18
[0;32m2025-09-22 01:00:21 - Completed prompt #18[0m
[0;34m2025-09-22 01:00:26 - Generating prompt #19 (Section 2, Prompt 2/17)[0m
[1;33m2025-09-22 01:00:26 - Running prompt generation...[0m
PROMPT GENERATION COMPLETE - Prompt #19
[0;32m2025-09-22 01:00:49 - Completed prompt #19[0m
[0;34m2025-09-22 01:00:54 - Generating prompt #20 (Section 2, Prompt 3/17)[0m
[1;33m2025-09-22 01:00:54 - Running prompt generation...[0m
PROMPT GENERATION COMPLETE - Prompt #20
[0;32m2025-09-22 01:01:17 - Completed prompt #20[0m
[0;34m2025-09-22 01:01:22 - Generating prompt #21 (Section 2, Prompt 4/17)[0m
[1;33m2025-09-22 01:01:22 - Running prompt generation...[0m
PROMPT GENERATION COMPLETE - Prompt #21
[0;32m2025-09-22 01:01:46 - Completed prompt #21[0m
[0;34m2025-09-22 01:01:51 - Generating prompt #22 (Section 2, Prompt 5/17)[0m
[1;33m2025-09-22 01:01:51 - Running prompt generation...[0m
PROMPT GENERATION COMPLETE - Prompt #22
[0;32m2025-09-22 01:02:14 - Completed prompt #22[0m
[0;34m2025-09-22 01:02:19 - Generating prompt #23 (Section 2, Prompt 6/17)[0m
[1;33m2025-09-22 01:02:19 - Running prompt generation...[0m
PROMPT GENERATION COMPLETE - Prompt #23
[0;32m2025-09-22 01:02:44 - Completed prompt #23[0m
[0;34m2025-09-22 01:02:49 - Generating prompt #24 (Section 2, Prompt 7/17)[0m
[1;33m2025-09-22 01:02:49 - Running prompt generation...[0m
PROMPT GENERATION COMPLETE - Prompt #24
[0;32m2025-09-22 01:03:12 - Completed prompt #24[0m
[0;34m2025-09-22 01:03:17 - Generating prompt #25 (Section 2, Prompt 8/17)[0m
[1;33m2025-09-22 01:03:17 - Running prompt generation...[0m
PROMPT GENERATION COMPLETE - Prompt #25
[0;32m2025-09-22 01:03:41 - Completed prompt #25[0m
[0;34m2025-09-22 01:03:46 - Generating prompt #26 (Section 2, Prompt 9/17)[0m
[1;33m2025-09-22 01:03:46 - Running prompt generation...[0m
PROMPT GENERATION COMPLETE - Prompt #26
[0;32m2025-09-22 01:04:09 - Completed prompt #26[0m
[0;34m2025-09-22 01:04:14 - Generating prompt #27 (Section 2, Prompt 10/17)[0m
[1;33m2025-09-22 01:04:14 - Running prompt generation...[0m
PROMPT GENERATION COMPLETE - Prompt #27
[0;32m2025-09-22 01:04:37 - Completed prompt #27[0m
[0;34m2025-09-22 01:04:42 - Generating prompt #28 (Section 2, Prompt 11/17)[0m
[1;33m2025-09-22 01:04:42 - Running prompt generation...[0m
PROMPT GENERATION COMPLETE - Prompt #28
[0;32m2025-09-22 01:05:05 - Completed prompt #28[0m
[0;34m2025-09-22 01:05:10 - Generating prompt #29 (Section 2, Prompt 12/17)[0m
[1;33m2025-09-22 01:05:10 - Running prompt generation...[0m
PROMPT GENERATION COMPLETE - Prompt #29
[0;32m2025-09-22 01:05:34 - Completed prompt #29[0m
[0;34m2025-09-22 01:05:39 - Generating prompt #30 (Section 2, Prompt 13/17)[0m
[1;33m2025-09-22 01:05:39 - Running prompt generation...[0m
PROMPT GENERATION COMPLETE - Prompt #30
[0;32m2025-09-22 01:06:02 - Completed prompt #30[0m
[0;34m2025-09-22 01:06:07 - Generating prompt #31 (Section 2, Prompt 14/17)[0m
[1;33m2025-09-22 01:06:07 - Running prompt generation...[0m
PROMPT GENERATION COMPLETE - Prompt #31
[0;32m2025-09-22 01:06:31 - Completed prompt #31[0m
[0;34m2025-09-22 01:06:36 - Generating prompt #32 (Section 2, Prompt 15/17)[0m
[1;33m2025-09-22 01:06:36 - Running prompt generation...[0m
PROMPT GENERATION COMPLETE - Prompt #32
[0;32m2025-09-22 01:07:04 - Completed prompt #32[0m
[0;34m2025-09-22 01:07:09 - Generating prompt #33 (Section 2, Prompt 16/17)[0m
[1;33m2025-09-22 01:07:09 - Running prompt generation...[0m
PROMPT GENERATION COMPLETE - Prompt #33
[0;32m2025-09-22 01:07:34 - Completed prompt #33[0m
[0;34m2025-09-22 01:07:39 - Generating prompt #34 (Section 2, Prompt 17/17)[0m
[1;33m2025-09-22 01:07:39 - Running prompt generation...[0m
PROMPT GENERATION COMPLETE - Prompt #34
[0;32m2025-09-22 01:08:03 - Completed prompt #34[0m
[0;34m2025-09-22 01:08:08 - Generating prompt #35 (Section 3, Prompt 1/17)[0m
[1;33m2025-09-22 01:08:08 - Running prompt generation...[0m
PROMPT GENERATION COMPLETE - Prompt #35
[0;32m2025-09-22 01:08:36 - Completed prompt #35[0m
[0;34m2025-09-22 01:08:41 - Generating prompt #36 (Section 3, Prompt 2/17)[0m
[1;33m2025-09-22 01:08:41 - Running prompt generation...[0m
PROMPT GENERATION COMPLETE - Prompt #36
[0;32m2025-09-22 01:09:06 - Completed prompt #36[0m
[0;34m2025-09-22 01:09:11 - Generating prompt #37 (Section 3, Prompt 3/17)[0m
[1;33m2025-09-22 01:09:11 - Running prompt generation...[0m
PROMPT GENERATION COMPLETE - Prompt #37
[0;32m2025-09-22 01:09:36 - Completed prompt #37[0m
[0;34m2025-09-22 01:09:41 - Generating prompt #38 (Section 3, Prompt 4/17)[0m
[1;33m2025-09-22 01:09:41 - Running prompt generation...[0m
PROMPT GENERATION COMPLETE - Prompt #38
[0;32m2025-09-22 01:10:06 - Completed prompt #38[0m
[0;34m2025-09-22 01:10:11 - Generating prompt #39 (Section 3, Prompt 5/17)[0m
[1;33m2025-09-22 01:10:11 - Running prompt generation...[0m
PROMPT GENERATION COMPLETE - Prompt #39
[0;32m2025-09-22 01:10:36 - Completed prompt #39[0m
[0;34m2025-09-22 01:10:41 - Generating prompt #40 (Section 3, Prompt 6/17)[0m
[1;33m2025-09-22 01:10:41 - Running prompt generation...[0m
PROMPT GENERATION COMPLETE - Prompt #40
[0;32m2025-09-22 01:11:05 - Completed prompt #40[0m
[0;34m2025-09-22 01:11:10 - Generating prompt #41 (Section 3, Prompt 7/17)[0m
[1;33m2025-09-22 01:11:10 - Running prompt generation...[0m
PROMPT GENERATION COMPLETE - Prompt #41
[0;32m2025-09-22 01:11:33 - Completed prompt #41[0m
[0;34m2025-09-22 01:11:38 - Generating prompt #42 (Section 3, Prompt 8/17)[0m
[1;33m2025-09-22 01:11:38 - Running prompt generation...[0m
PROMPT GENERATION COMPLETE - Prompt #42
[0;32m2025-09-22 01:12:01 - Completed prompt #42[0m
[0;34m2025-09-22 01:12:06 - Generating prompt #43 (Section 3, Prompt 9/17)[0m
[1;33m2025-09-22 01:12:06 - Running prompt generation...[0m
PROMPT GENERATION COMPLETE - Prompt #43
[0;32m2025-09-22 01:12:30 - Completed prompt #43[0m
[0;34m2025-09-22 01:12:35 - Generating prompt #44 (Section 3, Prompt 10/17)[0m
[1;33m2025-09-22 01:12:35 - Running prompt generation...[0m
<invoke name="Edit">
<parameter name="file_path">/Users/ikim1/Documents/GitHub/templata-natural-disaster-recovery/src/data/prompts-natural-disaster-recovery.ts</parameter>
<parameter name="old_string">    id: 'prompt-43',
    prompt: 'Coordinate with neighbors to establish a community disaster recovery support network and shared resource system',
    category: 'action',
    helpText: 'Building a neighborhood recovery network creates mutual support that can significantly accelerate everyone\'s recovery while reducing individual costs and isolation. Organize regular meetings with affected neighbors to coordinate contractor referrals, bulk purchasing of materials, shared equipment rentals, and childcare or eldercare support during repair work. This collaboration helps everyone access better pricing through group negotiations, share reliable contractor recommendations, and provide emotional support during the challenging recovery process.'
  }
];</parameter>
<parameter name="new_string">    id: 'prompt-43',
    prompt: 'Coordinate with neighbors to establish a community disaster recovery support network and shared resource system',
    category: 'action',
    helpText: 'Building a neighborhood recovery network creates mutual support that can significantly accelerate everyone\'s recovery while reducing individual costs and isolation. Organize regular meetings with affected neighbors to coordinate contractor referrals, bulk purchasing of materials, shared equipment rentals, and childcare or eldercare support during repair work. This collaboration helps everyone access better pricing through group negotiations, share reliable contractor recommendations, and provide emotional support during the challenging recovery process.'
  },
  {
    id: 'prompt-44',
    prompt: 'Create a comprehensive backup plan for all important documents, photos, and digital files to prevent future losses',
    category: 'action',
    helpText: 'Establishing secure document and data backup systems is crucial for protecting irreplaceable items and ensuring quick access to critical information during future emergencies. Scan all important documents (insurance policies, identification, financial records, medical records) to cloud storage, create physical copies stored in multiple secure locations, and establish automated backup systems for digital photos and files. This proactive step prevents the devastating loss of family memories and critical documents that often compounds disaster recovery challenges and ensures you can quickly prove ownership, identity, and financial status if future disasters strike.'
  }
];</parameter>
</invoke>
[0;32m2025-09-22 01:12:56 - Completed prompt #44[0m
[0;34m2025-09-22 01:13:01 - Generating prompt #45 (Section 3, Prompt 11/17)[0m
[1;33m2025-09-22 01:13:01 - Running prompt generation...[0m
PROMPT GENERATION COMPLETE - Prompt #45
[0;32m2025-09-22 01:13:37 - Completed prompt #45[0m
[0;34m2025-09-22 01:13:42 - Generating prompt #46 (Section 3, Prompt 12/17)[0m
[1;33m2025-09-22 01:13:42 - Running prompt generation...[0m
PROMPT GENERATION COMPLETE - Prompt #46
[0;32m2025-09-22 01:14:07 - Completed prompt #46[0m
[0;34m2025-09-22 01:14:12 - Generating prompt #47 (Section 3, Prompt 13/17)[0m
[1;33m2025-09-22 01:14:12 - Running prompt generation...[0m
PROMPT GENERATION COMPLETE - Prompt #47
[0;32m2025-09-22 01:14:36 - Completed prompt #47[0m
[0;34m2025-09-22 01:14:41 - Generating prompt #48 (Section 3, Prompt 14/17)[0m
[1;33m2025-09-22 01:14:41 - Running prompt generation...[0m
PROMPT GENERATION COMPLETE - Prompt #48
[0;32m2025-09-22 01:15:04 - Completed prompt #48[0m
[0;34m2025-09-22 01:15:09 - Generating prompt #49 (Section 3, Prompt 15/17)[0m
[1;33m2025-09-22 01:15:09 - Running prompt generation...[0m
PROMPT GENERATION COMPLETE - Prompt #49
[0;32m2025-09-22 01:15:32 - Completed prompt #49[0m
[0;34m2025-09-22 01:15:37 - Generating prompt #50 (Section 3, Prompt 16/17)[0m
[1;33m2025-09-22 01:15:37 - Running prompt generation...[0m
PROMPT GENERATION COMPLETE - Prompt #50
[0;32m2025-09-22 01:16:00 - Completed prompt #50[0m
[0;34m2025-09-22 01:16:05 - Generating prompt #51 (Section 3, Prompt 17/17)[0m
[1;33m2025-09-22 01:16:05 - Running prompt generation...[0m
PROMPT GENERATION COMPLETE - Prompt #51
[0;32m2025-09-22 01:16:28 - Completed prompt #51[0m
[0;34m2025-09-22 01:16:33 - Generating prompt #52 (Section 4, Prompt 1/17)[0m
[1;33m2025-09-22 01:16:33 - Running prompt generation...[0m
PROMPT GENERATION COMPLETE - Prompt #52
[0;32m2025-09-22 01:16:57 - Completed prompt #52[0m
[0;34m2025-09-22 01:17:02 - Generating prompt #53 (Section 4, Prompt 2/17)[0m
[1;33m2025-09-22 01:17:02 - Running prompt generation...[0m
PROMPT GENERATION COMPLETE - Prompt #53
[0;32m2025-09-22 01:17:25 - Completed prompt #53[0m
[0;34m2025-09-22 01:17:30 - Generating prompt #54 (Section 4, Prompt 3/17)[0m
[1;33m2025-09-22 01:17:30 - Running prompt generation...[0m
PROMPT GENERATION COMPLETE - Prompt #54
[0;32m2025-09-22 01:17:52 - Completed prompt #54[0m
[0;34m2025-09-22 01:17:57 - Generating prompt #55 (Section 4, Prompt 4/17)[0m
[1;33m2025-09-22 01:17:57 - Running prompt generation...[0m
PROMPT GENERATION COMPLETE - Prompt #55
[0;32m2025-09-22 01:18:26 - Completed prompt #55[0m
[0;34m2025-09-22 01:18:31 - Generating prompt #56 (Section 4, Prompt 5/17)[0m
[1;33m2025-09-22 01:18:31 - Running prompt generation...[0m
PROMPT GENERATION COMPLETE - Prompt #56
[0;32m2025-09-22 01:18:55 - Completed prompt #56[0m
[0;34m2025-09-22 01:19:00 - Generating prompt #57 (Section 4, Prompt 6/17)[0m
[1;33m2025-09-22 01:19:00 - Running prompt generation...[0m
PROMPT GENERATION COMPLETE - Prompt #57
[0;32m2025-09-22 01:19:22 - Completed prompt #57[0m
[0;34m2025-09-22 01:19:27 - Generating prompt #58 (Section 4, Prompt 7/17)[0m
[1;33m2025-09-22 01:19:27 - Running prompt generation...[0m
PROMPT GENERATION COMPLETE - Prompt #58
[0;32m2025-09-22 01:19:52 - Completed prompt #58[0m
[0;34m2025-09-22 01:19:57 - Generating prompt #59 (Section 4, Prompt 8/17)[0m
[1;33m2025-09-22 01:19:57 - Running prompt generation...[0m
PROMPT GENERATION COMPLETE - Prompt #59
[0;32m2025-09-22 01:20:21 - Completed prompt #59[0m
[0;34m2025-09-22 01:20:26 - Generating prompt #60 (Section 4, Prompt 9/17)[0m
[1;33m2025-09-22 01:20:26 - Running prompt generation...[0m
PROMPT GENERATION COMPLETE - Prompt #60
[0;32m2025-09-22 01:20:51 - Completed prompt #60[0m
[0;34m2025-09-22 01:20:56 - Generating prompt #61 (Section 4, Prompt 10/17)[0m
[1;33m2025-09-22 01:20:56 - Running prompt generation...[0m
PROMPT GENERATION COMPLETE - Prompt #61
[0;32m2025-09-22 01:21:19 - Completed prompt #61[0m
[0;34m2025-09-22 01:21:24 - Generating prompt #62 (Section 4, Prompt 11/17)[0m
[1;33m2025-09-22 01:21:24 - Running prompt generation...[0m
PROMPT GENERATION COMPLETE - Prompt #62
[0;32m2025-09-22 01:21:47 - Completed prompt #62[0m
[0;34m2025-09-22 01:21:52 - Generating prompt #63 (Section 4, Prompt 12/17)[0m
[1;33m2025-09-22 01:21:52 - Running prompt generation...[0m
PROMPT GENERATION COMPLETE - Prompt #63
[0;32m2025-09-22 01:22:14 - Completed prompt #63[0m
[0;34m2025-09-22 01:22:19 - Generating prompt #64 (Section 4, Prompt 13/17)[0m
[1;33m2025-09-22 01:22:19 - Running prompt generation...[0m
PROMPT GENERATION COMPLETE - Prompt #64
[0;32m2025-09-22 01:22:42 - Completed prompt #64[0m
[0;34m2025-09-22 01:22:47 - Generating prompt #65 (Section 4, Prompt 14/17)[0m
[1;33m2025-09-22 01:22:47 - Running prompt generation...[0m
PROMPT GENERATION COMPLETE - Prompt #65
[0;32m2025-09-22 01:23:11 - Completed prompt #65[0m
[0;34m2025-09-22 01:23:16 - Generating prompt #66 (Section 4, Prompt 15/17)[0m
[1;33m2025-09-22 01:23:16 - Running prompt generation...[0m
PROMPT GENERATION COMPLETE - Prompt #66
[0;32m2025-09-22 01:23:40 - Completed prompt #66[0m
[0;34m2025-09-22 01:23:45 - Generating prompt #67 (Section 4, Prompt 16/17)[0m
[1;33m2025-09-22 01:23:45 - Running prompt generation...[0m
PROMPT GENERATION COMPLETE - Prompt #67
[0;32m2025-09-22 01:24:09 - Completed prompt #67[0m
[0;34m2025-09-22 01:24:14 - Generating prompt #68 (Section 4, Prompt 17/17)[0m
[1;33m2025-09-22 01:24:14 - Running prompt generation...[0m
PROMPT GENERATION COMPLETE - Prompt #68
[0;32m2025-09-22 01:24:38 - Completed prompt #68[0m
[0;34m2025-09-22 01:24:43 - Generating prompt #69 (Section 5, Prompt 1/17)[0m
[1;33m2025-09-22 01:24:43 - Running prompt generation...[0m
PROMPT GENERATION COMPLETE - Prompt #69
[0;32m2025-09-22 01:25:06 - Completed prompt #69[0m
[0;34m2025-09-22 01:25:11 - Generating prompt #70 (Section 5, Prompt 2/17)[0m
[1;33m2025-09-22 01:25:11 - Running prompt generation...[0m
PROMPT GENERATION COMPLETE - Prompt #70
[0;32m2025-09-22 01:25:35 - Completed prompt #70[0m
[0;34m2025-09-22 01:25:40 - Generating prompt #71 (Section 5, Prompt 3/17)[0m
[1;33m2025-09-22 01:25:40 - Running prompt generation...[0m
PROMPT GENERATION COMPLETE - Prompt #71
[0;32m2025-09-22 01:26:10 - Completed prompt #71[0m
[0;34m2025-09-22 01:26:15 - Generating prompt #72 (Section 5, Prompt 4/17)[0m
[1;33m2025-09-22 01:26:15 - Running prompt generation...[0m
PROMPT GENERATION COMPLETE - Prompt #72
[0;32m2025-09-22 01:26:41 - Completed prompt #72[0m
[0;34m2025-09-22 01:26:46 - Generating prompt #73 (Section 5, Prompt 5/17)[0m
[1;33m2025-09-22 01:26:46 - Running prompt generation...[0m
PROMPT GENERATION COMPLETE - Prompt #73
[0;32m2025-09-22 01:27:08 - Completed prompt #73[0m
[0;34m2025-09-22 01:27:13 - Generating prompt #74 (Section 5, Prompt 6/17)[0m
[1;33m2025-09-22 01:27:13 - Running prompt generation...[0m
PROMPT GENERATION COMPLETE - Prompt #74
[0;32m2025-09-22 01:27:38 - Completed prompt #74[0m
[0;34m2025-09-22 01:27:43 - Generating prompt #75 (Section 5, Prompt 7/17)[0m
[1;33m2025-09-22 01:27:43 - Running prompt generation...[0m
PROMPT GENERATION COMPLETE - Prompt #75
[0;32m2025-09-22 01:28:08 - Completed prompt #75[0m
[0;34m2025-09-22 01:28:13 - Generating prompt #76 (Section 5, Prompt 8/17)[0m
[1;33m2025-09-22 01:28:13 - Running prompt generation...[0m
PROMPT GENERATION COMPLETE - Prompt #76
[0;32m2025-09-22 01:28:37 - Completed prompt #76[0m
[0;34m2025-09-22 01:28:42 - Generating prompt #77 (Section 5, Prompt 9/17)[0m
[1;33m2025-09-22 01:28:42 - Running prompt generation...[0m
PROMPT GENERATION COMPLETE - Prompt #77
[0;32m2025-09-22 01:29:16 - Completed prompt #77[0m
[0;34m2025-09-22 01:29:21 - Generating prompt #78 (Section 5, Prompt 10/17)[0m
[1;33m2025-09-22 01:29:21 - Running prompt generation...[0m
PROMPT GENERATION COMPLETE - Prompt #78
[0;32m2025-09-22 01:29:44 - Completed prompt #78[0m
[0;34m2025-09-22 01:29:49 - Generating prompt #79 (Section 5, Prompt 11/17)[0m
[1;33m2025-09-22 01:29:49 - Running prompt generation...[0m
PROMPT GENERATION COMPLETE - Prompt #79
[0;32m2025-09-22 01:30:12 - Completed prompt #79[0m
[0;34m2025-09-22 01:30:17 - Generating prompt #80 (Section 5, Prompt 12/17)[0m
[1;33m2025-09-22 01:30:17 - Running prompt generation...[0m
PROMPT GENERATION COMPLETE - Prompt #80
[0;32m2025-09-22 01:30:40 - Completed prompt #80[0m
[0;34m2025-09-22 01:30:45 - Generating prompt #81 (Section 5, Prompt 13/17)[0m
[1;33m2025-09-22 01:30:45 - Running prompt generation...[0m
PROMPT GENERATION COMPLETE - Prompt #81
[0;32m2025-09-22 01:31:13 - Completed prompt #81[0m
[0;34m2025-09-22 01:31:18 - Generating prompt #82 (Section 5, Prompt 14/17)[0m
[1;33m2025-09-22 01:31:18 - Running prompt generation...[0m
PROMPT GENERATION COMPLETE - Prompt #82
[0;32m2025-09-22 01:31:43 - Completed prompt #82[0m
[0;34m2025-09-22 01:31:48 - Generating prompt #83 (Section 5, Prompt 15/17)[0m
[1;33m2025-09-22 01:31:48 - Running prompt generation...[0m
PROMPT GENERATION COMPLETE - Prompt #83
[0;32m2025-09-22 01:32:12 - Completed prompt #83[0m
[0;34m2025-09-22 01:32:17 - Generating prompt #84 (Section 5, Prompt 16/17)[0m
[1;33m2025-09-22 01:32:17 - Running prompt generation...[0m
PROMPT GENERATION COMPLETE - Prompt #84
[0;32m2025-09-22 01:32:41 - Completed prompt #84[0m
[0;34m2025-09-22 01:32:46 - Generating prompt #85 (Section 5, Prompt 17/17)[0m
[1;33m2025-09-22 01:32:46 - Running prompt generation...[0m
PROMPT GENERATION COMPLETE - Prompt #85
[0;32m2025-09-22 01:33:21 - Completed prompt #85[0m
[0;34m2025-09-22 01:33:26 - Generating prompt #86 (Section 6, Prompt 1/17)[0m
[1;33m2025-09-22 01:33:26 - Running prompt generation...[0m
PROMPT GENERATION COMPLETE - Prompt #86
[0;32m2025-09-22 01:33:52 - Completed prompt #86[0m
[0;34m2025-09-22 01:33:57 - Generating prompt #87 (Section 6, Prompt 2/17)[0m
[1;33m2025-09-22 01:33:57 - Running prompt generation...[0m
PROMPT GENERATION COMPLETE - Prompt #87
[0;32m2025-09-22 01:34:21 - Completed prompt #87[0m
[0;34m2025-09-22 01:34:26 - Generating prompt #88 (Section 6, Prompt 3/17)[0m
[1;33m2025-09-22 01:34:26 - Running prompt generation...[0m
PROMPT GENERATION COMPLETE - Prompt #88
[0;32m2025-09-22 01:34:53 - Completed prompt #88[0m
[0;34m2025-09-22 01:34:58 - Generating prompt #89 (Section 6, Prompt 4/17)[0m
[1;33m2025-09-22 01:34:58 - Running prompt generation...[0m
PROMPT GENERATION COMPLETE - Prompt #89
[0;32m2025-09-22 01:35:22 - Completed prompt #89[0m
[0;34m2025-09-22 01:35:27 - Generating prompt #90 (Section 6, Prompt 5/17)[0m
[1;33m2025-09-22 01:35:27 - Running prompt generation...[0m
PROMPT GENERATION COMPLETE - Prompt #90
[0;32m2025-09-22 01:35:55 - Completed prompt #90[0m
[0;34m2025-09-22 01:36:00 - Generating prompt #91 (Section 6, Prompt 6/17)[0m
[1;33m2025-09-22 01:36:00 - Running prompt generation...[0m
PROMPT GENERATION COMPLETE - Prompt #91
[0;32m2025-09-22 01:36:21 - Completed prompt #91[0m
[0;34m2025-09-22 01:36:26 - Generating prompt #92 (Section 6, Prompt 7/17)[0m
[1;33m2025-09-22 01:36:26 - Running prompt generation...[0m
PROMPT GENERATION COMPLETE - Prompt #92
[0;32m2025-09-22 01:36:57 - Completed prompt #92[0m
[0;34m2025-09-22 01:37:02 - Generating prompt #93 (Section 6, Prompt 8/17)[0m
[1;33m2025-09-22 01:37:02 - Running prompt generation...[0m
PROMPT GENERATION COMPLETE - Prompt #93
[0;32m2025-09-22 01:37:25 - Completed prompt #93[0m
[0;34m2025-09-22 01:37:30 - Generating prompt #94 (Section 6, Prompt 9/17)[0m
[1;33m2025-09-22 01:37:30 - Running prompt generation...[0m
PROMPT GENERATION COMPLETE - Prompt #94
[0;32m2025-09-22 01:37:50 - Completed prompt #94[0m
[0;34m2025-09-22 01:37:56 - Generating prompt #95 (Section 6, Prompt 10/17)[0m
[1;33m2025-09-22 01:37:56 - Running prompt generation...[0m
PROMPT GENERATION COMPLETE - Prompt #95
[0;32m2025-09-22 01:38:18 - Completed prompt #95[0m
[0;34m2025-09-22 01:38:23 - Generating prompt #96 (Section 6, Prompt 11/17)[0m
[1;33m2025-09-22 01:38:23 - Running prompt generation...[0m
PROMPT GENERATION COMPLETE - Prompt #96
[0;32m2025-09-22 01:38:48 - Completed prompt #96[0m
[0;34m2025-09-22 01:38:53 - Generating prompt #97 (Section 6, Prompt 12/17)[0m
[1;33m2025-09-22 01:38:53 - Running prompt generation...[0m
PROMPT GENERATION COMPLETE - Prompt #97
[0;32m2025-09-22 01:39:17 - Completed prompt #97[0m
[0;34m2025-09-22 01:39:22 - Generating prompt #98 (Section 6, Prompt 13/17)[0m
[1;33m2025-09-22 01:39:22 - Running prompt generation...[0m
PROMPT GENERATION COMPLETE - Prompt #98
[0;32m2025-09-22 01:39:49 - Completed prompt #98[0m
[0;34m2025-09-22 01:39:54 - Generating prompt #99 (Section 6, Prompt 14/17)[0m
[1;33m2025-09-22 01:39:54 - Running prompt generation...[0m
PROMPT GENERATION COMPLETE - Prompt #99
[0;32m2025-09-22 01:40:17 - Completed prompt #99[0m
[0;34m2025-09-22 01:40:22 - Generating prompt #100 (Section 6, Prompt 15/17)[0m
[1;33m2025-09-22 01:40:22 - Running prompt generation...[0m
PROMPT GENERATION COMPLETE - Prompt #100
[0;32m2025-09-22 01:40:45 - Completed prompt #100[0m
[0;34m2025-09-22 01:40:50 - Generating prompt #101 (Section 6, Prompt 16/17)[0m
[1;33m2025-09-22 01:40:50 - Running prompt generation...[0m
PROMPT GENERATION COMPLETE - Prompt #101
[0;32m2025-09-22 01:41:14 - Completed prompt #101[0m
[0;34m2025-09-22 01:41:19 - Generating prompt #102 (Section 6, Prompt 17/17)[0m
[1;33m2025-09-22 01:41:19 - Running prompt generation...[0m
PROMPT GENERATION COMPLETE - Prompt #102
[0;32m2025-09-22 01:41:43 - Completed prompt #102[0m
