Fetching all articles in batches...

Fetched 1000 articles so far...
Fetched 2000 articles so far...
Fetched 3000 articles so far...
Fetched 4000 articles so far...
Fetched 5000 articles so far...
Fetched 6000 articles so far...
Fetched 7000 articles so far...
Fetched 8000 articles so far...
Fetched 9000 articles so far...
Fetched 10000 articles so far...
Fetched 11000 articles so far...
Fetched 12000 articles so far...
Fetched 13000 articles so far...
Fetched 14000 articles so far...
Fetched 15000 articles so far...
Fetched 16000 articles so far...
Fetched 17000 articles so far...
Fetched 18000 articles so far...
Fetched 19000 articles so far...
Fetched 20000 articles so far...
Fetched 21000 articles so far...
Fetched 22000 articles so far...
Fetched 23000 articles so far...
Fetched 24000 articles so far...
Fetched 25000 articles so far...
Fetched 26000 articles so far...
Fetched 26282 articles so far...

Total articles fetched: 26282

Found 346 duplicate title groups


=== SUMMARY ===
Total articles to delete: 346

Deleting duplicate articles in batches...
Deleted 100/346 articles...
Deleted 200/346 articles...
Deleted 300/346 articles...
Deleted 346/346 articles...

✓ Successfully deleted 346 duplicate articles!
Articles remaining: 25936
