Fetching all articles...
Total articles: 1000

Found 9 duplicate title groups


Processing: "5 Workflow Automation Mistakes That Are Secretly Sabotaging Your Productivity (And How to Fix Them Today)"
Found 2 duplicates
  KEEPING: ID=article-5-workflow-automation-mistakes-that-are-secretly-sabotaging-your-productivity-and-how-to-fix-them-today, Slug=5-workflow-automation-mistakes-that-are-secretly-sabotaging-your-productivity-and-how-to-fix-them-today (length: 103)
  DELETING: ID=article-5-workflow-automation-mistakes-that-are-secretly-sabotaging-your-productivity-and-how-to-fix-them-to, Slug=5-workflow-automation-mistakes-that-are-secretly-sabotaging-your-productivity-and-how-to-fix-them-to (length: 100)

Processing: "Accommodation Partnerships: How to Build Strong Collaborative Relationships with Supervisors and Colleagues"
Found 2 duplicates
  KEEPING: ID=article-accommodation-partnerships-how-to-build-strong-collaborative-relationships-with-supervisors-and-colleagues, Slug=accommodation-partnerships-how-to-build-strong-collaborative-relationships-with-supervisors-and-colleagues (length: 106)
  DELETING: ID=article-accommodation-partnerships-how-to-build-strong-collaborative-relationships-with-supervisors-and-coll, Slug=accommodation-partnerships-how-to-build-strong-collaborative-relationships-with-supervisors-and-coll (length: 100)

Processing: "Adaptive Cooking and Kitchen Independence: Your Complete Guide to Creating a Fully Accessible Culinary Space as a Wheelchair User"
Found 2 duplicates
  KEEPING: ID=article-adaptive-cooking-and-kitchen-independence-your-complete-guide-to-creating-a-fully-accessible-culinary-space-as-a-wheelchair-user, Slug=adaptive-cooking-and-kitchen-independence-your-complete-guide-to-creating-a-fully-accessible-culinary-space-as-a-wheelchair-user (length: 128)
  DELETING: ID=article-adaptive-cooking-and-kitchen-independence-your-complete-guide-to-creating-a-fully-accessible-culinar, Slug=adaptive-cooking-and-kitchen-independence-your-complete-guide-to-creating-a-fully-accessible-culinar (length: 100)

Processing: "Beyond the Workplace: How to Maintain Your Accommodations During Business Travel, Remote Work, and Off-Site Events"
Found 2 duplicates
  KEEPING: ID=article-beyond-the-workplace-how-to-maintain-your-accommodations-during-business-travel-remote-work-and-off-site-events, Slug=beyond-the-workplace-how-to-maintain-your-accommodations-during-business-travel-remote-work-and-off-site-events (length: 111)
  DELETING: ID=article-beyond-the-workplace-how-to-maintain-your-accommodations-during-business-travel-remote-work-and-off-, Slug=beyond-the-workplace-how-to-maintain-your-accommodations-during-business-travel-remote-work-and-off- (length: 100)

Processing: "Building a Professional Portfolio and Personal Brand for Zookeepers: Showcasing Your Impact in Animal Care and Conservation"
Found 2 duplicates
  KEEPING: ID=article-building-a-professional-portfolio-and-personal-brand-for-zookeepers-showcasing-your-impact-in-animal-care-and-conservation, Slug=building-a-professional-portfolio-and-personal-brand-for-zookeepers-showcasing-your-impact-in-animal-care-and-conservation (length: 122)
  DELETING: ID=article-building-a-professional-portfolio-and-personal-brand-for-zookeepers-showcasing-your-impact-in-animal, Slug=building-a-professional-portfolio-and-personal-brand-for-zookeepers-showcasing-your-impact-in-animal (length: 100)

Processing: "Building Confidence Through Practice: Mock Testimony Sessions and Rehearsal Techniques for Effective Witness Preparation"
Found 2 duplicates
  KEEPING: ID=article-building-confidence-through-practice-mock-testimony-sessions-and-rehearsal-techniques-for-effective-witness-preparation, Slug=building-confidence-through-practice-mock-testimony-sessions-and-rehearsal-techniques-for-effective-witness-preparation (length: 119)
  DELETING: ID=article-building-confidence-through-practice-mock-testimony-sessions-and-rehearsal-techniques-for-effective-, Slug=building-confidence-through-practice-mock-testimony-sessions-and-rehearsal-techniques-for-effective- (length: 100)

Processing: "Building Mental Resilience as an X-Ray Technician: Strategies for Thriving in a High-Stress Medical Environment"
Found 2 duplicates
  KEEPING: ID=article-building-mental-resilience-as-an-x-ray-technician-strategies-for-thriving-in-a-high-stress-medical-environment, Slug=building-mental-resilience-as-an-x-ray-technician-strategies-for-thriving-in-a-high-stress-medical-environment (length: 110)
  DELETING: ID=article-building-mental-resilience-as-an-x-ray-technician-strategies-for-thriving-in-a-high-stress-medical-e, Slug=building-mental-resilience-as-an-x-ray-technician-strategies-for-thriving-in-a-high-stress-medical-e (length: 100)

Processing: "Building Mental Resilience for Job Rejection: A Practical Guide to Maintaining Motivation Throughout Your Workforce Reentry Journey"
Found 2 duplicates
  KEEPING: ID=article-building-mental-resilience-for-job-rejection-a-practical-guide-to-maintaining-motivation-throughout-your-workforce-reentry-journey, Slug=building-mental-resilience-for-job-rejection-a-practical-guide-to-maintaining-motivation-throughout-your-workforce-reentry-journey (length: 130)
  DELETING: ID=article-building-mental-resilience-for-job-rejection-a-practical-guide-to-maintaining-motivation-throughout-, Slug=building-mental-resilience-for-job-rejection-a-practical-guide-to-maintaining-motivation-throughout- (length: 100)

Processing: "Building Professional Confidence After a Career Break: A Step-by-Step Guide to Overcoming Imposter Syndrome"
Found 2 duplicates
  KEEPING: ID=article-building-professional-confidence-after-a-career-break-a-step-by-step-guide-to-overcoming-imposter-syndrome, Slug=building-professional-confidence-after-a-career-break-a-step-by-step-guide-to-overcoming-imposter-syndrome (length: 106)
  DELETING: ID=article-building-professional-confidence-after-a-career-break-a-step-by-step-guide-to-overcoming-imposter-sy, Slug=building-professional-confidence-after-a-career-break-a-step-by-step-guide-to-overcoming-imposter-sy (length: 100)


=== SUMMARY ===
Total articles to delete: 9

Deleting duplicate articles...
✓ Successfully deleted 9 duplicate articles!

Articles deleted:
  - article-5-workflow-automation-mistakes-that-are-secretly-sabotaging-your-productivity-and-how-to-fix-them-to
  - article-accommodation-partnerships-how-to-build-strong-collaborative-relationships-with-supervisors-and-coll
  - article-adaptive-cooking-and-kitchen-independence-your-complete-guide-to-creating-a-fully-accessible-culinar
  - article-beyond-the-workplace-how-to-maintain-your-accommodations-during-business-travel-remote-work-and-off-
  - article-building-a-professional-portfolio-and-personal-brand-for-zookeepers-showcasing-your-impact-in-animal
  - article-building-confidence-through-practice-mock-testimony-sessions-and-rehearsal-techniques-for-effective-
  - article-building-mental-resilience-as-an-x-ray-technician-strategies-for-thriving-in-a-high-stress-medical-e
  - article-building-mental-resilience-for-job-rejection-a-practical-guide-to-maintaining-motivation-throughout-
  - article-building-professional-confidence-after-a-career-break-a-step-by-step-guide-to-overcoming-imposter-sy
