[0;34m2025-09-23 20:27:48 - Starting template file consolidation[0m
[0;34m2025-09-23 20:27:48 - Found      177 worktrees to process[0m
[0;32m2025-09-23 20:27:48 - Copied: template-3d-printing.ts[0m
[0;32m2025-09-23 20:27:48 - Copied: template-academic-struggles.ts[0m
[0;32m2025-09-23 20:27:48 - Copied: template-addiction-family-support.ts[0m
[0;32m2025-09-23 20:27:48 - Copied: template-addiction-recovery.ts[0m
[0;32m2025-09-23 20:27:48 - Copied: template-affiliate-marketing.ts[0m
[0;32m2025-09-23 20:27:48 - Copied: template-aging-parent-care.ts[0m
[0;32m2025-09-23 20:27:48 - Copied: template-antique-collecting.ts[0m
[0;32m2025-09-23 20:27:48 - Copied: template-apartment-hunting.ts[0m
[0;32m2025-09-23 20:27:48 - Copied: template-app-development.ts[0m
[0;32m2025-09-23 20:27:48 - Copied: template-arduino-programming.ts[0m
[0;32m2025-09-23 20:27:48 - Copied: template-art-collecting.ts[0m
[0;32m2025-09-23 20:27:48 - Copied: template-art-portfolio.ts[0m
[0;32m2025-09-23 20:27:48 - Copied: template-astronomy-hobby.ts[0m
[0;32m2025-09-23 20:27:48 - Copied: template-baby-planning.ts[0m
[0;32m2025-09-23 20:27:48 - Copied: template-bankruptcy-recovery.ts[0m
[0;32m2025-09-23 20:27:48 - Copied: template-birdwatching.ts[0m
[0;32m2025-09-23 20:27:48 - Copied: template-blended-family.ts[0m
[0;32m2025-09-23 20:27:48 - Copied: template-blended-family-creation.ts[0m
[0;32m2025-09-23 20:27:48 - Copied: template-boat-maintenance.ts[0m
[0;32m2025-09-23 20:27:48 - Copied: template-book-club.ts[0m
[0;32m2025-09-23 20:27:48 - Copied: template-book-collecting.ts[0m
[0;32m2025-09-23 20:27:48 - Copied: template-book-writing.ts[0m
[0;32m2025-09-23 20:27:48 - Copied: template-business-launch.ts[0m
[0;32m2025-09-23 20:27:48 - Copied: template-business-succession.ts[0m
[0;32m2025-09-23 20:27:48 - Copied: template-camping-trips.ts[0m
[0;32m2025-09-23 20:27:48 - Copied: template-car-buying.ts[0m
[0;32m2025-09-23 20:27:48 - Copied: template-car-maintenance.ts[0m
[0;32m2025-09-23 20:27:48 - Copied: template-career-plateau.ts[0m
[0;32m2025-09-23 20:27:48 - Copied: template-caring-for-aging-parents.ts[0m
[0;32m2025-09-23 20:27:48 - Copied: template-chronic-illness.ts[0m
[0;32m2025-09-23 20:27:48 - Copied: template-climate-action.ts[0m
[0;32m2025-09-23 20:27:48 - Copied: template-coaching-business.ts[0m
[0;32m2025-09-23 20:27:48 - Copied: template-college-selection.ts[0m
[0;32m2025-09-23 20:27:48 - Copied: template-college-to-career-transition.ts[0m
[0;32m2025-09-23 20:27:48 - Copied: template-coming-out.ts[0m
[0;32m2025-09-23 20:27:48 - Copied: template-consulting-business.ts[0m
[0;32m2025-09-23 20:27:48 - Copied: template-content-creation.ts[0m
[0;32m2025-09-23 20:27:48 - Copied: template-content-creation-business.ts[0m
[0;32m2025-09-23 20:27:48 - Copied: template-cooking-mastery.ts[0m
[0;32m2025-09-23 20:27:48 - Copied: template-creative-freelancing.ts[0m
[0;32m2025-09-23 20:27:48 - Copied: template-creative-writing.ts[0m
[0;32m2025-09-23 20:27:48 - Copied: template-crypto-portfolio.ts[0m
[0;32m2025-09-23 20:27:48 - Copied: template-dance-training.ts[0m
[0;32m2025-09-23 20:27:48 - Copied: template-death-of-spouse.ts[0m
[0;32m2025-09-23 20:27:49 - Copied: template-debt-payoff.ts[0m
[0;32m2025-09-23 20:27:49 - Copied: template-digital-detox.ts[0m
[0;32m2025-09-23 20:27:49 - Copied: template-digital-nomad-planning.ts[0m
[0;32m2025-09-23 20:27:49 - Copied: template-disability-accommodation.ts[0m
[0;32m2025-09-23 20:27:49 - Copied: template-divorce-coordination.ts[0m
[0;32m2025-09-23 20:27:49 - Copied: template-divorce-process.ts[0m
[0;32m2025-09-23 20:27:49 - Copied: template-downsizing-decisions.ts[0m
[0;32m2025-09-23 20:27:49 - Copied: template-dropshipping.ts[0m
[0;32m2025-09-23 20:27:49 - Copied: template-e-commerce-store.ts[0m
[0;32m2025-09-23 20:27:49 - Copied: template-early-career-advancement.ts[0m
[0;32m2025-09-23 20:27:49 - Copied: template-elder-care.ts[0m
[0;32m2025-09-23 20:27:49 - Copied: template-empty-nest.ts[0m
[0;32m2025-09-23 20:27:49 - Copied: template-empty-nest-syndrome.ts[0m
[0;32m2025-09-23 20:27:49 - Copied: template-end-of-life-planning.ts[0m
[0;32m2025-09-23 20:27:49 - Copied: template-estate-planning.ts[0m
[0;32m2025-09-23 20:27:49 - Copied: template-event-planning.ts[0m
[0;32m2025-09-23 20:27:49 - Copied: template-executive-leadership-transition.ts[0m
[0;32m2025-09-23 20:27:49 - Copied: template-family-crisis-management.ts[0m
[0;32m2025-09-23 20:27:49 - Copied: template-family-estrangement.ts[0m
[0;32m2025-09-23 20:27:49 - Copied: template-family-therapy.ts[0m
[0;32m2025-09-23 20:27:49 - Copied: template-fashion-design.ts[0m
[0;32m2025-09-23 20:27:49 - Copied: template-financial-independence.ts[0m
[0;32m2025-09-23 20:27:49 - Copied: template-financial-independence-college.ts[0m
[0;32m2025-09-23 20:27:49 - Copied: template-financial-recovery.ts[0m
[0;32m2025-09-23 20:27:49 - Copied: template-first-job-transition.ts[0m
[0;32m2025-09-23 20:27:49 - Copied: template-first-management-role.ts[0m
[0;32m2025-09-23 20:27:49 - Copied: template-first-serious-relationship.ts[0m
[0;32m2025-09-23 20:27:49 - Copied: template-first-time-parent.ts[0m
[0;32m2025-09-23 20:27:49 - Copied: template-fitness-journey.ts[0m
[0;32m2025-09-23 20:27:49 - Copied: template-fixed-income-management.ts[0m
[0;32m2025-09-23 20:27:49 - Copied: template-fraternity-sorority-decisions.ts[0m
[0;32m2025-09-23 20:27:49 - Copied: template-freelance-business.ts[0m
[0;32m2025-09-23 20:27:49 - Copied: template-garden-planning.ts[0m
[0;32m2025-09-23 20:27:49 - Copied: template-geographic-relocation.ts[0m
[0;32m2025-09-23 20:27:49 - Copied: template-graduate-school-decisions.ts[0m
[0;32m2025-09-23 20:27:49 - Copied: template-grandparent-role.ts[0m
[0;32m2025-09-23 20:27:49 - Copied: template-grief-loss.ts[0m
[0;32m2025-09-23 20:27:49 - Copied: template-habit-tracking.ts[0m
[0;32m2025-09-23 20:27:49 - Copied: template-health-crisis-management.ts[0m
[0;32m2025-09-23 20:27:49 - Copied: template-health-decline-navigation.ts[0m
[0;32m2025-09-23 20:27:49 - Copied: template-hobby-photography.ts[0m
[0;32m2025-09-23 20:27:49 - Copied: template-hobby-project.ts[0m
[0;32m2025-09-23 20:27:49 - Copied: template-home-automation.ts[0m
[0;32m2025-09-23 20:27:49 - Copied: template-home-buying.ts[0m
[0;32m2025-09-23 20:27:49 - Copied: template-home-renovation.ts[0m
[0;32m2025-09-23 20:27:49 - Copied: template-identity-theft.ts[0m
[0;32m2025-09-23 20:27:49 - Copied: template-identity-theft-recovery.ts[0m
[0;32m2025-09-23 20:27:49 - Copied: template-immigration-journey.ts[0m
[0;32m2025-09-23 20:27:49 - Copied: template-insurance-optimization.ts[0m
[0;32m2025-09-23 20:27:49 - Copied: template-interior-design.ts[0m
[0;32m2025-09-23 20:27:49 - Copied: template-internship-competition.ts[0m
[0;32m2025-09-23 20:27:49 - Copied: template-investing-finance.ts[0m
[0;32m2025-09-23 20:27:49 - Copied: template-investment-portfolio.ts[0m
[0;32m2025-09-23 20:27:49 - Copied: template-investment-property.ts[0m
[0;32m2025-09-23 20:27:49 - Copied: template-job-loss-navigation.ts[0m
[0;32m2025-09-23 20:27:49 - Copied: template-job-loss-recovery.ts[0m
[0;32m2025-09-23 20:27:49 - Copied: template-job-search.ts[0m
[0;32m2025-09-23 20:27:49 - Copied: template-job-transition.ts[0m
[0;32m2025-09-23 20:27:49 - Copied: template-language-learning.ts[0m
[0;32m2025-09-23 20:27:49 - Copied: template-legal-issue-management.ts[0m
[0;32m2025-09-23 20:27:49 - Copied: template-long-distance-relationship.ts[0m
[0;32m2025-09-23 20:27:49 - Copied: template-marathon-training.ts[0m
[0;32m2025-09-23 20:27:49 - Copied: template-marriage-maintenance.ts[0m
[0;32m2025-09-23 20:27:49 - Copied: template-meal-planning.ts[0m
[0;32m2025-09-23 20:27:49 - Copied: template-medical-treatment.ts[0m
[0;32m2025-09-23 20:27:49 - Copied: template-meditation-journey.ts[0m
[0;32m2025-09-23 20:27:49 - Copied: template-mental-health.ts[0m
[0;32m2025-09-23 20:27:49 - Copied: template-mental-health-college.ts[0m
[0;32m2025-09-23 20:27:49 - Copied: template-mental-health-support.ts[0m
[0;32m2025-09-23 20:27:49 - Copied: template-midlife-crisis.ts[0m
[0;32m2025-09-23 20:27:49 - Copied: template-midlife-health-changes.ts[0m
[0;32m2025-09-23 20:27:49 - Copied: template-military-veteran-transition.ts[0m
[0;32m2025-09-23 20:27:49 - Copied: template-mindfulness-meditation.ts[0m
[0;32m2025-09-23 20:27:49 - Copied: template-mobile-app-startup.ts[0m
[0;32m2025-09-23 20:27:49 - Copied: template-mortgage-management.ts[0m
[0;32m2025-09-23 20:27:49 - Copied: template-moving-relocation.ts[0m
[0;32m2025-09-23 20:27:49 - Copied: template-music-learning.ts[0m
[0;32m2025-09-23 20:27:49 - Copied: template-music-production.ts[0m
[0;32m2025-09-23 20:27:49 - Copied: template-natural-disaster-recovery.ts[0m
[0;32m2025-09-23 20:27:49 - Copied: template-nonprofit-management.ts[0m
[0;32m2025-09-23 20:27:49 - Copied: template-nonprofit-startup.ts[0m
[0;32m2025-09-23 20:27:49 - Copied: template-online-business-launch.ts[0m
[0;32m2025-09-23 20:27:49 - Copied: template-online-course.ts[0m
[0;32m2025-09-23 20:27:49 - Copied: template-parenting-guidance.ts[0m
[0;32m2025-09-23 20:27:49 - Copied: template-peak-earning-optimization.ts[0m
[0;32m2025-09-23 20:27:49 - Copied: template-personal-branding.ts[0m
[0;32m2025-09-23 20:27:49 - Copied: template-personal-finance.ts[0m
[0;32m2025-09-23 20:27:49 - Copied: template-personal-finance-mastery.ts[0m
[0;32m2025-09-23 20:27:49 - Copied: template-personal-training.ts[0m
[0;32m2025-09-23 20:27:49 - Copied: template-pet-care.ts[0m
[0;32m2025-09-23 20:27:49 - Copied: template-photography-business.ts[0m
[0;32m2025-09-23 20:27:49 - Copied: template-podcast-creation.ts[0m
[0;32m2025-09-23 20:27:49 - Copied: template-professional-networking.ts[0m
[0;32m2025-09-23 20:27:49 - Copied: template-public-speaking.ts[0m
[0;32m2025-09-23 20:27:49 - Copied: template-quarter-life-crisis.ts[0m
[0;32m2025-09-23 20:27:49 - Copied: template-reading-challenge.ts[0m
[0;32m2025-09-23 20:27:49 - Copied: template-real-estate-investing.ts[0m
[0;32m2025-09-23 20:27:49 - Copied: template-relationship-breakup.ts[0m
[0;32m2025-09-23 20:27:49 - Copied: template-relationship-coaching.ts[0m
[0;32m2025-09-23 20:27:49 - Copied: template-relationship-therapy.ts[0m
[0;32m2025-09-23 20:27:49 - Copied: template-rental-management.ts[0m
[0;32m2025-09-23 20:27:49 - Copied: template-restaurant-opening.ts[0m
[0;32m2025-09-23 20:27:49 - Copied: template-retirement-lifestyle.ts[0m
[0;32m2025-09-23 20:27:49 - Copied: template-retirement-transition.ts[0m
[0;32m2025-09-23 20:27:49 - Copied: template-roommate-navigation.ts[0m
[0;32m2025-09-23 20:27:49 - Copied: template-saas-startup.ts[0m
[0;32m2025-09-23 20:27:49 - Copied: template-sandwich-generation.ts[0m
[0;32m2025-09-23 20:27:49 - Copied: template-side-hustle-development.ts[0m
[0;32m2025-09-23 20:27:49 - Copied: template-skill-development.ts[0m
[0;32m2025-09-23 20:27:49 - Copied: template-small-business.ts[0m
[0;32m2025-09-23 20:27:49 - Copied: template-small-business-launch.ts[0m
[0;32m2025-09-23 20:27:49 - Copied: template-smart-garden.ts[0m
[0;32m2025-09-23 20:27:49 - Copied: template-social-entrepreneurship.ts[0m
[0;32m2025-09-23 20:27:49 - Copied: template-social-media-management.ts[0m
[0;32m2025-09-23 20:27:49 - Copied: template-spiritual-awakening.ts[0m
[0;32m2025-09-23 20:27:49 - Copied: template-spiritual-growth.ts[0m
[0;32m2025-09-23 20:27:49 - Copied: template-sports-team.ts[0m
[0;32m2025-09-23 20:27:49 - Copied: template-stock-trading.ts[0m
[0;32m2025-09-23 20:27:49 - Copied: template-stress-management.ts[0m
[0;32m2025-09-23 20:27:49 - Copied: template-student-loan-strategy.ts[0m
[0;32m2025-09-23 20:27:49 - Copied: template-study-abroad-planning.ts[0m
[0;32m2025-09-23 20:27:49 - Copied: template-sustainable-living.ts[0m
[0;32m2025-09-23 20:27:49 - Copied: template-tech-startup-guide.ts[0m
[0;32m2025-09-23 20:27:49 - Copied: template-technology-digital.ts[0m
[0;32m2025-09-23 20:27:49 - Copied: template-teenage-parenting.ts[0m
[0;32m2025-09-23 20:27:49 - Copied: template-test-template.ts[0m
[0;32m2025-09-23 20:27:49 - Copied: template-transportation-planning.ts[0m
[0;32m2025-09-23 20:27:49 - Copied: template-urban-gardening.ts[0m
[0;32m2025-09-23 20:27:49 - Copied: template-weight-loss.ts[0m
[0;32m2025-09-23 20:27:49 - Copied: template-wine-collection.ts[0m
[0;32m2025-09-23 20:27:49 - Copied: template-workforce-reentry.ts[0m
[0;32m2025-09-23 20:27:49 - Copied: template-yoga-practice.ts[0m
[0;32m2025-09-23 20:27:50 - Copied: template-youtube-channel.ts[0m
[0;32m2025-09-23 20:27:50 - Template file copy complete![0m
[0;32m2025-09-23 20:27:50 - Total worktrees: 177[0m
[0;32m2025-09-23 20:27:50 - Files copied: 177[0m
[1;33m2025-09-23 20:27:50 - Files missing: 0[0m
[0;34m2025-09-23 20:27:50 - Template files now in main repo:[0m
[0;32m2025-09-23 20:27:50 - Template consolidation complete![0m
